[2022-05-23 17:10:14,271] {processor.py:153} INFO - Started process (PID=82) to work on /home/airflow/.local/lib/python3.7/site-packages/airflow/example_dags/example_branch_day_of_week_operator.py
[2022-05-23 17:10:14,272] {processor.py:641} INFO - Processing file /home/airflow/.local/lib/python3.7/site-packages/airflow/example_dags/example_branch_day_of_week_operator.py for tasks to queue
[2022-05-23 17:10:14,272] {logging_mixin.py:115} INFO - [2022-05-23 17:10:14,272] {dagbag.py:507} INFO - Filling up the DagBag from /home/airflow/.local/lib/python3.7/site-packages/airflow/example_dags/example_branch_day_of_week_operator.py
[2022-05-23 17:10:14,639] {processor.py:651} INFO - DAG(s) dict_keys(['example_weekday_branch_operator']) retrieved from /home/airflow/.local/lib/python3.7/site-packages/airflow/example_dags/example_branch_day_of_week_operator.py
[2022-05-23 17:10:15,155] {logging_mixin.py:115} INFO - [2022-05-23 17:10:15,155] {manager.py:508} INFO - Created Permission View: can read on DAG:example_weekday_branch_operator
[2022-05-23 17:10:15,332] {logging_mixin.py:115} INFO - [2022-05-23 17:10:15,332] {manager.py:508} INFO - Created Permission View: can edit on DAG:example_weekday_branch_operator
[2022-05-23 17:10:15,756] {logging_mixin.py:115} INFO - [2022-05-23 17:10:15,756] {manager.py:508} INFO - Created Permission View: can delete on DAG:example_weekday_branch_operator
[2022-05-23 17:10:15,756] {logging_mixin.py:115} INFO - [2022-05-23 17:10:15,756] {dag.py:2371} INFO - Sync 1 DAGs
[2022-05-23 17:10:15,770] {logging_mixin.py:115} INFO - [2022-05-23 17:10:15,770] {dag.py:2390} INFO - Creating ORM DAG for example_weekday_branch_operator
[2022-05-23 17:10:15,789] {logging_mixin.py:115} INFO - [2022-05-23 17:10:15,789] {dag.py:2919} INFO - Setting next_dagrun for example_weekday_branch_operator to 2022-05-22T00:00:00+00:00, run_after=2022-05-23T00:00:00+00:00
[2022-05-23 17:10:16,922] {processor.py:161} INFO - Processing /home/airflow/.local/lib/python3.7/site-packages/airflow/example_dags/example_branch_day_of_week_operator.py took 2.654 seconds
[2022-05-23 17:10:47,115] {processor.py:153} INFO - Started process (PID=143) to work on /home/airflow/.local/lib/python3.7/site-packages/airflow/example_dags/example_branch_day_of_week_operator.py
[2022-05-23 17:10:47,118] {processor.py:641} INFO - Processing file /home/airflow/.local/lib/python3.7/site-packages/airflow/example_dags/example_branch_day_of_week_operator.py for tasks to queue
[2022-05-23 17:10:47,119] {logging_mixin.py:115} INFO - [2022-05-23 17:10:47,119] {dagbag.py:507} INFO - Filling up the DagBag from /home/airflow/.local/lib/python3.7/site-packages/airflow/example_dags/example_branch_day_of_week_operator.py
[2022-05-23 17:10:47,132] {processor.py:651} INFO - DAG(s) dict_keys(['example_weekday_branch_operator']) retrieved from /home/airflow/.local/lib/python3.7/site-packages/airflow/example_dags/example_branch_day_of_week_operator.py
[2022-05-23 17:10:47,161] {logging_mixin.py:115} INFO - [2022-05-23 17:10:47,161] {dag.py:2371} INFO - Sync 1 DAGs
[2022-05-23 17:10:47,193] {logging_mixin.py:115} INFO - [2022-05-23 17:10:47,192] {dag.py:2919} INFO - Setting next_dagrun for example_weekday_branch_operator to 2022-05-22T00:00:00+00:00, run_after=2022-05-23T00:00:00+00:00
[2022-05-23 17:10:47,379] {processor.py:161} INFO - Processing /home/airflow/.local/lib/python3.7/site-packages/airflow/example_dags/example_branch_day_of_week_operator.py took 0.272 seconds
[2022-05-23 17:11:17,556] {processor.py:153} INFO - Started process (PID=194) to work on /home/airflow/.local/lib/python3.7/site-packages/airflow/example_dags/example_branch_day_of_week_operator.py
[2022-05-23 17:11:17,556] {processor.py:641} INFO - Processing file /home/airflow/.local/lib/python3.7/site-packages/airflow/example_dags/example_branch_day_of_week_operator.py for tasks to queue
[2022-05-23 17:11:17,557] {logging_mixin.py:115} INFO - [2022-05-23 17:11:17,557] {dagbag.py:507} INFO - Filling up the DagBag from /home/airflow/.local/lib/python3.7/site-packages/airflow/example_dags/example_branch_day_of_week_operator.py
[2022-05-23 17:11:17,566] {processor.py:651} INFO - DAG(s) dict_keys(['example_weekday_branch_operator']) retrieved from /home/airflow/.local/lib/python3.7/site-packages/airflow/example_dags/example_branch_day_of_week_operator.py
[2022-05-23 17:11:17,593] {logging_mixin.py:115} INFO - [2022-05-23 17:11:17,593] {dag.py:2371} INFO - Sync 1 DAGs
[2022-05-23 17:11:17,623] {logging_mixin.py:115} INFO - [2022-05-23 17:11:17,623] {dag.py:2919} INFO - Setting next_dagrun for example_weekday_branch_operator to 2022-05-22T00:00:00+00:00, run_after=2022-05-23T00:00:00+00:00
[2022-05-23 17:11:17,797] {processor.py:161} INFO - Processing /home/airflow/.local/lib/python3.7/site-packages/airflow/example_dags/example_branch_day_of_week_operator.py took 0.244 seconds
[2022-05-23 17:11:47,995] {processor.py:153} INFO - Started process (PID=246) to work on /home/airflow/.local/lib/python3.7/site-packages/airflow/example_dags/example_branch_day_of_week_operator.py
[2022-05-23 17:11:47,995] {processor.py:641} INFO - Processing file /home/airflow/.local/lib/python3.7/site-packages/airflow/example_dags/example_branch_day_of_week_operator.py for tasks to queue
[2022-05-23 17:11:47,996] {logging_mixin.py:115} INFO - [2022-05-23 17:11:47,996] {dagbag.py:507} INFO - Filling up the DagBag from /home/airflow/.local/lib/python3.7/site-packages/airflow/example_dags/example_branch_day_of_week_operator.py
[2022-05-23 17:11:48,005] {processor.py:651} INFO - DAG(s) dict_keys(['example_weekday_branch_operator']) retrieved from /home/airflow/.local/lib/python3.7/site-packages/airflow/example_dags/example_branch_day_of_week_operator.py
[2022-05-23 17:11:48,034] {logging_mixin.py:115} INFO - [2022-05-23 17:11:48,034] {dag.py:2371} INFO - Sync 1 DAGs
[2022-05-23 17:11:48,066] {logging_mixin.py:115} INFO - [2022-05-23 17:11:48,066] {dag.py:2919} INFO - Setting next_dagrun for example_weekday_branch_operator to 2022-05-22T00:00:00+00:00, run_after=2022-05-23T00:00:00+00:00
[2022-05-23 17:11:48,328] {processor.py:161} INFO - Processing /home/airflow/.local/lib/python3.7/site-packages/airflow/example_dags/example_branch_day_of_week_operator.py took 0.337 seconds
[2022-05-23 17:28:26,764] {processor.py:153} INFO - Started process (PID=73) to work on /home/airflow/.local/lib/python3.7/site-packages/airflow/example_dags/example_branch_day_of_week_operator.py
[2022-05-23 17:28:26,902] {processor.py:641} INFO - Processing file /home/airflow/.local/lib/python3.7/site-packages/airflow/example_dags/example_branch_day_of_week_operator.py for tasks to queue
[2022-05-23 17:28:26,904] {logging_mixin.py:115} INFO - [2022-05-23 17:28:26,904] {dagbag.py:507} INFO - Filling up the DagBag from /home/airflow/.local/lib/python3.7/site-packages/airflow/example_dags/example_branch_day_of_week_operator.py
[2022-05-23 17:28:27,405] {processor.py:651} INFO - DAG(s) dict_keys(['example_weekday_branch_operator']) retrieved from /home/airflow/.local/lib/python3.7/site-packages/airflow/example_dags/example_branch_day_of_week_operator.py
[2022-05-23 17:28:27,452] {logging_mixin.py:115} INFO - [2022-05-23 17:28:27,452] {dag.py:2371} INFO - Sync 1 DAGs
[2022-05-23 17:28:27,524] {logging_mixin.py:115} INFO - [2022-05-23 17:28:27,524] {dag.py:2919} INFO - Setting next_dagrun for example_weekday_branch_operator to 2022-05-22T00:00:00+00:00, run_after=2022-05-23T00:00:00+00:00
[2022-05-23 17:28:28,388] {processor.py:161} INFO - Processing /home/airflow/.local/lib/python3.7/site-packages/airflow/example_dags/example_branch_day_of_week_operator.py took 1.629 seconds
[2022-05-23 17:28:59,279] {processor.py:153} INFO - Started process (PID=127) to work on /home/airflow/.local/lib/python3.7/site-packages/airflow/example_dags/example_branch_day_of_week_operator.py
[2022-05-23 17:28:59,280] {processor.py:641} INFO - Processing file /home/airflow/.local/lib/python3.7/site-packages/airflow/example_dags/example_branch_day_of_week_operator.py for tasks to queue
[2022-05-23 17:28:59,282] {logging_mixin.py:115} INFO - [2022-05-23 17:28:59,282] {dagbag.py:507} INFO - Filling up the DagBag from /home/airflow/.local/lib/python3.7/site-packages/airflow/example_dags/example_branch_day_of_week_operator.py
[2022-05-23 17:28:59,293] {processor.py:651} INFO - DAG(s) dict_keys(['example_weekday_branch_operator']) retrieved from /home/airflow/.local/lib/python3.7/site-packages/airflow/example_dags/example_branch_day_of_week_operator.py
[2022-05-23 17:28:59,323] {logging_mixin.py:115} INFO - [2022-05-23 17:28:59,323] {dag.py:2371} INFO - Sync 1 DAGs
[2022-05-23 17:28:59,354] {logging_mixin.py:115} INFO - [2022-05-23 17:28:59,353] {dag.py:2919} INFO - Setting next_dagrun for example_weekday_branch_operator to 2022-05-22T00:00:00+00:00, run_after=2022-05-23T00:00:00+00:00
[2022-05-23 17:29:00,436] {processor.py:161} INFO - Processing /home/airflow/.local/lib/python3.7/site-packages/airflow/example_dags/example_branch_day_of_week_operator.py took 1.169 seconds
[2022-05-23 17:29:30,732] {processor.py:153} INFO - Started process (PID=190) to work on /home/airflow/.local/lib/python3.7/site-packages/airflow/example_dags/example_branch_day_of_week_operator.py
[2022-05-23 17:29:30,750] {processor.py:641} INFO - Processing file /home/airflow/.local/lib/python3.7/site-packages/airflow/example_dags/example_branch_day_of_week_operator.py for tasks to queue
[2022-05-23 17:29:30,750] {logging_mixin.py:115} INFO - [2022-05-23 17:29:30,750] {dagbag.py:507} INFO - Filling up the DagBag from /home/airflow/.local/lib/python3.7/site-packages/airflow/example_dags/example_branch_day_of_week_operator.py
[2022-05-23 17:29:30,760] {processor.py:651} INFO - DAG(s) dict_keys(['example_weekday_branch_operator']) retrieved from /home/airflow/.local/lib/python3.7/site-packages/airflow/example_dags/example_branch_day_of_week_operator.py
[2022-05-23 17:29:30,786] {logging_mixin.py:115} INFO - [2022-05-23 17:29:30,786] {dag.py:2371} INFO - Sync 1 DAGs
[2022-05-23 17:29:30,817] {logging_mixin.py:115} INFO - [2022-05-23 17:29:30,816] {dag.py:2919} INFO - Setting next_dagrun for example_weekday_branch_operator to 2022-05-22T00:00:00+00:00, run_after=2022-05-23T00:00:00+00:00
[2022-05-23 17:29:31,103] {processor.py:161} INFO - Processing /home/airflow/.local/lib/python3.7/site-packages/airflow/example_dags/example_branch_day_of_week_operator.py took 0.374 seconds
[2022-05-23 17:30:01,178] {processor.py:153} INFO - Started process (PID=245) to work on /home/airflow/.local/lib/python3.7/site-packages/airflow/example_dags/example_branch_day_of_week_operator.py
[2022-05-23 17:30:01,180] {processor.py:641} INFO - Processing file /home/airflow/.local/lib/python3.7/site-packages/airflow/example_dags/example_branch_day_of_week_operator.py for tasks to queue
[2022-05-23 17:30:01,181] {logging_mixin.py:115} INFO - [2022-05-23 17:30:01,181] {dagbag.py:507} INFO - Filling up the DagBag from /home/airflow/.local/lib/python3.7/site-packages/airflow/example_dags/example_branch_day_of_week_operator.py
[2022-05-23 17:30:01,198] {processor.py:651} INFO - DAG(s) dict_keys(['example_weekday_branch_operator']) retrieved from /home/airflow/.local/lib/python3.7/site-packages/airflow/example_dags/example_branch_day_of_week_operator.py
[2022-05-23 17:30:01,251] {logging_mixin.py:115} INFO - [2022-05-23 17:30:01,251] {dag.py:2371} INFO - Sync 1 DAGs
[2022-05-23 17:30:01,280] {logging_mixin.py:115} INFO - [2022-05-23 17:30:01,280] {dag.py:2919} INFO - Setting next_dagrun for example_weekday_branch_operator to 2022-05-22T00:00:00+00:00, run_after=2022-05-23T00:00:00+00:00
[2022-05-23 17:30:02,769] {processor.py:161} INFO - Processing /home/airflow/.local/lib/python3.7/site-packages/airflow/example_dags/example_branch_day_of_week_operator.py took 1.600 seconds
[2022-05-23 17:30:33,027] {processor.py:153} INFO - Started process (PID=307) to work on /home/airflow/.local/lib/python3.7/site-packages/airflow/example_dags/example_branch_day_of_week_operator.py
[2022-05-23 17:30:33,028] {processor.py:641} INFO - Processing file /home/airflow/.local/lib/python3.7/site-packages/airflow/example_dags/example_branch_day_of_week_operator.py for tasks to queue
[2022-05-23 17:30:33,029] {logging_mixin.py:115} INFO - [2022-05-23 17:30:33,029] {dagbag.py:507} INFO - Filling up the DagBag from /home/airflow/.local/lib/python3.7/site-packages/airflow/example_dags/example_branch_day_of_week_operator.py
[2022-05-23 17:30:33,042] {processor.py:651} INFO - DAG(s) dict_keys(['example_weekday_branch_operator']) retrieved from /home/airflow/.local/lib/python3.7/site-packages/airflow/example_dags/example_branch_day_of_week_operator.py
[2022-05-23 17:30:33,072] {logging_mixin.py:115} INFO - [2022-05-23 17:30:33,072] {dag.py:2371} INFO - Sync 1 DAGs
[2022-05-23 17:30:33,103] {logging_mixin.py:115} INFO - [2022-05-23 17:30:33,103] {dag.py:2919} INFO - Setting next_dagrun for example_weekday_branch_operator to 2022-05-22T00:00:00+00:00, run_after=2022-05-23T00:00:00+00:00
[2022-05-23 17:30:33,502] {processor.py:161} INFO - Processing /home/airflow/.local/lib/python3.7/site-packages/airflow/example_dags/example_branch_day_of_week_operator.py took 0.487 seconds
[2022-05-23 17:31:04,155] {processor.py:153} INFO - Started process (PID=362) to work on /home/airflow/.local/lib/python3.7/site-packages/airflow/example_dags/example_branch_day_of_week_operator.py
[2022-05-23 17:31:04,270] {processor.py:641} INFO - Processing file /home/airflow/.local/lib/python3.7/site-packages/airflow/example_dags/example_branch_day_of_week_operator.py for tasks to queue
[2022-05-23 17:31:04,272] {logging_mixin.py:115} INFO - [2022-05-23 17:31:04,272] {dagbag.py:507} INFO - Filling up the DagBag from /home/airflow/.local/lib/python3.7/site-packages/airflow/example_dags/example_branch_day_of_week_operator.py
[2022-05-23 17:31:04,295] {processor.py:651} INFO - DAG(s) dict_keys(['example_weekday_branch_operator']) retrieved from /home/airflow/.local/lib/python3.7/site-packages/airflow/example_dags/example_branch_day_of_week_operator.py
[2022-05-23 17:31:04,335] {logging_mixin.py:115} INFO - [2022-05-23 17:31:04,335] {dag.py:2371} INFO - Sync 1 DAGs
[2022-05-23 17:31:04,366] {logging_mixin.py:115} INFO - [2022-05-23 17:31:04,365] {dag.py:2919} INFO - Setting next_dagrun for example_weekday_branch_operator to 2022-05-22T00:00:00+00:00, run_after=2022-05-23T00:00:00+00:00
[2022-05-23 17:31:04,886] {processor.py:161} INFO - Processing /home/airflow/.local/lib/python3.7/site-packages/airflow/example_dags/example_branch_day_of_week_operator.py took 0.735 seconds
[2022-05-23 17:31:35,500] {processor.py:153} INFO - Started process (PID=424) to work on /home/airflow/.local/lib/python3.7/site-packages/airflow/example_dags/example_branch_day_of_week_operator.py
[2022-05-23 17:31:35,628] {processor.py:641} INFO - Processing file /home/airflow/.local/lib/python3.7/site-packages/airflow/example_dags/example_branch_day_of_week_operator.py for tasks to queue
[2022-05-23 17:31:35,630] {logging_mixin.py:115} INFO - [2022-05-23 17:31:35,630] {dagbag.py:507} INFO - Filling up the DagBag from /home/airflow/.local/lib/python3.7/site-packages/airflow/example_dags/example_branch_day_of_week_operator.py
[2022-05-23 17:31:35,643] {processor.py:651} INFO - DAG(s) dict_keys(['example_weekday_branch_operator']) retrieved from /home/airflow/.local/lib/python3.7/site-packages/airflow/example_dags/example_branch_day_of_week_operator.py
[2022-05-23 17:31:35,680] {logging_mixin.py:115} INFO - [2022-05-23 17:31:35,680] {dag.py:2371} INFO - Sync 1 DAGs
[2022-05-23 17:31:35,721] {logging_mixin.py:115} INFO - [2022-05-23 17:31:35,721] {dag.py:2919} INFO - Setting next_dagrun for example_weekday_branch_operator to 2022-05-22T00:00:00+00:00, run_after=2022-05-23T00:00:00+00:00
[2022-05-23 17:31:36,434] {processor.py:161} INFO - Processing /home/airflow/.local/lib/python3.7/site-packages/airflow/example_dags/example_branch_day_of_week_operator.py took 0.938 seconds
[2022-05-23 17:32:06,777] {processor.py:153} INFO - Started process (PID=478) to work on /home/airflow/.local/lib/python3.7/site-packages/airflow/example_dags/example_branch_day_of_week_operator.py
[2022-05-23 17:32:06,777] {processor.py:641} INFO - Processing file /home/airflow/.local/lib/python3.7/site-packages/airflow/example_dags/example_branch_day_of_week_operator.py for tasks to queue
[2022-05-23 17:32:06,778] {logging_mixin.py:115} INFO - [2022-05-23 17:32:06,778] {dagbag.py:507} INFO - Filling up the DagBag from /home/airflow/.local/lib/python3.7/site-packages/airflow/example_dags/example_branch_day_of_week_operator.py
[2022-05-23 17:32:06,788] {processor.py:651} INFO - DAG(s) dict_keys(['example_weekday_branch_operator']) retrieved from /home/airflow/.local/lib/python3.7/site-packages/airflow/example_dags/example_branch_day_of_week_operator.py
[2022-05-23 17:32:06,820] {logging_mixin.py:115} INFO - [2022-05-23 17:32:06,820] {dag.py:2371} INFO - Sync 1 DAGs
[2022-05-23 17:32:06,850] {logging_mixin.py:115} INFO - [2022-05-23 17:32:06,850] {dag.py:2919} INFO - Setting next_dagrun for example_weekday_branch_operator to 2022-05-22T00:00:00+00:00, run_after=2022-05-23T00:00:00+00:00
[2022-05-23 17:32:07,256] {processor.py:161} INFO - Processing /home/airflow/.local/lib/python3.7/site-packages/airflow/example_dags/example_branch_day_of_week_operator.py took 0.486 seconds
[2022-05-23 17:32:37,856] {processor.py:153} INFO - Started process (PID=532) to work on /home/airflow/.local/lib/python3.7/site-packages/airflow/example_dags/example_branch_day_of_week_operator.py
[2022-05-23 17:32:37,856] {processor.py:641} INFO - Processing file /home/airflow/.local/lib/python3.7/site-packages/airflow/example_dags/example_branch_day_of_week_operator.py for tasks to queue
[2022-05-23 17:32:37,857] {logging_mixin.py:115} INFO - [2022-05-23 17:32:37,857] {dagbag.py:507} INFO - Filling up the DagBag from /home/airflow/.local/lib/python3.7/site-packages/airflow/example_dags/example_branch_day_of_week_operator.py
[2022-05-23 17:32:37,867] {processor.py:651} INFO - DAG(s) dict_keys(['example_weekday_branch_operator']) retrieved from /home/airflow/.local/lib/python3.7/site-packages/airflow/example_dags/example_branch_day_of_week_operator.py
[2022-05-23 17:32:37,898] {logging_mixin.py:115} INFO - [2022-05-23 17:32:37,898] {dag.py:2371} INFO - Sync 1 DAGs
[2022-05-23 17:32:37,935] {logging_mixin.py:115} INFO - [2022-05-23 17:32:37,935] {dag.py:2919} INFO - Setting next_dagrun for example_weekday_branch_operator to 2022-05-22T00:00:00+00:00, run_after=2022-05-23T00:00:00+00:00
[2022-05-23 17:32:38,455] {processor.py:161} INFO - Processing /home/airflow/.local/lib/python3.7/site-packages/airflow/example_dags/example_branch_day_of_week_operator.py took 0.604 seconds
[2022-05-23 17:33:08,862] {processor.py:153} INFO - Started process (PID=595) to work on /home/airflow/.local/lib/python3.7/site-packages/airflow/example_dags/example_branch_day_of_week_operator.py
[2022-05-23 17:33:08,863] {processor.py:641} INFO - Processing file /home/airflow/.local/lib/python3.7/site-packages/airflow/example_dags/example_branch_day_of_week_operator.py for tasks to queue
[2022-05-23 17:33:08,863] {logging_mixin.py:115} INFO - [2022-05-23 17:33:08,863] {dagbag.py:507} INFO - Filling up the DagBag from /home/airflow/.local/lib/python3.7/site-packages/airflow/example_dags/example_branch_day_of_week_operator.py
[2022-05-23 17:33:08,872] {processor.py:651} INFO - DAG(s) dict_keys(['example_weekday_branch_operator']) retrieved from /home/airflow/.local/lib/python3.7/site-packages/airflow/example_dags/example_branch_day_of_week_operator.py
[2022-05-23 17:33:08,903] {logging_mixin.py:115} INFO - [2022-05-23 17:33:08,903] {dag.py:2371} INFO - Sync 1 DAGs
[2022-05-23 17:33:08,937] {logging_mixin.py:115} INFO - [2022-05-23 17:33:08,936] {dag.py:2919} INFO - Setting next_dagrun for example_weekday_branch_operator to 2022-05-22T00:00:00+00:00, run_after=2022-05-23T00:00:00+00:00
[2022-05-23 17:33:09,287] {processor.py:161} INFO - Processing /home/airflow/.local/lib/python3.7/site-packages/airflow/example_dags/example_branch_day_of_week_operator.py took 0.428 seconds
[2022-05-23 17:33:40,883] {processor.py:153} INFO - Started process (PID=660) to work on /home/airflow/.local/lib/python3.7/site-packages/airflow/example_dags/example_branch_day_of_week_operator.py
[2022-05-23 17:33:40,986] {processor.py:641} INFO - Processing file /home/airflow/.local/lib/python3.7/site-packages/airflow/example_dags/example_branch_day_of_week_operator.py for tasks to queue
[2022-05-23 17:33:40,986] {logging_mixin.py:115} INFO - [2022-05-23 17:33:40,986] {dagbag.py:507} INFO - Filling up the DagBag from /home/airflow/.local/lib/python3.7/site-packages/airflow/example_dags/example_branch_day_of_week_operator.py
[2022-05-23 17:33:40,999] {processor.py:651} INFO - DAG(s) dict_keys(['example_weekday_branch_operator']) retrieved from /home/airflow/.local/lib/python3.7/site-packages/airflow/example_dags/example_branch_day_of_week_operator.py
[2022-05-23 17:33:41,047] {logging_mixin.py:115} INFO - [2022-05-23 17:33:41,047] {dag.py:2371} INFO - Sync 1 DAGs
[2022-05-23 17:33:41,273] {logging_mixin.py:115} INFO - [2022-05-23 17:33:41,273] {dag.py:2919} INFO - Setting next_dagrun for example_weekday_branch_operator to 2022-05-22T00:00:00+00:00, run_after=2022-05-23T00:00:00+00:00
[2022-05-23 17:33:41,545] {processor.py:161} INFO - Processing /home/airflow/.local/lib/python3.7/site-packages/airflow/example_dags/example_branch_day_of_week_operator.py took 0.667 seconds
[2022-05-23 17:34:12,126] {processor.py:153} INFO - Started process (PID=714) to work on /home/airflow/.local/lib/python3.7/site-packages/airflow/example_dags/example_branch_day_of_week_operator.py
[2022-05-23 17:34:12,223] {processor.py:641} INFO - Processing file /home/airflow/.local/lib/python3.7/site-packages/airflow/example_dags/example_branch_day_of_week_operator.py for tasks to queue
[2022-05-23 17:34:12,225] {logging_mixin.py:115} INFO - [2022-05-23 17:34:12,225] {dagbag.py:507} INFO - Filling up the DagBag from /home/airflow/.local/lib/python3.7/site-packages/airflow/example_dags/example_branch_day_of_week_operator.py
[2022-05-23 17:34:12,248] {processor.py:651} INFO - DAG(s) dict_keys(['example_weekday_branch_operator']) retrieved from /home/airflow/.local/lib/python3.7/site-packages/airflow/example_dags/example_branch_day_of_week_operator.py
[2022-05-23 17:34:12,286] {logging_mixin.py:115} INFO - [2022-05-23 17:34:12,286] {dag.py:2371} INFO - Sync 1 DAGs
[2022-05-23 17:34:12,433] {logging_mixin.py:115} INFO - [2022-05-23 17:34:12,433] {dag.py:2919} INFO - Setting next_dagrun for example_weekday_branch_operator to 2022-05-22T00:00:00+00:00, run_after=2022-05-23T00:00:00+00:00
[2022-05-23 17:34:12,648] {processor.py:161} INFO - Processing /home/airflow/.local/lib/python3.7/site-packages/airflow/example_dags/example_branch_day_of_week_operator.py took 0.526 seconds
[2022-05-23 17:34:43,670] {processor.py:153} INFO - Started process (PID=771) to work on /home/airflow/.local/lib/python3.7/site-packages/airflow/example_dags/example_branch_day_of_week_operator.py
[2022-05-23 17:34:43,671] {processor.py:641} INFO - Processing file /home/airflow/.local/lib/python3.7/site-packages/airflow/example_dags/example_branch_day_of_week_operator.py for tasks to queue
[2022-05-23 17:34:43,673] {logging_mixin.py:115} INFO - [2022-05-23 17:34:43,673] {dagbag.py:507} INFO - Filling up the DagBag from /home/airflow/.local/lib/python3.7/site-packages/airflow/example_dags/example_branch_day_of_week_operator.py
[2022-05-23 17:34:43,692] {processor.py:651} INFO - DAG(s) dict_keys(['example_weekday_branch_operator']) retrieved from /home/airflow/.local/lib/python3.7/site-packages/airflow/example_dags/example_branch_day_of_week_operator.py
[2022-05-23 17:34:43,723] {logging_mixin.py:115} INFO - [2022-05-23 17:34:43,723] {dag.py:2371} INFO - Sync 1 DAGs
[2022-05-23 17:34:43,877] {logging_mixin.py:115} INFO - [2022-05-23 17:34:43,876] {dag.py:2919} INFO - Setting next_dagrun for example_weekday_branch_operator to 2022-05-22T00:00:00+00:00, run_after=2022-05-23T00:00:00+00:00
[2022-05-23 17:34:43,908] {processor.py:161} INFO - Processing /home/airflow/.local/lib/python3.7/site-packages/airflow/example_dags/example_branch_day_of_week_operator.py took 0.248 seconds
[2022-05-23 17:35:14,342] {processor.py:153} INFO - Started process (PID=836) to work on /home/airflow/.local/lib/python3.7/site-packages/airflow/example_dags/example_branch_day_of_week_operator.py
[2022-05-23 17:35:14,342] {processor.py:641} INFO - Processing file /home/airflow/.local/lib/python3.7/site-packages/airflow/example_dags/example_branch_day_of_week_operator.py for tasks to queue
[2022-05-23 17:35:14,343] {logging_mixin.py:115} INFO - [2022-05-23 17:35:14,343] {dagbag.py:507} INFO - Filling up the DagBag from /home/airflow/.local/lib/python3.7/site-packages/airflow/example_dags/example_branch_day_of_week_operator.py
[2022-05-23 17:35:14,351] {processor.py:651} INFO - DAG(s) dict_keys(['example_weekday_branch_operator']) retrieved from /home/airflow/.local/lib/python3.7/site-packages/airflow/example_dags/example_branch_day_of_week_operator.py
[2022-05-23 17:35:14,377] {logging_mixin.py:115} INFO - [2022-05-23 17:35:14,377] {dag.py:2371} INFO - Sync 1 DAGs
[2022-05-23 17:35:14,520] {logging_mixin.py:115} INFO - [2022-05-23 17:35:14,520] {dag.py:2919} INFO - Setting next_dagrun for example_weekday_branch_operator to 2022-05-22T00:00:00+00:00, run_after=2022-05-23T00:00:00+00:00
[2022-05-23 17:35:14,773] {processor.py:161} INFO - Processing /home/airflow/.local/lib/python3.7/site-packages/airflow/example_dags/example_branch_day_of_week_operator.py took 0.435 seconds
[2022-05-23 17:35:44,875] {processor.py:153} INFO - Started process (PID=890) to work on /home/airflow/.local/lib/python3.7/site-packages/airflow/example_dags/example_branch_day_of_week_operator.py
[2022-05-23 17:35:44,875] {processor.py:641} INFO - Processing file /home/airflow/.local/lib/python3.7/site-packages/airflow/example_dags/example_branch_day_of_week_operator.py for tasks to queue
[2022-05-23 17:35:44,876] {logging_mixin.py:115} INFO - [2022-05-23 17:35:44,876] {dagbag.py:507} INFO - Filling up the DagBag from /home/airflow/.local/lib/python3.7/site-packages/airflow/example_dags/example_branch_day_of_week_operator.py
[2022-05-23 17:35:44,883] {processor.py:651} INFO - DAG(s) dict_keys(['example_weekday_branch_operator']) retrieved from /home/airflow/.local/lib/python3.7/site-packages/airflow/example_dags/example_branch_day_of_week_operator.py
[2022-05-23 17:35:44,908] {logging_mixin.py:115} INFO - [2022-05-23 17:35:44,908] {dag.py:2371} INFO - Sync 1 DAGs
[2022-05-23 17:35:45,043] {logging_mixin.py:115} INFO - [2022-05-23 17:35:45,042] {dag.py:2919} INFO - Setting next_dagrun for example_weekday_branch_operator to 2022-05-22T00:00:00+00:00, run_after=2022-05-23T00:00:00+00:00
[2022-05-23 17:35:45,070] {processor.py:161} INFO - Processing /home/airflow/.local/lib/python3.7/site-packages/airflow/example_dags/example_branch_day_of_week_operator.py took 0.197 seconds
[2022-05-23 17:36:15,741] {processor.py:153} INFO - Started process (PID=953) to work on /home/airflow/.local/lib/python3.7/site-packages/airflow/example_dags/example_branch_day_of_week_operator.py
[2022-05-23 17:36:15,742] {processor.py:641} INFO - Processing file /home/airflow/.local/lib/python3.7/site-packages/airflow/example_dags/example_branch_day_of_week_operator.py for tasks to queue
[2022-05-23 17:36:15,742] {logging_mixin.py:115} INFO - [2022-05-23 17:36:15,742] {dagbag.py:507} INFO - Filling up the DagBag from /home/airflow/.local/lib/python3.7/site-packages/airflow/example_dags/example_branch_day_of_week_operator.py
[2022-05-23 17:36:15,754] {processor.py:651} INFO - DAG(s) dict_keys(['example_weekday_branch_operator']) retrieved from /home/airflow/.local/lib/python3.7/site-packages/airflow/example_dags/example_branch_day_of_week_operator.py
[2022-05-23 17:36:15,785] {logging_mixin.py:115} INFO - [2022-05-23 17:36:15,785] {dag.py:2371} INFO - Sync 1 DAGs
[2022-05-23 17:36:15,935] {logging_mixin.py:115} INFO - [2022-05-23 17:36:15,935] {dag.py:2919} INFO - Setting next_dagrun for example_weekday_branch_operator to 2022-05-22T00:00:00+00:00, run_after=2022-05-23T00:00:00+00:00
[2022-05-23 17:36:17,004] {processor.py:161} INFO - Processing /home/airflow/.local/lib/python3.7/site-packages/airflow/example_dags/example_branch_day_of_week_operator.py took 1.269 seconds
[2022-05-23 17:36:48,175] {processor.py:153} INFO - Started process (PID=1006) to work on /home/airflow/.local/lib/python3.7/site-packages/airflow/example_dags/example_branch_day_of_week_operator.py
[2022-05-23 17:36:48,316] {processor.py:641} INFO - Processing file /home/airflow/.local/lib/python3.7/site-packages/airflow/example_dags/example_branch_day_of_week_operator.py for tasks to queue
[2022-05-23 17:36:48,317] {logging_mixin.py:115} INFO - [2022-05-23 17:36:48,316] {dagbag.py:507} INFO - Filling up the DagBag from /home/airflow/.local/lib/python3.7/site-packages/airflow/example_dags/example_branch_day_of_week_operator.py
[2022-05-23 17:36:48,326] {processor.py:651} INFO - DAG(s) dict_keys(['example_weekday_branch_operator']) retrieved from /home/airflow/.local/lib/python3.7/site-packages/airflow/example_dags/example_branch_day_of_week_operator.py
[2022-05-23 17:36:48,371] {logging_mixin.py:115} INFO - [2022-05-23 17:36:48,371] {dag.py:2371} INFO - Sync 1 DAGs
[2022-05-23 17:36:48,540] {logging_mixin.py:115} INFO - [2022-05-23 17:36:48,540] {dag.py:2919} INFO - Setting next_dagrun for example_weekday_branch_operator to 2022-05-22T00:00:00+00:00, run_after=2022-05-23T00:00:00+00:00
[2022-05-23 17:36:48,764] {processor.py:161} INFO - Processing /home/airflow/.local/lib/python3.7/site-packages/airflow/example_dags/example_branch_day_of_week_operator.py took 0.592 seconds
[2022-05-23 17:49:30,414] {processor.py:153} INFO - Started process (PID=74) to work on /home/airflow/.local/lib/python3.7/site-packages/airflow/example_dags/example_branch_day_of_week_operator.py
[2022-05-23 17:49:30,417] {processor.py:641} INFO - Processing file /home/airflow/.local/lib/python3.7/site-packages/airflow/example_dags/example_branch_day_of_week_operator.py for tasks to queue
[2022-05-23 17:49:30,419] {logging_mixin.py:115} INFO - [2022-05-23 17:49:30,418] {dagbag.py:507} INFO - Filling up the DagBag from /home/airflow/.local/lib/python3.7/site-packages/airflow/example_dags/example_branch_day_of_week_operator.py
[2022-05-23 17:49:30,458] {processor.py:651} INFO - DAG(s) dict_keys(['example_weekday_branch_operator']) retrieved from /home/airflow/.local/lib/python3.7/site-packages/airflow/example_dags/example_branch_day_of_week_operator.py
[2022-05-23 17:49:30,532] {logging_mixin.py:115} INFO - [2022-05-23 17:49:30,532] {dag.py:2371} INFO - Sync 1 DAGs
[2022-05-23 17:49:30,881] {logging_mixin.py:115} INFO - [2022-05-23 17:49:30,881] {dag.py:2919} INFO - Setting next_dagrun for example_weekday_branch_operator to 2022-05-22T00:00:00+00:00, run_after=2022-05-23T00:00:00+00:00
[2022-05-23 17:49:30,926] {processor.py:161} INFO - Processing /home/airflow/.local/lib/python3.7/site-packages/airflow/example_dags/example_branch_day_of_week_operator.py took 0.525 seconds
[2022-05-23 17:50:01,698] {processor.py:153} INFO - Started process (PID=128) to work on /home/airflow/.local/lib/python3.7/site-packages/airflow/example_dags/example_branch_day_of_week_operator.py
[2022-05-23 17:50:01,705] {processor.py:641} INFO - Processing file /home/airflow/.local/lib/python3.7/site-packages/airflow/example_dags/example_branch_day_of_week_operator.py for tasks to queue
[2022-05-23 17:50:01,705] {logging_mixin.py:115} INFO - [2022-05-23 17:50:01,705] {dagbag.py:507} INFO - Filling up the DagBag from /home/airflow/.local/lib/python3.7/site-packages/airflow/example_dags/example_branch_day_of_week_operator.py
[2022-05-23 17:50:01,718] {processor.py:651} INFO - DAG(s) dict_keys(['example_weekday_branch_operator']) retrieved from /home/airflow/.local/lib/python3.7/site-packages/airflow/example_dags/example_branch_day_of_week_operator.py
[2022-05-23 17:50:01,755] {logging_mixin.py:115} INFO - [2022-05-23 17:50:01,755] {dag.py:2371} INFO - Sync 1 DAGs
[2022-05-23 17:50:01,915] {logging_mixin.py:115} INFO - [2022-05-23 17:50:01,915] {dag.py:2919} INFO - Setting next_dagrun for example_weekday_branch_operator to 2022-05-22T00:00:00+00:00, run_after=2022-05-23T00:00:00+00:00
[2022-05-23 17:50:01,947] {processor.py:161} INFO - Processing /home/airflow/.local/lib/python3.7/site-packages/airflow/example_dags/example_branch_day_of_week_operator.py took 0.252 seconds
[2022-05-23 17:50:33,495] {processor.py:153} INFO - Started process (PID=191) to work on /home/airflow/.local/lib/python3.7/site-packages/airflow/example_dags/example_branch_day_of_week_operator.py
[2022-05-23 17:50:33,612] {processor.py:641} INFO - Processing file /home/airflow/.local/lib/python3.7/site-packages/airflow/example_dags/example_branch_day_of_week_operator.py for tasks to queue
[2022-05-23 17:50:33,612] {logging_mixin.py:115} INFO - [2022-05-23 17:50:33,612] {dagbag.py:507} INFO - Filling up the DagBag from /home/airflow/.local/lib/python3.7/site-packages/airflow/example_dags/example_branch_day_of_week_operator.py
[2022-05-23 17:50:33,625] {processor.py:651} INFO - DAG(s) dict_keys(['example_weekday_branch_operator']) retrieved from /home/airflow/.local/lib/python3.7/site-packages/airflow/example_dags/example_branch_day_of_week_operator.py
[2022-05-23 17:50:33,659] {logging_mixin.py:115} INFO - [2022-05-23 17:50:33,659] {dag.py:2371} INFO - Sync 1 DAGs
[2022-05-23 17:50:33,823] {logging_mixin.py:115} INFO - [2022-05-23 17:50:33,822] {dag.py:2919} INFO - Setting next_dagrun for example_weekday_branch_operator to 2022-05-22T00:00:00+00:00, run_after=2022-05-23T00:00:00+00:00
[2022-05-23 17:50:34,204] {processor.py:161} INFO - Processing /home/airflow/.local/lib/python3.7/site-packages/airflow/example_dags/example_branch_day_of_week_operator.py took 0.713 seconds
[2022-05-23 17:51:04,900] {processor.py:153} INFO - Started process (PID=245) to work on /home/airflow/.local/lib/python3.7/site-packages/airflow/example_dags/example_branch_day_of_week_operator.py
[2022-05-23 17:51:04,921] {processor.py:641} INFO - Processing file /home/airflow/.local/lib/python3.7/site-packages/airflow/example_dags/example_branch_day_of_week_operator.py for tasks to queue
[2022-05-23 17:51:04,923] {logging_mixin.py:115} INFO - [2022-05-23 17:51:04,923] {dagbag.py:507} INFO - Filling up the DagBag from /home/airflow/.local/lib/python3.7/site-packages/airflow/example_dags/example_branch_day_of_week_operator.py
[2022-05-23 17:51:04,937] {processor.py:651} INFO - DAG(s) dict_keys(['example_weekday_branch_operator']) retrieved from /home/airflow/.local/lib/python3.7/site-packages/airflow/example_dags/example_branch_day_of_week_operator.py
[2022-05-23 17:51:04,970] {logging_mixin.py:115} INFO - [2022-05-23 17:51:04,970] {dag.py:2371} INFO - Sync 1 DAGs
[2022-05-23 17:51:05,117] {logging_mixin.py:115} INFO - [2022-05-23 17:51:05,116] {dag.py:2919} INFO - Setting next_dagrun for example_weekday_branch_operator to 2022-05-22T00:00:00+00:00, run_after=2022-05-23T00:00:00+00:00
[2022-05-23 17:51:05,394] {processor.py:161} INFO - Processing /home/airflow/.local/lib/python3.7/site-packages/airflow/example_dags/example_branch_day_of_week_operator.py took 0.498 seconds
[2022-05-23 17:51:35,581] {processor.py:153} INFO - Started process (PID=299) to work on /home/airflow/.local/lib/python3.7/site-packages/airflow/example_dags/example_branch_day_of_week_operator.py
[2022-05-23 17:51:36,456] {processor.py:641} INFO - Processing file /home/airflow/.local/lib/python3.7/site-packages/airflow/example_dags/example_branch_day_of_week_operator.py for tasks to queue
[2022-05-23 17:51:36,458] {logging_mixin.py:115} INFO - [2022-05-23 17:51:36,457] {dagbag.py:507} INFO - Filling up the DagBag from /home/airflow/.local/lib/python3.7/site-packages/airflow/example_dags/example_branch_day_of_week_operator.py
[2022-05-23 17:51:36,465] {processor.py:651} INFO - DAG(s) dict_keys(['example_weekday_branch_operator']) retrieved from /home/airflow/.local/lib/python3.7/site-packages/airflow/example_dags/example_branch_day_of_week_operator.py
[2022-05-23 17:51:36,494] {logging_mixin.py:115} INFO - [2022-05-23 17:51:36,494] {dag.py:2371} INFO - Sync 1 DAGs
[2022-05-23 17:51:36,669] {logging_mixin.py:115} INFO - [2022-05-23 17:51:36,669] {dag.py:2919} INFO - Setting next_dagrun for example_weekday_branch_operator to 2022-05-22T00:00:00+00:00, run_after=2022-05-23T00:00:00+00:00
[2022-05-23 17:51:36,929] {processor.py:161} INFO - Processing /home/airflow/.local/lib/python3.7/site-packages/airflow/example_dags/example_branch_day_of_week_operator.py took 1.351 seconds
[2022-05-23 17:52:07,226] {processor.py:153} INFO - Started process (PID=361) to work on /home/airflow/.local/lib/python3.7/site-packages/airflow/example_dags/example_branch_day_of_week_operator.py
[2022-05-23 17:52:07,234] {processor.py:641} INFO - Processing file /home/airflow/.local/lib/python3.7/site-packages/airflow/example_dags/example_branch_day_of_week_operator.py for tasks to queue
[2022-05-23 17:52:07,235] {logging_mixin.py:115} INFO - [2022-05-23 17:52:07,235] {dagbag.py:507} INFO - Filling up the DagBag from /home/airflow/.local/lib/python3.7/site-packages/airflow/example_dags/example_branch_day_of_week_operator.py
[2022-05-23 17:52:07,243] {processor.py:651} INFO - DAG(s) dict_keys(['example_weekday_branch_operator']) retrieved from /home/airflow/.local/lib/python3.7/site-packages/airflow/example_dags/example_branch_day_of_week_operator.py
[2022-05-23 17:52:07,275] {logging_mixin.py:115} INFO - [2022-05-23 17:52:07,275] {dag.py:2371} INFO - Sync 1 DAGs
[2022-05-23 17:52:07,426] {logging_mixin.py:115} INFO - [2022-05-23 17:52:07,426] {dag.py:2919} INFO - Setting next_dagrun for example_weekday_branch_operator to 2022-05-22T00:00:00+00:00, run_after=2022-05-23T00:00:00+00:00
[2022-05-23 17:52:07,455] {processor.py:161} INFO - Processing /home/airflow/.local/lib/python3.7/site-packages/airflow/example_dags/example_branch_day_of_week_operator.py took 0.232 seconds
[2022-05-23 17:52:37,637] {processor.py:153} INFO - Started process (PID=415) to work on /home/airflow/.local/lib/python3.7/site-packages/airflow/example_dags/example_branch_day_of_week_operator.py
[2022-05-23 17:52:37,638] {processor.py:641} INFO - Processing file /home/airflow/.local/lib/python3.7/site-packages/airflow/example_dags/example_branch_day_of_week_operator.py for tasks to queue
[2022-05-23 17:52:37,639] {logging_mixin.py:115} INFO - [2022-05-23 17:52:37,639] {dagbag.py:507} INFO - Filling up the DagBag from /home/airflow/.local/lib/python3.7/site-packages/airflow/example_dags/example_branch_day_of_week_operator.py
[2022-05-23 17:52:37,647] {processor.py:651} INFO - DAG(s) dict_keys(['example_weekday_branch_operator']) retrieved from /home/airflow/.local/lib/python3.7/site-packages/airflow/example_dags/example_branch_day_of_week_operator.py
[2022-05-23 17:52:37,681] {logging_mixin.py:115} INFO - [2022-05-23 17:52:37,680] {dag.py:2371} INFO - Sync 1 DAGs
[2022-05-23 17:52:37,843] {logging_mixin.py:115} INFO - [2022-05-23 17:52:37,842] {dag.py:2919} INFO - Setting next_dagrun for example_weekday_branch_operator to 2022-05-22T00:00:00+00:00, run_after=2022-05-23T00:00:00+00:00
[2022-05-23 17:52:37,867] {processor.py:161} INFO - Processing /home/airflow/.local/lib/python3.7/site-packages/airflow/example_dags/example_branch_day_of_week_operator.py took 0.233 seconds
[2022-05-23 17:53:09,983] {processor.py:153} INFO - Started process (PID=477) to work on /home/airflow/.local/lib/python3.7/site-packages/airflow/example_dags/example_branch_day_of_week_operator.py
[2022-05-23 17:53:10,063] {processor.py:641} INFO - Processing file /home/airflow/.local/lib/python3.7/site-packages/airflow/example_dags/example_branch_day_of_week_operator.py for tasks to queue
[2022-05-23 17:53:10,064] {logging_mixin.py:115} INFO - [2022-05-23 17:53:10,064] {dagbag.py:507} INFO - Filling up the DagBag from /home/airflow/.local/lib/python3.7/site-packages/airflow/example_dags/example_branch_day_of_week_operator.py
[2022-05-23 17:53:10,072] {processor.py:651} INFO - DAG(s) dict_keys(['example_weekday_branch_operator']) retrieved from /home/airflow/.local/lib/python3.7/site-packages/airflow/example_dags/example_branch_day_of_week_operator.py
[2022-05-23 17:53:10,100] {logging_mixin.py:115} INFO - [2022-05-23 17:53:10,100] {dag.py:2371} INFO - Sync 1 DAGs
[2022-05-23 17:53:10,240] {logging_mixin.py:115} INFO - [2022-05-23 17:53:10,240] {dag.py:2919} INFO - Setting next_dagrun for example_weekday_branch_operator to 2022-05-22T00:00:00+00:00, run_after=2022-05-23T00:00:00+00:00
[2022-05-23 17:53:10,399] {processor.py:161} INFO - Processing /home/airflow/.local/lib/python3.7/site-packages/airflow/example_dags/example_branch_day_of_week_operator.py took 0.419 seconds
[2022-05-23 17:53:40,642] {processor.py:153} INFO - Started process (PID=530) to work on /home/airflow/.local/lib/python3.7/site-packages/airflow/example_dags/example_branch_day_of_week_operator.py
[2022-05-23 17:53:40,642] {processor.py:641} INFO - Processing file /home/airflow/.local/lib/python3.7/site-packages/airflow/example_dags/example_branch_day_of_week_operator.py for tasks to queue
[2022-05-23 17:53:40,643] {logging_mixin.py:115} INFO - [2022-05-23 17:53:40,643] {dagbag.py:507} INFO - Filling up the DagBag from /home/airflow/.local/lib/python3.7/site-packages/airflow/example_dags/example_branch_day_of_week_operator.py
[2022-05-23 17:53:40,650] {processor.py:651} INFO - DAG(s) dict_keys(['example_weekday_branch_operator']) retrieved from /home/airflow/.local/lib/python3.7/site-packages/airflow/example_dags/example_branch_day_of_week_operator.py
[2022-05-23 17:53:40,677] {logging_mixin.py:115} INFO - [2022-05-23 17:53:40,677] {dag.py:2371} INFO - Sync 1 DAGs
[2022-05-23 17:53:40,833] {logging_mixin.py:115} INFO - [2022-05-23 17:53:40,833] {dag.py:2919} INFO - Setting next_dagrun for example_weekday_branch_operator to 2022-05-22T00:00:00+00:00, run_after=2022-05-23T00:00:00+00:00
[2022-05-23 17:53:40,864] {processor.py:161} INFO - Processing /home/airflow/.local/lib/python3.7/site-packages/airflow/example_dags/example_branch_day_of_week_operator.py took 0.225 seconds
[2022-05-23 17:54:12,033] {processor.py:153} INFO - Started process (PID=584) to work on /home/airflow/.local/lib/python3.7/site-packages/airflow/example_dags/example_branch_day_of_week_operator.py
[2022-05-23 17:54:12,067] {processor.py:641} INFO - Processing file /home/airflow/.local/lib/python3.7/site-packages/airflow/example_dags/example_branch_day_of_week_operator.py for tasks to queue
[2022-05-23 17:54:12,067] {logging_mixin.py:115} INFO - [2022-05-23 17:54:12,067] {dagbag.py:507} INFO - Filling up the DagBag from /home/airflow/.local/lib/python3.7/site-packages/airflow/example_dags/example_branch_day_of_week_operator.py
[2022-05-23 17:54:12,077] {processor.py:651} INFO - DAG(s) dict_keys(['example_weekday_branch_operator']) retrieved from /home/airflow/.local/lib/python3.7/site-packages/airflow/example_dags/example_branch_day_of_week_operator.py
[2022-05-23 17:54:12,111] {logging_mixin.py:115} INFO - [2022-05-23 17:54:12,111] {dag.py:2371} INFO - Sync 1 DAGs
[2022-05-23 17:54:12,252] {logging_mixin.py:115} INFO - [2022-05-23 17:54:12,251] {dag.py:2919} INFO - Setting next_dagrun for example_weekday_branch_operator to 2022-05-22T00:00:00+00:00, run_after=2022-05-23T00:00:00+00:00
[2022-05-23 17:54:12,659] {processor.py:161} INFO - Processing /home/airflow/.local/lib/python3.7/site-packages/airflow/example_dags/example_branch_day_of_week_operator.py took 0.629 seconds
[2022-05-23 18:03:44,920] {processor.py:153} INFO - Started process (PID=74) to work on /home/airflow/.local/lib/python3.7/site-packages/airflow/example_dags/example_branch_day_of_week_operator.py
[2022-05-23 18:03:45,040] {processor.py:641} INFO - Processing file /home/airflow/.local/lib/python3.7/site-packages/airflow/example_dags/example_branch_day_of_week_operator.py for tasks to queue
[2022-05-23 18:03:45,040] {logging_mixin.py:115} INFO - [2022-05-23 18:03:45,040] {dagbag.py:507} INFO - Filling up the DagBag from /home/airflow/.local/lib/python3.7/site-packages/airflow/example_dags/example_branch_day_of_week_operator.py
[2022-05-23 18:03:45,349] {processor.py:651} INFO - DAG(s) dict_keys(['example_weekday_branch_operator']) retrieved from /home/airflow/.local/lib/python3.7/site-packages/airflow/example_dags/example_branch_day_of_week_operator.py
[2022-05-23 18:03:45,389] {logging_mixin.py:115} INFO - [2022-05-23 18:03:45,389] {dag.py:2371} INFO - Sync 1 DAGs
[2022-05-23 18:03:45,542] {logging_mixin.py:115} INFO - [2022-05-23 18:03:45,542] {dag.py:2919} INFO - Setting next_dagrun for example_weekday_branch_operator to 2022-05-22T00:00:00+00:00, run_after=2022-05-23T00:00:00+00:00
[2022-05-23 18:03:46,004] {processor.py:161} INFO - Processing /home/airflow/.local/lib/python3.7/site-packages/airflow/example_dags/example_branch_day_of_week_operator.py took 1.087 seconds
[2022-05-23 18:04:16,595] {processor.py:153} INFO - Started process (PID=129) to work on /home/airflow/.local/lib/python3.7/site-packages/airflow/example_dags/example_branch_day_of_week_operator.py
[2022-05-23 18:04:17,528] {processor.py:641} INFO - Processing file /home/airflow/.local/lib/python3.7/site-packages/airflow/example_dags/example_branch_day_of_week_operator.py for tasks to queue
[2022-05-23 18:04:17,542] {logging_mixin.py:115} INFO - [2022-05-23 18:04:17,541] {dagbag.py:507} INFO - Filling up the DagBag from /home/airflow/.local/lib/python3.7/site-packages/airflow/example_dags/example_branch_day_of_week_operator.py
[2022-05-23 18:04:17,605] {processor.py:651} INFO - DAG(s) dict_keys(['example_weekday_branch_operator']) retrieved from /home/airflow/.local/lib/python3.7/site-packages/airflow/example_dags/example_branch_day_of_week_operator.py
[2022-05-23 18:04:17,638] {logging_mixin.py:115} INFO - [2022-05-23 18:04:17,638] {dag.py:2371} INFO - Sync 1 DAGs
[2022-05-23 18:04:17,808] {logging_mixin.py:115} INFO - [2022-05-23 18:04:17,808] {dag.py:2919} INFO - Setting next_dagrun for example_weekday_branch_operator to 2022-05-22T00:00:00+00:00, run_after=2022-05-23T00:00:00+00:00
[2022-05-23 18:04:17,875] {processor.py:161} INFO - Processing /home/airflow/.local/lib/python3.7/site-packages/airflow/example_dags/example_branch_day_of_week_operator.py took 1.283 seconds
[2022-05-23 18:04:48,280] {processor.py:153} INFO - Started process (PID=184) to work on /home/airflow/.local/lib/python3.7/site-packages/airflow/example_dags/example_branch_day_of_week_operator.py
[2022-05-23 18:04:48,282] {processor.py:641} INFO - Processing file /home/airflow/.local/lib/python3.7/site-packages/airflow/example_dags/example_branch_day_of_week_operator.py for tasks to queue
[2022-05-23 18:04:48,283] {logging_mixin.py:115} INFO - [2022-05-23 18:04:48,283] {dagbag.py:507} INFO - Filling up the DagBag from /home/airflow/.local/lib/python3.7/site-packages/airflow/example_dags/example_branch_day_of_week_operator.py
[2022-05-23 18:04:48,301] {processor.py:651} INFO - DAG(s) dict_keys(['example_weekday_branch_operator']) retrieved from /home/airflow/.local/lib/python3.7/site-packages/airflow/example_dags/example_branch_day_of_week_operator.py
[2022-05-23 18:04:48,339] {logging_mixin.py:115} INFO - [2022-05-23 18:04:48,339] {dag.py:2371} INFO - Sync 1 DAGs
[2022-05-23 18:04:48,493] {logging_mixin.py:115} INFO - [2022-05-23 18:04:48,493] {dag.py:2919} INFO - Setting next_dagrun for example_weekday_branch_operator to 2022-05-22T00:00:00+00:00, run_after=2022-05-23T00:00:00+00:00
[2022-05-23 18:04:49,924] {processor.py:161} INFO - Processing /home/airflow/.local/lib/python3.7/site-packages/airflow/example_dags/example_branch_day_of_week_operator.py took 1.653 seconds
[2022-05-23 18:05:20,646] {processor.py:153} INFO - Started process (PID=246) to work on /home/airflow/.local/lib/python3.7/site-packages/airflow/example_dags/example_branch_day_of_week_operator.py
[2022-05-23 18:05:20,647] {processor.py:641} INFO - Processing file /home/airflow/.local/lib/python3.7/site-packages/airflow/example_dags/example_branch_day_of_week_operator.py for tasks to queue
[2022-05-23 18:05:20,648] {logging_mixin.py:115} INFO - [2022-05-23 18:05:20,648] {dagbag.py:507} INFO - Filling up the DagBag from /home/airflow/.local/lib/python3.7/site-packages/airflow/example_dags/example_branch_day_of_week_operator.py
[2022-05-23 18:05:20,663] {processor.py:651} INFO - DAG(s) dict_keys(['example_weekday_branch_operator']) retrieved from /home/airflow/.local/lib/python3.7/site-packages/airflow/example_dags/example_branch_day_of_week_operator.py
[2022-05-23 18:05:20,708] {logging_mixin.py:115} INFO - [2022-05-23 18:05:20,708] {dag.py:2371} INFO - Sync 1 DAGs
[2022-05-23 18:05:20,892] {logging_mixin.py:115} INFO - [2022-05-23 18:05:20,891] {dag.py:2919} INFO - Setting next_dagrun for example_weekday_branch_operator to 2022-05-22T00:00:00+00:00, run_after=2022-05-23T00:00:00+00:00
[2022-05-23 18:05:21,123] {processor.py:161} INFO - Processing /home/airflow/.local/lib/python3.7/site-packages/airflow/example_dags/example_branch_day_of_week_operator.py took 0.482 seconds
[2022-05-23 18:05:51,242] {processor.py:153} INFO - Started process (PID=301) to work on /home/airflow/.local/lib/python3.7/site-packages/airflow/example_dags/example_branch_day_of_week_operator.py
[2022-05-23 18:05:51,534] {processor.py:641} INFO - Processing file /home/airflow/.local/lib/python3.7/site-packages/airflow/example_dags/example_branch_day_of_week_operator.py for tasks to queue
[2022-05-23 18:05:51,552] {logging_mixin.py:115} INFO - [2022-05-23 18:05:51,552] {dagbag.py:507} INFO - Filling up the DagBag from /home/airflow/.local/lib/python3.7/site-packages/airflow/example_dags/example_branch_day_of_week_operator.py
[2022-05-23 18:05:51,568] {processor.py:651} INFO - DAG(s) dict_keys(['example_weekday_branch_operator']) retrieved from /home/airflow/.local/lib/python3.7/site-packages/airflow/example_dags/example_branch_day_of_week_operator.py
[2022-05-23 18:05:51,612] {logging_mixin.py:115} INFO - [2022-05-23 18:05:51,612] {dag.py:2371} INFO - Sync 1 DAGs
[2022-05-23 18:05:51,818] {logging_mixin.py:115} INFO - [2022-05-23 18:05:51,817] {dag.py:2919} INFO - Setting next_dagrun for example_weekday_branch_operator to 2022-05-22T00:00:00+00:00, run_after=2022-05-23T00:00:00+00:00
[2022-05-23 18:05:51,870] {processor.py:161} INFO - Processing /home/airflow/.local/lib/python3.7/site-packages/airflow/example_dags/example_branch_day_of_week_operator.py took 0.635 seconds
[2022-05-23 18:06:22,556] {processor.py:153} INFO - Started process (PID=355) to work on /home/airflow/.local/lib/python3.7/site-packages/airflow/example_dags/example_branch_day_of_week_operator.py
[2022-05-23 18:06:22,557] {processor.py:641} INFO - Processing file /home/airflow/.local/lib/python3.7/site-packages/airflow/example_dags/example_branch_day_of_week_operator.py for tasks to queue
[2022-05-23 18:06:22,557] {logging_mixin.py:115} INFO - [2022-05-23 18:06:22,557] {dagbag.py:507} INFO - Filling up the DagBag from /home/airflow/.local/lib/python3.7/site-packages/airflow/example_dags/example_branch_day_of_week_operator.py
[2022-05-23 18:06:22,568] {processor.py:651} INFO - DAG(s) dict_keys(['example_weekday_branch_operator']) retrieved from /home/airflow/.local/lib/python3.7/site-packages/airflow/example_dags/example_branch_day_of_week_operator.py
[2022-05-23 18:06:22,606] {logging_mixin.py:115} INFO - [2022-05-23 18:06:22,606] {dag.py:2371} INFO - Sync 1 DAGs
[2022-05-23 18:06:22,765] {logging_mixin.py:115} INFO - [2022-05-23 18:06:22,765] {dag.py:2919} INFO - Setting next_dagrun for example_weekday_branch_operator to 2022-05-22T00:00:00+00:00, run_after=2022-05-23T00:00:00+00:00
[2022-05-23 18:06:22,793] {processor.py:161} INFO - Processing /home/airflow/.local/lib/python3.7/site-packages/airflow/example_dags/example_branch_day_of_week_operator.py took 0.241 seconds
[2022-05-23 18:06:53,976] {processor.py:153} INFO - Started process (PID=410) to work on /home/airflow/.local/lib/python3.7/site-packages/airflow/example_dags/example_branch_day_of_week_operator.py
[2022-05-23 18:06:54,008] {processor.py:641} INFO - Processing file /home/airflow/.local/lib/python3.7/site-packages/airflow/example_dags/example_branch_day_of_week_operator.py for tasks to queue
[2022-05-23 18:06:54,009] {logging_mixin.py:115} INFO - [2022-05-23 18:06:54,009] {dagbag.py:507} INFO - Filling up the DagBag from /home/airflow/.local/lib/python3.7/site-packages/airflow/example_dags/example_branch_day_of_week_operator.py
[2022-05-23 18:06:54,023] {processor.py:651} INFO - DAG(s) dict_keys(['example_weekday_branch_operator']) retrieved from /home/airflow/.local/lib/python3.7/site-packages/airflow/example_dags/example_branch_day_of_week_operator.py
[2022-05-23 18:06:54,069] {logging_mixin.py:115} INFO - [2022-05-23 18:06:54,069] {dag.py:2371} INFO - Sync 1 DAGs
[2022-05-23 18:06:54,246] {logging_mixin.py:115} INFO - [2022-05-23 18:06:54,246] {dag.py:2919} INFO - Setting next_dagrun for example_weekday_branch_operator to 2022-05-22T00:00:00+00:00, run_after=2022-05-23T00:00:00+00:00
[2022-05-23 18:06:54,278] {processor.py:161} INFO - Processing /home/airflow/.local/lib/python3.7/site-packages/airflow/example_dags/example_branch_day_of_week_operator.py took 0.307 seconds
[2022-05-23 18:07:26,183] {processor.py:153} INFO - Started process (PID=472) to work on /home/airflow/.local/lib/python3.7/site-packages/airflow/example_dags/example_branch_day_of_week_operator.py
[2022-05-23 18:07:26,184] {processor.py:641} INFO - Processing file /home/airflow/.local/lib/python3.7/site-packages/airflow/example_dags/example_branch_day_of_week_operator.py for tasks to queue
[2022-05-23 18:07:26,184] {logging_mixin.py:115} INFO - [2022-05-23 18:07:26,184] {dagbag.py:507} INFO - Filling up the DagBag from /home/airflow/.local/lib/python3.7/site-packages/airflow/example_dags/example_branch_day_of_week_operator.py
[2022-05-23 18:07:26,197] {processor.py:651} INFO - DAG(s) dict_keys(['example_weekday_branch_operator']) retrieved from /home/airflow/.local/lib/python3.7/site-packages/airflow/example_dags/example_branch_day_of_week_operator.py
[2022-05-23 18:07:26,237] {logging_mixin.py:115} INFO - [2022-05-23 18:07:26,236] {dag.py:2371} INFO - Sync 1 DAGs
[2022-05-23 18:07:26,391] {logging_mixin.py:115} INFO - [2022-05-23 18:07:26,391] {dag.py:2919} INFO - Setting next_dagrun for example_weekday_branch_operator to 2022-05-22T00:00:00+00:00, run_after=2022-05-23T00:00:00+00:00
[2022-05-23 18:07:26,893] {processor.py:161} INFO - Processing /home/airflow/.local/lib/python3.7/site-packages/airflow/example_dags/example_branch_day_of_week_operator.py took 0.714 seconds
[2022-05-23 18:07:58,343] {processor.py:153} INFO - Started process (PID=526) to work on /home/airflow/.local/lib/python3.7/site-packages/airflow/example_dags/example_branch_day_of_week_operator.py
[2022-05-23 18:07:58,343] {processor.py:641} INFO - Processing file /home/airflow/.local/lib/python3.7/site-packages/airflow/example_dags/example_branch_day_of_week_operator.py for tasks to queue
[2022-05-23 18:07:58,344] {logging_mixin.py:115} INFO - [2022-05-23 18:07:58,344] {dagbag.py:507} INFO - Filling up the DagBag from /home/airflow/.local/lib/python3.7/site-packages/airflow/example_dags/example_branch_day_of_week_operator.py
[2022-05-23 18:07:58,352] {processor.py:651} INFO - DAG(s) dict_keys(['example_weekday_branch_operator']) retrieved from /home/airflow/.local/lib/python3.7/site-packages/airflow/example_dags/example_branch_day_of_week_operator.py
[2022-05-23 18:07:58,384] {logging_mixin.py:115} INFO - [2022-05-23 18:07:58,383] {dag.py:2371} INFO - Sync 1 DAGs
[2022-05-23 18:07:58,535] {logging_mixin.py:115} INFO - [2022-05-23 18:07:58,535] {dag.py:2919} INFO - Setting next_dagrun for example_weekday_branch_operator to 2022-05-22T00:00:00+00:00, run_after=2022-05-23T00:00:00+00:00
[2022-05-23 18:07:58,588] {processor.py:161} INFO - Processing /home/airflow/.local/lib/python3.7/site-packages/airflow/example_dags/example_branch_day_of_week_operator.py took 0.248 seconds
[2022-05-23 18:08:29,519] {processor.py:153} INFO - Started process (PID=580) to work on /home/airflow/.local/lib/python3.7/site-packages/airflow/example_dags/example_branch_day_of_week_operator.py
[2022-05-23 18:08:29,612] {processor.py:641} INFO - Processing file /home/airflow/.local/lib/python3.7/site-packages/airflow/example_dags/example_branch_day_of_week_operator.py for tasks to queue
[2022-05-23 18:08:29,613] {logging_mixin.py:115} INFO - [2022-05-23 18:08:29,613] {dagbag.py:507} INFO - Filling up the DagBag from /home/airflow/.local/lib/python3.7/site-packages/airflow/example_dags/example_branch_day_of_week_operator.py
[2022-05-23 18:08:29,626] {processor.py:651} INFO - DAG(s) dict_keys(['example_weekday_branch_operator']) retrieved from /home/airflow/.local/lib/python3.7/site-packages/airflow/example_dags/example_branch_day_of_week_operator.py
[2022-05-23 18:08:29,668] {logging_mixin.py:115} INFO - [2022-05-23 18:08:29,668] {dag.py:2371} INFO - Sync 1 DAGs
[2022-05-23 18:08:29,823] {logging_mixin.py:115} INFO - [2022-05-23 18:08:29,823] {dag.py:2919} INFO - Setting next_dagrun for example_weekday_branch_operator to 2022-05-22T00:00:00+00:00, run_after=2022-05-23T00:00:00+00:00
[2022-05-23 18:08:29,855] {processor.py:161} INFO - Processing /home/airflow/.local/lib/python3.7/site-packages/airflow/example_dags/example_branch_day_of_week_operator.py took 0.340 seconds
[2022-05-23 18:09:01,702] {processor.py:153} INFO - Started process (PID=642) to work on /home/airflow/.local/lib/python3.7/site-packages/airflow/example_dags/example_branch_day_of_week_operator.py
[2022-05-23 18:09:01,801] {processor.py:641} INFO - Processing file /home/airflow/.local/lib/python3.7/site-packages/airflow/example_dags/example_branch_day_of_week_operator.py for tasks to queue
[2022-05-23 18:09:01,803] {logging_mixin.py:115} INFO - [2022-05-23 18:09:01,802] {dagbag.py:507} INFO - Filling up the DagBag from /home/airflow/.local/lib/python3.7/site-packages/airflow/example_dags/example_branch_day_of_week_operator.py
[2022-05-23 18:09:01,826] {processor.py:651} INFO - DAG(s) dict_keys(['example_weekday_branch_operator']) retrieved from /home/airflow/.local/lib/python3.7/site-packages/airflow/example_dags/example_branch_day_of_week_operator.py
[2022-05-23 18:09:01,868] {logging_mixin.py:115} INFO - [2022-05-23 18:09:01,868] {dag.py:2371} INFO - Sync 1 DAGs
[2022-05-23 18:09:01,897] {logging_mixin.py:115} INFO - [2022-05-23 18:09:01,897] {dag.py:2919} INFO - Setting next_dagrun for example_weekday_branch_operator to 2022-05-22T00:00:00+00:00, run_after=2022-05-23T00:00:00+00:00
[2022-05-23 18:09:01,995] {processor.py:161} INFO - Processing /home/airflow/.local/lib/python3.7/site-packages/airflow/example_dags/example_branch_day_of_week_operator.py took 0.302 seconds
[2022-05-23 18:09:32,737] {processor.py:153} INFO - Started process (PID=696) to work on /home/airflow/.local/lib/python3.7/site-packages/airflow/example_dags/example_branch_day_of_week_operator.py
[2022-05-23 18:09:32,738] {processor.py:641} INFO - Processing file /home/airflow/.local/lib/python3.7/site-packages/airflow/example_dags/example_branch_day_of_week_operator.py for tasks to queue
[2022-05-23 18:09:32,739] {logging_mixin.py:115} INFO - [2022-05-23 18:09:32,739] {dagbag.py:507} INFO - Filling up the DagBag from /home/airflow/.local/lib/python3.7/site-packages/airflow/example_dags/example_branch_day_of_week_operator.py
[2022-05-23 18:09:32,751] {processor.py:651} INFO - DAG(s) dict_keys(['example_weekday_branch_operator']) retrieved from /home/airflow/.local/lib/python3.7/site-packages/airflow/example_dags/example_branch_day_of_week_operator.py
[2022-05-23 18:09:32,786] {logging_mixin.py:115} INFO - [2022-05-23 18:09:32,786] {dag.py:2371} INFO - Sync 1 DAGs
[2022-05-23 18:09:32,824] {logging_mixin.py:115} INFO - [2022-05-23 18:09:32,824] {dag.py:2919} INFO - Setting next_dagrun for example_weekday_branch_operator to 2022-05-22T00:00:00+00:00, run_after=2022-05-23T00:00:00+00:00
[2022-05-23 18:09:32,897] {processor.py:161} INFO - Processing /home/airflow/.local/lib/python3.7/site-packages/airflow/example_dags/example_branch_day_of_week_operator.py took 0.163 seconds
[2022-05-23 18:10:03,306] {processor.py:153} INFO - Started process (PID=759) to work on /home/airflow/.local/lib/python3.7/site-packages/airflow/example_dags/example_branch_day_of_week_operator.py
[2022-05-23 18:10:03,313] {processor.py:641} INFO - Processing file /home/airflow/.local/lib/python3.7/site-packages/airflow/example_dags/example_branch_day_of_week_operator.py for tasks to queue
[2022-05-23 18:10:03,313] {logging_mixin.py:115} INFO - [2022-05-23 18:10:03,313] {dagbag.py:507} INFO - Filling up the DagBag from /home/airflow/.local/lib/python3.7/site-packages/airflow/example_dags/example_branch_day_of_week_operator.py
[2022-05-23 18:10:03,322] {processor.py:651} INFO - DAG(s) dict_keys(['example_weekday_branch_operator']) retrieved from /home/airflow/.local/lib/python3.7/site-packages/airflow/example_dags/example_branch_day_of_week_operator.py
[2022-05-23 18:10:03,356] {logging_mixin.py:115} INFO - [2022-05-23 18:10:03,355] {dag.py:2371} INFO - Sync 1 DAGs
[2022-05-23 18:10:03,383] {logging_mixin.py:115} INFO - [2022-05-23 18:10:03,383] {dag.py:2919} INFO - Setting next_dagrun for example_weekday_branch_operator to 2022-05-22T00:00:00+00:00, run_after=2022-05-23T00:00:00+00:00
[2022-05-23 18:10:03,573] {processor.py:161} INFO - Processing /home/airflow/.local/lib/python3.7/site-packages/airflow/example_dags/example_branch_day_of_week_operator.py took 0.271 seconds
[2022-05-23 18:10:35,604] {processor.py:153} INFO - Started process (PID=813) to work on /home/airflow/.local/lib/python3.7/site-packages/airflow/example_dags/example_branch_day_of_week_operator.py
[2022-05-23 18:10:35,706] {processor.py:641} INFO - Processing file /home/airflow/.local/lib/python3.7/site-packages/airflow/example_dags/example_branch_day_of_week_operator.py for tasks to queue
[2022-05-23 18:10:35,708] {logging_mixin.py:115} INFO - [2022-05-23 18:10:35,707] {dagbag.py:507} INFO - Filling up the DagBag from /home/airflow/.local/lib/python3.7/site-packages/airflow/example_dags/example_branch_day_of_week_operator.py
[2022-05-23 18:10:35,731] {processor.py:651} INFO - DAG(s) dict_keys(['example_weekday_branch_operator']) retrieved from /home/airflow/.local/lib/python3.7/site-packages/airflow/example_dags/example_branch_day_of_week_operator.py
[2022-05-23 18:10:35,766] {logging_mixin.py:115} INFO - [2022-05-23 18:10:35,766] {dag.py:2371} INFO - Sync 1 DAGs
[2022-05-23 18:10:35,794] {logging_mixin.py:115} INFO - [2022-05-23 18:10:35,794] {dag.py:2919} INFO - Setting next_dagrun for example_weekday_branch_operator to 2022-05-22T00:00:00+00:00, run_after=2022-05-23T00:00:00+00:00
[2022-05-23 18:10:36,143] {processor.py:161} INFO - Processing /home/airflow/.local/lib/python3.7/site-packages/airflow/example_dags/example_branch_day_of_week_operator.py took 0.547 seconds
[2022-05-23 18:11:06,585] {processor.py:153} INFO - Started process (PID=876) to work on /home/airflow/.local/lib/python3.7/site-packages/airflow/example_dags/example_branch_day_of_week_operator.py
[2022-05-23 18:11:06,585] {processor.py:641} INFO - Processing file /home/airflow/.local/lib/python3.7/site-packages/airflow/example_dags/example_branch_day_of_week_operator.py for tasks to queue
[2022-05-23 18:11:06,586] {logging_mixin.py:115} INFO - [2022-05-23 18:11:06,586] {dagbag.py:507} INFO - Filling up the DagBag from /home/airflow/.local/lib/python3.7/site-packages/airflow/example_dags/example_branch_day_of_week_operator.py
[2022-05-23 18:11:06,595] {processor.py:651} INFO - DAG(s) dict_keys(['example_weekday_branch_operator']) retrieved from /home/airflow/.local/lib/python3.7/site-packages/airflow/example_dags/example_branch_day_of_week_operator.py
[2022-05-23 18:11:06,630] {logging_mixin.py:115} INFO - [2022-05-23 18:11:06,630] {dag.py:2371} INFO - Sync 1 DAGs
[2022-05-23 18:11:06,661] {logging_mixin.py:115} INFO - [2022-05-23 18:11:06,661] {dag.py:2919} INFO - Setting next_dagrun for example_weekday_branch_operator to 2022-05-22T00:00:00+00:00, run_after=2022-05-23T00:00:00+00:00
[2022-05-23 18:11:06,694] {processor.py:161} INFO - Processing /home/airflow/.local/lib/python3.7/site-packages/airflow/example_dags/example_branch_day_of_week_operator.py took 0.113 seconds
[2022-05-23 18:11:37,030] {processor.py:153} INFO - Started process (PID=928) to work on /home/airflow/.local/lib/python3.7/site-packages/airflow/example_dags/example_branch_day_of_week_operator.py
[2022-05-23 18:11:37,045] {processor.py:641} INFO - Processing file /home/airflow/.local/lib/python3.7/site-packages/airflow/example_dags/example_branch_day_of_week_operator.py for tasks to queue
[2022-05-23 18:11:37,046] {logging_mixin.py:115} INFO - [2022-05-23 18:11:37,046] {dagbag.py:507} INFO - Filling up the DagBag from /home/airflow/.local/lib/python3.7/site-packages/airflow/example_dags/example_branch_day_of_week_operator.py
[2022-05-23 18:11:37,056] {processor.py:651} INFO - DAG(s) dict_keys(['example_weekday_branch_operator']) retrieved from /home/airflow/.local/lib/python3.7/site-packages/airflow/example_dags/example_branch_day_of_week_operator.py
[2022-05-23 18:11:37,096] {logging_mixin.py:115} INFO - [2022-05-23 18:11:37,096] {dag.py:2371} INFO - Sync 1 DAGs
[2022-05-23 18:11:37,127] {logging_mixin.py:115} INFO - [2022-05-23 18:11:37,127] {dag.py:2919} INFO - Setting next_dagrun for example_weekday_branch_operator to 2022-05-22T00:00:00+00:00, run_after=2022-05-23T00:00:00+00:00
[2022-05-23 18:11:37,187] {processor.py:161} INFO - Processing /home/airflow/.local/lib/python3.7/site-packages/airflow/example_dags/example_branch_day_of_week_operator.py took 0.161 seconds
[2022-05-23 18:12:08,503] {processor.py:153} INFO - Started process (PID=991) to work on /home/airflow/.local/lib/python3.7/site-packages/airflow/example_dags/example_branch_day_of_week_operator.py
[2022-05-23 18:12:08,505] {processor.py:641} INFO - Processing file /home/airflow/.local/lib/python3.7/site-packages/airflow/example_dags/example_branch_day_of_week_operator.py for tasks to queue
[2022-05-23 18:12:08,506] {logging_mixin.py:115} INFO - [2022-05-23 18:12:08,506] {dagbag.py:507} INFO - Filling up the DagBag from /home/airflow/.local/lib/python3.7/site-packages/airflow/example_dags/example_branch_day_of_week_operator.py
[2022-05-23 18:12:08,520] {processor.py:651} INFO - DAG(s) dict_keys(['example_weekday_branch_operator']) retrieved from /home/airflow/.local/lib/python3.7/site-packages/airflow/example_dags/example_branch_day_of_week_operator.py
[2022-05-23 18:12:08,556] {logging_mixin.py:115} INFO - [2022-05-23 18:12:08,556] {dag.py:2371} INFO - Sync 1 DAGs
[2022-05-23 18:12:08,590] {logging_mixin.py:115} INFO - [2022-05-23 18:12:08,590] {dag.py:2919} INFO - Setting next_dagrun for example_weekday_branch_operator to 2022-05-22T00:00:00+00:00, run_after=2022-05-23T00:00:00+00:00
[2022-05-23 18:12:08,626] {processor.py:161} INFO - Processing /home/airflow/.local/lib/python3.7/site-packages/airflow/example_dags/example_branch_day_of_week_operator.py took 0.131 seconds
[2022-05-23 18:12:41,169] {processor.py:153} INFO - Started process (PID=1045) to work on /home/airflow/.local/lib/python3.7/site-packages/airflow/example_dags/example_branch_day_of_week_operator.py
[2022-05-23 18:12:41,289] {processor.py:641} INFO - Processing file /home/airflow/.local/lib/python3.7/site-packages/airflow/example_dags/example_branch_day_of_week_operator.py for tasks to queue
[2022-05-23 18:12:41,289] {logging_mixin.py:115} INFO - [2022-05-23 18:12:41,289] {dagbag.py:507} INFO - Filling up the DagBag from /home/airflow/.local/lib/python3.7/site-packages/airflow/example_dags/example_branch_day_of_week_operator.py
[2022-05-23 18:12:41,296] {processor.py:651} INFO - DAG(s) dict_keys(['example_weekday_branch_operator']) retrieved from /home/airflow/.local/lib/python3.7/site-packages/airflow/example_dags/example_branch_day_of_week_operator.py
[2022-05-23 18:12:41,329] {logging_mixin.py:115} INFO - [2022-05-23 18:12:41,329] {dag.py:2371} INFO - Sync 1 DAGs
[2022-05-23 18:12:41,365] {logging_mixin.py:115} INFO - [2022-05-23 18:12:41,365] {dag.py:2919} INFO - Setting next_dagrun for example_weekday_branch_operator to 2022-05-22T00:00:00+00:00, run_after=2022-05-23T00:00:00+00:00
[2022-05-23 18:12:41,730] {processor.py:161} INFO - Processing /home/airflow/.local/lib/python3.7/site-packages/airflow/example_dags/example_branch_day_of_week_operator.py took 0.564 seconds
[2022-05-23 18:13:12,183] {processor.py:153} INFO - Started process (PID=1098) to work on /home/airflow/.local/lib/python3.7/site-packages/airflow/example_dags/example_branch_day_of_week_operator.py
[2022-05-23 18:13:12,183] {processor.py:641} INFO - Processing file /home/airflow/.local/lib/python3.7/site-packages/airflow/example_dags/example_branch_day_of_week_operator.py for tasks to queue
[2022-05-23 18:13:12,184] {logging_mixin.py:115} INFO - [2022-05-23 18:13:12,183] {dagbag.py:507} INFO - Filling up the DagBag from /home/airflow/.local/lib/python3.7/site-packages/airflow/example_dags/example_branch_day_of_week_operator.py
[2022-05-23 18:13:12,192] {processor.py:651} INFO - DAG(s) dict_keys(['example_weekday_branch_operator']) retrieved from /home/airflow/.local/lib/python3.7/site-packages/airflow/example_dags/example_branch_day_of_week_operator.py
[2022-05-23 18:13:12,226] {logging_mixin.py:115} INFO - [2022-05-23 18:13:12,226] {dag.py:2371} INFO - Sync 1 DAGs
[2022-05-23 18:13:12,262] {logging_mixin.py:115} INFO - [2022-05-23 18:13:12,262] {dag.py:2919} INFO - Setting next_dagrun for example_weekday_branch_operator to 2022-05-22T00:00:00+00:00, run_after=2022-05-23T00:00:00+00:00
[2022-05-23 18:13:12,301] {processor.py:161} INFO - Processing /home/airflow/.local/lib/python3.7/site-packages/airflow/example_dags/example_branch_day_of_week_operator.py took 0.122 seconds
[2022-05-23 18:13:43,215] {processor.py:153} INFO - Started process (PID=1161) to work on /home/airflow/.local/lib/python3.7/site-packages/airflow/example_dags/example_branch_day_of_week_operator.py
[2022-05-23 18:13:43,215] {processor.py:641} INFO - Processing file /home/airflow/.local/lib/python3.7/site-packages/airflow/example_dags/example_branch_day_of_week_operator.py for tasks to queue
[2022-05-23 18:13:43,216] {logging_mixin.py:115} INFO - [2022-05-23 18:13:43,216] {dagbag.py:507} INFO - Filling up the DagBag from /home/airflow/.local/lib/python3.7/site-packages/airflow/example_dags/example_branch_day_of_week_operator.py
[2022-05-23 18:13:43,225] {processor.py:651} INFO - DAG(s) dict_keys(['example_weekday_branch_operator']) retrieved from /home/airflow/.local/lib/python3.7/site-packages/airflow/example_dags/example_branch_day_of_week_operator.py
[2022-05-23 18:13:43,382] {logging_mixin.py:115} INFO - [2022-05-23 18:13:43,382] {dag.py:2371} INFO - Sync 1 DAGs
[2022-05-23 18:13:43,423] {logging_mixin.py:115} INFO - [2022-05-23 18:13:43,422] {dag.py:2919} INFO - Setting next_dagrun for example_weekday_branch_operator to 2022-05-22T00:00:00+00:00, run_after=2022-05-23T00:00:00+00:00
[2022-05-23 18:13:43,452] {processor.py:161} INFO - Processing /home/airflow/.local/lib/python3.7/site-packages/airflow/example_dags/example_branch_day_of_week_operator.py took 0.240 seconds
[2022-05-23 18:14:18,683] {processor.py:153} INFO - Started process (PID=1215) to work on /home/airflow/.local/lib/python3.7/site-packages/airflow/example_dags/example_branch_day_of_week_operator.py
[2022-05-23 18:14:19,297] {processor.py:641} INFO - Processing file /home/airflow/.local/lib/python3.7/site-packages/airflow/example_dags/example_branch_day_of_week_operator.py for tasks to queue
[2022-05-23 18:14:19,298] {logging_mixin.py:115} INFO - [2022-05-23 18:14:19,298] {dagbag.py:507} INFO - Filling up the DagBag from /home/airflow/.local/lib/python3.7/site-packages/airflow/example_dags/example_branch_day_of_week_operator.py
[2022-05-23 18:14:19,305] {processor.py:651} INFO - DAG(s) dict_keys(['example_weekday_branch_operator']) retrieved from /home/airflow/.local/lib/python3.7/site-packages/airflow/example_dags/example_branch_day_of_week_operator.py
[2022-05-23 18:14:19,466] {logging_mixin.py:115} INFO - [2022-05-23 18:14:19,466] {dag.py:2371} INFO - Sync 1 DAGs
[2022-05-23 18:14:19,780] {logging_mixin.py:115} INFO - [2022-05-23 18:14:19,780] {dag.py:2919} INFO - Setting next_dagrun for example_weekday_branch_operator to 2022-05-22T00:00:00+00:00, run_after=2022-05-23T00:00:00+00:00
[2022-05-23 18:14:20,036] {processor.py:161} INFO - Processing /home/airflow/.local/lib/python3.7/site-packages/airflow/example_dags/example_branch_day_of_week_operator.py took 1.360 seconds
[2022-05-23 18:14:50,243] {processor.py:153} INFO - Started process (PID=1278) to work on /home/airflow/.local/lib/python3.7/site-packages/airflow/example_dags/example_branch_day_of_week_operator.py
[2022-05-23 18:14:50,792] {processor.py:641} INFO - Processing file /home/airflow/.local/lib/python3.7/site-packages/airflow/example_dags/example_branch_day_of_week_operator.py for tasks to queue
[2022-05-23 18:14:50,812] {logging_mixin.py:115} INFO - [2022-05-23 18:14:50,812] {dagbag.py:507} INFO - Filling up the DagBag from /home/airflow/.local/lib/python3.7/site-packages/airflow/example_dags/example_branch_day_of_week_operator.py
[2022-05-23 18:14:50,824] {processor.py:651} INFO - DAG(s) dict_keys(['example_weekday_branch_operator']) retrieved from /home/airflow/.local/lib/python3.7/site-packages/airflow/example_dags/example_branch_day_of_week_operator.py
[2022-05-23 18:14:50,970] {logging_mixin.py:115} INFO - [2022-05-23 18:14:50,970] {dag.py:2371} INFO - Sync 1 DAGs
[2022-05-23 18:14:50,999] {logging_mixin.py:115} INFO - [2022-05-23 18:14:50,999] {dag.py:2919} INFO - Setting next_dagrun for example_weekday_branch_operator to 2022-05-22T00:00:00+00:00, run_after=2022-05-23T00:00:00+00:00
[2022-05-23 18:14:51,041] {processor.py:161} INFO - Processing /home/airflow/.local/lib/python3.7/site-packages/airflow/example_dags/example_branch_day_of_week_operator.py took 0.807 seconds
[2022-05-23 18:15:21,707] {processor.py:153} INFO - Started process (PID=1332) to work on /home/airflow/.local/lib/python3.7/site-packages/airflow/example_dags/example_branch_day_of_week_operator.py
[2022-05-23 18:15:21,708] {processor.py:641} INFO - Processing file /home/airflow/.local/lib/python3.7/site-packages/airflow/example_dags/example_branch_day_of_week_operator.py for tasks to queue
[2022-05-23 18:15:21,709] {logging_mixin.py:115} INFO - [2022-05-23 18:15:21,708] {dagbag.py:507} INFO - Filling up the DagBag from /home/airflow/.local/lib/python3.7/site-packages/airflow/example_dags/example_branch_day_of_week_operator.py
[2022-05-23 18:15:21,717] {processor.py:651} INFO - DAG(s) dict_keys(['example_weekday_branch_operator']) retrieved from /home/airflow/.local/lib/python3.7/site-packages/airflow/example_dags/example_branch_day_of_week_operator.py
[2022-05-23 18:15:21,888] {logging_mixin.py:115} INFO - [2022-05-23 18:15:21,888] {dag.py:2371} INFO - Sync 1 DAGs
[2022-05-23 18:15:21,936] {logging_mixin.py:115} INFO - [2022-05-23 18:15:21,935] {dag.py:2919} INFO - Setting next_dagrun for example_weekday_branch_operator to 2022-05-22T00:00:00+00:00, run_after=2022-05-23T00:00:00+00:00
[2022-05-23 18:15:22,485] {processor.py:161} INFO - Processing /home/airflow/.local/lib/python3.7/site-packages/airflow/example_dags/example_branch_day_of_week_operator.py took 0.781 seconds
[2022-05-23 18:15:53,040] {processor.py:153} INFO - Started process (PID=1395) to work on /home/airflow/.local/lib/python3.7/site-packages/airflow/example_dags/example_branch_day_of_week_operator.py
[2022-05-23 18:15:53,102] {processor.py:641} INFO - Processing file /home/airflow/.local/lib/python3.7/site-packages/airflow/example_dags/example_branch_day_of_week_operator.py for tasks to queue
[2022-05-23 18:15:53,242] {logging_mixin.py:115} INFO - [2022-05-23 18:15:53,242] {dagbag.py:507} INFO - Filling up the DagBag from /home/airflow/.local/lib/python3.7/site-packages/airflow/example_dags/example_branch_day_of_week_operator.py
[2022-05-23 18:15:53,269] {processor.py:651} INFO - DAG(s) dict_keys(['example_weekday_branch_operator']) retrieved from /home/airflow/.local/lib/python3.7/site-packages/airflow/example_dags/example_branch_day_of_week_operator.py
[2022-05-23 18:15:53,429] {logging_mixin.py:115} INFO - [2022-05-23 18:15:53,429] {dag.py:2371} INFO - Sync 1 DAGs
[2022-05-23 18:15:53,461] {logging_mixin.py:115} INFO - [2022-05-23 18:15:53,461] {dag.py:2919} INFO - Setting next_dagrun for example_weekday_branch_operator to 2022-05-22T00:00:00+00:00, run_after=2022-05-23T00:00:00+00:00
[2022-05-23 18:15:53,792] {processor.py:161} INFO - Processing /home/airflow/.local/lib/python3.7/site-packages/airflow/example_dags/example_branch_day_of_week_operator.py took 0.761 seconds
[2022-05-23 18:16:24,376] {processor.py:153} INFO - Started process (PID=1451) to work on /home/airflow/.local/lib/python3.7/site-packages/airflow/example_dags/example_branch_day_of_week_operator.py
[2022-05-23 18:16:25,652] {processor.py:641} INFO - Processing file /home/airflow/.local/lib/python3.7/site-packages/airflow/example_dags/example_branch_day_of_week_operator.py for tasks to queue
[2022-05-23 18:16:25,653] {logging_mixin.py:115} INFO - [2022-05-23 18:16:25,653] {dagbag.py:507} INFO - Filling up the DagBag from /home/airflow/.local/lib/python3.7/site-packages/airflow/example_dags/example_branch_day_of_week_operator.py
[2022-05-23 18:16:25,663] {processor.py:651} INFO - DAG(s) dict_keys(['example_weekday_branch_operator']) retrieved from /home/airflow/.local/lib/python3.7/site-packages/airflow/example_dags/example_branch_day_of_week_operator.py
[2022-05-23 18:16:25,853] {logging_mixin.py:115} INFO - [2022-05-23 18:16:25,853] {dag.py:2371} INFO - Sync 1 DAGs
[2022-05-23 18:16:25,884] {logging_mixin.py:115} INFO - [2022-05-23 18:16:25,884] {dag.py:2919} INFO - Setting next_dagrun for example_weekday_branch_operator to 2022-05-22T00:00:00+00:00, run_after=2022-05-23T00:00:00+00:00
[2022-05-23 18:16:26,996] {processor.py:161} INFO - Processing /home/airflow/.local/lib/python3.7/site-packages/airflow/example_dags/example_branch_day_of_week_operator.py took 2.624 seconds
[2022-05-23 18:16:57,172] {processor.py:153} INFO - Started process (PID=1514) to work on /home/airflow/.local/lib/python3.7/site-packages/airflow/example_dags/example_branch_day_of_week_operator.py
[2022-05-23 18:16:57,290] {processor.py:641} INFO - Processing file /home/airflow/.local/lib/python3.7/site-packages/airflow/example_dags/example_branch_day_of_week_operator.py for tasks to queue
[2022-05-23 18:16:57,291] {logging_mixin.py:115} INFO - [2022-05-23 18:16:57,291] {dagbag.py:507} INFO - Filling up the DagBag from /home/airflow/.local/lib/python3.7/site-packages/airflow/example_dags/example_branch_day_of_week_operator.py
[2022-05-23 18:16:57,302] {processor.py:651} INFO - DAG(s) dict_keys(['example_weekday_branch_operator']) retrieved from /home/airflow/.local/lib/python3.7/site-packages/airflow/example_dags/example_branch_day_of_week_operator.py
[2022-05-23 18:16:57,498] {logging_mixin.py:115} INFO - [2022-05-23 18:16:57,498] {dag.py:2371} INFO - Sync 1 DAGs
[2022-05-23 18:16:57,533] {logging_mixin.py:115} INFO - [2022-05-23 18:16:57,533] {dag.py:2919} INFO - Setting next_dagrun for example_weekday_branch_operator to 2022-05-22T00:00:00+00:00, run_after=2022-05-23T00:00:00+00:00
[2022-05-23 18:16:57,758] {processor.py:161} INFO - Processing /home/airflow/.local/lib/python3.7/site-packages/airflow/example_dags/example_branch_day_of_week_operator.py took 0.588 seconds
[2022-05-23 18:17:28,339] {processor.py:153} INFO - Started process (PID=1567) to work on /home/airflow/.local/lib/python3.7/site-packages/airflow/example_dags/example_branch_day_of_week_operator.py
[2022-05-23 18:17:28,396] {processor.py:641} INFO - Processing file /home/airflow/.local/lib/python3.7/site-packages/airflow/example_dags/example_branch_day_of_week_operator.py for tasks to queue
[2022-05-23 18:17:28,396] {logging_mixin.py:115} INFO - [2022-05-23 18:17:28,396] {dagbag.py:507} INFO - Filling up the DagBag from /home/airflow/.local/lib/python3.7/site-packages/airflow/example_dags/example_branch_day_of_week_operator.py
[2022-05-23 18:17:28,407] {processor.py:651} INFO - DAG(s) dict_keys(['example_weekday_branch_operator']) retrieved from /home/airflow/.local/lib/python3.7/site-packages/airflow/example_dags/example_branch_day_of_week_operator.py
[2022-05-23 18:17:28,593] {logging_mixin.py:115} INFO - [2022-05-23 18:17:28,593] {dag.py:2371} INFO - Sync 1 DAGs
[2022-05-23 18:17:28,626] {logging_mixin.py:115} INFO - [2022-05-23 18:17:28,626] {dag.py:2919} INFO - Setting next_dagrun for example_weekday_branch_operator to 2022-05-22T00:00:00+00:00, run_after=2022-05-23T00:00:00+00:00
[2022-05-23 18:17:28,835] {processor.py:161} INFO - Processing /home/airflow/.local/lib/python3.7/site-packages/airflow/example_dags/example_branch_day_of_week_operator.py took 0.502 seconds
[2022-05-23 18:17:59,154] {processor.py:153} INFO - Started process (PID=1620) to work on /home/airflow/.local/lib/python3.7/site-packages/airflow/example_dags/example_branch_day_of_week_operator.py
[2022-05-23 18:17:59,155] {processor.py:641} INFO - Processing file /home/airflow/.local/lib/python3.7/site-packages/airflow/example_dags/example_branch_day_of_week_operator.py for tasks to queue
[2022-05-23 18:17:59,157] {logging_mixin.py:115} INFO - [2022-05-23 18:17:59,157] {dagbag.py:507} INFO - Filling up the DagBag from /home/airflow/.local/lib/python3.7/site-packages/airflow/example_dags/example_branch_day_of_week_operator.py
[2022-05-23 18:17:59,182] {processor.py:651} INFO - DAG(s) dict_keys(['example_weekday_branch_operator']) retrieved from /home/airflow/.local/lib/python3.7/site-packages/airflow/example_dags/example_branch_day_of_week_operator.py
[2022-05-23 18:17:59,357] {logging_mixin.py:115} INFO - [2022-05-23 18:17:59,357] {dag.py:2371} INFO - Sync 1 DAGs
[2022-05-23 18:17:59,386] {logging_mixin.py:115} INFO - [2022-05-23 18:17:59,386] {dag.py:2919} INFO - Setting next_dagrun for example_weekday_branch_operator to 2022-05-22T00:00:00+00:00, run_after=2022-05-23T00:00:00+00:00
[2022-05-23 18:17:59,428] {processor.py:161} INFO - Processing /home/airflow/.local/lib/python3.7/site-packages/airflow/example_dags/example_branch_day_of_week_operator.py took 0.283 seconds
[2022-05-23 18:21:01,226] {processor.py:153} INFO - Started process (PID=73) to work on /home/airflow/.local/lib/python3.7/site-packages/airflow/example_dags/example_branch_day_of_week_operator.py
[2022-05-23 18:21:01,306] {processor.py:641} INFO - Processing file /home/airflow/.local/lib/python3.7/site-packages/airflow/example_dags/example_branch_day_of_week_operator.py for tasks to queue
[2022-05-23 18:21:01,306] {logging_mixin.py:115} INFO - [2022-05-23 18:21:01,306] {dagbag.py:507} INFO - Filling up the DagBag from /home/airflow/.local/lib/python3.7/site-packages/airflow/example_dags/example_branch_day_of_week_operator.py
[2022-05-23 18:21:01,322] {processor.py:651} INFO - DAG(s) dict_keys(['example_weekday_branch_operator']) retrieved from /home/airflow/.local/lib/python3.7/site-packages/airflow/example_dags/example_branch_day_of_week_operator.py
[2022-05-23 18:21:01,362] {logging_mixin.py:115} INFO - [2022-05-23 18:21:01,362] {dag.py:2371} INFO - Sync 1 DAGs
[2022-05-23 18:21:01,556] {logging_mixin.py:115} INFO - [2022-05-23 18:21:01,556] {dag.py:2919} INFO - Setting next_dagrun for example_weekday_branch_operator to 2022-05-22T00:00:00+00:00, run_after=2022-05-23T00:00:00+00:00
[2022-05-23 18:21:02,271] {processor.py:161} INFO - Processing /home/airflow/.local/lib/python3.7/site-packages/airflow/example_dags/example_branch_day_of_week_operator.py took 1.049 seconds
[2022-05-23 18:21:32,482] {processor.py:153} INFO - Started process (PID=127) to work on /home/airflow/.local/lib/python3.7/site-packages/airflow/example_dags/example_branch_day_of_week_operator.py
[2022-05-23 18:21:32,482] {processor.py:641} INFO - Processing file /home/airflow/.local/lib/python3.7/site-packages/airflow/example_dags/example_branch_day_of_week_operator.py for tasks to queue
[2022-05-23 18:21:32,483] {logging_mixin.py:115} INFO - [2022-05-23 18:21:32,483] {dagbag.py:507} INFO - Filling up the DagBag from /home/airflow/.local/lib/python3.7/site-packages/airflow/example_dags/example_branch_day_of_week_operator.py
[2022-05-23 18:21:32,492] {processor.py:651} INFO - DAG(s) dict_keys(['example_weekday_branch_operator']) retrieved from /home/airflow/.local/lib/python3.7/site-packages/airflow/example_dags/example_branch_day_of_week_operator.py
[2022-05-23 18:21:32,526] {logging_mixin.py:115} INFO - [2022-05-23 18:21:32,526] {dag.py:2371} INFO - Sync 1 DAGs
[2022-05-23 18:21:32,683] {logging_mixin.py:115} INFO - [2022-05-23 18:21:32,683] {dag.py:2919} INFO - Setting next_dagrun for example_weekday_branch_operator to 2022-05-22T00:00:00+00:00, run_after=2022-05-23T00:00:00+00:00
[2022-05-23 18:21:33,695] {processor.py:161} INFO - Processing /home/airflow/.local/lib/python3.7/site-packages/airflow/example_dags/example_branch_day_of_week_operator.py took 1.217 seconds
[2022-05-23 18:22:04,494] {processor.py:153} INFO - Started process (PID=185) to work on /home/airflow/.local/lib/python3.7/site-packages/airflow/example_dags/example_branch_day_of_week_operator.py
[2022-05-23 18:22:04,501] {processor.py:641} INFO - Processing file /home/airflow/.local/lib/python3.7/site-packages/airflow/example_dags/example_branch_day_of_week_operator.py for tasks to queue
[2022-05-23 18:22:04,502] {logging_mixin.py:115} INFO - [2022-05-23 18:22:04,502] {dagbag.py:507} INFO - Filling up the DagBag from /home/airflow/.local/lib/python3.7/site-packages/airflow/example_dags/example_branch_day_of_week_operator.py
[2022-05-23 18:22:04,536] {processor.py:651} INFO - DAG(s) dict_keys(['example_weekday_branch_operator']) retrieved from /home/airflow/.local/lib/python3.7/site-packages/airflow/example_dags/example_branch_day_of_week_operator.py
[2022-05-23 18:22:04,572] {logging_mixin.py:115} INFO - [2022-05-23 18:22:04,572] {dag.py:2371} INFO - Sync 1 DAGs
[2022-05-23 18:22:04,740] {logging_mixin.py:115} INFO - [2022-05-23 18:22:04,740] {dag.py:2919} INFO - Setting next_dagrun for example_weekday_branch_operator to 2022-05-22T00:00:00+00:00, run_after=2022-05-23T00:00:00+00:00
[2022-05-23 18:22:04,779] {processor.py:161} INFO - Processing /home/airflow/.local/lib/python3.7/site-packages/airflow/example_dags/example_branch_day_of_week_operator.py took 0.290 seconds
[2022-05-23 18:22:35,607] {processor.py:153} INFO - Started process (PID=239) to work on /home/airflow/.local/lib/python3.7/site-packages/airflow/example_dags/example_branch_day_of_week_operator.py
[2022-05-23 18:22:35,608] {processor.py:641} INFO - Processing file /home/airflow/.local/lib/python3.7/site-packages/airflow/example_dags/example_branch_day_of_week_operator.py for tasks to queue
[2022-05-23 18:22:35,608] {logging_mixin.py:115} INFO - [2022-05-23 18:22:35,608] {dagbag.py:507} INFO - Filling up the DagBag from /home/airflow/.local/lib/python3.7/site-packages/airflow/example_dags/example_branch_day_of_week_operator.py
[2022-05-23 18:22:35,620] {processor.py:651} INFO - DAG(s) dict_keys(['example_weekday_branch_operator']) retrieved from /home/airflow/.local/lib/python3.7/site-packages/airflow/example_dags/example_branch_day_of_week_operator.py
[2022-05-23 18:22:35,656] {logging_mixin.py:115} INFO - [2022-05-23 18:22:35,656] {dag.py:2371} INFO - Sync 1 DAGs
[2022-05-23 18:22:35,855] {logging_mixin.py:115} INFO - [2022-05-23 18:22:35,855] {dag.py:2919} INFO - Setting next_dagrun for example_weekday_branch_operator to 2022-05-22T00:00:00+00:00, run_after=2022-05-23T00:00:00+00:00
[2022-05-23 18:22:36,672] {processor.py:161} INFO - Processing /home/airflow/.local/lib/python3.7/site-packages/airflow/example_dags/example_branch_day_of_week_operator.py took 1.069 seconds
