[2022-05-23 17:10:02,874] {processor.py:153} INFO - Started process (PID=73) to work on /home/airflow/.local/lib/python3.7/site-packages/airflow/example_dags/example_trigger_target_dag.py
[2022-05-23 17:10:02,875] {processor.py:641} INFO - Processing file /home/airflow/.local/lib/python3.7/site-packages/airflow/example_dags/example_trigger_target_dag.py for tasks to queue
[2022-05-23 17:10:02,876] {logging_mixin.py:115} INFO - [2022-05-23 17:10:02,876] {dagbag.py:507} INFO - Filling up the DagBag from /home/airflow/.local/lib/python3.7/site-packages/airflow/example_dags/example_trigger_target_dag.py
[2022-05-23 17:10:02,896] {processor.py:651} INFO - DAG(s) dict_keys(['example_trigger_target_dag']) retrieved from /home/airflow/.local/lib/python3.7/site-packages/airflow/example_dags/example_trigger_target_dag.py
[2022-05-23 17:10:04,672] {logging_mixin.py:115} INFO - [2022-05-23 17:10:04,671] {manager.py:508} INFO - Created Permission View: can read on DAG:example_trigger_target_dag
[2022-05-23 17:10:05,237] {logging_mixin.py:115} INFO - [2022-05-23 17:10:05,237] {manager.py:508} INFO - Created Permission View: can edit on DAG:example_trigger_target_dag
[2022-05-23 17:10:05,348] {logging_mixin.py:115} INFO - [2022-05-23 17:10:05,348] {manager.py:508} INFO - Created Permission View: can delete on DAG:example_trigger_target_dag
[2022-05-23 17:10:05,349] {logging_mixin.py:115} INFO - [2022-05-23 17:10:05,348] {dag.py:2371} INFO - Sync 1 DAGs
[2022-05-23 17:10:05,399] {logging_mixin.py:115} INFO - [2022-05-23 17:10:05,398] {dag.py:2390} INFO - Creating ORM DAG for example_trigger_target_dag
[2022-05-23 17:10:05,454] {logging_mixin.py:115} INFO - [2022-05-23 17:10:05,453] {dag.py:2919} INFO - Setting next_dagrun for example_trigger_target_dag to None, run_after=None
[2022-05-23 17:10:05,683] {processor.py:161} INFO - Processing /home/airflow/.local/lib/python3.7/site-packages/airflow/example_dags/example_trigger_target_dag.py took 2.812 seconds
[2022-05-23 17:10:36,301] {processor.py:153} INFO - Started process (PID=125) to work on /home/airflow/.local/lib/python3.7/site-packages/airflow/example_dags/example_trigger_target_dag.py
[2022-05-23 17:10:36,311] {processor.py:641} INFO - Processing file /home/airflow/.local/lib/python3.7/site-packages/airflow/example_dags/example_trigger_target_dag.py for tasks to queue
[2022-05-23 17:10:36,312] {logging_mixin.py:115} INFO - [2022-05-23 17:10:36,312] {dagbag.py:507} INFO - Filling up the DagBag from /home/airflow/.local/lib/python3.7/site-packages/airflow/example_dags/example_trigger_target_dag.py
[2022-05-23 17:10:36,328] {processor.py:651} INFO - DAG(s) dict_keys(['example_trigger_target_dag']) retrieved from /home/airflow/.local/lib/python3.7/site-packages/airflow/example_dags/example_trigger_target_dag.py
[2022-05-23 17:10:36,353] {logging_mixin.py:115} INFO - [2022-05-23 17:10:36,353] {dag.py:2371} INFO - Sync 1 DAGs
[2022-05-23 17:10:36,504] {logging_mixin.py:115} INFO - [2022-05-23 17:10:36,504] {dag.py:2919} INFO - Setting next_dagrun for example_trigger_target_dag to None, run_after=None
[2022-05-23 17:10:36,552] {processor.py:161} INFO - Processing /home/airflow/.local/lib/python3.7/site-packages/airflow/example_dags/example_trigger_target_dag.py took 0.254 seconds
[2022-05-23 17:11:07,209] {processor.py:153} INFO - Started process (PID=177) to work on /home/airflow/.local/lib/python3.7/site-packages/airflow/example_dags/example_trigger_target_dag.py
[2022-05-23 17:11:07,210] {processor.py:641} INFO - Processing file /home/airflow/.local/lib/python3.7/site-packages/airflow/example_dags/example_trigger_target_dag.py for tasks to queue
[2022-05-23 17:11:07,211] {logging_mixin.py:115} INFO - [2022-05-23 17:11:07,211] {dagbag.py:507} INFO - Filling up the DagBag from /home/airflow/.local/lib/python3.7/site-packages/airflow/example_dags/example_trigger_target_dag.py
[2022-05-23 17:11:07,231] {processor.py:651} INFO - DAG(s) dict_keys(['example_trigger_target_dag']) retrieved from /home/airflow/.local/lib/python3.7/site-packages/airflow/example_dags/example_trigger_target_dag.py
[2022-05-23 17:11:07,259] {logging_mixin.py:115} INFO - [2022-05-23 17:11:07,259] {dag.py:2371} INFO - Sync 1 DAGs
[2022-05-23 17:11:07,404] {logging_mixin.py:115} INFO - [2022-05-23 17:11:07,404] {dag.py:2919} INFO - Setting next_dagrun for example_trigger_target_dag to None, run_after=None
[2022-05-23 17:11:07,472] {processor.py:161} INFO - Processing /home/airflow/.local/lib/python3.7/site-packages/airflow/example_dags/example_trigger_target_dag.py took 0.267 seconds
[2022-05-23 17:11:39,058] {processor.py:153} INFO - Started process (PID=237) to work on /home/airflow/.local/lib/python3.7/site-packages/airflow/example_dags/example_trigger_target_dag.py
[2022-05-23 17:11:39,059] {processor.py:641} INFO - Processing file /home/airflow/.local/lib/python3.7/site-packages/airflow/example_dags/example_trigger_target_dag.py for tasks to queue
[2022-05-23 17:11:39,059] {logging_mixin.py:115} INFO - [2022-05-23 17:11:39,059] {dagbag.py:507} INFO - Filling up the DagBag from /home/airflow/.local/lib/python3.7/site-packages/airflow/example_dags/example_trigger_target_dag.py
[2022-05-23 17:11:39,079] {processor.py:651} INFO - DAG(s) dict_keys(['example_trigger_target_dag']) retrieved from /home/airflow/.local/lib/python3.7/site-packages/airflow/example_dags/example_trigger_target_dag.py
[2022-05-23 17:11:39,108] {logging_mixin.py:115} INFO - [2022-05-23 17:11:39,108] {dag.py:2371} INFO - Sync 1 DAGs
[2022-05-23 17:11:39,247] {logging_mixin.py:115} INFO - [2022-05-23 17:11:39,247] {dag.py:2919} INFO - Setting next_dagrun for example_trigger_target_dag to None, run_after=None
[2022-05-23 17:11:39,546] {processor.py:161} INFO - Processing /home/airflow/.local/lib/python3.7/site-packages/airflow/example_dags/example_trigger_target_dag.py took 0.491 seconds
[2022-05-23 17:28:22,546] {processor.py:153} INFO - Started process (PID=64) to work on /home/airflow/.local/lib/python3.7/site-packages/airflow/example_dags/example_trigger_target_dag.py
[2022-05-23 17:28:22,698] {processor.py:641} INFO - Processing file /home/airflow/.local/lib/python3.7/site-packages/airflow/example_dags/example_trigger_target_dag.py for tasks to queue
[2022-05-23 17:28:22,699] {logging_mixin.py:115} INFO - [2022-05-23 17:28:22,699] {dagbag.py:507} INFO - Filling up the DagBag from /home/airflow/.local/lib/python3.7/site-packages/airflow/example_dags/example_trigger_target_dag.py
[2022-05-23 17:28:22,748] {processor.py:651} INFO - DAG(s) dict_keys(['example_trigger_target_dag']) retrieved from /home/airflow/.local/lib/python3.7/site-packages/airflow/example_dags/example_trigger_target_dag.py
[2022-05-23 17:28:22,829] {logging_mixin.py:115} INFO - [2022-05-23 17:28:22,829] {dag.py:2371} INFO - Sync 1 DAGs
[2022-05-23 17:28:23,109] {logging_mixin.py:115} INFO - [2022-05-23 17:28:23,108] {dag.py:2919} INFO - Setting next_dagrun for example_trigger_target_dag to None, run_after=None
[2022-05-23 17:28:23,187] {processor.py:161} INFO - Processing /home/airflow/.local/lib/python3.7/site-packages/airflow/example_dags/example_trigger_target_dag.py took 0.645 seconds
[2022-05-23 17:28:54,198] {processor.py:153} INFO - Started process (PID=118) to work on /home/airflow/.local/lib/python3.7/site-packages/airflow/example_dags/example_trigger_target_dag.py
[2022-05-23 17:28:54,200] {processor.py:641} INFO - Processing file /home/airflow/.local/lib/python3.7/site-packages/airflow/example_dags/example_trigger_target_dag.py for tasks to queue
[2022-05-23 17:28:54,201] {logging_mixin.py:115} INFO - [2022-05-23 17:28:54,201] {dagbag.py:507} INFO - Filling up the DagBag from /home/airflow/.local/lib/python3.7/site-packages/airflow/example_dags/example_trigger_target_dag.py
[2022-05-23 17:28:54,231] {processor.py:651} INFO - DAG(s) dict_keys(['example_trigger_target_dag']) retrieved from /home/airflow/.local/lib/python3.7/site-packages/airflow/example_dags/example_trigger_target_dag.py
[2022-05-23 17:28:54,258] {logging_mixin.py:115} INFO - [2022-05-23 17:28:54,258] {dag.py:2371} INFO - Sync 1 DAGs
[2022-05-23 17:28:54,403] {logging_mixin.py:115} INFO - [2022-05-23 17:28:54,403] {dag.py:2919} INFO - Setting next_dagrun for example_trigger_target_dag to None, run_after=None
[2022-05-23 17:28:55,144] {processor.py:161} INFO - Processing /home/airflow/.local/lib/python3.7/site-packages/airflow/example_dags/example_trigger_target_dag.py took 0.954 seconds
[2022-05-23 17:29:25,554] {processor.py:153} INFO - Started process (PID=179) to work on /home/airflow/.local/lib/python3.7/site-packages/airflow/example_dags/example_trigger_target_dag.py
[2022-05-23 17:29:25,555] {processor.py:641} INFO - Processing file /home/airflow/.local/lib/python3.7/site-packages/airflow/example_dags/example_trigger_target_dag.py for tasks to queue
[2022-05-23 17:29:25,556] {logging_mixin.py:115} INFO - [2022-05-23 17:29:25,556] {dagbag.py:507} INFO - Filling up the DagBag from /home/airflow/.local/lib/python3.7/site-packages/airflow/example_dags/example_trigger_target_dag.py
[2022-05-23 17:29:25,578] {processor.py:651} INFO - DAG(s) dict_keys(['example_trigger_target_dag']) retrieved from /home/airflow/.local/lib/python3.7/site-packages/airflow/example_dags/example_trigger_target_dag.py
[2022-05-23 17:29:25,607] {logging_mixin.py:115} INFO - [2022-05-23 17:29:25,607] {dag.py:2371} INFO - Sync 1 DAGs
[2022-05-23 17:29:25,762] {logging_mixin.py:115} INFO - [2022-05-23 17:29:25,762] {dag.py:2919} INFO - Setting next_dagrun for example_trigger_target_dag to None, run_after=None
[2022-05-23 17:29:26,041] {processor.py:161} INFO - Processing /home/airflow/.local/lib/python3.7/site-packages/airflow/example_dags/example_trigger_target_dag.py took 0.490 seconds
[2022-05-23 17:29:56,918] {processor.py:153} INFO - Started process (PID=236) to work on /home/airflow/.local/lib/python3.7/site-packages/airflow/example_dags/example_trigger_target_dag.py
[2022-05-23 17:29:56,919] {processor.py:641} INFO - Processing file /home/airflow/.local/lib/python3.7/site-packages/airflow/example_dags/example_trigger_target_dag.py for tasks to queue
[2022-05-23 17:29:56,920] {logging_mixin.py:115} INFO - [2022-05-23 17:29:56,920] {dagbag.py:507} INFO - Filling up the DagBag from /home/airflow/.local/lib/python3.7/site-packages/airflow/example_dags/example_trigger_target_dag.py
[2022-05-23 17:29:56,938] {processor.py:651} INFO - DAG(s) dict_keys(['example_trigger_target_dag']) retrieved from /home/airflow/.local/lib/python3.7/site-packages/airflow/example_dags/example_trigger_target_dag.py
[2022-05-23 17:29:56,970] {logging_mixin.py:115} INFO - [2022-05-23 17:29:56,969] {dag.py:2371} INFO - Sync 1 DAGs
[2022-05-23 17:29:57,133] {logging_mixin.py:115} INFO - [2022-05-23 17:29:57,133] {dag.py:2919} INFO - Setting next_dagrun for example_trigger_target_dag to None, run_after=None
[2022-05-23 17:29:57,161] {processor.py:161} INFO - Processing /home/airflow/.local/lib/python3.7/site-packages/airflow/example_dags/example_trigger_target_dag.py took 0.246 seconds
[2022-05-23 17:30:29,172] {processor.py:153} INFO - Started process (PID=289) to work on /home/airflow/.local/lib/python3.7/site-packages/airflow/example_dags/example_trigger_target_dag.py
[2022-05-23 17:30:29,286] {processor.py:641} INFO - Processing file /home/airflow/.local/lib/python3.7/site-packages/airflow/example_dags/example_trigger_target_dag.py for tasks to queue
[2022-05-23 17:30:29,287] {logging_mixin.py:115} INFO - [2022-05-23 17:30:29,287] {dagbag.py:507} INFO - Filling up the DagBag from /home/airflow/.local/lib/python3.7/site-packages/airflow/example_dags/example_trigger_target_dag.py
[2022-05-23 17:30:29,322] {processor.py:651} INFO - DAG(s) dict_keys(['example_trigger_target_dag']) retrieved from /home/airflow/.local/lib/python3.7/site-packages/airflow/example_dags/example_trigger_target_dag.py
[2022-05-23 17:30:29,352] {logging_mixin.py:115} INFO - [2022-05-23 17:30:29,352] {dag.py:2371} INFO - Sync 1 DAGs
[2022-05-23 17:30:29,498] {logging_mixin.py:115} INFO - [2022-05-23 17:30:29,498] {dag.py:2919} INFO - Setting next_dagrun for example_trigger_target_dag to None, run_after=None
[2022-05-23 17:30:29,780] {processor.py:161} INFO - Processing /home/airflow/.local/lib/python3.7/site-packages/airflow/example_dags/example_trigger_target_dag.py took 0.612 seconds
[2022-05-23 17:31:00,004] {processor.py:153} INFO - Started process (PID=353) to work on /home/airflow/.local/lib/python3.7/site-packages/airflow/example_dags/example_trigger_target_dag.py
[2022-05-23 17:31:00,005] {processor.py:641} INFO - Processing file /home/airflow/.local/lib/python3.7/site-packages/airflow/example_dags/example_trigger_target_dag.py for tasks to queue
[2022-05-23 17:31:00,006] {logging_mixin.py:115} INFO - [2022-05-23 17:31:00,006] {dagbag.py:507} INFO - Filling up the DagBag from /home/airflow/.local/lib/python3.7/site-packages/airflow/example_dags/example_trigger_target_dag.py
[2022-05-23 17:31:00,025] {processor.py:651} INFO - DAG(s) dict_keys(['example_trigger_target_dag']) retrieved from /home/airflow/.local/lib/python3.7/site-packages/airflow/example_dags/example_trigger_target_dag.py
[2022-05-23 17:31:00,057] {logging_mixin.py:115} INFO - [2022-05-23 17:31:00,057] {dag.py:2371} INFO - Sync 1 DAGs
[2022-05-23 17:31:00,228] {logging_mixin.py:115} INFO - [2022-05-23 17:31:00,228] {dag.py:2919} INFO - Setting next_dagrun for example_trigger_target_dag to None, run_after=None
[2022-05-23 17:31:00,347] {processor.py:161} INFO - Processing /home/airflow/.local/lib/python3.7/site-packages/airflow/example_dags/example_trigger_target_dag.py took 0.346 seconds
[2022-05-23 17:31:32,656] {processor.py:153} INFO - Started process (PID=407) to work on /home/airflow/.local/lib/python3.7/site-packages/airflow/example_dags/example_trigger_target_dag.py
[2022-05-23 17:31:32,664] {processor.py:641} INFO - Processing file /home/airflow/.local/lib/python3.7/site-packages/airflow/example_dags/example_trigger_target_dag.py for tasks to queue
[2022-05-23 17:31:32,665] {logging_mixin.py:115} INFO - [2022-05-23 17:31:32,665] {dagbag.py:507} INFO - Filling up the DagBag from /home/airflow/.local/lib/python3.7/site-packages/airflow/example_dags/example_trigger_target_dag.py
[2022-05-23 17:31:32,694] {processor.py:651} INFO - DAG(s) dict_keys(['example_trigger_target_dag']) retrieved from /home/airflow/.local/lib/python3.7/site-packages/airflow/example_dags/example_trigger_target_dag.py
[2022-05-23 17:31:32,723] {logging_mixin.py:115} INFO - [2022-05-23 17:31:32,723] {dag.py:2371} INFO - Sync 1 DAGs
[2022-05-23 17:31:32,888] {logging_mixin.py:115} INFO - [2022-05-23 17:31:32,888] {dag.py:2919} INFO - Setting next_dagrun for example_trigger_target_dag to None, run_after=None
[2022-05-23 17:31:32,927] {processor.py:161} INFO - Processing /home/airflow/.local/lib/python3.7/site-packages/airflow/example_dags/example_trigger_target_dag.py took 0.275 seconds
[2022-05-23 17:32:03,386] {processor.py:153} INFO - Started process (PID=469) to work on /home/airflow/.local/lib/python3.7/site-packages/airflow/example_dags/example_trigger_target_dag.py
[2022-05-23 17:32:03,386] {processor.py:641} INFO - Processing file /home/airflow/.local/lib/python3.7/site-packages/airflow/example_dags/example_trigger_target_dag.py for tasks to queue
[2022-05-23 17:32:03,387] {logging_mixin.py:115} INFO - [2022-05-23 17:32:03,387] {dagbag.py:507} INFO - Filling up the DagBag from /home/airflow/.local/lib/python3.7/site-packages/airflow/example_dags/example_trigger_target_dag.py
[2022-05-23 17:32:03,405] {processor.py:651} INFO - DAG(s) dict_keys(['example_trigger_target_dag']) retrieved from /home/airflow/.local/lib/python3.7/site-packages/airflow/example_dags/example_trigger_target_dag.py
[2022-05-23 17:32:03,430] {logging_mixin.py:115} INFO - [2022-05-23 17:32:03,430] {dag.py:2371} INFO - Sync 1 DAGs
[2022-05-23 17:32:03,583] {logging_mixin.py:115} INFO - [2022-05-23 17:32:03,582] {dag.py:2919} INFO - Setting next_dagrun for example_trigger_target_dag to None, run_after=None
[2022-05-23 17:32:04,048] {processor.py:161} INFO - Processing /home/airflow/.local/lib/python3.7/site-packages/airflow/example_dags/example_trigger_target_dag.py took 0.666 seconds
[2022-05-23 17:32:34,187] {processor.py:153} INFO - Started process (PID=523) to work on /home/airflow/.local/lib/python3.7/site-packages/airflow/example_dags/example_trigger_target_dag.py
[2022-05-23 17:32:34,344] {processor.py:641} INFO - Processing file /home/airflow/.local/lib/python3.7/site-packages/airflow/example_dags/example_trigger_target_dag.py for tasks to queue
[2022-05-23 17:32:34,345] {logging_mixin.py:115} INFO - [2022-05-23 17:32:34,345] {dagbag.py:507} INFO - Filling up the DagBag from /home/airflow/.local/lib/python3.7/site-packages/airflow/example_dags/example_trigger_target_dag.py
[2022-05-23 17:32:34,371] {processor.py:651} INFO - DAG(s) dict_keys(['example_trigger_target_dag']) retrieved from /home/airflow/.local/lib/python3.7/site-packages/airflow/example_dags/example_trigger_target_dag.py
[2022-05-23 17:32:34,406] {logging_mixin.py:115} INFO - [2022-05-23 17:32:34,406] {dag.py:2371} INFO - Sync 1 DAGs
[2022-05-23 17:32:34,558] {logging_mixin.py:115} INFO - [2022-05-23 17:32:34,558] {dag.py:2919} INFO - Setting next_dagrun for example_trigger_target_dag to None, run_after=None
[2022-05-23 17:32:34,831] {processor.py:161} INFO - Processing /home/airflow/.local/lib/python3.7/site-packages/airflow/example_dags/example_trigger_target_dag.py took 0.648 seconds
[2022-05-23 17:33:05,657] {processor.py:153} INFO - Started process (PID=586) to work on /home/airflow/.local/lib/python3.7/site-packages/airflow/example_dags/example_trigger_target_dag.py
[2022-05-23 17:33:05,658] {processor.py:641} INFO - Processing file /home/airflow/.local/lib/python3.7/site-packages/airflow/example_dags/example_trigger_target_dag.py for tasks to queue
[2022-05-23 17:33:05,659] {logging_mixin.py:115} INFO - [2022-05-23 17:33:05,659] {dagbag.py:507} INFO - Filling up the DagBag from /home/airflow/.local/lib/python3.7/site-packages/airflow/example_dags/example_trigger_target_dag.py
[2022-05-23 17:33:05,683] {processor.py:651} INFO - DAG(s) dict_keys(['example_trigger_target_dag']) retrieved from /home/airflow/.local/lib/python3.7/site-packages/airflow/example_dags/example_trigger_target_dag.py
[2022-05-23 17:33:05,712] {logging_mixin.py:115} INFO - [2022-05-23 17:33:05,712] {dag.py:2371} INFO - Sync 1 DAGs
[2022-05-23 17:33:05,863] {logging_mixin.py:115} INFO - [2022-05-23 17:33:05,863] {dag.py:2919} INFO - Setting next_dagrun for example_trigger_target_dag to None, run_after=None
[2022-05-23 17:33:06,544] {processor.py:161} INFO - Processing /home/airflow/.local/lib/python3.7/site-packages/airflow/example_dags/example_trigger_target_dag.py took 0.894 seconds
[2022-05-23 17:33:37,105] {processor.py:153} INFO - Started process (PID=642) to work on /home/airflow/.local/lib/python3.7/site-packages/airflow/example_dags/example_trigger_target_dag.py
[2022-05-23 17:33:37,117] {processor.py:641} INFO - Processing file /home/airflow/.local/lib/python3.7/site-packages/airflow/example_dags/example_trigger_target_dag.py for tasks to queue
[2022-05-23 17:33:37,118] {logging_mixin.py:115} INFO - [2022-05-23 17:33:37,118] {dagbag.py:507} INFO - Filling up the DagBag from /home/airflow/.local/lib/python3.7/site-packages/airflow/example_dags/example_trigger_target_dag.py
[2022-05-23 17:33:37,152] {processor.py:651} INFO - DAG(s) dict_keys(['example_trigger_target_dag']) retrieved from /home/airflow/.local/lib/python3.7/site-packages/airflow/example_dags/example_trigger_target_dag.py
[2022-05-23 17:33:37,185] {logging_mixin.py:115} INFO - [2022-05-23 17:33:37,185] {dag.py:2371} INFO - Sync 1 DAGs
[2022-05-23 17:33:37,350] {logging_mixin.py:115} INFO - [2022-05-23 17:33:37,350] {dag.py:2919} INFO - Setting next_dagrun for example_trigger_target_dag to None, run_after=None
[2022-05-23 17:33:37,399] {processor.py:161} INFO - Processing /home/airflow/.local/lib/python3.7/site-packages/airflow/example_dags/example_trigger_target_dag.py took 0.297 seconds
[2022-05-23 17:34:07,659] {processor.py:153} INFO - Started process (PID=705) to work on /home/airflow/.local/lib/python3.7/site-packages/airflow/example_dags/example_trigger_target_dag.py
[2022-05-23 17:34:07,670] {processor.py:641} INFO - Processing file /home/airflow/.local/lib/python3.7/site-packages/airflow/example_dags/example_trigger_target_dag.py for tasks to queue
[2022-05-23 17:34:07,670] {logging_mixin.py:115} INFO - [2022-05-23 17:34:07,670] {dagbag.py:507} INFO - Filling up the DagBag from /home/airflow/.local/lib/python3.7/site-packages/airflow/example_dags/example_trigger_target_dag.py
[2022-05-23 17:34:07,688] {processor.py:651} INFO - DAG(s) dict_keys(['example_trigger_target_dag']) retrieved from /home/airflow/.local/lib/python3.7/site-packages/airflow/example_dags/example_trigger_target_dag.py
[2022-05-23 17:34:07,732] {logging_mixin.py:115} INFO - [2022-05-23 17:34:07,732] {dag.py:2371} INFO - Sync 1 DAGs
[2022-05-23 17:34:07,916] {logging_mixin.py:115} INFO - [2022-05-23 17:34:07,916] {dag.py:2919} INFO - Setting next_dagrun for example_trigger_target_dag to None, run_after=None
[2022-05-23 17:34:09,411] {processor.py:161} INFO - Processing /home/airflow/.local/lib/python3.7/site-packages/airflow/example_dags/example_trigger_target_dag.py took 1.756 seconds
[2022-05-23 17:34:39,469] {processor.py:153} INFO - Started process (PID=762) to work on /home/airflow/.local/lib/python3.7/site-packages/airflow/example_dags/example_trigger_target_dag.py
[2022-05-23 17:34:39,469] {processor.py:641} INFO - Processing file /home/airflow/.local/lib/python3.7/site-packages/airflow/example_dags/example_trigger_target_dag.py for tasks to queue
[2022-05-23 17:34:39,470] {logging_mixin.py:115} INFO - [2022-05-23 17:34:39,470] {dagbag.py:507} INFO - Filling up the DagBag from /home/airflow/.local/lib/python3.7/site-packages/airflow/example_dags/example_trigger_target_dag.py
[2022-05-23 17:34:39,489] {processor.py:651} INFO - DAG(s) dict_keys(['example_trigger_target_dag']) retrieved from /home/airflow/.local/lib/python3.7/site-packages/airflow/example_dags/example_trigger_target_dag.py
[2022-05-23 17:34:39,521] {logging_mixin.py:115} INFO - [2022-05-23 17:34:39,520] {dag.py:2371} INFO - Sync 1 DAGs
[2022-05-23 17:34:39,669] {logging_mixin.py:115} INFO - [2022-05-23 17:34:39,669] {dag.py:2919} INFO - Setting next_dagrun for example_trigger_target_dag to None, run_after=None
[2022-05-23 17:34:40,408] {processor.py:161} INFO - Processing /home/airflow/.local/lib/python3.7/site-packages/airflow/example_dags/example_trigger_target_dag.py took 0.942 seconds
[2022-05-23 17:35:10,954] {processor.py:153} INFO - Started process (PID=824) to work on /home/airflow/.local/lib/python3.7/site-packages/airflow/example_dags/example_trigger_target_dag.py
[2022-05-23 17:35:11,690] {processor.py:641} INFO - Processing file /home/airflow/.local/lib/python3.7/site-packages/airflow/example_dags/example_trigger_target_dag.py for tasks to queue
[2022-05-23 17:35:11,828] {logging_mixin.py:115} INFO - [2022-05-23 17:35:11,828] {dagbag.py:507} INFO - Filling up the DagBag from /home/airflow/.local/lib/python3.7/site-packages/airflow/example_dags/example_trigger_target_dag.py
[2022-05-23 17:35:11,844] {processor.py:651} INFO - DAG(s) dict_keys(['example_trigger_target_dag']) retrieved from /home/airflow/.local/lib/python3.7/site-packages/airflow/example_dags/example_trigger_target_dag.py
[2022-05-23 17:35:11,870] {logging_mixin.py:115} INFO - [2022-05-23 17:35:11,870] {dag.py:2371} INFO - Sync 1 DAGs
[2022-05-23 17:35:12,017] {logging_mixin.py:115} INFO - [2022-05-23 17:35:12,017] {dag.py:2919} INFO - Setting next_dagrun for example_trigger_target_dag to None, run_after=None
[2022-05-23 17:35:12,054] {processor.py:161} INFO - Processing /home/airflow/.local/lib/python3.7/site-packages/airflow/example_dags/example_trigger_target_dag.py took 1.104 seconds
[2022-05-23 17:35:42,348] {processor.py:153} INFO - Started process (PID=881) to work on /home/airflow/.local/lib/python3.7/site-packages/airflow/example_dags/example_trigger_target_dag.py
[2022-05-23 17:35:42,349] {processor.py:641} INFO - Processing file /home/airflow/.local/lib/python3.7/site-packages/airflow/example_dags/example_trigger_target_dag.py for tasks to queue
[2022-05-23 17:35:42,350] {logging_mixin.py:115} INFO - [2022-05-23 17:35:42,350] {dagbag.py:507} INFO - Filling up the DagBag from /home/airflow/.local/lib/python3.7/site-packages/airflow/example_dags/example_trigger_target_dag.py
[2022-05-23 17:35:42,375] {processor.py:651} INFO - DAG(s) dict_keys(['example_trigger_target_dag']) retrieved from /home/airflow/.local/lib/python3.7/site-packages/airflow/example_dags/example_trigger_target_dag.py
[2022-05-23 17:35:42,409] {logging_mixin.py:115} INFO - [2022-05-23 17:35:42,409] {dag.py:2371} INFO - Sync 1 DAGs
[2022-05-23 17:35:42,556] {logging_mixin.py:115} INFO - [2022-05-23 17:35:42,556] {dag.py:2919} INFO - Setting next_dagrun for example_trigger_target_dag to None, run_after=None
[2022-05-23 17:35:42,940] {processor.py:161} INFO - Processing /home/airflow/.local/lib/python3.7/site-packages/airflow/example_dags/example_trigger_target_dag.py took 0.596 seconds
[2022-05-23 17:36:13,280] {processor.py:153} INFO - Started process (PID=944) to work on /home/airflow/.local/lib/python3.7/site-packages/airflow/example_dags/example_trigger_target_dag.py
[2022-05-23 17:36:13,280] {processor.py:641} INFO - Processing file /home/airflow/.local/lib/python3.7/site-packages/airflow/example_dags/example_trigger_target_dag.py for tasks to queue
[2022-05-23 17:36:13,281] {logging_mixin.py:115} INFO - [2022-05-23 17:36:13,281] {dagbag.py:507} INFO - Filling up the DagBag from /home/airflow/.local/lib/python3.7/site-packages/airflow/example_dags/example_trigger_target_dag.py
[2022-05-23 17:36:13,298] {processor.py:651} INFO - DAG(s) dict_keys(['example_trigger_target_dag']) retrieved from /home/airflow/.local/lib/python3.7/site-packages/airflow/example_dags/example_trigger_target_dag.py
[2022-05-23 17:36:13,331] {logging_mixin.py:115} INFO - [2022-05-23 17:36:13,331] {dag.py:2371} INFO - Sync 1 DAGs
[2022-05-23 17:36:13,492] {logging_mixin.py:115} INFO - [2022-05-23 17:36:13,492] {dag.py:2919} INFO - Setting next_dagrun for example_trigger_target_dag to None, run_after=None
[2022-05-23 17:36:13,899] {processor.py:161} INFO - Processing /home/airflow/.local/lib/python3.7/site-packages/airflow/example_dags/example_trigger_target_dag.py took 0.622 seconds
[2022-05-23 17:36:43,979] {processor.py:153} INFO - Started process (PID=997) to work on /home/airflow/.local/lib/python3.7/site-packages/airflow/example_dags/example_trigger_target_dag.py
[2022-05-23 17:36:44,110] {processor.py:641} INFO - Processing file /home/airflow/.local/lib/python3.7/site-packages/airflow/example_dags/example_trigger_target_dag.py for tasks to queue
[2022-05-23 17:36:44,112] {logging_mixin.py:115} INFO - [2022-05-23 17:36:44,112] {dagbag.py:507} INFO - Filling up the DagBag from /home/airflow/.local/lib/python3.7/site-packages/airflow/example_dags/example_trigger_target_dag.py
[2022-05-23 17:36:44,149] {processor.py:651} INFO - DAG(s) dict_keys(['example_trigger_target_dag']) retrieved from /home/airflow/.local/lib/python3.7/site-packages/airflow/example_dags/example_trigger_target_dag.py
[2022-05-23 17:36:44,181] {logging_mixin.py:115} INFO - [2022-05-23 17:36:44,181] {dag.py:2371} INFO - Sync 1 DAGs
[2022-05-23 17:36:44,338] {logging_mixin.py:115} INFO - [2022-05-23 17:36:44,338] {dag.py:2919} INFO - Setting next_dagrun for example_trigger_target_dag to None, run_after=None
[2022-05-23 17:36:44,870] {processor.py:161} INFO - Processing /home/airflow/.local/lib/python3.7/site-packages/airflow/example_dags/example_trigger_target_dag.py took 0.894 seconds
[2022-05-23 17:37:15,013] {processor.py:153} INFO - Started process (PID=1057) to work on /home/airflow/.local/lib/python3.7/site-packages/airflow/example_dags/example_trigger_target_dag.py
[2022-05-23 17:37:15,013] {processor.py:641} INFO - Processing file /home/airflow/.local/lib/python3.7/site-packages/airflow/example_dags/example_trigger_target_dag.py for tasks to queue
[2022-05-23 17:37:15,014] {logging_mixin.py:115} INFO - [2022-05-23 17:37:15,013] {dagbag.py:507} INFO - Filling up the DagBag from /home/airflow/.local/lib/python3.7/site-packages/airflow/example_dags/example_trigger_target_dag.py
[2022-05-23 17:37:15,031] {processor.py:651} INFO - DAG(s) dict_keys(['example_trigger_target_dag']) retrieved from /home/airflow/.local/lib/python3.7/site-packages/airflow/example_dags/example_trigger_target_dag.py
[2022-05-23 17:37:15,071] {logging_mixin.py:115} INFO - [2022-05-23 17:37:15,071] {dag.py:2371} INFO - Sync 1 DAGs
[2022-05-23 17:37:15,231] {logging_mixin.py:115} INFO - [2022-05-23 17:37:15,231] {dag.py:2919} INFO - Setting next_dagrun for example_trigger_target_dag to None, run_after=None
[2022-05-23 17:37:15,662] {processor.py:161} INFO - Processing /home/airflow/.local/lib/python3.7/site-packages/airflow/example_dags/example_trigger_target_dag.py took 0.652 seconds
[2022-05-23 17:49:26,105] {processor.py:153} INFO - Started process (PID=63) to work on /home/airflow/.local/lib/python3.7/site-packages/airflow/example_dags/example_trigger_target_dag.py
[2022-05-23 17:49:26,146] {processor.py:641} INFO - Processing file /home/airflow/.local/lib/python3.7/site-packages/airflow/example_dags/example_trigger_target_dag.py for tasks to queue
[2022-05-23 17:49:26,147] {logging_mixin.py:115} INFO - [2022-05-23 17:49:26,147] {dagbag.py:507} INFO - Filling up the DagBag from /home/airflow/.local/lib/python3.7/site-packages/airflow/example_dags/example_trigger_target_dag.py
[2022-05-23 17:49:26,189] {processor.py:651} INFO - DAG(s) dict_keys(['example_trigger_target_dag']) retrieved from /home/airflow/.local/lib/python3.7/site-packages/airflow/example_dags/example_trigger_target_dag.py
[2022-05-23 17:49:26,422] {logging_mixin.py:115} INFO - [2022-05-23 17:49:26,421] {dag.py:2371} INFO - Sync 1 DAGs
[2022-05-23 17:49:26,475] {logging_mixin.py:115} INFO - [2022-05-23 17:49:26,475] {dag.py:2919} INFO - Setting next_dagrun for example_trigger_target_dag to None, run_after=None
[2022-05-23 17:49:27,847] {processor.py:161} INFO - Processing /home/airflow/.local/lib/python3.7/site-packages/airflow/example_dags/example_trigger_target_dag.py took 1.746 seconds
[2022-05-23 17:49:58,568] {processor.py:153} INFO - Started process (PID=119) to work on /home/airflow/.local/lib/python3.7/site-packages/airflow/example_dags/example_trigger_target_dag.py
[2022-05-23 17:49:59,539] {processor.py:641} INFO - Processing file /home/airflow/.local/lib/python3.7/site-packages/airflow/example_dags/example_trigger_target_dag.py for tasks to queue
[2022-05-23 17:49:59,730] {logging_mixin.py:115} INFO - [2022-05-23 17:49:59,729] {dagbag.py:507} INFO - Filling up the DagBag from /home/airflow/.local/lib/python3.7/site-packages/airflow/example_dags/example_trigger_target_dag.py
[2022-05-23 17:49:59,774] {processor.py:651} INFO - DAG(s) dict_keys(['example_trigger_target_dag']) retrieved from /home/airflow/.local/lib/python3.7/site-packages/airflow/example_dags/example_trigger_target_dag.py
[2022-05-23 17:49:59,937] {logging_mixin.py:115} INFO - [2022-05-23 17:49:59,936] {dag.py:2371} INFO - Sync 1 DAGs
[2022-05-23 17:49:59,969] {logging_mixin.py:115} INFO - [2022-05-23 17:49:59,968] {dag.py:2919} INFO - Setting next_dagrun for example_trigger_target_dag to None, run_after=None
[2022-05-23 17:50:00,003] {processor.py:161} INFO - Processing /home/airflow/.local/lib/python3.7/site-packages/airflow/example_dags/example_trigger_target_dag.py took 1.439 seconds
[2022-05-23 17:50:30,132] {processor.py:153} INFO - Started process (PID=173) to work on /home/airflow/.local/lib/python3.7/site-packages/airflow/example_dags/example_trigger_target_dag.py
[2022-05-23 17:50:30,134] {processor.py:641} INFO - Processing file /home/airflow/.local/lib/python3.7/site-packages/airflow/example_dags/example_trigger_target_dag.py for tasks to queue
[2022-05-23 17:50:30,138] {logging_mixin.py:115} INFO - [2022-05-23 17:50:30,137] {dagbag.py:507} INFO - Filling up the DagBag from /home/airflow/.local/lib/python3.7/site-packages/airflow/example_dags/example_trigger_target_dag.py
[2022-05-23 17:50:30,173] {processor.py:651} INFO - DAG(s) dict_keys(['example_trigger_target_dag']) retrieved from /home/airflow/.local/lib/python3.7/site-packages/airflow/example_dags/example_trigger_target_dag.py
[2022-05-23 17:50:30,322] {logging_mixin.py:115} INFO - [2022-05-23 17:50:30,321] {dag.py:2371} INFO - Sync 1 DAGs
[2022-05-23 17:50:30,348] {logging_mixin.py:115} INFO - [2022-05-23 17:50:30,348] {dag.py:2919} INFO - Setting next_dagrun for example_trigger_target_dag to None, run_after=None
[2022-05-23 17:50:30,844] {processor.py:161} INFO - Processing /home/airflow/.local/lib/python3.7/site-packages/airflow/example_dags/example_trigger_target_dag.py took 0.724 seconds
[2022-05-23 17:51:01,346] {processor.py:153} INFO - Started process (PID=236) to work on /home/airflow/.local/lib/python3.7/site-packages/airflow/example_dags/example_trigger_target_dag.py
[2022-05-23 17:51:01,347] {processor.py:641} INFO - Processing file /home/airflow/.local/lib/python3.7/site-packages/airflow/example_dags/example_trigger_target_dag.py for tasks to queue
[2022-05-23 17:51:01,348] {logging_mixin.py:115} INFO - [2022-05-23 17:51:01,348] {dagbag.py:507} INFO - Filling up the DagBag from /home/airflow/.local/lib/python3.7/site-packages/airflow/example_dags/example_trigger_target_dag.py
[2022-05-23 17:51:01,375] {processor.py:651} INFO - DAG(s) dict_keys(['example_trigger_target_dag']) retrieved from /home/airflow/.local/lib/python3.7/site-packages/airflow/example_dags/example_trigger_target_dag.py
[2022-05-23 17:51:01,533] {logging_mixin.py:115} INFO - [2022-05-23 17:51:01,532] {dag.py:2371} INFO - Sync 1 DAGs
[2022-05-23 17:51:01,562] {logging_mixin.py:115} INFO - [2022-05-23 17:51:01,562] {dag.py:2919} INFO - Setting next_dagrun for example_trigger_target_dag to None, run_after=None
[2022-05-23 17:51:01,613] {processor.py:161} INFO - Processing /home/airflow/.local/lib/python3.7/site-packages/airflow/example_dags/example_trigger_target_dag.py took 0.274 seconds
[2022-05-23 17:51:31,917] {processor.py:153} INFO - Started process (PID=290) to work on /home/airflow/.local/lib/python3.7/site-packages/airflow/example_dags/example_trigger_target_dag.py
[2022-05-23 17:51:31,918] {processor.py:641} INFO - Processing file /home/airflow/.local/lib/python3.7/site-packages/airflow/example_dags/example_trigger_target_dag.py for tasks to queue
[2022-05-23 17:51:31,918] {logging_mixin.py:115} INFO - [2022-05-23 17:51:31,918] {dagbag.py:507} INFO - Filling up the DagBag from /home/airflow/.local/lib/python3.7/site-packages/airflow/example_dags/example_trigger_target_dag.py
[2022-05-23 17:51:31,941] {processor.py:651} INFO - DAG(s) dict_keys(['example_trigger_target_dag']) retrieved from /home/airflow/.local/lib/python3.7/site-packages/airflow/example_dags/example_trigger_target_dag.py
[2022-05-23 17:51:32,087] {logging_mixin.py:115} INFO - [2022-05-23 17:51:32,087] {dag.py:2371} INFO - Sync 1 DAGs
[2022-05-23 17:51:32,114] {logging_mixin.py:115} INFO - [2022-05-23 17:51:32,114] {dag.py:2919} INFO - Setting next_dagrun for example_trigger_target_dag to None, run_after=None
[2022-05-23 17:51:32,299] {processor.py:161} INFO - Processing /home/airflow/.local/lib/python3.7/site-packages/airflow/example_dags/example_trigger_target_dag.py took 0.385 seconds
[2022-05-23 17:52:02,494] {processor.py:153} INFO - Started process (PID=343) to work on /home/airflow/.local/lib/python3.7/site-packages/airflow/example_dags/example_trigger_target_dag.py
[2022-05-23 17:52:02,494] {processor.py:641} INFO - Processing file /home/airflow/.local/lib/python3.7/site-packages/airflow/example_dags/example_trigger_target_dag.py for tasks to queue
[2022-05-23 17:52:02,495] {logging_mixin.py:115} INFO - [2022-05-23 17:52:02,495] {dagbag.py:507} INFO - Filling up the DagBag from /home/airflow/.local/lib/python3.7/site-packages/airflow/example_dags/example_trigger_target_dag.py
[2022-05-23 17:52:02,520] {processor.py:651} INFO - DAG(s) dict_keys(['example_trigger_target_dag']) retrieved from /home/airflow/.local/lib/python3.7/site-packages/airflow/example_dags/example_trigger_target_dag.py
[2022-05-23 17:52:02,660] {logging_mixin.py:115} INFO - [2022-05-23 17:52:02,660] {dag.py:2371} INFO - Sync 1 DAGs
[2022-05-23 17:52:02,686] {logging_mixin.py:115} INFO - [2022-05-23 17:52:02,686] {dag.py:2919} INFO - Setting next_dagrun for example_trigger_target_dag to None, run_after=None
[2022-05-23 17:52:02,711] {processor.py:161} INFO - Processing /home/airflow/.local/lib/python3.7/site-packages/airflow/example_dags/example_trigger_target_dag.py took 0.221 seconds
[2022-05-23 17:52:33,495] {processor.py:153} INFO - Started process (PID=406) to work on /home/airflow/.local/lib/python3.7/site-packages/airflow/example_dags/example_trigger_target_dag.py
[2022-05-23 17:52:33,582] {processor.py:641} INFO - Processing file /home/airflow/.local/lib/python3.7/site-packages/airflow/example_dags/example_trigger_target_dag.py for tasks to queue
[2022-05-23 17:52:33,583] {logging_mixin.py:115} INFO - [2022-05-23 17:52:33,583] {dagbag.py:507} INFO - Filling up the DagBag from /home/airflow/.local/lib/python3.7/site-packages/airflow/example_dags/example_trigger_target_dag.py
[2022-05-23 17:52:33,622] {processor.py:651} INFO - DAG(s) dict_keys(['example_trigger_target_dag']) retrieved from /home/airflow/.local/lib/python3.7/site-packages/airflow/example_dags/example_trigger_target_dag.py
[2022-05-23 17:52:33,767] {logging_mixin.py:115} INFO - [2022-05-23 17:52:33,767] {dag.py:2371} INFO - Sync 1 DAGs
[2022-05-23 17:52:33,794] {logging_mixin.py:115} INFO - [2022-05-23 17:52:33,794] {dag.py:2919} INFO - Setting next_dagrun for example_trigger_target_dag to None, run_after=None
[2022-05-23 17:52:33,907] {processor.py:161} INFO - Processing /home/airflow/.local/lib/python3.7/site-packages/airflow/example_dags/example_trigger_target_dag.py took 0.416 seconds
[2022-05-23 17:53:04,869] {processor.py:153} INFO - Started process (PID=459) to work on /home/airflow/.local/lib/python3.7/site-packages/airflow/example_dags/example_trigger_target_dag.py
[2022-05-23 17:53:04,870] {processor.py:641} INFO - Processing file /home/airflow/.local/lib/python3.7/site-packages/airflow/example_dags/example_trigger_target_dag.py for tasks to queue
[2022-05-23 17:53:04,870] {logging_mixin.py:115} INFO - [2022-05-23 17:53:04,870] {dagbag.py:507} INFO - Filling up the DagBag from /home/airflow/.local/lib/python3.7/site-packages/airflow/example_dags/example_trigger_target_dag.py
[2022-05-23 17:53:04,892] {processor.py:651} INFO - DAG(s) dict_keys(['example_trigger_target_dag']) retrieved from /home/airflow/.local/lib/python3.7/site-packages/airflow/example_dags/example_trigger_target_dag.py
[2022-05-23 17:53:05,049] {logging_mixin.py:115} INFO - [2022-05-23 17:53:05,048] {dag.py:2371} INFO - Sync 1 DAGs
[2022-05-23 17:53:05,075] {logging_mixin.py:115} INFO - [2022-05-23 17:53:05,075] {dag.py:2919} INFO - Setting next_dagrun for example_trigger_target_dag to None, run_after=None
[2022-05-23 17:53:05,109] {processor.py:161} INFO - Processing /home/airflow/.local/lib/python3.7/site-packages/airflow/example_dags/example_trigger_target_dag.py took 0.243 seconds
[2022-05-23 17:53:36,305] {processor.py:153} INFO - Started process (PID=521) to work on /home/airflow/.local/lib/python3.7/site-packages/airflow/example_dags/example_trigger_target_dag.py
[2022-05-23 17:53:36,305] {processor.py:641} INFO - Processing file /home/airflow/.local/lib/python3.7/site-packages/airflow/example_dags/example_trigger_target_dag.py for tasks to queue
[2022-05-23 17:53:36,306] {logging_mixin.py:115} INFO - [2022-05-23 17:53:36,306] {dagbag.py:507} INFO - Filling up the DagBag from /home/airflow/.local/lib/python3.7/site-packages/airflow/example_dags/example_trigger_target_dag.py
[2022-05-23 17:53:36,327] {processor.py:651} INFO - DAG(s) dict_keys(['example_trigger_target_dag']) retrieved from /home/airflow/.local/lib/python3.7/site-packages/airflow/example_dags/example_trigger_target_dag.py
[2022-05-23 17:53:36,477] {logging_mixin.py:115} INFO - [2022-05-23 17:53:36,476] {dag.py:2371} INFO - Sync 1 DAGs
[2022-05-23 17:53:36,504] {logging_mixin.py:115} INFO - [2022-05-23 17:53:36,504] {dag.py:2919} INFO - Setting next_dagrun for example_trigger_target_dag to None, run_after=None
[2022-05-23 17:53:36,540] {processor.py:161} INFO - Processing /home/airflow/.local/lib/python3.7/site-packages/airflow/example_dags/example_trigger_target_dag.py took 0.239 seconds
[2022-05-23 17:54:08,090] {processor.py:153} INFO - Started process (PID=575) to work on /home/airflow/.local/lib/python3.7/site-packages/airflow/example_dags/example_trigger_target_dag.py
[2022-05-23 17:54:08,091] {processor.py:641} INFO - Processing file /home/airflow/.local/lib/python3.7/site-packages/airflow/example_dags/example_trigger_target_dag.py for tasks to queue
[2022-05-23 17:54:08,091] {logging_mixin.py:115} INFO - [2022-05-23 17:54:08,091] {dagbag.py:507} INFO - Filling up the DagBag from /home/airflow/.local/lib/python3.7/site-packages/airflow/example_dags/example_trigger_target_dag.py
[2022-05-23 17:54:08,112] {processor.py:651} INFO - DAG(s) dict_keys(['example_trigger_target_dag']) retrieved from /home/airflow/.local/lib/python3.7/site-packages/airflow/example_dags/example_trigger_target_dag.py
[2022-05-23 17:54:08,265] {logging_mixin.py:115} INFO - [2022-05-23 17:54:08,265] {dag.py:2371} INFO - Sync 1 DAGs
[2022-05-23 17:54:08,291] {logging_mixin.py:115} INFO - [2022-05-23 17:54:08,291] {dag.py:2919} INFO - Setting next_dagrun for example_trigger_target_dag to None, run_after=None
[2022-05-23 17:54:08,323] {processor.py:161} INFO - Processing /home/airflow/.local/lib/python3.7/site-packages/airflow/example_dags/example_trigger_target_dag.py took 0.236 seconds
[2022-05-23 18:03:40,976] {processor.py:153} INFO - Started process (PID=65) to work on /home/airflow/.local/lib/python3.7/site-packages/airflow/example_dags/example_trigger_target_dag.py
[2022-05-23 18:03:41,126] {processor.py:641} INFO - Processing file /home/airflow/.local/lib/python3.7/site-packages/airflow/example_dags/example_trigger_target_dag.py for tasks to queue
[2022-05-23 18:03:41,127] {logging_mixin.py:115} INFO - [2022-05-23 18:03:41,127] {dagbag.py:507} INFO - Filling up the DagBag from /home/airflow/.local/lib/python3.7/site-packages/airflow/example_dags/example_trigger_target_dag.py
[2022-05-23 18:03:41,166] {processor.py:651} INFO - DAG(s) dict_keys(['example_trigger_target_dag']) retrieved from /home/airflow/.local/lib/python3.7/site-packages/airflow/example_dags/example_trigger_target_dag.py
[2022-05-23 18:03:41,338] {logging_mixin.py:115} INFO - [2022-05-23 18:03:41,338] {dag.py:2371} INFO - Sync 1 DAGs
[2022-05-23 18:03:41,366] {logging_mixin.py:115} INFO - [2022-05-23 18:03:41,366] {dag.py:2919} INFO - Setting next_dagrun for example_trigger_target_dag to None, run_after=None
[2022-05-23 18:03:41,727] {processor.py:161} INFO - Processing /home/airflow/.local/lib/python3.7/site-packages/airflow/example_dags/example_trigger_target_dag.py took 0.754 seconds
[2022-05-23 18:04:13,515] {processor.py:153} INFO - Started process (PID=120) to work on /home/airflow/.local/lib/python3.7/site-packages/airflow/example_dags/example_trigger_target_dag.py
[2022-05-23 18:04:13,530] {processor.py:641} INFO - Processing file /home/airflow/.local/lib/python3.7/site-packages/airflow/example_dags/example_trigger_target_dag.py for tasks to queue
[2022-05-23 18:04:13,532] {logging_mixin.py:115} INFO - [2022-05-23 18:04:13,531] {dagbag.py:507} INFO - Filling up the DagBag from /home/airflow/.local/lib/python3.7/site-packages/airflow/example_dags/example_trigger_target_dag.py
[2022-05-23 18:04:13,574] {processor.py:651} INFO - DAG(s) dict_keys(['example_trigger_target_dag']) retrieved from /home/airflow/.local/lib/python3.7/site-packages/airflow/example_dags/example_trigger_target_dag.py
[2022-05-23 18:04:13,722] {logging_mixin.py:115} INFO - [2022-05-23 18:04:13,722] {dag.py:2371} INFO - Sync 1 DAGs
[2022-05-23 18:04:13,749] {logging_mixin.py:115} INFO - [2022-05-23 18:04:13,749] {dag.py:2919} INFO - Setting next_dagrun for example_trigger_target_dag to None, run_after=None
[2022-05-23 18:04:14,445] {processor.py:161} INFO - Processing /home/airflow/.local/lib/python3.7/site-packages/airflow/example_dags/example_trigger_target_dag.py took 0.936 seconds
[2022-05-23 18:04:44,973] {processor.py:153} INFO - Started process (PID=175) to work on /home/airflow/.local/lib/python3.7/site-packages/airflow/example_dags/example_trigger_target_dag.py
[2022-05-23 18:04:45,079] {processor.py:641} INFO - Processing file /home/airflow/.local/lib/python3.7/site-packages/airflow/example_dags/example_trigger_target_dag.py for tasks to queue
[2022-05-23 18:04:45,081] {logging_mixin.py:115} INFO - [2022-05-23 18:04:45,081] {dagbag.py:507} INFO - Filling up the DagBag from /home/airflow/.local/lib/python3.7/site-packages/airflow/example_dags/example_trigger_target_dag.py
[2022-05-23 18:04:45,125] {processor.py:651} INFO - DAG(s) dict_keys(['example_trigger_target_dag']) retrieved from /home/airflow/.local/lib/python3.7/site-packages/airflow/example_dags/example_trigger_target_dag.py
[2022-05-23 18:04:45,277] {logging_mixin.py:115} INFO - [2022-05-23 18:04:45,277] {dag.py:2371} INFO - Sync 1 DAGs
[2022-05-23 18:04:45,304] {logging_mixin.py:115} INFO - [2022-05-23 18:04:45,304] {dag.py:2919} INFO - Setting next_dagrun for example_trigger_target_dag to None, run_after=None
[2022-05-23 18:04:45,368] {processor.py:161} INFO - Processing /home/airflow/.local/lib/python3.7/site-packages/airflow/example_dags/example_trigger_target_dag.py took 0.401 seconds
[2022-05-23 18:05:16,329] {processor.py:153} INFO - Started process (PID=228) to work on /home/airflow/.local/lib/python3.7/site-packages/airflow/example_dags/example_trigger_target_dag.py
[2022-05-23 18:05:16,330] {processor.py:641} INFO - Processing file /home/airflow/.local/lib/python3.7/site-packages/airflow/example_dags/example_trigger_target_dag.py for tasks to queue
[2022-05-23 18:05:16,330] {logging_mixin.py:115} INFO - [2022-05-23 18:05:16,330] {dagbag.py:507} INFO - Filling up the DagBag from /home/airflow/.local/lib/python3.7/site-packages/airflow/example_dags/example_trigger_target_dag.py
[2022-05-23 18:05:16,353] {processor.py:651} INFO - DAG(s) dict_keys(['example_trigger_target_dag']) retrieved from /home/airflow/.local/lib/python3.7/site-packages/airflow/example_dags/example_trigger_target_dag.py
[2022-05-23 18:05:16,510] {logging_mixin.py:115} INFO - [2022-05-23 18:05:16,510] {dag.py:2371} INFO - Sync 1 DAGs
[2022-05-23 18:05:16,543] {logging_mixin.py:115} INFO - [2022-05-23 18:05:16,543] {dag.py:2919} INFO - Setting next_dagrun for example_trigger_target_dag to None, run_after=None
[2022-05-23 18:05:16,585] {processor.py:161} INFO - Processing /home/airflow/.local/lib/python3.7/site-packages/airflow/example_dags/example_trigger_target_dag.py took 0.260 seconds
[2022-05-23 18:05:46,808] {processor.py:153} INFO - Started process (PID=283) to work on /home/airflow/.local/lib/python3.7/site-packages/airflow/example_dags/example_trigger_target_dag.py
[2022-05-23 18:05:46,809] {processor.py:641} INFO - Processing file /home/airflow/.local/lib/python3.7/site-packages/airflow/example_dags/example_trigger_target_dag.py for tasks to queue
[2022-05-23 18:05:46,810] {logging_mixin.py:115} INFO - [2022-05-23 18:05:46,810] {dagbag.py:507} INFO - Filling up the DagBag from /home/airflow/.local/lib/python3.7/site-packages/airflow/example_dags/example_trigger_target_dag.py
[2022-05-23 18:05:46,834] {processor.py:651} INFO - DAG(s) dict_keys(['example_trigger_target_dag']) retrieved from /home/airflow/.local/lib/python3.7/site-packages/airflow/example_dags/example_trigger_target_dag.py
[2022-05-23 18:05:46,994] {logging_mixin.py:115} INFO - [2022-05-23 18:05:46,994] {dag.py:2371} INFO - Sync 1 DAGs
[2022-05-23 18:05:47,023] {logging_mixin.py:115} INFO - [2022-05-23 18:05:47,023] {dag.py:2919} INFO - Setting next_dagrun for example_trigger_target_dag to None, run_after=None
[2022-05-23 18:05:47,072] {processor.py:161} INFO - Processing /home/airflow/.local/lib/python3.7/site-packages/airflow/example_dags/example_trigger_target_dag.py took 0.267 seconds
[2022-05-23 18:06:18,722] {processor.py:153} INFO - Started process (PID=346) to work on /home/airflow/.local/lib/python3.7/site-packages/airflow/example_dags/example_trigger_target_dag.py
[2022-05-23 18:06:18,743] {processor.py:641} INFO - Processing file /home/airflow/.local/lib/python3.7/site-packages/airflow/example_dags/example_trigger_target_dag.py for tasks to queue
[2022-05-23 18:06:18,744] {logging_mixin.py:115} INFO - [2022-05-23 18:06:18,744] {dagbag.py:507} INFO - Filling up the DagBag from /home/airflow/.local/lib/python3.7/site-packages/airflow/example_dags/example_trigger_target_dag.py
[2022-05-23 18:06:18,773] {processor.py:651} INFO - DAG(s) dict_keys(['example_trigger_target_dag']) retrieved from /home/airflow/.local/lib/python3.7/site-packages/airflow/example_dags/example_trigger_target_dag.py
[2022-05-23 18:06:18,951] {logging_mixin.py:115} INFO - [2022-05-23 18:06:18,951] {dag.py:2371} INFO - Sync 1 DAGs
[2022-05-23 18:06:18,985] {logging_mixin.py:115} INFO - [2022-05-23 18:06:18,985] {dag.py:2919} INFO - Setting next_dagrun for example_trigger_target_dag to None, run_after=None
[2022-05-23 18:06:19,021] {processor.py:161} INFO - Processing /home/airflow/.local/lib/python3.7/site-packages/airflow/example_dags/example_trigger_target_dag.py took 0.303 seconds
[2022-05-23 18:06:50,041] {processor.py:153} INFO - Started process (PID=401) to work on /home/airflow/.local/lib/python3.7/site-packages/airflow/example_dags/example_trigger_target_dag.py
[2022-05-23 18:06:50,042] {processor.py:641} INFO - Processing file /home/airflow/.local/lib/python3.7/site-packages/airflow/example_dags/example_trigger_target_dag.py for tasks to queue
[2022-05-23 18:06:50,043] {logging_mixin.py:115} INFO - [2022-05-23 18:06:50,043] {dagbag.py:507} INFO - Filling up the DagBag from /home/airflow/.local/lib/python3.7/site-packages/airflow/example_dags/example_trigger_target_dag.py
[2022-05-23 18:06:50,072] {processor.py:651} INFO - DAG(s) dict_keys(['example_trigger_target_dag']) retrieved from /home/airflow/.local/lib/python3.7/site-packages/airflow/example_dags/example_trigger_target_dag.py
[2022-05-23 18:06:50,258] {logging_mixin.py:115} INFO - [2022-05-23 18:06:50,258] {dag.py:2371} INFO - Sync 1 DAGs
[2022-05-23 18:06:50,294] {logging_mixin.py:115} INFO - [2022-05-23 18:06:50,294] {dag.py:2919} INFO - Setting next_dagrun for example_trigger_target_dag to None, run_after=None
[2022-05-23 18:06:50,324] {processor.py:161} INFO - Processing /home/airflow/.local/lib/python3.7/site-packages/airflow/example_dags/example_trigger_target_dag.py took 0.287 seconds
[2022-05-23 18:07:22,014] {processor.py:153} INFO - Started process (PID=454) to work on /home/airflow/.local/lib/python3.7/site-packages/airflow/example_dags/example_trigger_target_dag.py
[2022-05-23 18:07:22,015] {processor.py:641} INFO - Processing file /home/airflow/.local/lib/python3.7/site-packages/airflow/example_dags/example_trigger_target_dag.py for tasks to queue
[2022-05-23 18:07:22,015] {logging_mixin.py:115} INFO - [2022-05-23 18:07:22,015] {dagbag.py:507} INFO - Filling up the DagBag from /home/airflow/.local/lib/python3.7/site-packages/airflow/example_dags/example_trigger_target_dag.py
[2022-05-23 18:07:22,043] {processor.py:651} INFO - DAG(s) dict_keys(['example_trigger_target_dag']) retrieved from /home/airflow/.local/lib/python3.7/site-packages/airflow/example_dags/example_trigger_target_dag.py
[2022-05-23 18:07:22,203] {logging_mixin.py:115} INFO - [2022-05-23 18:07:22,203] {dag.py:2371} INFO - Sync 1 DAGs
[2022-05-23 18:07:22,231] {logging_mixin.py:115} INFO - [2022-05-23 18:07:22,230] {dag.py:2919} INFO - Setting next_dagrun for example_trigger_target_dag to None, run_after=None
[2022-05-23 18:07:22,287] {processor.py:161} INFO - Processing /home/airflow/.local/lib/python3.7/site-packages/airflow/example_dags/example_trigger_target_dag.py took 0.276 seconds
[2022-05-23 18:07:53,756] {processor.py:153} INFO - Started process (PID=517) to work on /home/airflow/.local/lib/python3.7/site-packages/airflow/example_dags/example_trigger_target_dag.py
[2022-05-23 18:07:53,879] {processor.py:641} INFO - Processing file /home/airflow/.local/lib/python3.7/site-packages/airflow/example_dags/example_trigger_target_dag.py for tasks to queue
[2022-05-23 18:07:53,881] {logging_mixin.py:115} INFO - [2022-05-23 18:07:53,881] {dagbag.py:507} INFO - Filling up the DagBag from /home/airflow/.local/lib/python3.7/site-packages/airflow/example_dags/example_trigger_target_dag.py
[2022-05-23 18:07:53,923] {processor.py:651} INFO - DAG(s) dict_keys(['example_trigger_target_dag']) retrieved from /home/airflow/.local/lib/python3.7/site-packages/airflow/example_dags/example_trigger_target_dag.py
[2022-05-23 18:07:54,068] {logging_mixin.py:115} INFO - [2022-05-23 18:07:54,068] {dag.py:2371} INFO - Sync 1 DAGs
[2022-05-23 18:07:54,243] {logging_mixin.py:115} INFO - [2022-05-23 18:07:54,243] {dag.py:2919} INFO - Setting next_dagrun for example_trigger_target_dag to None, run_after=None
[2022-05-23 18:07:54,397] {processor.py:161} INFO - Processing /home/airflow/.local/lib/python3.7/site-packages/airflow/example_dags/example_trigger_target_dag.py took 0.645 seconds
[2022-05-23 18:08:24,821] {processor.py:153} INFO - Started process (PID=571) to work on /home/airflow/.local/lib/python3.7/site-packages/airflow/example_dags/example_trigger_target_dag.py
[2022-05-23 18:08:25,320] {processor.py:641} INFO - Processing file /home/airflow/.local/lib/python3.7/site-packages/airflow/example_dags/example_trigger_target_dag.py for tasks to queue
[2022-05-23 18:08:25,385] {logging_mixin.py:115} INFO - [2022-05-23 18:08:25,384] {dagbag.py:507} INFO - Filling up the DagBag from /home/airflow/.local/lib/python3.7/site-packages/airflow/example_dags/example_trigger_target_dag.py
[2022-05-23 18:08:25,426] {processor.py:651} INFO - DAG(s) dict_keys(['example_trigger_target_dag']) retrieved from /home/airflow/.local/lib/python3.7/site-packages/airflow/example_dags/example_trigger_target_dag.py
[2022-05-23 18:08:25,586] {logging_mixin.py:115} INFO - [2022-05-23 18:08:25,586] {dag.py:2371} INFO - Sync 1 DAGs
[2022-05-23 18:08:25,616] {logging_mixin.py:115} INFO - [2022-05-23 18:08:25,616] {dag.py:2919} INFO - Setting next_dagrun for example_trigger_target_dag to None, run_after=None
[2022-05-23 18:08:26,340] {processor.py:161} INFO - Processing /home/airflow/.local/lib/python3.7/site-packages/airflow/example_dags/example_trigger_target_dag.py took 1.528 seconds
[2022-05-23 18:08:56,708] {processor.py:153} INFO - Started process (PID=633) to work on /home/airflow/.local/lib/python3.7/site-packages/airflow/example_dags/example_trigger_target_dag.py
[2022-05-23 18:08:56,751] {processor.py:641} INFO - Processing file /home/airflow/.local/lib/python3.7/site-packages/airflow/example_dags/example_trigger_target_dag.py for tasks to queue
[2022-05-23 18:08:56,752] {logging_mixin.py:115} INFO - [2022-05-23 18:08:56,752] {dagbag.py:507} INFO - Filling up the DagBag from /home/airflow/.local/lib/python3.7/site-packages/airflow/example_dags/example_trigger_target_dag.py
[2022-05-23 18:08:56,779] {processor.py:651} INFO - DAG(s) dict_keys(['example_trigger_target_dag']) retrieved from /home/airflow/.local/lib/python3.7/site-packages/airflow/example_dags/example_trigger_target_dag.py
[2022-05-23 18:08:56,811] {logging_mixin.py:115} INFO - [2022-05-23 18:08:56,811] {dag.py:2371} INFO - Sync 1 DAGs
[2022-05-23 18:08:56,839] {logging_mixin.py:115} INFO - [2022-05-23 18:08:56,839] {dag.py:2919} INFO - Setting next_dagrun for example_trigger_target_dag to None, run_after=None
[2022-05-23 18:08:57,896] {processor.py:161} INFO - Processing /home/airflow/.local/lib/python3.7/site-packages/airflow/example_dags/example_trigger_target_dag.py took 1.192 seconds
[2022-05-23 18:09:28,327] {processor.py:153} INFO - Started process (PID=687) to work on /home/airflow/.local/lib/python3.7/site-packages/airflow/example_dags/example_trigger_target_dag.py
[2022-05-23 18:09:28,447] {processor.py:641} INFO - Processing file /home/airflow/.local/lib/python3.7/site-packages/airflow/example_dags/example_trigger_target_dag.py for tasks to queue
[2022-05-23 18:09:28,447] {logging_mixin.py:115} INFO - [2022-05-23 18:09:28,447] {dagbag.py:507} INFO - Filling up the DagBag from /home/airflow/.local/lib/python3.7/site-packages/airflow/example_dags/example_trigger_target_dag.py
[2022-05-23 18:09:28,464] {processor.py:651} INFO - DAG(s) dict_keys(['example_trigger_target_dag']) retrieved from /home/airflow/.local/lib/python3.7/site-packages/airflow/example_dags/example_trigger_target_dag.py
[2022-05-23 18:09:28,486] {logging_mixin.py:115} INFO - [2022-05-23 18:09:28,485] {dag.py:2371} INFO - Sync 1 DAGs
[2022-05-23 18:09:28,508] {logging_mixin.py:115} INFO - [2022-05-23 18:09:28,508] {dag.py:2919} INFO - Setting next_dagrun for example_trigger_target_dag to None, run_after=None
[2022-05-23 18:09:28,975] {processor.py:161} INFO - Processing /home/airflow/.local/lib/python3.7/site-packages/airflow/example_dags/example_trigger_target_dag.py took 0.652 seconds
[2022-05-23 18:09:59,108] {processor.py:153} INFO - Started process (PID=741) to work on /home/airflow/.local/lib/python3.7/site-packages/airflow/example_dags/example_trigger_target_dag.py
[2022-05-23 18:09:59,169] {processor.py:641} INFO - Processing file /home/airflow/.local/lib/python3.7/site-packages/airflow/example_dags/example_trigger_target_dag.py for tasks to queue
[2022-05-23 18:09:59,170] {logging_mixin.py:115} INFO - [2022-05-23 18:09:59,170] {dagbag.py:507} INFO - Filling up the DagBag from /home/airflow/.local/lib/python3.7/site-packages/airflow/example_dags/example_trigger_target_dag.py
[2022-05-23 18:09:59,195] {processor.py:651} INFO - DAG(s) dict_keys(['example_trigger_target_dag']) retrieved from /home/airflow/.local/lib/python3.7/site-packages/airflow/example_dags/example_trigger_target_dag.py
[2022-05-23 18:09:59,220] {logging_mixin.py:115} INFO - [2022-05-23 18:09:59,219] {dag.py:2371} INFO - Sync 1 DAGs
[2022-05-23 18:09:59,245] {logging_mixin.py:115} INFO - [2022-05-23 18:09:59,244] {dag.py:2919} INFO - Setting next_dagrun for example_trigger_target_dag to None, run_after=None
[2022-05-23 18:09:59,301] {processor.py:161} INFO - Processing /home/airflow/.local/lib/python3.7/site-packages/airflow/example_dags/example_trigger_target_dag.py took 0.195 seconds
[2022-05-23 18:10:30,115] {processor.py:153} INFO - Started process (PID=804) to work on /home/airflow/.local/lib/python3.7/site-packages/airflow/example_dags/example_trigger_target_dag.py
[2022-05-23 18:10:30,129] {processor.py:641} INFO - Processing file /home/airflow/.local/lib/python3.7/site-packages/airflow/example_dags/example_trigger_target_dag.py for tasks to queue
[2022-05-23 18:10:30,130] {logging_mixin.py:115} INFO - [2022-05-23 18:10:30,130] {dagbag.py:507} INFO - Filling up the DagBag from /home/airflow/.local/lib/python3.7/site-packages/airflow/example_dags/example_trigger_target_dag.py
[2022-05-23 18:10:30,153] {processor.py:651} INFO - DAG(s) dict_keys(['example_trigger_target_dag']) retrieved from /home/airflow/.local/lib/python3.7/site-packages/airflow/example_dags/example_trigger_target_dag.py
[2022-05-23 18:10:30,178] {logging_mixin.py:115} INFO - [2022-05-23 18:10:30,178] {dag.py:2371} INFO - Sync 1 DAGs
[2022-05-23 18:10:30,202] {logging_mixin.py:115} INFO - [2022-05-23 18:10:30,202] {dag.py:2919} INFO - Setting next_dagrun for example_trigger_target_dag to None, run_after=None
[2022-05-23 18:10:30,228] {processor.py:161} INFO - Processing /home/airflow/.local/lib/python3.7/site-packages/airflow/example_dags/example_trigger_target_dag.py took 0.117 seconds
[2022-05-23 18:11:00,537] {processor.py:153} INFO - Started process (PID=858) to work on /home/airflow/.local/lib/python3.7/site-packages/airflow/example_dags/example_trigger_target_dag.py
[2022-05-23 18:11:00,543] {processor.py:641} INFO - Processing file /home/airflow/.local/lib/python3.7/site-packages/airflow/example_dags/example_trigger_target_dag.py for tasks to queue
[2022-05-23 18:11:00,544] {logging_mixin.py:115} INFO - [2022-05-23 18:11:00,543] {dagbag.py:507} INFO - Filling up the DagBag from /home/airflow/.local/lib/python3.7/site-packages/airflow/example_dags/example_trigger_target_dag.py
[2022-05-23 18:11:00,562] {processor.py:651} INFO - DAG(s) dict_keys(['example_trigger_target_dag']) retrieved from /home/airflow/.local/lib/python3.7/site-packages/airflow/example_dags/example_trigger_target_dag.py
[2022-05-23 18:11:00,586] {logging_mixin.py:115} INFO - [2022-05-23 18:11:00,586] {dag.py:2371} INFO - Sync 1 DAGs
[2022-05-23 18:11:00,615] {logging_mixin.py:115} INFO - [2022-05-23 18:11:00,615] {dag.py:2919} INFO - Setting next_dagrun for example_trigger_target_dag to None, run_after=None
[2022-05-23 18:11:02,736] {processor.py:161} INFO - Processing /home/airflow/.local/lib/python3.7/site-packages/airflow/example_dags/example_trigger_target_dag.py took 2.201 seconds
[2022-05-23 18:11:32,987] {processor.py:153} INFO - Started process (PID=919) to work on /home/airflow/.local/lib/python3.7/site-packages/airflow/example_dags/example_trigger_target_dag.py
[2022-05-23 18:11:33,185] {processor.py:641} INFO - Processing file /home/airflow/.local/lib/python3.7/site-packages/airflow/example_dags/example_trigger_target_dag.py for tasks to queue
[2022-05-23 18:11:33,186] {logging_mixin.py:115} INFO - [2022-05-23 18:11:33,186] {dagbag.py:507} INFO - Filling up the DagBag from /home/airflow/.local/lib/python3.7/site-packages/airflow/example_dags/example_trigger_target_dag.py
[2022-05-23 18:11:33,228] {processor.py:651} INFO - DAG(s) dict_keys(['example_trigger_target_dag']) retrieved from /home/airflow/.local/lib/python3.7/site-packages/airflow/example_dags/example_trigger_target_dag.py
[2022-05-23 18:11:33,257] {logging_mixin.py:115} INFO - [2022-05-23 18:11:33,256] {dag.py:2371} INFO - Sync 1 DAGs
[2022-05-23 18:11:33,282] {logging_mixin.py:115} INFO - [2022-05-23 18:11:33,282] {dag.py:2919} INFO - Setting next_dagrun for example_trigger_target_dag to None, run_after=None
[2022-05-23 18:11:33,857] {processor.py:161} INFO - Processing /home/airflow/.local/lib/python3.7/site-packages/airflow/example_dags/example_trigger_target_dag.py took 0.873 seconds
[2022-05-23 18:12:04,224] {processor.py:153} INFO - Started process (PID=973) to work on /home/airflow/.local/lib/python3.7/site-packages/airflow/example_dags/example_trigger_target_dag.py
[2022-05-23 18:12:04,224] {processor.py:641} INFO - Processing file /home/airflow/.local/lib/python3.7/site-packages/airflow/example_dags/example_trigger_target_dag.py for tasks to queue
[2022-05-23 18:12:04,225] {logging_mixin.py:115} INFO - [2022-05-23 18:12:04,225] {dagbag.py:507} INFO - Filling up the DagBag from /home/airflow/.local/lib/python3.7/site-packages/airflow/example_dags/example_trigger_target_dag.py
[2022-05-23 18:12:04,246] {processor.py:651} INFO - DAG(s) dict_keys(['example_trigger_target_dag']) retrieved from /home/airflow/.local/lib/python3.7/site-packages/airflow/example_dags/example_trigger_target_dag.py
[2022-05-23 18:12:04,273] {logging_mixin.py:115} INFO - [2022-05-23 18:12:04,273] {dag.py:2371} INFO - Sync 1 DAGs
[2022-05-23 18:12:04,297] {logging_mixin.py:115} INFO - [2022-05-23 18:12:04,297] {dag.py:2919} INFO - Setting next_dagrun for example_trigger_target_dag to None, run_after=None
[2022-05-23 18:12:04,338] {processor.py:161} INFO - Processing /home/airflow/.local/lib/python3.7/site-packages/airflow/example_dags/example_trigger_target_dag.py took 0.118 seconds
[2022-05-23 18:12:35,092] {processor.py:153} INFO - Started process (PID=1036) to work on /home/airflow/.local/lib/python3.7/site-packages/airflow/example_dags/example_trigger_target_dag.py
[2022-05-23 18:12:35,092] {processor.py:641} INFO - Processing file /home/airflow/.local/lib/python3.7/site-packages/airflow/example_dags/example_trigger_target_dag.py for tasks to queue
[2022-05-23 18:12:35,093] {logging_mixin.py:115} INFO - [2022-05-23 18:12:35,093] {dagbag.py:507} INFO - Filling up the DagBag from /home/airflow/.local/lib/python3.7/site-packages/airflow/example_dags/example_trigger_target_dag.py
[2022-05-23 18:12:35,115] {processor.py:651} INFO - DAG(s) dict_keys(['example_trigger_target_dag']) retrieved from /home/airflow/.local/lib/python3.7/site-packages/airflow/example_dags/example_trigger_target_dag.py
[2022-05-23 18:12:35,148] {logging_mixin.py:115} INFO - [2022-05-23 18:12:35,148] {dag.py:2371} INFO - Sync 1 DAGs
[2022-05-23 18:12:35,182] {logging_mixin.py:115} INFO - [2022-05-23 18:12:35,182] {dag.py:2919} INFO - Setting next_dagrun for example_trigger_target_dag to None, run_after=None
[2022-05-23 18:12:35,210] {processor.py:161} INFO - Processing /home/airflow/.local/lib/python3.7/site-packages/airflow/example_dags/example_trigger_target_dag.py took 0.123 seconds
[2022-05-23 18:13:05,823] {processor.py:153} INFO - Started process (PID=1089) to work on /home/airflow/.local/lib/python3.7/site-packages/airflow/example_dags/example_trigger_target_dag.py
[2022-05-23 18:13:05,828] {processor.py:641} INFO - Processing file /home/airflow/.local/lib/python3.7/site-packages/airflow/example_dags/example_trigger_target_dag.py for tasks to queue
[2022-05-23 18:13:05,829] {logging_mixin.py:115} INFO - [2022-05-23 18:13:05,829] {dagbag.py:507} INFO - Filling up the DagBag from /home/airflow/.local/lib/python3.7/site-packages/airflow/example_dags/example_trigger_target_dag.py
[2022-05-23 18:13:05,859] {processor.py:651} INFO - DAG(s) dict_keys(['example_trigger_target_dag']) retrieved from /home/airflow/.local/lib/python3.7/site-packages/airflow/example_dags/example_trigger_target_dag.py
[2022-05-23 18:13:05,893] {logging_mixin.py:115} INFO - [2022-05-23 18:13:05,893] {dag.py:2371} INFO - Sync 1 DAGs
[2022-05-23 18:13:05,925] {logging_mixin.py:115} INFO - [2022-05-23 18:13:05,925] {dag.py:2919} INFO - Setting next_dagrun for example_trigger_target_dag to None, run_after=None
[2022-05-23 18:13:05,961] {processor.py:161} INFO - Processing /home/airflow/.local/lib/python3.7/site-packages/airflow/example_dags/example_trigger_target_dag.py took 0.141 seconds
[2022-05-23 18:13:36,666] {processor.py:153} INFO - Started process (PID=1143) to work on /home/airflow/.local/lib/python3.7/site-packages/airflow/example_dags/example_trigger_target_dag.py
[2022-05-23 18:13:36,667] {processor.py:641} INFO - Processing file /home/airflow/.local/lib/python3.7/site-packages/airflow/example_dags/example_trigger_target_dag.py for tasks to queue
[2022-05-23 18:13:36,668] {logging_mixin.py:115} INFO - [2022-05-23 18:13:36,668] {dagbag.py:507} INFO - Filling up the DagBag from /home/airflow/.local/lib/python3.7/site-packages/airflow/example_dags/example_trigger_target_dag.py
[2022-05-23 18:13:36,695] {processor.py:651} INFO - DAG(s) dict_keys(['example_trigger_target_dag']) retrieved from /home/airflow/.local/lib/python3.7/site-packages/airflow/example_dags/example_trigger_target_dag.py
[2022-05-23 18:13:36,734] {logging_mixin.py:115} INFO - [2022-05-23 18:13:36,734] {dag.py:2371} INFO - Sync 1 DAGs
[2022-05-23 18:13:36,769] {logging_mixin.py:115} INFO - [2022-05-23 18:13:36,769] {dag.py:2919} INFO - Setting next_dagrun for example_trigger_target_dag to None, run_after=None
[2022-05-23 18:13:36,813] {processor.py:161} INFO - Processing /home/airflow/.local/lib/python3.7/site-packages/airflow/example_dags/example_trigger_target_dag.py took 0.150 seconds
[2022-05-23 18:14:07,173] {processor.py:153} INFO - Started process (PID=1204) to work on /home/airflow/.local/lib/python3.7/site-packages/airflow/example_dags/example_trigger_target_dag.py
[2022-05-23 18:14:08,014] {processor.py:641} INFO - Processing file /home/airflow/.local/lib/python3.7/site-packages/airflow/example_dags/example_trigger_target_dag.py for tasks to queue
[2022-05-23 18:14:08,015] {logging_mixin.py:115} INFO - [2022-05-23 18:14:08,015] {dagbag.py:507} INFO - Filling up the DagBag from /home/airflow/.local/lib/python3.7/site-packages/airflow/example_dags/example_trigger_target_dag.py
[2022-05-23 18:14:08,187] {processor.py:651} INFO - DAG(s) dict_keys(['example_trigger_target_dag']) retrieved from /home/airflow/.local/lib/python3.7/site-packages/airflow/example_dags/example_trigger_target_dag.py
[2022-05-23 18:14:08,217] {logging_mixin.py:115} INFO - [2022-05-23 18:14:08,217] {dag.py:2371} INFO - Sync 1 DAGs
[2022-05-23 18:14:08,253] {logging_mixin.py:115} INFO - [2022-05-23 18:14:08,253] {dag.py:2919} INFO - Setting next_dagrun for example_trigger_target_dag to None, run_after=None
[2022-05-23 18:14:08,284] {processor.py:161} INFO - Processing /home/airflow/.local/lib/python3.7/site-packages/airflow/example_dags/example_trigger_target_dag.py took 1.114 seconds
[2022-05-23 18:14:38,493] {processor.py:153} INFO - Started process (PID=1260) to work on /home/airflow/.local/lib/python3.7/site-packages/airflow/example_dags/example_trigger_target_dag.py
[2022-05-23 18:14:39,960] {processor.py:641} INFO - Processing file /home/airflow/.local/lib/python3.7/site-packages/airflow/example_dags/example_trigger_target_dag.py for tasks to queue
[2022-05-23 18:14:40,112] {logging_mixin.py:115} INFO - [2022-05-23 18:14:40,112] {dagbag.py:507} INFO - Filling up the DagBag from /home/airflow/.local/lib/python3.7/site-packages/airflow/example_dags/example_trigger_target_dag.py
[2022-05-23 18:14:40,252] {processor.py:651} INFO - DAG(s) dict_keys(['example_trigger_target_dag']) retrieved from /home/airflow/.local/lib/python3.7/site-packages/airflow/example_dags/example_trigger_target_dag.py
[2022-05-23 18:14:40,276] {logging_mixin.py:115} INFO - [2022-05-23 18:14:40,276] {dag.py:2371} INFO - Sync 1 DAGs
[2022-05-23 18:14:40,303] {logging_mixin.py:115} INFO - [2022-05-23 18:14:40,303] {dag.py:2919} INFO - Setting next_dagrun for example_trigger_target_dag to None, run_after=None
[2022-05-23 18:14:40,612] {processor.py:161} INFO - Processing /home/airflow/.local/lib/python3.7/site-packages/airflow/example_dags/example_trigger_target_dag.py took 2.122 seconds
[2022-05-23 18:15:11,155] {processor.py:153} INFO - Started process (PID=1323) to work on /home/airflow/.local/lib/python3.7/site-packages/airflow/example_dags/example_trigger_target_dag.py
[2022-05-23 18:15:11,288] {processor.py:641} INFO - Processing file /home/airflow/.local/lib/python3.7/site-packages/airflow/example_dags/example_trigger_target_dag.py for tasks to queue
[2022-05-23 18:15:11,289] {logging_mixin.py:115} INFO - [2022-05-23 18:15:11,289] {dagbag.py:507} INFO - Filling up the DagBag from /home/airflow/.local/lib/python3.7/site-packages/airflow/example_dags/example_trigger_target_dag.py
[2022-05-23 18:15:11,606] {processor.py:651} INFO - DAG(s) dict_keys(['example_trigger_target_dag']) retrieved from /home/airflow/.local/lib/python3.7/site-packages/airflow/example_dags/example_trigger_target_dag.py
[2022-05-23 18:15:11,697] {logging_mixin.py:115} INFO - [2022-05-23 18:15:11,697] {dag.py:2371} INFO - Sync 1 DAGs
[2022-05-23 18:15:11,739] {logging_mixin.py:115} INFO - [2022-05-23 18:15:11,739] {dag.py:2919} INFO - Setting next_dagrun for example_trigger_target_dag to None, run_after=None
[2022-05-23 18:15:11,868] {processor.py:161} INFO - Processing /home/airflow/.local/lib/python3.7/site-packages/airflow/example_dags/example_trigger_target_dag.py took 0.717 seconds
[2022-05-23 18:15:41,997] {processor.py:153} INFO - Started process (PID=1378) to work on /home/airflow/.local/lib/python3.7/site-packages/airflow/example_dags/example_trigger_target_dag.py
[2022-05-23 18:15:41,997] {processor.py:641} INFO - Processing file /home/airflow/.local/lib/python3.7/site-packages/airflow/example_dags/example_trigger_target_dag.py for tasks to queue
[2022-05-23 18:15:41,998] {logging_mixin.py:115} INFO - [2022-05-23 18:15:41,998] {dagbag.py:507} INFO - Filling up the DagBag from /home/airflow/.local/lib/python3.7/site-packages/airflow/example_dags/example_trigger_target_dag.py
[2022-05-23 18:15:42,150] {processor.py:651} INFO - DAG(s) dict_keys(['example_trigger_target_dag']) retrieved from /home/airflow/.local/lib/python3.7/site-packages/airflow/example_dags/example_trigger_target_dag.py
[2022-05-23 18:15:42,174] {logging_mixin.py:115} INFO - [2022-05-23 18:15:42,174] {dag.py:2371} INFO - Sync 1 DAGs
[2022-05-23 18:15:42,199] {logging_mixin.py:115} INFO - [2022-05-23 18:15:42,199] {dag.py:2919} INFO - Setting next_dagrun for example_trigger_target_dag to None, run_after=None
[2022-05-23 18:15:42,902] {processor.py:161} INFO - Processing /home/airflow/.local/lib/python3.7/site-packages/airflow/example_dags/example_trigger_target_dag.py took 0.909 seconds
[2022-05-23 18:16:13,423] {processor.py:153} INFO - Started process (PID=1432) to work on /home/airflow/.local/lib/python3.7/site-packages/airflow/example_dags/example_trigger_target_dag.py
[2022-05-23 18:16:13,423] {processor.py:641} INFO - Processing file /home/airflow/.local/lib/python3.7/site-packages/airflow/example_dags/example_trigger_target_dag.py for tasks to queue
[2022-05-23 18:16:13,424] {logging_mixin.py:115} INFO - [2022-05-23 18:16:13,424] {dagbag.py:507} INFO - Filling up the DagBag from /home/airflow/.local/lib/python3.7/site-packages/airflow/example_dags/example_trigger_target_dag.py
[2022-05-23 18:16:13,561] {processor.py:651} INFO - DAG(s) dict_keys(['example_trigger_target_dag']) retrieved from /home/airflow/.local/lib/python3.7/site-packages/airflow/example_dags/example_trigger_target_dag.py
[2022-05-23 18:16:13,586] {logging_mixin.py:115} INFO - [2022-05-23 18:16:13,586] {dag.py:2371} INFO - Sync 1 DAGs
[2022-05-23 18:16:13,613] {logging_mixin.py:115} INFO - [2022-05-23 18:16:13,613] {dag.py:2919} INFO - Setting next_dagrun for example_trigger_target_dag to None, run_after=None
[2022-05-23 18:16:14,206] {processor.py:161} INFO - Processing /home/airflow/.local/lib/python3.7/site-packages/airflow/example_dags/example_trigger_target_dag.py took 0.786 seconds
[2022-05-23 18:16:44,278] {processor.py:153} INFO - Started process (PID=1496) to work on /home/airflow/.local/lib/python3.7/site-packages/airflow/example_dags/example_trigger_target_dag.py
[2022-05-23 18:16:45,497] {processor.py:641} INFO - Processing file /home/airflow/.local/lib/python3.7/site-packages/airflow/example_dags/example_trigger_target_dag.py for tasks to queue
[2022-05-23 18:16:45,531] {logging_mixin.py:115} INFO - [2022-05-23 18:16:45,531] {dagbag.py:507} INFO - Filling up the DagBag from /home/airflow/.local/lib/python3.7/site-packages/airflow/example_dags/example_trigger_target_dag.py
[2022-05-23 18:16:45,680] {processor.py:651} INFO - DAG(s) dict_keys(['example_trigger_target_dag']) retrieved from /home/airflow/.local/lib/python3.7/site-packages/airflow/example_dags/example_trigger_target_dag.py
[2022-05-23 18:16:45,704] {logging_mixin.py:115} INFO - [2022-05-23 18:16:45,704] {dag.py:2371} INFO - Sync 1 DAGs
[2022-05-23 18:16:45,734] {logging_mixin.py:115} INFO - [2022-05-23 18:16:45,734] {dag.py:2919} INFO - Setting next_dagrun for example_trigger_target_dag to None, run_after=None
[2022-05-23 18:16:45,823] {processor.py:161} INFO - Processing /home/airflow/.local/lib/python3.7/site-packages/airflow/example_dags/example_trigger_target_dag.py took 1.548 seconds
[2022-05-23 18:17:16,245] {processor.py:153} INFO - Started process (PID=1550) to work on /home/airflow/.local/lib/python3.7/site-packages/airflow/example_dags/example_trigger_target_dag.py
[2022-05-23 18:17:16,245] {processor.py:641} INFO - Processing file /home/airflow/.local/lib/python3.7/site-packages/airflow/example_dags/example_trigger_target_dag.py for tasks to queue
[2022-05-23 18:17:16,246] {logging_mixin.py:115} INFO - [2022-05-23 18:17:16,246] {dagbag.py:507} INFO - Filling up the DagBag from /home/airflow/.local/lib/python3.7/site-packages/airflow/example_dags/example_trigger_target_dag.py
[2022-05-23 18:17:16,395] {processor.py:651} INFO - DAG(s) dict_keys(['example_trigger_target_dag']) retrieved from /home/airflow/.local/lib/python3.7/site-packages/airflow/example_dags/example_trigger_target_dag.py
[2022-05-23 18:17:16,420] {logging_mixin.py:115} INFO - [2022-05-23 18:17:16,420] {dag.py:2371} INFO - Sync 1 DAGs
[2022-05-23 18:17:16,446] {logging_mixin.py:115} INFO - [2022-05-23 18:17:16,446] {dag.py:2919} INFO - Setting next_dagrun for example_trigger_target_dag to None, run_after=None
[2022-05-23 18:17:18,423] {processor.py:161} INFO - Processing /home/airflow/.local/lib/python3.7/site-packages/airflow/example_dags/example_trigger_target_dag.py took 2.181 seconds
[2022-05-23 18:17:49,044] {processor.py:153} INFO - Started process (PID=1612) to work on /home/airflow/.local/lib/python3.7/site-packages/airflow/example_dags/example_trigger_target_dag.py
[2022-05-23 18:17:49,136] {processor.py:641} INFO - Processing file /home/airflow/.local/lib/python3.7/site-packages/airflow/example_dags/example_trigger_target_dag.py for tasks to queue
[2022-05-23 18:17:49,136] {logging_mixin.py:115} INFO - [2022-05-23 18:17:49,136] {dagbag.py:507} INFO - Filling up the DagBag from /home/airflow/.local/lib/python3.7/site-packages/airflow/example_dags/example_trigger_target_dag.py
[2022-05-23 18:17:49,331] {processor.py:651} INFO - DAG(s) dict_keys(['example_trigger_target_dag']) retrieved from /home/airflow/.local/lib/python3.7/site-packages/airflow/example_dags/example_trigger_target_dag.py
[2022-05-23 18:17:49,365] {logging_mixin.py:115} INFO - [2022-05-23 18:17:49,365] {dag.py:2371} INFO - Sync 1 DAGs
[2022-05-23 18:17:49,402] {logging_mixin.py:115} INFO - [2022-05-23 18:17:49,402] {dag.py:2919} INFO - Setting next_dagrun for example_trigger_target_dag to None, run_after=None
[2022-05-23 18:17:50,723] {processor.py:161} INFO - Processing /home/airflow/.local/lib/python3.7/site-packages/airflow/example_dags/example_trigger_target_dag.py took 1.683 seconds
[2022-05-23 18:18:21,642] {processor.py:153} INFO - Started process (PID=1666) to work on /home/airflow/.local/lib/python3.7/site-packages/airflow/example_dags/example_trigger_target_dag.py
[2022-05-23 18:18:21,751] {processor.py:641} INFO - Processing file /home/airflow/.local/lib/python3.7/site-packages/airflow/example_dags/example_trigger_target_dag.py for tasks to queue
[2022-05-23 18:18:21,752] {logging_mixin.py:115} INFO - [2022-05-23 18:18:21,752] {dagbag.py:507} INFO - Filling up the DagBag from /home/airflow/.local/lib/python3.7/site-packages/airflow/example_dags/example_trigger_target_dag.py
[2022-05-23 18:18:21,896] {processor.py:651} INFO - DAG(s) dict_keys(['example_trigger_target_dag']) retrieved from /home/airflow/.local/lib/python3.7/site-packages/airflow/example_dags/example_trigger_target_dag.py
[2022-05-23 18:18:21,919] {logging_mixin.py:115} INFO - [2022-05-23 18:18:21,919] {dag.py:2371} INFO - Sync 1 DAGs
[2022-05-23 18:18:21,945] {logging_mixin.py:115} INFO - [2022-05-23 18:18:21,945] {dag.py:2919} INFO - Setting next_dagrun for example_trigger_target_dag to None, run_after=None
[2022-05-23 18:18:21,997] {processor.py:161} INFO - Processing /home/airflow/.local/lib/python3.7/site-packages/airflow/example_dags/example_trigger_target_dag.py took 0.358 seconds
[2022-05-23 18:20:57,770] {processor.py:153} INFO - Started process (PID=64) to work on /home/airflow/.local/lib/python3.7/site-packages/airflow/example_dags/example_trigger_target_dag.py
[2022-05-23 18:20:57,775] {processor.py:641} INFO - Processing file /home/airflow/.local/lib/python3.7/site-packages/airflow/example_dags/example_trigger_target_dag.py for tasks to queue
[2022-05-23 18:20:57,776] {logging_mixin.py:115} INFO - [2022-05-23 18:20:57,776] {dagbag.py:507} INFO - Filling up the DagBag from /home/airflow/.local/lib/python3.7/site-packages/airflow/example_dags/example_trigger_target_dag.py
[2022-05-23 18:20:57,827] {processor.py:651} INFO - DAG(s) dict_keys(['example_trigger_target_dag']) retrieved from /home/airflow/.local/lib/python3.7/site-packages/airflow/example_dags/example_trigger_target_dag.py
[2022-05-23 18:20:58,135] {logging_mixin.py:115} INFO - [2022-05-23 18:20:58,135] {dag.py:2371} INFO - Sync 1 DAGs
[2022-05-23 18:20:58,195] {logging_mixin.py:115} INFO - [2022-05-23 18:20:58,195] {dag.py:2919} INFO - Setting next_dagrun for example_trigger_target_dag to None, run_after=None
[2022-05-23 18:20:58,287] {processor.py:161} INFO - Processing /home/airflow/.local/lib/python3.7/site-packages/airflow/example_dags/example_trigger_target_dag.py took 0.523 seconds
[2022-05-23 18:21:29,493] {processor.py:153} INFO - Started process (PID=118) to work on /home/airflow/.local/lib/python3.7/site-packages/airflow/example_dags/example_trigger_target_dag.py
[2022-05-23 18:21:29,494] {processor.py:641} INFO - Processing file /home/airflow/.local/lib/python3.7/site-packages/airflow/example_dags/example_trigger_target_dag.py for tasks to queue
[2022-05-23 18:21:29,494] {logging_mixin.py:115} INFO - [2022-05-23 18:21:29,494] {dagbag.py:507} INFO - Filling up the DagBag from /home/airflow/.local/lib/python3.7/site-packages/airflow/example_dags/example_trigger_target_dag.py
[2022-05-23 18:21:29,519] {processor.py:651} INFO - DAG(s) dict_keys(['example_trigger_target_dag']) retrieved from /home/airflow/.local/lib/python3.7/site-packages/airflow/example_dags/example_trigger_target_dag.py
[2022-05-23 18:21:29,669] {logging_mixin.py:115} INFO - [2022-05-23 18:21:29,669] {dag.py:2371} INFO - Sync 1 DAGs
[2022-05-23 18:21:29,697] {logging_mixin.py:115} INFO - [2022-05-23 18:21:29,697] {dag.py:2919} INFO - Setting next_dagrun for example_trigger_target_dag to None, run_after=None
[2022-05-23 18:21:29,737] {processor.py:161} INFO - Processing /home/airflow/.local/lib/python3.7/site-packages/airflow/example_dags/example_trigger_target_dag.py took 0.248 seconds
[2022-05-23 18:21:59,781] {processor.py:153} INFO - Started process (PID=176) to work on /home/airflow/.local/lib/python3.7/site-packages/airflow/example_dags/example_trigger_target_dag.py
[2022-05-23 18:21:59,781] {processor.py:641} INFO - Processing file /home/airflow/.local/lib/python3.7/site-packages/airflow/example_dags/example_trigger_target_dag.py for tasks to queue
[2022-05-23 18:21:59,782] {logging_mixin.py:115} INFO - [2022-05-23 18:21:59,782] {dagbag.py:507} INFO - Filling up the DagBag from /home/airflow/.local/lib/python3.7/site-packages/airflow/example_dags/example_trigger_target_dag.py
[2022-05-23 18:21:59,806] {processor.py:651} INFO - DAG(s) dict_keys(['example_trigger_target_dag']) retrieved from /home/airflow/.local/lib/python3.7/site-packages/airflow/example_dags/example_trigger_target_dag.py
[2022-05-23 18:21:59,963] {logging_mixin.py:115} INFO - [2022-05-23 18:21:59,963] {dag.py:2371} INFO - Sync 1 DAGs
[2022-05-23 18:21:59,991] {logging_mixin.py:115} INFO - [2022-05-23 18:21:59,991] {dag.py:2919} INFO - Setting next_dagrun for example_trigger_target_dag to None, run_after=None
[2022-05-23 18:22:00,037] {processor.py:161} INFO - Processing /home/airflow/.local/lib/python3.7/site-packages/airflow/example_dags/example_trigger_target_dag.py took 0.260 seconds
[2022-05-23 18:22:30,234] {processor.py:153} INFO - Started process (PID=230) to work on /home/airflow/.local/lib/python3.7/site-packages/airflow/example_dags/example_trigger_target_dag.py
[2022-05-23 18:22:30,234] {processor.py:641} INFO - Processing file /home/airflow/.local/lib/python3.7/site-packages/airflow/example_dags/example_trigger_target_dag.py for tasks to queue
[2022-05-23 18:22:30,235] {logging_mixin.py:115} INFO - [2022-05-23 18:22:30,235] {dagbag.py:507} INFO - Filling up the DagBag from /home/airflow/.local/lib/python3.7/site-packages/airflow/example_dags/example_trigger_target_dag.py
[2022-05-23 18:22:30,257] {processor.py:651} INFO - DAG(s) dict_keys(['example_trigger_target_dag']) retrieved from /home/airflow/.local/lib/python3.7/site-packages/airflow/example_dags/example_trigger_target_dag.py
[2022-05-23 18:22:30,404] {logging_mixin.py:115} INFO - [2022-05-23 18:22:30,403] {dag.py:2371} INFO - Sync 1 DAGs
[2022-05-23 18:22:30,429] {logging_mixin.py:115} INFO - [2022-05-23 18:22:30,429] {dag.py:2919} INFO - Setting next_dagrun for example_trigger_target_dag to None, run_after=None
[2022-05-23 18:22:30,454] {processor.py:161} INFO - Processing /home/airflow/.local/lib/python3.7/site-packages/airflow/example_dags/example_trigger_target_dag.py took 0.223 seconds
[2022-05-23 18:23:01,786] {processor.py:153} INFO - Started process (PID=284) to work on /home/airflow/.local/lib/python3.7/site-packages/airflow/example_dags/example_trigger_target_dag.py
[2022-05-23 18:23:01,786] {processor.py:641} INFO - Processing file /home/airflow/.local/lib/python3.7/site-packages/airflow/example_dags/example_trigger_target_dag.py for tasks to queue
[2022-05-23 18:23:01,787] {logging_mixin.py:115} INFO - [2022-05-23 18:23:01,787] {dagbag.py:507} INFO - Filling up the DagBag from /home/airflow/.local/lib/python3.7/site-packages/airflow/example_dags/example_trigger_target_dag.py
[2022-05-23 18:23:01,809] {processor.py:651} INFO - DAG(s) dict_keys(['example_trigger_target_dag']) retrieved from /home/airflow/.local/lib/python3.7/site-packages/airflow/example_dags/example_trigger_target_dag.py
[2022-05-23 18:23:01,961] {logging_mixin.py:115} INFO - [2022-05-23 18:23:01,961] {dag.py:2371} INFO - Sync 1 DAGs
[2022-05-23 18:23:01,988] {logging_mixin.py:115} INFO - [2022-05-23 18:23:01,988] {dag.py:2919} INFO - Setting next_dagrun for example_trigger_target_dag to None, run_after=None
[2022-05-23 18:23:02,035] {processor.py:161} INFO - Processing /home/airflow/.local/lib/python3.7/site-packages/airflow/example_dags/example_trigger_target_dag.py took 0.253 seconds
