[2022-05-23 17:10:23,590] {processor.py:153} INFO - Started process (PID=103) to work on /home/airflow/.local/lib/python3.7/site-packages/airflow/example_dags/example_external_task_marker_dag.py
[2022-05-23 17:10:23,590] {processor.py:641} INFO - Processing file /home/airflow/.local/lib/python3.7/site-packages/airflow/example_dags/example_external_task_marker_dag.py for tasks to queue
[2022-05-23 17:10:23,591] {logging_mixin.py:115} INFO - [2022-05-23 17:10:23,591] {dagbag.py:507} INFO - Filling up the DagBag from /home/airflow/.local/lib/python3.7/site-packages/airflow/example_dags/example_external_task_marker_dag.py
[2022-05-23 17:10:23,595] {processor.py:651} INFO - DAG(s) dict_keys(['example_external_task_marker_parent', 'example_external_task_marker_child']) retrieved from /home/airflow/.local/lib/python3.7/site-packages/airflow/example_dags/example_external_task_marker_dag.py
[2022-05-23 17:10:24,454] {logging_mixin.py:115} INFO - [2022-05-23 17:10:24,454] {manager.py:508} INFO - Created Permission View: can read on DAG:example_external_task_marker_parent
[2022-05-23 17:10:24,792] {logging_mixin.py:115} INFO - [2022-05-23 17:10:24,792] {manager.py:508} INFO - Created Permission View: can edit on DAG:example_external_task_marker_parent
[2022-05-23 17:10:25,356] {logging_mixin.py:115} INFO - [2022-05-23 17:10:25,356] {manager.py:508} INFO - Created Permission View: can delete on DAG:example_external_task_marker_parent
[2022-05-23 17:10:25,853] {logging_mixin.py:115} INFO - [2022-05-23 17:10:25,853] {manager.py:508} INFO - Created Permission View: can read on DAG:example_external_task_marker_child
[2022-05-23 17:10:26,158] {logging_mixin.py:115} INFO - [2022-05-23 17:10:26,158] {manager.py:508} INFO - Created Permission View: can edit on DAG:example_external_task_marker_child
[2022-05-23 17:10:26,305] {logging_mixin.py:115} INFO - [2022-05-23 17:10:26,304] {manager.py:508} INFO - Created Permission View: can delete on DAG:example_external_task_marker_child
[2022-05-23 17:10:26,305] {logging_mixin.py:115} INFO - [2022-05-23 17:10:26,305] {dag.py:2371} INFO - Sync 2 DAGs
[2022-05-23 17:10:26,333] {logging_mixin.py:115} INFO - [2022-05-23 17:10:26,333] {dag.py:2390} INFO - Creating ORM DAG for example_external_task_marker_parent
[2022-05-23 17:10:26,334] {logging_mixin.py:115} INFO - [2022-05-23 17:10:26,334] {dag.py:2390} INFO - Creating ORM DAG for example_external_task_marker_child
[2022-05-23 17:10:26,353] {logging_mixin.py:115} INFO - [2022-05-23 17:10:26,353] {dag.py:2919} INFO - Setting next_dagrun for example_external_task_marker_child to None, run_after=None
[2022-05-23 17:10:26,353] {logging_mixin.py:115} INFO - [2022-05-23 17:10:26,353] {dag.py:2919} INFO - Setting next_dagrun for example_external_task_marker_parent to None, run_after=None
[2022-05-23 17:10:26,478] {processor.py:161} INFO - Processing /home/airflow/.local/lib/python3.7/site-packages/airflow/example_dags/example_external_task_marker_dag.py took 2.891 seconds
[2022-05-23 17:10:56,652] {processor.py:153} INFO - Started process (PID=155) to work on /home/airflow/.local/lib/python3.7/site-packages/airflow/example_dags/example_external_task_marker_dag.py
[2022-05-23 17:10:56,654] {processor.py:641} INFO - Processing file /home/airflow/.local/lib/python3.7/site-packages/airflow/example_dags/example_external_task_marker_dag.py for tasks to queue
[2022-05-23 17:10:56,656] {logging_mixin.py:115} INFO - [2022-05-23 17:10:56,656] {dagbag.py:507} INFO - Filling up the DagBag from /home/airflow/.local/lib/python3.7/site-packages/airflow/example_dags/example_external_task_marker_dag.py
[2022-05-23 17:10:56,668] {processor.py:651} INFO - DAG(s) dict_keys(['example_external_task_marker_parent', 'example_external_task_marker_child']) retrieved from /home/airflow/.local/lib/python3.7/site-packages/airflow/example_dags/example_external_task_marker_dag.py
[2022-05-23 17:10:56,727] {logging_mixin.py:115} INFO - [2022-05-23 17:10:56,727] {dag.py:2371} INFO - Sync 2 DAGs
[2022-05-23 17:10:56,768] {logging_mixin.py:115} INFO - [2022-05-23 17:10:56,768] {dag.py:2919} INFO - Setting next_dagrun for example_external_task_marker_child to None, run_after=None
[2022-05-23 17:10:56,768] {logging_mixin.py:115} INFO - [2022-05-23 17:10:56,768] {dag.py:2919} INFO - Setting next_dagrun for example_external_task_marker_parent to None, run_after=None
[2022-05-23 17:10:56,836] {processor.py:161} INFO - Processing /home/airflow/.local/lib/python3.7/site-packages/airflow/example_dags/example_external_task_marker_dag.py took 0.193 seconds
[2022-05-23 17:11:27,308] {processor.py:153} INFO - Started process (PID=215) to work on /home/airflow/.local/lib/python3.7/site-packages/airflow/example_dags/example_external_task_marker_dag.py
[2022-05-23 17:11:27,309] {processor.py:641} INFO - Processing file /home/airflow/.local/lib/python3.7/site-packages/airflow/example_dags/example_external_task_marker_dag.py for tasks to queue
[2022-05-23 17:11:27,309] {logging_mixin.py:115} INFO - [2022-05-23 17:11:27,309] {dagbag.py:507} INFO - Filling up the DagBag from /home/airflow/.local/lib/python3.7/site-packages/airflow/example_dags/example_external_task_marker_dag.py
[2022-05-23 17:11:27,314] {processor.py:651} INFO - DAG(s) dict_keys(['example_external_task_marker_parent', 'example_external_task_marker_child']) retrieved from /home/airflow/.local/lib/python3.7/site-packages/airflow/example_dags/example_external_task_marker_dag.py
[2022-05-23 17:11:27,374] {logging_mixin.py:115} INFO - [2022-05-23 17:11:27,374] {dag.py:2371} INFO - Sync 2 DAGs
[2022-05-23 17:11:27,401] {logging_mixin.py:115} INFO - [2022-05-23 17:11:27,401] {dag.py:2919} INFO - Setting next_dagrun for example_external_task_marker_child to None, run_after=None
[2022-05-23 17:11:27,402] {logging_mixin.py:115} INFO - [2022-05-23 17:11:27,402] {dag.py:2919} INFO - Setting next_dagrun for example_external_task_marker_parent to None, run_after=None
[2022-05-23 17:11:27,548] {processor.py:161} INFO - Processing /home/airflow/.local/lib/python3.7/site-packages/airflow/example_dags/example_external_task_marker_dag.py took 0.243 seconds
[2022-05-23 17:28:31,006] {processor.py:153} INFO - Started process (PID=85) to work on /home/airflow/.local/lib/python3.7/site-packages/airflow/example_dags/example_external_task_marker_dag.py
[2022-05-23 17:28:31,024] {processor.py:641} INFO - Processing file /home/airflow/.local/lib/python3.7/site-packages/airflow/example_dags/example_external_task_marker_dag.py for tasks to queue
[2022-05-23 17:28:31,025] {logging_mixin.py:115} INFO - [2022-05-23 17:28:31,025] {dagbag.py:507} INFO - Filling up the DagBag from /home/airflow/.local/lib/python3.7/site-packages/airflow/example_dags/example_external_task_marker_dag.py
[2022-05-23 17:28:31,033] {processor.py:651} INFO - DAG(s) dict_keys(['example_external_task_marker_parent', 'example_external_task_marker_child']) retrieved from /home/airflow/.local/lib/python3.7/site-packages/airflow/example_dags/example_external_task_marker_dag.py
[2022-05-23 17:28:31,104] {logging_mixin.py:115} INFO - [2022-05-23 17:28:31,104] {dag.py:2371} INFO - Sync 2 DAGs
[2022-05-23 17:28:31,137] {logging_mixin.py:115} INFO - [2022-05-23 17:28:31,137] {dag.py:2919} INFO - Setting next_dagrun for example_external_task_marker_child to None, run_after=None
[2022-05-23 17:28:31,138] {logging_mixin.py:115} INFO - [2022-05-23 17:28:31,138] {dag.py:2919} INFO - Setting next_dagrun for example_external_task_marker_parent to None, run_after=None
[2022-05-23 17:28:31,211] {processor.py:161} INFO - Processing /home/airflow/.local/lib/python3.7/site-packages/airflow/example_dags/example_external_task_marker_dag.py took 0.210 seconds
[2022-05-23 17:29:02,795] {processor.py:153} INFO - Started process (PID=147) to work on /home/airflow/.local/lib/python3.7/site-packages/airflow/example_dags/example_external_task_marker_dag.py
[2022-05-23 17:29:02,796] {processor.py:641} INFO - Processing file /home/airflow/.local/lib/python3.7/site-packages/airflow/example_dags/example_external_task_marker_dag.py for tasks to queue
[2022-05-23 17:29:02,797] {logging_mixin.py:115} INFO - [2022-05-23 17:29:02,797] {dagbag.py:507} INFO - Filling up the DagBag from /home/airflow/.local/lib/python3.7/site-packages/airflow/example_dags/example_external_task_marker_dag.py
[2022-05-23 17:29:02,809] {processor.py:651} INFO - DAG(s) dict_keys(['example_external_task_marker_parent', 'example_external_task_marker_child']) retrieved from /home/airflow/.local/lib/python3.7/site-packages/airflow/example_dags/example_external_task_marker_dag.py
[2022-05-23 17:29:02,860] {logging_mixin.py:115} INFO - [2022-05-23 17:29:02,860] {dag.py:2371} INFO - Sync 2 DAGs
[2022-05-23 17:29:02,888] {logging_mixin.py:115} INFO - [2022-05-23 17:29:02,888] {dag.py:2919} INFO - Setting next_dagrun for example_external_task_marker_child to None, run_after=None
[2022-05-23 17:29:02,888] {logging_mixin.py:115} INFO - [2022-05-23 17:29:02,888] {dag.py:2919} INFO - Setting next_dagrun for example_external_task_marker_parent to None, run_after=None
[2022-05-23 17:29:03,875] {processor.py:161} INFO - Processing /home/airflow/.local/lib/python3.7/site-packages/airflow/example_dags/example_external_task_marker_dag.py took 1.089 seconds
[2022-05-23 17:29:35,212] {processor.py:153} INFO - Started process (PID=202) to work on /home/airflow/.local/lib/python3.7/site-packages/airflow/example_dags/example_external_task_marker_dag.py
[2022-05-23 17:29:35,217] {processor.py:641} INFO - Processing file /home/airflow/.local/lib/python3.7/site-packages/airflow/example_dags/example_external_task_marker_dag.py for tasks to queue
[2022-05-23 17:29:35,217] {logging_mixin.py:115} INFO - [2022-05-23 17:29:35,217] {dagbag.py:507} INFO - Filling up the DagBag from /home/airflow/.local/lib/python3.7/site-packages/airflow/example_dags/example_external_task_marker_dag.py
[2022-05-23 17:29:35,222] {processor.py:651} INFO - DAG(s) dict_keys(['example_external_task_marker_parent', 'example_external_task_marker_child']) retrieved from /home/airflow/.local/lib/python3.7/site-packages/airflow/example_dags/example_external_task_marker_dag.py
[2022-05-23 17:29:35,278] {logging_mixin.py:115} INFO - [2022-05-23 17:29:35,278] {dag.py:2371} INFO - Sync 2 DAGs
[2022-05-23 17:29:35,306] {logging_mixin.py:115} INFO - [2022-05-23 17:29:35,306] {dag.py:2919} INFO - Setting next_dagrun for example_external_task_marker_child to None, run_after=None
[2022-05-23 17:29:35,306] {logging_mixin.py:115} INFO - [2022-05-23 17:29:35,306] {dag.py:2919} INFO - Setting next_dagrun for example_external_task_marker_parent to None, run_after=None
[2022-05-23 17:29:35,352] {processor.py:161} INFO - Processing /home/airflow/.local/lib/python3.7/site-packages/airflow/example_dags/example_external_task_marker_dag.py took 0.143 seconds
[2022-05-23 17:30:07,867] {processor.py:153} INFO - Started process (PID=266) to work on /home/airflow/.local/lib/python3.7/site-packages/airflow/example_dags/example_external_task_marker_dag.py
[2022-05-23 17:30:07,869] {processor.py:641} INFO - Processing file /home/airflow/.local/lib/python3.7/site-packages/airflow/example_dags/example_external_task_marker_dag.py for tasks to queue
[2022-05-23 17:30:07,872] {logging_mixin.py:115} INFO - [2022-05-23 17:30:07,871] {dagbag.py:507} INFO - Filling up the DagBag from /home/airflow/.local/lib/python3.7/site-packages/airflow/example_dags/example_external_task_marker_dag.py
[2022-05-23 17:30:07,884] {processor.py:651} INFO - DAG(s) dict_keys(['example_external_task_marker_parent', 'example_external_task_marker_child']) retrieved from /home/airflow/.local/lib/python3.7/site-packages/airflow/example_dags/example_external_task_marker_dag.py
[2022-05-23 17:30:07,945] {logging_mixin.py:115} INFO - [2022-05-23 17:30:07,945] {dag.py:2371} INFO - Sync 2 DAGs
[2022-05-23 17:30:07,977] {logging_mixin.py:115} INFO - [2022-05-23 17:30:07,977] {dag.py:2919} INFO - Setting next_dagrun for example_external_task_marker_child to None, run_after=None
[2022-05-23 17:30:07,978] {logging_mixin.py:115} INFO - [2022-05-23 17:30:07,978] {dag.py:2919} INFO - Setting next_dagrun for example_external_task_marker_parent to None, run_after=None
[2022-05-23 17:30:08,007] {processor.py:161} INFO - Processing /home/airflow/.local/lib/python3.7/site-packages/airflow/example_dags/example_external_task_marker_dag.py took 0.150 seconds
[2022-05-23 17:30:38,353] {processor.py:153} INFO - Started process (PID=319) to work on /home/airflow/.local/lib/python3.7/site-packages/airflow/example_dags/example_external_task_marker_dag.py
[2022-05-23 17:30:38,354] {processor.py:641} INFO - Processing file /home/airflow/.local/lib/python3.7/site-packages/airflow/example_dags/example_external_task_marker_dag.py for tasks to queue
[2022-05-23 17:30:38,354] {logging_mixin.py:115} INFO - [2022-05-23 17:30:38,354] {dagbag.py:507} INFO - Filling up the DagBag from /home/airflow/.local/lib/python3.7/site-packages/airflow/example_dags/example_external_task_marker_dag.py
[2022-05-23 17:30:38,359] {processor.py:651} INFO - DAG(s) dict_keys(['example_external_task_marker_parent', 'example_external_task_marker_child']) retrieved from /home/airflow/.local/lib/python3.7/site-packages/airflow/example_dags/example_external_task_marker_dag.py
[2022-05-23 17:30:38,417] {logging_mixin.py:115} INFO - [2022-05-23 17:30:38,416] {dag.py:2371} INFO - Sync 2 DAGs
[2022-05-23 17:30:38,447] {logging_mixin.py:115} INFO - [2022-05-23 17:30:38,446] {dag.py:2919} INFO - Setting next_dagrun for example_external_task_marker_child to None, run_after=None
[2022-05-23 17:30:38,447] {logging_mixin.py:115} INFO - [2022-05-23 17:30:38,447] {dag.py:2919} INFO - Setting next_dagrun for example_external_task_marker_parent to None, run_after=None
[2022-05-23 17:30:38,479] {processor.py:161} INFO - Processing /home/airflow/.local/lib/python3.7/site-packages/airflow/example_dags/example_external_task_marker_dag.py took 0.129 seconds
[2022-05-23 17:31:09,194] {processor.py:153} INFO - Started process (PID=374) to work on /home/airflow/.local/lib/python3.7/site-packages/airflow/example_dags/example_external_task_marker_dag.py
[2022-05-23 17:31:09,195] {processor.py:641} INFO - Processing file /home/airflow/.local/lib/python3.7/site-packages/airflow/example_dags/example_external_task_marker_dag.py for tasks to queue
[2022-05-23 17:31:09,196] {logging_mixin.py:115} INFO - [2022-05-23 17:31:09,196] {dagbag.py:507} INFO - Filling up the DagBag from /home/airflow/.local/lib/python3.7/site-packages/airflow/example_dags/example_external_task_marker_dag.py
[2022-05-23 17:31:09,200] {processor.py:651} INFO - DAG(s) dict_keys(['example_external_task_marker_parent', 'example_external_task_marker_child']) retrieved from /home/airflow/.local/lib/python3.7/site-packages/airflow/example_dags/example_external_task_marker_dag.py
[2022-05-23 17:31:09,257] {logging_mixin.py:115} INFO - [2022-05-23 17:31:09,256] {dag.py:2371} INFO - Sync 2 DAGs
[2022-05-23 17:31:09,288] {logging_mixin.py:115} INFO - [2022-05-23 17:31:09,288] {dag.py:2919} INFO - Setting next_dagrun for example_external_task_marker_child to None, run_after=None
[2022-05-23 17:31:09,288] {logging_mixin.py:115} INFO - [2022-05-23 17:31:09,288] {dag.py:2919} INFO - Setting next_dagrun for example_external_task_marker_parent to None, run_after=None
[2022-05-23 17:31:10,553] {processor.py:161} INFO - Processing /home/airflow/.local/lib/python3.7/site-packages/airflow/example_dags/example_external_task_marker_dag.py took 1.363 seconds
[2022-05-23 17:31:40,682] {processor.py:153} INFO - Started process (PID=436) to work on /home/airflow/.local/lib/python3.7/site-packages/airflow/example_dags/example_external_task_marker_dag.py
[2022-05-23 17:31:40,683] {processor.py:641} INFO - Processing file /home/airflow/.local/lib/python3.7/site-packages/airflow/example_dags/example_external_task_marker_dag.py for tasks to queue
[2022-05-23 17:31:40,685] {logging_mixin.py:115} INFO - [2022-05-23 17:31:40,684] {dagbag.py:507} INFO - Filling up the DagBag from /home/airflow/.local/lib/python3.7/site-packages/airflow/example_dags/example_external_task_marker_dag.py
[2022-05-23 17:31:40,696] {processor.py:651} INFO - DAG(s) dict_keys(['example_external_task_marker_parent', 'example_external_task_marker_child']) retrieved from /home/airflow/.local/lib/python3.7/site-packages/airflow/example_dags/example_external_task_marker_dag.py
[2022-05-23 17:31:40,752] {logging_mixin.py:115} INFO - [2022-05-23 17:31:40,752] {dag.py:2371} INFO - Sync 2 DAGs
[2022-05-23 17:31:40,779] {logging_mixin.py:115} INFO - [2022-05-23 17:31:40,779] {dag.py:2919} INFO - Setting next_dagrun for example_external_task_marker_child to None, run_after=None
[2022-05-23 17:31:40,780] {logging_mixin.py:115} INFO - [2022-05-23 17:31:40,780] {dag.py:2919} INFO - Setting next_dagrun for example_external_task_marker_parent to None, run_after=None
[2022-05-23 17:31:40,811] {processor.py:161} INFO - Processing /home/airflow/.local/lib/python3.7/site-packages/airflow/example_dags/example_external_task_marker_dag.py took 0.138 seconds
[2022-05-23 17:32:11,143] {processor.py:153} INFO - Started process (PID=490) to work on /home/airflow/.local/lib/python3.7/site-packages/airflow/example_dags/example_external_task_marker_dag.py
[2022-05-23 17:32:11,291] {processor.py:641} INFO - Processing file /home/airflow/.local/lib/python3.7/site-packages/airflow/example_dags/example_external_task_marker_dag.py for tasks to queue
[2022-05-23 17:32:11,292] {logging_mixin.py:115} INFO - [2022-05-23 17:32:11,292] {dagbag.py:507} INFO - Filling up the DagBag from /home/airflow/.local/lib/python3.7/site-packages/airflow/example_dags/example_external_task_marker_dag.py
[2022-05-23 17:32:11,302] {processor.py:651} INFO - DAG(s) dict_keys(['example_external_task_marker_parent', 'example_external_task_marker_child']) retrieved from /home/airflow/.local/lib/python3.7/site-packages/airflow/example_dags/example_external_task_marker_dag.py
[2022-05-23 17:32:11,385] {logging_mixin.py:115} INFO - [2022-05-23 17:32:11,385] {dag.py:2371} INFO - Sync 2 DAGs
[2022-05-23 17:32:11,412] {logging_mixin.py:115} INFO - [2022-05-23 17:32:11,412] {dag.py:2919} INFO - Setting next_dagrun for example_external_task_marker_child to None, run_after=None
[2022-05-23 17:32:11,412] {logging_mixin.py:115} INFO - [2022-05-23 17:32:11,412] {dag.py:2919} INFO - Setting next_dagrun for example_external_task_marker_parent to None, run_after=None
[2022-05-23 17:32:11,667] {processor.py:161} INFO - Processing /home/airflow/.local/lib/python3.7/site-packages/airflow/example_dags/example_external_task_marker_dag.py took 0.527 seconds
[2022-05-23 17:32:42,443] {processor.py:153} INFO - Started process (PID=553) to work on /home/airflow/.local/lib/python3.7/site-packages/airflow/example_dags/example_external_task_marker_dag.py
[2022-05-23 17:32:42,464] {processor.py:641} INFO - Processing file /home/airflow/.local/lib/python3.7/site-packages/airflow/example_dags/example_external_task_marker_dag.py for tasks to queue
[2022-05-23 17:32:42,465] {logging_mixin.py:115} INFO - [2022-05-23 17:32:42,465] {dagbag.py:507} INFO - Filling up the DagBag from /home/airflow/.local/lib/python3.7/site-packages/airflow/example_dags/example_external_task_marker_dag.py
[2022-05-23 17:32:42,469] {processor.py:651} INFO - DAG(s) dict_keys(['example_external_task_marker_parent', 'example_external_task_marker_child']) retrieved from /home/airflow/.local/lib/python3.7/site-packages/airflow/example_dags/example_external_task_marker_dag.py
[2022-05-23 17:32:42,514] {logging_mixin.py:115} INFO - [2022-05-23 17:32:42,514] {dag.py:2371} INFO - Sync 2 DAGs
[2022-05-23 17:32:42,539] {logging_mixin.py:115} INFO - [2022-05-23 17:32:42,539] {dag.py:2919} INFO - Setting next_dagrun for example_external_task_marker_child to None, run_after=None
[2022-05-23 17:32:42,540] {logging_mixin.py:115} INFO - [2022-05-23 17:32:42,540] {dag.py:2919} INFO - Setting next_dagrun for example_external_task_marker_parent to None, run_after=None
[2022-05-23 17:32:42,589] {processor.py:161} INFO - Processing /home/airflow/.local/lib/python3.7/site-packages/airflow/example_dags/example_external_task_marker_dag.py took 0.149 seconds
[2022-05-23 17:33:13,603] {processor.py:153} INFO - Started process (PID=607) to work on /home/airflow/.local/lib/python3.7/site-packages/airflow/example_dags/example_external_task_marker_dag.py
[2022-05-23 17:33:13,603] {processor.py:641} INFO - Processing file /home/airflow/.local/lib/python3.7/site-packages/airflow/example_dags/example_external_task_marker_dag.py for tasks to queue
[2022-05-23 17:33:13,604] {logging_mixin.py:115} INFO - [2022-05-23 17:33:13,604] {dagbag.py:507} INFO - Filling up the DagBag from /home/airflow/.local/lib/python3.7/site-packages/airflow/example_dags/example_external_task_marker_dag.py
[2022-05-23 17:33:13,608] {processor.py:651} INFO - DAG(s) dict_keys(['example_external_task_marker_parent', 'example_external_task_marker_child']) retrieved from /home/airflow/.local/lib/python3.7/site-packages/airflow/example_dags/example_external_task_marker_dag.py
[2022-05-23 17:33:13,659] {logging_mixin.py:115} INFO - [2022-05-23 17:33:13,659] {dag.py:2371} INFO - Sync 2 DAGs
[2022-05-23 17:33:13,686] {logging_mixin.py:115} INFO - [2022-05-23 17:33:13,686] {dag.py:2919} INFO - Setting next_dagrun for example_external_task_marker_child to None, run_after=None
[2022-05-23 17:33:13,686] {logging_mixin.py:115} INFO - [2022-05-23 17:33:13,686] {dag.py:2919} INFO - Setting next_dagrun for example_external_task_marker_parent to None, run_after=None
[2022-05-23 17:33:13,957] {processor.py:161} INFO - Processing /home/airflow/.local/lib/python3.7/site-packages/airflow/example_dags/example_external_task_marker_dag.py took 0.358 seconds
[2022-05-23 17:33:44,622] {processor.py:153} INFO - Started process (PID=672) to work on /home/airflow/.local/lib/python3.7/site-packages/airflow/example_dags/example_external_task_marker_dag.py
[2022-05-23 17:33:44,649] {processor.py:641} INFO - Processing file /home/airflow/.local/lib/python3.7/site-packages/airflow/example_dags/example_external_task_marker_dag.py for tasks to queue
[2022-05-23 17:33:44,650] {logging_mixin.py:115} INFO - [2022-05-23 17:33:44,649] {dagbag.py:507} INFO - Filling up the DagBag from /home/airflow/.local/lib/python3.7/site-packages/airflow/example_dags/example_external_task_marker_dag.py
[2022-05-23 17:33:44,657] {processor.py:651} INFO - DAG(s) dict_keys(['example_external_task_marker_parent', 'example_external_task_marker_child']) retrieved from /home/airflow/.local/lib/python3.7/site-packages/airflow/example_dags/example_external_task_marker_dag.py
[2022-05-23 17:33:44,720] {logging_mixin.py:115} INFO - [2022-05-23 17:33:44,720] {dag.py:2371} INFO - Sync 2 DAGs
[2022-05-23 17:33:44,880] {logging_mixin.py:115} INFO - [2022-05-23 17:33:44,880] {dag.py:2919} INFO - Setting next_dagrun for example_external_task_marker_child to None, run_after=None
[2022-05-23 17:33:44,880] {logging_mixin.py:115} INFO - [2022-05-23 17:33:44,880] {dag.py:2919} INFO - Setting next_dagrun for example_external_task_marker_parent to None, run_after=None
[2022-05-23 17:33:44,910] {processor.py:161} INFO - Processing /home/airflow/.local/lib/python3.7/site-packages/airflow/example_dags/example_external_task_marker_dag.py took 0.293 seconds
[2022-05-23 17:34:18,473] {processor.py:153} INFO - Started process (PID=728) to work on /home/airflow/.local/lib/python3.7/site-packages/airflow/example_dags/example_external_task_marker_dag.py
[2022-05-23 17:34:18,496] {processor.py:641} INFO - Processing file /home/airflow/.local/lib/python3.7/site-packages/airflow/example_dags/example_external_task_marker_dag.py for tasks to queue
[2022-05-23 17:34:18,496] {logging_mixin.py:115} INFO - [2022-05-23 17:34:18,496] {dagbag.py:507} INFO - Filling up the DagBag from /home/airflow/.local/lib/python3.7/site-packages/airflow/example_dags/example_external_task_marker_dag.py
[2022-05-23 17:34:18,501] {processor.py:651} INFO - DAG(s) dict_keys(['example_external_task_marker_parent', 'example_external_task_marker_child']) retrieved from /home/airflow/.local/lib/python3.7/site-packages/airflow/example_dags/example_external_task_marker_dag.py
[2022-05-23 17:34:18,557] {logging_mixin.py:115} INFO - [2022-05-23 17:34:18,556] {dag.py:2371} INFO - Sync 2 DAGs
[2022-05-23 17:34:18,704] {logging_mixin.py:115} INFO - [2022-05-23 17:34:18,704] {dag.py:2919} INFO - Setting next_dagrun for example_external_task_marker_child to None, run_after=None
[2022-05-23 17:34:18,704] {logging_mixin.py:115} INFO - [2022-05-23 17:34:18,704] {dag.py:2919} INFO - Setting next_dagrun for example_external_task_marker_parent to None, run_after=None
[2022-05-23 17:34:18,737] {processor.py:161} INFO - Processing /home/airflow/.local/lib/python3.7/site-packages/airflow/example_dags/example_external_task_marker_dag.py took 0.271 seconds
[2022-05-23 17:34:49,462] {processor.py:153} INFO - Started process (PID=793) to work on /home/airflow/.local/lib/python3.7/site-packages/airflow/example_dags/example_external_task_marker_dag.py
[2022-05-23 17:34:49,462] {processor.py:641} INFO - Processing file /home/airflow/.local/lib/python3.7/site-packages/airflow/example_dags/example_external_task_marker_dag.py for tasks to queue
[2022-05-23 17:34:49,463] {logging_mixin.py:115} INFO - [2022-05-23 17:34:49,463] {dagbag.py:507} INFO - Filling up the DagBag from /home/airflow/.local/lib/python3.7/site-packages/airflow/example_dags/example_external_task_marker_dag.py
[2022-05-23 17:34:49,467] {processor.py:651} INFO - DAG(s) dict_keys(['example_external_task_marker_parent', 'example_external_task_marker_child']) retrieved from /home/airflow/.local/lib/python3.7/site-packages/airflow/example_dags/example_external_task_marker_dag.py
[2022-05-23 17:34:49,519] {logging_mixin.py:115} INFO - [2022-05-23 17:34:49,519] {dag.py:2371} INFO - Sync 2 DAGs
[2022-05-23 17:34:49,671] {logging_mixin.py:115} INFO - [2022-05-23 17:34:49,671] {dag.py:2919} INFO - Setting next_dagrun for example_external_task_marker_child to None, run_after=None
[2022-05-23 17:34:49,672] {logging_mixin.py:115} INFO - [2022-05-23 17:34:49,671] {dag.py:2919} INFO - Setting next_dagrun for example_external_task_marker_parent to None, run_after=None
[2022-05-23 17:34:49,717] {processor.py:161} INFO - Processing /home/airflow/.local/lib/python3.7/site-packages/airflow/example_dags/example_external_task_marker_dag.py took 0.259 seconds
[2022-05-23 17:35:20,386] {processor.py:153} INFO - Started process (PID=848) to work on /home/airflow/.local/lib/python3.7/site-packages/airflow/example_dags/example_external_task_marker_dag.py
[2022-05-23 17:35:20,386] {processor.py:641} INFO - Processing file /home/airflow/.local/lib/python3.7/site-packages/airflow/example_dags/example_external_task_marker_dag.py for tasks to queue
[2022-05-23 17:35:20,387] {logging_mixin.py:115} INFO - [2022-05-23 17:35:20,387] {dagbag.py:507} INFO - Filling up the DagBag from /home/airflow/.local/lib/python3.7/site-packages/airflow/example_dags/example_external_task_marker_dag.py
[2022-05-23 17:35:20,391] {processor.py:651} INFO - DAG(s) dict_keys(['example_external_task_marker_parent', 'example_external_task_marker_child']) retrieved from /home/airflow/.local/lib/python3.7/site-packages/airflow/example_dags/example_external_task_marker_dag.py
[2022-05-23 17:35:20,451] {logging_mixin.py:115} INFO - [2022-05-23 17:35:20,451] {dag.py:2371} INFO - Sync 2 DAGs
[2022-05-23 17:35:20,592] {logging_mixin.py:115} INFO - [2022-05-23 17:35:20,592] {dag.py:2919} INFO - Setting next_dagrun for example_external_task_marker_child to None, run_after=None
[2022-05-23 17:35:20,592] {logging_mixin.py:115} INFO - [2022-05-23 17:35:20,592] {dag.py:2919} INFO - Setting next_dagrun for example_external_task_marker_parent to None, run_after=None
[2022-05-23 17:35:20,632] {processor.py:161} INFO - Processing /home/airflow/.local/lib/python3.7/site-packages/airflow/example_dags/example_external_task_marker_dag.py took 0.249 seconds
[2022-05-23 17:35:51,301] {processor.py:153} INFO - Started process (PID=911) to work on /home/airflow/.local/lib/python3.7/site-packages/airflow/example_dags/example_external_task_marker_dag.py
[2022-05-23 17:35:51,301] {processor.py:641} INFO - Processing file /home/airflow/.local/lib/python3.7/site-packages/airflow/example_dags/example_external_task_marker_dag.py for tasks to queue
[2022-05-23 17:35:51,302] {logging_mixin.py:115} INFO - [2022-05-23 17:35:51,302] {dagbag.py:507} INFO - Filling up the DagBag from /home/airflow/.local/lib/python3.7/site-packages/airflow/example_dags/example_external_task_marker_dag.py
[2022-05-23 17:35:51,306] {processor.py:651} INFO - DAG(s) dict_keys(['example_external_task_marker_parent', 'example_external_task_marker_child']) retrieved from /home/airflow/.local/lib/python3.7/site-packages/airflow/example_dags/example_external_task_marker_dag.py
[2022-05-23 17:35:51,374] {logging_mixin.py:115} INFO - [2022-05-23 17:35:51,374] {dag.py:2371} INFO - Sync 2 DAGs
[2022-05-23 17:35:51,531] {logging_mixin.py:115} INFO - [2022-05-23 17:35:51,531] {dag.py:2919} INFO - Setting next_dagrun for example_external_task_marker_child to None, run_after=None
[2022-05-23 17:35:51,532] {logging_mixin.py:115} INFO - [2022-05-23 17:35:51,532] {dag.py:2919} INFO - Setting next_dagrun for example_external_task_marker_parent to None, run_after=None
[2022-05-23 17:35:51,600] {processor.py:161} INFO - Processing /home/airflow/.local/lib/python3.7/site-packages/airflow/example_dags/example_external_task_marker_dag.py took 0.303 seconds
[2022-05-23 17:36:21,789] {processor.py:153} INFO - Started process (PID=965) to work on /home/airflow/.local/lib/python3.7/site-packages/airflow/example_dags/example_external_task_marker_dag.py
[2022-05-23 17:36:21,790] {processor.py:641} INFO - Processing file /home/airflow/.local/lib/python3.7/site-packages/airflow/example_dags/example_external_task_marker_dag.py for tasks to queue
[2022-05-23 17:36:21,790] {logging_mixin.py:115} INFO - [2022-05-23 17:36:21,790] {dagbag.py:507} INFO - Filling up the DagBag from /home/airflow/.local/lib/python3.7/site-packages/airflow/example_dags/example_external_task_marker_dag.py
[2022-05-23 17:36:21,795] {processor.py:651} INFO - DAG(s) dict_keys(['example_external_task_marker_parent', 'example_external_task_marker_child']) retrieved from /home/airflow/.local/lib/python3.7/site-packages/airflow/example_dags/example_external_task_marker_dag.py
[2022-05-23 17:36:21,848] {logging_mixin.py:115} INFO - [2022-05-23 17:36:21,848] {dag.py:2371} INFO - Sync 2 DAGs
[2022-05-23 17:36:22,007] {logging_mixin.py:115} INFO - [2022-05-23 17:36:22,007] {dag.py:2919} INFO - Setting next_dagrun for example_external_task_marker_child to None, run_after=None
[2022-05-23 17:36:22,008] {logging_mixin.py:115} INFO - [2022-05-23 17:36:22,008] {dag.py:2919} INFO - Setting next_dagrun for example_external_task_marker_parent to None, run_after=None
[2022-05-23 17:36:22,684] {processor.py:161} INFO - Processing /home/airflow/.local/lib/python3.7/site-packages/airflow/example_dags/example_external_task_marker_dag.py took 0.899 seconds
[2022-05-23 17:36:53,721] {processor.py:153} INFO - Started process (PID=1030) to work on /home/airflow/.local/lib/python3.7/site-packages/airflow/example_dags/example_external_task_marker_dag.py
[2022-05-23 17:36:53,722] {processor.py:641} INFO - Processing file /home/airflow/.local/lib/python3.7/site-packages/airflow/example_dags/example_external_task_marker_dag.py for tasks to queue
[2022-05-23 17:36:53,722] {logging_mixin.py:115} INFO - [2022-05-23 17:36:53,722] {dagbag.py:507} INFO - Filling up the DagBag from /home/airflow/.local/lib/python3.7/site-packages/airflow/example_dags/example_external_task_marker_dag.py
[2022-05-23 17:36:53,727] {processor.py:651} INFO - DAG(s) dict_keys(['example_external_task_marker_parent', 'example_external_task_marker_child']) retrieved from /home/airflow/.local/lib/python3.7/site-packages/airflow/example_dags/example_external_task_marker_dag.py
[2022-05-23 17:36:53,778] {logging_mixin.py:115} INFO - [2022-05-23 17:36:53,778] {dag.py:2371} INFO - Sync 2 DAGs
[2022-05-23 17:36:53,919] {logging_mixin.py:115} INFO - [2022-05-23 17:36:53,919] {dag.py:2919} INFO - Setting next_dagrun for example_external_task_marker_child to None, run_after=None
[2022-05-23 17:36:53,919] {logging_mixin.py:115} INFO - [2022-05-23 17:36:53,919] {dag.py:2919} INFO - Setting next_dagrun for example_external_task_marker_parent to None, run_after=None
[2022-05-23 17:36:53,956] {processor.py:161} INFO - Processing /home/airflow/.local/lib/python3.7/site-packages/airflow/example_dags/example_external_task_marker_dag.py took 0.239 seconds
[2022-05-23 17:49:34,402] {processor.py:153} INFO - Started process (PID=86) to work on /home/airflow/.local/lib/python3.7/site-packages/airflow/example_dags/example_external_task_marker_dag.py
[2022-05-23 17:49:34,403] {processor.py:641} INFO - Processing file /home/airflow/.local/lib/python3.7/site-packages/airflow/example_dags/example_external_task_marker_dag.py for tasks to queue
[2022-05-23 17:49:34,404] {logging_mixin.py:115} INFO - [2022-05-23 17:49:34,404] {dagbag.py:507} INFO - Filling up the DagBag from /home/airflow/.local/lib/python3.7/site-packages/airflow/example_dags/example_external_task_marker_dag.py
[2022-05-23 17:49:34,414] {processor.py:651} INFO - DAG(s) dict_keys(['example_external_task_marker_parent', 'example_external_task_marker_child']) retrieved from /home/airflow/.local/lib/python3.7/site-packages/airflow/example_dags/example_external_task_marker_dag.py
[2022-05-23 17:49:34,528] {logging_mixin.py:115} INFO - [2022-05-23 17:49:34,528] {dag.py:2371} INFO - Sync 2 DAGs
[2022-05-23 17:49:34,767] {logging_mixin.py:115} INFO - [2022-05-23 17:49:34,767] {dag.py:2919} INFO - Setting next_dagrun for example_external_task_marker_child to None, run_after=None
[2022-05-23 17:49:34,767] {logging_mixin.py:115} INFO - [2022-05-23 17:49:34,767] {dag.py:2919} INFO - Setting next_dagrun for example_external_task_marker_parent to None, run_after=None
[2022-05-23 17:49:34,861] {processor.py:161} INFO - Processing /home/airflow/.local/lib/python3.7/site-packages/airflow/example_dags/example_external_task_marker_dag.py took 0.465 seconds
[2022-05-23 17:50:05,540] {processor.py:153} INFO - Started process (PID=140) to work on /home/airflow/.local/lib/python3.7/site-packages/airflow/example_dags/example_external_task_marker_dag.py
[2022-05-23 17:50:05,541] {processor.py:641} INFO - Processing file /home/airflow/.local/lib/python3.7/site-packages/airflow/example_dags/example_external_task_marker_dag.py for tasks to queue
[2022-05-23 17:50:05,542] {logging_mixin.py:115} INFO - [2022-05-23 17:50:05,541] {dagbag.py:507} INFO - Filling up the DagBag from /home/airflow/.local/lib/python3.7/site-packages/airflow/example_dags/example_external_task_marker_dag.py
[2022-05-23 17:50:05,546] {processor.py:651} INFO - DAG(s) dict_keys(['example_external_task_marker_parent', 'example_external_task_marker_child']) retrieved from /home/airflow/.local/lib/python3.7/site-packages/airflow/example_dags/example_external_task_marker_dag.py
[2022-05-23 17:50:05,601] {logging_mixin.py:115} INFO - [2022-05-23 17:50:05,601] {dag.py:2371} INFO - Sync 2 DAGs
[2022-05-23 17:50:05,746] {logging_mixin.py:115} INFO - [2022-05-23 17:50:05,746] {dag.py:2919} INFO - Setting next_dagrun for example_external_task_marker_child to None, run_after=None
[2022-05-23 17:50:05,746] {logging_mixin.py:115} INFO - [2022-05-23 17:50:05,746] {dag.py:2919} INFO - Setting next_dagrun for example_external_task_marker_parent to None, run_after=None
[2022-05-23 17:50:05,775] {processor.py:161} INFO - Processing /home/airflow/.local/lib/python3.7/site-packages/airflow/example_dags/example_external_task_marker_dag.py took 0.238 seconds
[2022-05-23 17:50:38,073] {processor.py:153} INFO - Started process (PID=203) to work on /home/airflow/.local/lib/python3.7/site-packages/airflow/example_dags/example_external_task_marker_dag.py
[2022-05-23 17:50:38,073] {processor.py:641} INFO - Processing file /home/airflow/.local/lib/python3.7/site-packages/airflow/example_dags/example_external_task_marker_dag.py for tasks to queue
[2022-05-23 17:50:38,074] {logging_mixin.py:115} INFO - [2022-05-23 17:50:38,074] {dagbag.py:507} INFO - Filling up the DagBag from /home/airflow/.local/lib/python3.7/site-packages/airflow/example_dags/example_external_task_marker_dag.py
[2022-05-23 17:50:38,082] {processor.py:651} INFO - DAG(s) dict_keys(['example_external_task_marker_parent', 'example_external_task_marker_child']) retrieved from /home/airflow/.local/lib/python3.7/site-packages/airflow/example_dags/example_external_task_marker_dag.py
[2022-05-23 17:50:38,160] {logging_mixin.py:115} INFO - [2022-05-23 17:50:38,160] {dag.py:2371} INFO - Sync 2 DAGs
[2022-05-23 17:50:38,308] {logging_mixin.py:115} INFO - [2022-05-23 17:50:38,308] {dag.py:2919} INFO - Setting next_dagrun for example_external_task_marker_child to None, run_after=None
[2022-05-23 17:50:38,309] {logging_mixin.py:115} INFO - [2022-05-23 17:50:38,308] {dag.py:2919} INFO - Setting next_dagrun for example_external_task_marker_parent to None, run_after=None
[2022-05-23 17:50:38,384] {processor.py:161} INFO - Processing /home/airflow/.local/lib/python3.7/site-packages/airflow/example_dags/example_external_task_marker_dag.py took 0.316 seconds
[2022-05-23 17:51:09,183] {processor.py:153} INFO - Started process (PID=257) to work on /home/airflow/.local/lib/python3.7/site-packages/airflow/example_dags/example_external_task_marker_dag.py
[2022-05-23 17:51:09,204] {processor.py:641} INFO - Processing file /home/airflow/.local/lib/python3.7/site-packages/airflow/example_dags/example_external_task_marker_dag.py for tasks to queue
[2022-05-23 17:51:09,221] {logging_mixin.py:115} INFO - [2022-05-23 17:51:09,221] {dagbag.py:507} INFO - Filling up the DagBag from /home/airflow/.local/lib/python3.7/site-packages/airflow/example_dags/example_external_task_marker_dag.py
[2022-05-23 17:51:09,227] {processor.py:651} INFO - DAG(s) dict_keys(['example_external_task_marker_parent', 'example_external_task_marker_child']) retrieved from /home/airflow/.local/lib/python3.7/site-packages/airflow/example_dags/example_external_task_marker_dag.py
[2022-05-23 17:51:09,290] {logging_mixin.py:115} INFO - [2022-05-23 17:51:09,290] {dag.py:2371} INFO - Sync 2 DAGs
[2022-05-23 17:51:09,439] {logging_mixin.py:115} INFO - [2022-05-23 17:51:09,439] {dag.py:2919} INFO - Setting next_dagrun for example_external_task_marker_child to None, run_after=None
[2022-05-23 17:51:09,439] {logging_mixin.py:115} INFO - [2022-05-23 17:51:09,439] {dag.py:2919} INFO - Setting next_dagrun for example_external_task_marker_parent to None, run_after=None
[2022-05-23 17:51:10,142] {processor.py:161} INFO - Processing /home/airflow/.local/lib/python3.7/site-packages/airflow/example_dags/example_external_task_marker_dag.py took 0.963 seconds
[2022-05-23 17:51:40,387] {processor.py:153} INFO - Started process (PID=320) to work on /home/airflow/.local/lib/python3.7/site-packages/airflow/example_dags/example_external_task_marker_dag.py
[2022-05-23 17:51:40,692] {processor.py:641} INFO - Processing file /home/airflow/.local/lib/python3.7/site-packages/airflow/example_dags/example_external_task_marker_dag.py for tasks to queue
[2022-05-23 17:51:40,694] {logging_mixin.py:115} INFO - [2022-05-23 17:51:40,694] {dagbag.py:507} INFO - Filling up the DagBag from /home/airflow/.local/lib/python3.7/site-packages/airflow/example_dags/example_external_task_marker_dag.py
[2022-05-23 17:51:40,705] {processor.py:651} INFO - DAG(s) dict_keys(['example_external_task_marker_parent', 'example_external_task_marker_child']) retrieved from /home/airflow/.local/lib/python3.7/site-packages/airflow/example_dags/example_external_task_marker_dag.py
[2022-05-23 17:51:40,772] {logging_mixin.py:115} INFO - [2022-05-23 17:51:40,772] {dag.py:2371} INFO - Sync 2 DAGs
[2022-05-23 17:51:40,931] {logging_mixin.py:115} INFO - [2022-05-23 17:51:40,931] {dag.py:2919} INFO - Setting next_dagrun for example_external_task_marker_child to None, run_after=None
[2022-05-23 17:51:40,931] {logging_mixin.py:115} INFO - [2022-05-23 17:51:40,931] {dag.py:2919} INFO - Setting next_dagrun for example_external_task_marker_parent to None, run_after=None
[2022-05-23 17:51:40,968] {processor.py:161} INFO - Processing /home/airflow/.local/lib/python3.7/site-packages/airflow/example_dags/example_external_task_marker_dag.py took 0.590 seconds
[2022-05-23 17:52:11,527] {processor.py:153} INFO - Started process (PID=373) to work on /home/airflow/.local/lib/python3.7/site-packages/airflow/example_dags/example_external_task_marker_dag.py
[2022-05-23 17:52:11,663] {processor.py:641} INFO - Processing file /home/airflow/.local/lib/python3.7/site-packages/airflow/example_dags/example_external_task_marker_dag.py for tasks to queue
[2022-05-23 17:52:11,664] {logging_mixin.py:115} INFO - [2022-05-23 17:52:11,664] {dagbag.py:507} INFO - Filling up the DagBag from /home/airflow/.local/lib/python3.7/site-packages/airflow/example_dags/example_external_task_marker_dag.py
[2022-05-23 17:52:11,677] {processor.py:651} INFO - DAG(s) dict_keys(['example_external_task_marker_parent', 'example_external_task_marker_child']) retrieved from /home/airflow/.local/lib/python3.7/site-packages/airflow/example_dags/example_external_task_marker_dag.py
[2022-05-23 17:52:11,749] {logging_mixin.py:115} INFO - [2022-05-23 17:52:11,749] {dag.py:2371} INFO - Sync 2 DAGs
[2022-05-23 17:52:11,898] {logging_mixin.py:115} INFO - [2022-05-23 17:52:11,898] {dag.py:2919} INFO - Setting next_dagrun for example_external_task_marker_child to None, run_after=None
[2022-05-23 17:52:11,898] {logging_mixin.py:115} INFO - [2022-05-23 17:52:11,898] {dag.py:2919} INFO - Setting next_dagrun for example_external_task_marker_parent to None, run_after=None
[2022-05-23 17:52:12,090] {processor.py:161} INFO - Processing /home/airflow/.local/lib/python3.7/site-packages/airflow/example_dags/example_external_task_marker_dag.py took 0.567 seconds
[2022-05-23 17:52:42,382] {processor.py:153} INFO - Started process (PID=427) to work on /home/airflow/.local/lib/python3.7/site-packages/airflow/example_dags/example_external_task_marker_dag.py
[2022-05-23 17:52:42,385] {processor.py:641} INFO - Processing file /home/airflow/.local/lib/python3.7/site-packages/airflow/example_dags/example_external_task_marker_dag.py for tasks to queue
[2022-05-23 17:52:42,387] {logging_mixin.py:115} INFO - [2022-05-23 17:52:42,387] {dagbag.py:507} INFO - Filling up the DagBag from /home/airflow/.local/lib/python3.7/site-packages/airflow/example_dags/example_external_task_marker_dag.py
[2022-05-23 17:52:42,395] {processor.py:651} INFO - DAG(s) dict_keys(['example_external_task_marker_parent', 'example_external_task_marker_child']) retrieved from /home/airflow/.local/lib/python3.7/site-packages/airflow/example_dags/example_external_task_marker_dag.py
[2022-05-23 17:52:42,458] {logging_mixin.py:115} INFO - [2022-05-23 17:52:42,458] {dag.py:2371} INFO - Sync 2 DAGs
[2022-05-23 17:52:42,609] {logging_mixin.py:115} INFO - [2022-05-23 17:52:42,609] {dag.py:2919} INFO - Setting next_dagrun for example_external_task_marker_child to None, run_after=None
[2022-05-23 17:52:42,609] {logging_mixin.py:115} INFO - [2022-05-23 17:52:42,609] {dag.py:2919} INFO - Setting next_dagrun for example_external_task_marker_parent to None, run_after=None
[2022-05-23 17:52:42,713] {processor.py:161} INFO - Processing /home/airflow/.local/lib/python3.7/site-packages/airflow/example_dags/example_external_task_marker_dag.py took 0.338 seconds
[2022-05-23 17:53:13,346] {processor.py:153} INFO - Started process (PID=489) to work on /home/airflow/.local/lib/python3.7/site-packages/airflow/example_dags/example_external_task_marker_dag.py
[2022-05-23 17:53:13,346] {processor.py:641} INFO - Processing file /home/airflow/.local/lib/python3.7/site-packages/airflow/example_dags/example_external_task_marker_dag.py for tasks to queue
[2022-05-23 17:53:13,347] {logging_mixin.py:115} INFO - [2022-05-23 17:53:13,347] {dagbag.py:507} INFO - Filling up the DagBag from /home/airflow/.local/lib/python3.7/site-packages/airflow/example_dags/example_external_task_marker_dag.py
[2022-05-23 17:53:13,352] {processor.py:651} INFO - DAG(s) dict_keys(['example_external_task_marker_parent', 'example_external_task_marker_child']) retrieved from /home/airflow/.local/lib/python3.7/site-packages/airflow/example_dags/example_external_task_marker_dag.py
[2022-05-23 17:53:13,412] {logging_mixin.py:115} INFO - [2022-05-23 17:53:13,412] {dag.py:2371} INFO - Sync 2 DAGs
[2022-05-23 17:53:13,569] {logging_mixin.py:115} INFO - [2022-05-23 17:53:13,569] {dag.py:2919} INFO - Setting next_dagrun for example_external_task_marker_child to None, run_after=None
[2022-05-23 17:53:13,570] {logging_mixin.py:115} INFO - [2022-05-23 17:53:13,570] {dag.py:2919} INFO - Setting next_dagrun for example_external_task_marker_parent to None, run_after=None
[2022-05-23 17:53:13,596] {processor.py:161} INFO - Processing /home/airflow/.local/lib/python3.7/site-packages/airflow/example_dags/example_external_task_marker_dag.py took 0.254 seconds
[2022-05-23 17:53:43,895] {processor.py:153} INFO - Started process (PID=542) to work on /home/airflow/.local/lib/python3.7/site-packages/airflow/example_dags/example_external_task_marker_dag.py
[2022-05-23 17:53:43,895] {processor.py:641} INFO - Processing file /home/airflow/.local/lib/python3.7/site-packages/airflow/example_dags/example_external_task_marker_dag.py for tasks to queue
[2022-05-23 17:53:43,896] {logging_mixin.py:115} INFO - [2022-05-23 17:53:43,896] {dagbag.py:507} INFO - Filling up the DagBag from /home/airflow/.local/lib/python3.7/site-packages/airflow/example_dags/example_external_task_marker_dag.py
[2022-05-23 17:53:43,900] {processor.py:651} INFO - DAG(s) dict_keys(['example_external_task_marker_parent', 'example_external_task_marker_child']) retrieved from /home/airflow/.local/lib/python3.7/site-packages/airflow/example_dags/example_external_task_marker_dag.py
[2022-05-23 17:53:43,956] {logging_mixin.py:115} INFO - [2022-05-23 17:53:43,956] {dag.py:2371} INFO - Sync 2 DAGs
[2022-05-23 17:53:44,101] {logging_mixin.py:115} INFO - [2022-05-23 17:53:44,100] {dag.py:2919} INFO - Setting next_dagrun for example_external_task_marker_child to None, run_after=None
[2022-05-23 17:53:44,101] {logging_mixin.py:115} INFO - [2022-05-23 17:53:44,101] {dag.py:2919} INFO - Setting next_dagrun for example_external_task_marker_parent to None, run_after=None
[2022-05-23 17:53:44,135] {processor.py:161} INFO - Processing /home/airflow/.local/lib/python3.7/site-packages/airflow/example_dags/example_external_task_marker_dag.py took 0.244 seconds
[2022-05-23 18:03:52,297] {processor.py:153} INFO - Started process (PID=86) to work on /home/airflow/.local/lib/python3.7/site-packages/airflow/example_dags/example_external_task_marker_dag.py
[2022-05-23 18:03:52,299] {processor.py:641} INFO - Processing file /home/airflow/.local/lib/python3.7/site-packages/airflow/example_dags/example_external_task_marker_dag.py for tasks to queue
[2022-05-23 18:03:52,301] {logging_mixin.py:115} INFO - [2022-05-23 18:03:52,301] {dagbag.py:507} INFO - Filling up the DagBag from /home/airflow/.local/lib/python3.7/site-packages/airflow/example_dags/example_external_task_marker_dag.py
[2022-05-23 18:03:52,323] {processor.py:651} INFO - DAG(s) dict_keys(['example_external_task_marker_parent', 'example_external_task_marker_child']) retrieved from /home/airflow/.local/lib/python3.7/site-packages/airflow/example_dags/example_external_task_marker_dag.py
[2022-05-23 18:03:52,448] {logging_mixin.py:115} INFO - [2022-05-23 18:03:52,448] {dag.py:2371} INFO - Sync 2 DAGs
[2022-05-23 18:03:52,706] {logging_mixin.py:115} INFO - [2022-05-23 18:03:52,706] {dag.py:2919} INFO - Setting next_dagrun for example_external_task_marker_child to None, run_after=None
[2022-05-23 18:03:52,707] {logging_mixin.py:115} INFO - [2022-05-23 18:03:52,707] {dag.py:2919} INFO - Setting next_dagrun for example_external_task_marker_parent to None, run_after=None
[2022-05-23 18:03:53,692] {processor.py:161} INFO - Processing /home/airflow/.local/lib/python3.7/site-packages/airflow/example_dags/example_external_task_marker_dag.py took 1.400 seconds
[2022-05-23 18:04:26,238] {processor.py:153} INFO - Started process (PID=151) to work on /home/airflow/.local/lib/python3.7/site-packages/airflow/example_dags/example_external_task_marker_dag.py
[2022-05-23 18:04:26,317] {processor.py:641} INFO - Processing file /home/airflow/.local/lib/python3.7/site-packages/airflow/example_dags/example_external_task_marker_dag.py for tasks to queue
[2022-05-23 18:04:26,318] {logging_mixin.py:115} INFO - [2022-05-23 18:04:26,318] {dagbag.py:507} INFO - Filling up the DagBag from /home/airflow/.local/lib/python3.7/site-packages/airflow/example_dags/example_external_task_marker_dag.py
[2022-05-23 18:04:26,325] {processor.py:651} INFO - DAG(s) dict_keys(['example_external_task_marker_parent', 'example_external_task_marker_child']) retrieved from /home/airflow/.local/lib/python3.7/site-packages/airflow/example_dags/example_external_task_marker_dag.py
[2022-05-23 18:04:26,390] {logging_mixin.py:115} INFO - [2022-05-23 18:04:26,389] {dag.py:2371} INFO - Sync 2 DAGs
[2022-05-23 18:04:26,539] {logging_mixin.py:115} INFO - [2022-05-23 18:04:26,539] {dag.py:2919} INFO - Setting next_dagrun for example_external_task_marker_child to None, run_after=None
[2022-05-23 18:04:26,539] {logging_mixin.py:115} INFO - [2022-05-23 18:04:26,539] {dag.py:2919} INFO - Setting next_dagrun for example_external_task_marker_parent to None, run_after=None
[2022-05-23 18:04:26,713] {processor.py:161} INFO - Processing /home/airflow/.local/lib/python3.7/site-packages/airflow/example_dags/example_external_task_marker_dag.py took 0.478 seconds
[2022-05-23 18:04:57,070] {processor.py:153} INFO - Started process (PID=204) to work on /home/airflow/.local/lib/python3.7/site-packages/airflow/example_dags/example_external_task_marker_dag.py
[2022-05-23 18:04:57,072] {processor.py:641} INFO - Processing file /home/airflow/.local/lib/python3.7/site-packages/airflow/example_dags/example_external_task_marker_dag.py for tasks to queue
[2022-05-23 18:04:57,072] {logging_mixin.py:115} INFO - [2022-05-23 18:04:57,072] {dagbag.py:507} INFO - Filling up the DagBag from /home/airflow/.local/lib/python3.7/site-packages/airflow/example_dags/example_external_task_marker_dag.py
[2022-05-23 18:04:57,078] {processor.py:651} INFO - DAG(s) dict_keys(['example_external_task_marker_parent', 'example_external_task_marker_child']) retrieved from /home/airflow/.local/lib/python3.7/site-packages/airflow/example_dags/example_external_task_marker_dag.py
[2022-05-23 18:04:57,139] {logging_mixin.py:115} INFO - [2022-05-23 18:04:57,139] {dag.py:2371} INFO - Sync 2 DAGs
[2022-05-23 18:04:57,286] {logging_mixin.py:115} INFO - [2022-05-23 18:04:57,286] {dag.py:2919} INFO - Setting next_dagrun for example_external_task_marker_child to None, run_after=None
[2022-05-23 18:04:57,286] {logging_mixin.py:115} INFO - [2022-05-23 18:04:57,286] {dag.py:2919} INFO - Setting next_dagrun for example_external_task_marker_parent to None, run_after=None
[2022-05-23 18:04:57,326] {processor.py:161} INFO - Processing /home/airflow/.local/lib/python3.7/site-packages/airflow/example_dags/example_external_task_marker_dag.py took 0.259 seconds
[2022-05-23 18:05:28,659] {processor.py:153} INFO - Started process (PID=258) to work on /home/airflow/.local/lib/python3.7/site-packages/airflow/example_dags/example_external_task_marker_dag.py
[2022-05-23 18:05:28,671] {processor.py:641} INFO - Processing file /home/airflow/.local/lib/python3.7/site-packages/airflow/example_dags/example_external_task_marker_dag.py for tasks to queue
[2022-05-23 18:05:28,672] {logging_mixin.py:115} INFO - [2022-05-23 18:05:28,671] {dagbag.py:507} INFO - Filling up the DagBag from /home/airflow/.local/lib/python3.7/site-packages/airflow/example_dags/example_external_task_marker_dag.py
[2022-05-23 18:05:28,677] {processor.py:651} INFO - DAG(s) dict_keys(['example_external_task_marker_parent', 'example_external_task_marker_child']) retrieved from /home/airflow/.local/lib/python3.7/site-packages/airflow/example_dags/example_external_task_marker_dag.py
[2022-05-23 18:05:28,738] {logging_mixin.py:115} INFO - [2022-05-23 18:05:28,738] {dag.py:2371} INFO - Sync 2 DAGs
[2022-05-23 18:05:28,885] {logging_mixin.py:115} INFO - [2022-05-23 18:05:28,885] {dag.py:2919} INFO - Setting next_dagrun for example_external_task_marker_child to None, run_after=None
[2022-05-23 18:05:28,886] {logging_mixin.py:115} INFO - [2022-05-23 18:05:28,886] {dag.py:2919} INFO - Setting next_dagrun for example_external_task_marker_parent to None, run_after=None
[2022-05-23 18:05:28,932] {processor.py:161} INFO - Processing /home/airflow/.local/lib/python3.7/site-packages/airflow/example_dags/example_external_task_marker_dag.py took 0.277 seconds
[2022-05-23 18:06:00,198] {processor.py:153} INFO - Started process (PID=313) to work on /home/airflow/.local/lib/python3.7/site-packages/airflow/example_dags/example_external_task_marker_dag.py
[2022-05-23 18:06:00,331] {processor.py:641} INFO - Processing file /home/airflow/.local/lib/python3.7/site-packages/airflow/example_dags/example_external_task_marker_dag.py for tasks to queue
[2022-05-23 18:06:00,332] {logging_mixin.py:115} INFO - [2022-05-23 18:06:00,332] {dagbag.py:507} INFO - Filling up the DagBag from /home/airflow/.local/lib/python3.7/site-packages/airflow/example_dags/example_external_task_marker_dag.py
[2022-05-23 18:06:00,339] {processor.py:651} INFO - DAG(s) dict_keys(['example_external_task_marker_parent', 'example_external_task_marker_child']) retrieved from /home/airflow/.local/lib/python3.7/site-packages/airflow/example_dags/example_external_task_marker_dag.py
[2022-05-23 18:06:00,409] {logging_mixin.py:115} INFO - [2022-05-23 18:06:00,409] {dag.py:2371} INFO - Sync 2 DAGs
[2022-05-23 18:06:00,608] {logging_mixin.py:115} INFO - [2022-05-23 18:06:00,608] {dag.py:2919} INFO - Setting next_dagrun for example_external_task_marker_child to None, run_after=None
[2022-05-23 18:06:00,608] {logging_mixin.py:115} INFO - [2022-05-23 18:06:00,608] {dag.py:2919} INFO - Setting next_dagrun for example_external_task_marker_parent to None, run_after=None
[2022-05-23 18:06:00,638] {processor.py:161} INFO - Processing /home/airflow/.local/lib/python3.7/site-packages/airflow/example_dags/example_external_task_marker_dag.py took 0.443 seconds
[2022-05-23 18:06:30,937] {processor.py:153} INFO - Started process (PID=377) to work on /home/airflow/.local/lib/python3.7/site-packages/airflow/example_dags/example_external_task_marker_dag.py
[2022-05-23 18:06:30,938] {processor.py:641} INFO - Processing file /home/airflow/.local/lib/python3.7/site-packages/airflow/example_dags/example_external_task_marker_dag.py for tasks to queue
[2022-05-23 18:06:30,939] {logging_mixin.py:115} INFO - [2022-05-23 18:06:30,938] {dagbag.py:507} INFO - Filling up the DagBag from /home/airflow/.local/lib/python3.7/site-packages/airflow/example_dags/example_external_task_marker_dag.py
[2022-05-23 18:06:30,945] {processor.py:651} INFO - DAG(s) dict_keys(['example_external_task_marker_parent', 'example_external_task_marker_child']) retrieved from /home/airflow/.local/lib/python3.7/site-packages/airflow/example_dags/example_external_task_marker_dag.py
[2022-05-23 18:06:31,025] {logging_mixin.py:115} INFO - [2022-05-23 18:06:31,025] {dag.py:2371} INFO - Sync 2 DAGs
[2022-05-23 18:06:31,231] {logging_mixin.py:115} INFO - [2022-05-23 18:06:31,231] {dag.py:2919} INFO - Setting next_dagrun for example_external_task_marker_child to None, run_after=None
[2022-05-23 18:06:31,232] {logging_mixin.py:115} INFO - [2022-05-23 18:06:31,232] {dag.py:2919} INFO - Setting next_dagrun for example_external_task_marker_parent to None, run_after=None
[2022-05-23 18:06:31,274] {processor.py:161} INFO - Processing /home/airflow/.local/lib/python3.7/site-packages/airflow/example_dags/example_external_task_marker_dag.py took 0.341 seconds
[2022-05-23 18:07:02,349] {processor.py:153} INFO - Started process (PID=431) to work on /home/airflow/.local/lib/python3.7/site-packages/airflow/example_dags/example_external_task_marker_dag.py
[2022-05-23 18:07:02,350] {processor.py:641} INFO - Processing file /home/airflow/.local/lib/python3.7/site-packages/airflow/example_dags/example_external_task_marker_dag.py for tasks to queue
[2022-05-23 18:07:02,350] {logging_mixin.py:115} INFO - [2022-05-23 18:07:02,350] {dagbag.py:507} INFO - Filling up the DagBag from /home/airflow/.local/lib/python3.7/site-packages/airflow/example_dags/example_external_task_marker_dag.py
[2022-05-23 18:07:02,357] {processor.py:651} INFO - DAG(s) dict_keys(['example_external_task_marker_parent', 'example_external_task_marker_child']) retrieved from /home/airflow/.local/lib/python3.7/site-packages/airflow/example_dags/example_external_task_marker_dag.py
[2022-05-23 18:07:02,436] {logging_mixin.py:115} INFO - [2022-05-23 18:07:02,436] {dag.py:2371} INFO - Sync 2 DAGs
[2022-05-23 18:07:02,607] {logging_mixin.py:115} INFO - [2022-05-23 18:07:02,607] {dag.py:2919} INFO - Setting next_dagrun for example_external_task_marker_child to None, run_after=None
[2022-05-23 18:07:02,608] {logging_mixin.py:115} INFO - [2022-05-23 18:07:02,608] {dag.py:2919} INFO - Setting next_dagrun for example_external_task_marker_parent to None, run_after=None
[2022-05-23 18:07:02,646] {processor.py:161} INFO - Processing /home/airflow/.local/lib/python3.7/site-packages/airflow/example_dags/example_external_task_marker_dag.py took 0.301 seconds
[2022-05-23 18:07:33,108] {processor.py:153} INFO - Started process (PID=484) to work on /home/airflow/.local/lib/python3.7/site-packages/airflow/example_dags/example_external_task_marker_dag.py
[2022-05-23 18:07:33,108] {processor.py:641} INFO - Processing file /home/airflow/.local/lib/python3.7/site-packages/airflow/example_dags/example_external_task_marker_dag.py for tasks to queue
[2022-05-23 18:07:33,109] {logging_mixin.py:115} INFO - [2022-05-23 18:07:33,109] {dagbag.py:507} INFO - Filling up the DagBag from /home/airflow/.local/lib/python3.7/site-packages/airflow/example_dags/example_external_task_marker_dag.py
[2022-05-23 18:07:33,113] {processor.py:651} INFO - DAG(s) dict_keys(['example_external_task_marker_parent', 'example_external_task_marker_child']) retrieved from /home/airflow/.local/lib/python3.7/site-packages/airflow/example_dags/example_external_task_marker_dag.py
[2022-05-23 18:07:33,169] {logging_mixin.py:115} INFO - [2022-05-23 18:07:33,169] {dag.py:2371} INFO - Sync 2 DAGs
[2022-05-23 18:07:33,317] {logging_mixin.py:115} INFO - [2022-05-23 18:07:33,317] {dag.py:2919} INFO - Setting next_dagrun for example_external_task_marker_child to None, run_after=None
[2022-05-23 18:07:33,317] {logging_mixin.py:115} INFO - [2022-05-23 18:07:33,317] {dag.py:2919} INFO - Setting next_dagrun for example_external_task_marker_parent to None, run_after=None
[2022-05-23 18:07:33,370] {processor.py:161} INFO - Processing /home/airflow/.local/lib/python3.7/site-packages/airflow/example_dags/example_external_task_marker_dag.py took 0.265 seconds
[2022-05-23 18:08:06,086] {processor.py:153} INFO - Started process (PID=547) to work on /home/airflow/.local/lib/python3.7/site-packages/airflow/example_dags/example_external_task_marker_dag.py
[2022-05-23 18:08:06,087] {processor.py:641} INFO - Processing file /home/airflow/.local/lib/python3.7/site-packages/airflow/example_dags/example_external_task_marker_dag.py for tasks to queue
[2022-05-23 18:08:06,087] {logging_mixin.py:115} INFO - [2022-05-23 18:08:06,087] {dagbag.py:507} INFO - Filling up the DagBag from /home/airflow/.local/lib/python3.7/site-packages/airflow/example_dags/example_external_task_marker_dag.py
[2022-05-23 18:08:06,093] {processor.py:651} INFO - DAG(s) dict_keys(['example_external_task_marker_parent', 'example_external_task_marker_child']) retrieved from /home/airflow/.local/lib/python3.7/site-packages/airflow/example_dags/example_external_task_marker_dag.py
[2022-05-23 18:08:06,157] {logging_mixin.py:115} INFO - [2022-05-23 18:08:06,157] {dag.py:2371} INFO - Sync 2 DAGs
[2022-05-23 18:08:06,304] {logging_mixin.py:115} INFO - [2022-05-23 18:08:06,304] {dag.py:2919} INFO - Setting next_dagrun for example_external_task_marker_child to None, run_after=None
[2022-05-23 18:08:06,305] {logging_mixin.py:115} INFO - [2022-05-23 18:08:06,305] {dag.py:2919} INFO - Setting next_dagrun for example_external_task_marker_parent to None, run_after=None
[2022-05-23 18:08:06,370] {processor.py:161} INFO - Processing /home/airflow/.local/lib/python3.7/site-packages/airflow/example_dags/example_external_task_marker_dag.py took 0.288 seconds
[2022-05-23 18:08:38,349] {processor.py:153} INFO - Started process (PID=601) to work on /home/airflow/.local/lib/python3.7/site-packages/airflow/example_dags/example_external_task_marker_dag.py
[2022-05-23 18:08:38,432] {processor.py:641} INFO - Processing file /home/airflow/.local/lib/python3.7/site-packages/airflow/example_dags/example_external_task_marker_dag.py for tasks to queue
[2022-05-23 18:08:38,440] {logging_mixin.py:115} INFO - [2022-05-23 18:08:38,440] {dagbag.py:507} INFO - Filling up the DagBag from /home/airflow/.local/lib/python3.7/site-packages/airflow/example_dags/example_external_task_marker_dag.py
[2022-05-23 18:08:38,457] {processor.py:651} INFO - DAG(s) dict_keys(['example_external_task_marker_parent', 'example_external_task_marker_child']) retrieved from /home/airflow/.local/lib/python3.7/site-packages/airflow/example_dags/example_external_task_marker_dag.py
[2022-05-23 18:08:38,540] {logging_mixin.py:115} INFO - [2022-05-23 18:08:38,540] {dag.py:2371} INFO - Sync 2 DAGs
[2022-05-23 18:08:38,566] {logging_mixin.py:115} INFO - [2022-05-23 18:08:38,566] {dag.py:2919} INFO - Setting next_dagrun for example_external_task_marker_child to None, run_after=None
[2022-05-23 18:08:38,567] {logging_mixin.py:115} INFO - [2022-05-23 18:08:38,567] {dag.py:2919} INFO - Setting next_dagrun for example_external_task_marker_parent to None, run_after=None
[2022-05-23 18:08:39,081] {processor.py:161} INFO - Processing /home/airflow/.local/lib/python3.7/site-packages/airflow/example_dags/example_external_task_marker_dag.py took 0.735 seconds
[2022-05-23 18:09:09,677] {processor.py:153} INFO - Started process (PID=661) to work on /home/airflow/.local/lib/python3.7/site-packages/airflow/example_dags/example_external_task_marker_dag.py
[2022-05-23 18:09:09,698] {processor.py:641} INFO - Processing file /home/airflow/.local/lib/python3.7/site-packages/airflow/example_dags/example_external_task_marker_dag.py for tasks to queue
[2022-05-23 18:09:09,699] {logging_mixin.py:115} INFO - [2022-05-23 18:09:09,699] {dagbag.py:507} INFO - Filling up the DagBag from /home/airflow/.local/lib/python3.7/site-packages/airflow/example_dags/example_external_task_marker_dag.py
[2022-05-23 18:09:09,705] {processor.py:651} INFO - DAG(s) dict_keys(['example_external_task_marker_parent', 'example_external_task_marker_child']) retrieved from /home/airflow/.local/lib/python3.7/site-packages/airflow/example_dags/example_external_task_marker_dag.py
[2022-05-23 18:09:09,757] {logging_mixin.py:115} INFO - [2022-05-23 18:09:09,757] {dag.py:2371} INFO - Sync 2 DAGs
[2022-05-23 18:09:09,780] {logging_mixin.py:115} INFO - [2022-05-23 18:09:09,780] {dag.py:2919} INFO - Setting next_dagrun for example_external_task_marker_child to None, run_after=None
[2022-05-23 18:09:09,781] {logging_mixin.py:115} INFO - [2022-05-23 18:09:09,781] {dag.py:2919} INFO - Setting next_dagrun for example_external_task_marker_parent to None, run_after=None
[2022-05-23 18:09:10,267] {processor.py:161} INFO - Processing /home/airflow/.local/lib/python3.7/site-packages/airflow/example_dags/example_external_task_marker_dag.py took 0.594 seconds
[2022-05-23 18:09:40,724] {processor.py:153} INFO - Started process (PID=717) to work on /home/airflow/.local/lib/python3.7/site-packages/airflow/example_dags/example_external_task_marker_dag.py
[2022-05-23 18:09:40,756] {processor.py:641} INFO - Processing file /home/airflow/.local/lib/python3.7/site-packages/airflow/example_dags/example_external_task_marker_dag.py for tasks to queue
[2022-05-23 18:09:40,757] {logging_mixin.py:115} INFO - [2022-05-23 18:09:40,757] {dagbag.py:507} INFO - Filling up the DagBag from /home/airflow/.local/lib/python3.7/site-packages/airflow/example_dags/example_external_task_marker_dag.py
[2022-05-23 18:09:40,763] {processor.py:651} INFO - DAG(s) dict_keys(['example_external_task_marker_parent', 'example_external_task_marker_child']) retrieved from /home/airflow/.local/lib/python3.7/site-packages/airflow/example_dags/example_external_task_marker_dag.py
[2022-05-23 18:09:40,829] {logging_mixin.py:115} INFO - [2022-05-23 18:09:40,829] {dag.py:2371} INFO - Sync 2 DAGs
[2022-05-23 18:09:40,853] {logging_mixin.py:115} INFO - [2022-05-23 18:09:40,853] {dag.py:2919} INFO - Setting next_dagrun for example_external_task_marker_child to None, run_after=None
[2022-05-23 18:09:40,853] {logging_mixin.py:115} INFO - [2022-05-23 18:09:40,853] {dag.py:2919} INFO - Setting next_dagrun for example_external_task_marker_parent to None, run_after=None
[2022-05-23 18:09:40,950] {processor.py:161} INFO - Processing /home/airflow/.local/lib/python3.7/site-packages/airflow/example_dags/example_external_task_marker_dag.py took 0.229 seconds
[2022-05-23 18:10:11,998] {processor.py:153} INFO - Started process (PID=780) to work on /home/airflow/.local/lib/python3.7/site-packages/airflow/example_dags/example_external_task_marker_dag.py
[2022-05-23 18:10:12,009] {processor.py:641} INFO - Processing file /home/airflow/.local/lib/python3.7/site-packages/airflow/example_dags/example_external_task_marker_dag.py for tasks to queue
[2022-05-23 18:10:12,010] {logging_mixin.py:115} INFO - [2022-05-23 18:10:12,010] {dagbag.py:507} INFO - Filling up the DagBag from /home/airflow/.local/lib/python3.7/site-packages/airflow/example_dags/example_external_task_marker_dag.py
[2022-05-23 18:10:12,015] {processor.py:651} INFO - DAG(s) dict_keys(['example_external_task_marker_parent', 'example_external_task_marker_child']) retrieved from /home/airflow/.local/lib/python3.7/site-packages/airflow/example_dags/example_external_task_marker_dag.py
[2022-05-23 18:10:12,068] {logging_mixin.py:115} INFO - [2022-05-23 18:10:12,068] {dag.py:2371} INFO - Sync 2 DAGs
[2022-05-23 18:10:12,096] {logging_mixin.py:115} INFO - [2022-05-23 18:10:12,096] {dag.py:2919} INFO - Setting next_dagrun for example_external_task_marker_child to None, run_after=None
[2022-05-23 18:10:12,096] {logging_mixin.py:115} INFO - [2022-05-23 18:10:12,096] {dag.py:2919} INFO - Setting next_dagrun for example_external_task_marker_parent to None, run_after=None
[2022-05-23 18:10:12,283] {processor.py:161} INFO - Processing /home/airflow/.local/lib/python3.7/site-packages/airflow/example_dags/example_external_task_marker_dag.py took 0.288 seconds
[2022-05-23 18:10:43,257] {processor.py:153} INFO - Started process (PID=834) to work on /home/airflow/.local/lib/python3.7/site-packages/airflow/example_dags/example_external_task_marker_dag.py
[2022-05-23 18:10:43,325] {processor.py:641} INFO - Processing file /home/airflow/.local/lib/python3.7/site-packages/airflow/example_dags/example_external_task_marker_dag.py for tasks to queue
[2022-05-23 18:10:43,327] {logging_mixin.py:115} INFO - [2022-05-23 18:10:43,327] {dagbag.py:507} INFO - Filling up the DagBag from /home/airflow/.local/lib/python3.7/site-packages/airflow/example_dags/example_external_task_marker_dag.py
[2022-05-23 18:10:43,339] {processor.py:651} INFO - DAG(s) dict_keys(['example_external_task_marker_parent', 'example_external_task_marker_child']) retrieved from /home/airflow/.local/lib/python3.7/site-packages/airflow/example_dags/example_external_task_marker_dag.py
[2022-05-23 18:10:43,410] {logging_mixin.py:115} INFO - [2022-05-23 18:10:43,410] {dag.py:2371} INFO - Sync 2 DAGs
[2022-05-23 18:10:43,434] {logging_mixin.py:115} INFO - [2022-05-23 18:10:43,434] {dag.py:2919} INFO - Setting next_dagrun for example_external_task_marker_child to None, run_after=None
[2022-05-23 18:10:43,435] {logging_mixin.py:115} INFO - [2022-05-23 18:10:43,435] {dag.py:2919} INFO - Setting next_dagrun for example_external_task_marker_parent to None, run_after=None
[2022-05-23 18:10:43,473] {processor.py:161} INFO - Processing /home/airflow/.local/lib/python3.7/site-packages/airflow/example_dags/example_external_task_marker_dag.py took 0.219 seconds
[2022-05-23 18:11:14,140] {processor.py:153} INFO - Started process (PID=888) to work on /home/airflow/.local/lib/python3.7/site-packages/airflow/example_dags/example_external_task_marker_dag.py
[2022-05-23 18:11:14,418] {processor.py:641} INFO - Processing file /home/airflow/.local/lib/python3.7/site-packages/airflow/example_dags/example_external_task_marker_dag.py for tasks to queue
[2022-05-23 18:11:14,419] {logging_mixin.py:115} INFO - [2022-05-23 18:11:14,419] {dagbag.py:507} INFO - Filling up the DagBag from /home/airflow/.local/lib/python3.7/site-packages/airflow/example_dags/example_external_task_marker_dag.py
[2022-05-23 18:11:14,423] {processor.py:651} INFO - DAG(s) dict_keys(['example_external_task_marker_parent', 'example_external_task_marker_child']) retrieved from /home/airflow/.local/lib/python3.7/site-packages/airflow/example_dags/example_external_task_marker_dag.py
[2022-05-23 18:11:14,479] {logging_mixin.py:115} INFO - [2022-05-23 18:11:14,479] {dag.py:2371} INFO - Sync 2 DAGs
[2022-05-23 18:11:14,504] {logging_mixin.py:115} INFO - [2022-05-23 18:11:14,504] {dag.py:2919} INFO - Setting next_dagrun for example_external_task_marker_child to None, run_after=None
[2022-05-23 18:11:14,505] {logging_mixin.py:115} INFO - [2022-05-23 18:11:14,505] {dag.py:2919} INFO - Setting next_dagrun for example_external_task_marker_parent to None, run_after=None
[2022-05-23 18:11:15,164] {processor.py:161} INFO - Processing /home/airflow/.local/lib/python3.7/site-packages/airflow/example_dags/example_external_task_marker_dag.py took 1.027 seconds
[2022-05-23 18:11:45,247] {processor.py:153} INFO - Started process (PID=949) to work on /home/airflow/.local/lib/python3.7/site-packages/airflow/example_dags/example_external_task_marker_dag.py
[2022-05-23 18:11:45,509] {processor.py:641} INFO - Processing file /home/airflow/.local/lib/python3.7/site-packages/airflow/example_dags/example_external_task_marker_dag.py for tasks to queue
[2022-05-23 18:11:45,512] {logging_mixin.py:115} INFO - [2022-05-23 18:11:45,511] {dagbag.py:507} INFO - Filling up the DagBag from /home/airflow/.local/lib/python3.7/site-packages/airflow/example_dags/example_external_task_marker_dag.py
[2022-05-23 18:11:45,526] {processor.py:651} INFO - DAG(s) dict_keys(['example_external_task_marker_parent', 'example_external_task_marker_child']) retrieved from /home/airflow/.local/lib/python3.7/site-packages/airflow/example_dags/example_external_task_marker_dag.py
[2022-05-23 18:11:45,657] {logging_mixin.py:115} INFO - [2022-05-23 18:11:45,657] {dag.py:2371} INFO - Sync 2 DAGs
[2022-05-23 18:11:45,682] {logging_mixin.py:115} INFO - [2022-05-23 18:11:45,682] {dag.py:2919} INFO - Setting next_dagrun for example_external_task_marker_child to None, run_after=None
[2022-05-23 18:11:45,683] {logging_mixin.py:115} INFO - [2022-05-23 18:11:45,683] {dag.py:2919} INFO - Setting next_dagrun for example_external_task_marker_parent to None, run_after=None
[2022-05-23 18:11:45,723] {processor.py:161} INFO - Processing /home/airflow/.local/lib/python3.7/site-packages/airflow/example_dags/example_external_task_marker_dag.py took 0.486 seconds
[2022-05-23 18:12:17,201] {processor.py:153} INFO - Started process (PID=1003) to work on /home/airflow/.local/lib/python3.7/site-packages/airflow/example_dags/example_external_task_marker_dag.py
[2022-05-23 18:12:17,207] {processor.py:641} INFO - Processing file /home/airflow/.local/lib/python3.7/site-packages/airflow/example_dags/example_external_task_marker_dag.py for tasks to queue
[2022-05-23 18:12:17,208] {logging_mixin.py:115} INFO - [2022-05-23 18:12:17,208] {dagbag.py:507} INFO - Filling up the DagBag from /home/airflow/.local/lib/python3.7/site-packages/airflow/example_dags/example_external_task_marker_dag.py
[2022-05-23 18:12:17,214] {processor.py:651} INFO - DAG(s) dict_keys(['example_external_task_marker_parent', 'example_external_task_marker_child']) retrieved from /home/airflow/.local/lib/python3.7/site-packages/airflow/example_dags/example_external_task_marker_dag.py
[2022-05-23 18:12:17,276] {logging_mixin.py:115} INFO - [2022-05-23 18:12:17,276] {dag.py:2371} INFO - Sync 2 DAGs
[2022-05-23 18:12:17,307] {logging_mixin.py:115} INFO - [2022-05-23 18:12:17,306] {dag.py:2919} INFO - Setting next_dagrun for example_external_task_marker_child to None, run_after=None
[2022-05-23 18:12:17,307] {logging_mixin.py:115} INFO - [2022-05-23 18:12:17,307] {dag.py:2919} INFO - Setting next_dagrun for example_external_task_marker_parent to None, run_after=None
[2022-05-23 18:12:17,342] {processor.py:161} INFO - Processing /home/airflow/.local/lib/python3.7/site-packages/airflow/example_dags/example_external_task_marker_dag.py took 0.146 seconds
[2022-05-23 18:12:48,721] {processor.py:153} INFO - Started process (PID=1065) to work on /home/airflow/.local/lib/python3.7/site-packages/airflow/example_dags/example_external_task_marker_dag.py
[2022-05-23 18:12:48,748] {processor.py:641} INFO - Processing file /home/airflow/.local/lib/python3.7/site-packages/airflow/example_dags/example_external_task_marker_dag.py for tasks to queue
[2022-05-23 18:12:48,749] {logging_mixin.py:115} INFO - [2022-05-23 18:12:48,749] {dagbag.py:507} INFO - Filling up the DagBag from /home/airflow/.local/lib/python3.7/site-packages/airflow/example_dags/example_external_task_marker_dag.py
[2022-05-23 18:12:48,755] {processor.py:651} INFO - DAG(s) dict_keys(['example_external_task_marker_parent', 'example_external_task_marker_child']) retrieved from /home/airflow/.local/lib/python3.7/site-packages/airflow/example_dags/example_external_task_marker_dag.py
[2022-05-23 18:12:48,828] {logging_mixin.py:115} INFO - [2022-05-23 18:12:48,828] {dag.py:2371} INFO - Sync 2 DAGs
[2022-05-23 18:12:48,856] {logging_mixin.py:115} INFO - [2022-05-23 18:12:48,856] {dag.py:2919} INFO - Setting next_dagrun for example_external_task_marker_child to None, run_after=None
[2022-05-23 18:12:48,856] {logging_mixin.py:115} INFO - [2022-05-23 18:12:48,856] {dag.py:2919} INFO - Setting next_dagrun for example_external_task_marker_parent to None, run_after=None
[2022-05-23 18:12:48,883] {processor.py:161} INFO - Processing /home/airflow/.local/lib/python3.7/site-packages/airflow/example_dags/example_external_task_marker_dag.py took 0.165 seconds
[2022-05-23 18:13:19,089] {processor.py:153} INFO - Started process (PID=1119) to work on /home/airflow/.local/lib/python3.7/site-packages/airflow/example_dags/example_external_task_marker_dag.py
[2022-05-23 18:13:19,090] {processor.py:641} INFO - Processing file /home/airflow/.local/lib/python3.7/site-packages/airflow/example_dags/example_external_task_marker_dag.py for tasks to queue
[2022-05-23 18:13:19,090] {logging_mixin.py:115} INFO - [2022-05-23 18:13:19,090] {dagbag.py:507} INFO - Filling up the DagBag from /home/airflow/.local/lib/python3.7/site-packages/airflow/example_dags/example_external_task_marker_dag.py
[2022-05-23 18:13:19,095] {processor.py:651} INFO - DAG(s) dict_keys(['example_external_task_marker_parent', 'example_external_task_marker_child']) retrieved from /home/airflow/.local/lib/python3.7/site-packages/airflow/example_dags/example_external_task_marker_dag.py
[2022-05-23 18:13:19,156] {logging_mixin.py:115} INFO - [2022-05-23 18:13:19,156] {dag.py:2371} INFO - Sync 2 DAGs
[2022-05-23 18:13:19,182] {logging_mixin.py:115} INFO - [2022-05-23 18:13:19,182] {dag.py:2919} INFO - Setting next_dagrun for example_external_task_marker_child to None, run_after=None
[2022-05-23 18:13:19,182] {logging_mixin.py:115} INFO - [2022-05-23 18:13:19,182] {dag.py:2919} INFO - Setting next_dagrun for example_external_task_marker_parent to None, run_after=None
[2022-05-23 18:13:19,235] {processor.py:161} INFO - Processing /home/airflow/.local/lib/python3.7/site-packages/airflow/example_dags/example_external_task_marker_dag.py took 0.150 seconds
[2022-05-23 18:13:49,648] {processor.py:153} INFO - Started process (PID=1173) to work on /home/airflow/.local/lib/python3.7/site-packages/airflow/example_dags/example_external_task_marker_dag.py
[2022-05-23 18:13:49,654] {processor.py:641} INFO - Processing file /home/airflow/.local/lib/python3.7/site-packages/airflow/example_dags/example_external_task_marker_dag.py for tasks to queue
[2022-05-23 18:13:49,656] {logging_mixin.py:115} INFO - [2022-05-23 18:13:49,656] {dagbag.py:507} INFO - Filling up the DagBag from /home/airflow/.local/lib/python3.7/site-packages/airflow/example_dags/example_external_task_marker_dag.py
[2022-05-23 18:13:49,665] {processor.py:651} INFO - DAG(s) dict_keys(['example_external_task_marker_parent', 'example_external_task_marker_child']) retrieved from /home/airflow/.local/lib/python3.7/site-packages/airflow/example_dags/example_external_task_marker_dag.py
[2022-05-23 18:13:49,878] {logging_mixin.py:115} INFO - [2022-05-23 18:13:49,877] {dag.py:2371} INFO - Sync 2 DAGs
[2022-05-23 18:13:49,904] {logging_mixin.py:115} INFO - [2022-05-23 18:13:49,904] {dag.py:2919} INFO - Setting next_dagrun for example_external_task_marker_child to None, run_after=None
[2022-05-23 18:13:49,904] {logging_mixin.py:115} INFO - [2022-05-23 18:13:49,904] {dag.py:2919} INFO - Setting next_dagrun for example_external_task_marker_parent to None, run_after=None
[2022-05-23 18:13:49,941] {processor.py:161} INFO - Processing /home/airflow/.local/lib/python3.7/site-packages/airflow/example_dags/example_external_task_marker_dag.py took 0.295 seconds
[2022-05-23 18:14:21,877] {processor.py:153} INFO - Started process (PID=1236) to work on /home/airflow/.local/lib/python3.7/site-packages/airflow/example_dags/example_external_task_marker_dag.py
[2022-05-23 18:14:21,878] {processor.py:641} INFO - Processing file /home/airflow/.local/lib/python3.7/site-packages/airflow/example_dags/example_external_task_marker_dag.py for tasks to queue
[2022-05-23 18:14:21,879] {logging_mixin.py:115} INFO - [2022-05-23 18:14:21,878] {dagbag.py:507} INFO - Filling up the DagBag from /home/airflow/.local/lib/python3.7/site-packages/airflow/example_dags/example_external_task_marker_dag.py
[2022-05-23 18:14:21,885] {processor.py:651} INFO - DAG(s) dict_keys(['example_external_task_marker_parent', 'example_external_task_marker_child']) retrieved from /home/airflow/.local/lib/python3.7/site-packages/airflow/example_dags/example_external_task_marker_dag.py
[2022-05-23 18:14:22,085] {logging_mixin.py:115} INFO - [2022-05-23 18:14:22,085] {dag.py:2371} INFO - Sync 2 DAGs
[2022-05-23 18:14:22,124] {logging_mixin.py:115} INFO - [2022-05-23 18:14:22,124] {dag.py:2919} INFO - Setting next_dagrun for example_external_task_marker_child to None, run_after=None
[2022-05-23 18:14:22,125] {logging_mixin.py:115} INFO - [2022-05-23 18:14:22,125] {dag.py:2919} INFO - Setting next_dagrun for example_external_task_marker_parent to None, run_after=None
[2022-05-23 18:14:22,160] {processor.py:161} INFO - Processing /home/airflow/.local/lib/python3.7/site-packages/airflow/example_dags/example_external_task_marker_dag.py took 0.288 seconds
[2022-05-23 18:14:52,459] {processor.py:153} INFO - Started process (PID=1290) to work on /home/airflow/.local/lib/python3.7/site-packages/airflow/example_dags/example_external_task_marker_dag.py
[2022-05-23 18:14:52,460] {processor.py:641} INFO - Processing file /home/airflow/.local/lib/python3.7/site-packages/airflow/example_dags/example_external_task_marker_dag.py for tasks to queue
[2022-05-23 18:14:52,460] {logging_mixin.py:115} INFO - [2022-05-23 18:14:52,460] {dagbag.py:507} INFO - Filling up the DagBag from /home/airflow/.local/lib/python3.7/site-packages/airflow/example_dags/example_external_task_marker_dag.py
[2022-05-23 18:14:52,466] {processor.py:651} INFO - DAG(s) dict_keys(['example_external_task_marker_parent', 'example_external_task_marker_child']) retrieved from /home/airflow/.local/lib/python3.7/site-packages/airflow/example_dags/example_external_task_marker_dag.py
[2022-05-23 18:14:52,669] {logging_mixin.py:115} INFO - [2022-05-23 18:14:52,669] {dag.py:2371} INFO - Sync 2 DAGs
[2022-05-23 18:14:52,693] {logging_mixin.py:115} INFO - [2022-05-23 18:14:52,693] {dag.py:2919} INFO - Setting next_dagrun for example_external_task_marker_child to None, run_after=None
[2022-05-23 18:14:52,693] {logging_mixin.py:115} INFO - [2022-05-23 18:14:52,693] {dag.py:2919} INFO - Setting next_dagrun for example_external_task_marker_parent to None, run_after=None
[2022-05-23 18:14:52,766] {processor.py:161} INFO - Processing /home/airflow/.local/lib/python3.7/site-packages/airflow/example_dags/example_external_task_marker_dag.py took 0.310 seconds
[2022-05-23 18:15:24,617] {processor.py:153} INFO - Started process (PID=1354) to work on /home/airflow/.local/lib/python3.7/site-packages/airflow/example_dags/example_external_task_marker_dag.py
[2022-05-23 18:15:24,623] {processor.py:641} INFO - Processing file /home/airflow/.local/lib/python3.7/site-packages/airflow/example_dags/example_external_task_marker_dag.py for tasks to queue
[2022-05-23 18:15:24,624] {logging_mixin.py:115} INFO - [2022-05-23 18:15:24,624] {dagbag.py:507} INFO - Filling up the DagBag from /home/airflow/.local/lib/python3.7/site-packages/airflow/example_dags/example_external_task_marker_dag.py
[2022-05-23 18:15:24,629] {processor.py:651} INFO - DAG(s) dict_keys(['example_external_task_marker_parent', 'example_external_task_marker_child']) retrieved from /home/airflow/.local/lib/python3.7/site-packages/airflow/example_dags/example_external_task_marker_dag.py
[2022-05-23 18:15:24,807] {logging_mixin.py:115} INFO - [2022-05-23 18:15:24,807] {dag.py:2371} INFO - Sync 2 DAGs
[2022-05-23 18:15:24,973] {logging_mixin.py:115} INFO - [2022-05-23 18:15:24,973] {dag.py:2919} INFO - Setting next_dagrun for example_external_task_marker_child to None, run_after=None
[2022-05-23 18:15:24,974] {logging_mixin.py:115} INFO - [2022-05-23 18:15:24,973] {dag.py:2919} INFO - Setting next_dagrun for example_external_task_marker_parent to None, run_after=None
[2022-05-23 18:15:25,259] {processor.py:161} INFO - Processing /home/airflow/.local/lib/python3.7/site-packages/airflow/example_dags/example_external_task_marker_dag.py took 0.646 seconds
[2022-05-23 18:15:56,715] {processor.py:153} INFO - Started process (PID=1408) to work on /home/airflow/.local/lib/python3.7/site-packages/airflow/example_dags/example_external_task_marker_dag.py
[2022-05-23 18:15:56,715] {processor.py:641} INFO - Processing file /home/airflow/.local/lib/python3.7/site-packages/airflow/example_dags/example_external_task_marker_dag.py for tasks to queue
[2022-05-23 18:15:56,716] {logging_mixin.py:115} INFO - [2022-05-23 18:15:56,716] {dagbag.py:507} INFO - Filling up the DagBag from /home/airflow/.local/lib/python3.7/site-packages/airflow/example_dags/example_external_task_marker_dag.py
[2022-05-23 18:15:56,723] {processor.py:651} INFO - DAG(s) dict_keys(['example_external_task_marker_parent', 'example_external_task_marker_child']) retrieved from /home/airflow/.local/lib/python3.7/site-packages/airflow/example_dags/example_external_task_marker_dag.py
[2022-05-23 18:15:56,934] {logging_mixin.py:115} INFO - [2022-05-23 18:15:56,934] {dag.py:2371} INFO - Sync 2 DAGs
[2022-05-23 18:15:56,962] {logging_mixin.py:115} INFO - [2022-05-23 18:15:56,962] {dag.py:2919} INFO - Setting next_dagrun for example_external_task_marker_child to None, run_after=None
[2022-05-23 18:15:56,962] {logging_mixin.py:115} INFO - [2022-05-23 18:15:56,962] {dag.py:2919} INFO - Setting next_dagrun for example_external_task_marker_parent to None, run_after=None
[2022-05-23 18:15:58,313] {processor.py:161} INFO - Processing /home/airflow/.local/lib/python3.7/site-packages/airflow/example_dags/example_external_task_marker_dag.py took 1.603 seconds
[2022-05-23 18:16:30,523] {processor.py:153} INFO - Started process (PID=1472) to work on /home/airflow/.local/lib/python3.7/site-packages/airflow/example_dags/example_external_task_marker_dag.py
[2022-05-23 18:16:30,639] {processor.py:641} INFO - Processing file /home/airflow/.local/lib/python3.7/site-packages/airflow/example_dags/example_external_task_marker_dag.py for tasks to queue
[2022-05-23 18:16:30,640] {logging_mixin.py:115} INFO - [2022-05-23 18:16:30,640] {dagbag.py:507} INFO - Filling up the DagBag from /home/airflow/.local/lib/python3.7/site-packages/airflow/example_dags/example_external_task_marker_dag.py
[2022-05-23 18:16:30,644] {processor.py:651} INFO - DAG(s) dict_keys(['example_external_task_marker_parent', 'example_external_task_marker_child']) retrieved from /home/airflow/.local/lib/python3.7/site-packages/airflow/example_dags/example_external_task_marker_dag.py
[2022-05-23 18:16:30,848] {logging_mixin.py:115} INFO - [2022-05-23 18:16:30,848] {dag.py:2371} INFO - Sync 2 DAGs
[2022-05-23 18:16:30,883] {logging_mixin.py:115} INFO - [2022-05-23 18:16:30,883] {dag.py:2919} INFO - Setting next_dagrun for example_external_task_marker_child to None, run_after=None
[2022-05-23 18:16:30,883] {logging_mixin.py:115} INFO - [2022-05-23 18:16:30,883] {dag.py:2919} INFO - Setting next_dagrun for example_external_task_marker_parent to None, run_after=None
[2022-05-23 18:16:31,041] {processor.py:161} INFO - Processing /home/airflow/.local/lib/python3.7/site-packages/airflow/example_dags/example_external_task_marker_dag.py took 0.521 seconds
[2022-05-23 18:17:01,880] {processor.py:153} INFO - Started process (PID=1526) to work on /home/airflow/.local/lib/python3.7/site-packages/airflow/example_dags/example_external_task_marker_dag.py
[2022-05-23 18:17:01,881] {processor.py:641} INFO - Processing file /home/airflow/.local/lib/python3.7/site-packages/airflow/example_dags/example_external_task_marker_dag.py for tasks to queue
[2022-05-23 18:17:01,882] {logging_mixin.py:115} INFO - [2022-05-23 18:17:01,882] {dagbag.py:507} INFO - Filling up the DagBag from /home/airflow/.local/lib/python3.7/site-packages/airflow/example_dags/example_external_task_marker_dag.py
[2022-05-23 18:17:01,889] {processor.py:651} INFO - DAG(s) dict_keys(['example_external_task_marker_parent', 'example_external_task_marker_child']) retrieved from /home/airflow/.local/lib/python3.7/site-packages/airflow/example_dags/example_external_task_marker_dag.py
[2022-05-23 18:17:02,089] {logging_mixin.py:115} INFO - [2022-05-23 18:17:02,089] {dag.py:2371} INFO - Sync 2 DAGs
[2022-05-23 18:17:02,118] {logging_mixin.py:115} INFO - [2022-05-23 18:17:02,118] {dag.py:2919} INFO - Setting next_dagrun for example_external_task_marker_child to None, run_after=None
[2022-05-23 18:17:02,118] {logging_mixin.py:115} INFO - [2022-05-23 18:17:02,118] {dag.py:2919} INFO - Setting next_dagrun for example_external_task_marker_parent to None, run_after=None
[2022-05-23 18:17:02,147] {processor.py:161} INFO - Processing /home/airflow/.local/lib/python3.7/site-packages/airflow/example_dags/example_external_task_marker_dag.py took 0.272 seconds
[2022-05-23 18:17:35,153] {processor.py:153} INFO - Started process (PID=1579) to work on /home/airflow/.local/lib/python3.7/site-packages/airflow/example_dags/example_external_task_marker_dag.py
[2022-05-23 18:17:35,286] {processor.py:641} INFO - Processing file /home/airflow/.local/lib/python3.7/site-packages/airflow/example_dags/example_external_task_marker_dag.py for tasks to queue
[2022-05-23 18:17:35,288] {logging_mixin.py:115} INFO - [2022-05-23 18:17:35,288] {dagbag.py:507} INFO - Filling up the DagBag from /home/airflow/.local/lib/python3.7/site-packages/airflow/example_dags/example_external_task_marker_dag.py
[2022-05-23 18:17:35,299] {processor.py:651} INFO - DAG(s) dict_keys(['example_external_task_marker_parent', 'example_external_task_marker_child']) retrieved from /home/airflow/.local/lib/python3.7/site-packages/airflow/example_dags/example_external_task_marker_dag.py
[2022-05-23 18:17:35,498] {logging_mixin.py:115} INFO - [2022-05-23 18:17:35,498] {dag.py:2371} INFO - Sync 2 DAGs
[2022-05-23 18:17:35,530] {logging_mixin.py:115} INFO - [2022-05-23 18:17:35,530] {dag.py:2919} INFO - Setting next_dagrun for example_external_task_marker_child to None, run_after=None
[2022-05-23 18:17:35,530] {logging_mixin.py:115} INFO - [2022-05-23 18:17:35,530] {dag.py:2919} INFO - Setting next_dagrun for example_external_task_marker_parent to None, run_after=None
[2022-05-23 18:17:35,770] {processor.py:161} INFO - Processing /home/airflow/.local/lib/python3.7/site-packages/airflow/example_dags/example_external_task_marker_dag.py took 0.622 seconds
[2022-05-23 18:18:07,543] {processor.py:153} INFO - Started process (PID=1643) to work on /home/airflow/.local/lib/python3.7/site-packages/airflow/example_dags/example_external_task_marker_dag.py
[2022-05-23 18:18:07,557] {processor.py:641} INFO - Processing file /home/airflow/.local/lib/python3.7/site-packages/airflow/example_dags/example_external_task_marker_dag.py for tasks to queue
[2022-05-23 18:18:07,558] {logging_mixin.py:115} INFO - [2022-05-23 18:18:07,557] {dagbag.py:507} INFO - Filling up the DagBag from /home/airflow/.local/lib/python3.7/site-packages/airflow/example_dags/example_external_task_marker_dag.py
[2022-05-23 18:18:07,564] {processor.py:651} INFO - DAG(s) dict_keys(['example_external_task_marker_parent', 'example_external_task_marker_child']) retrieved from /home/airflow/.local/lib/python3.7/site-packages/airflow/example_dags/example_external_task_marker_dag.py
[2022-05-23 18:18:07,772] {logging_mixin.py:115} INFO - [2022-05-23 18:18:07,772] {dag.py:2371} INFO - Sync 2 DAGs
[2022-05-23 18:18:07,812] {logging_mixin.py:115} INFO - [2022-05-23 18:18:07,811] {dag.py:2919} INFO - Setting next_dagrun for example_external_task_marker_child to None, run_after=None
[2022-05-23 18:18:07,812] {logging_mixin.py:115} INFO - [2022-05-23 18:18:07,812] {dag.py:2919} INFO - Setting next_dagrun for example_external_task_marker_parent to None, run_after=None
[2022-05-23 18:18:07,853] {processor.py:161} INFO - Processing /home/airflow/.local/lib/python3.7/site-packages/airflow/example_dags/example_external_task_marker_dag.py took 0.313 seconds
[2022-05-23 18:21:04,348] {processor.py:153} INFO - Started process (PID=85) to work on /home/airflow/.local/lib/python3.7/site-packages/airflow/example_dags/example_external_task_marker_dag.py
[2022-05-23 18:21:04,349] {processor.py:641} INFO - Processing file /home/airflow/.local/lib/python3.7/site-packages/airflow/example_dags/example_external_task_marker_dag.py for tasks to queue
[2022-05-23 18:21:04,350] {logging_mixin.py:115} INFO - [2022-05-23 18:21:04,350] {dagbag.py:507} INFO - Filling up the DagBag from /home/airflow/.local/lib/python3.7/site-packages/airflow/example_dags/example_external_task_marker_dag.py
[2022-05-23 18:21:04,360] {processor.py:651} INFO - DAG(s) dict_keys(['example_external_task_marker_parent', 'example_external_task_marker_child']) retrieved from /home/airflow/.local/lib/python3.7/site-packages/airflow/example_dags/example_external_task_marker_dag.py
[2022-05-23 18:21:04,467] {logging_mixin.py:115} INFO - [2022-05-23 18:21:04,466] {dag.py:2371} INFO - Sync 2 DAGs
[2022-05-23 18:21:04,703] {logging_mixin.py:115} INFO - [2022-05-23 18:21:04,703] {dag.py:2919} INFO - Setting next_dagrun for example_external_task_marker_child to None, run_after=None
[2022-05-23 18:21:04,704] {logging_mixin.py:115} INFO - [2022-05-23 18:21:04,704] {dag.py:2919} INFO - Setting next_dagrun for example_external_task_marker_parent to None, run_after=None
[2022-05-23 18:21:04,753] {processor.py:161} INFO - Processing /home/airflow/.local/lib/python3.7/site-packages/airflow/example_dags/example_external_task_marker_dag.py took 0.411 seconds
[2022-05-23 18:21:35,835] {processor.py:153} INFO - Started process (PID=146) to work on /home/airflow/.local/lib/python3.7/site-packages/airflow/example_dags/example_external_task_marker_dag.py
[2022-05-23 18:21:35,853] {processor.py:641} INFO - Processing file /home/airflow/.local/lib/python3.7/site-packages/airflow/example_dags/example_external_task_marker_dag.py for tasks to queue
[2022-05-23 18:21:35,853] {logging_mixin.py:115} INFO - [2022-05-23 18:21:35,853] {dagbag.py:507} INFO - Filling up the DagBag from /home/airflow/.local/lib/python3.7/site-packages/airflow/example_dags/example_external_task_marker_dag.py
[2022-05-23 18:21:35,858] {processor.py:651} INFO - DAG(s) dict_keys(['example_external_task_marker_parent', 'example_external_task_marker_child']) retrieved from /home/airflow/.local/lib/python3.7/site-packages/airflow/example_dags/example_external_task_marker_dag.py
[2022-05-23 18:21:35,941] {logging_mixin.py:115} INFO - [2022-05-23 18:21:35,941] {dag.py:2371} INFO - Sync 2 DAGs
[2022-05-23 18:21:36,121] {logging_mixin.py:115} INFO - [2022-05-23 18:21:36,121] {dag.py:2919} INFO - Setting next_dagrun for example_external_task_marker_child to None, run_after=None
[2022-05-23 18:21:36,121] {logging_mixin.py:115} INFO - [2022-05-23 18:21:36,121] {dag.py:2919} INFO - Setting next_dagrun for example_external_task_marker_parent to None, run_after=None
[2022-05-23 18:21:36,372] {processor.py:161} INFO - Processing /home/airflow/.local/lib/python3.7/site-packages/airflow/example_dags/example_external_task_marker_dag.py took 0.541 seconds
[2022-05-23 18:22:06,452] {processor.py:153} INFO - Started process (PID=197) to work on /home/airflow/.local/lib/python3.7/site-packages/airflow/example_dags/example_external_task_marker_dag.py
[2022-05-23 18:22:06,455] {processor.py:641} INFO - Processing file /home/airflow/.local/lib/python3.7/site-packages/airflow/example_dags/example_external_task_marker_dag.py for tasks to queue
[2022-05-23 18:22:06,455] {logging_mixin.py:115} INFO - [2022-05-23 18:22:06,455] {dagbag.py:507} INFO - Filling up the DagBag from /home/airflow/.local/lib/python3.7/site-packages/airflow/example_dags/example_external_task_marker_dag.py
[2022-05-23 18:22:06,461] {processor.py:651} INFO - DAG(s) dict_keys(['example_external_task_marker_parent', 'example_external_task_marker_child']) retrieved from /home/airflow/.local/lib/python3.7/site-packages/airflow/example_dags/example_external_task_marker_dag.py
[2022-05-23 18:22:06,523] {logging_mixin.py:115} INFO - [2022-05-23 18:22:06,523] {dag.py:2371} INFO - Sync 2 DAGs
[2022-05-23 18:22:06,679] {logging_mixin.py:115} INFO - [2022-05-23 18:22:06,679] {dag.py:2919} INFO - Setting next_dagrun for example_external_task_marker_child to None, run_after=None
[2022-05-23 18:22:06,679] {logging_mixin.py:115} INFO - [2022-05-23 18:22:06,679] {dag.py:2919} INFO - Setting next_dagrun for example_external_task_marker_parent to None, run_after=None
[2022-05-23 18:22:06,719] {processor.py:161} INFO - Processing /home/airflow/.local/lib/python3.7/site-packages/airflow/example_dags/example_external_task_marker_dag.py took 0.270 seconds
[2022-05-23 18:22:38,094] {processor.py:153} INFO - Started process (PID=258) to work on /home/airflow/.local/lib/python3.7/site-packages/airflow/example_dags/example_external_task_marker_dag.py
[2022-05-23 18:22:38,095] {processor.py:641} INFO - Processing file /home/airflow/.local/lib/python3.7/site-packages/airflow/example_dags/example_external_task_marker_dag.py for tasks to queue
[2022-05-23 18:22:38,096] {logging_mixin.py:115} INFO - [2022-05-23 18:22:38,095] {dagbag.py:507} INFO - Filling up the DagBag from /home/airflow/.local/lib/python3.7/site-packages/airflow/example_dags/example_external_task_marker_dag.py
[2022-05-23 18:22:38,102] {processor.py:651} INFO - DAG(s) dict_keys(['example_external_task_marker_parent', 'example_external_task_marker_child']) retrieved from /home/airflow/.local/lib/python3.7/site-packages/airflow/example_dags/example_external_task_marker_dag.py
[2022-05-23 18:22:38,182] {logging_mixin.py:115} INFO - [2022-05-23 18:22:38,182] {dag.py:2371} INFO - Sync 2 DAGs
[2022-05-23 18:22:38,326] {logging_mixin.py:115} INFO - [2022-05-23 18:22:38,325] {dag.py:2919} INFO - Setting next_dagrun for example_external_task_marker_child to None, run_after=None
[2022-05-23 18:22:38,326] {logging_mixin.py:115} INFO - [2022-05-23 18:22:38,326] {dag.py:2919} INFO - Setting next_dagrun for example_external_task_marker_parent to None, run_after=None
[2022-05-23 18:22:38,362] {processor.py:161} INFO - Processing /home/airflow/.local/lib/python3.7/site-packages/airflow/example_dags/example_external_task_marker_dag.py took 0.272 seconds
