[2022-05-23 17:10:08,303] {processor.py:153} INFO - Started process (PID=76) to work on /home/airflow/.local/lib/python3.7/site-packages/airflow/example_dags/example_complex.py
[2022-05-23 17:10:08,303] {processor.py:641} INFO - Processing file /home/airflow/.local/lib/python3.7/site-packages/airflow/example_dags/example_complex.py for tasks to queue
[2022-05-23 17:10:08,304] {logging_mixin.py:115} INFO - [2022-05-23 17:10:08,304] {dagbag.py:507} INFO - Filling up the DagBag from /home/airflow/.local/lib/python3.7/site-packages/airflow/example_dags/example_complex.py
[2022-05-23 17:10:08,354] {processor.py:651} INFO - DAG(s) dict_keys(['example_complex']) retrieved from /home/airflow/.local/lib/python3.7/site-packages/airflow/example_dags/example_complex.py
[2022-05-23 17:10:08,872] {logging_mixin.py:115} INFO - [2022-05-23 17:10:08,872] {manager.py:508} INFO - Created Permission View: can read on DAG:example_complex
[2022-05-23 17:10:08,986] {logging_mixin.py:115} INFO - [2022-05-23 17:10:08,986] {manager.py:508} INFO - Created Permission View: can edit on DAG:example_complex
[2022-05-23 17:10:09,287] {logging_mixin.py:115} INFO - [2022-05-23 17:10:09,287] {manager.py:508} INFO - Created Permission View: can delete on DAG:example_complex
[2022-05-23 17:10:09,288] {logging_mixin.py:115} INFO - [2022-05-23 17:10:09,287] {dag.py:2371} INFO - Sync 1 DAGs
[2022-05-23 17:10:09,300] {logging_mixin.py:115} INFO - [2022-05-23 17:10:09,300] {dag.py:2390} INFO - Creating ORM DAG for example_complex
[2022-05-23 17:10:09,318] {logging_mixin.py:115} INFO - [2022-05-23 17:10:09,318] {dag.py:2919} INFO - Setting next_dagrun for example_complex to None, run_after=None
[2022-05-23 17:10:09,549] {processor.py:161} INFO - Processing /home/airflow/.local/lib/python3.7/site-packages/airflow/example_dags/example_complex.py took 1.251 seconds
[2022-05-23 17:10:39,874] {processor.py:153} INFO - Started process (PID=128) to work on /home/airflow/.local/lib/python3.7/site-packages/airflow/example_dags/example_complex.py
[2022-05-23 17:10:39,876] {processor.py:641} INFO - Processing file /home/airflow/.local/lib/python3.7/site-packages/airflow/example_dags/example_complex.py for tasks to queue
[2022-05-23 17:10:39,877] {logging_mixin.py:115} INFO - [2022-05-23 17:10:39,877] {dagbag.py:507} INFO - Filling up the DagBag from /home/airflow/.local/lib/python3.7/site-packages/airflow/example_dags/example_complex.py
[2022-05-23 17:10:39,892] {processor.py:651} INFO - DAG(s) dict_keys(['example_complex']) retrieved from /home/airflow/.local/lib/python3.7/site-packages/airflow/example_dags/example_complex.py
[2022-05-23 17:10:39,925] {logging_mixin.py:115} INFO - [2022-05-23 17:10:39,925] {dag.py:2371} INFO - Sync 1 DAGs
[2022-05-23 17:10:39,958] {logging_mixin.py:115} INFO - [2022-05-23 17:10:39,958] {dag.py:2919} INFO - Setting next_dagrun for example_complex to None, run_after=None
[2022-05-23 17:10:40,124] {processor.py:161} INFO - Processing /home/airflow/.local/lib/python3.7/site-packages/airflow/example_dags/example_complex.py took 0.254 seconds
[2022-05-23 17:11:10,803] {processor.py:153} INFO - Started process (PID=180) to work on /home/airflow/.local/lib/python3.7/site-packages/airflow/example_dags/example_complex.py
[2022-05-23 17:11:10,926] {processor.py:641} INFO - Processing file /home/airflow/.local/lib/python3.7/site-packages/airflow/example_dags/example_complex.py for tasks to queue
[2022-05-23 17:11:10,927] {logging_mixin.py:115} INFO - [2022-05-23 17:11:10,927] {dagbag.py:507} INFO - Filling up the DagBag from /home/airflow/.local/lib/python3.7/site-packages/airflow/example_dags/example_complex.py
[2022-05-23 17:11:10,948] {processor.py:651} INFO - DAG(s) dict_keys(['example_complex']) retrieved from /home/airflow/.local/lib/python3.7/site-packages/airflow/example_dags/example_complex.py
[2022-05-23 17:11:10,998] {logging_mixin.py:115} INFO - [2022-05-23 17:11:10,998] {dag.py:2371} INFO - Sync 1 DAGs
[2022-05-23 17:11:11,030] {logging_mixin.py:115} INFO - [2022-05-23 17:11:11,030] {dag.py:2919} INFO - Setting next_dagrun for example_complex to None, run_after=None
[2022-05-23 17:11:11,492] {processor.py:161} INFO - Processing /home/airflow/.local/lib/python3.7/site-packages/airflow/example_dags/example_complex.py took 0.701 seconds
[2022-05-23 17:11:41,626] {processor.py:153} INFO - Started process (PID=241) to work on /home/airflow/.local/lib/python3.7/site-packages/airflow/example_dags/example_complex.py
[2022-05-23 17:11:41,626] {processor.py:641} INFO - Processing file /home/airflow/.local/lib/python3.7/site-packages/airflow/example_dags/example_complex.py for tasks to queue
[2022-05-23 17:11:41,627] {logging_mixin.py:115} INFO - [2022-05-23 17:11:41,627] {dagbag.py:507} INFO - Filling up the DagBag from /home/airflow/.local/lib/python3.7/site-packages/airflow/example_dags/example_complex.py
[2022-05-23 17:11:41,655] {processor.py:651} INFO - DAG(s) dict_keys(['example_complex']) retrieved from /home/airflow/.local/lib/python3.7/site-packages/airflow/example_dags/example_complex.py
[2022-05-23 17:11:41,703] {logging_mixin.py:115} INFO - [2022-05-23 17:11:41,703] {dag.py:2371} INFO - Sync 1 DAGs
[2022-05-23 17:11:41,736] {logging_mixin.py:115} INFO - [2022-05-23 17:11:41,736] {dag.py:2919} INFO - Setting next_dagrun for example_complex to None, run_after=None
[2022-05-23 17:11:42,170] {processor.py:161} INFO - Processing /home/airflow/.local/lib/python3.7/site-packages/airflow/example_dags/example_complex.py took 0.551 seconds
[2022-05-23 17:28:24,482] {processor.py:153} INFO - Started process (PID=67) to work on /home/airflow/.local/lib/python3.7/site-packages/airflow/example_dags/example_complex.py
[2022-05-23 17:28:24,488] {processor.py:641} INFO - Processing file /home/airflow/.local/lib/python3.7/site-packages/airflow/example_dags/example_complex.py for tasks to queue
[2022-05-23 17:28:24,489] {logging_mixin.py:115} INFO - [2022-05-23 17:28:24,489] {dagbag.py:507} INFO - Filling up the DagBag from /home/airflow/.local/lib/python3.7/site-packages/airflow/example_dags/example_complex.py
[2022-05-23 17:28:24,533] {processor.py:651} INFO - DAG(s) dict_keys(['example_complex']) retrieved from /home/airflow/.local/lib/python3.7/site-packages/airflow/example_dags/example_complex.py
[2022-05-23 17:28:24,669] {logging_mixin.py:115} INFO - [2022-05-23 17:28:24,669] {dag.py:2371} INFO - Sync 1 DAGs
[2022-05-23 17:28:24,733] {logging_mixin.py:115} INFO - [2022-05-23 17:28:24,732] {dag.py:2919} INFO - Setting next_dagrun for example_complex to None, run_after=None
[2022-05-23 17:28:25,053] {processor.py:161} INFO - Processing /home/airflow/.local/lib/python3.7/site-packages/airflow/example_dags/example_complex.py took 0.577 seconds
[2022-05-23 17:28:55,639] {processor.py:153} INFO - Started process (PID=121) to work on /home/airflow/.local/lib/python3.7/site-packages/airflow/example_dags/example_complex.py
[2022-05-23 17:28:55,649] {processor.py:641} INFO - Processing file /home/airflow/.local/lib/python3.7/site-packages/airflow/example_dags/example_complex.py for tasks to queue
[2022-05-23 17:28:55,650] {logging_mixin.py:115} INFO - [2022-05-23 17:28:55,650] {dagbag.py:507} INFO - Filling up the DagBag from /home/airflow/.local/lib/python3.7/site-packages/airflow/example_dags/example_complex.py
[2022-05-23 17:28:55,671] {processor.py:651} INFO - DAG(s) dict_keys(['example_complex']) retrieved from /home/airflow/.local/lib/python3.7/site-packages/airflow/example_dags/example_complex.py
[2022-05-23 17:28:55,707] {logging_mixin.py:115} INFO - [2022-05-23 17:28:55,707] {dag.py:2371} INFO - Sync 1 DAGs
[2022-05-23 17:28:55,735] {logging_mixin.py:115} INFO - [2022-05-23 17:28:55,735] {dag.py:2919} INFO - Setting next_dagrun for example_complex to None, run_after=None
[2022-05-23 17:28:56,023] {processor.py:161} INFO - Processing /home/airflow/.local/lib/python3.7/site-packages/airflow/example_dags/example_complex.py took 0.388 seconds
[2022-05-23 17:29:26,630] {processor.py:153} INFO - Started process (PID=184) to work on /home/airflow/.local/lib/python3.7/site-packages/airflow/example_dags/example_complex.py
[2022-05-23 17:29:26,630] {processor.py:641} INFO - Processing file /home/airflow/.local/lib/python3.7/site-packages/airflow/example_dags/example_complex.py for tasks to queue
[2022-05-23 17:29:26,631] {logging_mixin.py:115} INFO - [2022-05-23 17:29:26,631] {dagbag.py:507} INFO - Filling up the DagBag from /home/airflow/.local/lib/python3.7/site-packages/airflow/example_dags/example_complex.py
[2022-05-23 17:29:26,654] {processor.py:651} INFO - DAG(s) dict_keys(['example_complex']) retrieved from /home/airflow/.local/lib/python3.7/site-packages/airflow/example_dags/example_complex.py
[2022-05-23 17:29:26,699] {logging_mixin.py:115} INFO - [2022-05-23 17:29:26,699] {dag.py:2371} INFO - Sync 1 DAGs
[2022-05-23 17:29:26,745] {logging_mixin.py:115} INFO - [2022-05-23 17:29:26,745] {dag.py:2919} INFO - Setting next_dagrun for example_complex to None, run_after=None
[2022-05-23 17:29:27,349] {processor.py:161} INFO - Processing /home/airflow/.local/lib/python3.7/site-packages/airflow/example_dags/example_complex.py took 0.724 seconds
[2022-05-23 17:29:57,703] {processor.py:153} INFO - Started process (PID=239) to work on /home/airflow/.local/lib/python3.7/site-packages/airflow/example_dags/example_complex.py
[2022-05-23 17:29:57,738] {processor.py:641} INFO - Processing file /home/airflow/.local/lib/python3.7/site-packages/airflow/example_dags/example_complex.py for tasks to queue
[2022-05-23 17:29:57,739] {logging_mixin.py:115} INFO - [2022-05-23 17:29:57,739] {dagbag.py:507} INFO - Filling up the DagBag from /home/airflow/.local/lib/python3.7/site-packages/airflow/example_dags/example_complex.py
[2022-05-23 17:29:57,757] {processor.py:651} INFO - DAG(s) dict_keys(['example_complex']) retrieved from /home/airflow/.local/lib/python3.7/site-packages/airflow/example_dags/example_complex.py
[2022-05-23 17:29:57,794] {logging_mixin.py:115} INFO - [2022-05-23 17:29:57,793] {dag.py:2371} INFO - Sync 1 DAGs
[2022-05-23 17:29:57,822] {logging_mixin.py:115} INFO - [2022-05-23 17:29:57,822] {dag.py:2919} INFO - Setting next_dagrun for example_complex to None, run_after=None
[2022-05-23 17:29:58,210] {processor.py:161} INFO - Processing /home/airflow/.local/lib/python3.7/site-packages/airflow/example_dags/example_complex.py took 0.511 seconds
[2022-05-23 17:30:30,253] {processor.py:153} INFO - Started process (PID=292) to work on /home/airflow/.local/lib/python3.7/site-packages/airflow/example_dags/example_complex.py
[2022-05-23 17:30:30,254] {processor.py:641} INFO - Processing file /home/airflow/.local/lib/python3.7/site-packages/airflow/example_dags/example_complex.py for tasks to queue
[2022-05-23 17:30:30,255] {logging_mixin.py:115} INFO - [2022-05-23 17:30:30,255] {dagbag.py:507} INFO - Filling up the DagBag from /home/airflow/.local/lib/python3.7/site-packages/airflow/example_dags/example_complex.py
[2022-05-23 17:30:30,274] {processor.py:651} INFO - DAG(s) dict_keys(['example_complex']) retrieved from /home/airflow/.local/lib/python3.7/site-packages/airflow/example_dags/example_complex.py
[2022-05-23 17:30:30,321] {logging_mixin.py:115} INFO - [2022-05-23 17:30:30,321] {dag.py:2371} INFO - Sync 1 DAGs
[2022-05-23 17:30:30,351] {logging_mixin.py:115} INFO - [2022-05-23 17:30:30,351] {dag.py:2919} INFO - Setting next_dagrun for example_complex to None, run_after=None
[2022-05-23 17:30:30,607] {processor.py:161} INFO - Processing /home/airflow/.local/lib/python3.7/site-packages/airflow/example_dags/example_complex.py took 0.358 seconds
[2022-05-23 17:31:00,825] {processor.py:153} INFO - Started process (PID=356) to work on /home/airflow/.local/lib/python3.7/site-packages/airflow/example_dags/example_complex.py
[2022-05-23 17:31:00,826] {processor.py:641} INFO - Processing file /home/airflow/.local/lib/python3.7/site-packages/airflow/example_dags/example_complex.py for tasks to queue
[2022-05-23 17:31:00,826] {logging_mixin.py:115} INFO - [2022-05-23 17:31:00,826] {dagbag.py:507} INFO - Filling up the DagBag from /home/airflow/.local/lib/python3.7/site-packages/airflow/example_dags/example_complex.py
[2022-05-23 17:31:00,843] {processor.py:651} INFO - DAG(s) dict_keys(['example_complex']) retrieved from /home/airflow/.local/lib/python3.7/site-packages/airflow/example_dags/example_complex.py
[2022-05-23 17:31:00,877] {logging_mixin.py:115} INFO - [2022-05-23 17:31:00,877] {dag.py:2371} INFO - Sync 1 DAGs
[2022-05-23 17:31:00,902] {logging_mixin.py:115} INFO - [2022-05-23 17:31:00,902] {dag.py:2919} INFO - Setting next_dagrun for example_complex to None, run_after=None
[2022-05-23 17:31:01,032] {processor.py:161} INFO - Processing /home/airflow/.local/lib/python3.7/site-packages/airflow/example_dags/example_complex.py took 0.210 seconds
[2022-05-23 17:31:32,948] {processor.py:153} INFO - Started process (PID=410) to work on /home/airflow/.local/lib/python3.7/site-packages/airflow/example_dags/example_complex.py
[2022-05-23 17:31:32,948] {processor.py:641} INFO - Processing file /home/airflow/.local/lib/python3.7/site-packages/airflow/example_dags/example_complex.py for tasks to queue
[2022-05-23 17:31:32,949] {logging_mixin.py:115} INFO - [2022-05-23 17:31:32,949] {dagbag.py:507} INFO - Filling up the DagBag from /home/airflow/.local/lib/python3.7/site-packages/airflow/example_dags/example_complex.py
[2022-05-23 17:31:32,968] {processor.py:651} INFO - DAG(s) dict_keys(['example_complex']) retrieved from /home/airflow/.local/lib/python3.7/site-packages/airflow/example_dags/example_complex.py
[2022-05-23 17:31:33,003] {logging_mixin.py:115} INFO - [2022-05-23 17:31:33,003] {dag.py:2371} INFO - Sync 1 DAGs
[2022-05-23 17:31:33,033] {logging_mixin.py:115} INFO - [2022-05-23 17:31:33,033] {dag.py:2919} INFO - Setting next_dagrun for example_complex to None, run_after=None
[2022-05-23 17:31:33,276] {processor.py:161} INFO - Processing /home/airflow/.local/lib/python3.7/site-packages/airflow/example_dags/example_complex.py took 0.331 seconds
[2022-05-23 17:32:04,227] {processor.py:153} INFO - Started process (PID=472) to work on /home/airflow/.local/lib/python3.7/site-packages/airflow/example_dags/example_complex.py
[2022-05-23 17:32:04,228] {processor.py:641} INFO - Processing file /home/airflow/.local/lib/python3.7/site-packages/airflow/example_dags/example_complex.py for tasks to queue
[2022-05-23 17:32:04,228] {logging_mixin.py:115} INFO - [2022-05-23 17:32:04,228] {dagbag.py:507} INFO - Filling up the DagBag from /home/airflow/.local/lib/python3.7/site-packages/airflow/example_dags/example_complex.py
[2022-05-23 17:32:04,252] {processor.py:651} INFO - DAG(s) dict_keys(['example_complex']) retrieved from /home/airflow/.local/lib/python3.7/site-packages/airflow/example_dags/example_complex.py
[2022-05-23 17:32:04,298] {logging_mixin.py:115} INFO - [2022-05-23 17:32:04,298] {dag.py:2371} INFO - Sync 1 DAGs
[2022-05-23 17:32:04,329] {logging_mixin.py:115} INFO - [2022-05-23 17:32:04,329] {dag.py:2919} INFO - Setting next_dagrun for example_complex to None, run_after=None
[2022-05-23 17:32:04,785] {processor.py:161} INFO - Processing /home/airflow/.local/lib/python3.7/site-packages/airflow/example_dags/example_complex.py took 0.562 seconds
[2022-05-23 17:32:35,136] {processor.py:153} INFO - Started process (PID=526) to work on /home/airflow/.local/lib/python3.7/site-packages/airflow/example_dags/example_complex.py
[2022-05-23 17:32:35,259] {processor.py:641} INFO - Processing file /home/airflow/.local/lib/python3.7/site-packages/airflow/example_dags/example_complex.py for tasks to queue
[2022-05-23 17:32:35,260] {logging_mixin.py:115} INFO - [2022-05-23 17:32:35,260] {dagbag.py:507} INFO - Filling up the DagBag from /home/airflow/.local/lib/python3.7/site-packages/airflow/example_dags/example_complex.py
[2022-05-23 17:32:35,274] {processor.py:651} INFO - DAG(s) dict_keys(['example_complex']) retrieved from /home/airflow/.local/lib/python3.7/site-packages/airflow/example_dags/example_complex.py
[2022-05-23 17:32:35,310] {logging_mixin.py:115} INFO - [2022-05-23 17:32:35,309] {dag.py:2371} INFO - Sync 1 DAGs
[2022-05-23 17:32:35,341] {logging_mixin.py:115} INFO - [2022-05-23 17:32:35,341] {dag.py:2919} INFO - Setting next_dagrun for example_complex to None, run_after=None
[2022-05-23 17:32:35,731] {processor.py:161} INFO - Processing /home/airflow/.local/lib/python3.7/site-packages/airflow/example_dags/example_complex.py took 0.599 seconds
[2022-05-23 17:33:06,838] {processor.py:153} INFO - Started process (PID=589) to work on /home/airflow/.local/lib/python3.7/site-packages/airflow/example_dags/example_complex.py
[2022-05-23 17:33:06,903] {processor.py:641} INFO - Processing file /home/airflow/.local/lib/python3.7/site-packages/airflow/example_dags/example_complex.py for tasks to queue
[2022-05-23 17:33:06,904] {logging_mixin.py:115} INFO - [2022-05-23 17:33:06,904] {dagbag.py:507} INFO - Filling up the DagBag from /home/airflow/.local/lib/python3.7/site-packages/airflow/example_dags/example_complex.py
[2022-05-23 17:33:06,931] {processor.py:651} INFO - DAG(s) dict_keys(['example_complex']) retrieved from /home/airflow/.local/lib/python3.7/site-packages/airflow/example_dags/example_complex.py
[2022-05-23 17:33:06,977] {logging_mixin.py:115} INFO - [2022-05-23 17:33:06,977] {dag.py:2371} INFO - Sync 1 DAGs
[2022-05-23 17:33:07,002] {logging_mixin.py:115} INFO - [2022-05-23 17:33:07,002] {dag.py:2919} INFO - Setting next_dagrun for example_complex to None, run_after=None
[2022-05-23 17:33:07,311] {processor.py:161} INFO - Processing /home/airflow/.local/lib/python3.7/site-packages/airflow/example_dags/example_complex.py took 0.476 seconds
[2022-05-23 17:33:37,428] {processor.py:153} INFO - Started process (PID=645) to work on /home/airflow/.local/lib/python3.7/site-packages/airflow/example_dags/example_complex.py
[2022-05-23 17:33:38,410] {processor.py:641} INFO - Processing file /home/airflow/.local/lib/python3.7/site-packages/airflow/example_dags/example_complex.py for tasks to queue
[2022-05-23 17:33:38,411] {logging_mixin.py:115} INFO - [2022-05-23 17:33:38,410] {dagbag.py:507} INFO - Filling up the DagBag from /home/airflow/.local/lib/python3.7/site-packages/airflow/example_dags/example_complex.py
[2022-05-23 17:33:38,438] {processor.py:651} INFO - DAG(s) dict_keys(['example_complex']) retrieved from /home/airflow/.local/lib/python3.7/site-packages/airflow/example_dags/example_complex.py
[2022-05-23 17:33:38,491] {logging_mixin.py:115} INFO - [2022-05-23 17:33:38,491] {dag.py:2371} INFO - Sync 1 DAGs
[2022-05-23 17:33:38,668] {logging_mixin.py:115} INFO - [2022-05-23 17:33:38,668] {dag.py:2919} INFO - Setting next_dagrun for example_complex to None, run_after=None
[2022-05-23 17:33:39,223] {processor.py:161} INFO - Processing /home/airflow/.local/lib/python3.7/site-packages/airflow/example_dags/example_complex.py took 1.800 seconds
[2022-05-23 17:34:09,442] {processor.py:153} INFO - Started process (PID=708) to work on /home/airflow/.local/lib/python3.7/site-packages/airflow/example_dags/example_complex.py
[2022-05-23 17:34:09,448] {processor.py:641} INFO - Processing file /home/airflow/.local/lib/python3.7/site-packages/airflow/example_dags/example_complex.py for tasks to queue
[2022-05-23 17:34:09,449] {logging_mixin.py:115} INFO - [2022-05-23 17:34:09,449] {dagbag.py:507} INFO - Filling up the DagBag from /home/airflow/.local/lib/python3.7/site-packages/airflow/example_dags/example_complex.py
[2022-05-23 17:34:09,471] {processor.py:651} INFO - DAG(s) dict_keys(['example_complex']) retrieved from /home/airflow/.local/lib/python3.7/site-packages/airflow/example_dags/example_complex.py
[2022-05-23 17:34:09,517] {logging_mixin.py:115} INFO - [2022-05-23 17:34:09,517] {dag.py:2371} INFO - Sync 1 DAGs
[2022-05-23 17:34:09,676] {logging_mixin.py:115} INFO - [2022-05-23 17:34:09,676] {dag.py:2919} INFO - Setting next_dagrun for example_complex to None, run_after=None
[2022-05-23 17:34:09,717] {processor.py:161} INFO - Processing /home/airflow/.local/lib/python3.7/site-packages/airflow/example_dags/example_complex.py took 0.279 seconds
[2022-05-23 17:34:40,444] {processor.py:153} INFO - Started process (PID=765) to work on /home/airflow/.local/lib/python3.7/site-packages/airflow/example_dags/example_complex.py
[2022-05-23 17:34:40,558] {processor.py:641} INFO - Processing file /home/airflow/.local/lib/python3.7/site-packages/airflow/example_dags/example_complex.py for tasks to queue
[2022-05-23 17:34:40,559] {logging_mixin.py:115} INFO - [2022-05-23 17:34:40,559] {dagbag.py:507} INFO - Filling up the DagBag from /home/airflow/.local/lib/python3.7/site-packages/airflow/example_dags/example_complex.py
[2022-05-23 17:34:40,578] {processor.py:651} INFO - DAG(s) dict_keys(['example_complex']) retrieved from /home/airflow/.local/lib/python3.7/site-packages/airflow/example_dags/example_complex.py
[2022-05-23 17:34:40,617] {logging_mixin.py:115} INFO - [2022-05-23 17:34:40,617] {dag.py:2371} INFO - Sync 1 DAGs
[2022-05-23 17:34:40,763] {logging_mixin.py:115} INFO - [2022-05-23 17:34:40,763] {dag.py:2919} INFO - Setting next_dagrun for example_complex to None, run_after=None
[2022-05-23 17:34:40,969] {processor.py:161} INFO - Processing /home/airflow/.local/lib/python3.7/site-packages/airflow/example_dags/example_complex.py took 0.528 seconds
[2022-05-23 17:35:12,113] {processor.py:153} INFO - Started process (PID=830) to work on /home/airflow/.local/lib/python3.7/site-packages/airflow/example_dags/example_complex.py
[2022-05-23 17:35:12,114] {processor.py:641} INFO - Processing file /home/airflow/.local/lib/python3.7/site-packages/airflow/example_dags/example_complex.py for tasks to queue
[2022-05-23 17:35:12,114] {logging_mixin.py:115} INFO - [2022-05-23 17:35:12,114] {dagbag.py:507} INFO - Filling up the DagBag from /home/airflow/.local/lib/python3.7/site-packages/airflow/example_dags/example_complex.py
[2022-05-23 17:35:12,135] {processor.py:651} INFO - DAG(s) dict_keys(['example_complex']) retrieved from /home/airflow/.local/lib/python3.7/site-packages/airflow/example_dags/example_complex.py
[2022-05-23 17:35:12,175] {logging_mixin.py:115} INFO - [2022-05-23 17:35:12,175] {dag.py:2371} INFO - Sync 1 DAGs
[2022-05-23 17:35:12,328] {logging_mixin.py:115} INFO - [2022-05-23 17:35:12,328] {dag.py:2919} INFO - Setting next_dagrun for example_complex to None, run_after=None
[2022-05-23 17:35:12,354] {processor.py:161} INFO - Processing /home/airflow/.local/lib/python3.7/site-packages/airflow/example_dags/example_complex.py took 0.244 seconds
[2022-05-23 17:35:42,965] {processor.py:153} INFO - Started process (PID=884) to work on /home/airflow/.local/lib/python3.7/site-packages/airflow/example_dags/example_complex.py
[2022-05-23 17:35:42,966] {processor.py:641} INFO - Processing file /home/airflow/.local/lib/python3.7/site-packages/airflow/example_dags/example_complex.py for tasks to queue
[2022-05-23 17:35:42,967] {logging_mixin.py:115} INFO - [2022-05-23 17:35:42,967] {dagbag.py:507} INFO - Filling up the DagBag from /home/airflow/.local/lib/python3.7/site-packages/airflow/example_dags/example_complex.py
[2022-05-23 17:35:42,985] {processor.py:651} INFO - DAG(s) dict_keys(['example_complex']) retrieved from /home/airflow/.local/lib/python3.7/site-packages/airflow/example_dags/example_complex.py
[2022-05-23 17:35:43,024] {logging_mixin.py:115} INFO - [2022-05-23 17:35:43,024] {dag.py:2371} INFO - Sync 1 DAGs
[2022-05-23 17:35:43,170] {logging_mixin.py:115} INFO - [2022-05-23 17:35:43,170] {dag.py:2919} INFO - Setting next_dagrun for example_complex to None, run_after=None
[2022-05-23 17:35:43,208] {processor.py:161} INFO - Processing /home/airflow/.local/lib/python3.7/site-packages/airflow/example_dags/example_complex.py took 0.246 seconds
[2022-05-23 17:36:13,922] {processor.py:153} INFO - Started process (PID=947) to work on /home/airflow/.local/lib/python3.7/site-packages/airflow/example_dags/example_complex.py
[2022-05-23 17:36:13,922] {processor.py:641} INFO - Processing file /home/airflow/.local/lib/python3.7/site-packages/airflow/example_dags/example_complex.py for tasks to queue
[2022-05-23 17:36:13,923] {logging_mixin.py:115} INFO - [2022-05-23 17:36:13,923] {dagbag.py:507} INFO - Filling up the DagBag from /home/airflow/.local/lib/python3.7/site-packages/airflow/example_dags/example_complex.py
[2022-05-23 17:36:13,945] {processor.py:651} INFO - DAG(s) dict_keys(['example_complex']) retrieved from /home/airflow/.local/lib/python3.7/site-packages/airflow/example_dags/example_complex.py
[2022-05-23 17:36:13,990] {logging_mixin.py:115} INFO - [2022-05-23 17:36:13,990] {dag.py:2371} INFO - Sync 1 DAGs
[2022-05-23 17:36:14,130] {logging_mixin.py:115} INFO - [2022-05-23 17:36:14,129] {dag.py:2919} INFO - Setting next_dagrun for example_complex to None, run_after=None
[2022-05-23 17:36:14,177] {processor.py:161} INFO - Processing /home/airflow/.local/lib/python3.7/site-packages/airflow/example_dags/example_complex.py took 0.259 seconds
[2022-05-23 17:36:45,473] {processor.py:153} INFO - Started process (PID=1000) to work on /home/airflow/.local/lib/python3.7/site-packages/airflow/example_dags/example_complex.py
[2022-05-23 17:36:45,635] {processor.py:641} INFO - Processing file /home/airflow/.local/lib/python3.7/site-packages/airflow/example_dags/example_complex.py for tasks to queue
[2022-05-23 17:36:45,636] {logging_mixin.py:115} INFO - [2022-05-23 17:36:45,636] {dagbag.py:507} INFO - Filling up the DagBag from /home/airflow/.local/lib/python3.7/site-packages/airflow/example_dags/example_complex.py
[2022-05-23 17:36:45,659] {processor.py:651} INFO - DAG(s) dict_keys(['example_complex']) retrieved from /home/airflow/.local/lib/python3.7/site-packages/airflow/example_dags/example_complex.py
[2022-05-23 17:36:45,703] {logging_mixin.py:115} INFO - [2022-05-23 17:36:45,703] {dag.py:2371} INFO - Sync 1 DAGs
[2022-05-23 17:36:45,893] {logging_mixin.py:115} INFO - [2022-05-23 17:36:45,892] {dag.py:2919} INFO - Setting next_dagrun for example_complex to None, run_after=None
[2022-05-23 17:36:46,364] {processor.py:161} INFO - Processing /home/airflow/.local/lib/python3.7/site-packages/airflow/example_dags/example_complex.py took 0.895 seconds
[2022-05-23 17:37:16,815] {processor.py:153} INFO - Started process (PID=1063) to work on /home/airflow/.local/lib/python3.7/site-packages/airflow/example_dags/example_complex.py
[2022-05-23 17:37:16,815] {processor.py:641} INFO - Processing file /home/airflow/.local/lib/python3.7/site-packages/airflow/example_dags/example_complex.py for tasks to queue
[2022-05-23 17:37:16,816] {logging_mixin.py:115} INFO - [2022-05-23 17:37:16,816] {dagbag.py:507} INFO - Filling up the DagBag from /home/airflow/.local/lib/python3.7/site-packages/airflow/example_dags/example_complex.py
[2022-05-23 17:37:16,833] {processor.py:651} INFO - DAG(s) dict_keys(['example_complex']) retrieved from /home/airflow/.local/lib/python3.7/site-packages/airflow/example_dags/example_complex.py
[2022-05-23 17:37:16,872] {logging_mixin.py:115} INFO - [2022-05-23 17:37:16,872] {dag.py:2371} INFO - Sync 1 DAGs
[2022-05-23 17:37:17,021] {logging_mixin.py:115} INFO - [2022-05-23 17:37:17,021] {dag.py:2919} INFO - Setting next_dagrun for example_complex to None, run_after=None
[2022-05-23 17:37:17,214] {processor.py:161} INFO - Processing /home/airflow/.local/lib/python3.7/site-packages/airflow/example_dags/example_complex.py took 0.402 seconds
[2022-05-23 17:49:27,955] {processor.py:153} INFO - Started process (PID=66) to work on /home/airflow/.local/lib/python3.7/site-packages/airflow/example_dags/example_complex.py
[2022-05-23 17:49:27,965] {processor.py:641} INFO - Processing file /home/airflow/.local/lib/python3.7/site-packages/airflow/example_dags/example_complex.py for tasks to queue
[2022-05-23 17:49:27,966] {logging_mixin.py:115} INFO - [2022-05-23 17:49:27,966] {dagbag.py:507} INFO - Filling up the DagBag from /home/airflow/.local/lib/python3.7/site-packages/airflow/example_dags/example_complex.py
[2022-05-23 17:49:28,009] {processor.py:651} INFO - DAG(s) dict_keys(['example_complex']) retrieved from /home/airflow/.local/lib/python3.7/site-packages/airflow/example_dags/example_complex.py
[2022-05-23 17:49:28,315] {logging_mixin.py:115} INFO - [2022-05-23 17:49:28,314] {dag.py:2371} INFO - Sync 1 DAGs
[2022-05-23 17:49:28,418] {logging_mixin.py:115} INFO - [2022-05-23 17:49:28,418] {dag.py:2919} INFO - Setting next_dagrun for example_complex to None, run_after=None
[2022-05-23 17:49:28,472] {processor.py:161} INFO - Processing /home/airflow/.local/lib/python3.7/site-packages/airflow/example_dags/example_complex.py took 0.521 seconds
[2022-05-23 17:50:00,025] {processor.py:153} INFO - Started process (PID=122) to work on /home/airflow/.local/lib/python3.7/site-packages/airflow/example_dags/example_complex.py
[2022-05-23 17:50:00,031] {processor.py:641} INFO - Processing file /home/airflow/.local/lib/python3.7/site-packages/airflow/example_dags/example_complex.py for tasks to queue
[2022-05-23 17:50:00,032] {logging_mixin.py:115} INFO - [2022-05-23 17:50:00,032] {dagbag.py:507} INFO - Filling up the DagBag from /home/airflow/.local/lib/python3.7/site-packages/airflow/example_dags/example_complex.py
[2022-05-23 17:50:00,051] {processor.py:651} INFO - DAG(s) dict_keys(['example_complex']) retrieved from /home/airflow/.local/lib/python3.7/site-packages/airflow/example_dags/example_complex.py
[2022-05-23 17:50:00,092] {logging_mixin.py:115} INFO - [2022-05-23 17:50:00,092] {dag.py:2371} INFO - Sync 1 DAGs
[2022-05-23 17:50:00,243] {logging_mixin.py:115} INFO - [2022-05-23 17:50:00,243] {dag.py:2919} INFO - Setting next_dagrun for example_complex to None, run_after=None
[2022-05-23 17:50:00,549] {processor.py:161} INFO - Processing /home/airflow/.local/lib/python3.7/site-packages/airflow/example_dags/example_complex.py took 0.527 seconds
[2022-05-23 17:50:30,973] {processor.py:153} INFO - Started process (PID=176) to work on /home/airflow/.local/lib/python3.7/site-packages/airflow/example_dags/example_complex.py
[2022-05-23 17:50:30,974] {processor.py:641} INFO - Processing file /home/airflow/.local/lib/python3.7/site-packages/airflow/example_dags/example_complex.py for tasks to queue
[2022-05-23 17:50:30,974] {logging_mixin.py:115} INFO - [2022-05-23 17:50:30,974] {dagbag.py:507} INFO - Filling up the DagBag from /home/airflow/.local/lib/python3.7/site-packages/airflow/example_dags/example_complex.py
[2022-05-23 17:50:30,994] {processor.py:651} INFO - DAG(s) dict_keys(['example_complex']) retrieved from /home/airflow/.local/lib/python3.7/site-packages/airflow/example_dags/example_complex.py
[2022-05-23 17:50:31,043] {logging_mixin.py:115} INFO - [2022-05-23 17:50:31,043] {dag.py:2371} INFO - Sync 1 DAGs
[2022-05-23 17:50:31,195] {logging_mixin.py:115} INFO - [2022-05-23 17:50:31,195] {dag.py:2919} INFO - Setting next_dagrun for example_complex to None, run_after=None
[2022-05-23 17:50:31,432] {processor.py:161} INFO - Processing /home/airflow/.local/lib/python3.7/site-packages/airflow/example_dags/example_complex.py took 0.463 seconds
[2022-05-23 17:51:02,331] {processor.py:153} INFO - Started process (PID=239) to work on /home/airflow/.local/lib/python3.7/site-packages/airflow/example_dags/example_complex.py
[2022-05-23 17:51:02,331] {processor.py:641} INFO - Processing file /home/airflow/.local/lib/python3.7/site-packages/airflow/example_dags/example_complex.py for tasks to queue
[2022-05-23 17:51:02,332] {logging_mixin.py:115} INFO - [2022-05-23 17:51:02,332] {dagbag.py:507} INFO - Filling up the DagBag from /home/airflow/.local/lib/python3.7/site-packages/airflow/example_dags/example_complex.py
[2022-05-23 17:51:02,350] {processor.py:651} INFO - DAG(s) dict_keys(['example_complex']) retrieved from /home/airflow/.local/lib/python3.7/site-packages/airflow/example_dags/example_complex.py
[2022-05-23 17:51:02,388] {logging_mixin.py:115} INFO - [2022-05-23 17:51:02,388] {dag.py:2371} INFO - Sync 1 DAGs
[2022-05-23 17:51:02,534] {logging_mixin.py:115} INFO - [2022-05-23 17:51:02,534] {dag.py:2919} INFO - Setting next_dagrun for example_complex to None, run_after=None
[2022-05-23 17:51:02,569] {processor.py:161} INFO - Processing /home/airflow/.local/lib/python3.7/site-packages/airflow/example_dags/example_complex.py took 0.242 seconds
[2022-05-23 17:51:32,869] {processor.py:153} INFO - Started process (PID=293) to work on /home/airflow/.local/lib/python3.7/site-packages/airflow/example_dags/example_complex.py
[2022-05-23 17:51:33,056] {processor.py:641} INFO - Processing file /home/airflow/.local/lib/python3.7/site-packages/airflow/example_dags/example_complex.py for tasks to queue
[2022-05-23 17:51:33,057] {logging_mixin.py:115} INFO - [2022-05-23 17:51:33,057] {dagbag.py:507} INFO - Filling up the DagBag from /home/airflow/.local/lib/python3.7/site-packages/airflow/example_dags/example_complex.py
[2022-05-23 17:51:33,096] {processor.py:651} INFO - DAG(s) dict_keys(['example_complex']) retrieved from /home/airflow/.local/lib/python3.7/site-packages/airflow/example_dags/example_complex.py
[2022-05-23 17:51:33,140] {logging_mixin.py:115} INFO - [2022-05-23 17:51:33,140] {dag.py:2371} INFO - Sync 1 DAGs
[2022-05-23 17:51:33,292] {logging_mixin.py:115} INFO - [2022-05-23 17:51:33,291] {dag.py:2919} INFO - Setting next_dagrun for example_complex to None, run_after=None
[2022-05-23 17:51:33,784] {processor.py:161} INFO - Processing /home/airflow/.local/lib/python3.7/site-packages/airflow/example_dags/example_complex.py took 0.920 seconds
[2022-05-23 17:52:04,767] {processor.py:153} INFO - Started process (PID=346) to work on /home/airflow/.local/lib/python3.7/site-packages/airflow/example_dags/example_complex.py
[2022-05-23 17:52:04,841] {processor.py:641} INFO - Processing file /home/airflow/.local/lib/python3.7/site-packages/airflow/example_dags/example_complex.py for tasks to queue
[2022-05-23 17:52:04,844] {logging_mixin.py:115} INFO - [2022-05-23 17:52:04,843] {dagbag.py:507} INFO - Filling up the DagBag from /home/airflow/.local/lib/python3.7/site-packages/airflow/example_dags/example_complex.py
[2022-05-23 17:52:04,871] {processor.py:651} INFO - DAG(s) dict_keys(['example_complex']) retrieved from /home/airflow/.local/lib/python3.7/site-packages/airflow/example_dags/example_complex.py
[2022-05-23 17:52:04,929] {logging_mixin.py:115} INFO - [2022-05-23 17:52:04,929] {dag.py:2371} INFO - Sync 1 DAGs
[2022-05-23 17:52:05,076] {logging_mixin.py:115} INFO - [2022-05-23 17:52:05,076] {dag.py:2919} INFO - Setting next_dagrun for example_complex to None, run_after=None
[2022-05-23 17:52:05,635] {processor.py:161} INFO - Processing /home/airflow/.local/lib/python3.7/site-packages/airflow/example_dags/example_complex.py took 0.877 seconds
[2022-05-23 17:52:35,977] {processor.py:153} INFO - Started process (PID=409) to work on /home/airflow/.local/lib/python3.7/site-packages/airflow/example_dags/example_complex.py
[2022-05-23 17:52:36,106] {processor.py:641} INFO - Processing file /home/airflow/.local/lib/python3.7/site-packages/airflow/example_dags/example_complex.py for tasks to queue
[2022-05-23 17:52:36,140] {logging_mixin.py:115} INFO - [2022-05-23 17:52:36,140] {dagbag.py:507} INFO - Filling up the DagBag from /home/airflow/.local/lib/python3.7/site-packages/airflow/example_dags/example_complex.py
[2022-05-23 17:52:36,175] {processor.py:651} INFO - DAG(s) dict_keys(['example_complex']) retrieved from /home/airflow/.local/lib/python3.7/site-packages/airflow/example_dags/example_complex.py
[2022-05-23 17:52:36,226] {logging_mixin.py:115} INFO - [2022-05-23 17:52:36,226] {dag.py:2371} INFO - Sync 1 DAGs
[2022-05-23 17:52:36,391] {logging_mixin.py:115} INFO - [2022-05-23 17:52:36,391] {dag.py:2919} INFO - Setting next_dagrun for example_complex to None, run_after=None
[2022-05-23 17:52:36,444] {processor.py:161} INFO - Processing /home/airflow/.local/lib/python3.7/site-packages/airflow/example_dags/example_complex.py took 0.477 seconds
[2022-05-23 17:53:07,162] {processor.py:153} INFO - Started process (PID=462) to work on /home/airflow/.local/lib/python3.7/site-packages/airflow/example_dags/example_complex.py
[2022-05-23 17:53:07,163] {processor.py:641} INFO - Processing file /home/airflow/.local/lib/python3.7/site-packages/airflow/example_dags/example_complex.py for tasks to queue
[2022-05-23 17:53:07,164] {logging_mixin.py:115} INFO - [2022-05-23 17:53:07,164] {dagbag.py:507} INFO - Filling up the DagBag from /home/airflow/.local/lib/python3.7/site-packages/airflow/example_dags/example_complex.py
[2022-05-23 17:53:07,190] {processor.py:651} INFO - DAG(s) dict_keys(['example_complex']) retrieved from /home/airflow/.local/lib/python3.7/site-packages/airflow/example_dags/example_complex.py
[2022-05-23 17:53:07,230] {logging_mixin.py:115} INFO - [2022-05-23 17:53:07,230] {dag.py:2371} INFO - Sync 1 DAGs
[2022-05-23 17:53:07,374] {logging_mixin.py:115} INFO - [2022-05-23 17:53:07,374] {dag.py:2919} INFO - Setting next_dagrun for example_complex to None, run_after=None
[2022-05-23 17:53:08,589] {processor.py:161} INFO - Processing /home/airflow/.local/lib/python3.7/site-packages/airflow/example_dags/example_complex.py took 1.436 seconds
[2022-05-23 17:53:38,765] {processor.py:153} INFO - Started process (PID=524) to work on /home/airflow/.local/lib/python3.7/site-packages/airflow/example_dags/example_complex.py
[2022-05-23 17:53:38,766] {processor.py:641} INFO - Processing file /home/airflow/.local/lib/python3.7/site-packages/airflow/example_dags/example_complex.py for tasks to queue
[2022-05-23 17:53:38,767] {logging_mixin.py:115} INFO - [2022-05-23 17:53:38,766] {dagbag.py:507} INFO - Filling up the DagBag from /home/airflow/.local/lib/python3.7/site-packages/airflow/example_dags/example_complex.py
[2022-05-23 17:53:38,785] {processor.py:651} INFO - DAG(s) dict_keys(['example_complex']) retrieved from /home/airflow/.local/lib/python3.7/site-packages/airflow/example_dags/example_complex.py
[2022-05-23 17:53:38,825] {logging_mixin.py:115} INFO - [2022-05-23 17:53:38,825] {dag.py:2371} INFO - Sync 1 DAGs
[2022-05-23 17:53:38,962] {logging_mixin.py:115} INFO - [2022-05-23 17:53:38,962] {dag.py:2919} INFO - Setting next_dagrun for example_complex to None, run_after=None
[2022-05-23 17:53:38,999] {processor.py:161} INFO - Processing /home/airflow/.local/lib/python3.7/site-packages/airflow/example_dags/example_complex.py took 0.238 seconds
[2022-05-23 17:54:09,373] {processor.py:153} INFO - Started process (PID=578) to work on /home/airflow/.local/lib/python3.7/site-packages/airflow/example_dags/example_complex.py
[2022-05-23 17:54:09,374] {processor.py:641} INFO - Processing file /home/airflow/.local/lib/python3.7/site-packages/airflow/example_dags/example_complex.py for tasks to queue
[2022-05-23 17:54:09,375] {logging_mixin.py:115} INFO - [2022-05-23 17:54:09,375] {dagbag.py:507} INFO - Filling up the DagBag from /home/airflow/.local/lib/python3.7/site-packages/airflow/example_dags/example_complex.py
[2022-05-23 17:54:09,396] {processor.py:651} INFO - DAG(s) dict_keys(['example_complex']) retrieved from /home/airflow/.local/lib/python3.7/site-packages/airflow/example_dags/example_complex.py
[2022-05-23 17:54:09,438] {logging_mixin.py:115} INFO - [2022-05-23 17:54:09,438] {dag.py:2371} INFO - Sync 1 DAGs
[2022-05-23 17:54:09,587] {logging_mixin.py:115} INFO - [2022-05-23 17:54:09,587] {dag.py:2919} INFO - Setting next_dagrun for example_complex to None, run_after=None
[2022-05-23 17:54:09,630] {processor.py:161} INFO - Processing /home/airflow/.local/lib/python3.7/site-packages/airflow/example_dags/example_complex.py took 0.265 seconds
[2022-05-23 18:03:42,439] {processor.py:153} INFO - Started process (PID=68) to work on /home/airflow/.local/lib/python3.7/site-packages/airflow/example_dags/example_complex.py
[2022-05-23 18:03:42,572] {processor.py:641} INFO - Processing file /home/airflow/.local/lib/python3.7/site-packages/airflow/example_dags/example_complex.py for tasks to queue
[2022-05-23 18:03:42,705] {logging_mixin.py:115} INFO - [2022-05-23 18:03:42,704] {dagbag.py:507} INFO - Filling up the DagBag from /home/airflow/.local/lib/python3.7/site-packages/airflow/example_dags/example_complex.py
[2022-05-23 18:03:42,742] {processor.py:651} INFO - DAG(s) dict_keys(['example_complex']) retrieved from /home/airflow/.local/lib/python3.7/site-packages/airflow/example_dags/example_complex.py
[2022-05-23 18:03:42,804] {logging_mixin.py:115} INFO - [2022-05-23 18:03:42,804] {dag.py:2371} INFO - Sync 1 DAGs
[2022-05-23 18:03:43,011] {logging_mixin.py:115} INFO - [2022-05-23 18:03:43,011] {dag.py:2919} INFO - Setting next_dagrun for example_complex to None, run_after=None
[2022-05-23 18:03:43,329] {processor.py:161} INFO - Processing /home/airflow/.local/lib/python3.7/site-packages/airflow/example_dags/example_complex.py took 0.894 seconds
[2022-05-23 18:04:14,700] {processor.py:153} INFO - Started process (PID=123) to work on /home/airflow/.local/lib/python3.7/site-packages/airflow/example_dags/example_complex.py
[2022-05-23 18:04:14,700] {processor.py:641} INFO - Processing file /home/airflow/.local/lib/python3.7/site-packages/airflow/example_dags/example_complex.py for tasks to queue
[2022-05-23 18:04:14,701] {logging_mixin.py:115} INFO - [2022-05-23 18:04:14,701] {dagbag.py:507} INFO - Filling up the DagBag from /home/airflow/.local/lib/python3.7/site-packages/airflow/example_dags/example_complex.py
[2022-05-23 18:04:14,720] {processor.py:651} INFO - DAG(s) dict_keys(['example_complex']) retrieved from /home/airflow/.local/lib/python3.7/site-packages/airflow/example_dags/example_complex.py
[2022-05-23 18:04:14,763] {logging_mixin.py:115} INFO - [2022-05-23 18:04:14,763] {dag.py:2371} INFO - Sync 1 DAGs
[2022-05-23 18:04:14,902] {logging_mixin.py:115} INFO - [2022-05-23 18:04:14,902] {dag.py:2919} INFO - Setting next_dagrun for example_complex to None, run_after=None
[2022-05-23 18:04:14,949] {processor.py:161} INFO - Processing /home/airflow/.local/lib/python3.7/site-packages/airflow/example_dags/example_complex.py took 0.252 seconds
[2022-05-23 18:04:45,989] {processor.py:153} INFO - Started process (PID=178) to work on /home/airflow/.local/lib/python3.7/site-packages/airflow/example_dags/example_complex.py
[2022-05-23 18:04:46,129] {processor.py:641} INFO - Processing file /home/airflow/.local/lib/python3.7/site-packages/airflow/example_dags/example_complex.py for tasks to queue
[2022-05-23 18:04:46,130] {logging_mixin.py:115} INFO - [2022-05-23 18:04:46,130] {dagbag.py:507} INFO - Filling up the DagBag from /home/airflow/.local/lib/python3.7/site-packages/airflow/example_dags/example_complex.py
[2022-05-23 18:04:46,170] {processor.py:651} INFO - DAG(s) dict_keys(['example_complex']) retrieved from /home/airflow/.local/lib/python3.7/site-packages/airflow/example_dags/example_complex.py
[2022-05-23 18:04:46,213] {logging_mixin.py:115} INFO - [2022-05-23 18:04:46,213] {dag.py:2371} INFO - Sync 1 DAGs
[2022-05-23 18:04:46,356] {logging_mixin.py:115} INFO - [2022-05-23 18:04:46,355] {dag.py:2919} INFO - Setting next_dagrun for example_complex to None, run_after=None
[2022-05-23 18:04:46,628] {processor.py:161} INFO - Processing /home/airflow/.local/lib/python3.7/site-packages/airflow/example_dags/example_complex.py took 0.649 seconds
[2022-05-23 18:05:16,718] {processor.py:153} INFO - Started process (PID=231) to work on /home/airflow/.local/lib/python3.7/site-packages/airflow/example_dags/example_complex.py
[2022-05-23 18:05:16,732] {processor.py:641} INFO - Processing file /home/airflow/.local/lib/python3.7/site-packages/airflow/example_dags/example_complex.py for tasks to queue
[2022-05-23 18:05:16,732] {logging_mixin.py:115} INFO - [2022-05-23 18:05:16,732] {dagbag.py:507} INFO - Filling up the DagBag from /home/airflow/.local/lib/python3.7/site-packages/airflow/example_dags/example_complex.py
[2022-05-23 18:05:16,753] {processor.py:651} INFO - DAG(s) dict_keys(['example_complex']) retrieved from /home/airflow/.local/lib/python3.7/site-packages/airflow/example_dags/example_complex.py
[2022-05-23 18:05:16,802] {logging_mixin.py:115} INFO - [2022-05-23 18:05:16,802] {dag.py:2371} INFO - Sync 1 DAGs
[2022-05-23 18:05:16,958] {logging_mixin.py:115} INFO - [2022-05-23 18:05:16,958] {dag.py:2919} INFO - Setting next_dagrun for example_complex to None, run_after=None
[2022-05-23 18:05:16,991] {processor.py:161} INFO - Processing /home/airflow/.local/lib/python3.7/site-packages/airflow/example_dags/example_complex.py took 0.277 seconds
[2022-05-23 18:05:47,093] {processor.py:153} INFO - Started process (PID=286) to work on /home/airflow/.local/lib/python3.7/site-packages/airflow/example_dags/example_complex.py
[2022-05-23 18:05:47,093] {processor.py:641} INFO - Processing file /home/airflow/.local/lib/python3.7/site-packages/airflow/example_dags/example_complex.py for tasks to queue
[2022-05-23 18:05:47,094] {logging_mixin.py:115} INFO - [2022-05-23 18:05:47,094] {dagbag.py:507} INFO - Filling up the DagBag from /home/airflow/.local/lib/python3.7/site-packages/airflow/example_dags/example_complex.py
[2022-05-23 18:05:47,114] {processor.py:651} INFO - DAG(s) dict_keys(['example_complex']) retrieved from /home/airflow/.local/lib/python3.7/site-packages/airflow/example_dags/example_complex.py
[2022-05-23 18:05:47,158] {logging_mixin.py:115} INFO - [2022-05-23 18:05:47,158] {dag.py:2371} INFO - Sync 1 DAGs
[2022-05-23 18:05:47,344] {logging_mixin.py:115} INFO - [2022-05-23 18:05:47,343] {dag.py:2919} INFO - Setting next_dagrun for example_complex to None, run_after=None
[2022-05-23 18:05:47,382] {processor.py:161} INFO - Processing /home/airflow/.local/lib/python3.7/site-packages/airflow/example_dags/example_complex.py took 0.292 seconds
[2022-05-23 18:06:20,717] {processor.py:153} INFO - Started process (PID=349) to work on /home/airflow/.local/lib/python3.7/site-packages/airflow/example_dags/example_complex.py
[2022-05-23 18:06:20,798] {processor.py:641} INFO - Processing file /home/airflow/.local/lib/python3.7/site-packages/airflow/example_dags/example_complex.py for tasks to queue
[2022-05-23 18:06:20,799] {logging_mixin.py:115} INFO - [2022-05-23 18:06:20,799] {dagbag.py:507} INFO - Filling up the DagBag from /home/airflow/.local/lib/python3.7/site-packages/airflow/example_dags/example_complex.py
[2022-05-23 18:06:20,830] {processor.py:651} INFO - DAG(s) dict_keys(['example_complex']) retrieved from /home/airflow/.local/lib/python3.7/site-packages/airflow/example_dags/example_complex.py
[2022-05-23 18:06:20,874] {logging_mixin.py:115} INFO - [2022-05-23 18:06:20,874] {dag.py:2371} INFO - Sync 1 DAGs
[2022-05-23 18:06:21,022] {logging_mixin.py:115} INFO - [2022-05-23 18:06:21,022] {dag.py:2919} INFO - Setting next_dagrun for example_complex to None, run_after=None
[2022-05-23 18:06:21,306] {processor.py:161} INFO - Processing /home/airflow/.local/lib/python3.7/site-packages/airflow/example_dags/example_complex.py took 0.594 seconds
[2022-05-23 18:06:51,839] {processor.py:153} INFO - Started process (PID=404) to work on /home/airflow/.local/lib/python3.7/site-packages/airflow/example_dags/example_complex.py
[2022-05-23 18:06:51,954] {processor.py:641} INFO - Processing file /home/airflow/.local/lib/python3.7/site-packages/airflow/example_dags/example_complex.py for tasks to queue
[2022-05-23 18:06:51,955] {logging_mixin.py:115} INFO - [2022-05-23 18:06:51,954] {dagbag.py:507} INFO - Filling up the DagBag from /home/airflow/.local/lib/python3.7/site-packages/airflow/example_dags/example_complex.py
[2022-05-23 18:06:51,986] {processor.py:651} INFO - DAG(s) dict_keys(['example_complex']) retrieved from /home/airflow/.local/lib/python3.7/site-packages/airflow/example_dags/example_complex.py
[2022-05-23 18:06:52,043] {logging_mixin.py:115} INFO - [2022-05-23 18:06:52,042] {dag.py:2371} INFO - Sync 1 DAGs
[2022-05-23 18:06:52,209] {logging_mixin.py:115} INFO - [2022-05-23 18:06:52,208] {dag.py:2919} INFO - Setting next_dagrun for example_complex to None, run_after=None
[2022-05-23 18:06:52,430] {processor.py:161} INFO - Processing /home/airflow/.local/lib/python3.7/site-packages/airflow/example_dags/example_complex.py took 0.596 seconds
[2022-05-23 18:07:22,543] {processor.py:153} INFO - Started process (PID=457) to work on /home/airflow/.local/lib/python3.7/site-packages/airflow/example_dags/example_complex.py
[2022-05-23 18:07:22,543] {processor.py:641} INFO - Processing file /home/airflow/.local/lib/python3.7/site-packages/airflow/example_dags/example_complex.py for tasks to queue
[2022-05-23 18:07:22,544] {logging_mixin.py:115} INFO - [2022-05-23 18:07:22,544] {dagbag.py:507} INFO - Filling up the DagBag from /home/airflow/.local/lib/python3.7/site-packages/airflow/example_dags/example_complex.py
[2022-05-23 18:07:22,562] {processor.py:651} INFO - DAG(s) dict_keys(['example_complex']) retrieved from /home/airflow/.local/lib/python3.7/site-packages/airflow/example_dags/example_complex.py
[2022-05-23 18:07:22,601] {logging_mixin.py:115} INFO - [2022-05-23 18:07:22,601] {dag.py:2371} INFO - Sync 1 DAGs
[2022-05-23 18:07:22,743] {logging_mixin.py:115} INFO - [2022-05-23 18:07:22,743] {dag.py:2919} INFO - Setting next_dagrun for example_complex to None, run_after=None
[2022-05-23 18:07:22,791] {processor.py:161} INFO - Processing /home/airflow/.local/lib/python3.7/site-packages/airflow/example_dags/example_complex.py took 0.251 seconds
[2022-05-23 18:07:54,472] {processor.py:153} INFO - Started process (PID=520) to work on /home/airflow/.local/lib/python3.7/site-packages/airflow/example_dags/example_complex.py
[2022-05-23 18:07:54,472] {processor.py:641} INFO - Processing file /home/airflow/.local/lib/python3.7/site-packages/airflow/example_dags/example_complex.py for tasks to queue
[2022-05-23 18:07:54,473] {logging_mixin.py:115} INFO - [2022-05-23 18:07:54,473] {dagbag.py:507} INFO - Filling up the DagBag from /home/airflow/.local/lib/python3.7/site-packages/airflow/example_dags/example_complex.py
[2022-05-23 18:07:54,492] {processor.py:651} INFO - DAG(s) dict_keys(['example_complex']) retrieved from /home/airflow/.local/lib/python3.7/site-packages/airflow/example_dags/example_complex.py
[2022-05-23 18:07:54,547] {logging_mixin.py:115} INFO - [2022-05-23 18:07:54,546] {dag.py:2371} INFO - Sync 1 DAGs
[2022-05-23 18:07:54,697] {logging_mixin.py:115} INFO - [2022-05-23 18:07:54,697] {dag.py:2919} INFO - Setting next_dagrun for example_complex to None, run_after=None
[2022-05-23 18:07:54,722] {processor.py:161} INFO - Processing /home/airflow/.local/lib/python3.7/site-packages/airflow/example_dags/example_complex.py took 0.254 seconds
[2022-05-23 18:08:26,586] {processor.py:153} INFO - Started process (PID=574) to work on /home/airflow/.local/lib/python3.7/site-packages/airflow/example_dags/example_complex.py
[2022-05-23 18:08:26,676] {processor.py:641} INFO - Processing file /home/airflow/.local/lib/python3.7/site-packages/airflow/example_dags/example_complex.py for tasks to queue
[2022-05-23 18:08:26,678] {logging_mixin.py:115} INFO - [2022-05-23 18:08:26,677] {dagbag.py:507} INFO - Filling up the DagBag from /home/airflow/.local/lib/python3.7/site-packages/airflow/example_dags/example_complex.py
[2022-05-23 18:08:26,718] {processor.py:651} INFO - DAG(s) dict_keys(['example_complex']) retrieved from /home/airflow/.local/lib/python3.7/site-packages/airflow/example_dags/example_complex.py
[2022-05-23 18:08:26,772] {logging_mixin.py:115} INFO - [2022-05-23 18:08:26,772] {dag.py:2371} INFO - Sync 1 DAGs
[2022-05-23 18:08:26,946] {logging_mixin.py:115} INFO - [2022-05-23 18:08:26,946] {dag.py:2919} INFO - Setting next_dagrun for example_complex to None, run_after=None
[2022-05-23 18:08:27,148] {processor.py:161} INFO - Processing /home/airflow/.local/lib/python3.7/site-packages/airflow/example_dags/example_complex.py took 0.566 seconds
[2022-05-23 18:08:58,744] {processor.py:153} INFO - Started process (PID=636) to work on /home/airflow/.local/lib/python3.7/site-packages/airflow/example_dags/example_complex.py
[2022-05-23 18:08:58,999] {processor.py:641} INFO - Processing file /home/airflow/.local/lib/python3.7/site-packages/airflow/example_dags/example_complex.py for tasks to queue
[2022-05-23 18:08:59,000] {logging_mixin.py:115} INFO - [2022-05-23 18:08:59,000] {dagbag.py:507} INFO - Filling up the DagBag from /home/airflow/.local/lib/python3.7/site-packages/airflow/example_dags/example_complex.py
[2022-05-23 18:08:59,016] {processor.py:651} INFO - DAG(s) dict_keys(['example_complex']) retrieved from /home/airflow/.local/lib/python3.7/site-packages/airflow/example_dags/example_complex.py
[2022-05-23 18:08:59,048] {logging_mixin.py:115} INFO - [2022-05-23 18:08:59,048] {dag.py:2371} INFO - Sync 1 DAGs
[2022-05-23 18:08:59,070] {logging_mixin.py:115} INFO - [2022-05-23 18:08:59,070] {dag.py:2919} INFO - Setting next_dagrun for example_complex to None, run_after=None
[2022-05-23 18:09:00,263] {processor.py:161} INFO - Processing /home/airflow/.local/lib/python3.7/site-packages/airflow/example_dags/example_complex.py took 1.522 seconds
[2022-05-23 18:09:30,297] {processor.py:153} INFO - Started process (PID=690) to work on /home/airflow/.local/lib/python3.7/site-packages/airflow/example_dags/example_complex.py
[2022-05-23 18:09:30,305] {processor.py:641} INFO - Processing file /home/airflow/.local/lib/python3.7/site-packages/airflow/example_dags/example_complex.py for tasks to queue
[2022-05-23 18:09:30,305] {logging_mixin.py:115} INFO - [2022-05-23 18:09:30,305] {dagbag.py:507} INFO - Filling up the DagBag from /home/airflow/.local/lib/python3.7/site-packages/airflow/example_dags/example_complex.py
[2022-05-23 18:09:30,324] {processor.py:651} INFO - DAG(s) dict_keys(['example_complex']) retrieved from /home/airflow/.local/lib/python3.7/site-packages/airflow/example_dags/example_complex.py
[2022-05-23 18:09:30,360] {logging_mixin.py:115} INFO - [2022-05-23 18:09:30,359] {dag.py:2371} INFO - Sync 1 DAGs
[2022-05-23 18:09:30,384] {logging_mixin.py:115} INFO - [2022-05-23 18:09:30,384] {dag.py:2919} INFO - Setting next_dagrun for example_complex to None, run_after=None
[2022-05-23 18:09:30,432] {processor.py:161} INFO - Processing /home/airflow/.local/lib/python3.7/site-packages/airflow/example_dags/example_complex.py took 0.138 seconds
[2022-05-23 18:10:00,567] {processor.py:153} INFO - Started process (PID=753) to work on /home/airflow/.local/lib/python3.7/site-packages/airflow/example_dags/example_complex.py
[2022-05-23 18:10:00,568] {processor.py:641} INFO - Processing file /home/airflow/.local/lib/python3.7/site-packages/airflow/example_dags/example_complex.py for tasks to queue
[2022-05-23 18:10:00,569] {logging_mixin.py:115} INFO - [2022-05-23 18:10:00,569] {dagbag.py:507} INFO - Filling up the DagBag from /home/airflow/.local/lib/python3.7/site-packages/airflow/example_dags/example_complex.py
[2022-05-23 18:10:00,587] {processor.py:651} INFO - DAG(s) dict_keys(['example_complex']) retrieved from /home/airflow/.local/lib/python3.7/site-packages/airflow/example_dags/example_complex.py
[2022-05-23 18:10:00,621] {logging_mixin.py:115} INFO - [2022-05-23 18:10:00,620] {dag.py:2371} INFO - Sync 1 DAGs
[2022-05-23 18:10:00,645] {logging_mixin.py:115} INFO - [2022-05-23 18:10:00,645] {dag.py:2919} INFO - Setting next_dagrun for example_complex to None, run_after=None
[2022-05-23 18:10:00,711] {processor.py:161} INFO - Processing /home/airflow/.local/lib/python3.7/site-packages/airflow/example_dags/example_complex.py took 0.147 seconds
[2022-05-23 18:10:31,270] {processor.py:153} INFO - Started process (PID=807) to work on /home/airflow/.local/lib/python3.7/site-packages/airflow/example_dags/example_complex.py
[2022-05-23 18:10:31,271] {processor.py:641} INFO - Processing file /home/airflow/.local/lib/python3.7/site-packages/airflow/example_dags/example_complex.py for tasks to queue
[2022-05-23 18:10:31,271] {logging_mixin.py:115} INFO - [2022-05-23 18:10:31,271] {dagbag.py:507} INFO - Filling up the DagBag from /home/airflow/.local/lib/python3.7/site-packages/airflow/example_dags/example_complex.py
[2022-05-23 18:10:31,291] {processor.py:651} INFO - DAG(s) dict_keys(['example_complex']) retrieved from /home/airflow/.local/lib/python3.7/site-packages/airflow/example_dags/example_complex.py
[2022-05-23 18:10:31,324] {logging_mixin.py:115} INFO - [2022-05-23 18:10:31,324] {dag.py:2371} INFO - Sync 1 DAGs
[2022-05-23 18:10:31,351] {logging_mixin.py:115} INFO - [2022-05-23 18:10:31,351] {dag.py:2919} INFO - Setting next_dagrun for example_complex to None, run_after=None
[2022-05-23 18:10:31,395] {processor.py:161} INFO - Processing /home/airflow/.local/lib/python3.7/site-packages/airflow/example_dags/example_complex.py took 0.128 seconds
[2022-05-23 18:11:03,030] {processor.py:153} INFO - Started process (PID=861) to work on /home/airflow/.local/lib/python3.7/site-packages/airflow/example_dags/example_complex.py
[2022-05-23 18:11:03,030] {processor.py:641} INFO - Processing file /home/airflow/.local/lib/python3.7/site-packages/airflow/example_dags/example_complex.py for tasks to queue
[2022-05-23 18:11:03,031] {logging_mixin.py:115} INFO - [2022-05-23 18:11:03,031] {dagbag.py:507} INFO - Filling up the DagBag from /home/airflow/.local/lib/python3.7/site-packages/airflow/example_dags/example_complex.py
[2022-05-23 18:11:03,052] {processor.py:651} INFO - DAG(s) dict_keys(['example_complex']) retrieved from /home/airflow/.local/lib/python3.7/site-packages/airflow/example_dags/example_complex.py
[2022-05-23 18:11:03,087] {logging_mixin.py:115} INFO - [2022-05-23 18:11:03,087] {dag.py:2371} INFO - Sync 1 DAGs
[2022-05-23 18:11:03,111] {logging_mixin.py:115} INFO - [2022-05-23 18:11:03,111] {dag.py:2919} INFO - Setting next_dagrun for example_complex to None, run_after=None
[2022-05-23 18:11:03,143] {processor.py:161} INFO - Processing /home/airflow/.local/lib/python3.7/site-packages/airflow/example_dags/example_complex.py took 0.116 seconds
[2022-05-23 18:11:34,209] {processor.py:153} INFO - Started process (PID=922) to work on /home/airflow/.local/lib/python3.7/site-packages/airflow/example_dags/example_complex.py
[2022-05-23 18:11:34,248] {processor.py:641} INFO - Processing file /home/airflow/.local/lib/python3.7/site-packages/airflow/example_dags/example_complex.py for tasks to queue
[2022-05-23 18:11:34,248] {logging_mixin.py:115} INFO - [2022-05-23 18:11:34,248] {dagbag.py:507} INFO - Filling up the DagBag from /home/airflow/.local/lib/python3.7/site-packages/airflow/example_dags/example_complex.py
[2022-05-23 18:11:34,268] {processor.py:651} INFO - DAG(s) dict_keys(['example_complex']) retrieved from /home/airflow/.local/lib/python3.7/site-packages/airflow/example_dags/example_complex.py
[2022-05-23 18:11:34,302] {logging_mixin.py:115} INFO - [2022-05-23 18:11:34,302] {dag.py:2371} INFO - Sync 1 DAGs
[2022-05-23 18:11:34,326] {logging_mixin.py:115} INFO - [2022-05-23 18:11:34,326] {dag.py:2919} INFO - Setting next_dagrun for example_complex to None, run_after=None
[2022-05-23 18:11:34,457] {processor.py:161} INFO - Processing /home/airflow/.local/lib/python3.7/site-packages/airflow/example_dags/example_complex.py took 0.253 seconds
[2022-05-23 18:12:04,488] {processor.py:153} INFO - Started process (PID=976) to work on /home/airflow/.local/lib/python3.7/site-packages/airflow/example_dags/example_complex.py
[2022-05-23 18:12:04,489] {processor.py:641} INFO - Processing file /home/airflow/.local/lib/python3.7/site-packages/airflow/example_dags/example_complex.py for tasks to queue
[2022-05-23 18:12:04,489] {logging_mixin.py:115} INFO - [2022-05-23 18:12:04,489] {dagbag.py:507} INFO - Filling up the DagBag from /home/airflow/.local/lib/python3.7/site-packages/airflow/example_dags/example_complex.py
[2022-05-23 18:12:04,510] {processor.py:651} INFO - DAG(s) dict_keys(['example_complex']) retrieved from /home/airflow/.local/lib/python3.7/site-packages/airflow/example_dags/example_complex.py
[2022-05-23 18:12:04,542] {logging_mixin.py:115} INFO - [2022-05-23 18:12:04,542] {dag.py:2371} INFO - Sync 1 DAGs
[2022-05-23 18:12:04,565] {logging_mixin.py:115} INFO - [2022-05-23 18:12:04,565] {dag.py:2919} INFO - Setting next_dagrun for example_complex to None, run_after=None
[2022-05-23 18:12:04,593] {processor.py:161} INFO - Processing /home/airflow/.local/lib/python3.7/site-packages/airflow/example_dags/example_complex.py took 0.108 seconds
[2022-05-23 18:12:35,347] {processor.py:153} INFO - Started process (PID=1039) to work on /home/airflow/.local/lib/python3.7/site-packages/airflow/example_dags/example_complex.py
[2022-05-23 18:12:35,348] {processor.py:641} INFO - Processing file /home/airflow/.local/lib/python3.7/site-packages/airflow/example_dags/example_complex.py for tasks to queue
[2022-05-23 18:12:35,348] {logging_mixin.py:115} INFO - [2022-05-23 18:12:35,348] {dagbag.py:507} INFO - Filling up the DagBag from /home/airflow/.local/lib/python3.7/site-packages/airflow/example_dags/example_complex.py
[2022-05-23 18:12:35,370] {processor.py:651} INFO - DAG(s) dict_keys(['example_complex']) retrieved from /home/airflow/.local/lib/python3.7/site-packages/airflow/example_dags/example_complex.py
[2022-05-23 18:12:35,409] {logging_mixin.py:115} INFO - [2022-05-23 18:12:35,408] {dag.py:2371} INFO - Sync 1 DAGs
[2022-05-23 18:12:35,433] {logging_mixin.py:115} INFO - [2022-05-23 18:12:35,433] {dag.py:2919} INFO - Setting next_dagrun for example_complex to None, run_after=None
[2022-05-23 18:12:35,464] {processor.py:161} INFO - Processing /home/airflow/.local/lib/python3.7/site-packages/airflow/example_dags/example_complex.py took 0.120 seconds
[2022-05-23 18:13:05,996] {processor.py:153} INFO - Started process (PID=1092) to work on /home/airflow/.local/lib/python3.7/site-packages/airflow/example_dags/example_complex.py
[2022-05-23 18:13:05,996] {processor.py:641} INFO - Processing file /home/airflow/.local/lib/python3.7/site-packages/airflow/example_dags/example_complex.py for tasks to queue
[2022-05-23 18:13:05,997] {logging_mixin.py:115} INFO - [2022-05-23 18:13:05,997] {dagbag.py:507} INFO - Filling up the DagBag from /home/airflow/.local/lib/python3.7/site-packages/airflow/example_dags/example_complex.py
[2022-05-23 18:13:06,022] {processor.py:651} INFO - DAG(s) dict_keys(['example_complex']) retrieved from /home/airflow/.local/lib/python3.7/site-packages/airflow/example_dags/example_complex.py
[2022-05-23 18:13:06,067] {logging_mixin.py:115} INFO - [2022-05-23 18:13:06,067] {dag.py:2371} INFO - Sync 1 DAGs
[2022-05-23 18:13:06,094] {logging_mixin.py:115} INFO - [2022-05-23 18:13:06,094] {dag.py:2919} INFO - Setting next_dagrun for example_complex to None, run_after=None
[2022-05-23 18:13:06,122] {processor.py:161} INFO - Processing /home/airflow/.local/lib/python3.7/site-packages/airflow/example_dags/example_complex.py took 0.129 seconds
[2022-05-23 18:13:36,858] {processor.py:153} INFO - Started process (PID=1146) to work on /home/airflow/.local/lib/python3.7/site-packages/airflow/example_dags/example_complex.py
[2022-05-23 18:13:36,859] {processor.py:641} INFO - Processing file /home/airflow/.local/lib/python3.7/site-packages/airflow/example_dags/example_complex.py for tasks to queue
[2022-05-23 18:13:36,859] {logging_mixin.py:115} INFO - [2022-05-23 18:13:36,859] {dagbag.py:507} INFO - Filling up the DagBag from /home/airflow/.local/lib/python3.7/site-packages/airflow/example_dags/example_complex.py
[2022-05-23 18:13:36,893] {processor.py:651} INFO - DAG(s) dict_keys(['example_complex']) retrieved from /home/airflow/.local/lib/python3.7/site-packages/airflow/example_dags/example_complex.py
[2022-05-23 18:13:36,941] {logging_mixin.py:115} INFO - [2022-05-23 18:13:36,940] {dag.py:2371} INFO - Sync 1 DAGs
[2022-05-23 18:13:36,989] {logging_mixin.py:115} INFO - [2022-05-23 18:13:36,988] {dag.py:2919} INFO - Setting next_dagrun for example_complex to None, run_after=None
[2022-05-23 18:13:37,019] {processor.py:161} INFO - Processing /home/airflow/.local/lib/python3.7/site-packages/airflow/example_dags/example_complex.py took 0.166 seconds
[2022-05-23 18:14:08,324] {processor.py:153} INFO - Started process (PID=1209) to work on /home/airflow/.local/lib/python3.7/site-packages/airflow/example_dags/example_complex.py
[2022-05-23 18:14:08,324] {processor.py:641} INFO - Processing file /home/airflow/.local/lib/python3.7/site-packages/airflow/example_dags/example_complex.py for tasks to queue
[2022-05-23 18:14:08,325] {logging_mixin.py:115} INFO - [2022-05-23 18:14:08,325] {dagbag.py:507} INFO - Filling up the DagBag from /home/airflow/.local/lib/python3.7/site-packages/airflow/example_dags/example_complex.py
[2022-05-23 18:14:08,479] {processor.py:651} INFO - DAG(s) dict_keys(['example_complex']) retrieved from /home/airflow/.local/lib/python3.7/site-packages/airflow/example_dags/example_complex.py
[2022-05-23 18:14:08,512] {logging_mixin.py:115} INFO - [2022-05-23 18:14:08,512] {dag.py:2371} INFO - Sync 1 DAGs
[2022-05-23 18:14:08,539] {logging_mixin.py:115} INFO - [2022-05-23 18:14:08,539] {dag.py:2919} INFO - Setting next_dagrun for example_complex to None, run_after=None
[2022-05-23 18:14:08,570] {processor.py:161} INFO - Processing /home/airflow/.local/lib/python3.7/site-packages/airflow/example_dags/example_complex.py took 0.250 seconds
[2022-05-23 18:14:41,305] {processor.py:153} INFO - Started process (PID=1263) to work on /home/airflow/.local/lib/python3.7/site-packages/airflow/example_dags/example_complex.py
[2022-05-23 18:14:41,322] {processor.py:641} INFO - Processing file /home/airflow/.local/lib/python3.7/site-packages/airflow/example_dags/example_complex.py for tasks to queue
[2022-05-23 18:14:41,322] {logging_mixin.py:115} INFO - [2022-05-23 18:14:41,322] {dagbag.py:507} INFO - Filling up the DagBag from /home/airflow/.local/lib/python3.7/site-packages/airflow/example_dags/example_complex.py
[2022-05-23 18:14:41,463] {processor.py:651} INFO - DAG(s) dict_keys(['example_complex']) retrieved from /home/airflow/.local/lib/python3.7/site-packages/airflow/example_dags/example_complex.py
[2022-05-23 18:14:41,499] {logging_mixin.py:115} INFO - [2022-05-23 18:14:41,498] {dag.py:2371} INFO - Sync 1 DAGs
[2022-05-23 18:14:41,534] {logging_mixin.py:115} INFO - [2022-05-23 18:14:41,533] {dag.py:2919} INFO - Setting next_dagrun for example_complex to None, run_after=None
[2022-05-23 18:14:41,570] {processor.py:161} INFO - Processing /home/airflow/.local/lib/python3.7/site-packages/airflow/example_dags/example_complex.py took 0.269 seconds
[2022-05-23 18:15:13,606] {processor.py:153} INFO - Started process (PID=1326) to work on /home/airflow/.local/lib/python3.7/site-packages/airflow/example_dags/example_complex.py
[2022-05-23 18:15:13,606] {processor.py:641} INFO - Processing file /home/airflow/.local/lib/python3.7/site-packages/airflow/example_dags/example_complex.py for tasks to queue
[2022-05-23 18:15:13,607] {logging_mixin.py:115} INFO - [2022-05-23 18:15:13,607] {dagbag.py:507} INFO - Filling up the DagBag from /home/airflow/.local/lib/python3.7/site-packages/airflow/example_dags/example_complex.py
[2022-05-23 18:15:13,766] {processor.py:651} INFO - DAG(s) dict_keys(['example_complex']) retrieved from /home/airflow/.local/lib/python3.7/site-packages/airflow/example_dags/example_complex.py
[2022-05-23 18:15:13,818] {logging_mixin.py:115} INFO - [2022-05-23 18:15:13,817] {dag.py:2371} INFO - Sync 1 DAGs
[2022-05-23 18:15:13,840] {logging_mixin.py:115} INFO - [2022-05-23 18:15:13,840] {dag.py:2919} INFO - Setting next_dagrun for example_complex to None, run_after=None
[2022-05-23 18:15:14,164] {processor.py:161} INFO - Processing /home/airflow/.local/lib/python3.7/site-packages/airflow/example_dags/example_complex.py took 0.563 seconds
[2022-05-23 18:15:44,189] {processor.py:153} INFO - Started process (PID=1381) to work on /home/airflow/.local/lib/python3.7/site-packages/airflow/example_dags/example_complex.py
[2022-05-23 18:15:44,190] {processor.py:641} INFO - Processing file /home/airflow/.local/lib/python3.7/site-packages/airflow/example_dags/example_complex.py for tasks to queue
[2022-05-23 18:15:44,191] {logging_mixin.py:115} INFO - [2022-05-23 18:15:44,191] {dagbag.py:507} INFO - Filling up the DagBag from /home/airflow/.local/lib/python3.7/site-packages/airflow/example_dags/example_complex.py
[2022-05-23 18:15:44,339] {processor.py:651} INFO - DAG(s) dict_keys(['example_complex']) retrieved from /home/airflow/.local/lib/python3.7/site-packages/airflow/example_dags/example_complex.py
[2022-05-23 18:15:44,371] {logging_mixin.py:115} INFO - [2022-05-23 18:15:44,371] {dag.py:2371} INFO - Sync 1 DAGs
[2022-05-23 18:15:44,395] {logging_mixin.py:115} INFO - [2022-05-23 18:15:44,395] {dag.py:2919} INFO - Setting next_dagrun for example_complex to None, run_after=None
[2022-05-23 18:15:45,857] {processor.py:161} INFO - Processing /home/airflow/.local/lib/python3.7/site-packages/airflow/example_dags/example_complex.py took 1.672 seconds
[2022-05-23 18:16:16,238] {processor.py:153} INFO - Started process (PID=1445) to work on /home/airflow/.local/lib/python3.7/site-packages/airflow/example_dags/example_complex.py
[2022-05-23 18:16:16,239] {processor.py:641} INFO - Processing file /home/airflow/.local/lib/python3.7/site-packages/airflow/example_dags/example_complex.py for tasks to queue
[2022-05-23 18:16:16,239] {logging_mixin.py:115} INFO - [2022-05-23 18:16:16,239] {dagbag.py:507} INFO - Filling up the DagBag from /home/airflow/.local/lib/python3.7/site-packages/airflow/example_dags/example_complex.py
[2022-05-23 18:16:16,416] {processor.py:651} INFO - DAG(s) dict_keys(['example_complex']) retrieved from /home/airflow/.local/lib/python3.7/site-packages/airflow/example_dags/example_complex.py
[2022-05-23 18:16:16,458] {logging_mixin.py:115} INFO - [2022-05-23 18:16:16,458] {dag.py:2371} INFO - Sync 1 DAGs
[2022-05-23 18:16:16,497] {logging_mixin.py:115} INFO - [2022-05-23 18:16:16,497] {dag.py:2919} INFO - Setting next_dagrun for example_complex to None, run_after=None
[2022-05-23 18:16:16,532] {processor.py:161} INFO - Processing /home/airflow/.local/lib/python3.7/site-packages/airflow/example_dags/example_complex.py took 0.296 seconds
[2022-05-23 18:16:46,866] {processor.py:153} INFO - Started process (PID=1499) to work on /home/airflow/.local/lib/python3.7/site-packages/airflow/example_dags/example_complex.py
[2022-05-23 18:16:46,867] {processor.py:641} INFO - Processing file /home/airflow/.local/lib/python3.7/site-packages/airflow/example_dags/example_complex.py for tasks to queue
[2022-05-23 18:16:46,867] {logging_mixin.py:115} INFO - [2022-05-23 18:16:46,867] {dagbag.py:507} INFO - Filling up the DagBag from /home/airflow/.local/lib/python3.7/site-packages/airflow/example_dags/example_complex.py
[2022-05-23 18:16:47,027] {processor.py:651} INFO - DAG(s) dict_keys(['example_complex']) retrieved from /home/airflow/.local/lib/python3.7/site-packages/airflow/example_dags/example_complex.py
[2022-05-23 18:16:47,074] {logging_mixin.py:115} INFO - [2022-05-23 18:16:47,074] {dag.py:2371} INFO - Sync 1 DAGs
[2022-05-23 18:16:47,110] {logging_mixin.py:115} INFO - [2022-05-23 18:16:47,110] {dag.py:2919} INFO - Setting next_dagrun for example_complex to None, run_after=None
[2022-05-23 18:16:47,155] {processor.py:161} INFO - Processing /home/airflow/.local/lib/python3.7/site-packages/airflow/example_dags/example_complex.py took 0.294 seconds
[2022-05-23 18:17:18,982] {processor.py:153} INFO - Started process (PID=1553) to work on /home/airflow/.local/lib/python3.7/site-packages/airflow/example_dags/example_complex.py
[2022-05-23 18:17:18,982] {processor.py:641} INFO - Processing file /home/airflow/.local/lib/python3.7/site-packages/airflow/example_dags/example_complex.py for tasks to queue
[2022-05-23 18:17:18,983] {logging_mixin.py:115} INFO - [2022-05-23 18:17:18,983] {dagbag.py:507} INFO - Filling up the DagBag from /home/airflow/.local/lib/python3.7/site-packages/airflow/example_dags/example_complex.py
[2022-05-23 18:17:19,135] {processor.py:651} INFO - DAG(s) dict_keys(['example_complex']) retrieved from /home/airflow/.local/lib/python3.7/site-packages/airflow/example_dags/example_complex.py
[2022-05-23 18:17:19,169] {logging_mixin.py:115} INFO - [2022-05-23 18:17:19,169] {dag.py:2371} INFO - Sync 1 DAGs
[2022-05-23 18:17:19,197] {logging_mixin.py:115} INFO - [2022-05-23 18:17:19,197] {dag.py:2919} INFO - Setting next_dagrun for example_complex to None, run_after=None
[2022-05-23 18:17:19,675] {processor.py:161} INFO - Processing /home/airflow/.local/lib/python3.7/site-packages/airflow/example_dags/example_complex.py took 0.697 seconds
[2022-05-23 18:17:51,676] {processor.py:153} INFO - Started process (PID=1615) to work on /home/airflow/.local/lib/python3.7/site-packages/airflow/example_dags/example_complex.py
[2022-05-23 18:17:51,821] {processor.py:641} INFO - Processing file /home/airflow/.local/lib/python3.7/site-packages/airflow/example_dags/example_complex.py for tasks to queue
[2022-05-23 18:17:51,821] {logging_mixin.py:115} INFO - [2022-05-23 18:17:51,821] {dagbag.py:507} INFO - Filling up the DagBag from /home/airflow/.local/lib/python3.7/site-packages/airflow/example_dags/example_complex.py
[2022-05-23 18:17:52,005] {processor.py:651} INFO - DAG(s) dict_keys(['example_complex']) retrieved from /home/airflow/.local/lib/python3.7/site-packages/airflow/example_dags/example_complex.py
[2022-05-23 18:17:52,147] {logging_mixin.py:115} INFO - [2022-05-23 18:17:52,147] {dag.py:2371} INFO - Sync 1 DAGs
[2022-05-23 18:17:52,189] {logging_mixin.py:115} INFO - [2022-05-23 18:17:52,189] {dag.py:2919} INFO - Setting next_dagrun for example_complex to None, run_after=None
[2022-05-23 18:17:52,242] {processor.py:161} INFO - Processing /home/airflow/.local/lib/python3.7/site-packages/airflow/example_dags/example_complex.py took 0.573 seconds
[2022-05-23 18:18:22,345] {processor.py:153} INFO - Started process (PID=1669) to work on /home/airflow/.local/lib/python3.7/site-packages/airflow/example_dags/example_complex.py
[2022-05-23 18:18:22,370] {processor.py:641} INFO - Processing file /home/airflow/.local/lib/python3.7/site-packages/airflow/example_dags/example_complex.py for tasks to queue
[2022-05-23 18:18:22,371] {logging_mixin.py:115} INFO - [2022-05-23 18:18:22,370] {dagbag.py:507} INFO - Filling up the DagBag from /home/airflow/.local/lib/python3.7/site-packages/airflow/example_dags/example_complex.py
[2022-05-23 18:18:22,652] {processor.py:651} INFO - DAG(s) dict_keys(['example_complex']) retrieved from /home/airflow/.local/lib/python3.7/site-packages/airflow/example_dags/example_complex.py
[2022-05-23 18:18:22,693] {logging_mixin.py:115} INFO - [2022-05-23 18:18:22,692] {dag.py:2371} INFO - Sync 1 DAGs
[2022-05-23 18:18:22,732] {logging_mixin.py:115} INFO - [2022-05-23 18:18:22,731] {dag.py:2919} INFO - Setting next_dagrun for example_complex to None, run_after=None
[2022-05-23 18:18:22,769] {processor.py:161} INFO - Processing /home/airflow/.local/lib/python3.7/site-packages/airflow/example_dags/example_complex.py took 0.428 seconds
[2022-05-23 18:20:58,725] {processor.py:153} INFO - Started process (PID=67) to work on /home/airflow/.local/lib/python3.7/site-packages/airflow/example_dags/example_complex.py
[2022-05-23 18:20:58,726] {processor.py:641} INFO - Processing file /home/airflow/.local/lib/python3.7/site-packages/airflow/example_dags/example_complex.py for tasks to queue
[2022-05-23 18:20:58,727] {logging_mixin.py:115} INFO - [2022-05-23 18:20:58,727] {dagbag.py:507} INFO - Filling up the DagBag from /home/airflow/.local/lib/python3.7/site-packages/airflow/example_dags/example_complex.py
[2022-05-23 18:20:58,771] {processor.py:651} INFO - DAG(s) dict_keys(['example_complex']) retrieved from /home/airflow/.local/lib/python3.7/site-packages/airflow/example_dags/example_complex.py
[2022-05-23 18:20:58,845] {logging_mixin.py:115} INFO - [2022-05-23 18:20:58,845] {dag.py:2371} INFO - Sync 1 DAGs
[2022-05-23 18:20:59,066] {logging_mixin.py:115} INFO - [2022-05-23 18:20:59,066] {dag.py:2919} INFO - Setting next_dagrun for example_complex to None, run_after=None
[2022-05-23 18:20:59,118] {processor.py:161} INFO - Processing /home/airflow/.local/lib/python3.7/site-packages/airflow/example_dags/example_complex.py took 0.400 seconds
[2022-05-23 18:21:29,775] {processor.py:153} INFO - Started process (PID=121) to work on /home/airflow/.local/lib/python3.7/site-packages/airflow/example_dags/example_complex.py
[2022-05-23 18:21:29,775] {processor.py:641} INFO - Processing file /home/airflow/.local/lib/python3.7/site-packages/airflow/example_dags/example_complex.py for tasks to queue
[2022-05-23 18:21:29,776] {logging_mixin.py:115} INFO - [2022-05-23 18:21:29,776] {dagbag.py:507} INFO - Filling up the DagBag from /home/airflow/.local/lib/python3.7/site-packages/airflow/example_dags/example_complex.py
[2022-05-23 18:21:29,798] {processor.py:651} INFO - DAG(s) dict_keys(['example_complex']) retrieved from /home/airflow/.local/lib/python3.7/site-packages/airflow/example_dags/example_complex.py
[2022-05-23 18:21:29,841] {logging_mixin.py:115} INFO - [2022-05-23 18:21:29,841] {dag.py:2371} INFO - Sync 1 DAGs
[2022-05-23 18:21:29,989] {logging_mixin.py:115} INFO - [2022-05-23 18:21:29,989] {dag.py:2919} INFO - Setting next_dagrun for example_complex to None, run_after=None
[2022-05-23 18:21:30,574] {processor.py:161} INFO - Processing /home/airflow/.local/lib/python3.7/site-packages/airflow/example_dags/example_complex.py took 0.802 seconds
[2022-05-23 18:22:01,088] {processor.py:153} INFO - Started process (PID=179) to work on /home/airflow/.local/lib/python3.7/site-packages/airflow/example_dags/example_complex.py
[2022-05-23 18:22:01,390] {processor.py:641} INFO - Processing file /home/airflow/.local/lib/python3.7/site-packages/airflow/example_dags/example_complex.py for tasks to queue
[2022-05-23 18:22:01,392] {logging_mixin.py:115} INFO - [2022-05-23 18:22:01,392] {dagbag.py:507} INFO - Filling up the DagBag from /home/airflow/.local/lib/python3.7/site-packages/airflow/example_dags/example_complex.py
[2022-05-23 18:22:01,449] {processor.py:651} INFO - DAG(s) dict_keys(['example_complex']) retrieved from /home/airflow/.local/lib/python3.7/site-packages/airflow/example_dags/example_complex.py
[2022-05-23 18:22:01,494] {logging_mixin.py:115} INFO - [2022-05-23 18:22:01,494] {dag.py:2371} INFO - Sync 1 DAGs
[2022-05-23 18:22:01,648] {logging_mixin.py:115} INFO - [2022-05-23 18:22:01,647] {dag.py:2919} INFO - Setting next_dagrun for example_complex to None, run_after=None
[2022-05-23 18:22:01,678] {processor.py:161} INFO - Processing /home/airflow/.local/lib/python3.7/site-packages/airflow/example_dags/example_complex.py took 0.602 seconds
[2022-05-23 18:22:31,721] {processor.py:153} INFO - Started process (PID=233) to work on /home/airflow/.local/lib/python3.7/site-packages/airflow/example_dags/example_complex.py
[2022-05-23 18:22:31,721] {processor.py:641} INFO - Processing file /home/airflow/.local/lib/python3.7/site-packages/airflow/example_dags/example_complex.py for tasks to queue
[2022-05-23 18:22:31,722] {logging_mixin.py:115} INFO - [2022-05-23 18:22:31,722] {dagbag.py:507} INFO - Filling up the DagBag from /home/airflow/.local/lib/python3.7/site-packages/airflow/example_dags/example_complex.py
[2022-05-23 18:22:31,741] {processor.py:651} INFO - DAG(s) dict_keys(['example_complex']) retrieved from /home/airflow/.local/lib/python3.7/site-packages/airflow/example_dags/example_complex.py
[2022-05-23 18:22:31,787] {logging_mixin.py:115} INFO - [2022-05-23 18:22:31,787] {dag.py:2371} INFO - Sync 1 DAGs
[2022-05-23 18:22:31,937] {logging_mixin.py:115} INFO - [2022-05-23 18:22:31,936] {dag.py:2919} INFO - Setting next_dagrun for example_complex to None, run_after=None
[2022-05-23 18:22:31,979] {processor.py:161} INFO - Processing /home/airflow/.local/lib/python3.7/site-packages/airflow/example_dags/example_complex.py took 0.262 seconds
[2022-05-23 18:23:02,295] {processor.py:153} INFO - Started process (PID=287) to work on /home/airflow/.local/lib/python3.7/site-packages/airflow/example_dags/example_complex.py
[2022-05-23 18:23:02,295] {processor.py:641} INFO - Processing file /home/airflow/.local/lib/python3.7/site-packages/airflow/example_dags/example_complex.py for tasks to queue
[2022-05-23 18:23:02,296] {logging_mixin.py:115} INFO - [2022-05-23 18:23:02,296] {dagbag.py:507} INFO - Filling up the DagBag from /home/airflow/.local/lib/python3.7/site-packages/airflow/example_dags/example_complex.py
[2022-05-23 18:23:02,316] {processor.py:651} INFO - DAG(s) dict_keys(['example_complex']) retrieved from /home/airflow/.local/lib/python3.7/site-packages/airflow/example_dags/example_complex.py
[2022-05-23 18:23:02,368] {logging_mixin.py:115} INFO - [2022-05-23 18:23:02,368] {dag.py:2371} INFO - Sync 1 DAGs
[2022-05-23 18:23:02,516] {logging_mixin.py:115} INFO - [2022-05-23 18:23:02,516] {dag.py:2919} INFO - Setting next_dagrun for example_complex to None, run_after=None
[2022-05-23 18:23:02,560] {processor.py:161} INFO - Processing /home/airflow/.local/lib/python3.7/site-packages/airflow/example_dags/example_complex.py took 0.269 seconds
