[2022-05-23 17:10:16,975] {processor.py:153} INFO - Started process (PID=84) to work on /home/airflow/.local/lib/python3.7/site-packages/airflow/example_dags/example_latest_only_with_trigger.py
[2022-05-23 17:10:16,976] {processor.py:641} INFO - Processing file /home/airflow/.local/lib/python3.7/site-packages/airflow/example_dags/example_latest_only_with_trigger.py for tasks to queue
[2022-05-23 17:10:16,976] {logging_mixin.py:115} INFO - [2022-05-23 17:10:16,976] {dagbag.py:507} INFO - Filling up the DagBag from /home/airflow/.local/lib/python3.7/site-packages/airflow/example_dags/example_latest_only_with_trigger.py
[2022-05-23 17:10:16,984] {processor.py:651} INFO - DAG(s) dict_keys(['latest_only_with_trigger']) retrieved from /home/airflow/.local/lib/python3.7/site-packages/airflow/example_dags/example_latest_only_with_trigger.py
[2022-05-23 17:10:17,813] {logging_mixin.py:115} INFO - [2022-05-23 17:10:17,813] {manager.py:508} INFO - Created Permission View: can read on DAG:latest_only_with_trigger
[2022-05-23 17:10:17,999] {logging_mixin.py:115} INFO - [2022-05-23 17:10:17,999] {manager.py:508} INFO - Created Permission View: can edit on DAG:latest_only_with_trigger
[2022-05-23 17:10:18,359] {logging_mixin.py:115} INFO - [2022-05-23 17:10:18,358] {manager.py:508} INFO - Created Permission View: can delete on DAG:latest_only_with_trigger
[2022-05-23 17:10:18,359] {logging_mixin.py:115} INFO - [2022-05-23 17:10:18,359] {dag.py:2371} INFO - Sync 1 DAGs
[2022-05-23 17:10:18,388] {logging_mixin.py:115} INFO - [2022-05-23 17:10:18,388] {dag.py:2390} INFO - Creating ORM DAG for latest_only_with_trigger
[2022-05-23 17:10:18,409] {logging_mixin.py:115} INFO - [2022-05-23 17:10:18,409] {dag.py:2919} INFO - Setting next_dagrun for latest_only_with_trigger to 2022-05-23T13:10:18.409194+00:00, run_after=2022-05-23T17:10:18.409194+00:00
[2022-05-23 17:10:18,588] {processor.py:161} INFO - Processing /home/airflow/.local/lib/python3.7/site-packages/airflow/example_dags/example_latest_only_with_trigger.py took 1.616 seconds
[2022-05-23 17:10:49,416] {processor.py:153} INFO - Started process (PID=145) to work on /home/airflow/.local/lib/python3.7/site-packages/airflow/example_dags/example_latest_only_with_trigger.py
[2022-05-23 17:10:49,417] {processor.py:641} INFO - Processing file /home/airflow/.local/lib/python3.7/site-packages/airflow/example_dags/example_latest_only_with_trigger.py for tasks to queue
[2022-05-23 17:10:49,417] {logging_mixin.py:115} INFO - [2022-05-23 17:10:49,417] {dagbag.py:507} INFO - Filling up the DagBag from /home/airflow/.local/lib/python3.7/site-packages/airflow/example_dags/example_latest_only_with_trigger.py
[2022-05-23 17:10:49,422] {processor.py:651} INFO - DAG(s) dict_keys(['latest_only_with_trigger']) retrieved from /home/airflow/.local/lib/python3.7/site-packages/airflow/example_dags/example_latest_only_with_trigger.py
[2022-05-23 17:10:49,446] {logging_mixin.py:115} INFO - [2022-05-23 17:10:49,446] {dag.py:2371} INFO - Sync 1 DAGs
[2022-05-23 17:10:49,471] {logging_mixin.py:115} INFO - [2022-05-23 17:10:49,471] {dag.py:2919} INFO - Setting next_dagrun for latest_only_with_trigger to 2022-05-23T13:10:49.470954+00:00, run_after=2022-05-23T17:10:49.470954+00:00
[2022-05-23 17:10:49,596] {processor.py:161} INFO - Processing /home/airflow/.local/lib/python3.7/site-packages/airflow/example_dags/example_latest_only_with_trigger.py took 0.183 seconds
[2022-05-23 17:11:19,836] {processor.py:153} INFO - Started process (PID=196) to work on /home/airflow/.local/lib/python3.7/site-packages/airflow/example_dags/example_latest_only_with_trigger.py
[2022-05-23 17:11:20,380] {processor.py:641} INFO - Processing file /home/airflow/.local/lib/python3.7/site-packages/airflow/example_dags/example_latest_only_with_trigger.py for tasks to queue
[2022-05-23 17:11:20,382] {logging_mixin.py:115} INFO - [2022-05-23 17:11:20,382] {dagbag.py:507} INFO - Filling up the DagBag from /home/airflow/.local/lib/python3.7/site-packages/airflow/example_dags/example_latest_only_with_trigger.py
[2022-05-23 17:11:20,397] {processor.py:651} INFO - DAG(s) dict_keys(['latest_only_with_trigger']) retrieved from /home/airflow/.local/lib/python3.7/site-packages/airflow/example_dags/example_latest_only_with_trigger.py
[2022-05-23 17:11:20,430] {logging_mixin.py:115} INFO - [2022-05-23 17:11:20,430] {dag.py:2371} INFO - Sync 1 DAGs
[2022-05-23 17:11:20,462] {logging_mixin.py:115} INFO - [2022-05-23 17:11:20,462] {dag.py:2919} INFO - Setting next_dagrun for latest_only_with_trigger to 2022-05-23T13:11:20.462512+00:00, run_after=2022-05-23T17:11:20.462512+00:00
[2022-05-23 17:11:20,576] {processor.py:161} INFO - Processing /home/airflow/.local/lib/python3.7/site-packages/airflow/example_dags/example_latest_only_with_trigger.py took 0.747 seconds
[2022-05-23 17:11:51,360] {processor.py:153} INFO - Started process (PID=248) to work on /home/airflow/.local/lib/python3.7/site-packages/airflow/example_dags/example_latest_only_with_trigger.py
[2022-05-23 17:11:51,360] {processor.py:641} INFO - Processing file /home/airflow/.local/lib/python3.7/site-packages/airflow/example_dags/example_latest_only_with_trigger.py for tasks to queue
[2022-05-23 17:11:51,361] {logging_mixin.py:115} INFO - [2022-05-23 17:11:51,361] {dagbag.py:507} INFO - Filling up the DagBag from /home/airflow/.local/lib/python3.7/site-packages/airflow/example_dags/example_latest_only_with_trigger.py
[2022-05-23 17:11:51,367] {processor.py:651} INFO - DAG(s) dict_keys(['latest_only_with_trigger']) retrieved from /home/airflow/.local/lib/python3.7/site-packages/airflow/example_dags/example_latest_only_with_trigger.py
[2022-05-23 17:11:51,404] {logging_mixin.py:115} INFO - [2022-05-23 17:11:51,404] {dag.py:2371} INFO - Sync 1 DAGs
[2022-05-23 17:11:51,431] {logging_mixin.py:115} INFO - [2022-05-23 17:11:51,431] {dag.py:2919} INFO - Setting next_dagrun for latest_only_with_trigger to 2022-05-23T13:11:51.430987+00:00, run_after=2022-05-23T17:11:51.430987+00:00
[2022-05-23 17:11:51,474] {processor.py:161} INFO - Processing /home/airflow/.local/lib/python3.7/site-packages/airflow/example_dags/example_latest_only_with_trigger.py took 0.117 seconds
[2022-05-23 17:28:28,412] {processor.py:153} INFO - Started process (PID=75) to work on /home/airflow/.local/lib/python3.7/site-packages/airflow/example_dags/example_latest_only_with_trigger.py
[2022-05-23 17:28:28,421] {processor.py:641} INFO - Processing file /home/airflow/.local/lib/python3.7/site-packages/airflow/example_dags/example_latest_only_with_trigger.py for tasks to queue
[2022-05-23 17:28:28,421] {logging_mixin.py:115} INFO - [2022-05-23 17:28:28,421] {dagbag.py:507} INFO - Filling up the DagBag from /home/airflow/.local/lib/python3.7/site-packages/airflow/example_dags/example_latest_only_with_trigger.py
[2022-05-23 17:28:28,430] {processor.py:651} INFO - DAG(s) dict_keys(['latest_only_with_trigger']) retrieved from /home/airflow/.local/lib/python3.7/site-packages/airflow/example_dags/example_latest_only_with_trigger.py
[2022-05-23 17:28:28,468] {logging_mixin.py:115} INFO - [2022-05-23 17:28:28,468] {dag.py:2371} INFO - Sync 1 DAGs
[2022-05-23 17:28:28,515] {logging_mixin.py:115} INFO - [2022-05-23 17:28:28,515] {dag.py:2919} INFO - Setting next_dagrun for latest_only_with_trigger to 2022-05-23T13:28:28.515416+00:00, run_after=2022-05-23T17:28:28.515416+00:00
[2022-05-23 17:28:28,711] {processor.py:161} INFO - Processing /home/airflow/.local/lib/python3.7/site-packages/airflow/example_dags/example_latest_only_with_trigger.py took 0.304 seconds
[2022-05-23 17:29:00,528] {processor.py:153} INFO - Started process (PID=135) to work on /home/airflow/.local/lib/python3.7/site-packages/airflow/example_dags/example_latest_only_with_trigger.py
[2022-05-23 17:29:00,528] {processor.py:641} INFO - Processing file /home/airflow/.local/lib/python3.7/site-packages/airflow/example_dags/example_latest_only_with_trigger.py for tasks to queue
[2022-05-23 17:29:00,529] {logging_mixin.py:115} INFO - [2022-05-23 17:29:00,529] {dagbag.py:507} INFO - Filling up the DagBag from /home/airflow/.local/lib/python3.7/site-packages/airflow/example_dags/example_latest_only_with_trigger.py
[2022-05-23 17:29:00,537] {processor.py:651} INFO - DAG(s) dict_keys(['latest_only_with_trigger']) retrieved from /home/airflow/.local/lib/python3.7/site-packages/airflow/example_dags/example_latest_only_with_trigger.py
[2022-05-23 17:29:00,566] {logging_mixin.py:115} INFO - [2022-05-23 17:29:00,566] {dag.py:2371} INFO - Sync 1 DAGs
[2022-05-23 17:29:00,593] {logging_mixin.py:115} INFO - [2022-05-23 17:29:00,593] {dag.py:2919} INFO - Setting next_dagrun for latest_only_with_trigger to 2022-05-23T13:29:00.593450+00:00, run_after=2022-05-23T17:29:00.593450+00:00
[2022-05-23 17:29:00,953] {processor.py:161} INFO - Processing /home/airflow/.local/lib/python3.7/site-packages/airflow/example_dags/example_latest_only_with_trigger.py took 0.429 seconds
[2022-05-23 17:29:31,121] {processor.py:153} INFO - Started process (PID=192) to work on /home/airflow/.local/lib/python3.7/site-packages/airflow/example_dags/example_latest_only_with_trigger.py
[2022-05-23 17:29:31,241] {processor.py:641} INFO - Processing file /home/airflow/.local/lib/python3.7/site-packages/airflow/example_dags/example_latest_only_with_trigger.py for tasks to queue
[2022-05-23 17:29:31,242] {logging_mixin.py:115} INFO - [2022-05-23 17:29:31,242] {dagbag.py:507} INFO - Filling up the DagBag from /home/airflow/.local/lib/python3.7/site-packages/airflow/example_dags/example_latest_only_with_trigger.py
[2022-05-23 17:29:31,247] {processor.py:651} INFO - DAG(s) dict_keys(['latest_only_with_trigger']) retrieved from /home/airflow/.local/lib/python3.7/site-packages/airflow/example_dags/example_latest_only_with_trigger.py
[2022-05-23 17:29:31,271] {logging_mixin.py:115} INFO - [2022-05-23 17:29:31,271] {dag.py:2371} INFO - Sync 1 DAGs
[2022-05-23 17:29:31,296] {logging_mixin.py:115} INFO - [2022-05-23 17:29:31,296] {dag.py:2919} INFO - Setting next_dagrun for latest_only_with_trigger to 2022-05-23T13:29:31.296012+00:00, run_after=2022-05-23T17:29:31.296012+00:00
[2022-05-23 17:29:31,622] {processor.py:161} INFO - Processing /home/airflow/.local/lib/python3.7/site-packages/airflow/example_dags/example_latest_only_with_trigger.py took 0.505 seconds
[2022-05-23 17:30:02,945] {processor.py:153} INFO - Started process (PID=247) to work on /home/airflow/.local/lib/python3.7/site-packages/airflow/example_dags/example_latest_only_with_trigger.py
[2022-05-23 17:30:03,066] {processor.py:641} INFO - Processing file /home/airflow/.local/lib/python3.7/site-packages/airflow/example_dags/example_latest_only_with_trigger.py for tasks to queue
[2022-05-23 17:30:03,067] {logging_mixin.py:115} INFO - [2022-05-23 17:30:03,067] {dagbag.py:507} INFO - Filling up the DagBag from /home/airflow/.local/lib/python3.7/site-packages/airflow/example_dags/example_latest_only_with_trigger.py
[2022-05-23 17:30:03,076] {processor.py:651} INFO - DAG(s) dict_keys(['latest_only_with_trigger']) retrieved from /home/airflow/.local/lib/python3.7/site-packages/airflow/example_dags/example_latest_only_with_trigger.py
[2022-05-23 17:30:03,112] {logging_mixin.py:115} INFO - [2022-05-23 17:30:03,111] {dag.py:2371} INFO - Sync 1 DAGs
[2022-05-23 17:30:03,145] {logging_mixin.py:115} INFO - [2022-05-23 17:30:03,145] {dag.py:2919} INFO - Setting next_dagrun for latest_only_with_trigger to 2022-05-23T13:30:03.145072+00:00, run_after=2022-05-23T17:30:03.145072+00:00
[2022-05-23 17:30:03,603] {processor.py:161} INFO - Processing /home/airflow/.local/lib/python3.7/site-packages/airflow/example_dags/example_latest_only_with_trigger.py took 0.661 seconds
[2022-05-23 17:30:34,035] {processor.py:153} INFO - Started process (PID=309) to work on /home/airflow/.local/lib/python3.7/site-packages/airflow/example_dags/example_latest_only_with_trigger.py
[2022-05-23 17:30:34,036] {processor.py:641} INFO - Processing file /home/airflow/.local/lib/python3.7/site-packages/airflow/example_dags/example_latest_only_with_trigger.py for tasks to queue
[2022-05-23 17:30:34,038] {logging_mixin.py:115} INFO - [2022-05-23 17:30:34,038] {dagbag.py:507} INFO - Filling up the DagBag from /home/airflow/.local/lib/python3.7/site-packages/airflow/example_dags/example_latest_only_with_trigger.py
[2022-05-23 17:30:34,052] {processor.py:651} INFO - DAG(s) dict_keys(['latest_only_with_trigger']) retrieved from /home/airflow/.local/lib/python3.7/site-packages/airflow/example_dags/example_latest_only_with_trigger.py
[2022-05-23 17:30:34,085] {logging_mixin.py:115} INFO - [2022-05-23 17:30:34,085] {dag.py:2371} INFO - Sync 1 DAGs
[2022-05-23 17:30:34,115] {logging_mixin.py:115} INFO - [2022-05-23 17:30:34,115] {dag.py:2919} INFO - Setting next_dagrun for latest_only_with_trigger to 2022-05-23T13:30:34.115188+00:00, run_after=2022-05-23T17:30:34.115188+00:00
[2022-05-23 17:30:34,499] {processor.py:161} INFO - Processing /home/airflow/.local/lib/python3.7/site-packages/airflow/example_dags/example_latest_only_with_trigger.py took 0.472 seconds
[2022-05-23 17:31:05,065] {processor.py:153} INFO - Started process (PID=365) to work on /home/airflow/.local/lib/python3.7/site-packages/airflow/example_dags/example_latest_only_with_trigger.py
[2022-05-23 17:31:05,186] {processor.py:641} INFO - Processing file /home/airflow/.local/lib/python3.7/site-packages/airflow/example_dags/example_latest_only_with_trigger.py for tasks to queue
[2022-05-23 17:31:05,188] {logging_mixin.py:115} INFO - [2022-05-23 17:31:05,187] {dagbag.py:507} INFO - Filling up the DagBag from /home/airflow/.local/lib/python3.7/site-packages/airflow/example_dags/example_latest_only_with_trigger.py
[2022-05-23 17:31:05,205] {processor.py:651} INFO - DAG(s) dict_keys(['latest_only_with_trigger']) retrieved from /home/airflow/.local/lib/python3.7/site-packages/airflow/example_dags/example_latest_only_with_trigger.py
[2022-05-23 17:31:05,252] {logging_mixin.py:115} INFO - [2022-05-23 17:31:05,252] {dag.py:2371} INFO - Sync 1 DAGs
[2022-05-23 17:31:05,281] {logging_mixin.py:115} INFO - [2022-05-23 17:31:05,281] {dag.py:2919} INFO - Setting next_dagrun for latest_only_with_trigger to 2022-05-23T13:31:05.280793+00:00, run_after=2022-05-23T17:31:05.280793+00:00
[2022-05-23 17:31:05,554] {processor.py:161} INFO - Processing /home/airflow/.local/lib/python3.7/site-packages/airflow/example_dags/example_latest_only_with_trigger.py took 0.492 seconds
[2022-05-23 17:31:36,461] {processor.py:153} INFO - Started process (PID=426) to work on /home/airflow/.local/lib/python3.7/site-packages/airflow/example_dags/example_latest_only_with_trigger.py
[2022-05-23 17:31:36,462] {processor.py:641} INFO - Processing file /home/airflow/.local/lib/python3.7/site-packages/airflow/example_dags/example_latest_only_with_trigger.py for tasks to queue
[2022-05-23 17:31:36,463] {logging_mixin.py:115} INFO - [2022-05-23 17:31:36,463] {dagbag.py:507} INFO - Filling up the DagBag from /home/airflow/.local/lib/python3.7/site-packages/airflow/example_dags/example_latest_only_with_trigger.py
[2022-05-23 17:31:36,473] {processor.py:651} INFO - DAG(s) dict_keys(['latest_only_with_trigger']) retrieved from /home/airflow/.local/lib/python3.7/site-packages/airflow/example_dags/example_latest_only_with_trigger.py
[2022-05-23 17:31:36,520] {logging_mixin.py:115} INFO - [2022-05-23 17:31:36,520] {dag.py:2371} INFO - Sync 1 DAGs
[2022-05-23 17:31:36,563] {logging_mixin.py:115} INFO - [2022-05-23 17:31:36,562] {dag.py:2919} INFO - Setting next_dagrun for latest_only_with_trigger to 2022-05-23T13:31:36.562521+00:00, run_after=2022-05-23T17:31:36.562521+00:00
[2022-05-23 17:31:37,176] {processor.py:161} INFO - Processing /home/airflow/.local/lib/python3.7/site-packages/airflow/example_dags/example_latest_only_with_trigger.py took 0.720 seconds
[2022-05-23 17:32:07,294] {processor.py:153} INFO - Started process (PID=480) to work on /home/airflow/.local/lib/python3.7/site-packages/airflow/example_dags/example_latest_only_with_trigger.py
[2022-05-23 17:32:07,295] {processor.py:641} INFO - Processing file /home/airflow/.local/lib/python3.7/site-packages/airflow/example_dags/example_latest_only_with_trigger.py for tasks to queue
[2022-05-23 17:32:07,296] {logging_mixin.py:115} INFO - [2022-05-23 17:32:07,296] {dagbag.py:507} INFO - Filling up the DagBag from /home/airflow/.local/lib/python3.7/site-packages/airflow/example_dags/example_latest_only_with_trigger.py
[2022-05-23 17:32:07,303] {processor.py:651} INFO - DAG(s) dict_keys(['latest_only_with_trigger']) retrieved from /home/airflow/.local/lib/python3.7/site-packages/airflow/example_dags/example_latest_only_with_trigger.py
[2022-05-23 17:32:07,333] {logging_mixin.py:115} INFO - [2022-05-23 17:32:07,333] {dag.py:2371} INFO - Sync 1 DAGs
[2022-05-23 17:32:07,360] {logging_mixin.py:115} INFO - [2022-05-23 17:32:07,360] {dag.py:2919} INFO - Setting next_dagrun for latest_only_with_trigger to 2022-05-23T13:32:07.360184+00:00, run_after=2022-05-23T17:32:07.360184+00:00
[2022-05-23 17:32:07,764] {processor.py:161} INFO - Processing /home/airflow/.local/lib/python3.7/site-packages/airflow/example_dags/example_latest_only_with_trigger.py took 0.473 seconds
[2022-05-23 17:32:38,472] {processor.py:153} INFO - Started process (PID=543) to work on /home/airflow/.local/lib/python3.7/site-packages/airflow/example_dags/example_latest_only_with_trigger.py
[2022-05-23 17:32:38,872] {processor.py:641} INFO - Processing file /home/airflow/.local/lib/python3.7/site-packages/airflow/example_dags/example_latest_only_with_trigger.py for tasks to queue
[2022-05-23 17:32:38,873] {logging_mixin.py:115} INFO - [2022-05-23 17:32:38,873] {dagbag.py:507} INFO - Filling up the DagBag from /home/airflow/.local/lib/python3.7/site-packages/airflow/example_dags/example_latest_only_with_trigger.py
[2022-05-23 17:32:38,878] {processor.py:651} INFO - DAG(s) dict_keys(['latest_only_with_trigger']) retrieved from /home/airflow/.local/lib/python3.7/site-packages/airflow/example_dags/example_latest_only_with_trigger.py
[2022-05-23 17:32:38,902] {logging_mixin.py:115} INFO - [2022-05-23 17:32:38,902] {dag.py:2371} INFO - Sync 1 DAGs
[2022-05-23 17:32:38,930] {logging_mixin.py:115} INFO - [2022-05-23 17:32:38,930] {dag.py:2919} INFO - Setting next_dagrun for latest_only_with_trigger to 2022-05-23T13:32:38.929812+00:00, run_after=2022-05-23T17:32:38.929812+00:00
[2022-05-23 17:32:39,084] {processor.py:161} INFO - Processing /home/airflow/.local/lib/python3.7/site-packages/airflow/example_dags/example_latest_only_with_trigger.py took 0.614 seconds
[2022-05-23 17:33:09,317] {processor.py:153} INFO - Started process (PID=597) to work on /home/airflow/.local/lib/python3.7/site-packages/airflow/example_dags/example_latest_only_with_trigger.py
[2022-05-23 17:33:09,433] {processor.py:641} INFO - Processing file /home/airflow/.local/lib/python3.7/site-packages/airflow/example_dags/example_latest_only_with_trigger.py for tasks to queue
[2022-05-23 17:33:09,434] {logging_mixin.py:115} INFO - [2022-05-23 17:33:09,434] {dagbag.py:507} INFO - Filling up the DagBag from /home/airflow/.local/lib/python3.7/site-packages/airflow/example_dags/example_latest_only_with_trigger.py
[2022-05-23 17:33:09,440] {processor.py:651} INFO - DAG(s) dict_keys(['latest_only_with_trigger']) retrieved from /home/airflow/.local/lib/python3.7/site-packages/airflow/example_dags/example_latest_only_with_trigger.py
[2022-05-23 17:33:09,471] {logging_mixin.py:115} INFO - [2022-05-23 17:33:09,471] {dag.py:2371} INFO - Sync 1 DAGs
[2022-05-23 17:33:09,502] {logging_mixin.py:115} INFO - [2022-05-23 17:33:09,502] {dag.py:2919} INFO - Setting next_dagrun for latest_only_with_trigger to 2022-05-23T13:33:09.501984+00:00, run_after=2022-05-23T17:33:09.501984+00:00
[2022-05-23 17:33:09,926] {processor.py:161} INFO - Processing /home/airflow/.local/lib/python3.7/site-packages/airflow/example_dags/example_latest_only_with_trigger.py took 0.612 seconds
[2022-05-23 17:33:41,643] {processor.py:153} INFO - Started process (PID=662) to work on /home/airflow/.local/lib/python3.7/site-packages/airflow/example_dags/example_latest_only_with_trigger.py
[2022-05-23 17:33:41,696] {processor.py:641} INFO - Processing file /home/airflow/.local/lib/python3.7/site-packages/airflow/example_dags/example_latest_only_with_trigger.py for tasks to queue
[2022-05-23 17:33:41,697] {logging_mixin.py:115} INFO - [2022-05-23 17:33:41,697] {dagbag.py:507} INFO - Filling up the DagBag from /home/airflow/.local/lib/python3.7/site-packages/airflow/example_dags/example_latest_only_with_trigger.py
[2022-05-23 17:33:41,707] {processor.py:651} INFO - DAG(s) dict_keys(['latest_only_with_trigger']) retrieved from /home/airflow/.local/lib/python3.7/site-packages/airflow/example_dags/example_latest_only_with_trigger.py
[2022-05-23 17:33:41,765] {logging_mixin.py:115} INFO - [2022-05-23 17:33:41,765] {dag.py:2371} INFO - Sync 1 DAGs
[2022-05-23 17:33:41,996] {logging_mixin.py:115} INFO - [2022-05-23 17:33:41,996] {dag.py:2919} INFO - Setting next_dagrun for latest_only_with_trigger to 2022-05-23T13:33:41.996304+00:00, run_after=2022-05-23T17:33:41.996304+00:00
[2022-05-23 17:33:42,075] {processor.py:161} INFO - Processing /home/airflow/.local/lib/python3.7/site-packages/airflow/example_dags/example_latest_only_with_trigger.py took 0.437 seconds
[2022-05-23 17:34:12,689] {processor.py:153} INFO - Started process (PID=716) to work on /home/airflow/.local/lib/python3.7/site-packages/airflow/example_dags/example_latest_only_with_trigger.py
[2022-05-23 17:34:12,762] {processor.py:641} INFO - Processing file /home/airflow/.local/lib/python3.7/site-packages/airflow/example_dags/example_latest_only_with_trigger.py for tasks to queue
[2022-05-23 17:34:12,763] {logging_mixin.py:115} INFO - [2022-05-23 17:34:12,763] {dagbag.py:507} INFO - Filling up the DagBag from /home/airflow/.local/lib/python3.7/site-packages/airflow/example_dags/example_latest_only_with_trigger.py
[2022-05-23 17:34:12,770] {processor.py:651} INFO - DAG(s) dict_keys(['latest_only_with_trigger']) retrieved from /home/airflow/.local/lib/python3.7/site-packages/airflow/example_dags/example_latest_only_with_trigger.py
[2022-05-23 17:34:12,856] {logging_mixin.py:115} INFO - [2022-05-23 17:34:12,856] {dag.py:2371} INFO - Sync 1 DAGs
[2022-05-23 17:34:12,996] {logging_mixin.py:115} INFO - [2022-05-23 17:34:12,996] {dag.py:2919} INFO - Setting next_dagrun for latest_only_with_trigger to 2022-05-23T13:34:12.996097+00:00, run_after=2022-05-23T17:34:12.996097+00:00
[2022-05-23 17:34:13,340] {processor.py:161} INFO - Processing /home/airflow/.local/lib/python3.7/site-packages/airflow/example_dags/example_latest_only_with_trigger.py took 0.658 seconds
[2022-05-23 17:34:43,927] {processor.py:153} INFO - Started process (PID=773) to work on /home/airflow/.local/lib/python3.7/site-packages/airflow/example_dags/example_latest_only_with_trigger.py
[2022-05-23 17:34:43,928] {processor.py:641} INFO - Processing file /home/airflow/.local/lib/python3.7/site-packages/airflow/example_dags/example_latest_only_with_trigger.py for tasks to queue
[2022-05-23 17:34:43,928] {logging_mixin.py:115} INFO - [2022-05-23 17:34:43,928] {dagbag.py:507} INFO - Filling up the DagBag from /home/airflow/.local/lib/python3.7/site-packages/airflow/example_dags/example_latest_only_with_trigger.py
[2022-05-23 17:34:43,935] {processor.py:651} INFO - DAG(s) dict_keys(['latest_only_with_trigger']) retrieved from /home/airflow/.local/lib/python3.7/site-packages/airflow/example_dags/example_latest_only_with_trigger.py
[2022-05-23 17:34:43,970] {logging_mixin.py:115} INFO - [2022-05-23 17:34:43,970] {dag.py:2371} INFO - Sync 1 DAGs
[2022-05-23 17:34:44,117] {logging_mixin.py:115} INFO - [2022-05-23 17:34:44,117] {dag.py:2919} INFO - Setting next_dagrun for latest_only_with_trigger to 2022-05-23T13:34:44.117589+00:00, run_after=2022-05-23T17:34:44.117589+00:00
[2022-05-23 17:34:44,153] {processor.py:161} INFO - Processing /home/airflow/.local/lib/python3.7/site-packages/airflow/example_dags/example_latest_only_with_trigger.py took 0.230 seconds
[2022-05-23 17:35:14,812] {processor.py:153} INFO - Started process (PID=838) to work on /home/airflow/.local/lib/python3.7/site-packages/airflow/example_dags/example_latest_only_with_trigger.py
[2022-05-23 17:35:14,922] {processor.py:641} INFO - Processing file /home/airflow/.local/lib/python3.7/site-packages/airflow/example_dags/example_latest_only_with_trigger.py for tasks to queue
[2022-05-23 17:35:14,924] {logging_mixin.py:115} INFO - [2022-05-23 17:35:14,923] {dagbag.py:507} INFO - Filling up the DagBag from /home/airflow/.local/lib/python3.7/site-packages/airflow/example_dags/example_latest_only_with_trigger.py
[2022-05-23 17:35:14,941] {processor.py:651} INFO - DAG(s) dict_keys(['latest_only_with_trigger']) retrieved from /home/airflow/.local/lib/python3.7/site-packages/airflow/example_dags/example_latest_only_with_trigger.py
[2022-05-23 17:35:14,997] {logging_mixin.py:115} INFO - [2022-05-23 17:35:14,997] {dag.py:2371} INFO - Sync 1 DAGs
[2022-05-23 17:35:15,143] {logging_mixin.py:115} INFO - [2022-05-23 17:35:15,142] {dag.py:2919} INFO - Setting next_dagrun for latest_only_with_trigger to 2022-05-23T13:35:15.142663+00:00, run_after=2022-05-23T17:35:15.142663+00:00
[2022-05-23 17:35:15,301] {processor.py:161} INFO - Processing /home/airflow/.local/lib/python3.7/site-packages/airflow/example_dags/example_latest_only_with_trigger.py took 0.493 seconds
[2022-05-23 17:35:45,487] {processor.py:153} INFO - Started process (PID=892) to work on /home/airflow/.local/lib/python3.7/site-packages/airflow/example_dags/example_latest_only_with_trigger.py
[2022-05-23 17:35:45,487] {processor.py:641} INFO - Processing file /home/airflow/.local/lib/python3.7/site-packages/airflow/example_dags/example_latest_only_with_trigger.py for tasks to queue
[2022-05-23 17:35:45,488] {logging_mixin.py:115} INFO - [2022-05-23 17:35:45,488] {dagbag.py:507} INFO - Filling up the DagBag from /home/airflow/.local/lib/python3.7/site-packages/airflow/example_dags/example_latest_only_with_trigger.py
[2022-05-23 17:35:45,496] {processor.py:651} INFO - DAG(s) dict_keys(['latest_only_with_trigger']) retrieved from /home/airflow/.local/lib/python3.7/site-packages/airflow/example_dags/example_latest_only_with_trigger.py
[2022-05-23 17:35:45,526] {logging_mixin.py:115} INFO - [2022-05-23 17:35:45,526] {dag.py:2371} INFO - Sync 1 DAGs
[2022-05-23 17:35:45,663] {logging_mixin.py:115} INFO - [2022-05-23 17:35:45,663] {dag.py:2919} INFO - Setting next_dagrun for latest_only_with_trigger to 2022-05-23T13:35:45.663194+00:00, run_after=2022-05-23T17:35:45.663194+00:00
[2022-05-23 17:35:45,695] {processor.py:161} INFO - Processing /home/airflow/.local/lib/python3.7/site-packages/airflow/example_dags/example_latest_only_with_trigger.py took 0.213 seconds
[2022-05-23 17:36:17,035] {processor.py:153} INFO - Started process (PID=955) to work on /home/airflow/.local/lib/python3.7/site-packages/airflow/example_dags/example_latest_only_with_trigger.py
[2022-05-23 17:36:17,288] {processor.py:641} INFO - Processing file /home/airflow/.local/lib/python3.7/site-packages/airflow/example_dags/example_latest_only_with_trigger.py for tasks to queue
[2022-05-23 17:36:17,289] {logging_mixin.py:115} INFO - [2022-05-23 17:36:17,289] {dagbag.py:507} INFO - Filling up the DagBag from /home/airflow/.local/lib/python3.7/site-packages/airflow/example_dags/example_latest_only_with_trigger.py
[2022-05-23 17:36:17,991] {processor.py:651} INFO - DAG(s) dict_keys(['latest_only_with_trigger']) retrieved from /home/airflow/.local/lib/python3.7/site-packages/airflow/example_dags/example_latest_only_with_trigger.py
[2022-05-23 17:36:18,033] {logging_mixin.py:115} INFO - [2022-05-23 17:36:18,033] {dag.py:2371} INFO - Sync 1 DAGs
[2022-05-23 17:36:18,189] {logging_mixin.py:115} INFO - [2022-05-23 17:36:18,189] {dag.py:2919} INFO - Setting next_dagrun for latest_only_with_trigger to 2022-05-23T13:36:18.189419+00:00, run_after=2022-05-23T17:36:18.189419+00:00
[2022-05-23 17:36:18,221] {processor.py:161} INFO - Processing /home/airflow/.local/lib/python3.7/site-packages/airflow/example_dags/example_latest_only_with_trigger.py took 1.190 seconds
[2022-05-23 17:36:48,790] {processor.py:153} INFO - Started process (PID=1018) to work on /home/airflow/.local/lib/python3.7/site-packages/airflow/example_dags/example_latest_only_with_trigger.py
[2022-05-23 17:36:48,903] {processor.py:641} INFO - Processing file /home/airflow/.local/lib/python3.7/site-packages/airflow/example_dags/example_latest_only_with_trigger.py for tasks to queue
[2022-05-23 17:36:48,904] {logging_mixin.py:115} INFO - [2022-05-23 17:36:48,904] {dagbag.py:507} INFO - Filling up the DagBag from /home/airflow/.local/lib/python3.7/site-packages/airflow/example_dags/example_latest_only_with_trigger.py
[2022-05-23 17:36:48,912] {processor.py:651} INFO - DAG(s) dict_keys(['latest_only_with_trigger']) retrieved from /home/airflow/.local/lib/python3.7/site-packages/airflow/example_dags/example_latest_only_with_trigger.py
[2022-05-23 17:36:48,952] {logging_mixin.py:115} INFO - [2022-05-23 17:36:48,952] {dag.py:2371} INFO - Sync 1 DAGs
[2022-05-23 17:36:49,116] {logging_mixin.py:115} INFO - [2022-05-23 17:36:49,116] {dag.py:2919} INFO - Setting next_dagrun for latest_only_with_trigger to 2022-05-23T13:36:49.116069+00:00, run_after=2022-05-23T17:36:49.116069+00:00
[2022-05-23 17:36:49,644] {processor.py:161} INFO - Processing /home/airflow/.local/lib/python3.7/site-packages/airflow/example_dags/example_latest_only_with_trigger.py took 0.859 seconds
[2022-05-23 17:49:31,002] {processor.py:153} INFO - Started process (PID=76) to work on /home/airflow/.local/lib/python3.7/site-packages/airflow/example_dags/example_latest_only_with_trigger.py
[2022-05-23 17:49:31,007] {processor.py:641} INFO - Processing file /home/airflow/.local/lib/python3.7/site-packages/airflow/example_dags/example_latest_only_with_trigger.py for tasks to queue
[2022-05-23 17:49:31,008] {logging_mixin.py:115} INFO - [2022-05-23 17:49:31,008] {dagbag.py:507} INFO - Filling up the DagBag from /home/airflow/.local/lib/python3.7/site-packages/airflow/example_dags/example_latest_only_with_trigger.py
[2022-05-23 17:49:31,034] {processor.py:651} INFO - DAG(s) dict_keys(['latest_only_with_trigger']) retrieved from /home/airflow/.local/lib/python3.7/site-packages/airflow/example_dags/example_latest_only_with_trigger.py
[2022-05-23 17:49:31,122] {logging_mixin.py:115} INFO - [2022-05-23 17:49:31,121] {dag.py:2371} INFO - Sync 1 DAGs
[2022-05-23 17:49:31,352] {logging_mixin.py:115} INFO - [2022-05-23 17:49:31,352] {dag.py:2919} INFO - Setting next_dagrun for latest_only_with_trigger to 2022-05-23T13:49:31.352207+00:00, run_after=2022-05-23T17:49:31.352207+00:00
[2022-05-23 17:49:31,865] {processor.py:161} INFO - Processing /home/airflow/.local/lib/python3.7/site-packages/airflow/example_dags/example_latest_only_with_trigger.py took 0.869 seconds
[2022-05-23 17:50:02,071] {processor.py:153} INFO - Started process (PID=130) to work on /home/airflow/.local/lib/python3.7/site-packages/airflow/example_dags/example_latest_only_with_trigger.py
[2022-05-23 17:50:02,072] {processor.py:641} INFO - Processing file /home/airflow/.local/lib/python3.7/site-packages/airflow/example_dags/example_latest_only_with_trigger.py for tasks to queue
[2022-05-23 17:50:02,073] {logging_mixin.py:115} INFO - [2022-05-23 17:50:02,073] {dagbag.py:507} INFO - Filling up the DagBag from /home/airflow/.local/lib/python3.7/site-packages/airflow/example_dags/example_latest_only_with_trigger.py
[2022-05-23 17:50:02,083] {processor.py:651} INFO - DAG(s) dict_keys(['latest_only_with_trigger']) retrieved from /home/airflow/.local/lib/python3.7/site-packages/airflow/example_dags/example_latest_only_with_trigger.py
[2022-05-23 17:50:02,136] {logging_mixin.py:115} INFO - [2022-05-23 17:50:02,136] {dag.py:2371} INFO - Sync 1 DAGs
[2022-05-23 17:50:02,308] {logging_mixin.py:115} INFO - [2022-05-23 17:50:02,308] {dag.py:2919} INFO - Setting next_dagrun for latest_only_with_trigger to 2022-05-23T13:50:02.308618+00:00, run_after=2022-05-23T17:50:02.308618+00:00
[2022-05-23 17:50:02,339] {processor.py:161} INFO - Processing /home/airflow/.local/lib/python3.7/site-packages/airflow/example_dags/example_latest_only_with_trigger.py took 0.273 seconds
[2022-05-23 17:50:34,292] {processor.py:153} INFO - Started process (PID=193) to work on /home/airflow/.local/lib/python3.7/site-packages/airflow/example_dags/example_latest_only_with_trigger.py
[2022-05-23 17:50:34,293] {processor.py:641} INFO - Processing file /home/airflow/.local/lib/python3.7/site-packages/airflow/example_dags/example_latest_only_with_trigger.py for tasks to queue
[2022-05-23 17:50:34,294] {logging_mixin.py:115} INFO - [2022-05-23 17:50:34,294] {dagbag.py:507} INFO - Filling up the DagBag from /home/airflow/.local/lib/python3.7/site-packages/airflow/example_dags/example_latest_only_with_trigger.py
[2022-05-23 17:50:34,303] {processor.py:651} INFO - DAG(s) dict_keys(['latest_only_with_trigger']) retrieved from /home/airflow/.local/lib/python3.7/site-packages/airflow/example_dags/example_latest_only_with_trigger.py
[2022-05-23 17:50:34,363] {logging_mixin.py:115} INFO - [2022-05-23 17:50:34,363] {dag.py:2371} INFO - Sync 1 DAGs
[2022-05-23 17:50:34,571] {logging_mixin.py:115} INFO - [2022-05-23 17:50:34,571] {dag.py:2919} INFO - Setting next_dagrun for latest_only_with_trigger to 2022-05-23T13:50:34.571283+00:00, run_after=2022-05-23T17:50:34.571283+00:00
[2022-05-23 17:50:34,980] {processor.py:161} INFO - Processing /home/airflow/.local/lib/python3.7/site-packages/airflow/example_dags/example_latest_only_with_trigger.py took 0.692 seconds
[2022-05-23 17:51:05,415] {processor.py:153} INFO - Started process (PID=247) to work on /home/airflow/.local/lib/python3.7/site-packages/airflow/example_dags/example_latest_only_with_trigger.py
[2022-05-23 17:51:05,416] {processor.py:641} INFO - Processing file /home/airflow/.local/lib/python3.7/site-packages/airflow/example_dags/example_latest_only_with_trigger.py for tasks to queue
[2022-05-23 17:51:05,416] {logging_mixin.py:115} INFO - [2022-05-23 17:51:05,416] {dagbag.py:507} INFO - Filling up the DagBag from /home/airflow/.local/lib/python3.7/site-packages/airflow/example_dags/example_latest_only_with_trigger.py
[2022-05-23 17:51:05,423] {processor.py:651} INFO - DAG(s) dict_keys(['latest_only_with_trigger']) retrieved from /home/airflow/.local/lib/python3.7/site-packages/airflow/example_dags/example_latest_only_with_trigger.py
[2022-05-23 17:51:05,457] {logging_mixin.py:115} INFO - [2022-05-23 17:51:05,457] {dag.py:2371} INFO - Sync 1 DAGs
[2022-05-23 17:51:05,614] {logging_mixin.py:115} INFO - [2022-05-23 17:51:05,614] {dag.py:2919} INFO - Setting next_dagrun for latest_only_with_trigger to 2022-05-23T13:51:05.613786+00:00, run_after=2022-05-23T17:51:05.613786+00:00
[2022-05-23 17:51:05,864] {processor.py:161} INFO - Processing /home/airflow/.local/lib/python3.7/site-packages/airflow/example_dags/example_latest_only_with_trigger.py took 0.453 seconds
[2022-05-23 17:51:36,946] {processor.py:153} INFO - Started process (PID=301) to work on /home/airflow/.local/lib/python3.7/site-packages/airflow/example_dags/example_latest_only_with_trigger.py
[2022-05-23 17:51:37,090] {processor.py:641} INFO - Processing file /home/airflow/.local/lib/python3.7/site-packages/airflow/example_dags/example_latest_only_with_trigger.py for tasks to queue
[2022-05-23 17:51:37,091] {logging_mixin.py:115} INFO - [2022-05-23 17:51:37,091] {dagbag.py:507} INFO - Filling up the DagBag from /home/airflow/.local/lib/python3.7/site-packages/airflow/example_dags/example_latest_only_with_trigger.py
[2022-05-23 17:51:37,096] {processor.py:651} INFO - DAG(s) dict_keys(['latest_only_with_trigger']) retrieved from /home/airflow/.local/lib/python3.7/site-packages/airflow/example_dags/example_latest_only_with_trigger.py
[2022-05-23 17:51:37,126] {logging_mixin.py:115} INFO - [2022-05-23 17:51:37,126] {dag.py:2371} INFO - Sync 1 DAGs
[2022-05-23 17:51:37,276] {logging_mixin.py:115} INFO - [2022-05-23 17:51:37,276] {dag.py:2919} INFO - Setting next_dagrun for latest_only_with_trigger to 2022-05-23T13:51:37.276378+00:00, run_after=2022-05-23T17:51:37.276378+00:00
[2022-05-23 17:51:37,326] {processor.py:161} INFO - Processing /home/airflow/.local/lib/python3.7/site-packages/airflow/example_dags/example_latest_only_with_trigger.py took 0.383 seconds
[2022-05-23 17:52:07,475] {processor.py:153} INFO - Started process (PID=363) to work on /home/airflow/.local/lib/python3.7/site-packages/airflow/example_dags/example_latest_only_with_trigger.py
[2022-05-23 17:52:07,478] {processor.py:641} INFO - Processing file /home/airflow/.local/lib/python3.7/site-packages/airflow/example_dags/example_latest_only_with_trigger.py for tasks to queue
[2022-05-23 17:52:07,478] {logging_mixin.py:115} INFO - [2022-05-23 17:52:07,478] {dagbag.py:507} INFO - Filling up the DagBag from /home/airflow/.local/lib/python3.7/site-packages/airflow/example_dags/example_latest_only_with_trigger.py
[2022-05-23 17:52:07,485] {processor.py:651} INFO - DAG(s) dict_keys(['latest_only_with_trigger']) retrieved from /home/airflow/.local/lib/python3.7/site-packages/airflow/example_dags/example_latest_only_with_trigger.py
[2022-05-23 17:52:07,518] {logging_mixin.py:115} INFO - [2022-05-23 17:52:07,518] {dag.py:2371} INFO - Sync 1 DAGs
[2022-05-23 17:52:07,657] {logging_mixin.py:115} INFO - [2022-05-23 17:52:07,657] {dag.py:2919} INFO - Setting next_dagrun for latest_only_with_trigger to 2022-05-23T13:52:07.657277+00:00, run_after=2022-05-23T17:52:07.657277+00:00
[2022-05-23 17:52:07,693] {processor.py:161} INFO - Processing /home/airflow/.local/lib/python3.7/site-packages/airflow/example_dags/example_latest_only_with_trigger.py took 0.221 seconds
[2022-05-23 17:52:37,887] {processor.py:153} INFO - Started process (PID=417) to work on /home/airflow/.local/lib/python3.7/site-packages/airflow/example_dags/example_latest_only_with_trigger.py
[2022-05-23 17:52:37,902] {processor.py:641} INFO - Processing file /home/airflow/.local/lib/python3.7/site-packages/airflow/example_dags/example_latest_only_with_trigger.py for tasks to queue
[2022-05-23 17:52:37,904] {logging_mixin.py:115} INFO - [2022-05-23 17:52:37,904] {dagbag.py:507} INFO - Filling up the DagBag from /home/airflow/.local/lib/python3.7/site-packages/airflow/example_dags/example_latest_only_with_trigger.py
[2022-05-23 17:52:37,915] {processor.py:651} INFO - DAG(s) dict_keys(['latest_only_with_trigger']) retrieved from /home/airflow/.local/lib/python3.7/site-packages/airflow/example_dags/example_latest_only_with_trigger.py
[2022-05-23 17:52:37,949] {logging_mixin.py:115} INFO - [2022-05-23 17:52:37,949] {dag.py:2371} INFO - Sync 1 DAGs
[2022-05-23 17:52:38,093] {logging_mixin.py:115} INFO - [2022-05-23 17:52:38,093] {dag.py:2919} INFO - Setting next_dagrun for latest_only_with_trigger to 2022-05-23T13:52:38.093241+00:00, run_after=2022-05-23T17:52:38.093241+00:00
[2022-05-23 17:52:38,129] {processor.py:161} INFO - Processing /home/airflow/.local/lib/python3.7/site-packages/airflow/example_dags/example_latest_only_with_trigger.py took 0.245 seconds
[2022-05-23 17:53:10,422] {processor.py:153} INFO - Started process (PID=479) to work on /home/airflow/.local/lib/python3.7/site-packages/airflow/example_dags/example_latest_only_with_trigger.py
[2022-05-23 17:53:10,423] {processor.py:641} INFO - Processing file /home/airflow/.local/lib/python3.7/site-packages/airflow/example_dags/example_latest_only_with_trigger.py for tasks to queue
[2022-05-23 17:53:10,424] {logging_mixin.py:115} INFO - [2022-05-23 17:53:10,424] {dagbag.py:507} INFO - Filling up the DagBag from /home/airflow/.local/lib/python3.7/site-packages/airflow/example_dags/example_latest_only_with_trigger.py
[2022-05-23 17:53:10,433] {processor.py:651} INFO - DAG(s) dict_keys(['latest_only_with_trigger']) retrieved from /home/airflow/.local/lib/python3.7/site-packages/airflow/example_dags/example_latest_only_with_trigger.py
[2022-05-23 17:53:10,470] {logging_mixin.py:115} INFO - [2022-05-23 17:53:10,470] {dag.py:2371} INFO - Sync 1 DAGs
[2022-05-23 17:53:10,609] {logging_mixin.py:115} INFO - [2022-05-23 17:53:10,609] {dag.py:2919} INFO - Setting next_dagrun for latest_only_with_trigger to 2022-05-23T13:53:10.609222+00:00, run_after=2022-05-23T17:53:10.609222+00:00
[2022-05-23 17:53:10,776] {processor.py:161} INFO - Processing /home/airflow/.local/lib/python3.7/site-packages/airflow/example_dags/example_latest_only_with_trigger.py took 0.358 seconds
[2022-05-23 17:53:40,884] {processor.py:153} INFO - Started process (PID=532) to work on /home/airflow/.local/lib/python3.7/site-packages/airflow/example_dags/example_latest_only_with_trigger.py
[2022-05-23 17:53:42,481] {processor.py:641} INFO - Processing file /home/airflow/.local/lib/python3.7/site-packages/airflow/example_dags/example_latest_only_with_trigger.py for tasks to queue
[2022-05-23 17:53:42,511] {logging_mixin.py:115} INFO - [2022-05-23 17:53:42,510] {dagbag.py:507} INFO - Filling up the DagBag from /home/airflow/.local/lib/python3.7/site-packages/airflow/example_dags/example_latest_only_with_trigger.py
[2022-05-23 17:53:42,517] {processor.py:651} INFO - DAG(s) dict_keys(['latest_only_with_trigger']) retrieved from /home/airflow/.local/lib/python3.7/site-packages/airflow/example_dags/example_latest_only_with_trigger.py
[2022-05-23 17:53:42,546] {logging_mixin.py:115} INFO - [2022-05-23 17:53:42,546] {dag.py:2371} INFO - Sync 1 DAGs
[2022-05-23 17:53:42,721] {logging_mixin.py:115} INFO - [2022-05-23 17:53:42,721] {dag.py:2919} INFO - Setting next_dagrun for latest_only_with_trigger to 2022-05-23T13:53:42.720782+00:00, run_after=2022-05-23T17:53:42.720782+00:00
[2022-05-23 17:53:42,777] {processor.py:161} INFO - Processing /home/airflow/.local/lib/python3.7/site-packages/airflow/example_dags/example_latest_only_with_trigger.py took 1.897 seconds
[2022-05-23 17:54:13,166] {processor.py:153} INFO - Started process (PID=586) to work on /home/airflow/.local/lib/python3.7/site-packages/airflow/example_dags/example_latest_only_with_trigger.py
[2022-05-23 17:54:13,275] {processor.py:641} INFO - Processing file /home/airflow/.local/lib/python3.7/site-packages/airflow/example_dags/example_latest_only_with_trigger.py for tasks to queue
[2022-05-23 17:54:13,280] {logging_mixin.py:115} INFO - [2022-05-23 17:54:13,279] {dagbag.py:507} INFO - Filling up the DagBag from /home/airflow/.local/lib/python3.7/site-packages/airflow/example_dags/example_latest_only_with_trigger.py
[2022-05-23 17:54:13,297] {processor.py:651} INFO - DAG(s) dict_keys(['latest_only_with_trigger']) retrieved from /home/airflow/.local/lib/python3.7/site-packages/airflow/example_dags/example_latest_only_with_trigger.py
[2022-05-23 17:54:13,348] {logging_mixin.py:115} INFO - [2022-05-23 17:54:13,348] {dag.py:2371} INFO - Sync 1 DAGs
[2022-05-23 17:54:13,499] {logging_mixin.py:115} INFO - [2022-05-23 17:54:13,499] {dag.py:2919} INFO - Setting next_dagrun for latest_only_with_trigger to 2022-05-23T13:54:13.498869+00:00, run_after=2022-05-23T17:54:13.498869+00:00
[2022-05-23 17:54:13,752] {processor.py:161} INFO - Processing /home/airflow/.local/lib/python3.7/site-packages/airflow/example_dags/example_latest_only_with_trigger.py took 0.592 seconds
[2022-05-23 18:03:46,037] {processor.py:153} INFO - Started process (PID=76) to work on /home/airflow/.local/lib/python3.7/site-packages/airflow/example_dags/example_latest_only_with_trigger.py
[2022-05-23 18:03:46,054] {processor.py:641} INFO - Processing file /home/airflow/.local/lib/python3.7/site-packages/airflow/example_dags/example_latest_only_with_trigger.py for tasks to queue
[2022-05-23 18:03:46,055] {logging_mixin.py:115} INFO - [2022-05-23 18:03:46,055] {dagbag.py:507} INFO - Filling up the DagBag from /home/airflow/.local/lib/python3.7/site-packages/airflow/example_dags/example_latest_only_with_trigger.py
[2022-05-23 18:03:46,064] {processor.py:651} INFO - DAG(s) dict_keys(['latest_only_with_trigger']) retrieved from /home/airflow/.local/lib/python3.7/site-packages/airflow/example_dags/example_latest_only_with_trigger.py
[2022-05-23 18:03:46,093] {logging_mixin.py:115} INFO - [2022-05-23 18:03:46,093] {dag.py:2371} INFO - Sync 1 DAGs
[2022-05-23 18:03:46,229] {logging_mixin.py:115} INFO - [2022-05-23 18:03:46,229] {dag.py:2919} INFO - Setting next_dagrun for latest_only_with_trigger to 2022-05-23T14:03:46.229120+00:00, run_after=2022-05-23T18:03:46.229120+00:00
[2022-05-23 18:03:47,072] {processor.py:161} INFO - Processing /home/airflow/.local/lib/python3.7/site-packages/airflow/example_dags/example_latest_only_with_trigger.py took 1.040 seconds
[2022-05-23 18:04:17,899] {processor.py:153} INFO - Started process (PID=131) to work on /home/airflow/.local/lib/python3.7/site-packages/airflow/example_dags/example_latest_only_with_trigger.py
[2022-05-23 18:04:17,907] {processor.py:641} INFO - Processing file /home/airflow/.local/lib/python3.7/site-packages/airflow/example_dags/example_latest_only_with_trigger.py for tasks to queue
[2022-05-23 18:04:17,912] {logging_mixin.py:115} INFO - [2022-05-23 18:04:17,912] {dagbag.py:507} INFO - Filling up the DagBag from /home/airflow/.local/lib/python3.7/site-packages/airflow/example_dags/example_latest_only_with_trigger.py
[2022-05-23 18:04:17,921] {processor.py:651} INFO - DAG(s) dict_keys(['latest_only_with_trigger']) retrieved from /home/airflow/.local/lib/python3.7/site-packages/airflow/example_dags/example_latest_only_with_trigger.py
[2022-05-23 18:04:17,957] {logging_mixin.py:115} INFO - [2022-05-23 18:04:17,957] {dag.py:2371} INFO - Sync 1 DAGs
[2022-05-23 18:04:18,099] {logging_mixin.py:115} INFO - [2022-05-23 18:04:18,098] {dag.py:2919} INFO - Setting next_dagrun for latest_only_with_trigger to 2022-05-23T14:04:18.098569+00:00, run_after=2022-05-23T18:04:18.098569+00:00
[2022-05-23 18:04:18,130] {processor.py:161} INFO - Processing /home/airflow/.local/lib/python3.7/site-packages/airflow/example_dags/example_latest_only_with_trigger.py took 0.234 seconds
[2022-05-23 18:04:49,970] {processor.py:153} INFO - Started process (PID=186) to work on /home/airflow/.local/lib/python3.7/site-packages/airflow/example_dags/example_latest_only_with_trigger.py
[2022-05-23 18:04:49,974] {processor.py:641} INFO - Processing file /home/airflow/.local/lib/python3.7/site-packages/airflow/example_dags/example_latest_only_with_trigger.py for tasks to queue
[2022-05-23 18:04:49,975] {logging_mixin.py:115} INFO - [2022-05-23 18:04:49,975] {dagbag.py:507} INFO - Filling up the DagBag from /home/airflow/.local/lib/python3.7/site-packages/airflow/example_dags/example_latest_only_with_trigger.py
[2022-05-23 18:04:49,985] {processor.py:651} INFO - DAG(s) dict_keys(['latest_only_with_trigger']) retrieved from /home/airflow/.local/lib/python3.7/site-packages/airflow/example_dags/example_latest_only_with_trigger.py
[2022-05-23 18:04:50,021] {logging_mixin.py:115} INFO - [2022-05-23 18:04:50,021] {dag.py:2371} INFO - Sync 1 DAGs
[2022-05-23 18:04:50,166] {logging_mixin.py:115} INFO - [2022-05-23 18:04:50,166] {dag.py:2919} INFO - Setting next_dagrun for latest_only_with_trigger to 2022-05-23T14:04:50.166012+00:00, run_after=2022-05-23T18:04:50.166012+00:00
[2022-05-23 18:04:50,203] {processor.py:161} INFO - Processing /home/airflow/.local/lib/python3.7/site-packages/airflow/example_dags/example_latest_only_with_trigger.py took 0.237 seconds
[2022-05-23 18:05:21,144] {processor.py:153} INFO - Started process (PID=248) to work on /home/airflow/.local/lib/python3.7/site-packages/airflow/example_dags/example_latest_only_with_trigger.py
[2022-05-23 18:05:21,613] {processor.py:641} INFO - Processing file /home/airflow/.local/lib/python3.7/site-packages/airflow/example_dags/example_latest_only_with_trigger.py for tasks to queue
[2022-05-23 18:05:21,642] {logging_mixin.py:115} INFO - [2022-05-23 18:05:21,642] {dagbag.py:507} INFO - Filling up the DagBag from /home/airflow/.local/lib/python3.7/site-packages/airflow/example_dags/example_latest_only_with_trigger.py
[2022-05-23 18:05:21,649] {processor.py:651} INFO - DAG(s) dict_keys(['latest_only_with_trigger']) retrieved from /home/airflow/.local/lib/python3.7/site-packages/airflow/example_dags/example_latest_only_with_trigger.py
[2022-05-23 18:05:21,692] {logging_mixin.py:115} INFO - [2022-05-23 18:05:21,692] {dag.py:2371} INFO - Sync 1 DAGs
[2022-05-23 18:05:21,840] {logging_mixin.py:115} INFO - [2022-05-23 18:05:21,840] {dag.py:2919} INFO - Setting next_dagrun for latest_only_with_trigger to 2022-05-23T14:05:21.840251+00:00, run_after=2022-05-23T18:05:21.840251+00:00
[2022-05-23 18:05:22,612] {processor.py:161} INFO - Processing /home/airflow/.local/lib/python3.7/site-packages/airflow/example_dags/example_latest_only_with_trigger.py took 1.471 seconds
[2022-05-23 18:05:52,684] {processor.py:153} INFO - Started process (PID=303) to work on /home/airflow/.local/lib/python3.7/site-packages/airflow/example_dags/example_latest_only_with_trigger.py
[2022-05-23 18:05:52,912] {processor.py:641} INFO - Processing file /home/airflow/.local/lib/python3.7/site-packages/airflow/example_dags/example_latest_only_with_trigger.py for tasks to queue
[2022-05-23 18:05:52,912] {logging_mixin.py:115} INFO - [2022-05-23 18:05:52,912] {dagbag.py:507} INFO - Filling up the DagBag from /home/airflow/.local/lib/python3.7/site-packages/airflow/example_dags/example_latest_only_with_trigger.py
[2022-05-23 18:05:52,919] {processor.py:651} INFO - DAG(s) dict_keys(['latest_only_with_trigger']) retrieved from /home/airflow/.local/lib/python3.7/site-packages/airflow/example_dags/example_latest_only_with_trigger.py
[2022-05-23 18:05:52,949] {logging_mixin.py:115} INFO - [2022-05-23 18:05:52,949] {dag.py:2371} INFO - Sync 1 DAGs
[2022-05-23 18:05:53,088] {logging_mixin.py:115} INFO - [2022-05-23 18:05:53,088] {dag.py:2919} INFO - Setting next_dagrun for latest_only_with_trigger to 2022-05-23T14:05:53.088219+00:00, run_after=2022-05-23T18:05:53.088219+00:00
[2022-05-23 18:05:53,194] {processor.py:161} INFO - Processing /home/airflow/.local/lib/python3.7/site-packages/airflow/example_dags/example_latest_only_with_trigger.py took 0.513 seconds
[2022-05-23 18:06:23,793] {processor.py:153} INFO - Started process (PID=357) to work on /home/airflow/.local/lib/python3.7/site-packages/airflow/example_dags/example_latest_only_with_trigger.py
[2022-05-23 18:06:23,793] {processor.py:641} INFO - Processing file /home/airflow/.local/lib/python3.7/site-packages/airflow/example_dags/example_latest_only_with_trigger.py for tasks to queue
[2022-05-23 18:06:23,794] {logging_mixin.py:115} INFO - [2022-05-23 18:06:23,794] {dagbag.py:507} INFO - Filling up the DagBag from /home/airflow/.local/lib/python3.7/site-packages/airflow/example_dags/example_latest_only_with_trigger.py
[2022-05-23 18:06:23,800] {processor.py:651} INFO - DAG(s) dict_keys(['latest_only_with_trigger']) retrieved from /home/airflow/.local/lib/python3.7/site-packages/airflow/example_dags/example_latest_only_with_trigger.py
[2022-05-23 18:06:23,829] {logging_mixin.py:115} INFO - [2022-05-23 18:06:23,829] {dag.py:2371} INFO - Sync 1 DAGs
[2022-05-23 18:06:23,984] {logging_mixin.py:115} INFO - [2022-05-23 18:06:23,983] {dag.py:2919} INFO - Setting next_dagrun for latest_only_with_trigger to 2022-05-23T14:06:23.983734+00:00, run_after=2022-05-23T18:06:23.983734+00:00
[2022-05-23 18:06:24,023] {processor.py:161} INFO - Processing /home/airflow/.local/lib/python3.7/site-packages/airflow/example_dags/example_latest_only_with_trigger.py took 0.233 seconds
[2022-05-23 18:06:54,061] {processor.py:153} INFO - Started process (PID=411) to work on /home/airflow/.local/lib/python3.7/site-packages/airflow/example_dags/example_latest_only_with_trigger.py
[2022-05-23 18:06:54,062] {processor.py:641} INFO - Processing file /home/airflow/.local/lib/python3.7/site-packages/airflow/example_dags/example_latest_only_with_trigger.py for tasks to queue
[2022-05-23 18:06:54,063] {logging_mixin.py:115} INFO - [2022-05-23 18:06:54,063] {dagbag.py:507} INFO - Filling up the DagBag from /home/airflow/.local/lib/python3.7/site-packages/airflow/example_dags/example_latest_only_with_trigger.py
[2022-05-23 18:06:54,072] {processor.py:651} INFO - DAG(s) dict_keys(['latest_only_with_trigger']) retrieved from /home/airflow/.local/lib/python3.7/site-packages/airflow/example_dags/example_latest_only_with_trigger.py
[2022-05-23 18:06:54,119] {logging_mixin.py:115} INFO - [2022-05-23 18:06:54,119] {dag.py:2371} INFO - Sync 1 DAGs
[2022-05-23 18:06:54,287] {logging_mixin.py:115} INFO - [2022-05-23 18:06:54,287] {dag.py:2919} INFO - Setting next_dagrun for latest_only_with_trigger to 2022-05-23T14:06:54.287021+00:00, run_after=2022-05-23T18:06:54.287021+00:00
[2022-05-23 18:06:54,317] {processor.py:161} INFO - Processing /home/airflow/.local/lib/python3.7/site-packages/airflow/example_dags/example_latest_only_with_trigger.py took 0.260 seconds
[2022-05-23 18:07:26,933] {processor.py:153} INFO - Started process (PID=474) to work on /home/airflow/.local/lib/python3.7/site-packages/airflow/example_dags/example_latest_only_with_trigger.py
[2022-05-23 18:07:26,934] {processor.py:641} INFO - Processing file /home/airflow/.local/lib/python3.7/site-packages/airflow/example_dags/example_latest_only_with_trigger.py for tasks to queue
[2022-05-23 18:07:26,936] {logging_mixin.py:115} INFO - [2022-05-23 18:07:26,936] {dagbag.py:507} INFO - Filling up the DagBag from /home/airflow/.local/lib/python3.7/site-packages/airflow/example_dags/example_latest_only_with_trigger.py
[2022-05-23 18:07:26,952] {processor.py:651} INFO - DAG(s) dict_keys(['latest_only_with_trigger']) retrieved from /home/airflow/.local/lib/python3.7/site-packages/airflow/example_dags/example_latest_only_with_trigger.py
[2022-05-23 18:07:26,996] {logging_mixin.py:115} INFO - [2022-05-23 18:07:26,996] {dag.py:2371} INFO - Sync 1 DAGs
[2022-05-23 18:07:27,142] {logging_mixin.py:115} INFO - [2022-05-23 18:07:27,142] {dag.py:2919} INFO - Setting next_dagrun for latest_only_with_trigger to 2022-05-23T14:07:27.142060+00:00, run_after=2022-05-23T18:07:27.142060+00:00
[2022-05-23 18:07:27,564] {processor.py:161} INFO - Processing /home/airflow/.local/lib/python3.7/site-packages/airflow/example_dags/example_latest_only_with_trigger.py took 0.639 seconds
[2022-05-23 18:07:58,647] {processor.py:153} INFO - Started process (PID=528) to work on /home/airflow/.local/lib/python3.7/site-packages/airflow/example_dags/example_latest_only_with_trigger.py
[2022-05-23 18:07:58,647] {processor.py:641} INFO - Processing file /home/airflow/.local/lib/python3.7/site-packages/airflow/example_dags/example_latest_only_with_trigger.py for tasks to queue
[2022-05-23 18:07:58,648] {logging_mixin.py:115} INFO - [2022-05-23 18:07:58,647] {dagbag.py:507} INFO - Filling up the DagBag from /home/airflow/.local/lib/python3.7/site-packages/airflow/example_dags/example_latest_only_with_trigger.py
[2022-05-23 18:07:58,654] {processor.py:651} INFO - DAG(s) dict_keys(['latest_only_with_trigger']) retrieved from /home/airflow/.local/lib/python3.7/site-packages/airflow/example_dags/example_latest_only_with_trigger.py
[2022-05-23 18:07:58,693] {logging_mixin.py:115} INFO - [2022-05-23 18:07:58,693] {dag.py:2371} INFO - Sync 1 DAGs
[2022-05-23 18:07:58,845] {logging_mixin.py:115} INFO - [2022-05-23 18:07:58,845] {dag.py:2919} INFO - Setting next_dagrun for latest_only_with_trigger to 2022-05-23T14:07:58.845226+00:00, run_after=2022-05-23T18:07:58.845226+00:00
[2022-05-23 18:07:58,875] {processor.py:161} INFO - Processing /home/airflow/.local/lib/python3.7/site-packages/airflow/example_dags/example_latest_only_with_trigger.py took 0.232 seconds
[2022-05-23 18:08:29,887] {processor.py:153} INFO - Started process (PID=588) to work on /home/airflow/.local/lib/python3.7/site-packages/airflow/example_dags/example_latest_only_with_trigger.py
[2022-05-23 18:08:29,888] {processor.py:641} INFO - Processing file /home/airflow/.local/lib/python3.7/site-packages/airflow/example_dags/example_latest_only_with_trigger.py for tasks to queue
[2022-05-23 18:08:29,888] {logging_mixin.py:115} INFO - [2022-05-23 18:08:29,888] {dagbag.py:507} INFO - Filling up the DagBag from /home/airflow/.local/lib/python3.7/site-packages/airflow/example_dags/example_latest_only_with_trigger.py
[2022-05-23 18:08:29,895] {processor.py:651} INFO - DAG(s) dict_keys(['latest_only_with_trigger']) retrieved from /home/airflow/.local/lib/python3.7/site-packages/airflow/example_dags/example_latest_only_with_trigger.py
[2022-05-23 18:08:29,940] {logging_mixin.py:115} INFO - [2022-05-23 18:08:29,940] {dag.py:2371} INFO - Sync 1 DAGs
[2022-05-23 18:08:30,121] {logging_mixin.py:115} INFO - [2022-05-23 18:08:30,121] {dag.py:2919} INFO - Setting next_dagrun for latest_only_with_trigger to 2022-05-23T14:08:30.121159+00:00, run_after=2022-05-23T18:08:30.121159+00:00
[2022-05-23 18:08:30,160] {processor.py:161} INFO - Processing /home/airflow/.local/lib/python3.7/site-packages/airflow/example_dags/example_latest_only_with_trigger.py took 0.277 seconds
[2022-05-23 18:09:02,011] {processor.py:153} INFO - Started process (PID=644) to work on /home/airflow/.local/lib/python3.7/site-packages/airflow/example_dags/example_latest_only_with_trigger.py
[2022-05-23 18:09:02,012] {processor.py:641} INFO - Processing file /home/airflow/.local/lib/python3.7/site-packages/airflow/example_dags/example_latest_only_with_trigger.py for tasks to queue
[2022-05-23 18:09:02,013] {logging_mixin.py:115} INFO - [2022-05-23 18:09:02,013] {dagbag.py:507} INFO - Filling up the DagBag from /home/airflow/.local/lib/python3.7/site-packages/airflow/example_dags/example_latest_only_with_trigger.py
[2022-05-23 18:09:02,019] {processor.py:651} INFO - DAG(s) dict_keys(['latest_only_with_trigger']) retrieved from /home/airflow/.local/lib/python3.7/site-packages/airflow/example_dags/example_latest_only_with_trigger.py
[2022-05-23 18:09:02,052] {logging_mixin.py:115} INFO - [2022-05-23 18:09:02,052] {dag.py:2371} INFO - Sync 1 DAGs
[2022-05-23 18:09:02,080] {logging_mixin.py:115} INFO - [2022-05-23 18:09:02,079] {dag.py:2919} INFO - Setting next_dagrun for latest_only_with_trigger to 2022-05-23T14:09:02.079491+00:00, run_after=2022-05-23T18:09:02.079491+00:00
[2022-05-23 18:09:02,109] {processor.py:161} INFO - Processing /home/airflow/.local/lib/python3.7/site-packages/airflow/example_dags/example_latest_only_with_trigger.py took 0.101 seconds
[2022-05-23 18:09:33,006] {processor.py:153} INFO - Started process (PID=698) to work on /home/airflow/.local/lib/python3.7/site-packages/airflow/example_dags/example_latest_only_with_trigger.py
[2022-05-23 18:09:33,014] {processor.py:641} INFO - Processing file /home/airflow/.local/lib/python3.7/site-packages/airflow/example_dags/example_latest_only_with_trigger.py for tasks to queue
[2022-05-23 18:09:33,014] {logging_mixin.py:115} INFO - [2022-05-23 18:09:33,014] {dagbag.py:507} INFO - Filling up the DagBag from /home/airflow/.local/lib/python3.7/site-packages/airflow/example_dags/example_latest_only_with_trigger.py
[2022-05-23 18:09:33,020] {processor.py:651} INFO - DAG(s) dict_keys(['latest_only_with_trigger']) retrieved from /home/airflow/.local/lib/python3.7/site-packages/airflow/example_dags/example_latest_only_with_trigger.py
[2022-05-23 18:09:33,053] {logging_mixin.py:115} INFO - [2022-05-23 18:09:33,053] {dag.py:2371} INFO - Sync 1 DAGs
[2022-05-23 18:09:33,081] {logging_mixin.py:115} INFO - [2022-05-23 18:09:33,081] {dag.py:2919} INFO - Setting next_dagrun for latest_only_with_trigger to 2022-05-23T14:09:33.081392+00:00, run_after=2022-05-23T18:09:33.081392+00:00
[2022-05-23 18:09:33,141] {processor.py:161} INFO - Processing /home/airflow/.local/lib/python3.7/site-packages/airflow/example_dags/example_latest_only_with_trigger.py took 0.138 seconds
[2022-05-23 18:10:04,226] {processor.py:153} INFO - Started process (PID=761) to work on /home/airflow/.local/lib/python3.7/site-packages/airflow/example_dags/example_latest_only_with_trigger.py
[2022-05-23 18:10:04,295] {processor.py:641} INFO - Processing file /home/airflow/.local/lib/python3.7/site-packages/airflow/example_dags/example_latest_only_with_trigger.py for tasks to queue
[2022-05-23 18:10:04,296] {logging_mixin.py:115} INFO - [2022-05-23 18:10:04,295] {dagbag.py:507} INFO - Filling up the DagBag from /home/airflow/.local/lib/python3.7/site-packages/airflow/example_dags/example_latest_only_with_trigger.py
[2022-05-23 18:10:04,303] {processor.py:651} INFO - DAG(s) dict_keys(['latest_only_with_trigger']) retrieved from /home/airflow/.local/lib/python3.7/site-packages/airflow/example_dags/example_latest_only_with_trigger.py
[2022-05-23 18:10:04,340] {logging_mixin.py:115} INFO - [2022-05-23 18:10:04,339] {dag.py:2371} INFO - Sync 1 DAGs
[2022-05-23 18:10:04,369] {logging_mixin.py:115} INFO - [2022-05-23 18:10:04,369] {dag.py:2919} INFO - Setting next_dagrun for latest_only_with_trigger to 2022-05-23T14:10:04.369123+00:00, run_after=2022-05-23T18:10:04.369123+00:00
[2022-05-23 18:10:04,480] {processor.py:161} INFO - Processing /home/airflow/.local/lib/python3.7/site-packages/airflow/example_dags/example_latest_only_with_trigger.py took 0.259 seconds
[2022-05-23 18:10:36,160] {processor.py:153} INFO - Started process (PID=815) to work on /home/airflow/.local/lib/python3.7/site-packages/airflow/example_dags/example_latest_only_with_trigger.py
[2022-05-23 18:10:36,254] {processor.py:641} INFO - Processing file /home/airflow/.local/lib/python3.7/site-packages/airflow/example_dags/example_latest_only_with_trigger.py for tasks to queue
[2022-05-23 18:10:36,254] {logging_mixin.py:115} INFO - [2022-05-23 18:10:36,254] {dagbag.py:507} INFO - Filling up the DagBag from /home/airflow/.local/lib/python3.7/site-packages/airflow/example_dags/example_latest_only_with_trigger.py
[2022-05-23 18:10:36,261] {processor.py:651} INFO - DAG(s) dict_keys(['latest_only_with_trigger']) retrieved from /home/airflow/.local/lib/python3.7/site-packages/airflow/example_dags/example_latest_only_with_trigger.py
[2022-05-23 18:10:36,292] {logging_mixin.py:115} INFO - [2022-05-23 18:10:36,292] {dag.py:2371} INFO - Sync 1 DAGs
[2022-05-23 18:10:36,318] {logging_mixin.py:115} INFO - [2022-05-23 18:10:36,318] {dag.py:2919} INFO - Setting next_dagrun for latest_only_with_trigger to 2022-05-23T14:10:36.317872+00:00, run_after=2022-05-23T18:10:36.317872+00:00
[2022-05-23 18:10:36,822] {processor.py:161} INFO - Processing /home/airflow/.local/lib/python3.7/site-packages/airflow/example_dags/example_latest_only_with_trigger.py took 0.665 seconds
[2022-05-23 18:11:06,926] {processor.py:153} INFO - Started process (PID=878) to work on /home/airflow/.local/lib/python3.7/site-packages/airflow/example_dags/example_latest_only_with_trigger.py
[2022-05-23 18:11:06,927] {processor.py:641} INFO - Processing file /home/airflow/.local/lib/python3.7/site-packages/airflow/example_dags/example_latest_only_with_trigger.py for tasks to queue
[2022-05-23 18:11:06,927] {logging_mixin.py:115} INFO - [2022-05-23 18:11:06,927] {dagbag.py:507} INFO - Filling up the DagBag from /home/airflow/.local/lib/python3.7/site-packages/airflow/example_dags/example_latest_only_with_trigger.py
[2022-05-23 18:11:06,935] {processor.py:651} INFO - DAG(s) dict_keys(['latest_only_with_trigger']) retrieved from /home/airflow/.local/lib/python3.7/site-packages/airflow/example_dags/example_latest_only_with_trigger.py
[2022-05-23 18:11:06,973] {logging_mixin.py:115} INFO - [2022-05-23 18:11:06,973] {dag.py:2371} INFO - Sync 1 DAGs
[2022-05-23 18:11:07,000] {logging_mixin.py:115} INFO - [2022-05-23 18:11:07,000] {dag.py:2919} INFO - Setting next_dagrun for latest_only_with_trigger to 2022-05-23T14:11:07.000225+00:00, run_after=2022-05-23T18:11:07.000225+00:00
[2022-05-23 18:11:07,031] {processor.py:161} INFO - Processing /home/airflow/.local/lib/python3.7/site-packages/airflow/example_dags/example_latest_only_with_trigger.py took 0.109 seconds
[2022-05-23 18:11:37,205] {processor.py:153} INFO - Started process (PID=930) to work on /home/airflow/.local/lib/python3.7/site-packages/airflow/example_dags/example_latest_only_with_trigger.py
[2022-05-23 18:11:37,206] {processor.py:641} INFO - Processing file /home/airflow/.local/lib/python3.7/site-packages/airflow/example_dags/example_latest_only_with_trigger.py for tasks to queue
[2022-05-23 18:11:37,206] {logging_mixin.py:115} INFO - [2022-05-23 18:11:37,206] {dagbag.py:507} INFO - Filling up the DagBag from /home/airflow/.local/lib/python3.7/site-packages/airflow/example_dags/example_latest_only_with_trigger.py
[2022-05-23 18:11:37,214] {processor.py:651} INFO - DAG(s) dict_keys(['latest_only_with_trigger']) retrieved from /home/airflow/.local/lib/python3.7/site-packages/airflow/example_dags/example_latest_only_with_trigger.py
[2022-05-23 18:11:37,249] {logging_mixin.py:115} INFO - [2022-05-23 18:11:37,249] {dag.py:2371} INFO - Sync 1 DAGs
[2022-05-23 18:11:37,282] {logging_mixin.py:115} INFO - [2022-05-23 18:11:37,282] {dag.py:2919} INFO - Setting next_dagrun for latest_only_with_trigger to 2022-05-23T14:11:37.282257+00:00, run_after=2022-05-23T18:11:37.282257+00:00
[2022-05-23 18:11:37,383] {processor.py:161} INFO - Processing /home/airflow/.local/lib/python3.7/site-packages/airflow/example_dags/example_latest_only_with_trigger.py took 0.181 seconds
[2022-05-23 18:12:08,643] {processor.py:153} INFO - Started process (PID=993) to work on /home/airflow/.local/lib/python3.7/site-packages/airflow/example_dags/example_latest_only_with_trigger.py
[2022-05-23 18:12:08,644] {processor.py:641} INFO - Processing file /home/airflow/.local/lib/python3.7/site-packages/airflow/example_dags/example_latest_only_with_trigger.py for tasks to queue
[2022-05-23 18:12:08,645] {logging_mixin.py:115} INFO - [2022-05-23 18:12:08,645] {dagbag.py:507} INFO - Filling up the DagBag from /home/airflow/.local/lib/python3.7/site-packages/airflow/example_dags/example_latest_only_with_trigger.py
[2022-05-23 18:12:08,653] {processor.py:651} INFO - DAG(s) dict_keys(['latest_only_with_trigger']) retrieved from /home/airflow/.local/lib/python3.7/site-packages/airflow/example_dags/example_latest_only_with_trigger.py
[2022-05-23 18:12:08,689] {logging_mixin.py:115} INFO - [2022-05-23 18:12:08,689] {dag.py:2371} INFO - Sync 1 DAGs
[2022-05-23 18:12:08,720] {logging_mixin.py:115} INFO - [2022-05-23 18:12:08,720] {dag.py:2919} INFO - Setting next_dagrun for latest_only_with_trigger to 2022-05-23T14:12:08.719920+00:00, run_after=2022-05-23T18:12:08.719920+00:00
[2022-05-23 18:12:08,767] {processor.py:161} INFO - Processing /home/airflow/.local/lib/python3.7/site-packages/airflow/example_dags/example_latest_only_with_trigger.py took 0.127 seconds
[2022-05-23 18:12:41,748] {processor.py:153} INFO - Started process (PID=1047) to work on /home/airflow/.local/lib/python3.7/site-packages/airflow/example_dags/example_latest_only_with_trigger.py
[2022-05-23 18:12:41,749] {processor.py:641} INFO - Processing file /home/airflow/.local/lib/python3.7/site-packages/airflow/example_dags/example_latest_only_with_trigger.py for tasks to queue
[2022-05-23 18:12:41,750] {logging_mixin.py:115} INFO - [2022-05-23 18:12:41,749] {dagbag.py:507} INFO - Filling up the DagBag from /home/airflow/.local/lib/python3.7/site-packages/airflow/example_dags/example_latest_only_with_trigger.py
[2022-05-23 18:12:41,756] {processor.py:651} INFO - DAG(s) dict_keys(['latest_only_with_trigger']) retrieved from /home/airflow/.local/lib/python3.7/site-packages/airflow/example_dags/example_latest_only_with_trigger.py
[2022-05-23 18:12:41,797] {logging_mixin.py:115} INFO - [2022-05-23 18:12:41,797] {dag.py:2371} INFO - Sync 1 DAGs
[2022-05-23 18:12:41,827] {logging_mixin.py:115} INFO - [2022-05-23 18:12:41,827] {dag.py:2919} INFO - Setting next_dagrun for latest_only_with_trigger to 2022-05-23T14:12:41.826888+00:00, run_after=2022-05-23T18:12:41.826888+00:00
[2022-05-23 18:12:42,000] {processor.py:161} INFO - Processing /home/airflow/.local/lib/python3.7/site-packages/airflow/example_dags/example_latest_only_with_trigger.py took 0.255 seconds
[2022-05-23 18:13:12,322] {processor.py:153} INFO - Started process (PID=1100) to work on /home/airflow/.local/lib/python3.7/site-packages/airflow/example_dags/example_latest_only_with_trigger.py
[2022-05-23 18:13:12,322] {processor.py:641} INFO - Processing file /home/airflow/.local/lib/python3.7/site-packages/airflow/example_dags/example_latest_only_with_trigger.py for tasks to queue
[2022-05-23 18:13:12,323] {logging_mixin.py:115} INFO - [2022-05-23 18:13:12,323] {dagbag.py:507} INFO - Filling up the DagBag from /home/airflow/.local/lib/python3.7/site-packages/airflow/example_dags/example_latest_only_with_trigger.py
[2022-05-23 18:13:12,329] {processor.py:651} INFO - DAG(s) dict_keys(['latest_only_with_trigger']) retrieved from /home/airflow/.local/lib/python3.7/site-packages/airflow/example_dags/example_latest_only_with_trigger.py
[2022-05-23 18:13:12,364] {logging_mixin.py:115} INFO - [2022-05-23 18:13:12,364] {dag.py:2371} INFO - Sync 1 DAGs
[2022-05-23 18:13:12,394] {logging_mixin.py:115} INFO - [2022-05-23 18:13:12,394] {dag.py:2919} INFO - Setting next_dagrun for latest_only_with_trigger to 2022-05-23T14:13:12.393794+00:00, run_after=2022-05-23T18:13:12.393794+00:00
[2022-05-23 18:13:12,419] {processor.py:161} INFO - Processing /home/airflow/.local/lib/python3.7/site-packages/airflow/example_dags/example_latest_only_with_trigger.py took 0.101 seconds
[2022-05-23 18:13:43,474] {processor.py:153} INFO - Started process (PID=1163) to work on /home/airflow/.local/lib/python3.7/site-packages/airflow/example_dags/example_latest_only_with_trigger.py
[2022-05-23 18:13:43,475] {processor.py:641} INFO - Processing file /home/airflow/.local/lib/python3.7/site-packages/airflow/example_dags/example_latest_only_with_trigger.py for tasks to queue
[2022-05-23 18:13:43,476] {logging_mixin.py:115} INFO - [2022-05-23 18:13:43,476] {dagbag.py:507} INFO - Filling up the DagBag from /home/airflow/.local/lib/python3.7/site-packages/airflow/example_dags/example_latest_only_with_trigger.py
[2022-05-23 18:13:43,484] {processor.py:651} INFO - DAG(s) dict_keys(['latest_only_with_trigger']) retrieved from /home/airflow/.local/lib/python3.7/site-packages/airflow/example_dags/example_latest_only_with_trigger.py
[2022-05-23 18:13:43,679] {logging_mixin.py:115} INFO - [2022-05-23 18:13:43,679] {dag.py:2371} INFO - Sync 1 DAGs
[2022-05-23 18:13:43,715] {logging_mixin.py:115} INFO - [2022-05-23 18:13:43,715] {dag.py:2919} INFO - Setting next_dagrun for latest_only_with_trigger to 2022-05-23T14:13:43.715107+00:00, run_after=2022-05-23T18:13:43.715107+00:00
[2022-05-23 18:13:43,771] {processor.py:161} INFO - Processing /home/airflow/.local/lib/python3.7/site-packages/airflow/example_dags/example_latest_only_with_trigger.py took 0.301 seconds
[2022-05-23 18:14:20,055] {processor.py:153} INFO - Started process (PID=1226) to work on /home/airflow/.local/lib/python3.7/site-packages/airflow/example_dags/example_latest_only_with_trigger.py
[2022-05-23 18:14:20,168] {processor.py:641} INFO - Processing file /home/airflow/.local/lib/python3.7/site-packages/airflow/example_dags/example_latest_only_with_trigger.py for tasks to queue
[2022-05-23 18:14:20,168] {logging_mixin.py:115} INFO - [2022-05-23 18:14:20,168] {dagbag.py:507} INFO - Filling up the DagBag from /home/airflow/.local/lib/python3.7/site-packages/airflow/example_dags/example_latest_only_with_trigger.py
[2022-05-23 18:14:20,174] {processor.py:651} INFO - DAG(s) dict_keys(['latest_only_with_trigger']) retrieved from /home/airflow/.local/lib/python3.7/site-packages/airflow/example_dags/example_latest_only_with_trigger.py
[2022-05-23 18:14:20,316] {logging_mixin.py:115} INFO - [2022-05-23 18:14:20,316] {dag.py:2371} INFO - Sync 1 DAGs
[2022-05-23 18:14:20,343] {logging_mixin.py:115} INFO - [2022-05-23 18:14:20,343] {dag.py:2919} INFO - Setting next_dagrun for latest_only_with_trigger to 2022-05-23T14:14:20.343497+00:00, run_after=2022-05-23T18:14:20.343497+00:00
[2022-05-23 18:14:20,583] {processor.py:161} INFO - Processing /home/airflow/.local/lib/python3.7/site-packages/airflow/example_dags/example_latest_only_with_trigger.py took 0.531 seconds
[2022-05-23 18:14:51,067] {processor.py:153} INFO - Started process (PID=1280) to work on /home/airflow/.local/lib/python3.7/site-packages/airflow/example_dags/example_latest_only_with_trigger.py
[2022-05-23 18:14:51,068] {processor.py:641} INFO - Processing file /home/airflow/.local/lib/python3.7/site-packages/airflow/example_dags/example_latest_only_with_trigger.py for tasks to queue
[2022-05-23 18:14:51,068] {logging_mixin.py:115} INFO - [2022-05-23 18:14:51,068] {dagbag.py:507} INFO - Filling up the DagBag from /home/airflow/.local/lib/python3.7/site-packages/airflow/example_dags/example_latest_only_with_trigger.py
[2022-05-23 18:14:51,078] {processor.py:651} INFO - DAG(s) dict_keys(['latest_only_with_trigger']) retrieved from /home/airflow/.local/lib/python3.7/site-packages/airflow/example_dags/example_latest_only_with_trigger.py
[2022-05-23 18:14:51,243] {logging_mixin.py:115} INFO - [2022-05-23 18:14:51,243] {dag.py:2371} INFO - Sync 1 DAGs
[2022-05-23 18:14:51,269] {logging_mixin.py:115} INFO - [2022-05-23 18:14:51,269] {dag.py:2919} INFO - Setting next_dagrun for latest_only_with_trigger to 2022-05-23T14:14:51.269225+00:00, run_after=2022-05-23T18:14:51.269225+00:00
[2022-05-23 18:14:51,300] {processor.py:161} INFO - Processing /home/airflow/.local/lib/python3.7/site-packages/airflow/example_dags/example_latest_only_with_trigger.py took 0.238 seconds
[2022-05-23 18:15:23,187] {processor.py:153} INFO - Started process (PID=1334) to work on /home/airflow/.local/lib/python3.7/site-packages/airflow/example_dags/example_latest_only_with_trigger.py
[2022-05-23 18:15:23,188] {processor.py:641} INFO - Processing file /home/airflow/.local/lib/python3.7/site-packages/airflow/example_dags/example_latest_only_with_trigger.py for tasks to queue
[2022-05-23 18:15:23,189] {logging_mixin.py:115} INFO - [2022-05-23 18:15:23,189] {dagbag.py:507} INFO - Filling up the DagBag from /home/airflow/.local/lib/python3.7/site-packages/airflow/example_dags/example_latest_only_with_trigger.py
[2022-05-23 18:15:23,197] {processor.py:651} INFO - DAG(s) dict_keys(['latest_only_with_trigger']) retrieved from /home/airflow/.local/lib/python3.7/site-packages/airflow/example_dags/example_latest_only_with_trigger.py
[2022-05-23 18:15:23,354] {logging_mixin.py:115} INFO - [2022-05-23 18:15:23,353] {dag.py:2371} INFO - Sync 1 DAGs
[2022-05-23 18:15:23,382] {logging_mixin.py:115} INFO - [2022-05-23 18:15:23,381] {dag.py:2919} INFO - Setting next_dagrun for latest_only_with_trigger to 2022-05-23T14:15:23.381715+00:00, run_after=2022-05-23T18:15:23.381715+00:00
[2022-05-23 18:15:23,421] {processor.py:161} INFO - Processing /home/airflow/.local/lib/python3.7/site-packages/airflow/example_dags/example_latest_only_with_trigger.py took 0.239 seconds
[2022-05-23 18:15:54,291] {processor.py:153} INFO - Started process (PID=1398) to work on /home/airflow/.local/lib/python3.7/site-packages/airflow/example_dags/example_latest_only_with_trigger.py
[2022-05-23 18:15:54,330] {processor.py:641} INFO - Processing file /home/airflow/.local/lib/python3.7/site-packages/airflow/example_dags/example_latest_only_with_trigger.py for tasks to queue
[2022-05-23 18:15:54,331] {logging_mixin.py:115} INFO - [2022-05-23 18:15:54,331] {dagbag.py:507} INFO - Filling up the DagBag from /home/airflow/.local/lib/python3.7/site-packages/airflow/example_dags/example_latest_only_with_trigger.py
[2022-05-23 18:15:54,340] {processor.py:651} INFO - DAG(s) dict_keys(['latest_only_with_trigger']) retrieved from /home/airflow/.local/lib/python3.7/site-packages/airflow/example_dags/example_latest_only_with_trigger.py
[2022-05-23 18:15:54,504] {logging_mixin.py:115} INFO - [2022-05-23 18:15:54,504] {dag.py:2371} INFO - Sync 1 DAGs
[2022-05-23 18:15:54,534] {logging_mixin.py:115} INFO - [2022-05-23 18:15:54,534] {dag.py:2919} INFO - Setting next_dagrun for latest_only_with_trigger to 2022-05-23T14:15:54.534066+00:00, run_after=2022-05-23T18:15:54.534066+00:00
[2022-05-23 18:15:54,681] {processor.py:161} INFO - Processing /home/airflow/.local/lib/python3.7/site-packages/airflow/example_dags/example_latest_only_with_trigger.py took 0.395 seconds
[2022-05-23 18:16:27,668] {processor.py:153} INFO - Started process (PID=1453) to work on /home/airflow/.local/lib/python3.7/site-packages/airflow/example_dags/example_latest_only_with_trigger.py
[2022-05-23 18:16:27,669] {processor.py:641} INFO - Processing file /home/airflow/.local/lib/python3.7/site-packages/airflow/example_dags/example_latest_only_with_trigger.py for tasks to queue
[2022-05-23 18:16:27,669] {logging_mixin.py:115} INFO - [2022-05-23 18:16:27,669] {dagbag.py:507} INFO - Filling up the DagBag from /home/airflow/.local/lib/python3.7/site-packages/airflow/example_dags/example_latest_only_with_trigger.py
[2022-05-23 18:16:27,676] {processor.py:651} INFO - DAG(s) dict_keys(['latest_only_with_trigger']) retrieved from /home/airflow/.local/lib/python3.7/site-packages/airflow/example_dags/example_latest_only_with_trigger.py
[2022-05-23 18:16:27,822] {logging_mixin.py:115} INFO - [2022-05-23 18:16:27,822] {dag.py:2371} INFO - Sync 1 DAGs
[2022-05-23 18:16:27,848] {logging_mixin.py:115} INFO - [2022-05-23 18:16:27,848] {dag.py:2919} INFO - Setting next_dagrun for latest_only_with_trigger to 2022-05-23T14:16:27.848165+00:00, run_after=2022-05-23T18:16:27.848165+00:00
[2022-05-23 18:16:28,257] {processor.py:161} INFO - Processing /home/airflow/.local/lib/python3.7/site-packages/airflow/example_dags/example_latest_only_with_trigger.py took 0.592 seconds
[2022-05-23 18:16:58,820] {processor.py:153} INFO - Started process (PID=1516) to work on /home/airflow/.local/lib/python3.7/site-packages/airflow/example_dags/example_latest_only_with_trigger.py
[2022-05-23 18:16:59,570] {processor.py:641} INFO - Processing file /home/airflow/.local/lib/python3.7/site-packages/airflow/example_dags/example_latest_only_with_trigger.py for tasks to queue
[2022-05-23 18:16:59,855] {logging_mixin.py:115} INFO - [2022-05-23 18:16:59,855] {dagbag.py:507} INFO - Filling up the DagBag from /home/airflow/.local/lib/python3.7/site-packages/airflow/example_dags/example_latest_only_with_trigger.py
[2022-05-23 18:16:59,864] {processor.py:651} INFO - DAG(s) dict_keys(['latest_only_with_trigger']) retrieved from /home/airflow/.local/lib/python3.7/site-packages/airflow/example_dags/example_latest_only_with_trigger.py
[2022-05-23 18:17:00,032] {logging_mixin.py:115} INFO - [2022-05-23 18:17:00,032] {dag.py:2371} INFO - Sync 1 DAGs
[2022-05-23 18:17:00,059] {logging_mixin.py:115} INFO - [2022-05-23 18:17:00,058] {dag.py:2919} INFO - Setting next_dagrun for latest_only_with_trigger to 2022-05-23T14:17:00.058686+00:00, run_after=2022-05-23T18:17:00.058686+00:00
[2022-05-23 18:17:00,305] {processor.py:161} INFO - Processing /home/airflow/.local/lib/python3.7/site-packages/airflow/example_dags/example_latest_only_with_trigger.py took 1.495 seconds
[2022-05-23 18:17:30,895] {processor.py:153} INFO - Started process (PID=1569) to work on /home/airflow/.local/lib/python3.7/site-packages/airflow/example_dags/example_latest_only_with_trigger.py
[2022-05-23 18:17:30,895] {processor.py:641} INFO - Processing file /home/airflow/.local/lib/python3.7/site-packages/airflow/example_dags/example_latest_only_with_trigger.py for tasks to queue
[2022-05-23 18:17:30,896] {logging_mixin.py:115} INFO - [2022-05-23 18:17:30,896] {dagbag.py:507} INFO - Filling up the DagBag from /home/airflow/.local/lib/python3.7/site-packages/airflow/example_dags/example_latest_only_with_trigger.py
[2022-05-23 18:17:30,905] {processor.py:651} INFO - DAG(s) dict_keys(['latest_only_with_trigger']) retrieved from /home/airflow/.local/lib/python3.7/site-packages/airflow/example_dags/example_latest_only_with_trigger.py
[2022-05-23 18:17:31,091] {logging_mixin.py:115} INFO - [2022-05-23 18:17:31,091] {dag.py:2371} INFO - Sync 1 DAGs
[2022-05-23 18:17:31,122] {logging_mixin.py:115} INFO - [2022-05-23 18:17:31,122] {dag.py:2919} INFO - Setting next_dagrun for latest_only_with_trigger to 2022-05-23T14:17:31.122075+00:00, run_after=2022-05-23T18:17:31.122075+00:00
[2022-05-23 18:17:31,478] {processor.py:161} INFO - Processing /home/airflow/.local/lib/python3.7/site-packages/airflow/example_dags/example_latest_only_with_trigger.py took 0.587 seconds
[2022-05-23 18:18:01,790] {processor.py:153} INFO - Started process (PID=1623) to work on /home/airflow/.local/lib/python3.7/site-packages/airflow/example_dags/example_latest_only_with_trigger.py
[2022-05-23 18:18:01,806] {processor.py:641} INFO - Processing file /home/airflow/.local/lib/python3.7/site-packages/airflow/example_dags/example_latest_only_with_trigger.py for tasks to queue
[2022-05-23 18:18:01,807] {logging_mixin.py:115} INFO - [2022-05-23 18:18:01,807] {dagbag.py:507} INFO - Filling up the DagBag from /home/airflow/.local/lib/python3.7/site-packages/airflow/example_dags/example_latest_only_with_trigger.py
[2022-05-23 18:18:01,815] {processor.py:651} INFO - DAG(s) dict_keys(['latest_only_with_trigger']) retrieved from /home/airflow/.local/lib/python3.7/site-packages/airflow/example_dags/example_latest_only_with_trigger.py
[2022-05-23 18:18:01,974] {logging_mixin.py:115} INFO - [2022-05-23 18:18:01,973] {dag.py:2371} INFO - Sync 1 DAGs
[2022-05-23 18:18:02,005] {logging_mixin.py:115} INFO - [2022-05-23 18:18:02,005] {dag.py:2919} INFO - Setting next_dagrun for latest_only_with_trigger to 2022-05-23T14:18:02.004974+00:00, run_after=2022-05-23T18:18:02.004974+00:00
[2022-05-23 18:18:03,196] {processor.py:161} INFO - Processing /home/airflow/.local/lib/python3.7/site-packages/airflow/example_dags/example_latest_only_with_trigger.py took 1.416 seconds
[2022-05-23 18:21:02,328] {processor.py:153} INFO - Started process (PID=75) to work on /home/airflow/.local/lib/python3.7/site-packages/airflow/example_dags/example_latest_only_with_trigger.py
[2022-05-23 18:21:02,358] {processor.py:641} INFO - Processing file /home/airflow/.local/lib/python3.7/site-packages/airflow/example_dags/example_latest_only_with_trigger.py for tasks to queue
[2022-05-23 18:21:02,360] {logging_mixin.py:115} INFO - [2022-05-23 18:21:02,359] {dagbag.py:507} INFO - Filling up the DagBag from /home/airflow/.local/lib/python3.7/site-packages/airflow/example_dags/example_latest_only_with_trigger.py
[2022-05-23 18:21:02,380] {processor.py:651} INFO - DAG(s) dict_keys(['latest_only_with_trigger']) retrieved from /home/airflow/.local/lib/python3.7/site-packages/airflow/example_dags/example_latest_only_with_trigger.py
[2022-05-23 18:21:02,463] {logging_mixin.py:115} INFO - [2022-05-23 18:21:02,462] {dag.py:2371} INFO - Sync 1 DAGs
[2022-05-23 18:21:02,662] {logging_mixin.py:115} INFO - [2022-05-23 18:21:02,662] {dag.py:2919} INFO - Setting next_dagrun for latest_only_with_trigger to 2022-05-23T14:21:02.662256+00:00, run_after=2022-05-23T18:21:02.662256+00:00
[2022-05-23 18:21:02,700] {processor.py:161} INFO - Processing /home/airflow/.local/lib/python3.7/site-packages/airflow/example_dags/example_latest_only_with_trigger.py took 0.379 seconds
[2022-05-23 18:21:33,727] {processor.py:153} INFO - Started process (PID=129) to work on /home/airflow/.local/lib/python3.7/site-packages/airflow/example_dags/example_latest_only_with_trigger.py
[2022-05-23 18:21:33,843] {processor.py:641} INFO - Processing file /home/airflow/.local/lib/python3.7/site-packages/airflow/example_dags/example_latest_only_with_trigger.py for tasks to queue
[2022-05-23 18:21:33,844] {logging_mixin.py:115} INFO - [2022-05-23 18:21:33,844] {dagbag.py:507} INFO - Filling up the DagBag from /home/airflow/.local/lib/python3.7/site-packages/airflow/example_dags/example_latest_only_with_trigger.py
[2022-05-23 18:21:33,865] {processor.py:651} INFO - DAG(s) dict_keys(['latest_only_with_trigger']) retrieved from /home/airflow/.local/lib/python3.7/site-packages/airflow/example_dags/example_latest_only_with_trigger.py
[2022-05-23 18:21:33,905] {logging_mixin.py:115} INFO - [2022-05-23 18:21:33,905] {dag.py:2371} INFO - Sync 1 DAGs
[2022-05-23 18:21:34,054] {logging_mixin.py:115} INFO - [2022-05-23 18:21:34,053] {dag.py:2919} INFO - Setting next_dagrun for latest_only_with_trigger to 2022-05-23T14:21:34.053740+00:00, run_after=2022-05-23T18:21:34.053740+00:00
[2022-05-23 18:21:34,149] {processor.py:161} INFO - Processing /home/airflow/.local/lib/python3.7/site-packages/airflow/example_dags/example_latest_only_with_trigger.py took 0.425 seconds
[2022-05-23 18:22:04,802] {processor.py:153} INFO - Started process (PID=187) to work on /home/airflow/.local/lib/python3.7/site-packages/airflow/example_dags/example_latest_only_with_trigger.py
[2022-05-23 18:22:04,803] {processor.py:641} INFO - Processing file /home/airflow/.local/lib/python3.7/site-packages/airflow/example_dags/example_latest_only_with_trigger.py for tasks to queue
[2022-05-23 18:22:04,804] {logging_mixin.py:115} INFO - [2022-05-23 18:22:04,804] {dagbag.py:507} INFO - Filling up the DagBag from /home/airflow/.local/lib/python3.7/site-packages/airflow/example_dags/example_latest_only_with_trigger.py
[2022-05-23 18:22:04,812] {processor.py:651} INFO - DAG(s) dict_keys(['latest_only_with_trigger']) retrieved from /home/airflow/.local/lib/python3.7/site-packages/airflow/example_dags/example_latest_only_with_trigger.py
[2022-05-23 18:22:04,860] {logging_mixin.py:115} INFO - [2022-05-23 18:22:04,860] {dag.py:2371} INFO - Sync 1 DAGs
[2022-05-23 18:22:05,045] {logging_mixin.py:115} INFO - [2022-05-23 18:22:05,045] {dag.py:2919} INFO - Setting next_dagrun for latest_only_with_trigger to 2022-05-23T14:22:05.044944+00:00, run_after=2022-05-23T18:22:05.044944+00:00
[2022-05-23 18:22:05,094] {processor.py:161} INFO - Processing /home/airflow/.local/lib/python3.7/site-packages/airflow/example_dags/example_latest_only_with_trigger.py took 0.295 seconds
[2022-05-23 18:22:36,720] {processor.py:153} INFO - Started process (PID=241) to work on /home/airflow/.local/lib/python3.7/site-packages/airflow/example_dags/example_latest_only_with_trigger.py
[2022-05-23 18:22:36,720] {processor.py:641} INFO - Processing file /home/airflow/.local/lib/python3.7/site-packages/airflow/example_dags/example_latest_only_with_trigger.py for tasks to queue
[2022-05-23 18:22:36,721] {logging_mixin.py:115} INFO - [2022-05-23 18:22:36,721] {dagbag.py:507} INFO - Filling up the DagBag from /home/airflow/.local/lib/python3.7/site-packages/airflow/example_dags/example_latest_only_with_trigger.py
[2022-05-23 18:22:36,730] {processor.py:651} INFO - DAG(s) dict_keys(['latest_only_with_trigger']) retrieved from /home/airflow/.local/lib/python3.7/site-packages/airflow/example_dags/example_latest_only_with_trigger.py
[2022-05-23 18:22:36,766] {logging_mixin.py:115} INFO - [2022-05-23 18:22:36,766] {dag.py:2371} INFO - Sync 1 DAGs
[2022-05-23 18:22:36,926] {logging_mixin.py:115} INFO - [2022-05-23 18:22:36,926] {dag.py:2919} INFO - Setting next_dagrun for latest_only_with_trigger to 2022-05-23T14:22:36.926536+00:00, run_after=2022-05-23T18:22:36.926536+00:00
[2022-05-23 18:22:36,962] {processor.py:161} INFO - Processing /home/airflow/.local/lib/python3.7/site-packages/airflow/example_dags/example_latest_only_with_trigger.py took 0.250 seconds
