[2022-05-23 17:09:47,131] {processor.py:153} INFO - Started process (PID=56) to work on /home/airflow/.local/lib/python3.7/site-packages/airflow/example_dags/example_branch_datetime_operator.py
[2022-05-23 17:09:47,132] {processor.py:641} INFO - Processing file /home/airflow/.local/lib/python3.7/site-packages/airflow/example_dags/example_branch_datetime_operator.py for tasks to queue
[2022-05-23 17:09:47,135] {logging_mixin.py:115} INFO - [2022-05-23 17:09:47,135] {dagbag.py:507} INFO - Filling up the DagBag from /home/airflow/.local/lib/python3.7/site-packages/airflow/example_dags/example_branch_datetime_operator.py
[2022-05-23 17:09:48,491] {processor.py:651} INFO - DAG(s) dict_keys(['example_branch_datetime_operator_2']) retrieved from /home/airflow/.local/lib/python3.7/site-packages/airflow/example_dags/example_branch_datetime_operator.py
[2022-05-23 17:09:51,657] {logging_mixin.py:115} INFO - [2022-05-23 17:09:51,657] {manager.py:508} INFO - Created Permission View: can read on DAG:example_branch_datetime_operator_2
[2022-05-23 17:09:52,305] {logging_mixin.py:115} INFO - [2022-05-23 17:09:52,305] {manager.py:508} INFO - Created Permission View: can edit on DAG:example_branch_datetime_operator_2
[2022-05-23 17:09:52,897] {logging_mixin.py:115} INFO - [2022-05-23 17:09:52,897] {manager.py:508} INFO - Created Permission View: can delete on DAG:example_branch_datetime_operator_2
[2022-05-23 17:09:52,905] {logging_mixin.py:115} INFO - [2022-05-23 17:09:52,905] {dag.py:2371} INFO - Sync 1 DAGs
[2022-05-23 17:09:52,921] {logging_mixin.py:115} INFO - [2022-05-23 17:09:52,921] {dag.py:2390} INFO - Creating ORM DAG for example_branch_datetime_operator_2
[2022-05-23 17:09:52,940] {logging_mixin.py:115} INFO - [2022-05-23 17:09:52,940] {dag.py:2919} INFO - Setting next_dagrun for example_branch_datetime_operator_2 to 2022-05-22T00:00:00+00:00, run_after=2022-05-23T00:00:00+00:00
[2022-05-23 17:09:54,023] {processor.py:161} INFO - Processing /home/airflow/.local/lib/python3.7/site-packages/airflow/example_dags/example_branch_datetime_operator.py took 6.895 seconds
[2022-05-23 17:10:28,339] {processor.py:153} INFO - Started process (PID=109) to work on /home/airflow/.local/lib/python3.7/site-packages/airflow/example_dags/example_branch_datetime_operator.py
[2022-05-23 17:10:28,343] {processor.py:641} INFO - Processing file /home/airflow/.local/lib/python3.7/site-packages/airflow/example_dags/example_branch_datetime_operator.py for tasks to queue
[2022-05-23 17:10:28,344] {logging_mixin.py:115} INFO - [2022-05-23 17:10:28,343] {dagbag.py:507} INFO - Filling up the DagBag from /home/airflow/.local/lib/python3.7/site-packages/airflow/example_dags/example_branch_datetime_operator.py
[2022-05-23 17:10:28,353] {processor.py:651} INFO - DAG(s) dict_keys(['example_branch_datetime_operator_2']) retrieved from /home/airflow/.local/lib/python3.7/site-packages/airflow/example_dags/example_branch_datetime_operator.py
[2022-05-23 17:10:28,381] {logging_mixin.py:115} INFO - [2022-05-23 17:10:28,381] {dag.py:2371} INFO - Sync 1 DAGs
[2022-05-23 17:10:28,411] {logging_mixin.py:115} INFO - [2022-05-23 17:10:28,411] {dag.py:2919} INFO - Setting next_dagrun for example_branch_datetime_operator_2 to 2022-05-22T00:00:00+00:00, run_after=2022-05-23T00:00:00+00:00
[2022-05-23 17:10:28,658] {processor.py:161} INFO - Processing /home/airflow/.local/lib/python3.7/site-packages/airflow/example_dags/example_branch_datetime_operator.py took 0.322 seconds
[2022-05-23 17:10:59,133] {processor.py:153} INFO - Started process (PID=167) to work on /home/airflow/.local/lib/python3.7/site-packages/airflow/example_dags/example_branch_datetime_operator.py
[2022-05-23 17:10:59,135] {processor.py:641} INFO - Processing file /home/airflow/.local/lib/python3.7/site-packages/airflow/example_dags/example_branch_datetime_operator.py for tasks to queue
[2022-05-23 17:10:59,137] {logging_mixin.py:115} INFO - [2022-05-23 17:10:59,137] {dagbag.py:507} INFO - Filling up the DagBag from /home/airflow/.local/lib/python3.7/site-packages/airflow/example_dags/example_branch_datetime_operator.py
[2022-05-23 17:10:59,159] {processor.py:651} INFO - DAG(s) dict_keys(['example_branch_datetime_operator_2']) retrieved from /home/airflow/.local/lib/python3.7/site-packages/airflow/example_dags/example_branch_datetime_operator.py
[2022-05-23 17:10:59,219] {logging_mixin.py:115} INFO - [2022-05-23 17:10:59,219] {dag.py:2371} INFO - Sync 1 DAGs
[2022-05-23 17:10:59,256] {logging_mixin.py:115} INFO - [2022-05-23 17:10:59,255] {dag.py:2919} INFO - Setting next_dagrun for example_branch_datetime_operator_2 to 2022-05-22T00:00:00+00:00, run_after=2022-05-23T00:00:00+00:00
[2022-05-23 17:10:59,946] {processor.py:161} INFO - Processing /home/airflow/.local/lib/python3.7/site-packages/airflow/example_dags/example_branch_datetime_operator.py took 0.823 seconds
[2022-05-23 17:11:29,992] {processor.py:153} INFO - Started process (PID=218) to work on /home/airflow/.local/lib/python3.7/site-packages/airflow/example_dags/example_branch_datetime_operator.py
[2022-05-23 17:11:29,994] {processor.py:641} INFO - Processing file /home/airflow/.local/lib/python3.7/site-packages/airflow/example_dags/example_branch_datetime_operator.py for tasks to queue
[2022-05-23 17:11:29,994] {logging_mixin.py:115} INFO - [2022-05-23 17:11:29,994] {dagbag.py:507} INFO - Filling up the DagBag from /home/airflow/.local/lib/python3.7/site-packages/airflow/example_dags/example_branch_datetime_operator.py
[2022-05-23 17:11:30,002] {processor.py:651} INFO - DAG(s) dict_keys(['example_branch_datetime_operator_2']) retrieved from /home/airflow/.local/lib/python3.7/site-packages/airflow/example_dags/example_branch_datetime_operator.py
[2022-05-23 17:11:30,033] {logging_mixin.py:115} INFO - [2022-05-23 17:11:30,033] {dag.py:2371} INFO - Sync 1 DAGs
[2022-05-23 17:11:30,069] {logging_mixin.py:115} INFO - [2022-05-23 17:11:30,069] {dag.py:2919} INFO - Setting next_dagrun for example_branch_datetime_operator_2 to 2022-05-22T00:00:00+00:00, run_after=2022-05-23T00:00:00+00:00
[2022-05-23 17:11:30,224] {processor.py:161} INFO - Processing /home/airflow/.local/lib/python3.7/site-packages/airflow/example_dags/example_branch_datetime_operator.py took 0.235 seconds
[2022-05-23 17:28:16,606] {processor.py:153} INFO - Started process (PID=56) to work on /home/airflow/.local/lib/python3.7/site-packages/airflow/example_dags/example_branch_datetime_operator.py
[2022-05-23 17:28:16,725] {processor.py:641} INFO - Processing file /home/airflow/.local/lib/python3.7/site-packages/airflow/example_dags/example_branch_datetime_operator.py for tasks to queue
[2022-05-23 17:28:16,727] {logging_mixin.py:115} INFO - [2022-05-23 17:28:16,727] {dagbag.py:507} INFO - Filling up the DagBag from /home/airflow/.local/lib/python3.7/site-packages/airflow/example_dags/example_branch_datetime_operator.py
[2022-05-23 17:28:17,277] {processor.py:651} INFO - DAG(s) dict_keys(['example_branch_datetime_operator_2']) retrieved from /home/airflow/.local/lib/python3.7/site-packages/airflow/example_dags/example_branch_datetime_operator.py
[2022-05-23 17:28:18,323] {logging_mixin.py:115} INFO - [2022-05-23 17:28:18,323] {dag.py:2371} INFO - Sync 1 DAGs
[2022-05-23 17:28:18,360] {logging_mixin.py:115} INFO - [2022-05-23 17:28:18,360] {dag.py:2919} INFO - Setting next_dagrun for example_branch_datetime_operator_2 to 2022-05-22T00:00:00+00:00, run_after=2022-05-23T00:00:00+00:00
[2022-05-23 17:28:19,027] {processor.py:161} INFO - Processing /home/airflow/.local/lib/python3.7/site-packages/airflow/example_dags/example_branch_datetime_operator.py took 2.424 seconds
[2022-05-23 17:28:49,784] {processor.py:153} INFO - Started process (PID=111) to work on /home/airflow/.local/lib/python3.7/site-packages/airflow/example_dags/example_branch_datetime_operator.py
[2022-05-23 17:28:49,785] {processor.py:641} INFO - Processing file /home/airflow/.local/lib/python3.7/site-packages/airflow/example_dags/example_branch_datetime_operator.py for tasks to queue
[2022-05-23 17:28:49,785] {logging_mixin.py:115} INFO - [2022-05-23 17:28:49,785] {dagbag.py:507} INFO - Filling up the DagBag from /home/airflow/.local/lib/python3.7/site-packages/airflow/example_dags/example_branch_datetime_operator.py
[2022-05-23 17:28:49,793] {processor.py:651} INFO - DAG(s) dict_keys(['example_branch_datetime_operator_2']) retrieved from /home/airflow/.local/lib/python3.7/site-packages/airflow/example_dags/example_branch_datetime_operator.py
[2022-05-23 17:28:49,823] {logging_mixin.py:115} INFO - [2022-05-23 17:28:49,823] {dag.py:2371} INFO - Sync 1 DAGs
[2022-05-23 17:28:49,864] {logging_mixin.py:115} INFO - [2022-05-23 17:28:49,864] {dag.py:2919} INFO - Setting next_dagrun for example_branch_datetime_operator_2 to 2022-05-22T00:00:00+00:00, run_after=2022-05-23T00:00:00+00:00
[2022-05-23 17:28:50,538] {processor.py:161} INFO - Processing /home/airflow/.local/lib/python3.7/site-packages/airflow/example_dags/example_branch_datetime_operator.py took 0.756 seconds
[2022-05-23 17:29:20,943] {processor.py:153} INFO - Started process (PID=164) to work on /home/airflow/.local/lib/python3.7/site-packages/airflow/example_dags/example_branch_datetime_operator.py
[2022-05-23 17:29:20,944] {processor.py:641} INFO - Processing file /home/airflow/.local/lib/python3.7/site-packages/airflow/example_dags/example_branch_datetime_operator.py for tasks to queue
[2022-05-23 17:29:20,946] {logging_mixin.py:115} INFO - [2022-05-23 17:29:20,945] {dagbag.py:507} INFO - Filling up the DagBag from /home/airflow/.local/lib/python3.7/site-packages/airflow/example_dags/example_branch_datetime_operator.py
[2022-05-23 17:29:20,964] {processor.py:651} INFO - DAG(s) dict_keys(['example_branch_datetime_operator_2']) retrieved from /home/airflow/.local/lib/python3.7/site-packages/airflow/example_dags/example_branch_datetime_operator.py
[2022-05-23 17:29:20,994] {logging_mixin.py:115} INFO - [2022-05-23 17:29:20,994] {dag.py:2371} INFO - Sync 1 DAGs
[2022-05-23 17:29:21,027] {logging_mixin.py:115} INFO - [2022-05-23 17:29:21,027] {dag.py:2919} INFO - Setting next_dagrun for example_branch_datetime_operator_2 to 2022-05-22T00:00:00+00:00, run_after=2022-05-23T00:00:00+00:00
[2022-05-23 17:29:21,695] {processor.py:161} INFO - Processing /home/airflow/.local/lib/python3.7/site-packages/airflow/example_dags/example_branch_datetime_operator.py took 0.761 seconds
[2022-05-23 17:29:51,864] {processor.py:153} INFO - Started process (PID=229) to work on /home/airflow/.local/lib/python3.7/site-packages/airflow/example_dags/example_branch_datetime_operator.py
[2022-05-23 17:29:52,771] {processor.py:641} INFO - Processing file /home/airflow/.local/lib/python3.7/site-packages/airflow/example_dags/example_branch_datetime_operator.py for tasks to queue
[2022-05-23 17:29:52,773] {logging_mixin.py:115} INFO - [2022-05-23 17:29:52,772] {dagbag.py:507} INFO - Filling up the DagBag from /home/airflow/.local/lib/python3.7/site-packages/airflow/example_dags/example_branch_datetime_operator.py
[2022-05-23 17:29:52,798] {processor.py:651} INFO - DAG(s) dict_keys(['example_branch_datetime_operator_2']) retrieved from /home/airflow/.local/lib/python3.7/site-packages/airflow/example_dags/example_branch_datetime_operator.py
[2022-05-23 17:29:52,867] {logging_mixin.py:115} INFO - [2022-05-23 17:29:52,867] {dag.py:2371} INFO - Sync 1 DAGs
[2022-05-23 17:29:52,952] {logging_mixin.py:115} INFO - [2022-05-23 17:29:52,952] {dag.py:2919} INFO - Setting next_dagrun for example_branch_datetime_operator_2 to 2022-05-22T00:00:00+00:00, run_after=2022-05-23T00:00:00+00:00
[2022-05-23 17:29:53,899] {processor.py:161} INFO - Processing /home/airflow/.local/lib/python3.7/site-packages/airflow/example_dags/example_branch_datetime_operator.py took 2.041 seconds
[2022-05-23 17:30:24,168] {processor.py:153} INFO - Started process (PID=282) to work on /home/airflow/.local/lib/python3.7/site-packages/airflow/example_dags/example_branch_datetime_operator.py
[2022-05-23 17:30:24,169] {processor.py:641} INFO - Processing file /home/airflow/.local/lib/python3.7/site-packages/airflow/example_dags/example_branch_datetime_operator.py for tasks to queue
[2022-05-23 17:30:24,169] {logging_mixin.py:115} INFO - [2022-05-23 17:30:24,169] {dagbag.py:507} INFO - Filling up the DagBag from /home/airflow/.local/lib/python3.7/site-packages/airflow/example_dags/example_branch_datetime_operator.py
[2022-05-23 17:30:24,179] {processor.py:651} INFO - DAG(s) dict_keys(['example_branch_datetime_operator_2']) retrieved from /home/airflow/.local/lib/python3.7/site-packages/airflow/example_dags/example_branch_datetime_operator.py
[2022-05-23 17:30:24,215] {logging_mixin.py:115} INFO - [2022-05-23 17:30:24,215] {dag.py:2371} INFO - Sync 1 DAGs
[2022-05-23 17:30:24,248] {logging_mixin.py:115} INFO - [2022-05-23 17:30:24,248] {dag.py:2919} INFO - Setting next_dagrun for example_branch_datetime_operator_2 to 2022-05-22T00:00:00+00:00, run_after=2022-05-23T00:00:00+00:00
[2022-05-23 17:30:24,392] {processor.py:161} INFO - Processing /home/airflow/.local/lib/python3.7/site-packages/airflow/example_dags/example_branch_datetime_operator.py took 0.231 seconds
[2022-05-23 17:30:55,223] {processor.py:153} INFO - Started process (PID=336) to work on /home/airflow/.local/lib/python3.7/site-packages/airflow/example_dags/example_branch_datetime_operator.py
[2022-05-23 17:30:55,224] {processor.py:641} INFO - Processing file /home/airflow/.local/lib/python3.7/site-packages/airflow/example_dags/example_branch_datetime_operator.py for tasks to queue
[2022-05-23 17:30:55,224] {logging_mixin.py:115} INFO - [2022-05-23 17:30:55,224] {dagbag.py:507} INFO - Filling up the DagBag from /home/airflow/.local/lib/python3.7/site-packages/airflow/example_dags/example_branch_datetime_operator.py
[2022-05-23 17:30:55,235] {processor.py:651} INFO - DAG(s) dict_keys(['example_branch_datetime_operator_2']) retrieved from /home/airflow/.local/lib/python3.7/site-packages/airflow/example_dags/example_branch_datetime_operator.py
[2022-05-23 17:30:55,269] {logging_mixin.py:115} INFO - [2022-05-23 17:30:55,269] {dag.py:2371} INFO - Sync 1 DAGs
[2022-05-23 17:30:55,303] {logging_mixin.py:115} INFO - [2022-05-23 17:30:55,303] {dag.py:2919} INFO - Setting next_dagrun for example_branch_datetime_operator_2 to 2022-05-22T00:00:00+00:00, run_after=2022-05-23T00:00:00+00:00
[2022-05-23 17:30:57,293] {processor.py:161} INFO - Processing /home/airflow/.local/lib/python3.7/site-packages/airflow/example_dags/example_branch_datetime_operator.py took 2.073 seconds
[2022-05-23 17:31:28,067] {processor.py:153} INFO - Started process (PID=401) to work on /home/airflow/.local/lib/python3.7/site-packages/airflow/example_dags/example_branch_datetime_operator.py
[2022-05-23 17:31:28,512] {processor.py:641} INFO - Processing file /home/airflow/.local/lib/python3.7/site-packages/airflow/example_dags/example_branch_datetime_operator.py for tasks to queue
[2022-05-23 17:31:28,555] {logging_mixin.py:115} INFO - [2022-05-23 17:31:28,555] {dagbag.py:507} INFO - Filling up the DagBag from /home/airflow/.local/lib/python3.7/site-packages/airflow/example_dags/example_branch_datetime_operator.py
[2022-05-23 17:31:28,581] {processor.py:651} INFO - DAG(s) dict_keys(['example_branch_datetime_operator_2']) retrieved from /home/airflow/.local/lib/python3.7/site-packages/airflow/example_dags/example_branch_datetime_operator.py
[2022-05-23 17:31:28,614] {logging_mixin.py:115} INFO - [2022-05-23 17:31:28,614] {dag.py:2371} INFO - Sync 1 DAGs
[2022-05-23 17:31:28,650] {logging_mixin.py:115} INFO - [2022-05-23 17:31:28,650] {dag.py:2919} INFO - Setting next_dagrun for example_branch_datetime_operator_2 to 2022-05-22T00:00:00+00:00, run_after=2022-05-23T00:00:00+00:00
[2022-05-23 17:31:29,028] {processor.py:161} INFO - Processing /home/airflow/.local/lib/python3.7/site-packages/airflow/example_dags/example_branch_datetime_operator.py took 0.970 seconds
[2022-05-23 17:31:59,367] {processor.py:153} INFO - Started process (PID=453) to work on /home/airflow/.local/lib/python3.7/site-packages/airflow/example_dags/example_branch_datetime_operator.py
[2022-05-23 17:31:59,369] {processor.py:641} INFO - Processing file /home/airflow/.local/lib/python3.7/site-packages/airflow/example_dags/example_branch_datetime_operator.py for tasks to queue
[2022-05-23 17:31:59,370] {logging_mixin.py:115} INFO - [2022-05-23 17:31:59,370] {dagbag.py:507} INFO - Filling up the DagBag from /home/airflow/.local/lib/python3.7/site-packages/airflow/example_dags/example_branch_datetime_operator.py
[2022-05-23 17:31:59,381] {processor.py:651} INFO - DAG(s) dict_keys(['example_branch_datetime_operator_2']) retrieved from /home/airflow/.local/lib/python3.7/site-packages/airflow/example_dags/example_branch_datetime_operator.py
[2022-05-23 17:31:59,427] {logging_mixin.py:115} INFO - [2022-05-23 17:31:59,427] {dag.py:2371} INFO - Sync 1 DAGs
[2022-05-23 17:31:59,480] {logging_mixin.py:115} INFO - [2022-05-23 17:31:59,480] {dag.py:2919} INFO - Setting next_dagrun for example_branch_datetime_operator_2 to 2022-05-22T00:00:00+00:00, run_after=2022-05-23T00:00:00+00:00
[2022-05-23 17:32:00,739] {processor.py:161} INFO - Processing /home/airflow/.local/lib/python3.7/site-packages/airflow/example_dags/example_branch_datetime_operator.py took 1.375 seconds
[2022-05-23 17:32:30,827] {processor.py:153} INFO - Started process (PID=517) to work on /home/airflow/.local/lib/python3.7/site-packages/airflow/example_dags/example_branch_datetime_operator.py
[2022-05-23 17:32:30,828] {processor.py:641} INFO - Processing file /home/airflow/.local/lib/python3.7/site-packages/airflow/example_dags/example_branch_datetime_operator.py for tasks to queue
[2022-05-23 17:32:30,829] {logging_mixin.py:115} INFO - [2022-05-23 17:32:30,828] {dagbag.py:507} INFO - Filling up the DagBag from /home/airflow/.local/lib/python3.7/site-packages/airflow/example_dags/example_branch_datetime_operator.py
[2022-05-23 17:32:30,839] {processor.py:651} INFO - DAG(s) dict_keys(['example_branch_datetime_operator_2']) retrieved from /home/airflow/.local/lib/python3.7/site-packages/airflow/example_dags/example_branch_datetime_operator.py
[2022-05-23 17:32:30,870] {logging_mixin.py:115} INFO - [2022-05-23 17:32:30,870] {dag.py:2371} INFO - Sync 1 DAGs
[2022-05-23 17:32:30,904] {logging_mixin.py:115} INFO - [2022-05-23 17:32:30,904] {dag.py:2919} INFO - Setting next_dagrun for example_branch_datetime_operator_2 to 2022-05-22T00:00:00+00:00, run_after=2022-05-23T00:00:00+00:00
[2022-05-23 17:32:31,055] {processor.py:161} INFO - Processing /home/airflow/.local/lib/python3.7/site-packages/airflow/example_dags/example_branch_datetime_operator.py took 0.231 seconds
[2022-05-23 17:33:01,087] {processor.py:153} INFO - Started process (PID=571) to work on /home/airflow/.local/lib/python3.7/site-packages/airflow/example_dags/example_branch_datetime_operator.py
[2022-05-23 17:33:01,087] {processor.py:641} INFO - Processing file /home/airflow/.local/lib/python3.7/site-packages/airflow/example_dags/example_branch_datetime_operator.py for tasks to queue
[2022-05-23 17:33:01,088] {logging_mixin.py:115} INFO - [2022-05-23 17:33:01,088] {dagbag.py:507} INFO - Filling up the DagBag from /home/airflow/.local/lib/python3.7/site-packages/airflow/example_dags/example_branch_datetime_operator.py
[2022-05-23 17:33:01,096] {processor.py:651} INFO - DAG(s) dict_keys(['example_branch_datetime_operator_2']) retrieved from /home/airflow/.local/lib/python3.7/site-packages/airflow/example_dags/example_branch_datetime_operator.py
[2022-05-23 17:33:01,123] {logging_mixin.py:115} INFO - [2022-05-23 17:33:01,123] {dag.py:2371} INFO - Sync 1 DAGs
[2022-05-23 17:33:01,153] {logging_mixin.py:115} INFO - [2022-05-23 17:33:01,153] {dag.py:2919} INFO - Setting next_dagrun for example_branch_datetime_operator_2 to 2022-05-22T00:00:00+00:00, run_after=2022-05-23T00:00:00+00:00
[2022-05-23 17:33:02,040] {processor.py:161} INFO - Processing /home/airflow/.local/lib/python3.7/site-packages/airflow/example_dags/example_branch_datetime_operator.py took 0.956 seconds
[2022-05-23 17:33:32,544] {processor.py:153} INFO - Started process (PID=636) to work on /home/airflow/.local/lib/python3.7/site-packages/airflow/example_dags/example_branch_datetime_operator.py
[2022-05-23 17:33:32,546] {processor.py:641} INFO - Processing file /home/airflow/.local/lib/python3.7/site-packages/airflow/example_dags/example_branch_datetime_operator.py for tasks to queue
[2022-05-23 17:33:32,548] {logging_mixin.py:115} INFO - [2022-05-23 17:33:32,548] {dagbag.py:507} INFO - Filling up the DagBag from /home/airflow/.local/lib/python3.7/site-packages/airflow/example_dags/example_branch_datetime_operator.py
[2022-05-23 17:33:32,568] {processor.py:651} INFO - DAG(s) dict_keys(['example_branch_datetime_operator_2']) retrieved from /home/airflow/.local/lib/python3.7/site-packages/airflow/example_dags/example_branch_datetime_operator.py
[2022-05-23 17:33:32,607] {logging_mixin.py:115} INFO - [2022-05-23 17:33:32,607] {dag.py:2371} INFO - Sync 1 DAGs
[2022-05-23 17:33:32,753] {logging_mixin.py:115} INFO - [2022-05-23 17:33:32,753] {dag.py:2919} INFO - Setting next_dagrun for example_branch_datetime_operator_2 to 2022-05-22T00:00:00+00:00, run_after=2022-05-23T00:00:00+00:00
[2022-05-23 17:33:32,786] {processor.py:161} INFO - Processing /home/airflow/.local/lib/python3.7/site-packages/airflow/example_dags/example_branch_datetime_operator.py took 0.252 seconds
[2022-05-23 17:34:02,926] {processor.py:153} INFO - Started process (PID=690) to work on /home/airflow/.local/lib/python3.7/site-packages/airflow/example_dags/example_branch_datetime_operator.py
[2022-05-23 17:34:02,975] {processor.py:641} INFO - Processing file /home/airflow/.local/lib/python3.7/site-packages/airflow/example_dags/example_branch_datetime_operator.py for tasks to queue
[2022-05-23 17:34:02,977] {logging_mixin.py:115} INFO - [2022-05-23 17:34:02,976] {dagbag.py:507} INFO - Filling up the DagBag from /home/airflow/.local/lib/python3.7/site-packages/airflow/example_dags/example_branch_datetime_operator.py
[2022-05-23 17:34:02,997] {processor.py:651} INFO - DAG(s) dict_keys(['example_branch_datetime_operator_2']) retrieved from /home/airflow/.local/lib/python3.7/site-packages/airflow/example_dags/example_branch_datetime_operator.py
[2022-05-23 17:34:03,028] {logging_mixin.py:115} INFO - [2022-05-23 17:34:03,028] {dag.py:2371} INFO - Sync 1 DAGs
[2022-05-23 17:34:03,177] {logging_mixin.py:115} INFO - [2022-05-23 17:34:03,177] {dag.py:2919} INFO - Setting next_dagrun for example_branch_datetime_operator_2 to 2022-05-22T00:00:00+00:00, run_after=2022-05-23T00:00:00+00:00
[2022-05-23 17:34:03,442] {processor.py:161} INFO - Processing /home/airflow/.local/lib/python3.7/site-packages/airflow/example_dags/example_branch_datetime_operator.py took 0.529 seconds
[2022-05-23 17:34:34,237] {processor.py:153} INFO - Started process (PID=756) to work on /home/airflow/.local/lib/python3.7/site-packages/airflow/example_dags/example_branch_datetime_operator.py
[2022-05-23 17:34:34,372] {processor.py:641} INFO - Processing file /home/airflow/.local/lib/python3.7/site-packages/airflow/example_dags/example_branch_datetime_operator.py for tasks to queue
[2022-05-23 17:34:34,374] {logging_mixin.py:115} INFO - [2022-05-23 17:34:34,374] {dagbag.py:507} INFO - Filling up the DagBag from /home/airflow/.local/lib/python3.7/site-packages/airflow/example_dags/example_branch_datetime_operator.py
[2022-05-23 17:34:34,396] {processor.py:651} INFO - DAG(s) dict_keys(['example_branch_datetime_operator_2']) retrieved from /home/airflow/.local/lib/python3.7/site-packages/airflow/example_dags/example_branch_datetime_operator.py
[2022-05-23 17:34:34,438] {logging_mixin.py:115} INFO - [2022-05-23 17:34:34,438] {dag.py:2371} INFO - Sync 1 DAGs
[2022-05-23 17:34:34,578] {logging_mixin.py:115} INFO - [2022-05-23 17:34:34,578] {dag.py:2919} INFO - Setting next_dagrun for example_branch_datetime_operator_2 to 2022-05-22T00:00:00+00:00, run_after=2022-05-23T00:00:00+00:00
[2022-05-23 17:34:34,885] {processor.py:161} INFO - Processing /home/airflow/.local/lib/python3.7/site-packages/airflow/example_dags/example_branch_datetime_operator.py took 0.656 seconds
[2022-05-23 17:35:04,958] {processor.py:153} INFO - Started process (PID=810) to work on /home/airflow/.local/lib/python3.7/site-packages/airflow/example_dags/example_branch_datetime_operator.py
[2022-05-23 17:35:06,348] {processor.py:641} INFO - Processing file /home/airflow/.local/lib/python3.7/site-packages/airflow/example_dags/example_branch_datetime_operator.py for tasks to queue
[2022-05-23 17:35:06,512] {logging_mixin.py:115} INFO - [2022-05-23 17:35:06,512] {dagbag.py:507} INFO - Filling up the DagBag from /home/airflow/.local/lib/python3.7/site-packages/airflow/example_dags/example_branch_datetime_operator.py
[2022-05-23 17:35:06,525] {processor.py:651} INFO - DAG(s) dict_keys(['example_branch_datetime_operator_2']) retrieved from /home/airflow/.local/lib/python3.7/site-packages/airflow/example_dags/example_branch_datetime_operator.py
[2022-05-23 17:35:06,560] {logging_mixin.py:115} INFO - [2022-05-23 17:35:06,559] {dag.py:2371} INFO - Sync 1 DAGs
[2022-05-23 17:35:06,711] {logging_mixin.py:115} INFO - [2022-05-23 17:35:06,711] {dag.py:2919} INFO - Setting next_dagrun for example_branch_datetime_operator_2 to 2022-05-22T00:00:00+00:00, run_after=2022-05-23T00:00:00+00:00
[2022-05-23 17:35:06,937] {processor.py:161} INFO - Processing /home/airflow/.local/lib/python3.7/site-packages/airflow/example_dags/example_branch_datetime_operator.py took 1.982 seconds
[2022-05-23 17:35:37,524] {processor.py:153} INFO - Started process (PID=874) to work on /home/airflow/.local/lib/python3.7/site-packages/airflow/example_dags/example_branch_datetime_operator.py
[2022-05-23 17:35:37,525] {processor.py:641} INFO - Processing file /home/airflow/.local/lib/python3.7/site-packages/airflow/example_dags/example_branch_datetime_operator.py for tasks to queue
[2022-05-23 17:35:37,525] {logging_mixin.py:115} INFO - [2022-05-23 17:35:37,525] {dagbag.py:507} INFO - Filling up the DagBag from /home/airflow/.local/lib/python3.7/site-packages/airflow/example_dags/example_branch_datetime_operator.py
[2022-05-23 17:35:37,533] {processor.py:651} INFO - DAG(s) dict_keys(['example_branch_datetime_operator_2']) retrieved from /home/airflow/.local/lib/python3.7/site-packages/airflow/example_dags/example_branch_datetime_operator.py
[2022-05-23 17:35:37,564] {logging_mixin.py:115} INFO - [2022-05-23 17:35:37,564] {dag.py:2371} INFO - Sync 1 DAGs
[2022-05-23 17:35:37,720] {logging_mixin.py:115} INFO - [2022-05-23 17:35:37,719] {dag.py:2919} INFO - Setting next_dagrun for example_branch_datetime_operator_2 to 2022-05-22T00:00:00+00:00, run_after=2022-05-23T00:00:00+00:00
[2022-05-23 17:35:37,768] {processor.py:161} INFO - Processing /home/airflow/.local/lib/python3.7/site-packages/airflow/example_dags/example_branch_datetime_operator.py took 0.248 seconds
[2022-05-23 17:36:08,206] {processor.py:153} INFO - Started process (PID=928) to work on /home/airflow/.local/lib/python3.7/site-packages/airflow/example_dags/example_branch_datetime_operator.py
[2022-05-23 17:36:08,207] {processor.py:641} INFO - Processing file /home/airflow/.local/lib/python3.7/site-packages/airflow/example_dags/example_branch_datetime_operator.py for tasks to queue
[2022-05-23 17:36:08,209] {logging_mixin.py:115} INFO - [2022-05-23 17:36:08,208] {dagbag.py:507} INFO - Filling up the DagBag from /home/airflow/.local/lib/python3.7/site-packages/airflow/example_dags/example_branch_datetime_operator.py
[2022-05-23 17:36:08,226] {processor.py:651} INFO - DAG(s) dict_keys(['example_branch_datetime_operator_2']) retrieved from /home/airflow/.local/lib/python3.7/site-packages/airflow/example_dags/example_branch_datetime_operator.py
[2022-05-23 17:36:08,256] {logging_mixin.py:115} INFO - [2022-05-23 17:36:08,256] {dag.py:2371} INFO - Sync 1 DAGs
[2022-05-23 17:36:08,418] {logging_mixin.py:115} INFO - [2022-05-23 17:36:08,418] {dag.py:2919} INFO - Setting next_dagrun for example_branch_datetime_operator_2 to 2022-05-22T00:00:00+00:00, run_after=2022-05-23T00:00:00+00:00
[2022-05-23 17:36:08,736] {processor.py:161} INFO - Processing /home/airflow/.local/lib/python3.7/site-packages/airflow/example_dags/example_branch_datetime_operator.py took 0.539 seconds
[2022-05-23 17:36:38,874] {processor.py:153} INFO - Started process (PID=991) to work on /home/airflow/.local/lib/python3.7/site-packages/airflow/example_dags/example_branch_datetime_operator.py
[2022-05-23 17:36:38,875] {processor.py:641} INFO - Processing file /home/airflow/.local/lib/python3.7/site-packages/airflow/example_dags/example_branch_datetime_operator.py for tasks to queue
[2022-05-23 17:36:38,875] {logging_mixin.py:115} INFO - [2022-05-23 17:36:38,875] {dagbag.py:507} INFO - Filling up the DagBag from /home/airflow/.local/lib/python3.7/site-packages/airflow/example_dags/example_branch_datetime_operator.py
[2022-05-23 17:36:38,885] {processor.py:651} INFO - DAG(s) dict_keys(['example_branch_datetime_operator_2']) retrieved from /home/airflow/.local/lib/python3.7/site-packages/airflow/example_dags/example_branch_datetime_operator.py
[2022-05-23 17:36:38,909] {logging_mixin.py:115} INFO - [2022-05-23 17:36:38,909] {dag.py:2371} INFO - Sync 1 DAGs
[2022-05-23 17:36:39,038] {logging_mixin.py:115} INFO - [2022-05-23 17:36:39,038] {dag.py:2919} INFO - Setting next_dagrun for example_branch_datetime_operator_2 to 2022-05-22T00:00:00+00:00, run_after=2022-05-23T00:00:00+00:00
[2022-05-23 17:36:39,069] {processor.py:161} INFO - Processing /home/airflow/.local/lib/python3.7/site-packages/airflow/example_dags/example_branch_datetime_operator.py took 0.198 seconds
[2022-05-23 17:37:09,383] {processor.py:153} INFO - Started process (PID=1045) to work on /home/airflow/.local/lib/python3.7/site-packages/airflow/example_dags/example_branch_datetime_operator.py
[2022-05-23 17:37:09,384] {processor.py:641} INFO - Processing file /home/airflow/.local/lib/python3.7/site-packages/airflow/example_dags/example_branch_datetime_operator.py for tasks to queue
[2022-05-23 17:37:09,385] {logging_mixin.py:115} INFO - [2022-05-23 17:37:09,385] {dagbag.py:507} INFO - Filling up the DagBag from /home/airflow/.local/lib/python3.7/site-packages/airflow/example_dags/example_branch_datetime_operator.py
[2022-05-23 17:37:09,399] {processor.py:651} INFO - DAG(s) dict_keys(['example_branch_datetime_operator_2']) retrieved from /home/airflow/.local/lib/python3.7/site-packages/airflow/example_dags/example_branch_datetime_operator.py
[2022-05-23 17:37:09,434] {logging_mixin.py:115} INFO - [2022-05-23 17:37:09,434] {dag.py:2371} INFO - Sync 1 DAGs
[2022-05-23 17:37:09,590] {logging_mixin.py:115} INFO - [2022-05-23 17:37:09,590] {dag.py:2919} INFO - Setting next_dagrun for example_branch_datetime_operator_2 to 2022-05-22T00:00:00+00:00, run_after=2022-05-23T00:00:00+00:00
[2022-05-23 17:37:10,021] {processor.py:161} INFO - Processing /home/airflow/.local/lib/python3.7/site-packages/airflow/example_dags/example_branch_datetime_operator.py took 0.647 seconds
[2022-05-23 17:49:23,069] {processor.py:153} INFO - Started process (PID=48) to work on /home/airflow/.local/lib/python3.7/site-packages/airflow/example_dags/example_branch_datetime_operator.py
[2022-05-23 17:49:23,252] {processor.py:641} INFO - Processing file /home/airflow/.local/lib/python3.7/site-packages/airflow/example_dags/example_branch_datetime_operator.py for tasks to queue
[2022-05-23 17:49:23,253] {logging_mixin.py:115} INFO - [2022-05-23 17:49:23,252] {dagbag.py:507} INFO - Filling up the DagBag from /home/airflow/.local/lib/python3.7/site-packages/airflow/example_dags/example_branch_datetime_operator.py
[2022-05-23 17:49:23,304] {processor.py:651} INFO - DAG(s) dict_keys(['example_branch_datetime_operator_2']) retrieved from /home/airflow/.local/lib/python3.7/site-packages/airflow/example_dags/example_branch_datetime_operator.py
[2022-05-23 17:49:23,369] {logging_mixin.py:115} INFO - [2022-05-23 17:49:23,369] {dag.py:2371} INFO - Sync 1 DAGs
[2022-05-23 17:49:23,628] {logging_mixin.py:115} INFO - [2022-05-23 17:49:23,628] {dag.py:2919} INFO - Setting next_dagrun for example_branch_datetime_operator_2 to 2022-05-22T00:00:00+00:00, run_after=2022-05-23T00:00:00+00:00
[2022-05-23 17:49:23,950] {processor.py:161} INFO - Processing /home/airflow/.local/lib/python3.7/site-packages/airflow/example_dags/example_branch_datetime_operator.py took 0.885 seconds
[2022-05-23 17:49:54,244] {processor.py:153} INFO - Started process (PID=103) to work on /home/airflow/.local/lib/python3.7/site-packages/airflow/example_dags/example_branch_datetime_operator.py
[2022-05-23 17:49:54,245] {processor.py:641} INFO - Processing file /home/airflow/.local/lib/python3.7/site-packages/airflow/example_dags/example_branch_datetime_operator.py for tasks to queue
[2022-05-23 17:49:54,245] {logging_mixin.py:115} INFO - [2022-05-23 17:49:54,245] {dagbag.py:507} INFO - Filling up the DagBag from /home/airflow/.local/lib/python3.7/site-packages/airflow/example_dags/example_branch_datetime_operator.py
[2022-05-23 17:49:54,256] {processor.py:651} INFO - DAG(s) dict_keys(['example_branch_datetime_operator_2']) retrieved from /home/airflow/.local/lib/python3.7/site-packages/airflow/example_dags/example_branch_datetime_operator.py
[2022-05-23 17:49:54,291] {logging_mixin.py:115} INFO - [2022-05-23 17:49:54,291] {dag.py:2371} INFO - Sync 1 DAGs
[2022-05-23 17:49:54,439] {logging_mixin.py:115} INFO - [2022-05-23 17:49:54,439] {dag.py:2919} INFO - Setting next_dagrun for example_branch_datetime_operator_2 to 2022-05-22T00:00:00+00:00, run_after=2022-05-23T00:00:00+00:00
[2022-05-23 17:49:54,485] {processor.py:161} INFO - Processing /home/airflow/.local/lib/python3.7/site-packages/airflow/example_dags/example_branch_datetime_operator.py took 0.245 seconds
[2022-05-23 17:50:25,603] {processor.py:153} INFO - Started process (PID=166) to work on /home/airflow/.local/lib/python3.7/site-packages/airflow/example_dags/example_branch_datetime_operator.py
[2022-05-23 17:50:25,604] {processor.py:641} INFO - Processing file /home/airflow/.local/lib/python3.7/site-packages/airflow/example_dags/example_branch_datetime_operator.py for tasks to queue
[2022-05-23 17:50:25,605] {logging_mixin.py:115} INFO - [2022-05-23 17:50:25,604] {dagbag.py:507} INFO - Filling up the DagBag from /home/airflow/.local/lib/python3.7/site-packages/airflow/example_dags/example_branch_datetime_operator.py
[2022-05-23 17:50:25,619] {processor.py:651} INFO - DAG(s) dict_keys(['example_branch_datetime_operator_2']) retrieved from /home/airflow/.local/lib/python3.7/site-packages/airflow/example_dags/example_branch_datetime_operator.py
[2022-05-23 17:50:25,654] {logging_mixin.py:115} INFO - [2022-05-23 17:50:25,654] {dag.py:2371} INFO - Sync 1 DAGs
[2022-05-23 17:50:25,809] {logging_mixin.py:115} INFO - [2022-05-23 17:50:25,809] {dag.py:2919} INFO - Setting next_dagrun for example_branch_datetime_operator_2 to 2022-05-22T00:00:00+00:00, run_after=2022-05-23T00:00:00+00:00
[2022-05-23 17:50:25,940] {processor.py:161} INFO - Processing /home/airflow/.local/lib/python3.7/site-packages/airflow/example_dags/example_branch_datetime_operator.py took 0.343 seconds
[2022-05-23 17:50:56,033] {processor.py:153} INFO - Started process (PID=220) to work on /home/airflow/.local/lib/python3.7/site-packages/airflow/example_dags/example_branch_datetime_operator.py
[2022-05-23 17:50:56,034] {processor.py:641} INFO - Processing file /home/airflow/.local/lib/python3.7/site-packages/airflow/example_dags/example_branch_datetime_operator.py for tasks to queue
[2022-05-23 17:50:56,035] {logging_mixin.py:115} INFO - [2022-05-23 17:50:56,034] {dagbag.py:507} INFO - Filling up the DagBag from /home/airflow/.local/lib/python3.7/site-packages/airflow/example_dags/example_branch_datetime_operator.py
[2022-05-23 17:50:56,044] {processor.py:651} INFO - DAG(s) dict_keys(['example_branch_datetime_operator_2']) retrieved from /home/airflow/.local/lib/python3.7/site-packages/airflow/example_dags/example_branch_datetime_operator.py
[2022-05-23 17:50:56,073] {logging_mixin.py:115} INFO - [2022-05-23 17:50:56,073] {dag.py:2371} INFO - Sync 1 DAGs
[2022-05-23 17:50:56,208] {logging_mixin.py:115} INFO - [2022-05-23 17:50:56,208] {dag.py:2919} INFO - Setting next_dagrun for example_branch_datetime_operator_2 to 2022-05-22T00:00:00+00:00, run_after=2022-05-23T00:00:00+00:00
[2022-05-23 17:50:56,242] {processor.py:161} INFO - Processing /home/airflow/.local/lib/python3.7/site-packages/airflow/example_dags/example_branch_datetime_operator.py took 0.212 seconds
[2022-05-23 17:51:26,562] {processor.py:153} INFO - Started process (PID=282) to work on /home/airflow/.local/lib/python3.7/site-packages/airflow/example_dags/example_branch_datetime_operator.py
[2022-05-23 17:51:27,277] {processor.py:641} INFO - Processing file /home/airflow/.local/lib/python3.7/site-packages/airflow/example_dags/example_branch_datetime_operator.py for tasks to queue
[2022-05-23 17:51:27,277] {logging_mixin.py:115} INFO - [2022-05-23 17:51:27,277] {dagbag.py:507} INFO - Filling up the DagBag from /home/airflow/.local/lib/python3.7/site-packages/airflow/example_dags/example_branch_datetime_operator.py
[2022-05-23 17:51:27,285] {processor.py:651} INFO - DAG(s) dict_keys(['example_branch_datetime_operator_2']) retrieved from /home/airflow/.local/lib/python3.7/site-packages/airflow/example_dags/example_branch_datetime_operator.py
[2022-05-23 17:51:27,314] {logging_mixin.py:115} INFO - [2022-05-23 17:51:27,314] {dag.py:2371} INFO - Sync 1 DAGs
[2022-05-23 17:51:27,468] {logging_mixin.py:115} INFO - [2022-05-23 17:51:27,468] {dag.py:2919} INFO - Setting next_dagrun for example_branch_datetime_operator_2 to 2022-05-22T00:00:00+00:00, run_after=2022-05-23T00:00:00+00:00
[2022-05-23 17:51:27,521] {processor.py:161} INFO - Processing /home/airflow/.local/lib/python3.7/site-packages/airflow/example_dags/example_branch_datetime_operator.py took 0.969 seconds
[2022-05-23 17:51:58,454] {processor.py:153} INFO - Started process (PID=335) to work on /home/airflow/.local/lib/python3.7/site-packages/airflow/example_dags/example_branch_datetime_operator.py
[2022-05-23 17:51:58,467] {processor.py:641} INFO - Processing file /home/airflow/.local/lib/python3.7/site-packages/airflow/example_dags/example_branch_datetime_operator.py for tasks to queue
[2022-05-23 17:51:58,468] {logging_mixin.py:115} INFO - [2022-05-23 17:51:58,468] {dagbag.py:507} INFO - Filling up the DagBag from /home/airflow/.local/lib/python3.7/site-packages/airflow/example_dags/example_branch_datetime_operator.py
[2022-05-23 17:51:58,477] {processor.py:651} INFO - DAG(s) dict_keys(['example_branch_datetime_operator_2']) retrieved from /home/airflow/.local/lib/python3.7/site-packages/airflow/example_dags/example_branch_datetime_operator.py
[2022-05-23 17:51:58,511] {logging_mixin.py:115} INFO - [2022-05-23 17:51:58,510] {dag.py:2371} INFO - Sync 1 DAGs
[2022-05-23 17:51:58,669] {logging_mixin.py:115} INFO - [2022-05-23 17:51:58,669] {dag.py:2919} INFO - Setting next_dagrun for example_branch_datetime_operator_2 to 2022-05-22T00:00:00+00:00, run_after=2022-05-23T00:00:00+00:00
[2022-05-23 17:51:58,712] {processor.py:161} INFO - Processing /home/airflow/.local/lib/python3.7/site-packages/airflow/example_dags/example_branch_datetime_operator.py took 0.263 seconds
[2022-05-23 17:52:29,157] {processor.py:153} INFO - Started process (PID=389) to work on /home/airflow/.local/lib/python3.7/site-packages/airflow/example_dags/example_branch_datetime_operator.py
[2022-05-23 17:52:29,158] {processor.py:641} INFO - Processing file /home/airflow/.local/lib/python3.7/site-packages/airflow/example_dags/example_branch_datetime_operator.py for tasks to queue
[2022-05-23 17:52:29,160] {logging_mixin.py:115} INFO - [2022-05-23 17:52:29,159] {dagbag.py:507} INFO - Filling up the DagBag from /home/airflow/.local/lib/python3.7/site-packages/airflow/example_dags/example_branch_datetime_operator.py
[2022-05-23 17:52:29,172] {processor.py:651} INFO - DAG(s) dict_keys(['example_branch_datetime_operator_2']) retrieved from /home/airflow/.local/lib/python3.7/site-packages/airflow/example_dags/example_branch_datetime_operator.py
[2022-05-23 17:52:29,205] {logging_mixin.py:115} INFO - [2022-05-23 17:52:29,204] {dag.py:2371} INFO - Sync 1 DAGs
[2022-05-23 17:52:29,358] {logging_mixin.py:115} INFO - [2022-05-23 17:52:29,358] {dag.py:2919} INFO - Setting next_dagrun for example_branch_datetime_operator_2 to 2022-05-22T00:00:00+00:00, run_after=2022-05-23T00:00:00+00:00
[2022-05-23 17:52:31,424] {processor.py:161} INFO - Processing /home/airflow/.local/lib/python3.7/site-packages/airflow/example_dags/example_branch_datetime_operator.py took 2.276 seconds
[2022-05-23 17:53:02,198] {processor.py:153} INFO - Started process (PID=452) to work on /home/airflow/.local/lib/python3.7/site-packages/airflow/example_dags/example_branch_datetime_operator.py
[2022-05-23 17:53:02,306] {processor.py:641} INFO - Processing file /home/airflow/.local/lib/python3.7/site-packages/airflow/example_dags/example_branch_datetime_operator.py for tasks to queue
[2022-05-23 17:53:02,308] {logging_mixin.py:115} INFO - [2022-05-23 17:53:02,307] {dagbag.py:507} INFO - Filling up the DagBag from /home/airflow/.local/lib/python3.7/site-packages/airflow/example_dags/example_branch_datetime_operator.py
[2022-05-23 17:53:02,337] {processor.py:651} INFO - DAG(s) dict_keys(['example_branch_datetime_operator_2']) retrieved from /home/airflow/.local/lib/python3.7/site-packages/airflow/example_dags/example_branch_datetime_operator.py
[2022-05-23 17:53:02,375] {logging_mixin.py:115} INFO - [2022-05-23 17:53:02,375] {dag.py:2371} INFO - Sync 1 DAGs
[2022-05-23 17:53:02,522] {logging_mixin.py:115} INFO - [2022-05-23 17:53:02,522] {dag.py:2919} INFO - Setting next_dagrun for example_branch_datetime_operator_2 to 2022-05-22T00:00:00+00:00, run_after=2022-05-23T00:00:00+00:00
[2022-05-23 17:53:04,037] {processor.py:161} INFO - Processing /home/airflow/.local/lib/python3.7/site-packages/airflow/example_dags/example_branch_datetime_operator.py took 1.849 seconds
[2022-05-23 17:53:34,268] {processor.py:153} INFO - Started process (PID=512) to work on /home/airflow/.local/lib/python3.7/site-packages/airflow/example_dags/example_branch_datetime_operator.py
[2022-05-23 17:53:35,443] {processor.py:641} INFO - Processing file /home/airflow/.local/lib/python3.7/site-packages/airflow/example_dags/example_branch_datetime_operator.py for tasks to queue
[2022-05-23 17:53:35,444] {logging_mixin.py:115} INFO - [2022-05-23 17:53:35,444] {dagbag.py:507} INFO - Filling up the DagBag from /home/airflow/.local/lib/python3.7/site-packages/airflow/example_dags/example_branch_datetime_operator.py
[2022-05-23 17:53:35,454] {processor.py:651} INFO - DAG(s) dict_keys(['example_branch_datetime_operator_2']) retrieved from /home/airflow/.local/lib/python3.7/site-packages/airflow/example_dags/example_branch_datetime_operator.py
[2022-05-23 17:53:35,491] {logging_mixin.py:115} INFO - [2022-05-23 17:53:35,491] {dag.py:2371} INFO - Sync 1 DAGs
[2022-05-23 17:53:35,659] {logging_mixin.py:115} INFO - [2022-05-23 17:53:35,658] {dag.py:2919} INFO - Setting next_dagrun for example_branch_datetime_operator_2 to 2022-05-22T00:00:00+00:00, run_after=2022-05-23T00:00:00+00:00
[2022-05-23 17:53:35,747] {processor.py:161} INFO - Processing /home/airflow/.local/lib/python3.7/site-packages/airflow/example_dags/example_branch_datetime_operator.py took 1.482 seconds
[2022-05-23 17:54:06,267] {processor.py:153} INFO - Started process (PID=568) to work on /home/airflow/.local/lib/python3.7/site-packages/airflow/example_dags/example_branch_datetime_operator.py
[2022-05-23 17:54:06,268] {processor.py:641} INFO - Processing file /home/airflow/.local/lib/python3.7/site-packages/airflow/example_dags/example_branch_datetime_operator.py for tasks to queue
[2022-05-23 17:54:06,268] {logging_mixin.py:115} INFO - [2022-05-23 17:54:06,268] {dagbag.py:507} INFO - Filling up the DagBag from /home/airflow/.local/lib/python3.7/site-packages/airflow/example_dags/example_branch_datetime_operator.py
[2022-05-23 17:54:06,276] {processor.py:651} INFO - DAG(s) dict_keys(['example_branch_datetime_operator_2']) retrieved from /home/airflow/.local/lib/python3.7/site-packages/airflow/example_dags/example_branch_datetime_operator.py
[2022-05-23 17:54:06,306] {logging_mixin.py:115} INFO - [2022-05-23 17:54:06,306] {dag.py:2371} INFO - Sync 1 DAGs
[2022-05-23 17:54:06,465] {logging_mixin.py:115} INFO - [2022-05-23 17:54:06,465] {dag.py:2919} INFO - Setting next_dagrun for example_branch_datetime_operator_2 to 2022-05-22T00:00:00+00:00, run_after=2022-05-23T00:00:00+00:00
[2022-05-23 17:54:06,748] {processor.py:161} INFO - Processing /home/airflow/.local/lib/python3.7/site-packages/airflow/example_dags/example_branch_datetime_operator.py took 0.485 seconds
[2022-05-23 18:03:36,551] {processor.py:153} INFO - Started process (PID=48) to work on /home/airflow/.local/lib/python3.7/site-packages/airflow/example_dags/example_branch_datetime_operator.py
[2022-05-23 18:03:36,551] {processor.py:641} INFO - Processing file /home/airflow/.local/lib/python3.7/site-packages/airflow/example_dags/example_branch_datetime_operator.py for tasks to queue
[2022-05-23 18:03:36,552] {logging_mixin.py:115} INFO - [2022-05-23 18:03:36,552] {dagbag.py:507} INFO - Filling up the DagBag from /home/airflow/.local/lib/python3.7/site-packages/airflow/example_dags/example_branch_datetime_operator.py
[2022-05-23 18:03:36,574] {processor.py:651} INFO - DAG(s) dict_keys(['example_branch_datetime_operator_2']) retrieved from /home/airflow/.local/lib/python3.7/site-packages/airflow/example_dags/example_branch_datetime_operator.py
[2022-05-23 18:03:36,636] {logging_mixin.py:115} INFO - [2022-05-23 18:03:36,636] {dag.py:2371} INFO - Sync 1 DAGs
[2022-05-23 18:03:36,885] {logging_mixin.py:115} INFO - [2022-05-23 18:03:36,885] {dag.py:2919} INFO - Setting next_dagrun for example_branch_datetime_operator_2 to 2022-05-22T00:00:00+00:00, run_after=2022-05-23T00:00:00+00:00
[2022-05-23 18:03:37,959] {processor.py:161} INFO - Processing /home/airflow/.local/lib/python3.7/site-packages/airflow/example_dags/example_branch_datetime_operator.py took 1.414 seconds
[2022-05-23 18:04:08,411] {processor.py:153} INFO - Started process (PID=112) to work on /home/airflow/.local/lib/python3.7/site-packages/airflow/example_dags/example_branch_datetime_operator.py
[2022-05-23 18:04:08,411] {processor.py:641} INFO - Processing file /home/airflow/.local/lib/python3.7/site-packages/airflow/example_dags/example_branch_datetime_operator.py for tasks to queue
[2022-05-23 18:04:08,412] {logging_mixin.py:115} INFO - [2022-05-23 18:04:08,412] {dagbag.py:507} INFO - Filling up the DagBag from /home/airflow/.local/lib/python3.7/site-packages/airflow/example_dags/example_branch_datetime_operator.py
[2022-05-23 18:04:08,422] {processor.py:651} INFO - DAG(s) dict_keys(['example_branch_datetime_operator_2']) retrieved from /home/airflow/.local/lib/python3.7/site-packages/airflow/example_dags/example_branch_datetime_operator.py
[2022-05-23 18:04:08,449] {logging_mixin.py:115} INFO - [2022-05-23 18:04:08,449] {dag.py:2371} INFO - Sync 1 DAGs
[2022-05-23 18:04:08,597] {logging_mixin.py:115} INFO - [2022-05-23 18:04:08,597] {dag.py:2919} INFO - Setting next_dagrun for example_branch_datetime_operator_2 to 2022-05-22T00:00:00+00:00, run_after=2022-05-23T00:00:00+00:00
[2022-05-23 18:04:08,850] {processor.py:161} INFO - Processing /home/airflow/.local/lib/python3.7/site-packages/airflow/example_dags/example_branch_datetime_operator.py took 0.442 seconds
[2022-05-23 18:04:39,287] {processor.py:153} INFO - Started process (PID=167) to work on /home/airflow/.local/lib/python3.7/site-packages/airflow/example_dags/example_branch_datetime_operator.py
[2022-05-23 18:04:39,348] {processor.py:641} INFO - Processing file /home/airflow/.local/lib/python3.7/site-packages/airflow/example_dags/example_branch_datetime_operator.py for tasks to queue
[2022-05-23 18:04:39,473] {logging_mixin.py:115} INFO - [2022-05-23 18:04:39,473] {dagbag.py:507} INFO - Filling up the DagBag from /home/airflow/.local/lib/python3.7/site-packages/airflow/example_dags/example_branch_datetime_operator.py
[2022-05-23 18:04:39,484] {processor.py:651} INFO - DAG(s) dict_keys(['example_branch_datetime_operator_2']) retrieved from /home/airflow/.local/lib/python3.7/site-packages/airflow/example_dags/example_branch_datetime_operator.py
[2022-05-23 18:04:39,644] {logging_mixin.py:115} INFO - [2022-05-23 18:04:39,644] {dag.py:2371} INFO - Sync 1 DAGs
[2022-05-23 18:04:39,802] {logging_mixin.py:115} INFO - [2022-05-23 18:04:39,802] {dag.py:2919} INFO - Setting next_dagrun for example_branch_datetime_operator_2 to 2022-05-22T00:00:00+00:00, run_after=2022-05-23T00:00:00+00:00
[2022-05-23 18:04:40,274] {processor.py:161} INFO - Processing /home/airflow/.local/lib/python3.7/site-packages/airflow/example_dags/example_branch_datetime_operator.py took 0.995 seconds
[2022-05-23 18:05:10,737] {processor.py:153} INFO - Started process (PID=220) to work on /home/airflow/.local/lib/python3.7/site-packages/airflow/example_dags/example_branch_datetime_operator.py
[2022-05-23 18:05:10,738] {processor.py:641} INFO - Processing file /home/airflow/.local/lib/python3.7/site-packages/airflow/example_dags/example_branch_datetime_operator.py for tasks to queue
[2022-05-23 18:05:10,739] {logging_mixin.py:115} INFO - [2022-05-23 18:05:10,739] {dagbag.py:507} INFO - Filling up the DagBag from /home/airflow/.local/lib/python3.7/site-packages/airflow/example_dags/example_branch_datetime_operator.py
[2022-05-23 18:05:10,771] {processor.py:651} INFO - DAG(s) dict_keys(['example_branch_datetime_operator_2']) retrieved from /home/airflow/.local/lib/python3.7/site-packages/airflow/example_dags/example_branch_datetime_operator.py
[2022-05-23 18:05:10,818] {logging_mixin.py:115} INFO - [2022-05-23 18:05:10,818] {dag.py:2371} INFO - Sync 1 DAGs
[2022-05-23 18:05:11,027] {logging_mixin.py:115} INFO - [2022-05-23 18:05:11,027] {dag.py:2919} INFO - Setting next_dagrun for example_branch_datetime_operator_2 to 2022-05-22T00:00:00+00:00, run_after=2022-05-23T00:00:00+00:00
[2022-05-23 18:05:12,343] {processor.py:161} INFO - Processing /home/airflow/.local/lib/python3.7/site-packages/airflow/example_dags/example_branch_datetime_operator.py took 1.609 seconds
[2022-05-23 18:05:42,387] {processor.py:153} INFO - Started process (PID=274) to work on /home/airflow/.local/lib/python3.7/site-packages/airflow/example_dags/example_branch_datetime_operator.py
[2022-05-23 18:05:42,797] {processor.py:641} INFO - Processing file /home/airflow/.local/lib/python3.7/site-packages/airflow/example_dags/example_branch_datetime_operator.py for tasks to queue
[2022-05-23 18:05:42,831] {logging_mixin.py:115} INFO - [2022-05-23 18:05:42,831] {dagbag.py:507} INFO - Filling up the DagBag from /home/airflow/.local/lib/python3.7/site-packages/airflow/example_dags/example_branch_datetime_operator.py
[2022-05-23 18:05:42,841] {processor.py:651} INFO - DAG(s) dict_keys(['example_branch_datetime_operator_2']) retrieved from /home/airflow/.local/lib/python3.7/site-packages/airflow/example_dags/example_branch_datetime_operator.py
[2022-05-23 18:05:42,872] {logging_mixin.py:115} INFO - [2022-05-23 18:05:42,871] {dag.py:2371} INFO - Sync 1 DAGs
[2022-05-23 18:05:43,042] {logging_mixin.py:115} INFO - [2022-05-23 18:05:43,042] {dag.py:2919} INFO - Setting next_dagrun for example_branch_datetime_operator_2 to 2022-05-22T00:00:00+00:00, run_after=2022-05-23T00:00:00+00:00
[2022-05-23 18:05:43,088] {processor.py:161} INFO - Processing /home/airflow/.local/lib/python3.7/site-packages/airflow/example_dags/example_branch_datetime_operator.py took 0.705 seconds
[2022-05-23 18:06:13,276] {processor.py:153} INFO - Started process (PID=328) to work on /home/airflow/.local/lib/python3.7/site-packages/airflow/example_dags/example_branch_datetime_operator.py
[2022-05-23 18:06:13,277] {processor.py:641} INFO - Processing file /home/airflow/.local/lib/python3.7/site-packages/airflow/example_dags/example_branch_datetime_operator.py for tasks to queue
[2022-05-23 18:06:13,278] {logging_mixin.py:115} INFO - [2022-05-23 18:06:13,277] {dagbag.py:507} INFO - Filling up the DagBag from /home/airflow/.local/lib/python3.7/site-packages/airflow/example_dags/example_branch_datetime_operator.py
[2022-05-23 18:06:13,290] {processor.py:651} INFO - DAG(s) dict_keys(['example_branch_datetime_operator_2']) retrieved from /home/airflow/.local/lib/python3.7/site-packages/airflow/example_dags/example_branch_datetime_operator.py
[2022-05-23 18:06:13,326] {logging_mixin.py:115} INFO - [2022-05-23 18:06:13,326] {dag.py:2371} INFO - Sync 1 DAGs
[2022-05-23 18:06:13,481] {logging_mixin.py:115} INFO - [2022-05-23 18:06:13,481] {dag.py:2919} INFO - Setting next_dagrun for example_branch_datetime_operator_2 to 2022-05-22T00:00:00+00:00, run_after=2022-05-23T00:00:00+00:00
[2022-05-23 18:06:13,510] {processor.py:161} INFO - Processing /home/airflow/.local/lib/python3.7/site-packages/airflow/example_dags/example_branch_datetime_operator.py took 0.238 seconds
[2022-05-23 18:06:44,457] {processor.py:153} INFO - Started process (PID=392) to work on /home/airflow/.local/lib/python3.7/site-packages/airflow/example_dags/example_branch_datetime_operator.py
[2022-05-23 18:06:44,503] {processor.py:641} INFO - Processing file /home/airflow/.local/lib/python3.7/site-packages/airflow/example_dags/example_branch_datetime_operator.py for tasks to queue
[2022-05-23 18:06:44,508] {logging_mixin.py:115} INFO - [2022-05-23 18:06:44,507] {dagbag.py:507} INFO - Filling up the DagBag from /home/airflow/.local/lib/python3.7/site-packages/airflow/example_dags/example_branch_datetime_operator.py
[2022-05-23 18:06:44,528] {processor.py:651} INFO - DAG(s) dict_keys(['example_branch_datetime_operator_2']) retrieved from /home/airflow/.local/lib/python3.7/site-packages/airflow/example_dags/example_branch_datetime_operator.py
[2022-05-23 18:06:44,610] {logging_mixin.py:115} INFO - [2022-05-23 18:06:44,610] {dag.py:2371} INFO - Sync 1 DAGs
[2022-05-23 18:06:44,851] {logging_mixin.py:115} INFO - [2022-05-23 18:06:44,851] {dag.py:2919} INFO - Setting next_dagrun for example_branch_datetime_operator_2 to 2022-05-22T00:00:00+00:00, run_after=2022-05-23T00:00:00+00:00
[2022-05-23 18:06:45,106] {processor.py:161} INFO - Processing /home/airflow/.local/lib/python3.7/site-packages/airflow/example_dags/example_branch_datetime_operator.py took 0.654 seconds
[2022-05-23 18:07:15,631] {processor.py:153} INFO - Started process (PID=445) to work on /home/airflow/.local/lib/python3.7/site-packages/airflow/example_dags/example_branch_datetime_operator.py
[2022-05-23 18:07:15,631] {processor.py:641} INFO - Processing file /home/airflow/.local/lib/python3.7/site-packages/airflow/example_dags/example_branch_datetime_operator.py for tasks to queue
[2022-05-23 18:07:15,632] {logging_mixin.py:115} INFO - [2022-05-23 18:07:15,632] {dagbag.py:507} INFO - Filling up the DagBag from /home/airflow/.local/lib/python3.7/site-packages/airflow/example_dags/example_branch_datetime_operator.py
[2022-05-23 18:07:15,641] {processor.py:651} INFO - DAG(s) dict_keys(['example_branch_datetime_operator_2']) retrieved from /home/airflow/.local/lib/python3.7/site-packages/airflow/example_dags/example_branch_datetime_operator.py
[2022-05-23 18:07:15,671] {logging_mixin.py:115} INFO - [2022-05-23 18:07:15,671] {dag.py:2371} INFO - Sync 1 DAGs
[2022-05-23 18:07:15,817] {logging_mixin.py:115} INFO - [2022-05-23 18:07:15,817] {dag.py:2919} INFO - Setting next_dagrun for example_branch_datetime_operator_2 to 2022-05-22T00:00:00+00:00, run_after=2022-05-23T00:00:00+00:00
[2022-05-23 18:07:15,850] {processor.py:161} INFO - Processing /home/airflow/.local/lib/python3.7/site-packages/airflow/example_dags/example_branch_datetime_operator.py took 0.221 seconds
[2022-05-23 18:07:46,056] {processor.py:153} INFO - Started process (PID=499) to work on /home/airflow/.local/lib/python3.7/site-packages/airflow/example_dags/example_branch_datetime_operator.py
[2022-05-23 18:07:46,171] {processor.py:641} INFO - Processing file /home/airflow/.local/lib/python3.7/site-packages/airflow/example_dags/example_branch_datetime_operator.py for tasks to queue
[2022-05-23 18:07:46,173] {logging_mixin.py:115} INFO - [2022-05-23 18:07:46,173] {dagbag.py:507} INFO - Filling up the DagBag from /home/airflow/.local/lib/python3.7/site-packages/airflow/example_dags/example_branch_datetime_operator.py
[2022-05-23 18:07:46,198] {processor.py:651} INFO - DAG(s) dict_keys(['example_branch_datetime_operator_2']) retrieved from /home/airflow/.local/lib/python3.7/site-packages/airflow/example_dags/example_branch_datetime_operator.py
[2022-05-23 18:07:46,232] {logging_mixin.py:115} INFO - [2022-05-23 18:07:46,232] {dag.py:2371} INFO - Sync 1 DAGs
[2022-05-23 18:07:46,376] {logging_mixin.py:115} INFO - [2022-05-23 18:07:46,376] {dag.py:2919} INFO - Setting next_dagrun for example_branch_datetime_operator_2 to 2022-05-22T00:00:00+00:00, run_after=2022-05-23T00:00:00+00:00
[2022-05-23 18:07:46,674] {processor.py:161} INFO - Processing /home/airflow/.local/lib/python3.7/site-packages/airflow/example_dags/example_branch_datetime_operator.py took 0.627 seconds
[2022-05-23 18:08:16,787] {processor.py:153} INFO - Started process (PID=562) to work on /home/airflow/.local/lib/python3.7/site-packages/airflow/example_dags/example_branch_datetime_operator.py
[2022-05-23 18:08:16,839] {processor.py:641} INFO - Processing file /home/airflow/.local/lib/python3.7/site-packages/airflow/example_dags/example_branch_datetime_operator.py for tasks to queue
[2022-05-23 18:08:16,840] {logging_mixin.py:115} INFO - [2022-05-23 18:08:16,840] {dagbag.py:507} INFO - Filling up the DagBag from /home/airflow/.local/lib/python3.7/site-packages/airflow/example_dags/example_branch_datetime_operator.py
[2022-05-23 18:08:16,848] {processor.py:651} INFO - DAG(s) dict_keys(['example_branch_datetime_operator_2']) retrieved from /home/airflow/.local/lib/python3.7/site-packages/airflow/example_dags/example_branch_datetime_operator.py
[2022-05-23 18:08:16,877] {logging_mixin.py:115} INFO - [2022-05-23 18:08:16,877] {dag.py:2371} INFO - Sync 1 DAGs
[2022-05-23 18:08:17,018] {logging_mixin.py:115} INFO - [2022-05-23 18:08:17,018] {dag.py:2919} INFO - Setting next_dagrun for example_branch_datetime_operator_2 to 2022-05-22T00:00:00+00:00, run_after=2022-05-23T00:00:00+00:00
[2022-05-23 18:08:17,174] {processor.py:161} INFO - Processing /home/airflow/.local/lib/python3.7/site-packages/airflow/example_dags/example_branch_datetime_operator.py took 0.390 seconds
[2022-05-23 18:08:47,332] {processor.py:153} INFO - Started process (PID=615) to work on /home/airflow/.local/lib/python3.7/site-packages/airflow/example_dags/example_branch_datetime_operator.py
[2022-05-23 18:08:47,332] {processor.py:641} INFO - Processing file /home/airflow/.local/lib/python3.7/site-packages/airflow/example_dags/example_branch_datetime_operator.py for tasks to queue
[2022-05-23 18:08:47,333] {logging_mixin.py:115} INFO - [2022-05-23 18:08:47,333] {dagbag.py:507} INFO - Filling up the DagBag from /home/airflow/.local/lib/python3.7/site-packages/airflow/example_dags/example_branch_datetime_operator.py
[2022-05-23 18:08:47,341] {processor.py:651} INFO - DAG(s) dict_keys(['example_branch_datetime_operator_2']) retrieved from /home/airflow/.local/lib/python3.7/site-packages/airflow/example_dags/example_branch_datetime_operator.py
[2022-05-23 18:08:47,368] {logging_mixin.py:115} INFO - [2022-05-23 18:08:47,368] {dag.py:2371} INFO - Sync 1 DAGs
[2022-05-23 18:08:47,395] {logging_mixin.py:115} INFO - [2022-05-23 18:08:47,395] {dag.py:2919} INFO - Setting next_dagrun for example_branch_datetime_operator_2 to 2022-05-22T00:00:00+00:00, run_after=2022-05-23T00:00:00+00:00
[2022-05-23 18:08:47,427] {processor.py:161} INFO - Processing /home/airflow/.local/lib/python3.7/site-packages/airflow/example_dags/example_branch_datetime_operator.py took 0.098 seconds
[2022-05-23 18:09:17,846] {processor.py:153} INFO - Started process (PID=669) to work on /home/airflow/.local/lib/python3.7/site-packages/airflow/example_dags/example_branch_datetime_operator.py
[2022-05-23 18:09:18,971] {processor.py:641} INFO - Processing file /home/airflow/.local/lib/python3.7/site-packages/airflow/example_dags/example_branch_datetime_operator.py for tasks to queue
[2022-05-23 18:09:18,972] {logging_mixin.py:115} INFO - [2022-05-23 18:09:18,972] {dagbag.py:507} INFO - Filling up the DagBag from /home/airflow/.local/lib/python3.7/site-packages/airflow/example_dags/example_branch_datetime_operator.py
[2022-05-23 18:09:18,987] {processor.py:651} INFO - DAG(s) dict_keys(['example_branch_datetime_operator_2']) retrieved from /home/airflow/.local/lib/python3.7/site-packages/airflow/example_dags/example_branch_datetime_operator.py
[2022-05-23 18:09:19,031] {logging_mixin.py:115} INFO - [2022-05-23 18:09:19,031] {dag.py:2371} INFO - Sync 1 DAGs
[2022-05-23 18:09:19,062] {logging_mixin.py:115} INFO - [2022-05-23 18:09:19,062] {dag.py:2919} INFO - Setting next_dagrun for example_branch_datetime_operator_2 to 2022-05-22T00:00:00+00:00, run_after=2022-05-23T00:00:00+00:00
[2022-05-23 18:09:19,845] {processor.py:161} INFO - Processing /home/airflow/.local/lib/python3.7/site-packages/airflow/example_dags/example_branch_datetime_operator.py took 2.002 seconds
[2022-05-23 18:09:50,296] {processor.py:153} INFO - Started process (PID=732) to work on /home/airflow/.local/lib/python3.7/site-packages/airflow/example_dags/example_branch_datetime_operator.py
[2022-05-23 18:09:50,304] {processor.py:641} INFO - Processing file /home/airflow/.local/lib/python3.7/site-packages/airflow/example_dags/example_branch_datetime_operator.py for tasks to queue
[2022-05-23 18:09:50,306] {logging_mixin.py:115} INFO - [2022-05-23 18:09:50,306] {dagbag.py:507} INFO - Filling up the DagBag from /home/airflow/.local/lib/python3.7/site-packages/airflow/example_dags/example_branch_datetime_operator.py
[2022-05-23 18:09:50,323] {processor.py:651} INFO - DAG(s) dict_keys(['example_branch_datetime_operator_2']) retrieved from /home/airflow/.local/lib/python3.7/site-packages/airflow/example_dags/example_branch_datetime_operator.py
[2022-05-23 18:09:50,358] {logging_mixin.py:115} INFO - [2022-05-23 18:09:50,358] {dag.py:2371} INFO - Sync 1 DAGs
[2022-05-23 18:09:50,393] {logging_mixin.py:115} INFO - [2022-05-23 18:09:50,393] {dag.py:2919} INFO - Setting next_dagrun for example_branch_datetime_operator_2 to 2022-05-22T00:00:00+00:00, run_after=2022-05-23T00:00:00+00:00
[2022-05-23 18:09:50,529] {processor.py:161} INFO - Processing /home/airflow/.local/lib/python3.7/site-packages/airflow/example_dags/example_branch_datetime_operator.py took 0.242 seconds
[2022-05-23 18:10:20,701] {processor.py:153} INFO - Started process (PID=786) to work on /home/airflow/.local/lib/python3.7/site-packages/airflow/example_dags/example_branch_datetime_operator.py
[2022-05-23 18:10:20,713] {processor.py:641} INFO - Processing file /home/airflow/.local/lib/python3.7/site-packages/airflow/example_dags/example_branch_datetime_operator.py for tasks to queue
[2022-05-23 18:10:20,714] {logging_mixin.py:115} INFO - [2022-05-23 18:10:20,714] {dagbag.py:507} INFO - Filling up the DagBag from /home/airflow/.local/lib/python3.7/site-packages/airflow/example_dags/example_branch_datetime_operator.py
[2022-05-23 18:10:20,723] {processor.py:651} INFO - DAG(s) dict_keys(['example_branch_datetime_operator_2']) retrieved from /home/airflow/.local/lib/python3.7/site-packages/airflow/example_dags/example_branch_datetime_operator.py
[2022-05-23 18:10:20,756] {logging_mixin.py:115} INFO - [2022-05-23 18:10:20,756] {dag.py:2371} INFO - Sync 1 DAGs
[2022-05-23 18:10:20,787] {logging_mixin.py:115} INFO - [2022-05-23 18:10:20,787] {dag.py:2919} INFO - Setting next_dagrun for example_branch_datetime_operator_2 to 2022-05-22T00:00:00+00:00, run_after=2022-05-23T00:00:00+00:00
[2022-05-23 18:10:20,813] {processor.py:161} INFO - Processing /home/airflow/.local/lib/python3.7/site-packages/airflow/example_dags/example_branch_datetime_operator.py took 0.114 seconds
[2022-05-23 18:10:51,201] {processor.py:153} INFO - Started process (PID=849) to work on /home/airflow/.local/lib/python3.7/site-packages/airflow/example_dags/example_branch_datetime_operator.py
[2022-05-23 18:10:51,201] {processor.py:641} INFO - Processing file /home/airflow/.local/lib/python3.7/site-packages/airflow/example_dags/example_branch_datetime_operator.py for tasks to queue
[2022-05-23 18:10:51,202] {logging_mixin.py:115} INFO - [2022-05-23 18:10:51,202] {dagbag.py:507} INFO - Filling up the DagBag from /home/airflow/.local/lib/python3.7/site-packages/airflow/example_dags/example_branch_datetime_operator.py
[2022-05-23 18:10:51,210] {processor.py:651} INFO - DAG(s) dict_keys(['example_branch_datetime_operator_2']) retrieved from /home/airflow/.local/lib/python3.7/site-packages/airflow/example_dags/example_branch_datetime_operator.py
[2022-05-23 18:10:51,237] {logging_mixin.py:115} INFO - [2022-05-23 18:10:51,237] {dag.py:2371} INFO - Sync 1 DAGs
[2022-05-23 18:10:51,263] {logging_mixin.py:115} INFO - [2022-05-23 18:10:51,263] {dag.py:2919} INFO - Setting next_dagrun for example_branch_datetime_operator_2 to 2022-05-22T00:00:00+00:00, run_after=2022-05-23T00:00:00+00:00
[2022-05-23 18:10:51,292] {processor.py:161} INFO - Processing /home/airflow/.local/lib/python3.7/site-packages/airflow/example_dags/example_branch_datetime_operator.py took 0.093 seconds
[2022-05-23 18:11:21,400] {processor.py:153} INFO - Started process (PID=902) to work on /home/airflow/.local/lib/python3.7/site-packages/airflow/example_dags/example_branch_datetime_operator.py
[2022-05-23 18:11:21,709] {processor.py:641} INFO - Processing file /home/airflow/.local/lib/python3.7/site-packages/airflow/example_dags/example_branch_datetime_operator.py for tasks to queue
[2022-05-23 18:11:21,711] {logging_mixin.py:115} INFO - [2022-05-23 18:11:21,710] {dagbag.py:507} INFO - Filling up the DagBag from /home/airflow/.local/lib/python3.7/site-packages/airflow/example_dags/example_branch_datetime_operator.py
[2022-05-23 18:11:21,735] {processor.py:651} INFO - DAG(s) dict_keys(['example_branch_datetime_operator_2']) retrieved from /home/airflow/.local/lib/python3.7/site-packages/airflow/example_dags/example_branch_datetime_operator.py
[2022-05-23 18:11:21,773] {logging_mixin.py:115} INFO - [2022-05-23 18:11:21,773] {dag.py:2371} INFO - Sync 1 DAGs
[2022-05-23 18:11:21,803] {logging_mixin.py:115} INFO - [2022-05-23 18:11:21,803] {dag.py:2919} INFO - Setting next_dagrun for example_branch_datetime_operator_2 to 2022-05-22T00:00:00+00:00, run_after=2022-05-23T00:00:00+00:00
[2022-05-23 18:11:23,194] {processor.py:161} INFO - Processing /home/airflow/.local/lib/python3.7/site-packages/airflow/example_dags/example_branch_datetime_operator.py took 1.797 seconds
[2022-05-23 18:11:53,757] {processor.py:153} INFO - Started process (PID=964) to work on /home/airflow/.local/lib/python3.7/site-packages/airflow/example_dags/example_branch_datetime_operator.py
[2022-05-23 18:11:53,758] {processor.py:641} INFO - Processing file /home/airflow/.local/lib/python3.7/site-packages/airflow/example_dags/example_branch_datetime_operator.py for tasks to queue
[2022-05-23 18:11:53,758] {logging_mixin.py:115} INFO - [2022-05-23 18:11:53,758] {dagbag.py:507} INFO - Filling up the DagBag from /home/airflow/.local/lib/python3.7/site-packages/airflow/example_dags/example_branch_datetime_operator.py
[2022-05-23 18:11:53,766] {processor.py:651} INFO - DAG(s) dict_keys(['example_branch_datetime_operator_2']) retrieved from /home/airflow/.local/lib/python3.7/site-packages/airflow/example_dags/example_branch_datetime_operator.py
[2022-05-23 18:11:53,797] {logging_mixin.py:115} INFO - [2022-05-23 18:11:53,797] {dag.py:2371} INFO - Sync 1 DAGs
[2022-05-23 18:11:53,825] {logging_mixin.py:115} INFO - [2022-05-23 18:11:53,825] {dag.py:2919} INFO - Setting next_dagrun for example_branch_datetime_operator_2 to 2022-05-22T00:00:00+00:00, run_after=2022-05-23T00:00:00+00:00
[2022-05-23 18:11:53,866] {processor.py:161} INFO - Processing /home/airflow/.local/lib/python3.7/site-packages/airflow/example_dags/example_branch_datetime_operator.py took 0.112 seconds
[2022-05-23 18:12:24,009] {processor.py:153} INFO - Started process (PID=1018) to work on /home/airflow/.local/lib/python3.7/site-packages/airflow/example_dags/example_branch_datetime_operator.py
[2022-05-23 18:12:24,009] {processor.py:641} INFO - Processing file /home/airflow/.local/lib/python3.7/site-packages/airflow/example_dags/example_branch_datetime_operator.py for tasks to queue
[2022-05-23 18:12:24,010] {logging_mixin.py:115} INFO - [2022-05-23 18:12:24,010] {dagbag.py:507} INFO - Filling up the DagBag from /home/airflow/.local/lib/python3.7/site-packages/airflow/example_dags/example_branch_datetime_operator.py
[2022-05-23 18:12:24,019] {processor.py:651} INFO - DAG(s) dict_keys(['example_branch_datetime_operator_2']) retrieved from /home/airflow/.local/lib/python3.7/site-packages/airflow/example_dags/example_branch_datetime_operator.py
[2022-05-23 18:12:24,050] {logging_mixin.py:115} INFO - [2022-05-23 18:12:24,050] {dag.py:2371} INFO - Sync 1 DAGs
[2022-05-23 18:12:24,078] {logging_mixin.py:115} INFO - [2022-05-23 18:12:24,078] {dag.py:2919} INFO - Setting next_dagrun for example_branch_datetime_operator_2 to 2022-05-22T00:00:00+00:00, run_after=2022-05-23T00:00:00+00:00
[2022-05-23 18:12:24,114] {processor.py:161} INFO - Processing /home/airflow/.local/lib/python3.7/site-packages/airflow/example_dags/example_branch_datetime_operator.py took 0.108 seconds
[2022-05-23 18:12:54,912] {processor.py:153} INFO - Started process (PID=1071) to work on /home/airflow/.local/lib/python3.7/site-packages/airflow/example_dags/example_branch_datetime_operator.py
[2022-05-23 18:12:55,273] {processor.py:641} INFO - Processing file /home/airflow/.local/lib/python3.7/site-packages/airflow/example_dags/example_branch_datetime_operator.py for tasks to queue
[2022-05-23 18:12:55,274] {logging_mixin.py:115} INFO - [2022-05-23 18:12:55,274] {dagbag.py:507} INFO - Filling up the DagBag from /home/airflow/.local/lib/python3.7/site-packages/airflow/example_dags/example_branch_datetime_operator.py
[2022-05-23 18:12:55,294] {processor.py:651} INFO - DAG(s) dict_keys(['example_branch_datetime_operator_2']) retrieved from /home/airflow/.local/lib/python3.7/site-packages/airflow/example_dags/example_branch_datetime_operator.py
[2022-05-23 18:12:55,329] {logging_mixin.py:115} INFO - [2022-05-23 18:12:55,328] {dag.py:2371} INFO - Sync 1 DAGs
[2022-05-23 18:12:55,356] {logging_mixin.py:115} INFO - [2022-05-23 18:12:55,356] {dag.py:2919} INFO - Setting next_dagrun for example_branch_datetime_operator_2 to 2022-05-22T00:00:00+00:00, run_after=2022-05-23T00:00:00+00:00
[2022-05-23 18:12:55,471] {processor.py:161} INFO - Processing /home/airflow/.local/lib/python3.7/site-packages/airflow/example_dags/example_branch_datetime_operator.py took 0.567 seconds
[2022-05-23 18:13:26,138] {processor.py:153} INFO - Started process (PID=1125) to work on /home/airflow/.local/lib/python3.7/site-packages/airflow/example_dags/example_branch_datetime_operator.py
[2022-05-23 18:13:26,138] {processor.py:641} INFO - Processing file /home/airflow/.local/lib/python3.7/site-packages/airflow/example_dags/example_branch_datetime_operator.py for tasks to queue
[2022-05-23 18:13:26,139] {logging_mixin.py:115} INFO - [2022-05-23 18:13:26,138] {dagbag.py:507} INFO - Filling up the DagBag from /home/airflow/.local/lib/python3.7/site-packages/airflow/example_dags/example_branch_datetime_operator.py
[2022-05-23 18:13:26,147] {processor.py:651} INFO - DAG(s) dict_keys(['example_branch_datetime_operator_2']) retrieved from /home/airflow/.local/lib/python3.7/site-packages/airflow/example_dags/example_branch_datetime_operator.py
[2022-05-23 18:13:26,177] {logging_mixin.py:115} INFO - [2022-05-23 18:13:26,177] {dag.py:2371} INFO - Sync 1 DAGs
[2022-05-23 18:13:26,205] {logging_mixin.py:115} INFO - [2022-05-23 18:13:26,205] {dag.py:2919} INFO - Setting next_dagrun for example_branch_datetime_operator_2 to 2022-05-22T00:00:00+00:00, run_after=2022-05-23T00:00:00+00:00
[2022-05-23 18:13:26,260] {processor.py:161} INFO - Processing /home/airflow/.local/lib/python3.7/site-packages/airflow/example_dags/example_branch_datetime_operator.py took 0.125 seconds
[2022-05-23 18:13:56,659] {processor.py:153} INFO - Started process (PID=1188) to work on /home/airflow/.local/lib/python3.7/site-packages/airflow/example_dags/example_branch_datetime_operator.py
[2022-05-23 18:13:56,693] {processor.py:641} INFO - Processing file /home/airflow/.local/lib/python3.7/site-packages/airflow/example_dags/example_branch_datetime_operator.py for tasks to queue
[2022-05-23 18:13:56,693] {logging_mixin.py:115} INFO - [2022-05-23 18:13:56,693] {dagbag.py:507} INFO - Filling up the DagBag from /home/airflow/.local/lib/python3.7/site-packages/airflow/example_dags/example_branch_datetime_operator.py
[2022-05-23 18:13:56,701] {processor.py:651} INFO - DAG(s) dict_keys(['example_branch_datetime_operator_2']) retrieved from /home/airflow/.local/lib/python3.7/site-packages/airflow/example_dags/example_branch_datetime_operator.py
[2022-05-23 18:13:56,841] {logging_mixin.py:115} INFO - [2022-05-23 18:13:56,841] {dag.py:2371} INFO - Sync 1 DAGs
[2022-05-23 18:13:56,872] {logging_mixin.py:115} INFO - [2022-05-23 18:13:56,872] {dag.py:2919} INFO - Setting next_dagrun for example_branch_datetime_operator_2 to 2022-05-22T00:00:00+00:00, run_after=2022-05-23T00:00:00+00:00
[2022-05-23 18:13:56,904] {processor.py:161} INFO - Processing /home/airflow/.local/lib/python3.7/site-packages/airflow/example_dags/example_branch_datetime_operator.py took 0.247 seconds
[2022-05-23 18:14:27,477] {processor.py:153} INFO - Started process (PID=1242) to work on /home/airflow/.local/lib/python3.7/site-packages/airflow/example_dags/example_branch_datetime_operator.py
[2022-05-23 18:14:27,478] {processor.py:641} INFO - Processing file /home/airflow/.local/lib/python3.7/site-packages/airflow/example_dags/example_branch_datetime_operator.py for tasks to queue
[2022-05-23 18:14:27,478] {logging_mixin.py:115} INFO - [2022-05-23 18:14:27,478] {dagbag.py:507} INFO - Filling up the DagBag from /home/airflow/.local/lib/python3.7/site-packages/airflow/example_dags/example_branch_datetime_operator.py
[2022-05-23 18:14:27,486] {processor.py:651} INFO - DAG(s) dict_keys(['example_branch_datetime_operator_2']) retrieved from /home/airflow/.local/lib/python3.7/site-packages/airflow/example_dags/example_branch_datetime_operator.py
[2022-05-23 18:14:27,621] {logging_mixin.py:115} INFO - [2022-05-23 18:14:27,621] {dag.py:2371} INFO - Sync 1 DAGs
[2022-05-23 18:14:27,646] {logging_mixin.py:115} INFO - [2022-05-23 18:14:27,646] {dag.py:2919} INFO - Setting next_dagrun for example_branch_datetime_operator_2 to 2022-05-22T00:00:00+00:00, run_after=2022-05-23T00:00:00+00:00
[2022-05-23 18:14:27,681] {processor.py:161} INFO - Processing /home/airflow/.local/lib/python3.7/site-packages/airflow/example_dags/example_branch_datetime_operator.py took 0.207 seconds
[2022-05-23 18:14:58,178] {processor.py:153} INFO - Started process (PID=1305) to work on /home/airflow/.local/lib/python3.7/site-packages/airflow/example_dags/example_branch_datetime_operator.py
[2022-05-23 18:14:59,040] {processor.py:641} INFO - Processing file /home/airflow/.local/lib/python3.7/site-packages/airflow/example_dags/example_branch_datetime_operator.py for tasks to queue
[2022-05-23 18:14:59,041] {logging_mixin.py:115} INFO - [2022-05-23 18:14:59,041] {dagbag.py:507} INFO - Filling up the DagBag from /home/airflow/.local/lib/python3.7/site-packages/airflow/example_dags/example_branch_datetime_operator.py
[2022-05-23 18:14:59,048] {processor.py:651} INFO - DAG(s) dict_keys(['example_branch_datetime_operator_2']) retrieved from /home/airflow/.local/lib/python3.7/site-packages/airflow/example_dags/example_branch_datetime_operator.py
[2022-05-23 18:14:59,182] {logging_mixin.py:115} INFO - [2022-05-23 18:14:59,182] {dag.py:2371} INFO - Sync 1 DAGs
[2022-05-23 18:14:59,210] {logging_mixin.py:115} INFO - [2022-05-23 18:14:59,210] {dag.py:2919} INFO - Setting next_dagrun for example_branch_datetime_operator_2 to 2022-05-22T00:00:00+00:00, run_after=2022-05-23T00:00:00+00:00
[2022-05-23 18:14:59,263] {processor.py:161} INFO - Processing /home/airflow/.local/lib/python3.7/site-packages/airflow/example_dags/example_branch_datetime_operator.py took 1.089 seconds
[2022-05-23 18:15:29,768] {processor.py:153} INFO - Started process (PID=1360) to work on /home/airflow/.local/lib/python3.7/site-packages/airflow/example_dags/example_branch_datetime_operator.py
[2022-05-23 18:15:29,770] {processor.py:641} INFO - Processing file /home/airflow/.local/lib/python3.7/site-packages/airflow/example_dags/example_branch_datetime_operator.py for tasks to queue
[2022-05-23 18:15:29,771] {logging_mixin.py:115} INFO - [2022-05-23 18:15:29,771] {dagbag.py:507} INFO - Filling up the DagBag from /home/airflow/.local/lib/python3.7/site-packages/airflow/example_dags/example_branch_datetime_operator.py
[2022-05-23 18:15:29,786] {processor.py:651} INFO - DAG(s) dict_keys(['example_branch_datetime_operator_2']) retrieved from /home/airflow/.local/lib/python3.7/site-packages/airflow/example_dags/example_branch_datetime_operator.py
[2022-05-23 18:15:29,956] {logging_mixin.py:115} INFO - [2022-05-23 18:15:29,956] {dag.py:2371} INFO - Sync 1 DAGs
[2022-05-23 18:15:29,984] {logging_mixin.py:115} INFO - [2022-05-23 18:15:29,984] {dag.py:2919} INFO - Setting next_dagrun for example_branch_datetime_operator_2 to 2022-05-22T00:00:00+00:00, run_after=2022-05-23T00:00:00+00:00
[2022-05-23 18:15:30,073] {processor.py:161} INFO - Processing /home/airflow/.local/lib/python3.7/site-packages/airflow/example_dags/example_branch_datetime_operator.py took 0.315 seconds
[2022-05-23 18:16:00,785] {processor.py:153} INFO - Started process (PID=1414) to work on /home/airflow/.local/lib/python3.7/site-packages/airflow/example_dags/example_branch_datetime_operator.py
[2022-05-23 18:16:00,786] {processor.py:641} INFO - Processing file /home/airflow/.local/lib/python3.7/site-packages/airflow/example_dags/example_branch_datetime_operator.py for tasks to queue
[2022-05-23 18:16:00,787] {logging_mixin.py:115} INFO - [2022-05-23 18:16:00,786] {dagbag.py:507} INFO - Filling up the DagBag from /home/airflow/.local/lib/python3.7/site-packages/airflow/example_dags/example_branch_datetime_operator.py
[2022-05-23 18:16:00,803] {processor.py:651} INFO - DAG(s) dict_keys(['example_branch_datetime_operator_2']) retrieved from /home/airflow/.local/lib/python3.7/site-packages/airflow/example_dags/example_branch_datetime_operator.py
[2022-05-23 18:16:00,947] {logging_mixin.py:115} INFO - [2022-05-23 18:16:00,947] {dag.py:2371} INFO - Sync 1 DAGs
[2022-05-23 18:16:00,977] {logging_mixin.py:115} INFO - [2022-05-23 18:16:00,977] {dag.py:2919} INFO - Setting next_dagrun for example_branch_datetime_operator_2 to 2022-05-22T00:00:00+00:00, run_after=2022-05-23T00:00:00+00:00
[2022-05-23 18:16:02,140] {processor.py:161} INFO - Processing /home/airflow/.local/lib/python3.7/site-packages/airflow/example_dags/example_branch_datetime_operator.py took 1.362 seconds
[2022-05-23 18:16:32,397] {processor.py:153} INFO - Started process (PID=1478) to work on /home/airflow/.local/lib/python3.7/site-packages/airflow/example_dags/example_branch_datetime_operator.py
[2022-05-23 18:16:32,398] {processor.py:641} INFO - Processing file /home/airflow/.local/lib/python3.7/site-packages/airflow/example_dags/example_branch_datetime_operator.py for tasks to queue
[2022-05-23 18:16:32,399] {logging_mixin.py:115} INFO - [2022-05-23 18:16:32,398] {dagbag.py:507} INFO - Filling up the DagBag from /home/airflow/.local/lib/python3.7/site-packages/airflow/example_dags/example_branch_datetime_operator.py
[2022-05-23 18:16:32,412] {processor.py:651} INFO - DAG(s) dict_keys(['example_branch_datetime_operator_2']) retrieved from /home/airflow/.local/lib/python3.7/site-packages/airflow/example_dags/example_branch_datetime_operator.py
[2022-05-23 18:16:32,562] {logging_mixin.py:115} INFO - [2022-05-23 18:16:32,562] {dag.py:2371} INFO - Sync 1 DAGs
[2022-05-23 18:16:32,593] {logging_mixin.py:115} INFO - [2022-05-23 18:16:32,593] {dag.py:2919} INFO - Setting next_dagrun for example_branch_datetime_operator_2 to 2022-05-22T00:00:00+00:00, run_after=2022-05-23T00:00:00+00:00
[2022-05-23 18:16:32,633] {processor.py:161} INFO - Processing /home/airflow/.local/lib/python3.7/site-packages/airflow/example_dags/example_branch_datetime_operator.py took 0.241 seconds
[2022-05-23 18:17:02,819] {processor.py:153} INFO - Started process (PID=1532) to work on /home/airflow/.local/lib/python3.7/site-packages/airflow/example_dags/example_branch_datetime_operator.py
[2022-05-23 18:17:02,819] {processor.py:641} INFO - Processing file /home/airflow/.local/lib/python3.7/site-packages/airflow/example_dags/example_branch_datetime_operator.py for tasks to queue
[2022-05-23 18:17:02,820] {logging_mixin.py:115} INFO - [2022-05-23 18:17:02,819] {dagbag.py:507} INFO - Filling up the DagBag from /home/airflow/.local/lib/python3.7/site-packages/airflow/example_dags/example_branch_datetime_operator.py
[2022-05-23 18:17:02,829] {processor.py:651} INFO - DAG(s) dict_keys(['example_branch_datetime_operator_2']) retrieved from /home/airflow/.local/lib/python3.7/site-packages/airflow/example_dags/example_branch_datetime_operator.py
[2022-05-23 18:17:02,985] {logging_mixin.py:115} INFO - [2022-05-23 18:17:02,985] {dag.py:2371} INFO - Sync 1 DAGs
[2022-05-23 18:17:03,025] {logging_mixin.py:115} INFO - [2022-05-23 18:17:03,025] {dag.py:2919} INFO - Setting next_dagrun for example_branch_datetime_operator_2 to 2022-05-22T00:00:00+00:00, run_after=2022-05-23T00:00:00+00:00
[2022-05-23 18:17:03,063] {processor.py:161} INFO - Processing /home/airflow/.local/lib/python3.7/site-packages/airflow/example_dags/example_branch_datetime_operator.py took 0.248 seconds
[2022-05-23 18:17:35,640] {processor.py:153} INFO - Started process (PID=1587) to work on /home/airflow/.local/lib/python3.7/site-packages/airflow/example_dags/example_branch_datetime_operator.py
[2022-05-23 18:17:35,764] {processor.py:641} INFO - Processing file /home/airflow/.local/lib/python3.7/site-packages/airflow/example_dags/example_branch_datetime_operator.py for tasks to queue
[2022-05-23 18:17:35,765] {logging_mixin.py:115} INFO - [2022-05-23 18:17:35,765] {dagbag.py:507} INFO - Filling up the DagBag from /home/airflow/.local/lib/python3.7/site-packages/airflow/example_dags/example_branch_datetime_operator.py
[2022-05-23 18:17:35,777] {processor.py:651} INFO - DAG(s) dict_keys(['example_branch_datetime_operator_2']) retrieved from /home/airflow/.local/lib/python3.7/site-packages/airflow/example_dags/example_branch_datetime_operator.py
[2022-05-23 18:17:35,933] {logging_mixin.py:115} INFO - [2022-05-23 18:17:35,933] {dag.py:2371} INFO - Sync 1 DAGs
[2022-05-23 18:17:35,970] {logging_mixin.py:115} INFO - [2022-05-23 18:17:35,970] {dag.py:2919} INFO - Setting next_dagrun for example_branch_datetime_operator_2 to 2022-05-22T00:00:00+00:00, run_after=2022-05-23T00:00:00+00:00
[2022-05-23 18:17:36,154] {processor.py:161} INFO - Processing /home/airflow/.local/lib/python3.7/site-packages/airflow/example_dags/example_branch_datetime_operator.py took 0.517 seconds
[2022-05-23 18:18:06,271] {processor.py:153} INFO - Started process (PID=1641) to work on /home/airflow/.local/lib/python3.7/site-packages/airflow/example_dags/example_branch_datetime_operator.py
[2022-05-23 18:18:06,420] {processor.py:641} INFO - Processing file /home/airflow/.local/lib/python3.7/site-packages/airflow/example_dags/example_branch_datetime_operator.py for tasks to queue
[2022-05-23 18:18:06,421] {logging_mixin.py:115} INFO - [2022-05-23 18:18:06,421] {dagbag.py:507} INFO - Filling up the DagBag from /home/airflow/.local/lib/python3.7/site-packages/airflow/example_dags/example_branch_datetime_operator.py
[2022-05-23 18:18:06,440] {processor.py:651} INFO - DAG(s) dict_keys(['example_branch_datetime_operator_2']) retrieved from /home/airflow/.local/lib/python3.7/site-packages/airflow/example_dags/example_branch_datetime_operator.py
[2022-05-23 18:18:06,609] {logging_mixin.py:115} INFO - [2022-05-23 18:18:06,609] {dag.py:2371} INFO - Sync 1 DAGs
[2022-05-23 18:18:06,646] {logging_mixin.py:115} INFO - [2022-05-23 18:18:06,646] {dag.py:2919} INFO - Setting next_dagrun for example_branch_datetime_operator_2 to 2022-05-22T00:00:00+00:00, run_after=2022-05-23T00:00:00+00:00
[2022-05-23 18:18:07,526] {processor.py:161} INFO - Processing /home/airflow/.local/lib/python3.7/site-packages/airflow/example_dags/example_branch_datetime_operator.py took 1.260 seconds
[2022-05-23 18:20:53,988] {processor.py:153} INFO - Started process (PID=47) to work on /home/airflow/.local/lib/python3.7/site-packages/airflow/example_dags/example_branch_datetime_operator.py
[2022-05-23 18:20:54,237] {processor.py:641} INFO - Processing file /home/airflow/.local/lib/python3.7/site-packages/airflow/example_dags/example_branch_datetime_operator.py for tasks to queue
[2022-05-23 18:20:54,238] {logging_mixin.py:115} INFO - [2022-05-23 18:20:54,238] {dagbag.py:507} INFO - Filling up the DagBag from /home/airflow/.local/lib/python3.7/site-packages/airflow/example_dags/example_branch_datetime_operator.py
[2022-05-23 18:20:54,614] {processor.py:651} INFO - DAG(s) dict_keys(['example_branch_datetime_operator_2']) retrieved from /home/airflow/.local/lib/python3.7/site-packages/airflow/example_dags/example_branch_datetime_operator.py
[2022-05-23 18:20:55,163] {logging_mixin.py:115} INFO - [2022-05-23 18:20:55,163] {dag.py:2371} INFO - Sync 1 DAGs
[2022-05-23 18:20:55,439] {logging_mixin.py:115} INFO - [2022-05-23 18:20:55,439] {dag.py:2919} INFO - Setting next_dagrun for example_branch_datetime_operator_2 to 2022-05-22T00:00:00+00:00, run_after=2022-05-23T00:00:00+00:00
[2022-05-23 18:20:55,539] {processor.py:161} INFO - Processing /home/airflow/.local/lib/python3.7/site-packages/airflow/example_dags/example_branch_datetime_operator.py took 1.557 seconds
[2022-05-23 18:21:25,700] {processor.py:153} INFO - Started process (PID=109) to work on /home/airflow/.local/lib/python3.7/site-packages/airflow/example_dags/example_branch_datetime_operator.py
[2022-05-23 18:21:25,701] {processor.py:641} INFO - Processing file /home/airflow/.local/lib/python3.7/site-packages/airflow/example_dags/example_branch_datetime_operator.py for tasks to queue
[2022-05-23 18:21:25,701] {logging_mixin.py:115} INFO - [2022-05-23 18:21:25,701] {dagbag.py:507} INFO - Filling up the DagBag from /home/airflow/.local/lib/python3.7/site-packages/airflow/example_dags/example_branch_datetime_operator.py
[2022-05-23 18:21:25,711] {processor.py:651} INFO - DAG(s) dict_keys(['example_branch_datetime_operator_2']) retrieved from /home/airflow/.local/lib/python3.7/site-packages/airflow/example_dags/example_branch_datetime_operator.py
[2022-05-23 18:21:25,743] {logging_mixin.py:115} INFO - [2022-05-23 18:21:25,743] {dag.py:2371} INFO - Sync 1 DAGs
[2022-05-23 18:21:25,885] {logging_mixin.py:115} INFO - [2022-05-23 18:21:25,885] {dag.py:2919} INFO - Setting next_dagrun for example_branch_datetime_operator_2 to 2022-05-22T00:00:00+00:00, run_after=2022-05-23T00:00:00+00:00
[2022-05-23 18:21:26,027] {processor.py:161} INFO - Processing /home/airflow/.local/lib/python3.7/site-packages/airflow/example_dags/example_branch_datetime_operator.py took 0.331 seconds
[2022-05-23 18:21:56,777] {processor.py:153} INFO - Started process (PID=168) to work on /home/airflow/.local/lib/python3.7/site-packages/airflow/example_dags/example_branch_datetime_operator.py
[2022-05-23 18:21:56,802] {processor.py:641} INFO - Processing file /home/airflow/.local/lib/python3.7/site-packages/airflow/example_dags/example_branch_datetime_operator.py for tasks to queue
[2022-05-23 18:21:56,804] {logging_mixin.py:115} INFO - [2022-05-23 18:21:56,804] {dagbag.py:507} INFO - Filling up the DagBag from /home/airflow/.local/lib/python3.7/site-packages/airflow/example_dags/example_branch_datetime_operator.py
[2022-05-23 18:21:56,888] {processor.py:651} INFO - DAG(s) dict_keys(['example_branch_datetime_operator_2']) retrieved from /home/airflow/.local/lib/python3.7/site-packages/airflow/example_dags/example_branch_datetime_operator.py
[2022-05-23 18:21:56,985] {logging_mixin.py:115} INFO - [2022-05-23 18:21:56,985] {dag.py:2371} INFO - Sync 1 DAGs
[2022-05-23 18:21:57,142] {logging_mixin.py:115} INFO - [2022-05-23 18:21:57,142] {dag.py:2919} INFO - Setting next_dagrun for example_branch_datetime_operator_2 to 2022-05-22T00:00:00+00:00, run_after=2022-05-23T00:00:00+00:00
[2022-05-23 18:21:57,261] {processor.py:161} INFO - Processing /home/airflow/.local/lib/python3.7/site-packages/airflow/example_dags/example_branch_datetime_operator.py took 0.487 seconds
[2022-05-23 18:22:27,660] {processor.py:153} INFO - Started process (PID=222) to work on /home/airflow/.local/lib/python3.7/site-packages/airflow/example_dags/example_branch_datetime_operator.py
[2022-05-23 18:22:27,661] {processor.py:641} INFO - Processing file /home/airflow/.local/lib/python3.7/site-packages/airflow/example_dags/example_branch_datetime_operator.py for tasks to queue
[2022-05-23 18:22:27,662] {logging_mixin.py:115} INFO - [2022-05-23 18:22:27,661] {dagbag.py:507} INFO - Filling up the DagBag from /home/airflow/.local/lib/python3.7/site-packages/airflow/example_dags/example_branch_datetime_operator.py
[2022-05-23 18:22:27,672] {processor.py:651} INFO - DAG(s) dict_keys(['example_branch_datetime_operator_2']) retrieved from /home/airflow/.local/lib/python3.7/site-packages/airflow/example_dags/example_branch_datetime_operator.py
[2022-05-23 18:22:27,703] {logging_mixin.py:115} INFO - [2022-05-23 18:22:27,703] {dag.py:2371} INFO - Sync 1 DAGs
[2022-05-23 18:22:27,852] {logging_mixin.py:115} INFO - [2022-05-23 18:22:27,852] {dag.py:2919} INFO - Setting next_dagrun for example_branch_datetime_operator_2 to 2022-05-22T00:00:00+00:00, run_after=2022-05-23T00:00:00+00:00
[2022-05-23 18:22:27,881] {processor.py:161} INFO - Processing /home/airflow/.local/lib/python3.7/site-packages/airflow/example_dags/example_branch_datetime_operator.py took 0.227 seconds
[2022-05-23 18:22:57,941] {processor.py:153} INFO - Started process (PID=275) to work on /home/airflow/.local/lib/python3.7/site-packages/airflow/example_dags/example_branch_datetime_operator.py
[2022-05-23 18:22:58,759] {processor.py:641} INFO - Processing file /home/airflow/.local/lib/python3.7/site-packages/airflow/example_dags/example_branch_datetime_operator.py for tasks to queue
[2022-05-23 18:22:58,761] {logging_mixin.py:115} INFO - [2022-05-23 18:22:58,760] {dagbag.py:507} INFO - Filling up the DagBag from /home/airflow/.local/lib/python3.7/site-packages/airflow/example_dags/example_branch_datetime_operator.py
[2022-05-23 18:22:58,785] {processor.py:651} INFO - DAG(s) dict_keys(['example_branch_datetime_operator_2']) retrieved from /home/airflow/.local/lib/python3.7/site-packages/airflow/example_dags/example_branch_datetime_operator.py
[2022-05-23 18:22:58,827] {logging_mixin.py:115} INFO - [2022-05-23 18:22:58,827] {dag.py:2371} INFO - Sync 1 DAGs
[2022-05-23 18:22:59,054] {logging_mixin.py:115} INFO - [2022-05-23 18:22:59,054] {dag.py:2919} INFO - Setting next_dagrun for example_branch_datetime_operator_2 to 2022-05-22T00:00:00+00:00, run_after=2022-05-23T00:00:00+00:00
[2022-05-23 18:22:59,179] {processor.py:161} INFO - Processing /home/airflow/.local/lib/python3.7/site-packages/airflow/example_dags/example_branch_datetime_operator.py took 1.249 seconds
