[2022-05-23 17:10:19,755] {processor.py:153} INFO - Started process (PID=95) to work on /home/airflow/.local/lib/python3.7/site-packages/airflow/example_dags/example_bash_operator.py
[2022-05-23 17:10:19,755] {processor.py:641} INFO - Processing file /home/airflow/.local/lib/python3.7/site-packages/airflow/example_dags/example_bash_operator.py for tasks to queue
[2022-05-23 17:10:19,756] {logging_mixin.py:115} INFO - [2022-05-23 17:10:19,756] {dagbag.py:507} INFO - Filling up the DagBag from /home/airflow/.local/lib/python3.7/site-packages/airflow/example_dags/example_bash_operator.py
[2022-05-23 17:10:19,771] {processor.py:651} INFO - DAG(s) dict_keys(['example_bash_operator']) retrieved from /home/airflow/.local/lib/python3.7/site-packages/airflow/example_dags/example_bash_operator.py
[2022-05-23 17:10:20,202] {logging_mixin.py:115} INFO - [2022-05-23 17:10:20,202] {manager.py:508} INFO - Created Permission View: can read on DAG:example_bash_operator
[2022-05-23 17:10:20,357] {logging_mixin.py:115} INFO - [2022-05-23 17:10:20,357] {manager.py:508} INFO - Created Permission View: can edit on DAG:example_bash_operator
[2022-05-23 17:10:20,440] {logging_mixin.py:115} INFO - [2022-05-23 17:10:20,440] {manager.py:508} INFO - Created Permission View: can delete on DAG:example_bash_operator
[2022-05-23 17:10:20,440] {logging_mixin.py:115} INFO - [2022-05-23 17:10:20,440] {dag.py:2371} INFO - Sync 1 DAGs
[2022-05-23 17:10:20,454] {logging_mixin.py:115} INFO - [2022-05-23 17:10:20,454] {dag.py:2390} INFO - Creating ORM DAG for example_bash_operator
[2022-05-23 17:10:20,479] {logging_mixin.py:115} INFO - [2022-05-23 17:10:20,479] {dag.py:2919} INFO - Setting next_dagrun for example_bash_operator to 2022-05-22T00:00:00+00:00, run_after=2022-05-23T00:00:00+00:00
[2022-05-23 17:10:20,605] {processor.py:161} INFO - Processing /home/airflow/.local/lib/python3.7/site-packages/airflow/example_dags/example_bash_operator.py took 0.853 seconds
[2022-05-23 17:10:50,933] {processor.py:153} INFO - Started process (PID=149) to work on /home/airflow/.local/lib/python3.7/site-packages/airflow/example_dags/example_bash_operator.py
[2022-05-23 17:10:51,037] {processor.py:641} INFO - Processing file /home/airflow/.local/lib/python3.7/site-packages/airflow/example_dags/example_bash_operator.py for tasks to queue
[2022-05-23 17:10:51,037] {logging_mixin.py:115} INFO - [2022-05-23 17:10:51,037] {dagbag.py:507} INFO - Filling up the DagBag from /home/airflow/.local/lib/python3.7/site-packages/airflow/example_dags/example_bash_operator.py
[2022-05-23 17:10:51,051] {processor.py:651} INFO - DAG(s) dict_keys(['example_bash_operator']) retrieved from /home/airflow/.local/lib/python3.7/site-packages/airflow/example_dags/example_bash_operator.py
[2022-05-23 17:10:51,083] {logging_mixin.py:115} INFO - [2022-05-23 17:10:51,083] {dag.py:2371} INFO - Sync 1 DAGs
[2022-05-23 17:10:51,227] {logging_mixin.py:115} INFO - [2022-05-23 17:10:51,227] {dag.py:2919} INFO - Setting next_dagrun for example_bash_operator to 2022-05-22T00:00:00+00:00, run_after=2022-05-23T00:00:00+00:00
[2022-05-23 17:10:52,635] {processor.py:161} INFO - Processing /home/airflow/.local/lib/python3.7/site-packages/airflow/example_dags/example_bash_operator.py took 1.705 seconds
[2022-05-23 17:11:22,824] {processor.py:153} INFO - Started process (PID=200) to work on /home/airflow/.local/lib/python3.7/site-packages/airflow/example_dags/example_bash_operator.py
[2022-05-23 17:11:22,849] {processor.py:641} INFO - Processing file /home/airflow/.local/lib/python3.7/site-packages/airflow/example_dags/example_bash_operator.py for tasks to queue
[2022-05-23 17:11:22,850] {logging_mixin.py:115} INFO - [2022-05-23 17:11:22,850] {dagbag.py:507} INFO - Filling up the DagBag from /home/airflow/.local/lib/python3.7/site-packages/airflow/example_dags/example_bash_operator.py
[2022-05-23 17:11:22,881] {processor.py:651} INFO - DAG(s) dict_keys(['example_bash_operator']) retrieved from /home/airflow/.local/lib/python3.7/site-packages/airflow/example_dags/example_bash_operator.py
[2022-05-23 17:11:22,917] {logging_mixin.py:115} INFO - [2022-05-23 17:11:22,917] {dag.py:2371} INFO - Sync 1 DAGs
[2022-05-23 17:11:23,065] {logging_mixin.py:115} INFO - [2022-05-23 17:11:23,065] {dag.py:2919} INFO - Setting next_dagrun for example_bash_operator to 2022-05-22T00:00:00+00:00, run_after=2022-05-23T00:00:00+00:00
[2022-05-23 17:11:23,138] {processor.py:161} INFO - Processing /home/airflow/.local/lib/python3.7/site-packages/airflow/example_dags/example_bash_operator.py took 0.323 seconds
[2022-05-23 17:11:53,563] {processor.py:153} INFO - Started process (PID=260) to work on /home/airflow/.local/lib/python3.7/site-packages/airflow/example_dags/example_bash_operator.py
[2022-05-23 17:11:53,920] {processor.py:641} INFO - Processing file /home/airflow/.local/lib/python3.7/site-packages/airflow/example_dags/example_bash_operator.py for tasks to queue
[2022-05-23 17:11:53,921] {logging_mixin.py:115} INFO - [2022-05-23 17:11:53,921] {dagbag.py:507} INFO - Filling up the DagBag from /home/airflow/.local/lib/python3.7/site-packages/airflow/example_dags/example_bash_operator.py
[2022-05-23 17:11:53,935] {processor.py:651} INFO - DAG(s) dict_keys(['example_bash_operator']) retrieved from /home/airflow/.local/lib/python3.7/site-packages/airflow/example_dags/example_bash_operator.py
[2022-05-23 17:11:53,967] {logging_mixin.py:115} INFO - [2022-05-23 17:11:53,967] {dag.py:2371} INFO - Sync 1 DAGs
[2022-05-23 17:11:54,113] {logging_mixin.py:115} INFO - [2022-05-23 17:11:54,113] {dag.py:2919} INFO - Setting next_dagrun for example_bash_operator to 2022-05-22T00:00:00+00:00, run_after=2022-05-23T00:00:00+00:00
[2022-05-23 17:11:54,843] {processor.py:161} INFO - Processing /home/airflow/.local/lib/python3.7/site-packages/airflow/example_dags/example_bash_operator.py took 1.287 seconds
[2022-05-23 17:28:28,876] {processor.py:153} INFO - Started process (PID=79) to work on /home/airflow/.local/lib/python3.7/site-packages/airflow/example_dags/example_bash_operator.py
[2022-05-23 17:28:28,889] {processor.py:641} INFO - Processing file /home/airflow/.local/lib/python3.7/site-packages/airflow/example_dags/example_bash_operator.py for tasks to queue
[2022-05-23 17:28:28,890] {logging_mixin.py:115} INFO - [2022-05-23 17:28:28,890] {dagbag.py:507} INFO - Filling up the DagBag from /home/airflow/.local/lib/python3.7/site-packages/airflow/example_dags/example_bash_operator.py
[2022-05-23 17:28:28,910] {processor.py:651} INFO - DAG(s) dict_keys(['example_bash_operator']) retrieved from /home/airflow/.local/lib/python3.7/site-packages/airflow/example_dags/example_bash_operator.py
[2022-05-23 17:28:28,941] {logging_mixin.py:115} INFO - [2022-05-23 17:28:28,941] {dag.py:2371} INFO - Sync 1 DAGs
[2022-05-23 17:28:29,086] {logging_mixin.py:115} INFO - [2022-05-23 17:28:29,086] {dag.py:2919} INFO - Setting next_dagrun for example_bash_operator to 2022-05-22T00:00:00+00:00, run_after=2022-05-23T00:00:00+00:00
[2022-05-23 17:28:29,135] {processor.py:161} INFO - Processing /home/airflow/.local/lib/python3.7/site-packages/airflow/example_dags/example_bash_operator.py took 0.262 seconds
[2022-05-23 17:29:01,576] {processor.py:153} INFO - Started process (PID=141) to work on /home/airflow/.local/lib/python3.7/site-packages/airflow/example_dags/example_bash_operator.py
[2022-05-23 17:29:01,576] {processor.py:641} INFO - Processing file /home/airflow/.local/lib/python3.7/site-packages/airflow/example_dags/example_bash_operator.py for tasks to queue
[2022-05-23 17:29:01,577] {logging_mixin.py:115} INFO - [2022-05-23 17:29:01,577] {dagbag.py:507} INFO - Filling up the DagBag from /home/airflow/.local/lib/python3.7/site-packages/airflow/example_dags/example_bash_operator.py
[2022-05-23 17:29:01,589] {processor.py:651} INFO - DAG(s) dict_keys(['example_bash_operator']) retrieved from /home/airflow/.local/lib/python3.7/site-packages/airflow/example_dags/example_bash_operator.py
[2022-05-23 17:29:01,630] {logging_mixin.py:115} INFO - [2022-05-23 17:29:01,630] {dag.py:2371} INFO - Sync 1 DAGs
[2022-05-23 17:29:01,791] {logging_mixin.py:115} INFO - [2022-05-23 17:29:01,791] {dag.py:2919} INFO - Setting next_dagrun for example_bash_operator to 2022-05-22T00:00:00+00:00, run_after=2022-05-23T00:00:00+00:00
[2022-05-23 17:29:02,043] {processor.py:161} INFO - Processing /home/airflow/.local/lib/python3.7/site-packages/airflow/example_dags/example_bash_operator.py took 0.470 seconds
[2022-05-23 17:29:32,437] {processor.py:153} INFO - Started process (PID=196) to work on /home/airflow/.local/lib/python3.7/site-packages/airflow/example_dags/example_bash_operator.py
[2022-05-23 17:29:32,796] {processor.py:641} INFO - Processing file /home/airflow/.local/lib/python3.7/site-packages/airflow/example_dags/example_bash_operator.py for tasks to queue
[2022-05-23 17:29:32,797] {logging_mixin.py:115} INFO - [2022-05-23 17:29:32,797] {dagbag.py:507} INFO - Filling up the DagBag from /home/airflow/.local/lib/python3.7/site-packages/airflow/example_dags/example_bash_operator.py
[2022-05-23 17:29:32,813] {processor.py:651} INFO - DAG(s) dict_keys(['example_bash_operator']) retrieved from /home/airflow/.local/lib/python3.7/site-packages/airflow/example_dags/example_bash_operator.py
[2022-05-23 17:29:32,853] {logging_mixin.py:115} INFO - [2022-05-23 17:29:32,852] {dag.py:2371} INFO - Sync 1 DAGs
[2022-05-23 17:29:32,993] {logging_mixin.py:115} INFO - [2022-05-23 17:29:32,993] {dag.py:2919} INFO - Setting next_dagrun for example_bash_operator to 2022-05-22T00:00:00+00:00, run_after=2022-05-23T00:00:00+00:00
[2022-05-23 17:29:34,101] {processor.py:161} INFO - Processing /home/airflow/.local/lib/python3.7/site-packages/airflow/example_dags/example_bash_operator.py took 1.666 seconds
[2022-05-23 17:30:04,238] {processor.py:153} INFO - Started process (PID=258) to work on /home/airflow/.local/lib/python3.7/site-packages/airflow/example_dags/example_bash_operator.py
[2022-05-23 17:30:04,355] {processor.py:641} INFO - Processing file /home/airflow/.local/lib/python3.7/site-packages/airflow/example_dags/example_bash_operator.py for tasks to queue
[2022-05-23 17:30:04,356] {logging_mixin.py:115} INFO - [2022-05-23 17:30:04,356] {dagbag.py:507} INFO - Filling up the DagBag from /home/airflow/.local/lib/python3.7/site-packages/airflow/example_dags/example_bash_operator.py
[2022-05-23 17:30:04,378] {processor.py:651} INFO - DAG(s) dict_keys(['example_bash_operator']) retrieved from /home/airflow/.local/lib/python3.7/site-packages/airflow/example_dags/example_bash_operator.py
[2022-05-23 17:30:04,423] {logging_mixin.py:115} INFO - [2022-05-23 17:30:04,422] {dag.py:2371} INFO - Sync 1 DAGs
[2022-05-23 17:30:04,610] {logging_mixin.py:115} INFO - [2022-05-23 17:30:04,610] {dag.py:2919} INFO - Setting next_dagrun for example_bash_operator to 2022-05-22T00:00:00+00:00, run_after=2022-05-23T00:00:00+00:00
[2022-05-23 17:30:04,640] {processor.py:161} INFO - Processing /home/airflow/.local/lib/python3.7/site-packages/airflow/example_dags/example_bash_operator.py took 0.406 seconds
[2022-05-23 17:30:34,804] {processor.py:153} INFO - Started process (PID=313) to work on /home/airflow/.local/lib/python3.7/site-packages/airflow/example_dags/example_bash_operator.py
[2022-05-23 17:30:34,805] {processor.py:641} INFO - Processing file /home/airflow/.local/lib/python3.7/site-packages/airflow/example_dags/example_bash_operator.py for tasks to queue
[2022-05-23 17:30:34,805] {logging_mixin.py:115} INFO - [2022-05-23 17:30:34,805] {dagbag.py:507} INFO - Filling up the DagBag from /home/airflow/.local/lib/python3.7/site-packages/airflow/example_dags/example_bash_operator.py
[2022-05-23 17:30:34,819] {processor.py:651} INFO - DAG(s) dict_keys(['example_bash_operator']) retrieved from /home/airflow/.local/lib/python3.7/site-packages/airflow/example_dags/example_bash_operator.py
[2022-05-23 17:30:34,850] {logging_mixin.py:115} INFO - [2022-05-23 17:30:34,850] {dag.py:2371} INFO - Sync 1 DAGs
[2022-05-23 17:30:35,014] {logging_mixin.py:115} INFO - [2022-05-23 17:30:35,014] {dag.py:2919} INFO - Setting next_dagrun for example_bash_operator to 2022-05-22T00:00:00+00:00, run_after=2022-05-23T00:00:00+00:00
[2022-05-23 17:30:35,042] {processor.py:161} INFO - Processing /home/airflow/.local/lib/python3.7/site-packages/airflow/example_dags/example_bash_operator.py took 0.241 seconds
[2022-05-23 17:31:05,766] {processor.py:153} INFO - Started process (PID=368) to work on /home/airflow/.local/lib/python3.7/site-packages/airflow/example_dags/example_bash_operator.py
[2022-05-23 17:31:05,902] {processor.py:641} INFO - Processing file /home/airflow/.local/lib/python3.7/site-packages/airflow/example_dags/example_bash_operator.py for tasks to queue
[2022-05-23 17:31:05,904] {logging_mixin.py:115} INFO - [2022-05-23 17:31:05,904] {dagbag.py:507} INFO - Filling up the DagBag from /home/airflow/.local/lib/python3.7/site-packages/airflow/example_dags/example_bash_operator.py
[2022-05-23 17:31:05,938] {processor.py:651} INFO - DAG(s) dict_keys(['example_bash_operator']) retrieved from /home/airflow/.local/lib/python3.7/site-packages/airflow/example_dags/example_bash_operator.py
[2022-05-23 17:31:05,974] {logging_mixin.py:115} INFO - [2022-05-23 17:31:05,974] {dag.py:2371} INFO - Sync 1 DAGs
[2022-05-23 17:31:06,119] {logging_mixin.py:115} INFO - [2022-05-23 17:31:06,119] {dag.py:2919} INFO - Setting next_dagrun for example_bash_operator to 2022-05-22T00:00:00+00:00, run_after=2022-05-23T00:00:00+00:00
[2022-05-23 17:31:06,264] {processor.py:161} INFO - Processing /home/airflow/.local/lib/python3.7/site-packages/airflow/example_dags/example_bash_operator.py took 0.501 seconds
[2022-05-23 17:31:37,788] {processor.py:153} INFO - Started process (PID=430) to work on /home/airflow/.local/lib/python3.7/site-packages/airflow/example_dags/example_bash_operator.py
[2022-05-23 17:31:37,790] {processor.py:641} INFO - Processing file /home/airflow/.local/lib/python3.7/site-packages/airflow/example_dags/example_bash_operator.py for tasks to queue
[2022-05-23 17:31:37,791] {logging_mixin.py:115} INFO - [2022-05-23 17:31:37,791] {dagbag.py:507} INFO - Filling up the DagBag from /home/airflow/.local/lib/python3.7/site-packages/airflow/example_dags/example_bash_operator.py
[2022-05-23 17:31:37,804] {processor.py:651} INFO - DAG(s) dict_keys(['example_bash_operator']) retrieved from /home/airflow/.local/lib/python3.7/site-packages/airflow/example_dags/example_bash_operator.py
[2022-05-23 17:31:37,839] {logging_mixin.py:115} INFO - [2022-05-23 17:31:37,839] {dag.py:2371} INFO - Sync 1 DAGs
[2022-05-23 17:31:37,993] {logging_mixin.py:115} INFO - [2022-05-23 17:31:37,993] {dag.py:2919} INFO - Setting next_dagrun for example_bash_operator to 2022-05-22T00:00:00+00:00, run_after=2022-05-23T00:00:00+00:00
[2022-05-23 17:31:38,028] {processor.py:161} INFO - Processing /home/airflow/.local/lib/python3.7/site-packages/airflow/example_dags/example_bash_operator.py took 0.243 seconds
[2022-05-23 17:32:08,535] {processor.py:153} INFO - Started process (PID=484) to work on /home/airflow/.local/lib/python3.7/site-packages/airflow/example_dags/example_bash_operator.py
[2022-05-23 17:32:08,535] {processor.py:641} INFO - Processing file /home/airflow/.local/lib/python3.7/site-packages/airflow/example_dags/example_bash_operator.py for tasks to queue
[2022-05-23 17:32:08,536] {logging_mixin.py:115} INFO - [2022-05-23 17:32:08,536] {dagbag.py:507} INFO - Filling up the DagBag from /home/airflow/.local/lib/python3.7/site-packages/airflow/example_dags/example_bash_operator.py
[2022-05-23 17:32:08,547] {processor.py:651} INFO - DAG(s) dict_keys(['example_bash_operator']) retrieved from /home/airflow/.local/lib/python3.7/site-packages/airflow/example_dags/example_bash_operator.py
[2022-05-23 17:32:08,573] {logging_mixin.py:115} INFO - [2022-05-23 17:32:08,573] {dag.py:2371} INFO - Sync 1 DAGs
[2022-05-23 17:32:08,719] {logging_mixin.py:115} INFO - [2022-05-23 17:32:08,719] {dag.py:2919} INFO - Setting next_dagrun for example_bash_operator to 2022-05-22T00:00:00+00:00, run_after=2022-05-23T00:00:00+00:00
[2022-05-23 17:32:09,033] {processor.py:161} INFO - Processing /home/airflow/.local/lib/python3.7/site-packages/airflow/example_dags/example_bash_operator.py took 0.501 seconds
[2022-05-23 17:32:39,233] {processor.py:153} INFO - Started process (PID=547) to work on /home/airflow/.local/lib/python3.7/site-packages/airflow/example_dags/example_bash_operator.py
[2022-05-23 17:32:39,234] {processor.py:641} INFO - Processing file /home/airflow/.local/lib/python3.7/site-packages/airflow/example_dags/example_bash_operator.py for tasks to queue
[2022-05-23 17:32:39,235] {logging_mixin.py:115} INFO - [2022-05-23 17:32:39,234] {dagbag.py:507} INFO - Filling up the DagBag from /home/airflow/.local/lib/python3.7/site-packages/airflow/example_dags/example_bash_operator.py
[2022-05-23 17:32:39,251] {processor.py:651} INFO - DAG(s) dict_keys(['example_bash_operator']) retrieved from /home/airflow/.local/lib/python3.7/site-packages/airflow/example_dags/example_bash_operator.py
[2022-05-23 17:32:39,283] {logging_mixin.py:115} INFO - [2022-05-23 17:32:39,283] {dag.py:2371} INFO - Sync 1 DAGs
[2022-05-23 17:32:39,465] {logging_mixin.py:115} INFO - [2022-05-23 17:32:39,464] {dag.py:2919} INFO - Setting next_dagrun for example_bash_operator to 2022-05-22T00:00:00+00:00, run_after=2022-05-23T00:00:00+00:00
[2022-05-23 17:32:39,761] {processor.py:161} INFO - Processing /home/airflow/.local/lib/python3.7/site-packages/airflow/example_dags/example_bash_operator.py took 0.532 seconds
[2022-05-23 17:33:10,232] {processor.py:153} INFO - Started process (PID=601) to work on /home/airflow/.local/lib/python3.7/site-packages/airflow/example_dags/example_bash_operator.py
[2022-05-23 17:33:10,233] {processor.py:641} INFO - Processing file /home/airflow/.local/lib/python3.7/site-packages/airflow/example_dags/example_bash_operator.py for tasks to queue
[2022-05-23 17:33:10,233] {logging_mixin.py:115} INFO - [2022-05-23 17:33:10,233] {dagbag.py:507} INFO - Filling up the DagBag from /home/airflow/.local/lib/python3.7/site-packages/airflow/example_dags/example_bash_operator.py
[2022-05-23 17:33:10,248] {processor.py:651} INFO - DAG(s) dict_keys(['example_bash_operator']) retrieved from /home/airflow/.local/lib/python3.7/site-packages/airflow/example_dags/example_bash_operator.py
[2022-05-23 17:33:10,281] {logging_mixin.py:115} INFO - [2022-05-23 17:33:10,280] {dag.py:2371} INFO - Sync 1 DAGs
[2022-05-23 17:33:10,424] {logging_mixin.py:115} INFO - [2022-05-23 17:33:10,423] {dag.py:2919} INFO - Setting next_dagrun for example_bash_operator to 2022-05-22T00:00:00+00:00, run_after=2022-05-23T00:00:00+00:00
[2022-05-23 17:33:11,270] {processor.py:161} INFO - Processing /home/airflow/.local/lib/python3.7/site-packages/airflow/example_dags/example_bash_operator.py took 1.042 seconds
[2022-05-23 17:33:42,525] {processor.py:153} INFO - Started process (PID=666) to work on /home/airflow/.local/lib/python3.7/site-packages/airflow/example_dags/example_bash_operator.py
[2022-05-23 17:33:42,536] {processor.py:641} INFO - Processing file /home/airflow/.local/lib/python3.7/site-packages/airflow/example_dags/example_bash_operator.py for tasks to queue
[2022-05-23 17:33:42,537] {logging_mixin.py:115} INFO - [2022-05-23 17:33:42,537] {dagbag.py:507} INFO - Filling up the DagBag from /home/airflow/.local/lib/python3.7/site-packages/airflow/example_dags/example_bash_operator.py
[2022-05-23 17:33:42,566] {processor.py:651} INFO - DAG(s) dict_keys(['example_bash_operator']) retrieved from /home/airflow/.local/lib/python3.7/site-packages/airflow/example_dags/example_bash_operator.py
[2022-05-23 17:33:42,623] {logging_mixin.py:115} INFO - [2022-05-23 17:33:42,622] {dag.py:2371} INFO - Sync 1 DAGs
[2022-05-23 17:33:42,896] {logging_mixin.py:115} INFO - [2022-05-23 17:33:42,895] {dag.py:2919} INFO - Setting next_dagrun for example_bash_operator to 2022-05-22T00:00:00+00:00, run_after=2022-05-23T00:00:00+00:00
[2022-05-23 17:33:42,946] {processor.py:161} INFO - Processing /home/airflow/.local/lib/python3.7/site-packages/airflow/example_dags/example_bash_operator.py took 0.426 seconds
[2022-05-23 17:34:14,009] {processor.py:153} INFO - Started process (PID=720) to work on /home/airflow/.local/lib/python3.7/site-packages/airflow/example_dags/example_bash_operator.py
[2022-05-23 17:34:14,097] {processor.py:641} INFO - Processing file /home/airflow/.local/lib/python3.7/site-packages/airflow/example_dags/example_bash_operator.py for tasks to queue
[2022-05-23 17:34:14,098] {logging_mixin.py:115} INFO - [2022-05-23 17:34:14,098] {dagbag.py:507} INFO - Filling up the DagBag from /home/airflow/.local/lib/python3.7/site-packages/airflow/example_dags/example_bash_operator.py
[2022-05-23 17:34:14,130] {processor.py:651} INFO - DAG(s) dict_keys(['example_bash_operator']) retrieved from /home/airflow/.local/lib/python3.7/site-packages/airflow/example_dags/example_bash_operator.py
[2022-05-23 17:34:14,163] {logging_mixin.py:115} INFO - [2022-05-23 17:34:14,163] {dag.py:2371} INFO - Sync 1 DAGs
[2022-05-23 17:34:14,311] {logging_mixin.py:115} INFO - [2022-05-23 17:34:14,311] {dag.py:2919} INFO - Setting next_dagrun for example_bash_operator to 2022-05-22T00:00:00+00:00, run_after=2022-05-23T00:00:00+00:00
[2022-05-23 17:34:15,134] {processor.py:161} INFO - Processing /home/airflow/.local/lib/python3.7/site-packages/airflow/example_dags/example_bash_operator.py took 1.128 seconds
[2022-05-23 17:34:46,034] {processor.py:153} INFO - Started process (PID=787) to work on /home/airflow/.local/lib/python3.7/site-packages/airflow/example_dags/example_bash_operator.py
[2022-05-23 17:34:46,035] {processor.py:641} INFO - Processing file /home/airflow/.local/lib/python3.7/site-packages/airflow/example_dags/example_bash_operator.py for tasks to queue
[2022-05-23 17:34:46,035] {logging_mixin.py:115} INFO - [2022-05-23 17:34:46,035] {dagbag.py:507} INFO - Filling up the DagBag from /home/airflow/.local/lib/python3.7/site-packages/airflow/example_dags/example_bash_operator.py
[2022-05-23 17:34:46,048] {processor.py:651} INFO - DAG(s) dict_keys(['example_bash_operator']) retrieved from /home/airflow/.local/lib/python3.7/site-packages/airflow/example_dags/example_bash_operator.py
[2022-05-23 17:34:46,080] {logging_mixin.py:115} INFO - [2022-05-23 17:34:46,080] {dag.py:2371} INFO - Sync 1 DAGs
[2022-05-23 17:34:46,258] {logging_mixin.py:115} INFO - [2022-05-23 17:34:46,258] {dag.py:2919} INFO - Setting next_dagrun for example_bash_operator to 2022-05-22T00:00:00+00:00, run_after=2022-05-23T00:00:00+00:00
[2022-05-23 17:34:46,294] {processor.py:161} INFO - Processing /home/airflow/.local/lib/python3.7/site-packages/airflow/example_dags/example_bash_operator.py took 0.264 seconds
[2022-05-23 17:35:16,737] {processor.py:153} INFO - Started process (PID=842) to work on /home/airflow/.local/lib/python3.7/site-packages/airflow/example_dags/example_bash_operator.py
[2022-05-23 17:35:16,738] {processor.py:641} INFO - Processing file /home/airflow/.local/lib/python3.7/site-packages/airflow/example_dags/example_bash_operator.py for tasks to queue
[2022-05-23 17:35:16,739] {logging_mixin.py:115} INFO - [2022-05-23 17:35:16,738] {dagbag.py:507} INFO - Filling up the DagBag from /home/airflow/.local/lib/python3.7/site-packages/airflow/example_dags/example_bash_operator.py
[2022-05-23 17:35:16,762] {processor.py:651} INFO - DAG(s) dict_keys(['example_bash_operator']) retrieved from /home/airflow/.local/lib/python3.7/site-packages/airflow/example_dags/example_bash_operator.py
[2022-05-23 17:35:16,793] {logging_mixin.py:115} INFO - [2022-05-23 17:35:16,793] {dag.py:2371} INFO - Sync 1 DAGs
[2022-05-23 17:35:16,940] {logging_mixin.py:115} INFO - [2022-05-23 17:35:16,940] {dag.py:2919} INFO - Setting next_dagrun for example_bash_operator to 2022-05-22T00:00:00+00:00, run_after=2022-05-23T00:00:00+00:00
[2022-05-23 17:35:16,981] {processor.py:161} INFO - Processing /home/airflow/.local/lib/python3.7/site-packages/airflow/example_dags/example_bash_operator.py took 0.251 seconds
[2022-05-23 17:35:47,240] {processor.py:153} INFO - Started process (PID=896) to work on /home/airflow/.local/lib/python3.7/site-packages/airflow/example_dags/example_bash_operator.py
[2022-05-23 17:35:47,294] {processor.py:641} INFO - Processing file /home/airflow/.local/lib/python3.7/site-packages/airflow/example_dags/example_bash_operator.py for tasks to queue
[2022-05-23 17:35:47,296] {logging_mixin.py:115} INFO - [2022-05-23 17:35:47,295] {dagbag.py:507} INFO - Filling up the DagBag from /home/airflow/.local/lib/python3.7/site-packages/airflow/example_dags/example_bash_operator.py
[2022-05-23 17:35:47,324] {processor.py:651} INFO - DAG(s) dict_keys(['example_bash_operator']) retrieved from /home/airflow/.local/lib/python3.7/site-packages/airflow/example_dags/example_bash_operator.py
[2022-05-23 17:35:47,358] {logging_mixin.py:115} INFO - [2022-05-23 17:35:47,358] {dag.py:2371} INFO - Sync 1 DAGs
[2022-05-23 17:35:47,506] {logging_mixin.py:115} INFO - [2022-05-23 17:35:47,506] {dag.py:2919} INFO - Setting next_dagrun for example_bash_operator to 2022-05-22T00:00:00+00:00, run_after=2022-05-23T00:00:00+00:00
[2022-05-23 17:35:47,534] {processor.py:161} INFO - Processing /home/airflow/.local/lib/python3.7/site-packages/airflow/example_dags/example_bash_operator.py took 0.304 seconds
[2022-05-23 17:36:18,260] {processor.py:153} INFO - Started process (PID=959) to work on /home/airflow/.local/lib/python3.7/site-packages/airflow/example_dags/example_bash_operator.py
[2022-05-23 17:36:18,260] {processor.py:641} INFO - Processing file /home/airflow/.local/lib/python3.7/site-packages/airflow/example_dags/example_bash_operator.py for tasks to queue
[2022-05-23 17:36:18,261] {logging_mixin.py:115} INFO - [2022-05-23 17:36:18,260] {dagbag.py:507} INFO - Filling up the DagBag from /home/airflow/.local/lib/python3.7/site-packages/airflow/example_dags/example_bash_operator.py
[2022-05-23 17:36:18,274] {processor.py:651} INFO - DAG(s) dict_keys(['example_bash_operator']) retrieved from /home/airflow/.local/lib/python3.7/site-packages/airflow/example_dags/example_bash_operator.py
[2022-05-23 17:36:18,307] {logging_mixin.py:115} INFO - [2022-05-23 17:36:18,306] {dag.py:2371} INFO - Sync 1 DAGs
[2022-05-23 17:36:18,466] {logging_mixin.py:115} INFO - [2022-05-23 17:36:18,466] {dag.py:2919} INFO - Setting next_dagrun for example_bash_operator to 2022-05-22T00:00:00+00:00, run_after=2022-05-23T00:00:00+00:00
[2022-05-23 17:36:18,503] {processor.py:161} INFO - Processing /home/airflow/.local/lib/python3.7/site-packages/airflow/example_dags/example_bash_operator.py took 0.247 seconds
[2022-05-23 17:36:50,063] {processor.py:153} INFO - Started process (PID=1022) to work on /home/airflow/.local/lib/python3.7/site-packages/airflow/example_dags/example_bash_operator.py
[2022-05-23 17:36:50,089] {processor.py:641} INFO - Processing file /home/airflow/.local/lib/python3.7/site-packages/airflow/example_dags/example_bash_operator.py for tasks to queue
[2022-05-23 17:36:50,107] {logging_mixin.py:115} INFO - [2022-05-23 17:36:50,107] {dagbag.py:507} INFO - Filling up the DagBag from /home/airflow/.local/lib/python3.7/site-packages/airflow/example_dags/example_bash_operator.py
[2022-05-23 17:36:50,133] {processor.py:651} INFO - DAG(s) dict_keys(['example_bash_operator']) retrieved from /home/airflow/.local/lib/python3.7/site-packages/airflow/example_dags/example_bash_operator.py
[2022-05-23 17:36:50,183] {logging_mixin.py:115} INFO - [2022-05-23 17:36:50,183] {dag.py:2371} INFO - Sync 1 DAGs
[2022-05-23 17:36:50,371] {logging_mixin.py:115} INFO - [2022-05-23 17:36:50,371] {dag.py:2919} INFO - Setting next_dagrun for example_bash_operator to 2022-05-22T00:00:00+00:00, run_after=2022-05-23T00:00:00+00:00
[2022-05-23 17:36:51,405] {processor.py:161} INFO - Processing /home/airflow/.local/lib/python3.7/site-packages/airflow/example_dags/example_bash_operator.py took 1.348 seconds
[2022-05-23 17:49:32,488] {processor.py:153} INFO - Started process (PID=80) to work on /home/airflow/.local/lib/python3.7/site-packages/airflow/example_dags/example_bash_operator.py
[2022-05-23 17:49:32,489] {processor.py:641} INFO - Processing file /home/airflow/.local/lib/python3.7/site-packages/airflow/example_dags/example_bash_operator.py for tasks to queue
[2022-05-23 17:49:32,491] {logging_mixin.py:115} INFO - [2022-05-23 17:49:32,490] {dagbag.py:507} INFO - Filling up the DagBag from /home/airflow/.local/lib/python3.7/site-packages/airflow/example_dags/example_bash_operator.py
[2022-05-23 17:49:32,521] {processor.py:651} INFO - DAG(s) dict_keys(['example_bash_operator']) retrieved from /home/airflow/.local/lib/python3.7/site-packages/airflow/example_dags/example_bash_operator.py
[2022-05-23 17:49:32,599] {logging_mixin.py:115} INFO - [2022-05-23 17:49:32,599] {dag.py:2371} INFO - Sync 1 DAGs
[2022-05-23 17:49:32,850] {logging_mixin.py:115} INFO - [2022-05-23 17:49:32,850] {dag.py:2919} INFO - Setting next_dagrun for example_bash_operator to 2022-05-22T00:00:00+00:00, run_after=2022-05-23T00:00:00+00:00
[2022-05-23 17:49:33,277] {processor.py:161} INFO - Processing /home/airflow/.local/lib/python3.7/site-packages/airflow/example_dags/example_bash_operator.py took 0.796 seconds
[2022-05-23 17:50:03,698] {processor.py:153} INFO - Started process (PID=134) to work on /home/airflow/.local/lib/python3.7/site-packages/airflow/example_dags/example_bash_operator.py
[2022-05-23 17:50:03,699] {processor.py:641} INFO - Processing file /home/airflow/.local/lib/python3.7/site-packages/airflow/example_dags/example_bash_operator.py for tasks to queue
[2022-05-23 17:50:03,700] {logging_mixin.py:115} INFO - [2022-05-23 17:50:03,700] {dagbag.py:507} INFO - Filling up the DagBag from /home/airflow/.local/lib/python3.7/site-packages/airflow/example_dags/example_bash_operator.py
[2022-05-23 17:50:03,713] {processor.py:651} INFO - DAG(s) dict_keys(['example_bash_operator']) retrieved from /home/airflow/.local/lib/python3.7/site-packages/airflow/example_dags/example_bash_operator.py
[2022-05-23 17:50:03,749] {logging_mixin.py:115} INFO - [2022-05-23 17:50:03,749] {dag.py:2371} INFO - Sync 1 DAGs
[2022-05-23 17:50:03,904] {logging_mixin.py:115} INFO - [2022-05-23 17:50:03,904] {dag.py:2919} INFO - Setting next_dagrun for example_bash_operator to 2022-05-22T00:00:00+00:00, run_after=2022-05-23T00:00:00+00:00
[2022-05-23 17:50:03,939] {processor.py:161} INFO - Processing /home/airflow/.local/lib/python3.7/site-packages/airflow/example_dags/example_bash_operator.py took 0.244 seconds
[2022-05-23 17:50:36,011] {processor.py:153} INFO - Started process (PID=197) to work on /home/airflow/.local/lib/python3.7/site-packages/airflow/example_dags/example_bash_operator.py
[2022-05-23 17:50:36,012] {processor.py:641} INFO - Processing file /home/airflow/.local/lib/python3.7/site-packages/airflow/example_dags/example_bash_operator.py for tasks to queue
[2022-05-23 17:50:36,013] {logging_mixin.py:115} INFO - [2022-05-23 17:50:36,012] {dagbag.py:507} INFO - Filling up the DagBag from /home/airflow/.local/lib/python3.7/site-packages/airflow/example_dags/example_bash_operator.py
[2022-05-23 17:50:36,026] {processor.py:651} INFO - DAG(s) dict_keys(['example_bash_operator']) retrieved from /home/airflow/.local/lib/python3.7/site-packages/airflow/example_dags/example_bash_operator.py
[2022-05-23 17:50:36,060] {logging_mixin.py:115} INFO - [2022-05-23 17:50:36,060] {dag.py:2371} INFO - Sync 1 DAGs
[2022-05-23 17:50:36,241] {logging_mixin.py:115} INFO - [2022-05-23 17:50:36,241] {dag.py:2919} INFO - Setting next_dagrun for example_bash_operator to 2022-05-22T00:00:00+00:00, run_after=2022-05-23T00:00:00+00:00
[2022-05-23 17:50:36,461] {processor.py:161} INFO - Processing /home/airflow/.local/lib/python3.7/site-packages/airflow/example_dags/example_bash_operator.py took 0.454 seconds
[2022-05-23 17:51:06,770] {processor.py:153} INFO - Started process (PID=251) to work on /home/airflow/.local/lib/python3.7/site-packages/airflow/example_dags/example_bash_operator.py
[2022-05-23 17:51:06,777] {processor.py:641} INFO - Processing file /home/airflow/.local/lib/python3.7/site-packages/airflow/example_dags/example_bash_operator.py for tasks to queue
[2022-05-23 17:51:06,777] {logging_mixin.py:115} INFO - [2022-05-23 17:51:06,777] {dagbag.py:507} INFO - Filling up the DagBag from /home/airflow/.local/lib/python3.7/site-packages/airflow/example_dags/example_bash_operator.py
[2022-05-23 17:51:06,794] {processor.py:651} INFO - DAG(s) dict_keys(['example_bash_operator']) retrieved from /home/airflow/.local/lib/python3.7/site-packages/airflow/example_dags/example_bash_operator.py
[2022-05-23 17:51:06,834] {logging_mixin.py:115} INFO - [2022-05-23 17:51:06,833] {dag.py:2371} INFO - Sync 1 DAGs
[2022-05-23 17:51:06,987] {logging_mixin.py:115} INFO - [2022-05-23 17:51:06,987] {dag.py:2919} INFO - Setting next_dagrun for example_bash_operator to 2022-05-22T00:00:00+00:00, run_after=2022-05-23T00:00:00+00:00
[2022-05-23 17:51:07,020] {processor.py:161} INFO - Processing /home/airflow/.local/lib/python3.7/site-packages/airflow/example_dags/example_bash_operator.py took 0.254 seconds
[2022-05-23 17:51:37,614] {processor.py:153} INFO - Started process (PID=312) to work on /home/airflow/.local/lib/python3.7/site-packages/airflow/example_dags/example_bash_operator.py
[2022-05-23 17:51:37,615] {processor.py:641} INFO - Processing file /home/airflow/.local/lib/python3.7/site-packages/airflow/example_dags/example_bash_operator.py for tasks to queue
[2022-05-23 17:51:37,616] {logging_mixin.py:115} INFO - [2022-05-23 17:51:37,616] {dagbag.py:507} INFO - Filling up the DagBag from /home/airflow/.local/lib/python3.7/site-packages/airflow/example_dags/example_bash_operator.py
[2022-05-23 17:51:37,636] {processor.py:651} INFO - DAG(s) dict_keys(['example_bash_operator']) retrieved from /home/airflow/.local/lib/python3.7/site-packages/airflow/example_dags/example_bash_operator.py
[2022-05-23 17:51:37,683] {logging_mixin.py:115} INFO - [2022-05-23 17:51:37,682] {dag.py:2371} INFO - Sync 1 DAGs
[2022-05-23 17:51:37,881] {logging_mixin.py:115} INFO - [2022-05-23 17:51:37,881] {dag.py:2919} INFO - Setting next_dagrun for example_bash_operator to 2022-05-22T00:00:00+00:00, run_after=2022-05-23T00:00:00+00:00
[2022-05-23 17:51:37,911] {processor.py:161} INFO - Processing /home/airflow/.local/lib/python3.7/site-packages/airflow/example_dags/example_bash_operator.py took 0.301 seconds
[2022-05-23 17:52:07,946] {processor.py:153} INFO - Started process (PID=367) to work on /home/airflow/.local/lib/python3.7/site-packages/airflow/example_dags/example_bash_operator.py
[2022-05-23 17:52:07,947] {processor.py:641} INFO - Processing file /home/airflow/.local/lib/python3.7/site-packages/airflow/example_dags/example_bash_operator.py for tasks to queue
[2022-05-23 17:52:07,948] {logging_mixin.py:115} INFO - [2022-05-23 17:52:07,947] {dagbag.py:507} INFO - Filling up the DagBag from /home/airflow/.local/lib/python3.7/site-packages/airflow/example_dags/example_bash_operator.py
[2022-05-23 17:52:07,962] {processor.py:651} INFO - DAG(s) dict_keys(['example_bash_operator']) retrieved from /home/airflow/.local/lib/python3.7/site-packages/airflow/example_dags/example_bash_operator.py
[2022-05-23 17:52:07,997] {logging_mixin.py:115} INFO - [2022-05-23 17:52:07,996] {dag.py:2371} INFO - Sync 1 DAGs
[2022-05-23 17:52:08,137] {logging_mixin.py:115} INFO - [2022-05-23 17:52:08,136] {dag.py:2919} INFO - Setting next_dagrun for example_bash_operator to 2022-05-22T00:00:00+00:00, run_after=2022-05-23T00:00:00+00:00
[2022-05-23 17:52:08,167] {processor.py:161} INFO - Processing /home/airflow/.local/lib/python3.7/site-packages/airflow/example_dags/example_bash_operator.py took 0.224 seconds
[2022-05-23 17:52:38,392] {processor.py:153} INFO - Started process (PID=421) to work on /home/airflow/.local/lib/python3.7/site-packages/airflow/example_dags/example_bash_operator.py
[2022-05-23 17:52:38,393] {processor.py:641} INFO - Processing file /home/airflow/.local/lib/python3.7/site-packages/airflow/example_dags/example_bash_operator.py for tasks to queue
[2022-05-23 17:52:38,394] {logging_mixin.py:115} INFO - [2022-05-23 17:52:38,394] {dagbag.py:507} INFO - Filling up the DagBag from /home/airflow/.local/lib/python3.7/site-packages/airflow/example_dags/example_bash_operator.py
[2022-05-23 17:52:38,411] {processor.py:651} INFO - DAG(s) dict_keys(['example_bash_operator']) retrieved from /home/airflow/.local/lib/python3.7/site-packages/airflow/example_dags/example_bash_operator.py
[2022-05-23 17:52:38,447] {logging_mixin.py:115} INFO - [2022-05-23 17:52:38,447] {dag.py:2371} INFO - Sync 1 DAGs
[2022-05-23 17:52:38,599] {logging_mixin.py:115} INFO - [2022-05-23 17:52:38,599] {dag.py:2919} INFO - Setting next_dagrun for example_bash_operator to 2022-05-22T00:00:00+00:00, run_after=2022-05-23T00:00:00+00:00
[2022-05-23 17:52:38,630] {processor.py:161} INFO - Processing /home/airflow/.local/lib/python3.7/site-packages/airflow/example_dags/example_bash_operator.py took 0.243 seconds
[2022-05-23 17:53:12,377] {processor.py:153} INFO - Started process (PID=483) to work on /home/airflow/.local/lib/python3.7/site-packages/airflow/example_dags/example_bash_operator.py
[2022-05-23 17:53:12,507] {processor.py:641} INFO - Processing file /home/airflow/.local/lib/python3.7/site-packages/airflow/example_dags/example_bash_operator.py for tasks to queue
[2022-05-23 17:53:12,509] {logging_mixin.py:115} INFO - [2022-05-23 17:53:12,509] {dagbag.py:507} INFO - Filling up the DagBag from /home/airflow/.local/lib/python3.7/site-packages/airflow/example_dags/example_bash_operator.py
[2022-05-23 17:53:12,543] {processor.py:651} INFO - DAG(s) dict_keys(['example_bash_operator']) retrieved from /home/airflow/.local/lib/python3.7/site-packages/airflow/example_dags/example_bash_operator.py
[2022-05-23 17:53:12,579] {logging_mixin.py:115} INFO - [2022-05-23 17:53:12,579] {dag.py:2371} INFO - Sync 1 DAGs
[2022-05-23 17:53:12,732] {logging_mixin.py:115} INFO - [2022-05-23 17:53:12,732] {dag.py:2919} INFO - Setting next_dagrun for example_bash_operator to 2022-05-22T00:00:00+00:00, run_after=2022-05-23T00:00:00+00:00
[2022-05-23 17:53:12,781] {processor.py:161} INFO - Processing /home/airflow/.local/lib/python3.7/site-packages/airflow/example_dags/example_bash_operator.py took 0.408 seconds
[2022-05-23 17:53:43,032] {processor.py:153} INFO - Started process (PID=536) to work on /home/airflow/.local/lib/python3.7/site-packages/airflow/example_dags/example_bash_operator.py
[2022-05-23 17:53:43,033] {processor.py:641} INFO - Processing file /home/airflow/.local/lib/python3.7/site-packages/airflow/example_dags/example_bash_operator.py for tasks to queue
[2022-05-23 17:53:43,034] {logging_mixin.py:115} INFO - [2022-05-23 17:53:43,034] {dagbag.py:507} INFO - Filling up the DagBag from /home/airflow/.local/lib/python3.7/site-packages/airflow/example_dags/example_bash_operator.py
[2022-05-23 17:53:43,048] {processor.py:651} INFO - DAG(s) dict_keys(['example_bash_operator']) retrieved from /home/airflow/.local/lib/python3.7/site-packages/airflow/example_dags/example_bash_operator.py
[2022-05-23 17:53:43,087] {logging_mixin.py:115} INFO - [2022-05-23 17:53:43,087] {dag.py:2371} INFO - Sync 1 DAGs
[2022-05-23 17:53:43,262] {logging_mixin.py:115} INFO - [2022-05-23 17:53:43,262] {dag.py:2919} INFO - Setting next_dagrun for example_bash_operator to 2022-05-22T00:00:00+00:00, run_after=2022-05-23T00:00:00+00:00
[2022-05-23 17:53:43,298] {processor.py:161} INFO - Processing /home/airflow/.local/lib/python3.7/site-packages/airflow/example_dags/example_bash_operator.py took 0.269 seconds
[2022-05-23 17:54:14,204] {processor.py:153} INFO - Started process (PID=597) to work on /home/airflow/.local/lib/python3.7/site-packages/airflow/example_dags/example_bash_operator.py
[2022-05-23 17:54:14,205] {processor.py:641} INFO - Processing file /home/airflow/.local/lib/python3.7/site-packages/airflow/example_dags/example_bash_operator.py for tasks to queue
[2022-05-23 17:54:14,206] {logging_mixin.py:115} INFO - [2022-05-23 17:54:14,206] {dagbag.py:507} INFO - Filling up the DagBag from /home/airflow/.local/lib/python3.7/site-packages/airflow/example_dags/example_bash_operator.py
[2022-05-23 17:54:14,231] {processor.py:651} INFO - DAG(s) dict_keys(['example_bash_operator']) retrieved from /home/airflow/.local/lib/python3.7/site-packages/airflow/example_dags/example_bash_operator.py
[2022-05-23 17:54:14,291] {logging_mixin.py:115} INFO - [2022-05-23 17:54:14,291] {dag.py:2371} INFO - Sync 1 DAGs
[2022-05-23 17:54:14,556] {logging_mixin.py:115} INFO - [2022-05-23 17:54:14,555] {dag.py:2919} INFO - Setting next_dagrun for example_bash_operator to 2022-05-22T00:00:00+00:00, run_after=2022-05-23T00:00:00+00:00
[2022-05-23 17:54:14,598] {processor.py:161} INFO - Processing /home/airflow/.local/lib/python3.7/site-packages/airflow/example_dags/example_bash_operator.py took 0.401 seconds
[2022-05-23 18:03:48,991] {processor.py:153} INFO - Started process (PID=80) to work on /home/airflow/.local/lib/python3.7/site-packages/airflow/example_dags/example_bash_operator.py
[2022-05-23 18:03:49,295] {processor.py:641} INFO - Processing file /home/airflow/.local/lib/python3.7/site-packages/airflow/example_dags/example_bash_operator.py for tasks to queue
[2022-05-23 18:03:49,296] {logging_mixin.py:115} INFO - [2022-05-23 18:03:49,296] {dagbag.py:507} INFO - Filling up the DagBag from /home/airflow/.local/lib/python3.7/site-packages/airflow/example_dags/example_bash_operator.py
[2022-05-23 18:03:49,811] {processor.py:651} INFO - DAG(s) dict_keys(['example_bash_operator']) retrieved from /home/airflow/.local/lib/python3.7/site-packages/airflow/example_dags/example_bash_operator.py
[2022-05-23 18:03:49,846] {logging_mixin.py:115} INFO - [2022-05-23 18:03:49,846] {dag.py:2371} INFO - Sync 1 DAGs
[2022-05-23 18:03:50,000] {logging_mixin.py:115} INFO - [2022-05-23 18:03:50,000] {dag.py:2919} INFO - Setting next_dagrun for example_bash_operator to 2022-05-22T00:00:00+00:00, run_after=2022-05-23T00:00:00+00:00
[2022-05-23 18:03:50,559] {processor.py:161} INFO - Processing /home/airflow/.local/lib/python3.7/site-packages/airflow/example_dags/example_bash_operator.py took 1.579 seconds
[2022-05-23 18:04:21,167] {processor.py:153} INFO - Started process (PID=143) to work on /home/airflow/.local/lib/python3.7/site-packages/airflow/example_dags/example_bash_operator.py
[2022-05-23 18:04:21,348] {processor.py:641} INFO - Processing file /home/airflow/.local/lib/python3.7/site-packages/airflow/example_dags/example_bash_operator.py for tasks to queue
[2022-05-23 18:04:21,349] {logging_mixin.py:115} INFO - [2022-05-23 18:04:21,348] {dagbag.py:507} INFO - Filling up the DagBag from /home/airflow/.local/lib/python3.7/site-packages/airflow/example_dags/example_bash_operator.py
[2022-05-23 18:04:21,364] {processor.py:651} INFO - DAG(s) dict_keys(['example_bash_operator']) retrieved from /home/airflow/.local/lib/python3.7/site-packages/airflow/example_dags/example_bash_operator.py
[2022-05-23 18:04:21,403] {logging_mixin.py:115} INFO - [2022-05-23 18:04:21,402] {dag.py:2371} INFO - Sync 1 DAGs
[2022-05-23 18:04:21,584] {logging_mixin.py:115} INFO - [2022-05-23 18:04:21,583] {dag.py:2919} INFO - Setting next_dagrun for example_bash_operator to 2022-05-22T00:00:00+00:00, run_after=2022-05-23T00:00:00+00:00
[2022-05-23 18:04:21,937] {processor.py:161} INFO - Processing /home/airflow/.local/lib/python3.7/site-packages/airflow/example_dags/example_bash_operator.py took 0.775 seconds
[2022-05-23 18:04:52,354] {processor.py:153} INFO - Started process (PID=198) to work on /home/airflow/.local/lib/python3.7/site-packages/airflow/example_dags/example_bash_operator.py
[2022-05-23 18:04:52,354] {processor.py:641} INFO - Processing file /home/airflow/.local/lib/python3.7/site-packages/airflow/example_dags/example_bash_operator.py for tasks to queue
[2022-05-23 18:04:52,354] {logging_mixin.py:115} INFO - [2022-05-23 18:04:52,354] {dagbag.py:507} INFO - Filling up the DagBag from /home/airflow/.local/lib/python3.7/site-packages/airflow/example_dags/example_bash_operator.py
[2022-05-23 18:04:52,369] {processor.py:651} INFO - DAG(s) dict_keys(['example_bash_operator']) retrieved from /home/airflow/.local/lib/python3.7/site-packages/airflow/example_dags/example_bash_operator.py
[2022-05-23 18:04:52,413] {logging_mixin.py:115} INFO - [2022-05-23 18:04:52,413] {dag.py:2371} INFO - Sync 1 DAGs
[2022-05-23 18:04:52,632] {logging_mixin.py:115} INFO - [2022-05-23 18:04:52,631] {dag.py:2919} INFO - Setting next_dagrun for example_bash_operator to 2022-05-22T00:00:00+00:00, run_after=2022-05-23T00:00:00+00:00
[2022-05-23 18:04:54,084] {processor.py:161} INFO - Processing /home/airflow/.local/lib/python3.7/site-packages/airflow/example_dags/example_bash_operator.py took 1.733 seconds
[2022-05-23 18:05:24,894] {processor.py:153} INFO - Started process (PID=252) to work on /home/airflow/.local/lib/python3.7/site-packages/airflow/example_dags/example_bash_operator.py
[2022-05-23 18:05:24,895] {processor.py:641} INFO - Processing file /home/airflow/.local/lib/python3.7/site-packages/airflow/example_dags/example_bash_operator.py for tasks to queue
[2022-05-23 18:05:24,897] {logging_mixin.py:115} INFO - [2022-05-23 18:05:24,896] {dagbag.py:507} INFO - Filling up the DagBag from /home/airflow/.local/lib/python3.7/site-packages/airflow/example_dags/example_bash_operator.py
[2022-05-23 18:05:24,916] {processor.py:651} INFO - DAG(s) dict_keys(['example_bash_operator']) retrieved from /home/airflow/.local/lib/python3.7/site-packages/airflow/example_dags/example_bash_operator.py
[2022-05-23 18:05:24,954] {logging_mixin.py:115} INFO - [2022-05-23 18:05:24,954] {dag.py:2371} INFO - Sync 1 DAGs
[2022-05-23 18:05:25,124] {logging_mixin.py:115} INFO - [2022-05-23 18:05:25,124] {dag.py:2919} INFO - Setting next_dagrun for example_bash_operator to 2022-05-22T00:00:00+00:00, run_after=2022-05-23T00:00:00+00:00
[2022-05-23 18:05:25,182] {processor.py:161} INFO - Processing /home/airflow/.local/lib/python3.7/site-packages/airflow/example_dags/example_bash_operator.py took 0.293 seconds
[2022-05-23 18:05:55,512] {processor.py:153} INFO - Started process (PID=307) to work on /home/airflow/.local/lib/python3.7/site-packages/airflow/example_dags/example_bash_operator.py
[2022-05-23 18:05:55,513] {processor.py:641} INFO - Processing file /home/airflow/.local/lib/python3.7/site-packages/airflow/example_dags/example_bash_operator.py for tasks to queue
[2022-05-23 18:05:55,513] {logging_mixin.py:115} INFO - [2022-05-23 18:05:55,513] {dagbag.py:507} INFO - Filling up the DagBag from /home/airflow/.local/lib/python3.7/site-packages/airflow/example_dags/example_bash_operator.py
[2022-05-23 18:05:55,527] {processor.py:651} INFO - DAG(s) dict_keys(['example_bash_operator']) retrieved from /home/airflow/.local/lib/python3.7/site-packages/airflow/example_dags/example_bash_operator.py
[2022-05-23 18:05:55,562] {logging_mixin.py:115} INFO - [2022-05-23 18:05:55,562] {dag.py:2371} INFO - Sync 1 DAGs
[2022-05-23 18:05:55,717] {logging_mixin.py:115} INFO - [2022-05-23 18:05:55,717] {dag.py:2919} INFO - Setting next_dagrun for example_bash_operator to 2022-05-22T00:00:00+00:00, run_after=2022-05-23T00:00:00+00:00
[2022-05-23 18:05:55,744] {processor.py:161} INFO - Processing /home/airflow/.local/lib/python3.7/site-packages/airflow/example_dags/example_bash_operator.py took 0.235 seconds
[2022-05-23 18:06:26,374] {processor.py:153} INFO - Started process (PID=361) to work on /home/airflow/.local/lib/python3.7/site-packages/airflow/example_dags/example_bash_operator.py
[2022-05-23 18:06:27,209] {processor.py:641} INFO - Processing file /home/airflow/.local/lib/python3.7/site-packages/airflow/example_dags/example_bash_operator.py for tasks to queue
[2022-05-23 18:06:27,209] {logging_mixin.py:115} INFO - [2022-05-23 18:06:27,209] {dagbag.py:507} INFO - Filling up the DagBag from /home/airflow/.local/lib/python3.7/site-packages/airflow/example_dags/example_bash_operator.py
[2022-05-23 18:06:27,222] {processor.py:651} INFO - DAG(s) dict_keys(['example_bash_operator']) retrieved from /home/airflow/.local/lib/python3.7/site-packages/airflow/example_dags/example_bash_operator.py
[2022-05-23 18:06:27,260] {logging_mixin.py:115} INFO - [2022-05-23 18:06:27,260] {dag.py:2371} INFO - Sync 1 DAGs
[2022-05-23 18:06:27,424] {logging_mixin.py:115} INFO - [2022-05-23 18:06:27,424] {dag.py:2919} INFO - Setting next_dagrun for example_bash_operator to 2022-05-22T00:00:00+00:00, run_after=2022-05-23T00:00:00+00:00
[2022-05-23 18:06:27,470] {processor.py:161} INFO - Processing /home/airflow/.local/lib/python3.7/site-packages/airflow/example_dags/example_bash_operator.py took 1.099 seconds
[2022-05-23 18:06:58,149] {processor.py:153} INFO - Started process (PID=425) to work on /home/airflow/.local/lib/python3.7/site-packages/airflow/example_dags/example_bash_operator.py
[2022-05-23 18:06:58,149] {processor.py:641} INFO - Processing file /home/airflow/.local/lib/python3.7/site-packages/airflow/example_dags/example_bash_operator.py for tasks to queue
[2022-05-23 18:06:58,150] {logging_mixin.py:115} INFO - [2022-05-23 18:06:58,150] {dagbag.py:507} INFO - Filling up the DagBag from /home/airflow/.local/lib/python3.7/site-packages/airflow/example_dags/example_bash_operator.py
[2022-05-23 18:06:58,167] {processor.py:651} INFO - DAG(s) dict_keys(['example_bash_operator']) retrieved from /home/airflow/.local/lib/python3.7/site-packages/airflow/example_dags/example_bash_operator.py
[2022-05-23 18:06:58,218] {logging_mixin.py:115} INFO - [2022-05-23 18:06:58,218] {dag.py:2371} INFO - Sync 1 DAGs
[2022-05-23 18:06:58,443] {logging_mixin.py:115} INFO - [2022-05-23 18:06:58,443] {dag.py:2919} INFO - Setting next_dagrun for example_bash_operator to 2022-05-22T00:00:00+00:00, run_after=2022-05-23T00:00:00+00:00
[2022-05-23 18:06:58,483] {processor.py:161} INFO - Processing /home/airflow/.local/lib/python3.7/site-packages/airflow/example_dags/example_bash_operator.py took 0.339 seconds
[2022-05-23 18:07:28,618] {processor.py:153} INFO - Started process (PID=478) to work on /home/airflow/.local/lib/python3.7/site-packages/airflow/example_dags/example_bash_operator.py
[2022-05-23 18:07:28,620] {processor.py:641} INFO - Processing file /home/airflow/.local/lib/python3.7/site-packages/airflow/example_dags/example_bash_operator.py for tasks to queue
[2022-05-23 18:07:28,621] {logging_mixin.py:115} INFO - [2022-05-23 18:07:28,621] {dagbag.py:507} INFO - Filling up the DagBag from /home/airflow/.local/lib/python3.7/site-packages/airflow/example_dags/example_bash_operator.py
[2022-05-23 18:07:28,645] {processor.py:651} INFO - DAG(s) dict_keys(['example_bash_operator']) retrieved from /home/airflow/.local/lib/python3.7/site-packages/airflow/example_dags/example_bash_operator.py
[2022-05-23 18:07:28,678] {logging_mixin.py:115} INFO - [2022-05-23 18:07:28,678] {dag.py:2371} INFO - Sync 1 DAGs
[2022-05-23 18:07:28,818] {logging_mixin.py:115} INFO - [2022-05-23 18:07:28,818] {dag.py:2919} INFO - Setting next_dagrun for example_bash_operator to 2022-05-22T00:00:00+00:00, run_after=2022-05-23T00:00:00+00:00
[2022-05-23 18:07:28,934] {processor.py:161} INFO - Processing /home/airflow/.local/lib/python3.7/site-packages/airflow/example_dags/example_bash_operator.py took 0.324 seconds
[2022-05-23 18:07:59,160] {processor.py:153} INFO - Started process (PID=532) to work on /home/airflow/.local/lib/python3.7/site-packages/airflow/example_dags/example_bash_operator.py
[2022-05-23 18:07:59,161] {processor.py:641} INFO - Processing file /home/airflow/.local/lib/python3.7/site-packages/airflow/example_dags/example_bash_operator.py for tasks to queue
[2022-05-23 18:07:59,162] {logging_mixin.py:115} INFO - [2022-05-23 18:07:59,162] {dagbag.py:507} INFO - Filling up the DagBag from /home/airflow/.local/lib/python3.7/site-packages/airflow/example_dags/example_bash_operator.py
[2022-05-23 18:07:59,176] {processor.py:651} INFO - DAG(s) dict_keys(['example_bash_operator']) retrieved from /home/airflow/.local/lib/python3.7/site-packages/airflow/example_dags/example_bash_operator.py
[2022-05-23 18:07:59,210] {logging_mixin.py:115} INFO - [2022-05-23 18:07:59,210] {dag.py:2371} INFO - Sync 1 DAGs
[2022-05-23 18:07:59,360] {logging_mixin.py:115} INFO - [2022-05-23 18:07:59,360] {dag.py:2919} INFO - Setting next_dagrun for example_bash_operator to 2022-05-22T00:00:00+00:00, run_after=2022-05-23T00:00:00+00:00
[2022-05-23 18:07:59,400] {processor.py:161} INFO - Processing /home/airflow/.local/lib/python3.7/site-packages/airflow/example_dags/example_bash_operator.py took 0.244 seconds
[2022-05-23 18:08:30,436] {processor.py:153} INFO - Started process (PID=595) to work on /home/airflow/.local/lib/python3.7/site-packages/airflow/example_dags/example_bash_operator.py
[2022-05-23 18:08:30,437] {processor.py:641} INFO - Processing file /home/airflow/.local/lib/python3.7/site-packages/airflow/example_dags/example_bash_operator.py for tasks to queue
[2022-05-23 18:08:30,438] {logging_mixin.py:115} INFO - [2022-05-23 18:08:30,438] {dagbag.py:507} INFO - Filling up the DagBag from /home/airflow/.local/lib/python3.7/site-packages/airflow/example_dags/example_bash_operator.py
[2022-05-23 18:08:30,457] {processor.py:651} INFO - DAG(s) dict_keys(['example_bash_operator']) retrieved from /home/airflow/.local/lib/python3.7/site-packages/airflow/example_dags/example_bash_operator.py
[2022-05-23 18:08:30,503] {logging_mixin.py:115} INFO - [2022-05-23 18:08:30,503] {dag.py:2371} INFO - Sync 1 DAGs
[2022-05-23 18:08:30,684] {logging_mixin.py:115} INFO - [2022-05-23 18:08:30,683] {dag.py:2919} INFO - Setting next_dagrun for example_bash_operator to 2022-05-22T00:00:00+00:00, run_after=2022-05-23T00:00:00+00:00
[2022-05-23 18:08:30,712] {processor.py:161} INFO - Processing /home/airflow/.local/lib/python3.7/site-packages/airflow/example_dags/example_bash_operator.py took 0.280 seconds
[2022-05-23 18:09:02,574] {processor.py:153} INFO - Started process (PID=648) to work on /home/airflow/.local/lib/python3.7/site-packages/airflow/example_dags/example_bash_operator.py
[2022-05-23 18:09:02,575] {processor.py:641} INFO - Processing file /home/airflow/.local/lib/python3.7/site-packages/airflow/example_dags/example_bash_operator.py for tasks to queue
[2022-05-23 18:09:02,575] {logging_mixin.py:115} INFO - [2022-05-23 18:09:02,575] {dagbag.py:507} INFO - Filling up the DagBag from /home/airflow/.local/lib/python3.7/site-packages/airflow/example_dags/example_bash_operator.py
[2022-05-23 18:09:02,594] {processor.py:651} INFO - DAG(s) dict_keys(['example_bash_operator']) retrieved from /home/airflow/.local/lib/python3.7/site-packages/airflow/example_dags/example_bash_operator.py
[2022-05-23 18:09:02,622] {logging_mixin.py:115} INFO - [2022-05-23 18:09:02,621] {dag.py:2371} INFO - Sync 1 DAGs
[2022-05-23 18:09:02,648] {logging_mixin.py:115} INFO - [2022-05-23 18:09:02,648] {dag.py:2919} INFO - Setting next_dagrun for example_bash_operator to 2022-05-22T00:00:00+00:00, run_after=2022-05-23T00:00:00+00:00
[2022-05-23 18:09:02,683] {processor.py:161} INFO - Processing /home/airflow/.local/lib/python3.7/site-packages/airflow/example_dags/example_bash_operator.py took 0.114 seconds
[2022-05-23 18:09:33,599] {processor.py:153} INFO - Started process (PID=702) to work on /home/airflow/.local/lib/python3.7/site-packages/airflow/example_dags/example_bash_operator.py
[2022-05-23 18:09:33,620] {processor.py:641} INFO - Processing file /home/airflow/.local/lib/python3.7/site-packages/airflow/example_dags/example_bash_operator.py for tasks to queue
[2022-05-23 18:09:33,621] {logging_mixin.py:115} INFO - [2022-05-23 18:09:33,621] {dagbag.py:507} INFO - Filling up the DagBag from /home/airflow/.local/lib/python3.7/site-packages/airflow/example_dags/example_bash_operator.py
[2022-05-23 18:09:33,636] {processor.py:651} INFO - DAG(s) dict_keys(['example_bash_operator']) retrieved from /home/airflow/.local/lib/python3.7/site-packages/airflow/example_dags/example_bash_operator.py
[2022-05-23 18:09:33,665] {logging_mixin.py:115} INFO - [2022-05-23 18:09:33,665] {dag.py:2371} INFO - Sync 1 DAGs
[2022-05-23 18:09:33,701] {logging_mixin.py:115} INFO - [2022-05-23 18:09:33,701] {dag.py:2919} INFO - Setting next_dagrun for example_bash_operator to 2022-05-22T00:00:00+00:00, run_after=2022-05-23T00:00:00+00:00
[2022-05-23 18:09:33,732] {processor.py:161} INFO - Processing /home/airflow/.local/lib/python3.7/site-packages/airflow/example_dags/example_bash_operator.py took 0.136 seconds
[2022-05-23 18:10:04,804] {processor.py:153} INFO - Started process (PID=765) to work on /home/airflow/.local/lib/python3.7/site-packages/airflow/example_dags/example_bash_operator.py
[2022-05-23 18:10:04,890] {processor.py:641} INFO - Processing file /home/airflow/.local/lib/python3.7/site-packages/airflow/example_dags/example_bash_operator.py for tasks to queue
[2022-05-23 18:10:04,892] {logging_mixin.py:115} INFO - [2022-05-23 18:10:04,891] {dagbag.py:507} INFO - Filling up the DagBag from /home/airflow/.local/lib/python3.7/site-packages/airflow/example_dags/example_bash_operator.py
[2022-05-23 18:10:04,929] {processor.py:651} INFO - DAG(s) dict_keys(['example_bash_operator']) retrieved from /home/airflow/.local/lib/python3.7/site-packages/airflow/example_dags/example_bash_operator.py
[2022-05-23 18:10:04,985] {logging_mixin.py:115} INFO - [2022-05-23 18:10:04,985] {dag.py:2371} INFO - Sync 1 DAGs
[2022-05-23 18:10:05,014] {logging_mixin.py:115} INFO - [2022-05-23 18:10:05,014] {dag.py:2919} INFO - Setting next_dagrun for example_bash_operator to 2022-05-22T00:00:00+00:00, run_after=2022-05-23T00:00:00+00:00
[2022-05-23 18:10:05,071] {processor.py:161} INFO - Processing /home/airflow/.local/lib/python3.7/site-packages/airflow/example_dags/example_bash_operator.py took 0.271 seconds
[2022-05-23 18:10:37,210] {processor.py:153} INFO - Started process (PID=819) to work on /home/airflow/.local/lib/python3.7/site-packages/airflow/example_dags/example_bash_operator.py
[2022-05-23 18:10:37,372] {processor.py:641} INFO - Processing file /home/airflow/.local/lib/python3.7/site-packages/airflow/example_dags/example_bash_operator.py for tasks to queue
[2022-05-23 18:10:37,372] {logging_mixin.py:115} INFO - [2022-05-23 18:10:37,372] {dagbag.py:507} INFO - Filling up the DagBag from /home/airflow/.local/lib/python3.7/site-packages/airflow/example_dags/example_bash_operator.py
[2022-05-23 18:10:37,389] {processor.py:651} INFO - DAG(s) dict_keys(['example_bash_operator']) retrieved from /home/airflow/.local/lib/python3.7/site-packages/airflow/example_dags/example_bash_operator.py
[2022-05-23 18:10:37,417] {logging_mixin.py:115} INFO - [2022-05-23 18:10:37,417] {dag.py:2371} INFO - Sync 1 DAGs
[2022-05-23 18:10:37,445] {logging_mixin.py:115} INFO - [2022-05-23 18:10:37,445] {dag.py:2919} INFO - Setting next_dagrun for example_bash_operator to 2022-05-22T00:00:00+00:00, run_after=2022-05-23T00:00:00+00:00
[2022-05-23 18:10:37,603] {processor.py:161} INFO - Processing /home/airflow/.local/lib/python3.7/site-packages/airflow/example_dags/example_bash_operator.py took 0.395 seconds
[2022-05-23 18:11:08,902] {processor.py:153} INFO - Started process (PID=882) to work on /home/airflow/.local/lib/python3.7/site-packages/airflow/example_dags/example_bash_operator.py
[2022-05-23 18:11:08,910] {processor.py:641} INFO - Processing file /home/airflow/.local/lib/python3.7/site-packages/airflow/example_dags/example_bash_operator.py for tasks to queue
[2022-05-23 18:11:08,911] {logging_mixin.py:115} INFO - [2022-05-23 18:11:08,911] {dagbag.py:507} INFO - Filling up the DagBag from /home/airflow/.local/lib/python3.7/site-packages/airflow/example_dags/example_bash_operator.py
[2022-05-23 18:11:08,928] {processor.py:651} INFO - DAG(s) dict_keys(['example_bash_operator']) retrieved from /home/airflow/.local/lib/python3.7/site-packages/airflow/example_dags/example_bash_operator.py
[2022-05-23 18:11:08,958] {logging_mixin.py:115} INFO - [2022-05-23 18:11:08,958] {dag.py:2371} INFO - Sync 1 DAGs
[2022-05-23 18:11:08,989] {logging_mixin.py:115} INFO - [2022-05-23 18:11:08,988] {dag.py:2919} INFO - Setting next_dagrun for example_bash_operator to 2022-05-22T00:00:00+00:00, run_after=2022-05-23T00:00:00+00:00
[2022-05-23 18:11:09,016] {processor.py:161} INFO - Processing /home/airflow/.local/lib/python3.7/site-packages/airflow/example_dags/example_bash_operator.py took 0.117 seconds
[2022-05-23 18:11:39,834] {processor.py:153} INFO - Started process (PID=934) to work on /home/airflow/.local/lib/python3.7/site-packages/airflow/example_dags/example_bash_operator.py
[2022-05-23 18:11:39,843] {processor.py:641} INFO - Processing file /home/airflow/.local/lib/python3.7/site-packages/airflow/example_dags/example_bash_operator.py for tasks to queue
[2022-05-23 18:11:39,844] {logging_mixin.py:115} INFO - [2022-05-23 18:11:39,844] {dagbag.py:507} INFO - Filling up the DagBag from /home/airflow/.local/lib/python3.7/site-packages/airflow/example_dags/example_bash_operator.py
[2022-05-23 18:11:39,870] {processor.py:651} INFO - DAG(s) dict_keys(['example_bash_operator']) retrieved from /home/airflow/.local/lib/python3.7/site-packages/airflow/example_dags/example_bash_operator.py
[2022-05-23 18:11:39,910] {logging_mixin.py:115} INFO - [2022-05-23 18:11:39,909] {dag.py:2371} INFO - Sync 1 DAGs
[2022-05-23 18:11:39,942] {logging_mixin.py:115} INFO - [2022-05-23 18:11:39,941] {dag.py:2919} INFO - Setting next_dagrun for example_bash_operator to 2022-05-22T00:00:00+00:00, run_after=2022-05-23T00:00:00+00:00
[2022-05-23 18:11:39,989] {processor.py:161} INFO - Processing /home/airflow/.local/lib/python3.7/site-packages/airflow/example_dags/example_bash_operator.py took 0.160 seconds
[2022-05-23 18:12:12,968] {processor.py:153} INFO - Started process (PID=997) to work on /home/airflow/.local/lib/python3.7/site-packages/airflow/example_dags/example_bash_operator.py
[2022-05-23 18:12:13,061] {processor.py:641} INFO - Processing file /home/airflow/.local/lib/python3.7/site-packages/airflow/example_dags/example_bash_operator.py for tasks to queue
[2022-05-23 18:12:13,062] {logging_mixin.py:115} INFO - [2022-05-23 18:12:13,061] {dagbag.py:507} INFO - Filling up the DagBag from /home/airflow/.local/lib/python3.7/site-packages/airflow/example_dags/example_bash_operator.py
[2022-05-23 18:12:13,081] {processor.py:651} INFO - DAG(s) dict_keys(['example_bash_operator']) retrieved from /home/airflow/.local/lib/python3.7/site-packages/airflow/example_dags/example_bash_operator.py
[2022-05-23 18:12:13,110] {logging_mixin.py:115} INFO - [2022-05-23 18:12:13,110] {dag.py:2371} INFO - Sync 1 DAGs
[2022-05-23 18:12:13,140] {logging_mixin.py:115} INFO - [2022-05-23 18:12:13,140] {dag.py:2919} INFO - Setting next_dagrun for example_bash_operator to 2022-05-22T00:00:00+00:00, run_after=2022-05-23T00:00:00+00:00
[2022-05-23 18:12:13,545] {processor.py:161} INFO - Processing /home/airflow/.local/lib/python3.7/site-packages/airflow/example_dags/example_bash_operator.py took 0.580 seconds
[2022-05-23 18:12:44,369] {processor.py:153} INFO - Started process (PID=1051) to work on /home/airflow/.local/lib/python3.7/site-packages/airflow/example_dags/example_bash_operator.py
[2022-05-23 18:12:45,150] {processor.py:641} INFO - Processing file /home/airflow/.local/lib/python3.7/site-packages/airflow/example_dags/example_bash_operator.py for tasks to queue
[2022-05-23 18:12:45,235] {logging_mixin.py:115} INFO - [2022-05-23 18:12:45,235] {dagbag.py:507} INFO - Filling up the DagBag from /home/airflow/.local/lib/python3.7/site-packages/airflow/example_dags/example_bash_operator.py
[2022-05-23 18:12:45,254] {processor.py:651} INFO - DAG(s) dict_keys(['example_bash_operator']) retrieved from /home/airflow/.local/lib/python3.7/site-packages/airflow/example_dags/example_bash_operator.py
[2022-05-23 18:12:45,285] {logging_mixin.py:115} INFO - [2022-05-23 18:12:45,285] {dag.py:2371} INFO - Sync 1 DAGs
[2022-05-23 18:12:45,314] {logging_mixin.py:115} INFO - [2022-05-23 18:12:45,314] {dag.py:2919} INFO - Setting next_dagrun for example_bash_operator to 2022-05-22T00:00:00+00:00, run_after=2022-05-23T00:00:00+00:00
[2022-05-23 18:12:45,398] {processor.py:161} INFO - Processing /home/airflow/.local/lib/python3.7/site-packages/airflow/example_dags/example_bash_operator.py took 1.037 seconds
[2022-05-23 18:13:16,685] {processor.py:153} INFO - Started process (PID=1113) to work on /home/airflow/.local/lib/python3.7/site-packages/airflow/example_dags/example_bash_operator.py
[2022-05-23 18:13:16,795] {processor.py:641} INFO - Processing file /home/airflow/.local/lib/python3.7/site-packages/airflow/example_dags/example_bash_operator.py for tasks to queue
[2022-05-23 18:13:16,796] {logging_mixin.py:115} INFO - [2022-05-23 18:13:16,796] {dagbag.py:507} INFO - Filling up the DagBag from /home/airflow/.local/lib/python3.7/site-packages/airflow/example_dags/example_bash_operator.py
[2022-05-23 18:13:16,812] {processor.py:651} INFO - DAG(s) dict_keys(['example_bash_operator']) retrieved from /home/airflow/.local/lib/python3.7/site-packages/airflow/example_dags/example_bash_operator.py
[2022-05-23 18:13:16,839] {logging_mixin.py:115} INFO - [2022-05-23 18:13:16,838] {dag.py:2371} INFO - Sync 1 DAGs
[2022-05-23 18:13:16,865] {logging_mixin.py:115} INFO - [2022-05-23 18:13:16,865] {dag.py:2919} INFO - Setting next_dagrun for example_bash_operator to 2022-05-22T00:00:00+00:00, run_after=2022-05-23T00:00:00+00:00
[2022-05-23 18:13:17,496] {processor.py:161} INFO - Processing /home/airflow/.local/lib/python3.7/site-packages/airflow/example_dags/example_bash_operator.py took 0.818 seconds
[2022-05-23 18:13:48,457] {processor.py:153} INFO - Started process (PID=1167) to work on /home/airflow/.local/lib/python3.7/site-packages/airflow/example_dags/example_bash_operator.py
[2022-05-23 18:13:48,732] {processor.py:641} INFO - Processing file /home/airflow/.local/lib/python3.7/site-packages/airflow/example_dags/example_bash_operator.py for tasks to queue
[2022-05-23 18:13:48,733] {logging_mixin.py:115} INFO - [2022-05-23 18:13:48,733] {dagbag.py:507} INFO - Filling up the DagBag from /home/airflow/.local/lib/python3.7/site-packages/airflow/example_dags/example_bash_operator.py
[2022-05-23 18:13:48,908] {processor.py:651} INFO - DAG(s) dict_keys(['example_bash_operator']) retrieved from /home/airflow/.local/lib/python3.7/site-packages/airflow/example_dags/example_bash_operator.py
[2022-05-23 18:13:48,942] {logging_mixin.py:115} INFO - [2022-05-23 18:13:48,942] {dag.py:2371} INFO - Sync 1 DAGs
[2022-05-23 18:13:48,975] {logging_mixin.py:115} INFO - [2022-05-23 18:13:48,975] {dag.py:2919} INFO - Setting next_dagrun for example_bash_operator to 2022-05-22T00:00:00+00:00, run_after=2022-05-23T00:00:00+00:00
[2022-05-23 18:13:49,010] {processor.py:161} INFO - Processing /home/airflow/.local/lib/python3.7/site-packages/airflow/example_dags/example_bash_operator.py took 0.556 seconds
[2022-05-23 18:14:20,987] {processor.py:153} INFO - Started process (PID=1230) to work on /home/airflow/.local/lib/python3.7/site-packages/airflow/example_dags/example_bash_operator.py
[2022-05-23 18:14:20,988] {processor.py:641} INFO - Processing file /home/airflow/.local/lib/python3.7/site-packages/airflow/example_dags/example_bash_operator.py for tasks to queue
[2022-05-23 18:14:20,988] {logging_mixin.py:115} INFO - [2022-05-23 18:14:20,988] {dagbag.py:507} INFO - Filling up the DagBag from /home/airflow/.local/lib/python3.7/site-packages/airflow/example_dags/example_bash_operator.py
[2022-05-23 18:14:21,132] {processor.py:651} INFO - DAG(s) dict_keys(['example_bash_operator']) retrieved from /home/airflow/.local/lib/python3.7/site-packages/airflow/example_dags/example_bash_operator.py
[2022-05-23 18:14:21,159] {logging_mixin.py:115} INFO - [2022-05-23 18:14:21,159] {dag.py:2371} INFO - Sync 1 DAGs
[2022-05-23 18:14:21,188] {logging_mixin.py:115} INFO - [2022-05-23 18:14:21,187] {dag.py:2919} INFO - Setting next_dagrun for example_bash_operator to 2022-05-22T00:00:00+00:00, run_after=2022-05-23T00:00:00+00:00
[2022-05-23 18:14:21,214] {processor.py:161} INFO - Processing /home/airflow/.local/lib/python3.7/site-packages/airflow/example_dags/example_bash_operator.py took 0.230 seconds
[2022-05-23 18:14:51,679] {processor.py:153} INFO - Started process (PID=1284) to work on /home/airflow/.local/lib/python3.7/site-packages/airflow/example_dags/example_bash_operator.py
[2022-05-23 18:14:51,680] {processor.py:641} INFO - Processing file /home/airflow/.local/lib/python3.7/site-packages/airflow/example_dags/example_bash_operator.py for tasks to queue
[2022-05-23 18:14:51,680] {logging_mixin.py:115} INFO - [2022-05-23 18:14:51,680] {dagbag.py:507} INFO - Filling up the DagBag from /home/airflow/.local/lib/python3.7/site-packages/airflow/example_dags/example_bash_operator.py
[2022-05-23 18:14:51,824] {processor.py:651} INFO - DAG(s) dict_keys(['example_bash_operator']) retrieved from /home/airflow/.local/lib/python3.7/site-packages/airflow/example_dags/example_bash_operator.py
[2022-05-23 18:14:51,850] {logging_mixin.py:115} INFO - [2022-05-23 18:14:51,850] {dag.py:2371} INFO - Sync 1 DAGs
[2022-05-23 18:14:51,884] {logging_mixin.py:115} INFO - [2022-05-23 18:14:51,884] {dag.py:2919} INFO - Setting next_dagrun for example_bash_operator to 2022-05-22T00:00:00+00:00, run_after=2022-05-23T00:00:00+00:00
[2022-05-23 18:14:51,919] {processor.py:161} INFO - Processing /home/airflow/.local/lib/python3.7/site-packages/airflow/example_dags/example_bash_operator.py took 0.244 seconds
[2022-05-23 18:15:23,754] {processor.py:153} INFO - Started process (PID=1338) to work on /home/airflow/.local/lib/python3.7/site-packages/airflow/example_dags/example_bash_operator.py
[2022-05-23 18:15:23,754] {processor.py:641} INFO - Processing file /home/airflow/.local/lib/python3.7/site-packages/airflow/example_dags/example_bash_operator.py for tasks to queue
[2022-05-23 18:15:23,755] {logging_mixin.py:115} INFO - [2022-05-23 18:15:23,755] {dagbag.py:507} INFO - Filling up the DagBag from /home/airflow/.local/lib/python3.7/site-packages/airflow/example_dags/example_bash_operator.py
[2022-05-23 18:15:23,905] {processor.py:651} INFO - DAG(s) dict_keys(['example_bash_operator']) retrieved from /home/airflow/.local/lib/python3.7/site-packages/airflow/example_dags/example_bash_operator.py
[2022-05-23 18:15:23,945] {logging_mixin.py:115} INFO - [2022-05-23 18:15:23,945] {dag.py:2371} INFO - Sync 1 DAGs
[2022-05-23 18:15:23,984] {logging_mixin.py:115} INFO - [2022-05-23 18:15:23,984] {dag.py:2919} INFO - Setting next_dagrun for example_bash_operator to 2022-05-22T00:00:00+00:00, run_after=2022-05-23T00:00:00+00:00
[2022-05-23 18:15:24,021] {processor.py:161} INFO - Processing /home/airflow/.local/lib/python3.7/site-packages/airflow/example_dags/example_bash_operator.py took 0.271 seconds
[2022-05-23 18:15:55,356] {processor.py:153} INFO - Started process (PID=1402) to work on /home/airflow/.local/lib/python3.7/site-packages/airflow/example_dags/example_bash_operator.py
[2022-05-23 18:15:55,470] {processor.py:641} INFO - Processing file /home/airflow/.local/lib/python3.7/site-packages/airflow/example_dags/example_bash_operator.py for tasks to queue
[2022-05-23 18:15:55,472] {logging_mixin.py:115} INFO - [2022-05-23 18:15:55,472] {dagbag.py:507} INFO - Filling up the DagBag from /home/airflow/.local/lib/python3.7/site-packages/airflow/example_dags/example_bash_operator.py
[2022-05-23 18:15:55,679] {processor.py:651} INFO - DAG(s) dict_keys(['example_bash_operator']) retrieved from /home/airflow/.local/lib/python3.7/site-packages/airflow/example_dags/example_bash_operator.py
[2022-05-23 18:15:55,708] {logging_mixin.py:115} INFO - [2022-05-23 18:15:55,708] {dag.py:2371} INFO - Sync 1 DAGs
[2022-05-23 18:15:55,742] {logging_mixin.py:115} INFO - [2022-05-23 18:15:55,742] {dag.py:2919} INFO - Setting next_dagrun for example_bash_operator to 2022-05-22T00:00:00+00:00, run_after=2022-05-23T00:00:00+00:00
[2022-05-23 18:15:55,931] {processor.py:161} INFO - Processing /home/airflow/.local/lib/python3.7/site-packages/airflow/example_dags/example_bash_operator.py took 0.579 seconds
[2022-05-23 18:16:28,671] {processor.py:153} INFO - Started process (PID=1457) to work on /home/airflow/.local/lib/python3.7/site-packages/airflow/example_dags/example_bash_operator.py
[2022-05-23 18:16:28,672] {processor.py:641} INFO - Processing file /home/airflow/.local/lib/python3.7/site-packages/airflow/example_dags/example_bash_operator.py for tasks to queue
[2022-05-23 18:16:28,672] {logging_mixin.py:115} INFO - [2022-05-23 18:16:28,672] {dagbag.py:507} INFO - Filling up the DagBag from /home/airflow/.local/lib/python3.7/site-packages/airflow/example_dags/example_bash_operator.py
[2022-05-23 18:16:28,812] {processor.py:651} INFO - DAG(s) dict_keys(['example_bash_operator']) retrieved from /home/airflow/.local/lib/python3.7/site-packages/airflow/example_dags/example_bash_operator.py
[2022-05-23 18:16:28,840] {logging_mixin.py:115} INFO - [2022-05-23 18:16:28,840] {dag.py:2371} INFO - Sync 1 DAGs
[2022-05-23 18:16:28,869] {logging_mixin.py:115} INFO - [2022-05-23 18:16:28,869] {dag.py:2919} INFO - Setting next_dagrun for example_bash_operator to 2022-05-22T00:00:00+00:00, run_after=2022-05-23T00:00:00+00:00
[2022-05-23 18:16:29,090] {processor.py:161} INFO - Processing /home/airflow/.local/lib/python3.7/site-packages/airflow/example_dags/example_bash_operator.py took 0.422 seconds
[2022-05-23 18:17:00,660] {processor.py:153} INFO - Started process (PID=1520) to work on /home/airflow/.local/lib/python3.7/site-packages/airflow/example_dags/example_bash_operator.py
[2022-05-23 18:17:00,661] {processor.py:641} INFO - Processing file /home/airflow/.local/lib/python3.7/site-packages/airflow/example_dags/example_bash_operator.py for tasks to queue
[2022-05-23 18:17:00,661] {logging_mixin.py:115} INFO - [2022-05-23 18:17:00,661] {dagbag.py:507} INFO - Filling up the DagBag from /home/airflow/.local/lib/python3.7/site-packages/airflow/example_dags/example_bash_operator.py
[2022-05-23 18:17:00,820] {processor.py:651} INFO - DAG(s) dict_keys(['example_bash_operator']) retrieved from /home/airflow/.local/lib/python3.7/site-packages/airflow/example_dags/example_bash_operator.py
[2022-05-23 18:17:00,854] {logging_mixin.py:115} INFO - [2022-05-23 18:17:00,853] {dag.py:2371} INFO - Sync 1 DAGs
[2022-05-23 18:17:00,891] {logging_mixin.py:115} INFO - [2022-05-23 18:17:00,891] {dag.py:2919} INFO - Setting next_dagrun for example_bash_operator to 2022-05-22T00:00:00+00:00, run_after=2022-05-23T00:00:00+00:00
[2022-05-23 18:17:01,065] {processor.py:161} INFO - Processing /home/airflow/.local/lib/python3.7/site-packages/airflow/example_dags/example_bash_operator.py took 0.408 seconds
[2022-05-23 18:17:32,240] {processor.py:153} INFO - Started process (PID=1573) to work on /home/airflow/.local/lib/python3.7/site-packages/airflow/example_dags/example_bash_operator.py
[2022-05-23 18:17:32,240] {processor.py:641} INFO - Processing file /home/airflow/.local/lib/python3.7/site-packages/airflow/example_dags/example_bash_operator.py for tasks to queue
[2022-05-23 18:17:32,241] {logging_mixin.py:115} INFO - [2022-05-23 18:17:32,241] {dagbag.py:507} INFO - Filling up the DagBag from /home/airflow/.local/lib/python3.7/site-packages/airflow/example_dags/example_bash_operator.py
[2022-05-23 18:17:32,398] {processor.py:651} INFO - DAG(s) dict_keys(['example_bash_operator']) retrieved from /home/airflow/.local/lib/python3.7/site-packages/airflow/example_dags/example_bash_operator.py
[2022-05-23 18:17:32,433] {logging_mixin.py:115} INFO - [2022-05-23 18:17:32,433] {dag.py:2371} INFO - Sync 1 DAGs
[2022-05-23 18:17:32,476] {logging_mixin.py:115} INFO - [2022-05-23 18:17:32,475] {dag.py:2919} INFO - Setting next_dagrun for example_bash_operator to 2022-05-22T00:00:00+00:00, run_after=2022-05-23T00:00:00+00:00
[2022-05-23 18:17:32,506] {processor.py:161} INFO - Processing /home/airflow/.local/lib/python3.7/site-packages/airflow/example_dags/example_bash_operator.py took 0.270 seconds
[2022-05-23 18:18:03,641] {processor.py:153} INFO - Started process (PID=1636) to work on /home/airflow/.local/lib/python3.7/site-packages/airflow/example_dags/example_bash_operator.py
[2022-05-23 18:18:03,641] {processor.py:641} INFO - Processing file /home/airflow/.local/lib/python3.7/site-packages/airflow/example_dags/example_bash_operator.py for tasks to queue
[2022-05-23 18:18:03,642] {logging_mixin.py:115} INFO - [2022-05-23 18:18:03,642] {dagbag.py:507} INFO - Filling up the DagBag from /home/airflow/.local/lib/python3.7/site-packages/airflow/example_dags/example_bash_operator.py
[2022-05-23 18:18:03,801] {processor.py:651} INFO - DAG(s) dict_keys(['example_bash_operator']) retrieved from /home/airflow/.local/lib/python3.7/site-packages/airflow/example_dags/example_bash_operator.py
[2022-05-23 18:18:03,854] {logging_mixin.py:115} INFO - [2022-05-23 18:18:03,854] {dag.py:2371} INFO - Sync 1 DAGs
[2022-05-23 18:18:03,892] {logging_mixin.py:115} INFO - [2022-05-23 18:18:03,892] {dag.py:2919} INFO - Setting next_dagrun for example_bash_operator to 2022-05-22T00:00:00+00:00, run_after=2022-05-23T00:00:00+00:00
[2022-05-23 18:18:03,926] {processor.py:161} INFO - Processing /home/airflow/.local/lib/python3.7/site-packages/airflow/example_dags/example_bash_operator.py took 0.289 seconds
[2022-05-23 18:21:03,062] {processor.py:153} INFO - Started process (PID=79) to work on /home/airflow/.local/lib/python3.7/site-packages/airflow/example_dags/example_bash_operator.py
[2022-05-23 18:21:03,063] {processor.py:641} INFO - Processing file /home/airflow/.local/lib/python3.7/site-packages/airflow/example_dags/example_bash_operator.py for tasks to queue
[2022-05-23 18:21:03,064] {logging_mixin.py:115} INFO - [2022-05-23 18:21:03,064] {dagbag.py:507} INFO - Filling up the DagBag from /home/airflow/.local/lib/python3.7/site-packages/airflow/example_dags/example_bash_operator.py
[2022-05-23 18:21:03,084] {processor.py:651} INFO - DAG(s) dict_keys(['example_bash_operator']) retrieved from /home/airflow/.local/lib/python3.7/site-packages/airflow/example_dags/example_bash_operator.py
[2022-05-23 18:21:03,141] {logging_mixin.py:115} INFO - [2022-05-23 18:21:03,141] {dag.py:2371} INFO - Sync 1 DAGs
[2022-05-23 18:21:03,374] {logging_mixin.py:115} INFO - [2022-05-23 18:21:03,374] {dag.py:2919} INFO - Setting next_dagrun for example_bash_operator to 2022-05-22T00:00:00+00:00, run_after=2022-05-23T00:00:00+00:00
[2022-05-23 18:21:03,412] {processor.py:161} INFO - Processing /home/airflow/.local/lib/python3.7/site-packages/airflow/example_dags/example_bash_operator.py took 0.355 seconds
[2022-05-23 18:21:34,431] {processor.py:153} INFO - Started process (PID=133) to work on /home/airflow/.local/lib/python3.7/site-packages/airflow/example_dags/example_bash_operator.py
[2022-05-23 18:21:34,432] {processor.py:641} INFO - Processing file /home/airflow/.local/lib/python3.7/site-packages/airflow/example_dags/example_bash_operator.py for tasks to queue
[2022-05-23 18:21:34,432] {logging_mixin.py:115} INFO - [2022-05-23 18:21:34,432] {dagbag.py:507} INFO - Filling up the DagBag from /home/airflow/.local/lib/python3.7/site-packages/airflow/example_dags/example_bash_operator.py
[2022-05-23 18:21:34,448] {processor.py:651} INFO - DAG(s) dict_keys(['example_bash_operator']) retrieved from /home/airflow/.local/lib/python3.7/site-packages/airflow/example_dags/example_bash_operator.py
[2022-05-23 18:21:34,484] {logging_mixin.py:115} INFO - [2022-05-23 18:21:34,484] {dag.py:2371} INFO - Sync 1 DAGs
[2022-05-23 18:21:34,629] {logging_mixin.py:115} INFO - [2022-05-23 18:21:34,629] {dag.py:2919} INFO - Setting next_dagrun for example_bash_operator to 2022-05-22T00:00:00+00:00, run_after=2022-05-23T00:00:00+00:00
[2022-05-23 18:21:35,108] {processor.py:161} INFO - Processing /home/airflow/.local/lib/python3.7/site-packages/airflow/example_dags/example_bash_operator.py took 0.680 seconds
[2022-05-23 18:22:05,666] {processor.py:153} INFO - Started process (PID=191) to work on /home/airflow/.local/lib/python3.7/site-packages/airflow/example_dags/example_bash_operator.py
[2022-05-23 18:22:05,667] {processor.py:641} INFO - Processing file /home/airflow/.local/lib/python3.7/site-packages/airflow/example_dags/example_bash_operator.py for tasks to queue
[2022-05-23 18:22:05,667] {logging_mixin.py:115} INFO - [2022-05-23 18:22:05,667] {dagbag.py:507} INFO - Filling up the DagBag from /home/airflow/.local/lib/python3.7/site-packages/airflow/example_dags/example_bash_operator.py
[2022-05-23 18:22:05,681] {processor.py:651} INFO - DAG(s) dict_keys(['example_bash_operator']) retrieved from /home/airflow/.local/lib/python3.7/site-packages/airflow/example_dags/example_bash_operator.py
[2022-05-23 18:22:05,715] {logging_mixin.py:115} INFO - [2022-05-23 18:22:05,715] {dag.py:2371} INFO - Sync 1 DAGs
[2022-05-23 18:22:05,870] {logging_mixin.py:115} INFO - [2022-05-23 18:22:05,870] {dag.py:2919} INFO - Setting next_dagrun for example_bash_operator to 2022-05-22T00:00:00+00:00, run_after=2022-05-23T00:00:00+00:00
[2022-05-23 18:22:05,910] {processor.py:161} INFO - Processing /home/airflow/.local/lib/python3.7/site-packages/airflow/example_dags/example_bash_operator.py took 0.248 seconds
[2022-05-23 18:22:37,215] {processor.py:153} INFO - Started process (PID=245) to work on /home/airflow/.local/lib/python3.7/site-packages/airflow/example_dags/example_bash_operator.py
[2022-05-23 18:22:37,216] {processor.py:641} INFO - Processing file /home/airflow/.local/lib/python3.7/site-packages/airflow/example_dags/example_bash_operator.py for tasks to queue
[2022-05-23 18:22:37,216] {logging_mixin.py:115} INFO - [2022-05-23 18:22:37,216] {dagbag.py:507} INFO - Filling up the DagBag from /home/airflow/.local/lib/python3.7/site-packages/airflow/example_dags/example_bash_operator.py
[2022-05-23 18:22:37,230] {processor.py:651} INFO - DAG(s) dict_keys(['example_bash_operator']) retrieved from /home/airflow/.local/lib/python3.7/site-packages/airflow/example_dags/example_bash_operator.py
[2022-05-23 18:22:37,264] {logging_mixin.py:115} INFO - [2022-05-23 18:22:37,264] {dag.py:2371} INFO - Sync 1 DAGs
[2022-05-23 18:22:37,410] {logging_mixin.py:115} INFO - [2022-05-23 18:22:37,410] {dag.py:2919} INFO - Setting next_dagrun for example_bash_operator to 2022-05-22T00:00:00+00:00, run_after=2022-05-23T00:00:00+00:00
[2022-05-23 18:22:37,442] {processor.py:161} INFO - Processing /home/airflow/.local/lib/python3.7/site-packages/airflow/example_dags/example_bash_operator.py took 0.230 seconds
