[2022-05-23 17:10:19,602] {processor.py:153} INFO - Started process (PID=87) to work on /home/airflow/.local/lib/python3.7/site-packages/airflow/example_dags/example_branch_operator.py
[2022-05-23 17:10:19,602] {processor.py:641} INFO - Processing file /home/airflow/.local/lib/python3.7/site-packages/airflow/example_dags/example_branch_operator.py for tasks to queue
[2022-05-23 17:10:19,603] {logging_mixin.py:115} INFO - [2022-05-23 17:10:19,603] {dagbag.py:507} INFO - Filling up the DagBag from /home/airflow/.local/lib/python3.7/site-packages/airflow/example_dags/example_branch_operator.py
[2022-05-23 17:10:19,616] {processor.py:651} INFO - DAG(s) dict_keys(['example_branch_operator']) retrieved from /home/airflow/.local/lib/python3.7/site-packages/airflow/example_dags/example_branch_operator.py
[2022-05-23 17:10:19,948] {logging_mixin.py:115} INFO - [2022-05-23 17:10:19,948] {manager.py:508} INFO - Created Permission View: can read on DAG:example_branch_operator
[2022-05-23 17:10:20,020] {logging_mixin.py:115} INFO - [2022-05-23 17:10:20,020] {manager.py:508} INFO - Created Permission View: can edit on DAG:example_branch_operator
[2022-05-23 17:10:20,131] {logging_mixin.py:115} INFO - [2022-05-23 17:10:20,131] {manager.py:508} INFO - Created Permission View: can delete on DAG:example_branch_operator
[2022-05-23 17:10:20,131] {logging_mixin.py:115} INFO - [2022-05-23 17:10:20,131] {dag.py:2371} INFO - Sync 1 DAGs
[2022-05-23 17:10:20,143] {logging_mixin.py:115} INFO - [2022-05-23 17:10:20,143] {dag.py:2390} INFO - Creating ORM DAG for example_branch_operator
[2022-05-23 17:10:20,164] {logging_mixin.py:115} INFO - [2022-05-23 17:10:20,164] {dag.py:2919} INFO - Setting next_dagrun for example_branch_operator to 2022-05-22T00:00:00+00:00, run_after=2022-05-23T00:00:00+00:00
[2022-05-23 17:10:20,290] {processor.py:161} INFO - Processing /home/airflow/.local/lib/python3.7/site-packages/airflow/example_dags/example_branch_operator.py took 0.692 seconds
[2022-05-23 17:10:50,626] {processor.py:153} INFO - Started process (PID=148) to work on /home/airflow/.local/lib/python3.7/site-packages/airflow/example_dags/example_branch_operator.py
[2022-05-23 17:10:50,741] {processor.py:641} INFO - Processing file /home/airflow/.local/lib/python3.7/site-packages/airflow/example_dags/example_branch_operator.py for tasks to queue
[2022-05-23 17:10:50,904] {logging_mixin.py:115} INFO - [2022-05-23 17:10:50,904] {dagbag.py:507} INFO - Filling up the DagBag from /home/airflow/.local/lib/python3.7/site-packages/airflow/example_dags/example_branch_operator.py
[2022-05-23 17:10:50,926] {processor.py:651} INFO - DAG(s) dict_keys(['example_branch_operator']) retrieved from /home/airflow/.local/lib/python3.7/site-packages/airflow/example_dags/example_branch_operator.py
[2022-05-23 17:10:50,953] {logging_mixin.py:115} INFO - [2022-05-23 17:10:50,953] {dag.py:2371} INFO - Sync 1 DAGs
[2022-05-23 17:10:50,983] {logging_mixin.py:115} INFO - [2022-05-23 17:10:50,983] {dag.py:2919} INFO - Setting next_dagrun for example_branch_operator to 2022-05-22T00:00:00+00:00, run_after=2022-05-23T00:00:00+00:00
[2022-05-23 17:10:51,447] {processor.py:161} INFO - Processing /home/airflow/.local/lib/python3.7/site-packages/airflow/example_dags/example_branch_operator.py took 0.827 seconds
[2022-05-23 17:11:21,603] {processor.py:153} INFO - Started process (PID=199) to work on /home/airflow/.local/lib/python3.7/site-packages/airflow/example_dags/example_branch_operator.py
[2022-05-23 17:11:21,617] {processor.py:641} INFO - Processing file /home/airflow/.local/lib/python3.7/site-packages/airflow/example_dags/example_branch_operator.py for tasks to queue
[2022-05-23 17:11:21,618] {logging_mixin.py:115} INFO - [2022-05-23 17:11:21,618] {dagbag.py:507} INFO - Filling up the DagBag from /home/airflow/.local/lib/python3.7/site-packages/airflow/example_dags/example_branch_operator.py
[2022-05-23 17:11:21,633] {processor.py:651} INFO - DAG(s) dict_keys(['example_branch_operator']) retrieved from /home/airflow/.local/lib/python3.7/site-packages/airflow/example_dags/example_branch_operator.py
[2022-05-23 17:11:21,668] {logging_mixin.py:115} INFO - [2022-05-23 17:11:21,668] {dag.py:2371} INFO - Sync 1 DAGs
[2022-05-23 17:11:21,704] {logging_mixin.py:115} INFO - [2022-05-23 17:11:21,704] {dag.py:2919} INFO - Setting next_dagrun for example_branch_operator to 2022-05-22T00:00:00+00:00, run_after=2022-05-23T00:00:00+00:00
[2022-05-23 17:11:21,914] {processor.py:161} INFO - Processing /home/airflow/.local/lib/python3.7/site-packages/airflow/example_dags/example_branch_operator.py took 0.314 seconds
[2022-05-23 17:11:52,499] {processor.py:153} INFO - Started process (PID=259) to work on /home/airflow/.local/lib/python3.7/site-packages/airflow/example_dags/example_branch_operator.py
[2022-05-23 17:11:52,641] {processor.py:641} INFO - Processing file /home/airflow/.local/lib/python3.7/site-packages/airflow/example_dags/example_branch_operator.py for tasks to queue
[2022-05-23 17:11:52,642] {logging_mixin.py:115} INFO - [2022-05-23 17:11:52,642] {dagbag.py:507} INFO - Filling up the DagBag from /home/airflow/.local/lib/python3.7/site-packages/airflow/example_dags/example_branch_operator.py
[2022-05-23 17:11:52,657] {processor.py:651} INFO - DAG(s) dict_keys(['example_branch_operator']) retrieved from /home/airflow/.local/lib/python3.7/site-packages/airflow/example_dags/example_branch_operator.py
[2022-05-23 17:11:52,684] {logging_mixin.py:115} INFO - [2022-05-23 17:11:52,684] {dag.py:2371} INFO - Sync 1 DAGs
[2022-05-23 17:11:52,715] {logging_mixin.py:115} INFO - [2022-05-23 17:11:52,715] {dag.py:2919} INFO - Setting next_dagrun for example_branch_operator to 2022-05-22T00:00:00+00:00, run_after=2022-05-23T00:00:00+00:00
[2022-05-23 17:11:53,522] {processor.py:161} INFO - Processing /home/airflow/.local/lib/python3.7/site-packages/airflow/example_dags/example_branch_operator.py took 1.025 seconds
[2022-05-23 17:28:28,776] {processor.py:153} INFO - Started process (PID=78) to work on /home/airflow/.local/lib/python3.7/site-packages/airflow/example_dags/example_branch_operator.py
[2022-05-23 17:28:28,786] {processor.py:641} INFO - Processing file /home/airflow/.local/lib/python3.7/site-packages/airflow/example_dags/example_branch_operator.py for tasks to queue
[2022-05-23 17:28:28,786] {logging_mixin.py:115} INFO - [2022-05-23 17:28:28,786] {dagbag.py:507} INFO - Filling up the DagBag from /home/airflow/.local/lib/python3.7/site-packages/airflow/example_dags/example_branch_operator.py
[2022-05-23 17:28:28,800] {processor.py:651} INFO - DAG(s) dict_keys(['example_branch_operator']) retrieved from /home/airflow/.local/lib/python3.7/site-packages/airflow/example_dags/example_branch_operator.py
[2022-05-23 17:28:28,831] {logging_mixin.py:115} INFO - [2022-05-23 17:28:28,831] {dag.py:2371} INFO - Sync 1 DAGs
[2022-05-23 17:28:28,863] {logging_mixin.py:115} INFO - [2022-05-23 17:28:28,863] {dag.py:2919} INFO - Setting next_dagrun for example_branch_operator to 2022-05-22T00:00:00+00:00, run_after=2022-05-23T00:00:00+00:00
[2022-05-23 17:28:29,032] {processor.py:161} INFO - Processing /home/airflow/.local/lib/python3.7/site-packages/airflow/example_dags/example_branch_operator.py took 0.259 seconds
[2022-05-23 17:29:01,476] {processor.py:153} INFO - Started process (PID=140) to work on /home/airflow/.local/lib/python3.7/site-packages/airflow/example_dags/example_branch_operator.py
[2022-05-23 17:29:01,476] {processor.py:641} INFO - Processing file /home/airflow/.local/lib/python3.7/site-packages/airflow/example_dags/example_branch_operator.py for tasks to queue
[2022-05-23 17:29:01,477] {logging_mixin.py:115} INFO - [2022-05-23 17:29:01,477] {dagbag.py:507} INFO - Filling up the DagBag from /home/airflow/.local/lib/python3.7/site-packages/airflow/example_dags/example_branch_operator.py
[2022-05-23 17:29:01,491] {processor.py:651} INFO - DAG(s) dict_keys(['example_branch_operator']) retrieved from /home/airflow/.local/lib/python3.7/site-packages/airflow/example_dags/example_branch_operator.py
[2022-05-23 17:29:01,519] {logging_mixin.py:115} INFO - [2022-05-23 17:29:01,519] {dag.py:2371} INFO - Sync 1 DAGs
[2022-05-23 17:29:01,668] {logging_mixin.py:115} INFO - [2022-05-23 17:29:01,668] {dag.py:2919} INFO - Setting next_dagrun for example_branch_operator to 2022-05-22T00:00:00+00:00, run_after=2022-05-23T00:00:00+00:00
[2022-05-23 17:29:01,858] {processor.py:161} INFO - Processing /home/airflow/.local/lib/python3.7/site-packages/airflow/example_dags/example_branch_operator.py took 0.386 seconds
[2022-05-23 17:29:31,894] {processor.py:153} INFO - Started process (PID=195) to work on /home/airflow/.local/lib/python3.7/site-packages/airflow/example_dags/example_branch_operator.py
[2022-05-23 17:29:31,906] {processor.py:641} INFO - Processing file /home/airflow/.local/lib/python3.7/site-packages/airflow/example_dags/example_branch_operator.py for tasks to queue
[2022-05-23 17:29:31,907] {logging_mixin.py:115} INFO - [2022-05-23 17:29:31,907] {dagbag.py:507} INFO - Filling up the DagBag from /home/airflow/.local/lib/python3.7/site-packages/airflow/example_dags/example_branch_operator.py
[2022-05-23 17:29:31,919] {processor.py:651} INFO - DAG(s) dict_keys(['example_branch_operator']) retrieved from /home/airflow/.local/lib/python3.7/site-packages/airflow/example_dags/example_branch_operator.py
[2022-05-23 17:29:31,949] {logging_mixin.py:115} INFO - [2022-05-23 17:29:31,949] {dag.py:2371} INFO - Sync 1 DAGs
[2022-05-23 17:29:32,078] {logging_mixin.py:115} INFO - [2022-05-23 17:29:32,078] {dag.py:2919} INFO - Setting next_dagrun for example_branch_operator to 2022-05-22T00:00:00+00:00, run_after=2022-05-23T00:00:00+00:00
[2022-05-23 17:29:33,069] {processor.py:161} INFO - Processing /home/airflow/.local/lib/python3.7/site-packages/airflow/example_dags/example_branch_operator.py took 1.178 seconds
[2022-05-23 17:30:03,885] {processor.py:153} INFO - Started process (PID=250) to work on /home/airflow/.local/lib/python3.7/site-packages/airflow/example_dags/example_branch_operator.py
[2022-05-23 17:30:03,886] {processor.py:641} INFO - Processing file /home/airflow/.local/lib/python3.7/site-packages/airflow/example_dags/example_branch_operator.py for tasks to queue
[2022-05-23 17:30:03,886] {logging_mixin.py:115} INFO - [2022-05-23 17:30:03,886] {dagbag.py:507} INFO - Filling up the DagBag from /home/airflow/.local/lib/python3.7/site-packages/airflow/example_dags/example_branch_operator.py
[2022-05-23 17:30:03,902] {processor.py:651} INFO - DAG(s) dict_keys(['example_branch_operator']) retrieved from /home/airflow/.local/lib/python3.7/site-packages/airflow/example_dags/example_branch_operator.py
[2022-05-23 17:30:03,958] {logging_mixin.py:115} INFO - [2022-05-23 17:30:03,958] {dag.py:2371} INFO - Sync 1 DAGs
[2022-05-23 17:30:04,146] {logging_mixin.py:115} INFO - [2022-05-23 17:30:04,146] {dag.py:2919} INFO - Setting next_dagrun for example_branch_operator to 2022-05-22T00:00:00+00:00, run_after=2022-05-23T00:00:00+00:00
[2022-05-23 17:30:04,409] {processor.py:161} INFO - Processing /home/airflow/.local/lib/python3.7/site-packages/airflow/example_dags/example_branch_operator.py took 0.528 seconds
[2022-05-23 17:30:34,522] {processor.py:153} INFO - Started process (PID=312) to work on /home/airflow/.local/lib/python3.7/site-packages/airflow/example_dags/example_branch_operator.py
[2022-05-23 17:30:34,522] {processor.py:641} INFO - Processing file /home/airflow/.local/lib/python3.7/site-packages/airflow/example_dags/example_branch_operator.py for tasks to queue
[2022-05-23 17:30:34,523] {logging_mixin.py:115} INFO - [2022-05-23 17:30:34,523] {dagbag.py:507} INFO - Filling up the DagBag from /home/airflow/.local/lib/python3.7/site-packages/airflow/example_dags/example_branch_operator.py
[2022-05-23 17:30:34,537] {processor.py:651} INFO - DAG(s) dict_keys(['example_branch_operator']) retrieved from /home/airflow/.local/lib/python3.7/site-packages/airflow/example_dags/example_branch_operator.py
[2022-05-23 17:30:34,576] {logging_mixin.py:115} INFO - [2022-05-23 17:30:34,576] {dag.py:2371} INFO - Sync 1 DAGs
[2022-05-23 17:30:34,725] {logging_mixin.py:115} INFO - [2022-05-23 17:30:34,725] {dag.py:2919} INFO - Setting next_dagrun for example_branch_operator to 2022-05-22T00:00:00+00:00, run_after=2022-05-23T00:00:00+00:00
[2022-05-23 17:30:34,808] {processor.py:161} INFO - Processing /home/airflow/.local/lib/python3.7/site-packages/airflow/example_dags/example_branch_operator.py took 0.290 seconds
[2022-05-23 17:31:05,578] {processor.py:153} INFO - Started process (PID=367) to work on /home/airflow/.local/lib/python3.7/site-packages/airflow/example_dags/example_branch_operator.py
[2022-05-23 17:31:05,578] {processor.py:641} INFO - Processing file /home/airflow/.local/lib/python3.7/site-packages/airflow/example_dags/example_branch_operator.py for tasks to queue
[2022-05-23 17:31:05,579] {logging_mixin.py:115} INFO - [2022-05-23 17:31:05,579] {dagbag.py:507} INFO - Filling up the DagBag from /home/airflow/.local/lib/python3.7/site-packages/airflow/example_dags/example_branch_operator.py
[2022-05-23 17:31:05,592] {processor.py:651} INFO - DAG(s) dict_keys(['example_branch_operator']) retrieved from /home/airflow/.local/lib/python3.7/site-packages/airflow/example_dags/example_branch_operator.py
[2022-05-23 17:31:05,623] {logging_mixin.py:115} INFO - [2022-05-23 17:31:05,622] {dag.py:2371} INFO - Sync 1 DAGs
[2022-05-23 17:31:05,767] {logging_mixin.py:115} INFO - [2022-05-23 17:31:05,767] {dag.py:2919} INFO - Setting next_dagrun for example_branch_operator to 2022-05-22T00:00:00+00:00, run_after=2022-05-23T00:00:00+00:00
[2022-05-23 17:31:06,076] {processor.py:161} INFO - Processing /home/airflow/.local/lib/python3.7/site-packages/airflow/example_dags/example_branch_operator.py took 0.502 seconds
[2022-05-23 17:31:37,672] {processor.py:153} INFO - Started process (PID=429) to work on /home/airflow/.local/lib/python3.7/site-packages/airflow/example_dags/example_branch_operator.py
[2022-05-23 17:31:37,677] {processor.py:641} INFO - Processing file /home/airflow/.local/lib/python3.7/site-packages/airflow/example_dags/example_branch_operator.py for tasks to queue
[2022-05-23 17:31:37,700] {logging_mixin.py:115} INFO - [2022-05-23 17:31:37,700] {dagbag.py:507} INFO - Filling up the DagBag from /home/airflow/.local/lib/python3.7/site-packages/airflow/example_dags/example_branch_operator.py
[2022-05-23 17:31:37,713] {processor.py:651} INFO - DAG(s) dict_keys(['example_branch_operator']) retrieved from /home/airflow/.local/lib/python3.7/site-packages/airflow/example_dags/example_branch_operator.py
[2022-05-23 17:31:37,743] {logging_mixin.py:115} INFO - [2022-05-23 17:31:37,743] {dag.py:2371} INFO - Sync 1 DAGs
[2022-05-23 17:31:37,886] {logging_mixin.py:115} INFO - [2022-05-23 17:31:37,886] {dag.py:2919} INFO - Setting next_dagrun for example_branch_operator to 2022-05-22T00:00:00+00:00, run_after=2022-05-23T00:00:00+00:00
[2022-05-23 17:31:37,923] {processor.py:161} INFO - Processing /home/airflow/.local/lib/python3.7/site-packages/airflow/example_dags/example_branch_operator.py took 0.254 seconds
[2022-05-23 17:32:08,284] {processor.py:153} INFO - Started process (PID=483) to work on /home/airflow/.local/lib/python3.7/site-packages/airflow/example_dags/example_branch_operator.py
[2022-05-23 17:32:08,286] {processor.py:641} INFO - Processing file /home/airflow/.local/lib/python3.7/site-packages/airflow/example_dags/example_branch_operator.py for tasks to queue
[2022-05-23 17:32:08,288] {logging_mixin.py:115} INFO - [2022-05-23 17:32:08,287] {dagbag.py:507} INFO - Filling up the DagBag from /home/airflow/.local/lib/python3.7/site-packages/airflow/example_dags/example_branch_operator.py
[2022-05-23 17:32:08,305] {processor.py:651} INFO - DAG(s) dict_keys(['example_branch_operator']) retrieved from /home/airflow/.local/lib/python3.7/site-packages/airflow/example_dags/example_branch_operator.py
[2022-05-23 17:32:08,337] {logging_mixin.py:115} INFO - [2022-05-23 17:32:08,337] {dag.py:2371} INFO - Sync 1 DAGs
[2022-05-23 17:32:08,480] {logging_mixin.py:115} INFO - [2022-05-23 17:32:08,480] {dag.py:2919} INFO - Setting next_dagrun for example_branch_operator to 2022-05-22T00:00:00+00:00, run_after=2022-05-23T00:00:00+00:00
[2022-05-23 17:32:08,673] {processor.py:161} INFO - Processing /home/airflow/.local/lib/python3.7/site-packages/airflow/example_dags/example_branch_operator.py took 0.397 seconds
[2022-05-23 17:32:39,217] {processor.py:153} INFO - Started process (PID=546) to work on /home/airflow/.local/lib/python3.7/site-packages/airflow/example_dags/example_branch_operator.py
[2022-05-23 17:32:39,217] {processor.py:641} INFO - Processing file /home/airflow/.local/lib/python3.7/site-packages/airflow/example_dags/example_branch_operator.py for tasks to queue
[2022-05-23 17:32:39,218] {logging_mixin.py:115} INFO - [2022-05-23 17:32:39,218] {dagbag.py:507} INFO - Filling up the DagBag from /home/airflow/.local/lib/python3.7/site-packages/airflow/example_dags/example_branch_operator.py
[2022-05-23 17:32:39,230] {processor.py:651} INFO - DAG(s) dict_keys(['example_branch_operator']) retrieved from /home/airflow/.local/lib/python3.7/site-packages/airflow/example_dags/example_branch_operator.py
[2022-05-23 17:32:39,267] {logging_mixin.py:115} INFO - [2022-05-23 17:32:39,267] {dag.py:2371} INFO - Sync 1 DAGs
[2022-05-23 17:32:39,431] {logging_mixin.py:115} INFO - [2022-05-23 17:32:39,431] {dag.py:2919} INFO - Setting next_dagrun for example_branch_operator to 2022-05-22T00:00:00+00:00, run_after=2022-05-23T00:00:00+00:00
[2022-05-23 17:32:39,744] {processor.py:161} INFO - Processing /home/airflow/.local/lib/python3.7/site-packages/airflow/example_dags/example_branch_operator.py took 0.530 seconds
[2022-05-23 17:33:10,079] {processor.py:153} INFO - Started process (PID=600) to work on /home/airflow/.local/lib/python3.7/site-packages/airflow/example_dags/example_branch_operator.py
[2022-05-23 17:33:10,079] {processor.py:641} INFO - Processing file /home/airflow/.local/lib/python3.7/site-packages/airflow/example_dags/example_branch_operator.py for tasks to queue
[2022-05-23 17:33:10,080] {logging_mixin.py:115} INFO - [2022-05-23 17:33:10,080] {dagbag.py:507} INFO - Filling up the DagBag from /home/airflow/.local/lib/python3.7/site-packages/airflow/example_dags/example_branch_operator.py
[2022-05-23 17:33:10,092] {processor.py:651} INFO - DAG(s) dict_keys(['example_branch_operator']) retrieved from /home/airflow/.local/lib/python3.7/site-packages/airflow/example_dags/example_branch_operator.py
[2022-05-23 17:33:10,124] {logging_mixin.py:115} INFO - [2022-05-23 17:33:10,124] {dag.py:2371} INFO - Sync 1 DAGs
[2022-05-23 17:33:10,279] {logging_mixin.py:115} INFO - [2022-05-23 17:33:10,279] {dag.py:2919} INFO - Setting next_dagrun for example_branch_operator to 2022-05-22T00:00:00+00:00, run_after=2022-05-23T00:00:00+00:00
[2022-05-23 17:33:11,254] {processor.py:161} INFO - Processing /home/airflow/.local/lib/python3.7/site-packages/airflow/example_dags/example_branch_operator.py took 1.179 seconds
[2022-05-23 17:33:42,310] {processor.py:153} INFO - Started process (PID=665) to work on /home/airflow/.local/lib/python3.7/site-packages/airflow/example_dags/example_branch_operator.py
[2022-05-23 17:33:42,327] {processor.py:641} INFO - Processing file /home/airflow/.local/lib/python3.7/site-packages/airflow/example_dags/example_branch_operator.py for tasks to queue
[2022-05-23 17:33:42,328] {logging_mixin.py:115} INFO - [2022-05-23 17:33:42,328] {dagbag.py:507} INFO - Filling up the DagBag from /home/airflow/.local/lib/python3.7/site-packages/airflow/example_dags/example_branch_operator.py
[2022-05-23 17:33:42,350] {processor.py:651} INFO - DAG(s) dict_keys(['example_branch_operator']) retrieved from /home/airflow/.local/lib/python3.7/site-packages/airflow/example_dags/example_branch_operator.py
[2022-05-23 17:33:42,407] {logging_mixin.py:115} INFO - [2022-05-23 17:33:42,406] {dag.py:2371} INFO - Sync 1 DAGs
[2022-05-23 17:33:42,660] {logging_mixin.py:115} INFO - [2022-05-23 17:33:42,660] {dag.py:2919} INFO - Setting next_dagrun for example_branch_operator to 2022-05-22T00:00:00+00:00, run_after=2022-05-23T00:00:00+00:00
[2022-05-23 17:33:42,725] {processor.py:161} INFO - Processing /home/airflow/.local/lib/python3.7/site-packages/airflow/example_dags/example_branch_operator.py took 0.420 seconds
[2022-05-23 17:34:13,747] {processor.py:153} INFO - Started process (PID=719) to work on /home/airflow/.local/lib/python3.7/site-packages/airflow/example_dags/example_branch_operator.py
[2022-05-23 17:34:13,844] {processor.py:641} INFO - Processing file /home/airflow/.local/lib/python3.7/site-packages/airflow/example_dags/example_branch_operator.py for tasks to queue
[2022-05-23 17:34:13,844] {logging_mixin.py:115} INFO - [2022-05-23 17:34:13,844] {dagbag.py:507} INFO - Filling up the DagBag from /home/airflow/.local/lib/python3.7/site-packages/airflow/example_dags/example_branch_operator.py
[2022-05-23 17:34:13,858] {processor.py:651} INFO - DAG(s) dict_keys(['example_branch_operator']) retrieved from /home/airflow/.local/lib/python3.7/site-packages/airflow/example_dags/example_branch_operator.py
[2022-05-23 17:34:13,890] {logging_mixin.py:115} INFO - [2022-05-23 17:34:13,890] {dag.py:2371} INFO - Sync 1 DAGs
[2022-05-23 17:34:14,040] {logging_mixin.py:115} INFO - [2022-05-23 17:34:14,039] {dag.py:2919} INFO - Setting next_dagrun for example_branch_operator to 2022-05-22T00:00:00+00:00, run_after=2022-05-23T00:00:00+00:00
[2022-05-23 17:34:14,258] {processor.py:161} INFO - Processing /home/airflow/.local/lib/python3.7/site-packages/airflow/example_dags/example_branch_operator.py took 0.515 seconds
[2022-05-23 17:34:44,289] {processor.py:153} INFO - Started process (PID=776) to work on /home/airflow/.local/lib/python3.7/site-packages/airflow/example_dags/example_branch_operator.py
[2022-05-23 17:34:44,290] {processor.py:641} INFO - Processing file /home/airflow/.local/lib/python3.7/site-packages/airflow/example_dags/example_branch_operator.py for tasks to queue
[2022-05-23 17:34:44,291] {logging_mixin.py:115} INFO - [2022-05-23 17:34:44,291] {dagbag.py:507} INFO - Filling up the DagBag from /home/airflow/.local/lib/python3.7/site-packages/airflow/example_dags/example_branch_operator.py
[2022-05-23 17:34:44,303] {processor.py:651} INFO - DAG(s) dict_keys(['example_branch_operator']) retrieved from /home/airflow/.local/lib/python3.7/site-packages/airflow/example_dags/example_branch_operator.py
[2022-05-23 17:34:44,336] {logging_mixin.py:115} INFO - [2022-05-23 17:34:44,336] {dag.py:2371} INFO - Sync 1 DAGs
[2022-05-23 17:34:44,491] {logging_mixin.py:115} INFO - [2022-05-23 17:34:44,490] {dag.py:2919} INFO - Setting next_dagrun for example_branch_operator to 2022-05-22T00:00:00+00:00, run_after=2022-05-23T00:00:00+00:00
[2022-05-23 17:34:45,012] {processor.py:161} INFO - Processing /home/airflow/.local/lib/python3.7/site-packages/airflow/example_dags/example_branch_operator.py took 0.726 seconds
[2022-05-23 17:35:15,509] {processor.py:153} INFO - Started process (PID=841) to work on /home/airflow/.local/lib/python3.7/site-packages/airflow/example_dags/example_branch_operator.py
[2022-05-23 17:35:15,510] {processor.py:641} INFO - Processing file /home/airflow/.local/lib/python3.7/site-packages/airflow/example_dags/example_branch_operator.py for tasks to queue
[2022-05-23 17:35:15,511] {logging_mixin.py:115} INFO - [2022-05-23 17:35:15,511] {dagbag.py:507} INFO - Filling up the DagBag from /home/airflow/.local/lib/python3.7/site-packages/airflow/example_dags/example_branch_operator.py
[2022-05-23 17:35:15,526] {processor.py:651} INFO - DAG(s) dict_keys(['example_branch_operator']) retrieved from /home/airflow/.local/lib/python3.7/site-packages/airflow/example_dags/example_branch_operator.py
[2022-05-23 17:35:15,557] {logging_mixin.py:115} INFO - [2022-05-23 17:35:15,557] {dag.py:2371} INFO - Sync 1 DAGs
[2022-05-23 17:35:15,711] {logging_mixin.py:115} INFO - [2022-05-23 17:35:15,711] {dag.py:2919} INFO - Setting next_dagrun for example_branch_operator to 2022-05-22T00:00:00+00:00, run_after=2022-05-23T00:00:00+00:00
[2022-05-23 17:35:15,742] {processor.py:161} INFO - Processing /home/airflow/.local/lib/python3.7/site-packages/airflow/example_dags/example_branch_operator.py took 0.240 seconds
[2022-05-23 17:35:45,994] {processor.py:153} INFO - Started process (PID=895) to work on /home/airflow/.local/lib/python3.7/site-packages/airflow/example_dags/example_branch_operator.py
[2022-05-23 17:35:45,994] {processor.py:641} INFO - Processing file /home/airflow/.local/lib/python3.7/site-packages/airflow/example_dags/example_branch_operator.py for tasks to queue
[2022-05-23 17:35:45,995] {logging_mixin.py:115} INFO - [2022-05-23 17:35:45,994] {dagbag.py:507} INFO - Filling up the DagBag from /home/airflow/.local/lib/python3.7/site-packages/airflow/example_dags/example_branch_operator.py
[2022-05-23 17:35:46,008] {processor.py:651} INFO - DAG(s) dict_keys(['example_branch_operator']) retrieved from /home/airflow/.local/lib/python3.7/site-packages/airflow/example_dags/example_branch_operator.py
[2022-05-23 17:35:46,035] {logging_mixin.py:115} INFO - [2022-05-23 17:35:46,035] {dag.py:2371} INFO - Sync 1 DAGs
[2022-05-23 17:35:46,193] {logging_mixin.py:115} INFO - [2022-05-23 17:35:46,193] {dag.py:2919} INFO - Setting next_dagrun for example_branch_operator to 2022-05-22T00:00:00+00:00, run_after=2022-05-23T00:00:00+00:00
[2022-05-23 17:35:46,232] {processor.py:161} INFO - Processing /home/airflow/.local/lib/python3.7/site-packages/airflow/example_dags/example_branch_operator.py took 0.241 seconds
[2022-05-23 17:36:18,240] {processor.py:153} INFO - Started process (PID=958) to work on /home/airflow/.local/lib/python3.7/site-packages/airflow/example_dags/example_branch_operator.py
[2022-05-23 17:36:18,241] {processor.py:641} INFO - Processing file /home/airflow/.local/lib/python3.7/site-packages/airflow/example_dags/example_branch_operator.py for tasks to queue
[2022-05-23 17:36:18,241] {logging_mixin.py:115} INFO - [2022-05-23 17:36:18,241] {dagbag.py:507} INFO - Filling up the DagBag from /home/airflow/.local/lib/python3.7/site-packages/airflow/example_dags/example_branch_operator.py
[2022-05-23 17:36:18,255] {processor.py:651} INFO - DAG(s) dict_keys(['example_branch_operator']) retrieved from /home/airflow/.local/lib/python3.7/site-packages/airflow/example_dags/example_branch_operator.py
[2022-05-23 17:36:18,286] {logging_mixin.py:115} INFO - [2022-05-23 17:36:18,286] {dag.py:2371} INFO - Sync 1 DAGs
[2022-05-23 17:36:18,451] {logging_mixin.py:115} INFO - [2022-05-23 17:36:18,451] {dag.py:2919} INFO - Setting next_dagrun for example_branch_operator to 2022-05-22T00:00:00+00:00, run_after=2022-05-23T00:00:00+00:00
[2022-05-23 17:36:18,486] {processor.py:161} INFO - Processing /home/airflow/.local/lib/python3.7/site-packages/airflow/example_dags/example_branch_operator.py took 0.249 seconds
[2022-05-23 17:36:49,846] {processor.py:153} INFO - Started process (PID=1021) to work on /home/airflow/.local/lib/python3.7/site-packages/airflow/example_dags/example_branch_operator.py
[2022-05-23 17:36:49,862] {processor.py:641} INFO - Processing file /home/airflow/.local/lib/python3.7/site-packages/airflow/example_dags/example_branch_operator.py for tasks to queue
[2022-05-23 17:36:49,863] {logging_mixin.py:115} INFO - [2022-05-23 17:36:49,862] {dagbag.py:507} INFO - Filling up the DagBag from /home/airflow/.local/lib/python3.7/site-packages/airflow/example_dags/example_branch_operator.py
[2022-05-23 17:36:49,888] {processor.py:651} INFO - DAG(s) dict_keys(['example_branch_operator']) retrieved from /home/airflow/.local/lib/python3.7/site-packages/airflow/example_dags/example_branch_operator.py
[2022-05-23 17:36:50,003] {logging_mixin.py:115} INFO - [2022-05-23 17:36:50,003] {dag.py:2371} INFO - Sync 1 DAGs
[2022-05-23 17:36:50,293] {logging_mixin.py:115} INFO - [2022-05-23 17:36:50,293] {dag.py:2919} INFO - Setting next_dagrun for example_branch_operator to 2022-05-22T00:00:00+00:00, run_after=2022-05-23T00:00:00+00:00
[2022-05-23 17:36:51,406] {processor.py:161} INFO - Processing /home/airflow/.local/lib/python3.7/site-packages/airflow/example_dags/example_branch_operator.py took 1.565 seconds
[2022-05-23 17:49:32,432] {processor.py:153} INFO - Started process (PID=79) to work on /home/airflow/.local/lib/python3.7/site-packages/airflow/example_dags/example_branch_operator.py
[2022-05-23 17:49:32,440] {processor.py:641} INFO - Processing file /home/airflow/.local/lib/python3.7/site-packages/airflow/example_dags/example_branch_operator.py for tasks to queue
[2022-05-23 17:49:32,442] {logging_mixin.py:115} INFO - [2022-05-23 17:49:32,441] {dagbag.py:507} INFO - Filling up the DagBag from /home/airflow/.local/lib/python3.7/site-packages/airflow/example_dags/example_branch_operator.py
[2022-05-23 17:49:32,498] {processor.py:651} INFO - DAG(s) dict_keys(['example_branch_operator']) retrieved from /home/airflow/.local/lib/python3.7/site-packages/airflow/example_dags/example_branch_operator.py
[2022-05-23 17:49:32,587] {logging_mixin.py:115} INFO - [2022-05-23 17:49:32,587] {dag.py:2371} INFO - Sync 1 DAGs
[2022-05-23 17:49:32,836] {logging_mixin.py:115} INFO - [2022-05-23 17:49:32,836] {dag.py:2919} INFO - Setting next_dagrun for example_branch_operator to 2022-05-22T00:00:00+00:00, run_after=2022-05-23T00:00:00+00:00
[2022-05-23 17:49:32,886] {processor.py:161} INFO - Processing /home/airflow/.local/lib/python3.7/site-packages/airflow/example_dags/example_branch_operator.py took 0.461 seconds
[2022-05-23 17:50:03,653] {processor.py:153} INFO - Started process (PID=133) to work on /home/airflow/.local/lib/python3.7/site-packages/airflow/example_dags/example_branch_operator.py
[2022-05-23 17:50:03,668] {processor.py:641} INFO - Processing file /home/airflow/.local/lib/python3.7/site-packages/airflow/example_dags/example_branch_operator.py for tasks to queue
[2022-05-23 17:50:03,669] {logging_mixin.py:115} INFO - [2022-05-23 17:50:03,669] {dagbag.py:507} INFO - Filling up the DagBag from /home/airflow/.local/lib/python3.7/site-packages/airflow/example_dags/example_branch_operator.py
[2022-05-23 17:50:03,687] {processor.py:651} INFO - DAG(s) dict_keys(['example_branch_operator']) retrieved from /home/airflow/.local/lib/python3.7/site-packages/airflow/example_dags/example_branch_operator.py
[2022-05-23 17:50:03,723] {logging_mixin.py:115} INFO - [2022-05-23 17:50:03,723] {dag.py:2371} INFO - Sync 1 DAGs
[2022-05-23 17:50:03,881] {logging_mixin.py:115} INFO - [2022-05-23 17:50:03,881] {dag.py:2919} INFO - Setting next_dagrun for example_branch_operator to 2022-05-22T00:00:00+00:00, run_after=2022-05-23T00:00:00+00:00
[2022-05-23 17:50:03,911] {processor.py:161} INFO - Processing /home/airflow/.local/lib/python3.7/site-packages/airflow/example_dags/example_branch_operator.py took 0.261 seconds
[2022-05-23 17:50:35,660] {processor.py:153} INFO - Started process (PID=196) to work on /home/airflow/.local/lib/python3.7/site-packages/airflow/example_dags/example_branch_operator.py
[2022-05-23 17:50:35,661] {processor.py:641} INFO - Processing file /home/airflow/.local/lib/python3.7/site-packages/airflow/example_dags/example_branch_operator.py for tasks to queue
[2022-05-23 17:50:35,661] {logging_mixin.py:115} INFO - [2022-05-23 17:50:35,661] {dagbag.py:507} INFO - Filling up the DagBag from /home/airflow/.local/lib/python3.7/site-packages/airflow/example_dags/example_branch_operator.py
[2022-05-23 17:50:35,675] {processor.py:651} INFO - DAG(s) dict_keys(['example_branch_operator']) retrieved from /home/airflow/.local/lib/python3.7/site-packages/airflow/example_dags/example_branch_operator.py
[2022-05-23 17:50:35,711] {logging_mixin.py:115} INFO - [2022-05-23 17:50:35,711] {dag.py:2371} INFO - Sync 1 DAGs
[2022-05-23 17:50:35,858] {logging_mixin.py:115} INFO - [2022-05-23 17:50:35,858] {dag.py:2919} INFO - Setting next_dagrun for example_branch_operator to 2022-05-22T00:00:00+00:00, run_after=2022-05-23T00:00:00+00:00
[2022-05-23 17:50:36,103] {processor.py:161} INFO - Processing /home/airflow/.local/lib/python3.7/site-packages/airflow/example_dags/example_branch_operator.py took 0.447 seconds
[2022-05-23 17:51:06,695] {processor.py:153} INFO - Started process (PID=250) to work on /home/airflow/.local/lib/python3.7/site-packages/airflow/example_dags/example_branch_operator.py
[2022-05-23 17:51:06,715] {processor.py:641} INFO - Processing file /home/airflow/.local/lib/python3.7/site-packages/airflow/example_dags/example_branch_operator.py for tasks to queue
[2022-05-23 17:51:06,734] {logging_mixin.py:115} INFO - [2022-05-23 17:51:06,734] {dagbag.py:507} INFO - Filling up the DagBag from /home/airflow/.local/lib/python3.7/site-packages/airflow/example_dags/example_branch_operator.py
[2022-05-23 17:51:06,758] {processor.py:651} INFO - DAG(s) dict_keys(['example_branch_operator']) retrieved from /home/airflow/.local/lib/python3.7/site-packages/airflow/example_dags/example_branch_operator.py
[2022-05-23 17:51:06,798] {logging_mixin.py:115} INFO - [2022-05-23 17:51:06,798] {dag.py:2371} INFO - Sync 1 DAGs
[2022-05-23 17:51:06,951] {logging_mixin.py:115} INFO - [2022-05-23 17:51:06,951] {dag.py:2919} INFO - Setting next_dagrun for example_branch_operator to 2022-05-22T00:00:00+00:00, run_after=2022-05-23T00:00:00+00:00
[2022-05-23 17:51:07,004] {processor.py:161} INFO - Processing /home/airflow/.local/lib/python3.7/site-packages/airflow/example_dags/example_branch_operator.py took 0.313 seconds
[2022-05-23 17:51:37,454] {processor.py:153} INFO - Started process (PID=304) to work on /home/airflow/.local/lib/python3.7/site-packages/airflow/example_dags/example_branch_operator.py
[2022-05-23 17:51:37,463] {processor.py:641} INFO - Processing file /home/airflow/.local/lib/python3.7/site-packages/airflow/example_dags/example_branch_operator.py for tasks to queue
[2022-05-23 17:51:37,464] {logging_mixin.py:115} INFO - [2022-05-23 17:51:37,464] {dagbag.py:507} INFO - Filling up the DagBag from /home/airflow/.local/lib/python3.7/site-packages/airflow/example_dags/example_branch_operator.py
[2022-05-23 17:51:37,476] {processor.py:651} INFO - DAG(s) dict_keys(['example_branch_operator']) retrieved from /home/airflow/.local/lib/python3.7/site-packages/airflow/example_dags/example_branch_operator.py
[2022-05-23 17:51:37,527] {logging_mixin.py:115} INFO - [2022-05-23 17:51:37,527] {dag.py:2371} INFO - Sync 1 DAGs
[2022-05-23 17:51:37,704] {logging_mixin.py:115} INFO - [2022-05-23 17:51:37,704] {dag.py:2919} INFO - Setting next_dagrun for example_branch_operator to 2022-05-22T00:00:00+00:00, run_after=2022-05-23T00:00:00+00:00
[2022-05-23 17:51:37,734] {processor.py:161} INFO - Processing /home/airflow/.local/lib/python3.7/site-packages/airflow/example_dags/example_branch_operator.py took 0.285 seconds
[2022-05-23 17:52:07,773] {processor.py:153} INFO - Started process (PID=366) to work on /home/airflow/.local/lib/python3.7/site-packages/airflow/example_dags/example_branch_operator.py
[2022-05-23 17:52:07,773] {processor.py:641} INFO - Processing file /home/airflow/.local/lib/python3.7/site-packages/airflow/example_dags/example_branch_operator.py for tasks to queue
[2022-05-23 17:52:07,774] {logging_mixin.py:115} INFO - [2022-05-23 17:52:07,774] {dagbag.py:507} INFO - Filling up the DagBag from /home/airflow/.local/lib/python3.7/site-packages/airflow/example_dags/example_branch_operator.py
[2022-05-23 17:52:07,786] {processor.py:651} INFO - DAG(s) dict_keys(['example_branch_operator']) retrieved from /home/airflow/.local/lib/python3.7/site-packages/airflow/example_dags/example_branch_operator.py
[2022-05-23 17:52:07,819] {logging_mixin.py:115} INFO - [2022-05-23 17:52:07,819] {dag.py:2371} INFO - Sync 1 DAGs
[2022-05-23 17:52:07,966] {logging_mixin.py:115} INFO - [2022-05-23 17:52:07,966] {dag.py:2919} INFO - Setting next_dagrun for example_branch_operator to 2022-05-22T00:00:00+00:00, run_after=2022-05-23T00:00:00+00:00
[2022-05-23 17:52:07,995] {processor.py:161} INFO - Processing /home/airflow/.local/lib/python3.7/site-packages/airflow/example_dags/example_branch_operator.py took 0.226 seconds
[2022-05-23 17:52:38,271] {processor.py:153} INFO - Started process (PID=420) to work on /home/airflow/.local/lib/python3.7/site-packages/airflow/example_dags/example_branch_operator.py
[2022-05-23 17:52:38,272] {processor.py:641} INFO - Processing file /home/airflow/.local/lib/python3.7/site-packages/airflow/example_dags/example_branch_operator.py for tasks to queue
[2022-05-23 17:52:38,272] {logging_mixin.py:115} INFO - [2022-05-23 17:52:38,272] {dagbag.py:507} INFO - Filling up the DagBag from /home/airflow/.local/lib/python3.7/site-packages/airflow/example_dags/example_branch_operator.py
[2022-05-23 17:52:38,285] {processor.py:651} INFO - DAG(s) dict_keys(['example_branch_operator']) retrieved from /home/airflow/.local/lib/python3.7/site-packages/airflow/example_dags/example_branch_operator.py
[2022-05-23 17:52:38,323] {logging_mixin.py:115} INFO - [2022-05-23 17:52:38,323] {dag.py:2371} INFO - Sync 1 DAGs
[2022-05-23 17:52:38,480] {logging_mixin.py:115} INFO - [2022-05-23 17:52:38,479] {dag.py:2919} INFO - Setting next_dagrun for example_branch_operator to 2022-05-22T00:00:00+00:00, run_after=2022-05-23T00:00:00+00:00
[2022-05-23 17:52:38,516] {processor.py:161} INFO - Processing /home/airflow/.local/lib/python3.7/site-packages/airflow/example_dags/example_branch_operator.py took 0.248 seconds
[2022-05-23 17:53:11,662] {processor.py:153} INFO - Started process (PID=482) to work on /home/airflow/.local/lib/python3.7/site-packages/airflow/example_dags/example_branch_operator.py
[2022-05-23 17:53:11,767] {processor.py:641} INFO - Processing file /home/airflow/.local/lib/python3.7/site-packages/airflow/example_dags/example_branch_operator.py for tasks to queue
[2022-05-23 17:53:11,768] {logging_mixin.py:115} INFO - [2022-05-23 17:53:11,768] {dagbag.py:507} INFO - Filling up the DagBag from /home/airflow/.local/lib/python3.7/site-packages/airflow/example_dags/example_branch_operator.py
[2022-05-23 17:53:11,793] {processor.py:651} INFO - DAG(s) dict_keys(['example_branch_operator']) retrieved from /home/airflow/.local/lib/python3.7/site-packages/airflow/example_dags/example_branch_operator.py
[2022-05-23 17:53:11,829] {logging_mixin.py:115} INFO - [2022-05-23 17:53:11,829] {dag.py:2371} INFO - Sync 1 DAGs
[2022-05-23 17:53:11,970] {logging_mixin.py:115} INFO - [2022-05-23 17:53:11,970] {dag.py:2919} INFO - Setting next_dagrun for example_branch_operator to 2022-05-22T00:00:00+00:00, run_after=2022-05-23T00:00:00+00:00
[2022-05-23 17:53:12,342] {processor.py:161} INFO - Processing /home/airflow/.local/lib/python3.7/site-packages/airflow/example_dags/example_branch_operator.py took 0.684 seconds
[2022-05-23 17:53:42,870] {processor.py:153} INFO - Started process (PID=535) to work on /home/airflow/.local/lib/python3.7/site-packages/airflow/example_dags/example_branch_operator.py
[2022-05-23 17:53:42,870] {processor.py:641} INFO - Processing file /home/airflow/.local/lib/python3.7/site-packages/airflow/example_dags/example_branch_operator.py for tasks to queue
[2022-05-23 17:53:42,871] {logging_mixin.py:115} INFO - [2022-05-23 17:53:42,871] {dagbag.py:507} INFO - Filling up the DagBag from /home/airflow/.local/lib/python3.7/site-packages/airflow/example_dags/example_branch_operator.py
[2022-05-23 17:53:42,882] {processor.py:651} INFO - DAG(s) dict_keys(['example_branch_operator']) retrieved from /home/airflow/.local/lib/python3.7/site-packages/airflow/example_dags/example_branch_operator.py
[2022-05-23 17:53:42,917] {logging_mixin.py:115} INFO - [2022-05-23 17:53:42,917] {dag.py:2371} INFO - Sync 1 DAGs
[2022-05-23 17:53:43,070] {logging_mixin.py:115} INFO - [2022-05-23 17:53:43,069] {dag.py:2919} INFO - Setting next_dagrun for example_branch_operator to 2022-05-22T00:00:00+00:00, run_after=2022-05-23T00:00:00+00:00
[2022-05-23 17:53:43,105] {processor.py:161} INFO - Processing /home/airflow/.local/lib/python3.7/site-packages/airflow/example_dags/example_branch_operator.py took 0.239 seconds
[2022-05-23 17:54:13,842] {processor.py:153} INFO - Started process (PID=596) to work on /home/airflow/.local/lib/python3.7/site-packages/airflow/example_dags/example_branch_operator.py
[2022-05-23 17:54:13,849] {processor.py:641} INFO - Processing file /home/airflow/.local/lib/python3.7/site-packages/airflow/example_dags/example_branch_operator.py for tasks to queue
[2022-05-23 17:54:13,866] {logging_mixin.py:115} INFO - [2022-05-23 17:54:13,866] {dagbag.py:507} INFO - Filling up the DagBag from /home/airflow/.local/lib/python3.7/site-packages/airflow/example_dags/example_branch_operator.py
[2022-05-23 17:54:13,885] {processor.py:651} INFO - DAG(s) dict_keys(['example_branch_operator']) retrieved from /home/airflow/.local/lib/python3.7/site-packages/airflow/example_dags/example_branch_operator.py
[2022-05-23 17:54:13,929] {logging_mixin.py:115} INFO - [2022-05-23 17:54:13,929] {dag.py:2371} INFO - Sync 1 DAGs
[2022-05-23 17:54:14,205] {logging_mixin.py:115} INFO - [2022-05-23 17:54:14,205] {dag.py:2919} INFO - Setting next_dagrun for example_branch_operator to 2022-05-22T00:00:00+00:00, run_after=2022-05-23T00:00:00+00:00
[2022-05-23 17:54:14,247] {processor.py:161} INFO - Processing /home/airflow/.local/lib/python3.7/site-packages/airflow/example_dags/example_branch_operator.py took 0.411 seconds
[2022-05-23 18:03:48,601] {processor.py:153} INFO - Started process (PID=79) to work on /home/airflow/.local/lib/python3.7/site-packages/airflow/example_dags/example_branch_operator.py
[2022-05-23 18:03:48,906] {processor.py:641} INFO - Processing file /home/airflow/.local/lib/python3.7/site-packages/airflow/example_dags/example_branch_operator.py for tasks to queue
[2022-05-23 18:03:48,908] {logging_mixin.py:115} INFO - [2022-05-23 18:03:48,908] {dagbag.py:507} INFO - Filling up the DagBag from /home/airflow/.local/lib/python3.7/site-packages/airflow/example_dags/example_branch_operator.py
[2022-05-23 18:03:49,006] {processor.py:651} INFO - DAG(s) dict_keys(['example_branch_operator']) retrieved from /home/airflow/.local/lib/python3.7/site-packages/airflow/example_dags/example_branch_operator.py
[2022-05-23 18:03:49,061] {logging_mixin.py:115} INFO - [2022-05-23 18:03:49,060] {dag.py:2371} INFO - Sync 1 DAGs
[2022-05-23 18:03:49,197] {logging_mixin.py:115} INFO - [2022-05-23 18:03:49,197] {dag.py:2919} INFO - Setting next_dagrun for example_branch_operator to 2022-05-22T00:00:00+00:00, run_after=2022-05-23T00:00:00+00:00
[2022-05-23 18:03:49,797] {processor.py:161} INFO - Processing /home/airflow/.local/lib/python3.7/site-packages/airflow/example_dags/example_branch_operator.py took 1.199 seconds
[2022-05-23 18:04:20,700] {processor.py:153} INFO - Started process (PID=142) to work on /home/airflow/.local/lib/python3.7/site-packages/airflow/example_dags/example_branch_operator.py
[2022-05-23 18:04:20,708] {processor.py:641} INFO - Processing file /home/airflow/.local/lib/python3.7/site-packages/airflow/example_dags/example_branch_operator.py for tasks to queue
[2022-05-23 18:04:20,709] {logging_mixin.py:115} INFO - [2022-05-23 18:04:20,709] {dagbag.py:507} INFO - Filling up the DagBag from /home/airflow/.local/lib/python3.7/site-packages/airflow/example_dags/example_branch_operator.py
[2022-05-23 18:04:20,722] {processor.py:651} INFO - DAG(s) dict_keys(['example_branch_operator']) retrieved from /home/airflow/.local/lib/python3.7/site-packages/airflow/example_dags/example_branch_operator.py
[2022-05-23 18:04:20,761] {logging_mixin.py:115} INFO - [2022-05-23 18:04:20,761] {dag.py:2371} INFO - Sync 1 DAGs
[2022-05-23 18:04:20,910] {logging_mixin.py:115} INFO - [2022-05-23 18:04:20,910] {dag.py:2919} INFO - Setting next_dagrun for example_branch_operator to 2022-05-22T00:00:00+00:00, run_after=2022-05-23T00:00:00+00:00
[2022-05-23 18:04:21,143] {processor.py:161} INFO - Processing /home/airflow/.local/lib/python3.7/site-packages/airflow/example_dags/example_branch_operator.py took 0.447 seconds
[2022-05-23 18:04:51,294] {processor.py:153} INFO - Started process (PID=197) to work on /home/airflow/.local/lib/python3.7/site-packages/airflow/example_dags/example_branch_operator.py
[2022-05-23 18:04:51,295] {processor.py:641} INFO - Processing file /home/airflow/.local/lib/python3.7/site-packages/airflow/example_dags/example_branch_operator.py for tasks to queue
[2022-05-23 18:04:51,295] {logging_mixin.py:115} INFO - [2022-05-23 18:04:51,295] {dagbag.py:507} INFO - Filling up the DagBag from /home/airflow/.local/lib/python3.7/site-packages/airflow/example_dags/example_branch_operator.py
[2022-05-23 18:04:51,312] {processor.py:651} INFO - DAG(s) dict_keys(['example_branch_operator']) retrieved from /home/airflow/.local/lib/python3.7/site-packages/airflow/example_dags/example_branch_operator.py
[2022-05-23 18:04:51,351] {logging_mixin.py:115} INFO - [2022-05-23 18:04:51,351] {dag.py:2371} INFO - Sync 1 DAGs
[2022-05-23 18:04:51,518] {logging_mixin.py:115} INFO - [2022-05-23 18:04:51,518] {dag.py:2919} INFO - Setting next_dagrun for example_branch_operator to 2022-05-22T00:00:00+00:00, run_after=2022-05-23T00:00:00+00:00
[2022-05-23 18:04:51,557] {processor.py:161} INFO - Processing /home/airflow/.local/lib/python3.7/site-packages/airflow/example_dags/example_branch_operator.py took 0.268 seconds
[2022-05-23 18:05:22,680] {processor.py:153} INFO - Started process (PID=251) to work on /home/airflow/.local/lib/python3.7/site-packages/airflow/example_dags/example_branch_operator.py
[2022-05-23 18:05:22,682] {processor.py:641} INFO - Processing file /home/airflow/.local/lib/python3.7/site-packages/airflow/example_dags/example_branch_operator.py for tasks to queue
[2022-05-23 18:05:22,682] {logging_mixin.py:115} INFO - [2022-05-23 18:05:22,682] {dagbag.py:507} INFO - Filling up the DagBag from /home/airflow/.local/lib/python3.7/site-packages/airflow/example_dags/example_branch_operator.py
[2022-05-23 18:05:22,699] {processor.py:651} INFO - DAG(s) dict_keys(['example_branch_operator']) retrieved from /home/airflow/.local/lib/python3.7/site-packages/airflow/example_dags/example_branch_operator.py
[2022-05-23 18:05:22,734] {logging_mixin.py:115} INFO - [2022-05-23 18:05:22,734] {dag.py:2371} INFO - Sync 1 DAGs
[2022-05-23 18:05:22,880] {logging_mixin.py:115} INFO - [2022-05-23 18:05:22,880] {dag.py:2919} INFO - Setting next_dagrun for example_branch_operator to 2022-05-22T00:00:00+00:00, run_after=2022-05-23T00:00:00+00:00
[2022-05-23 18:05:22,916] {processor.py:161} INFO - Processing /home/airflow/.local/lib/python3.7/site-packages/airflow/example_dags/example_branch_operator.py took 0.239 seconds
[2022-05-23 18:05:53,495] {processor.py:153} INFO - Started process (PID=306) to work on /home/airflow/.local/lib/python3.7/site-packages/airflow/example_dags/example_branch_operator.py
[2022-05-23 18:05:53,495] {processor.py:641} INFO - Processing file /home/airflow/.local/lib/python3.7/site-packages/airflow/example_dags/example_branch_operator.py for tasks to queue
[2022-05-23 18:05:53,496] {logging_mixin.py:115} INFO - [2022-05-23 18:05:53,496] {dagbag.py:507} INFO - Filling up the DagBag from /home/airflow/.local/lib/python3.7/site-packages/airflow/example_dags/example_branch_operator.py
[2022-05-23 18:05:53,512] {processor.py:651} INFO - DAG(s) dict_keys(['example_branch_operator']) retrieved from /home/airflow/.local/lib/python3.7/site-packages/airflow/example_dags/example_branch_operator.py
[2022-05-23 18:05:53,557] {logging_mixin.py:115} INFO - [2022-05-23 18:05:53,557] {dag.py:2371} INFO - Sync 1 DAGs
[2022-05-23 18:05:53,746] {logging_mixin.py:115} INFO - [2022-05-23 18:05:53,746] {dag.py:2919} INFO - Setting next_dagrun for example_branch_operator to 2022-05-22T00:00:00+00:00, run_after=2022-05-23T00:00:00+00:00
[2022-05-23 18:05:53,791] {processor.py:161} INFO - Processing /home/airflow/.local/lib/python3.7/site-packages/airflow/example_dags/example_branch_operator.py took 0.301 seconds
[2022-05-23 18:06:24,354] {processor.py:153} INFO - Started process (PID=360) to work on /home/airflow/.local/lib/python3.7/site-packages/airflow/example_dags/example_branch_operator.py
[2022-05-23 18:06:24,355] {processor.py:641} INFO - Processing file /home/airflow/.local/lib/python3.7/site-packages/airflow/example_dags/example_branch_operator.py for tasks to queue
[2022-05-23 18:06:24,355] {logging_mixin.py:115} INFO - [2022-05-23 18:06:24,355] {dagbag.py:507} INFO - Filling up the DagBag from /home/airflow/.local/lib/python3.7/site-packages/airflow/example_dags/example_branch_operator.py
[2022-05-23 18:06:24,369] {processor.py:651} INFO - DAG(s) dict_keys(['example_branch_operator']) retrieved from /home/airflow/.local/lib/python3.7/site-packages/airflow/example_dags/example_branch_operator.py
[2022-05-23 18:06:24,408] {logging_mixin.py:115} INFO - [2022-05-23 18:06:24,408] {dag.py:2371} INFO - Sync 1 DAGs
[2022-05-23 18:06:24,571] {logging_mixin.py:115} INFO - [2022-05-23 18:06:24,571] {dag.py:2919} INFO - Setting next_dagrun for example_branch_operator to 2022-05-22T00:00:00+00:00, run_after=2022-05-23T00:00:00+00:00
[2022-05-23 18:06:25,603] {processor.py:161} INFO - Processing /home/airflow/.local/lib/python3.7/site-packages/airflow/example_dags/example_branch_operator.py took 1.253 seconds
[2022-05-23 18:06:56,062] {processor.py:153} INFO - Started process (PID=415) to work on /home/airflow/.local/lib/python3.7/site-packages/airflow/example_dags/example_branch_operator.py
[2022-05-23 18:06:56,084] {processor.py:641} INFO - Processing file /home/airflow/.local/lib/python3.7/site-packages/airflow/example_dags/example_branch_operator.py for tasks to queue
[2022-05-23 18:06:56,085] {logging_mixin.py:115} INFO - [2022-05-23 18:06:56,085] {dagbag.py:507} INFO - Filling up the DagBag from /home/airflow/.local/lib/python3.7/site-packages/airflow/example_dags/example_branch_operator.py
[2022-05-23 18:06:56,097] {processor.py:651} INFO - DAG(s) dict_keys(['example_branch_operator']) retrieved from /home/airflow/.local/lib/python3.7/site-packages/airflow/example_dags/example_branch_operator.py
[2022-05-23 18:06:56,130] {logging_mixin.py:115} INFO - [2022-05-23 18:06:56,130] {dag.py:2371} INFO - Sync 1 DAGs
[2022-05-23 18:06:56,272] {logging_mixin.py:115} INFO - [2022-05-23 18:06:56,272] {dag.py:2919} INFO - Setting next_dagrun for example_branch_operator to 2022-05-22T00:00:00+00:00, run_after=2022-05-23T00:00:00+00:00
[2022-05-23 18:06:56,303] {processor.py:161} INFO - Processing /home/airflow/.local/lib/python3.7/site-packages/airflow/example_dags/example_branch_operator.py took 0.244 seconds
[2022-05-23 18:07:28,061] {processor.py:153} INFO - Started process (PID=477) to work on /home/airflow/.local/lib/python3.7/site-packages/airflow/example_dags/example_branch_operator.py
[2022-05-23 18:07:28,062] {processor.py:641} INFO - Processing file /home/airflow/.local/lib/python3.7/site-packages/airflow/example_dags/example_branch_operator.py for tasks to queue
[2022-05-23 18:07:28,063] {logging_mixin.py:115} INFO - [2022-05-23 18:07:28,063] {dagbag.py:507} INFO - Filling up the DagBag from /home/airflow/.local/lib/python3.7/site-packages/airflow/example_dags/example_branch_operator.py
[2022-05-23 18:07:28,078] {processor.py:651} INFO - DAG(s) dict_keys(['example_branch_operator']) retrieved from /home/airflow/.local/lib/python3.7/site-packages/airflow/example_dags/example_branch_operator.py
[2022-05-23 18:07:28,125] {logging_mixin.py:115} INFO - [2022-05-23 18:07:28,125] {dag.py:2371} INFO - Sync 1 DAGs
[2022-05-23 18:07:28,264] {logging_mixin.py:115} INFO - [2022-05-23 18:07:28,264] {dag.py:2919} INFO - Setting next_dagrun for example_branch_operator to 2022-05-22T00:00:00+00:00, run_after=2022-05-23T00:00:00+00:00
[2022-05-23 18:07:28,934] {processor.py:161} INFO - Processing /home/airflow/.local/lib/python3.7/site-packages/airflow/example_dags/example_branch_operator.py took 0.878 seconds
[2022-05-23 18:07:59,132] {processor.py:153} INFO - Started process (PID=531) to work on /home/airflow/.local/lib/python3.7/site-packages/airflow/example_dags/example_branch_operator.py
[2022-05-23 18:07:59,135] {processor.py:641} INFO - Processing file /home/airflow/.local/lib/python3.7/site-packages/airflow/example_dags/example_branch_operator.py for tasks to queue
[2022-05-23 18:07:59,136] {logging_mixin.py:115} INFO - [2022-05-23 18:07:59,135] {dagbag.py:507} INFO - Filling up the DagBag from /home/airflow/.local/lib/python3.7/site-packages/airflow/example_dags/example_branch_operator.py
[2022-05-23 18:07:59,150] {processor.py:651} INFO - DAG(s) dict_keys(['example_branch_operator']) retrieved from /home/airflow/.local/lib/python3.7/site-packages/airflow/example_dags/example_branch_operator.py
[2022-05-23 18:07:59,187] {logging_mixin.py:115} INFO - [2022-05-23 18:07:59,187] {dag.py:2371} INFO - Sync 1 DAGs
[2022-05-23 18:07:59,338] {logging_mixin.py:115} INFO - [2022-05-23 18:07:59,338] {dag.py:2919} INFO - Setting next_dagrun for example_branch_operator to 2022-05-22T00:00:00+00:00, run_after=2022-05-23T00:00:00+00:00
[2022-05-23 18:07:59,365] {processor.py:161} INFO - Processing /home/airflow/.local/lib/python3.7/site-packages/airflow/example_dags/example_branch_operator.py took 0.236 seconds
[2022-05-23 18:08:30,367] {processor.py:153} INFO - Started process (PID=592) to work on /home/airflow/.local/lib/python3.7/site-packages/airflow/example_dags/example_branch_operator.py
[2022-05-23 18:08:30,367] {processor.py:641} INFO - Processing file /home/airflow/.local/lib/python3.7/site-packages/airflow/example_dags/example_branch_operator.py for tasks to queue
[2022-05-23 18:08:30,368] {logging_mixin.py:115} INFO - [2022-05-23 18:08:30,368] {dagbag.py:507} INFO - Filling up the DagBag from /home/airflow/.local/lib/python3.7/site-packages/airflow/example_dags/example_branch_operator.py
[2022-05-23 18:08:30,380] {processor.py:651} INFO - DAG(s) dict_keys(['example_branch_operator']) retrieved from /home/airflow/.local/lib/python3.7/site-packages/airflow/example_dags/example_branch_operator.py
[2022-05-23 18:08:30,417] {logging_mixin.py:115} INFO - [2022-05-23 18:08:30,417] {dag.py:2371} INFO - Sync 1 DAGs
[2022-05-23 18:08:30,585] {logging_mixin.py:115} INFO - [2022-05-23 18:08:30,585] {dag.py:2919} INFO - Setting next_dagrun for example_branch_operator to 2022-05-22T00:00:00+00:00, run_after=2022-05-23T00:00:00+00:00
[2022-05-23 18:08:30,629] {processor.py:161} INFO - Processing /home/airflow/.local/lib/python3.7/site-packages/airflow/example_dags/example_branch_operator.py took 0.266 seconds
[2022-05-23 18:09:02,417] {processor.py:153} INFO - Started process (PID=647) to work on /home/airflow/.local/lib/python3.7/site-packages/airflow/example_dags/example_branch_operator.py
[2022-05-23 18:09:02,424] {processor.py:641} INFO - Processing file /home/airflow/.local/lib/python3.7/site-packages/airflow/example_dags/example_branch_operator.py for tasks to queue
[2022-05-23 18:09:02,424] {logging_mixin.py:115} INFO - [2022-05-23 18:09:02,424] {dagbag.py:507} INFO - Filling up the DagBag from /home/airflow/.local/lib/python3.7/site-packages/airflow/example_dags/example_branch_operator.py
[2022-05-23 18:09:02,440] {processor.py:651} INFO - DAG(s) dict_keys(['example_branch_operator']) retrieved from /home/airflow/.local/lib/python3.7/site-packages/airflow/example_dags/example_branch_operator.py
[2022-05-23 18:09:02,473] {logging_mixin.py:115} INFO - [2022-05-23 18:09:02,473] {dag.py:2371} INFO - Sync 1 DAGs
[2022-05-23 18:09:02,504] {logging_mixin.py:115} INFO - [2022-05-23 18:09:02,503] {dag.py:2919} INFO - Setting next_dagrun for example_branch_operator to 2022-05-22T00:00:00+00:00, run_after=2022-05-23T00:00:00+00:00
[2022-05-23 18:09:02,546] {processor.py:161} INFO - Processing /home/airflow/.local/lib/python3.7/site-packages/airflow/example_dags/example_branch_operator.py took 0.133 seconds
[2022-05-23 18:09:33,540] {processor.py:153} INFO - Started process (PID=701) to work on /home/airflow/.local/lib/python3.7/site-packages/airflow/example_dags/example_branch_operator.py
[2022-05-23 18:09:33,553] {processor.py:641} INFO - Processing file /home/airflow/.local/lib/python3.7/site-packages/airflow/example_dags/example_branch_operator.py for tasks to queue
[2022-05-23 18:09:33,554] {logging_mixin.py:115} INFO - [2022-05-23 18:09:33,553] {dagbag.py:507} INFO - Filling up the DagBag from /home/airflow/.local/lib/python3.7/site-packages/airflow/example_dags/example_branch_operator.py
[2022-05-23 18:09:33,589] {processor.py:651} INFO - DAG(s) dict_keys(['example_branch_operator']) retrieved from /home/airflow/.local/lib/python3.7/site-packages/airflow/example_dags/example_branch_operator.py
[2022-05-23 18:09:33,621] {logging_mixin.py:115} INFO - [2022-05-23 18:09:33,621] {dag.py:2371} INFO - Sync 1 DAGs
[2022-05-23 18:09:33,653] {logging_mixin.py:115} INFO - [2022-05-23 18:09:33,652] {dag.py:2919} INFO - Setting next_dagrun for example_branch_operator to 2022-05-22T00:00:00+00:00, run_after=2022-05-23T00:00:00+00:00
[2022-05-23 18:09:33,694] {processor.py:161} INFO - Processing /home/airflow/.local/lib/python3.7/site-packages/airflow/example_dags/example_branch_operator.py took 0.158 seconds
[2022-05-23 18:10:04,721] {processor.py:153} INFO - Started process (PID=764) to work on /home/airflow/.local/lib/python3.7/site-packages/airflow/example_dags/example_branch_operator.py
[2022-05-23 18:10:04,723] {processor.py:641} INFO - Processing file /home/airflow/.local/lib/python3.7/site-packages/airflow/example_dags/example_branch_operator.py for tasks to queue
[2022-05-23 18:10:04,768] {logging_mixin.py:115} INFO - [2022-05-23 18:10:04,767] {dagbag.py:507} INFO - Filling up the DagBag from /home/airflow/.local/lib/python3.7/site-packages/airflow/example_dags/example_branch_operator.py
[2022-05-23 18:10:04,797] {processor.py:651} INFO - DAG(s) dict_keys(['example_branch_operator']) retrieved from /home/airflow/.local/lib/python3.7/site-packages/airflow/example_dags/example_branch_operator.py
[2022-05-23 18:10:04,827] {logging_mixin.py:115} INFO - [2022-05-23 18:10:04,827] {dag.py:2371} INFO - Sync 1 DAGs
[2022-05-23 18:10:04,856] {logging_mixin.py:115} INFO - [2022-05-23 18:10:04,856] {dag.py:2919} INFO - Setting next_dagrun for example_branch_operator to 2022-05-22T00:00:00+00:00, run_after=2022-05-23T00:00:00+00:00
[2022-05-23 18:10:04,987] {processor.py:161} INFO - Processing /home/airflow/.local/lib/python3.7/site-packages/airflow/example_dags/example_branch_operator.py took 0.270 seconds
[2022-05-23 18:10:36,974] {processor.py:153} INFO - Started process (PID=818) to work on /home/airflow/.local/lib/python3.7/site-packages/airflow/example_dags/example_branch_operator.py
[2022-05-23 18:10:36,975] {processor.py:641} INFO - Processing file /home/airflow/.local/lib/python3.7/site-packages/airflow/example_dags/example_branch_operator.py for tasks to queue
[2022-05-23 18:10:36,975] {logging_mixin.py:115} INFO - [2022-05-23 18:10:36,975] {dagbag.py:507} INFO - Filling up the DagBag from /home/airflow/.local/lib/python3.7/site-packages/airflow/example_dags/example_branch_operator.py
[2022-05-23 18:10:36,989] {processor.py:651} INFO - DAG(s) dict_keys(['example_branch_operator']) retrieved from /home/airflow/.local/lib/python3.7/site-packages/airflow/example_dags/example_branch_operator.py
[2022-05-23 18:10:37,017] {logging_mixin.py:115} INFO - [2022-05-23 18:10:37,017] {dag.py:2371} INFO - Sync 1 DAGs
[2022-05-23 18:10:37,047] {logging_mixin.py:115} INFO - [2022-05-23 18:10:37,046] {dag.py:2919} INFO - Setting next_dagrun for example_branch_operator to 2022-05-22T00:00:00+00:00, run_after=2022-05-23T00:00:00+00:00
[2022-05-23 18:10:37,196] {processor.py:161} INFO - Processing /home/airflow/.local/lib/python3.7/site-packages/airflow/example_dags/example_branch_operator.py took 0.225 seconds
[2022-05-23 18:11:08,742] {processor.py:153} INFO - Started process (PID=881) to work on /home/airflow/.local/lib/python3.7/site-packages/airflow/example_dags/example_branch_operator.py
[2022-05-23 18:11:08,754] {processor.py:641} INFO - Processing file /home/airflow/.local/lib/python3.7/site-packages/airflow/example_dags/example_branch_operator.py for tasks to queue
[2022-05-23 18:11:08,772] {logging_mixin.py:115} INFO - [2022-05-23 18:11:08,772] {dagbag.py:507} INFO - Filling up the DagBag from /home/airflow/.local/lib/python3.7/site-packages/airflow/example_dags/example_branch_operator.py
[2022-05-23 18:11:08,789] {processor.py:651} INFO - DAG(s) dict_keys(['example_branch_operator']) retrieved from /home/airflow/.local/lib/python3.7/site-packages/airflow/example_dags/example_branch_operator.py
[2022-05-23 18:11:08,820] {logging_mixin.py:115} INFO - [2022-05-23 18:11:08,820] {dag.py:2371} INFO - Sync 1 DAGs
[2022-05-23 18:11:08,853] {logging_mixin.py:115} INFO - [2022-05-23 18:11:08,853] {dag.py:2919} INFO - Setting next_dagrun for example_branch_operator to 2022-05-22T00:00:00+00:00, run_after=2022-05-23T00:00:00+00:00
[2022-05-23 18:11:08,882] {processor.py:161} INFO - Processing /home/airflow/.local/lib/python3.7/site-packages/airflow/example_dags/example_branch_operator.py took 0.143 seconds
[2022-05-23 18:11:39,789] {processor.py:153} INFO - Started process (PID=933) to work on /home/airflow/.local/lib/python3.7/site-packages/airflow/example_dags/example_branch_operator.py
[2022-05-23 18:11:39,796] {processor.py:641} INFO - Processing file /home/airflow/.local/lib/python3.7/site-packages/airflow/example_dags/example_branch_operator.py for tasks to queue
[2022-05-23 18:11:39,797] {logging_mixin.py:115} INFO - [2022-05-23 18:11:39,797] {dagbag.py:507} INFO - Filling up the DagBag from /home/airflow/.local/lib/python3.7/site-packages/airflow/example_dags/example_branch_operator.py
[2022-05-23 18:11:39,821] {processor.py:651} INFO - DAG(s) dict_keys(['example_branch_operator']) retrieved from /home/airflow/.local/lib/python3.7/site-packages/airflow/example_dags/example_branch_operator.py
[2022-05-23 18:11:39,863] {logging_mixin.py:115} INFO - [2022-05-23 18:11:39,863] {dag.py:2371} INFO - Sync 1 DAGs
[2022-05-23 18:11:39,903] {logging_mixin.py:115} INFO - [2022-05-23 18:11:39,903] {dag.py:2919} INFO - Setting next_dagrun for example_branch_operator to 2022-05-22T00:00:00+00:00, run_after=2022-05-23T00:00:00+00:00
[2022-05-23 18:11:39,953] {processor.py:161} INFO - Processing /home/airflow/.local/lib/python3.7/site-packages/airflow/example_dags/example_branch_operator.py took 0.169 seconds
[2022-05-23 18:12:12,234] {processor.py:153} INFO - Started process (PID=996) to work on /home/airflow/.local/lib/python3.7/site-packages/airflow/example_dags/example_branch_operator.py
[2022-05-23 18:12:12,478] {processor.py:641} INFO - Processing file /home/airflow/.local/lib/python3.7/site-packages/airflow/example_dags/example_branch_operator.py for tasks to queue
[2022-05-23 18:12:12,478] {logging_mixin.py:115} INFO - [2022-05-23 18:12:12,478] {dagbag.py:507} INFO - Filling up the DagBag from /home/airflow/.local/lib/python3.7/site-packages/airflow/example_dags/example_branch_operator.py
[2022-05-23 18:12:12,492] {processor.py:651} INFO - DAG(s) dict_keys(['example_branch_operator']) retrieved from /home/airflow/.local/lib/python3.7/site-packages/airflow/example_dags/example_branch_operator.py
[2022-05-23 18:12:12,519] {logging_mixin.py:115} INFO - [2022-05-23 18:12:12,518] {dag.py:2371} INFO - Sync 1 DAGs
[2022-05-23 18:12:12,544] {logging_mixin.py:115} INFO - [2022-05-23 18:12:12,544] {dag.py:2919} INFO - Setting next_dagrun for example_branch_operator to 2022-05-22T00:00:00+00:00, run_after=2022-05-23T00:00:00+00:00
[2022-05-23 18:12:13,066] {processor.py:161} INFO - Processing /home/airflow/.local/lib/python3.7/site-packages/airflow/example_dags/example_branch_operator.py took 0.835 seconds
[2022-05-23 18:12:43,291] {processor.py:153} INFO - Started process (PID=1050) to work on /home/airflow/.local/lib/python3.7/site-packages/airflow/example_dags/example_branch_operator.py
[2022-05-23 18:12:43,292] {processor.py:641} INFO - Processing file /home/airflow/.local/lib/python3.7/site-packages/airflow/example_dags/example_branch_operator.py for tasks to queue
[2022-05-23 18:12:43,292] {logging_mixin.py:115} INFO - [2022-05-23 18:12:43,292] {dagbag.py:507} INFO - Filling up the DagBag from /home/airflow/.local/lib/python3.7/site-packages/airflow/example_dags/example_branch_operator.py
[2022-05-23 18:12:43,309] {processor.py:651} INFO - DAG(s) dict_keys(['example_branch_operator']) retrieved from /home/airflow/.local/lib/python3.7/site-packages/airflow/example_dags/example_branch_operator.py
[2022-05-23 18:12:43,338] {logging_mixin.py:115} INFO - [2022-05-23 18:12:43,338] {dag.py:2371} INFO - Sync 1 DAGs
[2022-05-23 18:12:43,364] {logging_mixin.py:115} INFO - [2022-05-23 18:12:43,364] {dag.py:2919} INFO - Setting next_dagrun for example_branch_operator to 2022-05-22T00:00:00+00:00, run_after=2022-05-23T00:00:00+00:00
[2022-05-23 18:12:43,392] {processor.py:161} INFO - Processing /home/airflow/.local/lib/python3.7/site-packages/airflow/example_dags/example_branch_operator.py took 0.105 seconds
[2022-05-23 18:13:15,106] {processor.py:153} INFO - Started process (PID=1112) to work on /home/airflow/.local/lib/python3.7/site-packages/airflow/example_dags/example_branch_operator.py
[2022-05-23 18:13:15,129] {processor.py:641} INFO - Processing file /home/airflow/.local/lib/python3.7/site-packages/airflow/example_dags/example_branch_operator.py for tasks to queue
[2022-05-23 18:13:15,130] {logging_mixin.py:115} INFO - [2022-05-23 18:13:15,130] {dagbag.py:507} INFO - Filling up the DagBag from /home/airflow/.local/lib/python3.7/site-packages/airflow/example_dags/example_branch_operator.py
[2022-05-23 18:13:15,149] {processor.py:651} INFO - DAG(s) dict_keys(['example_branch_operator']) retrieved from /home/airflow/.local/lib/python3.7/site-packages/airflow/example_dags/example_branch_operator.py
[2022-05-23 18:13:15,193] {logging_mixin.py:115} INFO - [2022-05-23 18:13:15,193] {dag.py:2371} INFO - Sync 1 DAGs
[2022-05-23 18:13:15,224] {logging_mixin.py:115} INFO - [2022-05-23 18:13:15,224] {dag.py:2919} INFO - Setting next_dagrun for example_branch_operator to 2022-05-22T00:00:00+00:00, run_after=2022-05-23T00:00:00+00:00
[2022-05-23 18:13:16,489] {processor.py:161} INFO - Processing /home/airflow/.local/lib/python3.7/site-packages/airflow/example_dags/example_branch_operator.py took 1.387 seconds
[2022-05-23 18:13:46,900] {processor.py:153} INFO - Started process (PID=1166) to work on /home/airflow/.local/lib/python3.7/site-packages/airflow/example_dags/example_branch_operator.py
[2022-05-23 18:13:47,093] {processor.py:641} INFO - Processing file /home/airflow/.local/lib/python3.7/site-packages/airflow/example_dags/example_branch_operator.py for tasks to queue
[2022-05-23 18:13:47,118] {logging_mixin.py:115} INFO - [2022-05-23 18:13:47,118] {dagbag.py:507} INFO - Filling up the DagBag from /home/airflow/.local/lib/python3.7/site-packages/airflow/example_dags/example_branch_operator.py
[2022-05-23 18:13:47,322] {processor.py:651} INFO - DAG(s) dict_keys(['example_branch_operator']) retrieved from /home/airflow/.local/lib/python3.7/site-packages/airflow/example_dags/example_branch_operator.py
[2022-05-23 18:13:47,357] {logging_mixin.py:115} INFO - [2022-05-23 18:13:47,357] {dag.py:2371} INFO - Sync 1 DAGs
[2022-05-23 18:13:47,385] {logging_mixin.py:115} INFO - [2022-05-23 18:13:47,385] {dag.py:2919} INFO - Setting next_dagrun for example_branch_operator to 2022-05-22T00:00:00+00:00, run_after=2022-05-23T00:00:00+00:00
[2022-05-23 18:13:47,437] {processor.py:161} INFO - Processing /home/airflow/.local/lib/python3.7/site-packages/airflow/example_dags/example_branch_operator.py took 0.540 seconds
[2022-05-23 18:14:20,982] {processor.py:153} INFO - Started process (PID=1229) to work on /home/airflow/.local/lib/python3.7/site-packages/airflow/example_dags/example_branch_operator.py
[2022-05-23 18:14:21,005] {processor.py:641} INFO - Processing file /home/airflow/.local/lib/python3.7/site-packages/airflow/example_dags/example_branch_operator.py for tasks to queue
[2022-05-23 18:14:21,005] {logging_mixin.py:115} INFO - [2022-05-23 18:14:21,005] {dagbag.py:507} INFO - Filling up the DagBag from /home/airflow/.local/lib/python3.7/site-packages/airflow/example_dags/example_branch_operator.py
[2022-05-23 18:14:21,158] {processor.py:651} INFO - DAG(s) dict_keys(['example_branch_operator']) retrieved from /home/airflow/.local/lib/python3.7/site-packages/airflow/example_dags/example_branch_operator.py
[2022-05-23 18:14:21,184] {logging_mixin.py:115} INFO - [2022-05-23 18:14:21,184] {dag.py:2371} INFO - Sync 1 DAGs
[2022-05-23 18:14:21,212] {logging_mixin.py:115} INFO - [2022-05-23 18:14:21,212] {dag.py:2919} INFO - Setting next_dagrun for example_branch_operator to 2022-05-22T00:00:00+00:00, run_after=2022-05-23T00:00:00+00:00
[2022-05-23 18:14:21,243] {processor.py:161} INFO - Processing /home/airflow/.local/lib/python3.7/site-packages/airflow/example_dags/example_branch_operator.py took 0.264 seconds
[2022-05-23 18:14:51,621] {processor.py:153} INFO - Started process (PID=1283) to work on /home/airflow/.local/lib/python3.7/site-packages/airflow/example_dags/example_branch_operator.py
[2022-05-23 18:14:51,622] {processor.py:641} INFO - Processing file /home/airflow/.local/lib/python3.7/site-packages/airflow/example_dags/example_branch_operator.py for tasks to queue
[2022-05-23 18:14:51,622] {logging_mixin.py:115} INFO - [2022-05-23 18:14:51,622] {dagbag.py:507} INFO - Filling up the DagBag from /home/airflow/.local/lib/python3.7/site-packages/airflow/example_dags/example_branch_operator.py
[2022-05-23 18:14:51,764] {processor.py:651} INFO - DAG(s) dict_keys(['example_branch_operator']) retrieved from /home/airflow/.local/lib/python3.7/site-packages/airflow/example_dags/example_branch_operator.py
[2022-05-23 18:14:51,794] {logging_mixin.py:115} INFO - [2022-05-23 18:14:51,794] {dag.py:2371} INFO - Sync 1 DAGs
[2022-05-23 18:14:51,824] {logging_mixin.py:115} INFO - [2022-05-23 18:14:51,824] {dag.py:2919} INFO - Setting next_dagrun for example_branch_operator to 2022-05-22T00:00:00+00:00, run_after=2022-05-23T00:00:00+00:00
[2022-05-23 18:14:51,859] {processor.py:161} INFO - Processing /home/airflow/.local/lib/python3.7/site-packages/airflow/example_dags/example_branch_operator.py took 0.241 seconds
[2022-05-23 18:15:23,621] {processor.py:153} INFO - Started process (PID=1337) to work on /home/airflow/.local/lib/python3.7/site-packages/airflow/example_dags/example_branch_operator.py
[2022-05-23 18:15:23,621] {processor.py:641} INFO - Processing file /home/airflow/.local/lib/python3.7/site-packages/airflow/example_dags/example_branch_operator.py for tasks to queue
[2022-05-23 18:15:23,622] {logging_mixin.py:115} INFO - [2022-05-23 18:15:23,622] {dagbag.py:507} INFO - Filling up the DagBag from /home/airflow/.local/lib/python3.7/site-packages/airflow/example_dags/example_branch_operator.py
[2022-05-23 18:15:23,757] {processor.py:651} INFO - DAG(s) dict_keys(['example_branch_operator']) retrieved from /home/airflow/.local/lib/python3.7/site-packages/airflow/example_dags/example_branch_operator.py
[2022-05-23 18:15:23,787] {logging_mixin.py:115} INFO - [2022-05-23 18:15:23,787] {dag.py:2371} INFO - Sync 1 DAGs
[2022-05-23 18:15:23,817] {logging_mixin.py:115} INFO - [2022-05-23 18:15:23,817] {dag.py:2919} INFO - Setting next_dagrun for example_branch_operator to 2022-05-22T00:00:00+00:00, run_after=2022-05-23T00:00:00+00:00
[2022-05-23 18:15:23,917] {processor.py:161} INFO - Processing /home/airflow/.local/lib/python3.7/site-packages/airflow/example_dags/example_branch_operator.py took 0.300 seconds
[2022-05-23 18:15:54,844] {processor.py:153} INFO - Started process (PID=1401) to work on /home/airflow/.local/lib/python3.7/site-packages/airflow/example_dags/example_branch_operator.py
[2022-05-23 18:15:54,845] {processor.py:641} INFO - Processing file /home/airflow/.local/lib/python3.7/site-packages/airflow/example_dags/example_branch_operator.py for tasks to queue
[2022-05-23 18:15:54,845] {logging_mixin.py:115} INFO - [2022-05-23 18:15:54,845] {dagbag.py:507} INFO - Filling up the DagBag from /home/airflow/.local/lib/python3.7/site-packages/airflow/example_dags/example_branch_operator.py
[2022-05-23 18:15:54,999] {processor.py:651} INFO - DAG(s) dict_keys(['example_branch_operator']) retrieved from /home/airflow/.local/lib/python3.7/site-packages/airflow/example_dags/example_branch_operator.py
[2022-05-23 18:15:55,032] {logging_mixin.py:115} INFO - [2022-05-23 18:15:55,032] {dag.py:2371} INFO - Sync 1 DAGs
[2022-05-23 18:15:55,063] {logging_mixin.py:115} INFO - [2022-05-23 18:15:55,062] {dag.py:2919} INFO - Setting next_dagrun for example_branch_operator to 2022-05-22T00:00:00+00:00, run_after=2022-05-23T00:00:00+00:00
[2022-05-23 18:15:55,330] {processor.py:161} INFO - Processing /home/airflow/.local/lib/python3.7/site-packages/airflow/example_dags/example_branch_operator.py took 0.489 seconds
[2022-05-23 18:16:28,561] {processor.py:153} INFO - Started process (PID=1456) to work on /home/airflow/.local/lib/python3.7/site-packages/airflow/example_dags/example_branch_operator.py
[2022-05-23 18:16:28,562] {processor.py:641} INFO - Processing file /home/airflow/.local/lib/python3.7/site-packages/airflow/example_dags/example_branch_operator.py for tasks to queue
[2022-05-23 18:16:28,562] {logging_mixin.py:115} INFO - [2022-05-23 18:16:28,562] {dagbag.py:507} INFO - Filling up the DagBag from /home/airflow/.local/lib/python3.7/site-packages/airflow/example_dags/example_branch_operator.py
[2022-05-23 18:16:28,700] {processor.py:651} INFO - DAG(s) dict_keys(['example_branch_operator']) retrieved from /home/airflow/.local/lib/python3.7/site-packages/airflow/example_dags/example_branch_operator.py
[2022-05-23 18:16:28,727] {logging_mixin.py:115} INFO - [2022-05-23 18:16:28,727] {dag.py:2371} INFO - Sync 1 DAGs
[2022-05-23 18:16:28,759] {logging_mixin.py:115} INFO - [2022-05-23 18:16:28,759] {dag.py:2919} INFO - Setting next_dagrun for example_branch_operator to 2022-05-22T00:00:00+00:00, run_after=2022-05-23T00:00:00+00:00
[2022-05-23 18:16:28,942] {processor.py:161} INFO - Processing /home/airflow/.local/lib/python3.7/site-packages/airflow/example_dags/example_branch_operator.py took 0.384 seconds
[2022-05-23 18:17:00,374] {processor.py:153} INFO - Started process (PID=1519) to work on /home/airflow/.local/lib/python3.7/site-packages/airflow/example_dags/example_branch_operator.py
[2022-05-23 18:17:00,392] {processor.py:641} INFO - Processing file /home/airflow/.local/lib/python3.7/site-packages/airflow/example_dags/example_branch_operator.py for tasks to queue
[2022-05-23 18:17:00,392] {logging_mixin.py:115} INFO - [2022-05-23 18:17:00,392] {dagbag.py:507} INFO - Filling up the DagBag from /home/airflow/.local/lib/python3.7/site-packages/airflow/example_dags/example_branch_operator.py
[2022-05-23 18:17:00,598] {processor.py:651} INFO - DAG(s) dict_keys(['example_branch_operator']) retrieved from /home/airflow/.local/lib/python3.7/site-packages/airflow/example_dags/example_branch_operator.py
[2022-05-23 18:17:00,649] {logging_mixin.py:115} INFO - [2022-05-23 18:17:00,649] {dag.py:2371} INFO - Sync 1 DAGs
[2022-05-23 18:17:00,682] {logging_mixin.py:115} INFO - [2022-05-23 18:17:00,681] {dag.py:2919} INFO - Setting next_dagrun for example_branch_operator to 2022-05-22T00:00:00+00:00, run_after=2022-05-23T00:00:00+00:00
[2022-05-23 18:17:00,719] {processor.py:161} INFO - Processing /home/airflow/.local/lib/python3.7/site-packages/airflow/example_dags/example_branch_operator.py took 0.349 seconds
[2022-05-23 18:17:31,998] {processor.py:153} INFO - Started process (PID=1572) to work on /home/airflow/.local/lib/python3.7/site-packages/airflow/example_dags/example_branch_operator.py
[2022-05-23 18:17:31,999] {processor.py:641} INFO - Processing file /home/airflow/.local/lib/python3.7/site-packages/airflow/example_dags/example_branch_operator.py for tasks to queue
[2022-05-23 18:17:31,999] {logging_mixin.py:115} INFO - [2022-05-23 18:17:31,999] {dagbag.py:507} INFO - Filling up the DagBag from /home/airflow/.local/lib/python3.7/site-packages/airflow/example_dags/example_branch_operator.py
[2022-05-23 18:17:32,158] {processor.py:651} INFO - DAG(s) dict_keys(['example_branch_operator']) retrieved from /home/airflow/.local/lib/python3.7/site-packages/airflow/example_dags/example_branch_operator.py
[2022-05-23 18:17:32,191] {logging_mixin.py:115} INFO - [2022-05-23 18:17:32,191] {dag.py:2371} INFO - Sync 1 DAGs
[2022-05-23 18:17:32,219] {logging_mixin.py:115} INFO - [2022-05-23 18:17:32,219] {dag.py:2919} INFO - Setting next_dagrun for example_branch_operator to 2022-05-22T00:00:00+00:00, run_after=2022-05-23T00:00:00+00:00
[2022-05-23 18:17:32,249] {processor.py:161} INFO - Processing /home/airflow/.local/lib/python3.7/site-packages/airflow/example_dags/example_branch_operator.py took 0.254 seconds
[2022-05-23 18:18:03,591] {processor.py:153} INFO - Started process (PID=1635) to work on /home/airflow/.local/lib/python3.7/site-packages/airflow/example_dags/example_branch_operator.py
[2022-05-23 18:18:03,613] {processor.py:641} INFO - Processing file /home/airflow/.local/lib/python3.7/site-packages/airflow/example_dags/example_branch_operator.py for tasks to queue
[2022-05-23 18:18:03,613] {logging_mixin.py:115} INFO - [2022-05-23 18:18:03,613] {dagbag.py:507} INFO - Filling up the DagBag from /home/airflow/.local/lib/python3.7/site-packages/airflow/example_dags/example_branch_operator.py
[2022-05-23 18:18:03,778] {processor.py:651} INFO - DAG(s) dict_keys(['example_branch_operator']) retrieved from /home/airflow/.local/lib/python3.7/site-packages/airflow/example_dags/example_branch_operator.py
[2022-05-23 18:18:03,808] {logging_mixin.py:115} INFO - [2022-05-23 18:18:03,808] {dag.py:2371} INFO - Sync 1 DAGs
[2022-05-23 18:18:03,863] {logging_mixin.py:115} INFO - [2022-05-23 18:18:03,863] {dag.py:2919} INFO - Setting next_dagrun for example_branch_operator to 2022-05-22T00:00:00+00:00, run_after=2022-05-23T00:00:00+00:00
[2022-05-23 18:18:03,900] {processor.py:161} INFO - Processing /home/airflow/.local/lib/python3.7/site-packages/airflow/example_dags/example_branch_operator.py took 0.313 seconds
[2022-05-23 18:21:02,825] {processor.py:153} INFO - Started process (PID=78) to work on /home/airflow/.local/lib/python3.7/site-packages/airflow/example_dags/example_branch_operator.py
[2022-05-23 18:21:02,826] {processor.py:641} INFO - Processing file /home/airflow/.local/lib/python3.7/site-packages/airflow/example_dags/example_branch_operator.py for tasks to queue
[2022-05-23 18:21:02,827] {logging_mixin.py:115} INFO - [2022-05-23 18:21:02,826] {dagbag.py:507} INFO - Filling up the DagBag from /home/airflow/.local/lib/python3.7/site-packages/airflow/example_dags/example_branch_operator.py
[2022-05-23 18:21:02,844] {processor.py:651} INFO - DAG(s) dict_keys(['example_branch_operator']) retrieved from /home/airflow/.local/lib/python3.7/site-packages/airflow/example_dags/example_branch_operator.py
[2022-05-23 18:21:02,895] {logging_mixin.py:115} INFO - [2022-05-23 18:21:02,895] {dag.py:2371} INFO - Sync 1 DAGs
[2022-05-23 18:21:03,112] {logging_mixin.py:115} INFO - [2022-05-23 18:21:03,112] {dag.py:2919} INFO - Setting next_dagrun for example_branch_operator to 2022-05-22T00:00:00+00:00, run_after=2022-05-23T00:00:00+00:00
[2022-05-23 18:21:03,145] {processor.py:161} INFO - Processing /home/airflow/.local/lib/python3.7/site-packages/airflow/example_dags/example_branch_operator.py took 0.324 seconds
[2022-05-23 18:21:34,297] {processor.py:153} INFO - Started process (PID=132) to work on /home/airflow/.local/lib/python3.7/site-packages/airflow/example_dags/example_branch_operator.py
[2022-05-23 18:21:34,298] {processor.py:641} INFO - Processing file /home/airflow/.local/lib/python3.7/site-packages/airflow/example_dags/example_branch_operator.py for tasks to queue
[2022-05-23 18:21:34,299] {logging_mixin.py:115} INFO - [2022-05-23 18:21:34,299] {dagbag.py:507} INFO - Filling up the DagBag from /home/airflow/.local/lib/python3.7/site-packages/airflow/example_dags/example_branch_operator.py
[2022-05-23 18:21:34,312] {processor.py:651} INFO - DAG(s) dict_keys(['example_branch_operator']) retrieved from /home/airflow/.local/lib/python3.7/site-packages/airflow/example_dags/example_branch_operator.py
[2022-05-23 18:21:34,348] {logging_mixin.py:115} INFO - [2022-05-23 18:21:34,348] {dag.py:2371} INFO - Sync 1 DAGs
[2022-05-23 18:21:34,497] {logging_mixin.py:115} INFO - [2022-05-23 18:21:34,497] {dag.py:2919} INFO - Setting next_dagrun for example_branch_operator to 2022-05-22T00:00:00+00:00, run_after=2022-05-23T00:00:00+00:00
[2022-05-23 18:21:34,537] {processor.py:161} INFO - Processing /home/airflow/.local/lib/python3.7/site-packages/airflow/example_dags/example_branch_operator.py took 0.243 seconds
[2022-05-23 18:22:05,415] {processor.py:153} INFO - Started process (PID=190) to work on /home/airflow/.local/lib/python3.7/site-packages/airflow/example_dags/example_branch_operator.py
[2022-05-23 18:22:05,416] {processor.py:641} INFO - Processing file /home/airflow/.local/lib/python3.7/site-packages/airflow/example_dags/example_branch_operator.py for tasks to queue
[2022-05-23 18:22:05,416] {logging_mixin.py:115} INFO - [2022-05-23 18:22:05,416] {dagbag.py:507} INFO - Filling up the DagBag from /home/airflow/.local/lib/python3.7/site-packages/airflow/example_dags/example_branch_operator.py
[2022-05-23 18:22:05,430] {processor.py:651} INFO - DAG(s) dict_keys(['example_branch_operator']) retrieved from /home/airflow/.local/lib/python3.7/site-packages/airflow/example_dags/example_branch_operator.py
[2022-05-23 18:22:05,475] {logging_mixin.py:115} INFO - [2022-05-23 18:22:05,475] {dag.py:2371} INFO - Sync 1 DAGs
[2022-05-23 18:22:05,636] {logging_mixin.py:115} INFO - [2022-05-23 18:22:05,636] {dag.py:2919} INFO - Setting next_dagrun for example_branch_operator to 2022-05-22T00:00:00+00:00, run_after=2022-05-23T00:00:00+00:00
[2022-05-23 18:22:05,661] {processor.py:161} INFO - Processing /home/airflow/.local/lib/python3.7/site-packages/airflow/example_dags/example_branch_operator.py took 0.249 seconds
[2022-05-23 18:22:37,042] {processor.py:153} INFO - Started process (PID=244) to work on /home/airflow/.local/lib/python3.7/site-packages/airflow/example_dags/example_branch_operator.py
[2022-05-23 18:22:37,043] {processor.py:641} INFO - Processing file /home/airflow/.local/lib/python3.7/site-packages/airflow/example_dags/example_branch_operator.py for tasks to queue
[2022-05-23 18:22:37,044] {logging_mixin.py:115} INFO - [2022-05-23 18:22:37,043] {dagbag.py:507} INFO - Filling up the DagBag from /home/airflow/.local/lib/python3.7/site-packages/airflow/example_dags/example_branch_operator.py
[2022-05-23 18:22:37,056] {processor.py:651} INFO - DAG(s) dict_keys(['example_branch_operator']) retrieved from /home/airflow/.local/lib/python3.7/site-packages/airflow/example_dags/example_branch_operator.py
[2022-05-23 18:22:37,091] {logging_mixin.py:115} INFO - [2022-05-23 18:22:37,091] {dag.py:2371} INFO - Sync 1 DAGs
[2022-05-23 18:22:37,236] {logging_mixin.py:115} INFO - [2022-05-23 18:22:37,235] {dag.py:2919} INFO - Setting next_dagrun for example_branch_operator to 2022-05-22T00:00:00+00:00, run_after=2022-05-23T00:00:00+00:00
[2022-05-23 18:22:37,265] {processor.py:161} INFO - Processing /home/airflow/.local/lib/python3.7/site-packages/airflow/example_dags/example_branch_operator.py took 0.226 seconds
