[2022-05-23 17:10:21,580] {processor.py:153} INFO - Started process (PID=101) to work on /home/airflow/.local/lib/python3.7/site-packages/airflow/example_dags/example_sla_dag.py
[2022-05-23 17:10:21,580] {processor.py:641} INFO - Processing file /home/airflow/.local/lib/python3.7/site-packages/airflow/example_dags/example_sla_dag.py for tasks to queue
[2022-05-23 17:10:21,581] {logging_mixin.py:115} INFO - [2022-05-23 17:10:21,581] {dagbag.py:507} INFO - Filling up the DagBag from /home/airflow/.local/lib/python3.7/site-packages/airflow/example_dags/example_sla_dag.py
[2022-05-23 17:10:21,604] {processor.py:651} INFO - DAG(s) dict_keys(['example_sla_dag']) retrieved from /home/airflow/.local/lib/python3.7/site-packages/airflow/example_dags/example_sla_dag.py
[2022-05-23 17:10:22,135] {logging_mixin.py:115} INFO - [2022-05-23 17:10:22,135] {manager.py:508} INFO - Created Permission View: can read on DAG:example_sla_dag
[2022-05-23 17:10:23,047] {logging_mixin.py:115} INFO - [2022-05-23 17:10:23,047] {manager.py:508} INFO - Created Permission View: can edit on DAG:example_sla_dag
[2022-05-23 17:10:23,286] {logging_mixin.py:115} INFO - [2022-05-23 17:10:23,285] {manager.py:508} INFO - Created Permission View: can delete on DAG:example_sla_dag
[2022-05-23 17:10:23,415] {logging_mixin.py:115} INFO - [2022-05-23 17:10:23,415] {dag.py:2371} INFO - Sync 1 DAGs
[2022-05-23 17:10:23,425] {logging_mixin.py:115} INFO - [2022-05-23 17:10:23,425] {dag.py:2390} INFO - Creating ORM DAG for example_sla_dag
[2022-05-23 17:10:23,447] {logging_mixin.py:115} INFO - [2022-05-23 17:10:23,447] {dag.py:2919} INFO - Setting next_dagrun for example_sla_dag to 2022-05-23T17:08:00+00:00, run_after=2022-05-23T17:10:00+00:00
[2022-05-23 17:10:23,573] {processor.py:161} INFO - Processing /home/airflow/.local/lib/python3.7/site-packages/airflow/example_dags/example_sla_dag.py took 1.996 seconds
[2022-05-23 17:10:53,812] {processor.py:153} INFO - Started process (PID=153) to work on /home/airflow/.local/lib/python3.7/site-packages/airflow/example_dags/example_sla_dag.py
[2022-05-23 17:10:53,939] {processor.py:641} INFO - Processing file /home/airflow/.local/lib/python3.7/site-packages/airflow/example_dags/example_sla_dag.py for tasks to queue
[2022-05-23 17:10:53,941] {logging_mixin.py:115} INFO - [2022-05-23 17:10:53,941] {dagbag.py:507} INFO - Filling up the DagBag from /home/airflow/.local/lib/python3.7/site-packages/airflow/example_dags/example_sla_dag.py
[2022-05-23 17:10:53,985] {processor.py:651} INFO - DAG(s) dict_keys(['example_sla_dag']) retrieved from /home/airflow/.local/lib/python3.7/site-packages/airflow/example_dags/example_sla_dag.py
[2022-05-23 17:10:54,013] {logging_mixin.py:115} INFO - [2022-05-23 17:10:54,012] {dag.py:2371} INFO - Sync 1 DAGs
[2022-05-23 17:10:54,182] {logging_mixin.py:115} INFO - [2022-05-23 17:10:54,182] {dag.py:2919} INFO - Setting next_dagrun for example_sla_dag to 2022-05-23T17:08:00+00:00, run_after=2022-05-23T17:10:00+00:00
[2022-05-23 17:10:54,421] {processor.py:161} INFO - Processing /home/airflow/.local/lib/python3.7/site-packages/airflow/example_dags/example_sla_dag.py took 0.618 seconds
[2022-05-23 17:11:25,241] {processor.py:153} INFO - Started process (PID=213) to work on /home/airflow/.local/lib/python3.7/site-packages/airflow/example_dags/example_sla_dag.py
[2022-05-23 17:11:25,498] {processor.py:641} INFO - Processing file /home/airflow/.local/lib/python3.7/site-packages/airflow/example_dags/example_sla_dag.py for tasks to queue
[2022-05-23 17:11:25,499] {logging_mixin.py:115} INFO - [2022-05-23 17:11:25,499] {dagbag.py:507} INFO - Filling up the DagBag from /home/airflow/.local/lib/python3.7/site-packages/airflow/example_dags/example_sla_dag.py
[2022-05-23 17:11:25,524] {processor.py:651} INFO - DAG(s) dict_keys(['example_sla_dag']) retrieved from /home/airflow/.local/lib/python3.7/site-packages/airflow/example_dags/example_sla_dag.py
[2022-05-23 17:11:25,550] {logging_mixin.py:115} INFO - [2022-05-23 17:11:25,550] {dag.py:2371} INFO - Sync 1 DAGs
[2022-05-23 17:11:25,719] {logging_mixin.py:115} INFO - [2022-05-23 17:11:25,719] {dag.py:2919} INFO - Setting next_dagrun for example_sla_dag to 2022-05-23T17:08:00+00:00, run_after=2022-05-23T17:10:00+00:00
[2022-05-23 17:11:26,753] {processor.py:161} INFO - Processing /home/airflow/.local/lib/python3.7/site-packages/airflow/example_dags/example_sla_dag.py took 1.515 seconds
[2022-05-23 17:28:29,425] {processor.py:153} INFO - Started process (PID=83) to work on /home/airflow/.local/lib/python3.7/site-packages/airflow/example_dags/example_sla_dag.py
[2022-05-23 17:28:29,457] {processor.py:641} INFO - Processing file /home/airflow/.local/lib/python3.7/site-packages/airflow/example_dags/example_sla_dag.py for tasks to queue
[2022-05-23 17:28:29,458] {logging_mixin.py:115} INFO - [2022-05-23 17:28:29,457] {dagbag.py:507} INFO - Filling up the DagBag from /home/airflow/.local/lib/python3.7/site-packages/airflow/example_dags/example_sla_dag.py
[2022-05-23 17:28:29,486] {processor.py:651} INFO - DAG(s) dict_keys(['example_sla_dag']) retrieved from /home/airflow/.local/lib/python3.7/site-packages/airflow/example_dags/example_sla_dag.py
[2022-05-23 17:28:29,515] {logging_mixin.py:115} INFO - [2022-05-23 17:28:29,515] {dag.py:2371} INFO - Sync 1 DAGs
[2022-05-23 17:28:29,662] {logging_mixin.py:115} INFO - [2022-05-23 17:28:29,662] {dag.py:2919} INFO - Setting next_dagrun for example_sla_dag to 2022-05-23T17:26:00+00:00, run_after=2022-05-23T17:28:00+00:00
[2022-05-23 17:28:30,702] {processor.py:161} INFO - Processing /home/airflow/.local/lib/python3.7/site-packages/airflow/example_dags/example_sla_dag.py took 1.282 seconds
[2022-05-23 17:29:02,375] {processor.py:153} INFO - Started process (PID=145) to work on /home/airflow/.local/lib/python3.7/site-packages/airflow/example_dags/example_sla_dag.py
[2022-05-23 17:29:02,375] {processor.py:641} INFO - Processing file /home/airflow/.local/lib/python3.7/site-packages/airflow/example_dags/example_sla_dag.py for tasks to queue
[2022-05-23 17:29:02,375] {logging_mixin.py:115} INFO - [2022-05-23 17:29:02,375] {dagbag.py:507} INFO - Filling up the DagBag from /home/airflow/.local/lib/python3.7/site-packages/airflow/example_dags/example_sla_dag.py
[2022-05-23 17:29:02,395] {processor.py:651} INFO - DAG(s) dict_keys(['example_sla_dag']) retrieved from /home/airflow/.local/lib/python3.7/site-packages/airflow/example_dags/example_sla_dag.py
[2022-05-23 17:29:02,420] {logging_mixin.py:115} INFO - [2022-05-23 17:29:02,420] {dag.py:2371} INFO - Sync 1 DAGs
[2022-05-23 17:29:02,573] {logging_mixin.py:115} INFO - [2022-05-23 17:29:02,573] {dag.py:2919} INFO - Setting next_dagrun for example_sla_dag to 2022-05-23T17:26:00+00:00, run_after=2022-05-23T17:28:00+00:00
[2022-05-23 17:29:02,745] {processor.py:161} INFO - Processing /home/airflow/.local/lib/python3.7/site-packages/airflow/example_dags/example_sla_dag.py took 0.373 seconds
[2022-05-23 17:29:34,882] {processor.py:153} INFO - Started process (PID=200) to work on /home/airflow/.local/lib/python3.7/site-packages/airflow/example_dags/example_sla_dag.py
[2022-05-23 17:29:34,890] {processor.py:641} INFO - Processing file /home/airflow/.local/lib/python3.7/site-packages/airflow/example_dags/example_sla_dag.py for tasks to queue
[2022-05-23 17:29:34,891] {logging_mixin.py:115} INFO - [2022-05-23 17:29:34,891] {dagbag.py:507} INFO - Filling up the DagBag from /home/airflow/.local/lib/python3.7/site-packages/airflow/example_dags/example_sla_dag.py
[2022-05-23 17:29:34,913] {processor.py:651} INFO - DAG(s) dict_keys(['example_sla_dag']) retrieved from /home/airflow/.local/lib/python3.7/site-packages/airflow/example_dags/example_sla_dag.py
[2022-05-23 17:29:34,939] {logging_mixin.py:115} INFO - [2022-05-23 17:29:34,939] {dag.py:2371} INFO - Sync 1 DAGs
[2022-05-23 17:29:35,093] {logging_mixin.py:115} INFO - [2022-05-23 17:29:35,093] {dag.py:2919} INFO - Setting next_dagrun for example_sla_dag to 2022-05-23T17:26:00+00:00, run_after=2022-05-23T17:28:00+00:00
[2022-05-23 17:29:35,131] {processor.py:161} INFO - Processing /home/airflow/.local/lib/python3.7/site-packages/airflow/example_dags/example_sla_dag.py took 0.253 seconds
[2022-05-23 17:30:06,428] {processor.py:153} INFO - Started process (PID=264) to work on /home/airflow/.local/lib/python3.7/site-packages/airflow/example_dags/example_sla_dag.py
[2022-05-23 17:30:06,446] {processor.py:641} INFO - Processing file /home/airflow/.local/lib/python3.7/site-packages/airflow/example_dags/example_sla_dag.py for tasks to queue
[2022-05-23 17:30:06,448] {logging_mixin.py:115} INFO - [2022-05-23 17:30:06,448] {dagbag.py:507} INFO - Filling up the DagBag from /home/airflow/.local/lib/python3.7/site-packages/airflow/example_dags/example_sla_dag.py
[2022-05-23 17:30:06,476] {processor.py:651} INFO - DAG(s) dict_keys(['example_sla_dag']) retrieved from /home/airflow/.local/lib/python3.7/site-packages/airflow/example_dags/example_sla_dag.py
[2022-05-23 17:30:06,517] {logging_mixin.py:115} INFO - [2022-05-23 17:30:06,517] {dag.py:2371} INFO - Sync 1 DAGs
[2022-05-23 17:30:06,726] {logging_mixin.py:115} INFO - [2022-05-23 17:30:06,726] {dag.py:2919} INFO - Setting next_dagrun for example_sla_dag to 2022-05-23T17:28:00+00:00, run_after=2022-05-23T17:30:00+00:00
[2022-05-23 17:30:07,815] {processor.py:161} INFO - Processing /home/airflow/.local/lib/python3.7/site-packages/airflow/example_dags/example_sla_dag.py took 1.396 seconds
[2022-05-23 17:30:38,215] {processor.py:153} INFO - Started process (PID=317) to work on /home/airflow/.local/lib/python3.7/site-packages/airflow/example_dags/example_sla_dag.py
[2022-05-23 17:30:38,215] {processor.py:641} INFO - Processing file /home/airflow/.local/lib/python3.7/site-packages/airflow/example_dags/example_sla_dag.py for tasks to queue
[2022-05-23 17:30:38,216] {logging_mixin.py:115} INFO - [2022-05-23 17:30:38,216] {dagbag.py:507} INFO - Filling up the DagBag from /home/airflow/.local/lib/python3.7/site-packages/airflow/example_dags/example_sla_dag.py
[2022-05-23 17:30:38,239] {processor.py:651} INFO - DAG(s) dict_keys(['example_sla_dag']) retrieved from /home/airflow/.local/lib/python3.7/site-packages/airflow/example_dags/example_sla_dag.py
[2022-05-23 17:30:38,270] {logging_mixin.py:115} INFO - [2022-05-23 17:30:38,270] {dag.py:2371} INFO - Sync 1 DAGs
[2022-05-23 17:30:38,424] {logging_mixin.py:115} INFO - [2022-05-23 17:30:38,424] {dag.py:2919} INFO - Setting next_dagrun for example_sla_dag to 2022-05-23T17:28:00+00:00, run_after=2022-05-23T17:30:00+00:00
[2022-05-23 17:30:38,450] {processor.py:161} INFO - Processing /home/airflow/.local/lib/python3.7/site-packages/airflow/example_dags/example_sla_dag.py took 0.240 seconds
[2022-05-23 17:31:09,053] {processor.py:153} INFO - Started process (PID=372) to work on /home/airflow/.local/lib/python3.7/site-packages/airflow/example_dags/example_sla_dag.py
[2022-05-23 17:31:09,053] {processor.py:641} INFO - Processing file /home/airflow/.local/lib/python3.7/site-packages/airflow/example_dags/example_sla_dag.py for tasks to queue
[2022-05-23 17:31:09,054] {logging_mixin.py:115} INFO - [2022-05-23 17:31:09,054] {dagbag.py:507} INFO - Filling up the DagBag from /home/airflow/.local/lib/python3.7/site-packages/airflow/example_dags/example_sla_dag.py
[2022-05-23 17:31:09,076] {processor.py:651} INFO - DAG(s) dict_keys(['example_sla_dag']) retrieved from /home/airflow/.local/lib/python3.7/site-packages/airflow/example_dags/example_sla_dag.py
[2022-05-23 17:31:09,104] {logging_mixin.py:115} INFO - [2022-05-23 17:31:09,104] {dag.py:2371} INFO - Sync 1 DAGs
[2022-05-23 17:31:09,252] {logging_mixin.py:115} INFO - [2022-05-23 17:31:09,252] {dag.py:2919} INFO - Setting next_dagrun for example_sla_dag to 2022-05-23T17:28:00+00:00, run_after=2022-05-23T17:30:00+00:00
[2022-05-23 17:31:09,283] {processor.py:161} INFO - Processing /home/airflow/.local/lib/python3.7/site-packages/airflow/example_dags/example_sla_dag.py took 0.238 seconds
[2022-05-23 17:31:39,413] {processor.py:153} INFO - Started process (PID=435) to work on /home/airflow/.local/lib/python3.7/site-packages/airflow/example_dags/example_sla_dag.py
[2022-05-23 17:31:39,414] {processor.py:641} INFO - Processing file /home/airflow/.local/lib/python3.7/site-packages/airflow/example_dags/example_sla_dag.py for tasks to queue
[2022-05-23 17:31:39,414] {logging_mixin.py:115} INFO - [2022-05-23 17:31:39,414] {dagbag.py:507} INFO - Filling up the DagBag from /home/airflow/.local/lib/python3.7/site-packages/airflow/example_dags/example_sla_dag.py
[2022-05-23 17:31:39,441] {processor.py:651} INFO - DAG(s) dict_keys(['example_sla_dag']) retrieved from /home/airflow/.local/lib/python3.7/site-packages/airflow/example_dags/example_sla_dag.py
[2022-05-23 17:31:39,468] {logging_mixin.py:115} INFO - [2022-05-23 17:31:39,468] {dag.py:2371} INFO - Sync 1 DAGs
[2022-05-23 17:31:39,615] {logging_mixin.py:115} INFO - [2022-05-23 17:31:39,615] {dag.py:2919} INFO - Setting next_dagrun for example_sla_dag to 2022-05-23T17:28:00+00:00, run_after=2022-05-23T17:30:00+00:00
[2022-05-23 17:31:39,643] {processor.py:161} INFO - Processing /home/airflow/.local/lib/python3.7/site-packages/airflow/example_dags/example_sla_dag.py took 0.234 seconds
[2022-05-23 17:32:10,168] {processor.py:153} INFO - Started process (PID=489) to work on /home/airflow/.local/lib/python3.7/site-packages/airflow/example_dags/example_sla_dag.py
[2022-05-23 17:32:10,849] {processor.py:641} INFO - Processing file /home/airflow/.local/lib/python3.7/site-packages/airflow/example_dags/example_sla_dag.py for tasks to queue
[2022-05-23 17:32:10,851] {logging_mixin.py:115} INFO - [2022-05-23 17:32:10,851] {dagbag.py:507} INFO - Filling up the DagBag from /home/airflow/.local/lib/python3.7/site-packages/airflow/example_dags/example_sla_dag.py
[2022-05-23 17:32:10,873] {processor.py:651} INFO - DAG(s) dict_keys(['example_sla_dag']) retrieved from /home/airflow/.local/lib/python3.7/site-packages/airflow/example_dags/example_sla_dag.py
[2022-05-23 17:32:10,902] {logging_mixin.py:115} INFO - [2022-05-23 17:32:10,902] {dag.py:2371} INFO - Sync 1 DAGs
[2022-05-23 17:32:11,048] {logging_mixin.py:115} INFO - [2022-05-23 17:32:11,048] {dag.py:2919} INFO - Setting next_dagrun for example_sla_dag to 2022-05-23T17:30:00+00:00, run_after=2022-05-23T17:32:00+00:00
[2022-05-23 17:32:11,488] {processor.py:161} INFO - Processing /home/airflow/.local/lib/python3.7/site-packages/airflow/example_dags/example_sla_dag.py took 1.323 seconds
[2022-05-23 17:32:42,035] {processor.py:153} INFO - Started process (PID=551) to work on /home/airflow/.local/lib/python3.7/site-packages/airflow/example_dags/example_sla_dag.py
[2022-05-23 17:32:42,102] {processor.py:641} INFO - Processing file /home/airflow/.local/lib/python3.7/site-packages/airflow/example_dags/example_sla_dag.py for tasks to queue
[2022-05-23 17:32:42,131] {logging_mixin.py:115} INFO - [2022-05-23 17:32:42,131] {dagbag.py:507} INFO - Filling up the DagBag from /home/airflow/.local/lib/python3.7/site-packages/airflow/example_dags/example_sla_dag.py
[2022-05-23 17:32:42,159] {processor.py:651} INFO - DAG(s) dict_keys(['example_sla_dag']) retrieved from /home/airflow/.local/lib/python3.7/site-packages/airflow/example_dags/example_sla_dag.py
[2022-05-23 17:32:42,185] {logging_mixin.py:115} INFO - [2022-05-23 17:32:42,185] {dag.py:2371} INFO - Sync 1 DAGs
[2022-05-23 17:32:42,347] {logging_mixin.py:115} INFO - [2022-05-23 17:32:42,347] {dag.py:2919} INFO - Setting next_dagrun for example_sla_dag to 2022-05-23T17:30:00+00:00, run_after=2022-05-23T17:32:00+00:00
[2022-05-23 17:32:42,375] {processor.py:161} INFO - Processing /home/airflow/.local/lib/python3.7/site-packages/airflow/example_dags/example_sla_dag.py took 0.343 seconds
[2022-05-23 17:33:12,471] {processor.py:153} INFO - Started process (PID=605) to work on /home/airflow/.local/lib/python3.7/site-packages/airflow/example_dags/example_sla_dag.py
[2022-05-23 17:33:13,091] {processor.py:641} INFO - Processing file /home/airflow/.local/lib/python3.7/site-packages/airflow/example_dags/example_sla_dag.py for tasks to queue
[2022-05-23 17:33:13,092] {logging_mixin.py:115} INFO - [2022-05-23 17:33:13,091] {dagbag.py:507} INFO - Filling up the DagBag from /home/airflow/.local/lib/python3.7/site-packages/airflow/example_dags/example_sla_dag.py
[2022-05-23 17:33:13,109] {processor.py:651} INFO - DAG(s) dict_keys(['example_sla_dag']) retrieved from /home/airflow/.local/lib/python3.7/site-packages/airflow/example_dags/example_sla_dag.py
[2022-05-23 17:33:13,156] {logging_mixin.py:115} INFO - [2022-05-23 17:33:13,156] {dag.py:2371} INFO - Sync 1 DAGs
[2022-05-23 17:33:13,342] {logging_mixin.py:115} INFO - [2022-05-23 17:33:13,342] {dag.py:2919} INFO - Setting next_dagrun for example_sla_dag to 2022-05-23T17:30:00+00:00, run_after=2022-05-23T17:32:00+00:00
[2022-05-23 17:33:13,583] {processor.py:161} INFO - Processing /home/airflow/.local/lib/python3.7/site-packages/airflow/example_dags/example_sla_dag.py took 1.121 seconds
[2022-05-23 17:33:44,267] {processor.py:153} INFO - Started process (PID=670) to work on /home/airflow/.local/lib/python3.7/site-packages/airflow/example_dags/example_sla_dag.py
[2022-05-23 17:33:44,270] {processor.py:641} INFO - Processing file /home/airflow/.local/lib/python3.7/site-packages/airflow/example_dags/example_sla_dag.py for tasks to queue
[2022-05-23 17:33:44,270] {logging_mixin.py:115} INFO - [2022-05-23 17:33:44,270] {dagbag.py:507} INFO - Filling up the DagBag from /home/airflow/.local/lib/python3.7/site-packages/airflow/example_dags/example_sla_dag.py
[2022-05-23 17:33:44,294] {processor.py:651} INFO - DAG(s) dict_keys(['example_sla_dag']) retrieved from /home/airflow/.local/lib/python3.7/site-packages/airflow/example_dags/example_sla_dag.py
[2022-05-23 17:33:44,328] {logging_mixin.py:115} INFO - [2022-05-23 17:33:44,328] {dag.py:2371} INFO - Sync 1 DAGs
[2022-05-23 17:33:44,540] {logging_mixin.py:115} INFO - [2022-05-23 17:33:44,540] {dag.py:2919} INFO - Setting next_dagrun for example_sla_dag to 2022-05-23T17:30:00+00:00, run_after=2022-05-23T17:32:00+00:00
[2022-05-23 17:33:44,582] {processor.py:161} INFO - Processing /home/airflow/.local/lib/python3.7/site-packages/airflow/example_dags/example_sla_dag.py took 0.318 seconds
[2022-05-23 17:34:17,406] {processor.py:153} INFO - Started process (PID=726) to work on /home/airflow/.local/lib/python3.7/site-packages/airflow/example_dags/example_sla_dag.py
[2022-05-23 17:34:17,529] {processor.py:641} INFO - Processing file /home/airflow/.local/lib/python3.7/site-packages/airflow/example_dags/example_sla_dag.py for tasks to queue
[2022-05-23 17:34:17,530] {logging_mixin.py:115} INFO - [2022-05-23 17:34:17,529] {dagbag.py:507} INFO - Filling up the DagBag from /home/airflow/.local/lib/python3.7/site-packages/airflow/example_dags/example_sla_dag.py
[2022-05-23 17:34:17,548] {processor.py:651} INFO - DAG(s) dict_keys(['example_sla_dag']) retrieved from /home/airflow/.local/lib/python3.7/site-packages/airflow/example_dags/example_sla_dag.py
[2022-05-23 17:34:17,574] {logging_mixin.py:115} INFO - [2022-05-23 17:34:17,574] {dag.py:2371} INFO - Sync 1 DAGs
[2022-05-23 17:34:17,718] {logging_mixin.py:115} INFO - [2022-05-23 17:34:17,718] {dag.py:2919} INFO - Setting next_dagrun for example_sla_dag to 2022-05-23T17:32:00+00:00, run_after=2022-05-23T17:34:00+00:00
[2022-05-23 17:34:17,990] {processor.py:161} INFO - Processing /home/airflow/.local/lib/python3.7/site-packages/airflow/example_dags/example_sla_dag.py took 0.588 seconds
[2022-05-23 17:34:48,203] {processor.py:153} INFO - Started process (PID=791) to work on /home/airflow/.local/lib/python3.7/site-packages/airflow/example_dags/example_sla_dag.py
[2022-05-23 17:34:48,217] {processor.py:641} INFO - Processing file /home/airflow/.local/lib/python3.7/site-packages/airflow/example_dags/example_sla_dag.py for tasks to queue
[2022-05-23 17:34:48,217] {logging_mixin.py:115} INFO - [2022-05-23 17:34:48,217] {dagbag.py:507} INFO - Filling up the DagBag from /home/airflow/.local/lib/python3.7/site-packages/airflow/example_dags/example_sla_dag.py
[2022-05-23 17:34:48,238] {processor.py:651} INFO - DAG(s) dict_keys(['example_sla_dag']) retrieved from /home/airflow/.local/lib/python3.7/site-packages/airflow/example_dags/example_sla_dag.py
[2022-05-23 17:34:48,271] {logging_mixin.py:115} INFO - [2022-05-23 17:34:48,271] {dag.py:2371} INFO - Sync 1 DAGs
[2022-05-23 17:34:48,420] {logging_mixin.py:115} INFO - [2022-05-23 17:34:48,420] {dag.py:2919} INFO - Setting next_dagrun for example_sla_dag to 2022-05-23T17:32:00+00:00, run_after=2022-05-23T17:34:00+00:00
[2022-05-23 17:34:48,443] {processor.py:161} INFO - Processing /home/airflow/.local/lib/python3.7/site-packages/airflow/example_dags/example_sla_dag.py took 0.243 seconds
[2022-05-23 17:35:19,361] {processor.py:153} INFO - Started process (PID=846) to work on /home/airflow/.local/lib/python3.7/site-packages/airflow/example_dags/example_sla_dag.py
[2022-05-23 17:35:19,362] {processor.py:641} INFO - Processing file /home/airflow/.local/lib/python3.7/site-packages/airflow/example_dags/example_sla_dag.py for tasks to queue
[2022-05-23 17:35:19,362] {logging_mixin.py:115} INFO - [2022-05-23 17:35:19,362] {dagbag.py:507} INFO - Filling up the DagBag from /home/airflow/.local/lib/python3.7/site-packages/airflow/example_dags/example_sla_dag.py
[2022-05-23 17:35:19,384] {processor.py:651} INFO - DAG(s) dict_keys(['example_sla_dag']) retrieved from /home/airflow/.local/lib/python3.7/site-packages/airflow/example_dags/example_sla_dag.py
[2022-05-23 17:35:19,418] {logging_mixin.py:115} INFO - [2022-05-23 17:35:19,418] {dag.py:2371} INFO - Sync 1 DAGs
[2022-05-23 17:35:19,558] {logging_mixin.py:115} INFO - [2022-05-23 17:35:19,558] {dag.py:2919} INFO - Setting next_dagrun for example_sla_dag to 2022-05-23T17:32:00+00:00, run_after=2022-05-23T17:34:00+00:00
[2022-05-23 17:35:19,594] {processor.py:161} INFO - Processing /home/airflow/.local/lib/python3.7/site-packages/airflow/example_dags/example_sla_dag.py took 0.237 seconds
[2022-05-23 17:35:50,268] {processor.py:153} INFO - Started process (PID=909) to work on /home/airflow/.local/lib/python3.7/site-packages/airflow/example_dags/example_sla_dag.py
[2022-05-23 17:35:50,269] {processor.py:641} INFO - Processing file /home/airflow/.local/lib/python3.7/site-packages/airflow/example_dags/example_sla_dag.py for tasks to queue
[2022-05-23 17:35:50,270] {logging_mixin.py:115} INFO - [2022-05-23 17:35:50,270] {dagbag.py:507} INFO - Filling up the DagBag from /home/airflow/.local/lib/python3.7/site-packages/airflow/example_dags/example_sla_dag.py
[2022-05-23 17:35:50,294] {processor.py:651} INFO - DAG(s) dict_keys(['example_sla_dag']) retrieved from /home/airflow/.local/lib/python3.7/site-packages/airflow/example_dags/example_sla_dag.py
[2022-05-23 17:35:50,328] {logging_mixin.py:115} INFO - [2022-05-23 17:35:50,328] {dag.py:2371} INFO - Sync 1 DAGs
[2022-05-23 17:35:50,491] {logging_mixin.py:115} INFO - [2022-05-23 17:35:50,491] {dag.py:2919} INFO - Setting next_dagrun for example_sla_dag to 2022-05-23T17:32:00+00:00, run_after=2022-05-23T17:34:00+00:00
[2022-05-23 17:35:50,551] {processor.py:161} INFO - Processing /home/airflow/.local/lib/python3.7/site-packages/airflow/example_dags/example_sla_dag.py took 0.286 seconds
[2022-05-23 17:36:21,425] {processor.py:153} INFO - Started process (PID=963) to work on /home/airflow/.local/lib/python3.7/site-packages/airflow/example_dags/example_sla_dag.py
[2022-05-23 17:36:21,442] {processor.py:641} INFO - Processing file /home/airflow/.local/lib/python3.7/site-packages/airflow/example_dags/example_sla_dag.py for tasks to queue
[2022-05-23 17:36:21,443] {logging_mixin.py:115} INFO - [2022-05-23 17:36:21,443] {dagbag.py:507} INFO - Filling up the DagBag from /home/airflow/.local/lib/python3.7/site-packages/airflow/example_dags/example_sla_dag.py
[2022-05-23 17:36:21,474] {processor.py:651} INFO - DAG(s) dict_keys(['example_sla_dag']) retrieved from /home/airflow/.local/lib/python3.7/site-packages/airflow/example_dags/example_sla_dag.py
[2022-05-23 17:36:21,506] {logging_mixin.py:115} INFO - [2022-05-23 17:36:21,506] {dag.py:2371} INFO - Sync 1 DAGs
[2022-05-23 17:36:21,650] {logging_mixin.py:115} INFO - [2022-05-23 17:36:21,650] {dag.py:2919} INFO - Setting next_dagrun for example_sla_dag to 2022-05-23T17:34:00+00:00, run_after=2022-05-23T17:36:00+00:00
[2022-05-23 17:36:21,756] {processor.py:161} INFO - Processing /home/airflow/.local/lib/python3.7/site-packages/airflow/example_dags/example_sla_dag.py took 0.334 seconds
[2022-05-23 17:36:51,985] {processor.py:153} INFO - Started process (PID=1026) to work on /home/airflow/.local/lib/python3.7/site-packages/airflow/example_dags/example_sla_dag.py
[2022-05-23 17:36:51,985] {processor.py:641} INFO - Processing file /home/airflow/.local/lib/python3.7/site-packages/airflow/example_dags/example_sla_dag.py for tasks to queue
[2022-05-23 17:36:51,986] {logging_mixin.py:115} INFO - [2022-05-23 17:36:51,986] {dagbag.py:507} INFO - Filling up the DagBag from /home/airflow/.local/lib/python3.7/site-packages/airflow/example_dags/example_sla_dag.py
[2022-05-23 17:36:52,016] {processor.py:651} INFO - DAG(s) dict_keys(['example_sla_dag']) retrieved from /home/airflow/.local/lib/python3.7/site-packages/airflow/example_dags/example_sla_dag.py
[2022-05-23 17:36:52,055] {logging_mixin.py:115} INFO - [2022-05-23 17:36:52,054] {dag.py:2371} INFO - Sync 1 DAGs
[2022-05-23 17:36:52,211] {logging_mixin.py:115} INFO - [2022-05-23 17:36:52,211] {dag.py:2919} INFO - Setting next_dagrun for example_sla_dag to 2022-05-23T17:34:00+00:00, run_after=2022-05-23T17:36:00+00:00
[2022-05-23 17:36:53,351] {processor.py:161} INFO - Processing /home/airflow/.local/lib/python3.7/site-packages/airflow/example_dags/example_sla_dag.py took 1.370 seconds
[2022-05-23 17:49:33,836] {processor.py:153} INFO - Started process (PID=84) to work on /home/airflow/.local/lib/python3.7/site-packages/airflow/example_dags/example_sla_dag.py
[2022-05-23 17:49:33,868] {processor.py:641} INFO - Processing file /home/airflow/.local/lib/python3.7/site-packages/airflow/example_dags/example_sla_dag.py for tasks to queue
[2022-05-23 17:49:33,870] {logging_mixin.py:115} INFO - [2022-05-23 17:49:33,869] {dagbag.py:507} INFO - Filling up the DagBag from /home/airflow/.local/lib/python3.7/site-packages/airflow/example_dags/example_sla_dag.py
[2022-05-23 17:49:33,910] {processor.py:651} INFO - DAG(s) dict_keys(['example_sla_dag']) retrieved from /home/airflow/.local/lib/python3.7/site-packages/airflow/example_dags/example_sla_dag.py
[2022-05-23 17:49:34,145] {logging_mixin.py:115} INFO - [2022-05-23 17:49:34,145] {dag.py:2371} INFO - Sync 1 DAGs
[2022-05-23 17:49:34,215] {logging_mixin.py:115} INFO - [2022-05-23 17:49:34,215] {dag.py:2919} INFO - Setting next_dagrun for example_sla_dag to 2022-05-23T17:46:00+00:00, run_after=2022-05-23T17:48:00+00:00
[2022-05-23 17:49:34,298] {processor.py:161} INFO - Processing /home/airflow/.local/lib/python3.7/site-packages/airflow/example_dags/example_sla_dag.py took 0.466 seconds
[2022-05-23 17:50:05,226] {processor.py:153} INFO - Started process (PID=138) to work on /home/airflow/.local/lib/python3.7/site-packages/airflow/example_dags/example_sla_dag.py
[2022-05-23 17:50:05,227] {processor.py:641} INFO - Processing file /home/airflow/.local/lib/python3.7/site-packages/airflow/example_dags/example_sla_dag.py for tasks to queue
[2022-05-23 17:50:05,228] {logging_mixin.py:115} INFO - [2022-05-23 17:50:05,228] {dagbag.py:507} INFO - Filling up the DagBag from /home/airflow/.local/lib/python3.7/site-packages/airflow/example_dags/example_sla_dag.py
[2022-05-23 17:50:05,256] {processor.py:651} INFO - DAG(s) dict_keys(['example_sla_dag']) retrieved from /home/airflow/.local/lib/python3.7/site-packages/airflow/example_dags/example_sla_dag.py
[2022-05-23 17:50:05,417] {logging_mixin.py:115} INFO - [2022-05-23 17:50:05,417] {dag.py:2371} INFO - Sync 1 DAGs
[2022-05-23 17:50:05,450] {logging_mixin.py:115} INFO - [2022-05-23 17:50:05,450] {dag.py:2919} INFO - Setting next_dagrun for example_sla_dag to 2022-05-23T17:48:00+00:00, run_after=2022-05-23T17:50:00+00:00
[2022-05-23 17:50:05,482] {processor.py:161} INFO - Processing /home/airflow/.local/lib/python3.7/site-packages/airflow/example_dags/example_sla_dag.py took 0.264 seconds
[2022-05-23 17:50:37,007] {processor.py:153} INFO - Started process (PID=201) to work on /home/airflow/.local/lib/python3.7/site-packages/airflow/example_dags/example_sla_dag.py
[2022-05-23 17:50:37,008] {processor.py:641} INFO - Processing file /home/airflow/.local/lib/python3.7/site-packages/airflow/example_dags/example_sla_dag.py for tasks to queue
[2022-05-23 17:50:37,008] {logging_mixin.py:115} INFO - [2022-05-23 17:50:37,008] {dagbag.py:507} INFO - Filling up the DagBag from /home/airflow/.local/lib/python3.7/site-packages/airflow/example_dags/example_sla_dag.py
[2022-05-23 17:50:37,036] {processor.py:651} INFO - DAG(s) dict_keys(['example_sla_dag']) retrieved from /home/airflow/.local/lib/python3.7/site-packages/airflow/example_dags/example_sla_dag.py
[2022-05-23 17:50:37,202] {logging_mixin.py:115} INFO - [2022-05-23 17:50:37,201] {dag.py:2371} INFO - Sync 1 DAGs
[2022-05-23 17:50:37,239] {logging_mixin.py:115} INFO - [2022-05-23 17:50:37,239] {dag.py:2919} INFO - Setting next_dagrun for example_sla_dag to 2022-05-23T17:48:00+00:00, run_after=2022-05-23T17:50:00+00:00
[2022-05-23 17:50:38,044] {processor.py:161} INFO - Processing /home/airflow/.local/lib/python3.7/site-packages/airflow/example_dags/example_sla_dag.py took 1.041 seconds
[2022-05-23 17:51:08,321] {processor.py:153} INFO - Started process (PID=255) to work on /home/airflow/.local/lib/python3.7/site-packages/airflow/example_dags/example_sla_dag.py
[2022-05-23 17:51:08,322] {processor.py:641} INFO - Processing file /home/airflow/.local/lib/python3.7/site-packages/airflow/example_dags/example_sla_dag.py for tasks to queue
[2022-05-23 17:51:08,324] {logging_mixin.py:115} INFO - [2022-05-23 17:51:08,323] {dagbag.py:507} INFO - Filling up the DagBag from /home/airflow/.local/lib/python3.7/site-packages/airflow/example_dags/example_sla_dag.py
[2022-05-23 17:51:08,362] {processor.py:651} INFO - DAG(s) dict_keys(['example_sla_dag']) retrieved from /home/airflow/.local/lib/python3.7/site-packages/airflow/example_dags/example_sla_dag.py
[2022-05-23 17:51:08,512] {logging_mixin.py:115} INFO - [2022-05-23 17:51:08,512] {dag.py:2371} INFO - Sync 1 DAGs
[2022-05-23 17:51:08,549] {logging_mixin.py:115} INFO - [2022-05-23 17:51:08,549] {dag.py:2919} INFO - Setting next_dagrun for example_sla_dag to 2022-05-23T17:48:00+00:00, run_after=2022-05-23T17:50:00+00:00
[2022-05-23 17:51:09,163] {processor.py:161} INFO - Processing /home/airflow/.local/lib/python3.7/site-packages/airflow/example_dags/example_sla_dag.py took 0.852 seconds
[2022-05-23 17:51:39,204] {processor.py:153} INFO - Started process (PID=318) to work on /home/airflow/.local/lib/python3.7/site-packages/airflow/example_dags/example_sla_dag.py
[2022-05-23 17:51:39,204] {processor.py:641} INFO - Processing file /home/airflow/.local/lib/python3.7/site-packages/airflow/example_dags/example_sla_dag.py for tasks to queue
[2022-05-23 17:51:39,205] {logging_mixin.py:115} INFO - [2022-05-23 17:51:39,205] {dagbag.py:507} INFO - Filling up the DagBag from /home/airflow/.local/lib/python3.7/site-packages/airflow/example_dags/example_sla_dag.py
[2022-05-23 17:51:39,234] {processor.py:651} INFO - DAG(s) dict_keys(['example_sla_dag']) retrieved from /home/airflow/.local/lib/python3.7/site-packages/airflow/example_dags/example_sla_dag.py
[2022-05-23 17:51:39,440] {logging_mixin.py:115} INFO - [2022-05-23 17:51:39,440] {dag.py:2371} INFO - Sync 1 DAGs
[2022-05-23 17:51:39,492] {logging_mixin.py:115} INFO - [2022-05-23 17:51:39,492] {dag.py:2919} INFO - Setting next_dagrun for example_sla_dag to 2022-05-23T17:48:00+00:00, run_after=2022-05-23T17:50:00+00:00
[2022-05-23 17:51:39,549] {processor.py:161} INFO - Processing /home/airflow/.local/lib/python3.7/site-packages/airflow/example_dags/example_sla_dag.py took 0.349 seconds
[2022-05-23 17:52:09,718] {processor.py:153} INFO - Started process (PID=371) to work on /home/airflow/.local/lib/python3.7/site-packages/airflow/example_dags/example_sla_dag.py
[2022-05-23 17:52:09,719] {processor.py:641} INFO - Processing file /home/airflow/.local/lib/python3.7/site-packages/airflow/example_dags/example_sla_dag.py for tasks to queue
[2022-05-23 17:52:09,719] {logging_mixin.py:115} INFO - [2022-05-23 17:52:09,719] {dagbag.py:507} INFO - Filling up the DagBag from /home/airflow/.local/lib/python3.7/site-packages/airflow/example_dags/example_sla_dag.py
[2022-05-23 17:52:09,744] {processor.py:651} INFO - DAG(s) dict_keys(['example_sla_dag']) retrieved from /home/airflow/.local/lib/python3.7/site-packages/airflow/example_dags/example_sla_dag.py
[2022-05-23 17:52:09,886] {logging_mixin.py:115} INFO - [2022-05-23 17:52:09,886] {dag.py:2371} INFO - Sync 1 DAGs
[2022-05-23 17:52:09,917] {logging_mixin.py:115} INFO - [2022-05-23 17:52:09,917] {dag.py:2919} INFO - Setting next_dagrun for example_sla_dag to 2022-05-23T17:50:00+00:00, run_after=2022-05-23T17:52:00+00:00
[2022-05-23 17:52:09,948] {processor.py:161} INFO - Processing /home/airflow/.local/lib/python3.7/site-packages/airflow/example_dags/example_sla_dag.py took 0.233 seconds
[2022-05-23 17:52:40,006] {processor.py:153} INFO - Started process (PID=425) to work on /home/airflow/.local/lib/python3.7/site-packages/airflow/example_dags/example_sla_dag.py
[2022-05-23 17:52:40,017] {processor.py:641} INFO - Processing file /home/airflow/.local/lib/python3.7/site-packages/airflow/example_dags/example_sla_dag.py for tasks to queue
[2022-05-23 17:52:40,018] {logging_mixin.py:115} INFO - [2022-05-23 17:52:40,018] {dagbag.py:507} INFO - Filling up the DagBag from /home/airflow/.local/lib/python3.7/site-packages/airflow/example_dags/example_sla_dag.py
[2022-05-23 17:52:40,039] {processor.py:651} INFO - DAG(s) dict_keys(['example_sla_dag']) retrieved from /home/airflow/.local/lib/python3.7/site-packages/airflow/example_dags/example_sla_dag.py
[2022-05-23 17:52:40,169] {logging_mixin.py:115} INFO - [2022-05-23 17:52:40,169] {dag.py:2371} INFO - Sync 1 DAGs
[2022-05-23 17:52:40,203] {logging_mixin.py:115} INFO - [2022-05-23 17:52:40,203] {dag.py:2919} INFO - Setting next_dagrun for example_sla_dag to 2022-05-23T17:50:00+00:00, run_after=2022-05-23T17:52:00+00:00
[2022-05-23 17:52:40,319] {processor.py:161} INFO - Processing /home/airflow/.local/lib/python3.7/site-packages/airflow/example_dags/example_sla_dag.py took 0.316 seconds
[2022-05-23 17:53:13,070] {processor.py:153} INFO - Started process (PID=487) to work on /home/airflow/.local/lib/python3.7/site-packages/airflow/example_dags/example_sla_dag.py
[2022-05-23 17:53:13,071] {processor.py:641} INFO - Processing file /home/airflow/.local/lib/python3.7/site-packages/airflow/example_dags/example_sla_dag.py for tasks to queue
[2022-05-23 17:53:13,072] {logging_mixin.py:115} INFO - [2022-05-23 17:53:13,072] {dagbag.py:507} INFO - Filling up the DagBag from /home/airflow/.local/lib/python3.7/site-packages/airflow/example_dags/example_sla_dag.py
[2022-05-23 17:53:13,100] {processor.py:651} INFO - DAG(s) dict_keys(['example_sla_dag']) retrieved from /home/airflow/.local/lib/python3.7/site-packages/airflow/example_dags/example_sla_dag.py
[2022-05-23 17:53:13,251] {logging_mixin.py:115} INFO - [2022-05-23 17:53:13,251] {dag.py:2371} INFO - Sync 1 DAGs
[2022-05-23 17:53:13,286] {logging_mixin.py:115} INFO - [2022-05-23 17:53:13,286] {dag.py:2919} INFO - Setting next_dagrun for example_sla_dag to 2022-05-23T17:50:00+00:00, run_after=2022-05-23T17:52:00+00:00
[2022-05-23 17:53:13,326] {processor.py:161} INFO - Processing /home/airflow/.local/lib/python3.7/site-packages/airflow/example_dags/example_sla_dag.py took 0.260 seconds
[2022-05-23 17:53:43,633] {processor.py:153} INFO - Started process (PID=540) to work on /home/airflow/.local/lib/python3.7/site-packages/airflow/example_dags/example_sla_dag.py
[2022-05-23 17:53:43,649] {processor.py:641} INFO - Processing file /home/airflow/.local/lib/python3.7/site-packages/airflow/example_dags/example_sla_dag.py for tasks to queue
[2022-05-23 17:53:43,650] {logging_mixin.py:115} INFO - [2022-05-23 17:53:43,650] {dagbag.py:507} INFO - Filling up the DagBag from /home/airflow/.local/lib/python3.7/site-packages/airflow/example_dags/example_sla_dag.py
[2022-05-23 17:53:43,674] {processor.py:651} INFO - DAG(s) dict_keys(['example_sla_dag']) retrieved from /home/airflow/.local/lib/python3.7/site-packages/airflow/example_dags/example_sla_dag.py
[2022-05-23 17:53:43,814] {logging_mixin.py:115} INFO - [2022-05-23 17:53:43,814] {dag.py:2371} INFO - Sync 1 DAGs
[2022-05-23 17:53:43,848] {logging_mixin.py:115} INFO - [2022-05-23 17:53:43,847] {dag.py:2919} INFO - Setting next_dagrun for example_sla_dag to 2022-05-23T17:50:00+00:00, run_after=2022-05-23T17:52:00+00:00
[2022-05-23 17:53:43,875] {processor.py:161} INFO - Processing /home/airflow/.local/lib/python3.7/site-packages/airflow/example_dags/example_sla_dag.py took 0.245 seconds
[2022-05-23 18:03:51,574] {processor.py:153} INFO - Started process (PID=84) to work on /home/airflow/.local/lib/python3.7/site-packages/airflow/example_dags/example_sla_dag.py
[2022-05-23 18:03:51,575] {processor.py:641} INFO - Processing file /home/airflow/.local/lib/python3.7/site-packages/airflow/example_dags/example_sla_dag.py for tasks to queue
[2022-05-23 18:03:51,576] {logging_mixin.py:115} INFO - [2022-05-23 18:03:51,576] {dagbag.py:507} INFO - Filling up the DagBag from /home/airflow/.local/lib/python3.7/site-packages/airflow/example_dags/example_sla_dag.py
[2022-05-23 18:03:51,611] {processor.py:651} INFO - DAG(s) dict_keys(['example_sla_dag']) retrieved from /home/airflow/.local/lib/python3.7/site-packages/airflow/example_dags/example_sla_dag.py
[2022-05-23 18:03:51,779] {logging_mixin.py:115} INFO - [2022-05-23 18:03:51,779] {dag.py:2371} INFO - Sync 1 DAGs
[2022-05-23 18:03:51,826] {logging_mixin.py:115} INFO - [2022-05-23 18:03:51,825] {dag.py:2919} INFO - Setting next_dagrun for example_sla_dag to 2022-05-23T18:00:00+00:00, run_after=2022-05-23T18:02:00+00:00
[2022-05-23 18:03:52,226] {processor.py:161} INFO - Processing /home/airflow/.local/lib/python3.7/site-packages/airflow/example_dags/example_sla_dag.py took 0.656 seconds
[2022-05-23 18:04:23,276] {processor.py:153} INFO - Started process (PID=149) to work on /home/airflow/.local/lib/python3.7/site-packages/airflow/example_dags/example_sla_dag.py
[2022-05-23 18:04:25,551] {processor.py:641} INFO - Processing file /home/airflow/.local/lib/python3.7/site-packages/airflow/example_dags/example_sla_dag.py for tasks to queue
[2022-05-23 18:04:25,553] {logging_mixin.py:115} INFO - [2022-05-23 18:04:25,552] {dagbag.py:507} INFO - Filling up the DagBag from /home/airflow/.local/lib/python3.7/site-packages/airflow/example_dags/example_sla_dag.py
[2022-05-23 18:04:25,891] {processor.py:651} INFO - DAG(s) dict_keys(['example_sla_dag']) retrieved from /home/airflow/.local/lib/python3.7/site-packages/airflow/example_dags/example_sla_dag.py
[2022-05-23 18:04:26,039] {logging_mixin.py:115} INFO - [2022-05-23 18:04:26,039] {dag.py:2371} INFO - Sync 1 DAGs
[2022-05-23 18:04:26,074] {logging_mixin.py:115} INFO - [2022-05-23 18:04:26,074] {dag.py:2919} INFO - Setting next_dagrun for example_sla_dag to 2022-05-23T18:02:00+00:00, run_after=2022-05-23T18:04:00+00:00
[2022-05-23 18:04:26,216] {processor.py:161} INFO - Processing /home/airflow/.local/lib/python3.7/site-packages/airflow/example_dags/example_sla_dag.py took 2.943 seconds
[2022-05-23 18:04:56,292] {processor.py:153} INFO - Started process (PID=202) to work on /home/airflow/.local/lib/python3.7/site-packages/airflow/example_dags/example_sla_dag.py
[2022-05-23 18:04:56,293] {processor.py:641} INFO - Processing file /home/airflow/.local/lib/python3.7/site-packages/airflow/example_dags/example_sla_dag.py for tasks to queue
[2022-05-23 18:04:56,294] {logging_mixin.py:115} INFO - [2022-05-23 18:04:56,294] {dagbag.py:507} INFO - Filling up the DagBag from /home/airflow/.local/lib/python3.7/site-packages/airflow/example_dags/example_sla_dag.py
[2022-05-23 18:04:56,324] {processor.py:651} INFO - DAG(s) dict_keys(['example_sla_dag']) retrieved from /home/airflow/.local/lib/python3.7/site-packages/airflow/example_dags/example_sla_dag.py
[2022-05-23 18:04:56,483] {logging_mixin.py:115} INFO - [2022-05-23 18:04:56,483] {dag.py:2371} INFO - Sync 1 DAGs
[2022-05-23 18:04:56,516] {logging_mixin.py:115} INFO - [2022-05-23 18:04:56,516] {dag.py:2919} INFO - Setting next_dagrun for example_sla_dag to 2022-05-23T18:02:00+00:00, run_after=2022-05-23T18:04:00+00:00
[2022-05-23 18:04:57,042] {processor.py:161} INFO - Processing /home/airflow/.local/lib/python3.7/site-packages/airflow/example_dags/example_sla_dag.py took 0.760 seconds
[2022-05-23 18:05:27,948] {processor.py:153} INFO - Started process (PID=256) to work on /home/airflow/.local/lib/python3.7/site-packages/airflow/example_dags/example_sla_dag.py
[2022-05-23 18:05:28,318] {processor.py:641} INFO - Processing file /home/airflow/.local/lib/python3.7/site-packages/airflow/example_dags/example_sla_dag.py for tasks to queue
[2022-05-23 18:05:28,318] {logging_mixin.py:115} INFO - [2022-05-23 18:05:28,318] {dagbag.py:507} INFO - Filling up the DagBag from /home/airflow/.local/lib/python3.7/site-packages/airflow/example_dags/example_sla_dag.py
[2022-05-23 18:05:28,342] {processor.py:651} INFO - DAG(s) dict_keys(['example_sla_dag']) retrieved from /home/airflow/.local/lib/python3.7/site-packages/airflow/example_dags/example_sla_dag.py
[2022-05-23 18:05:28,511] {logging_mixin.py:115} INFO - [2022-05-23 18:05:28,511] {dag.py:2371} INFO - Sync 1 DAGs
[2022-05-23 18:05:28,549] {logging_mixin.py:115} INFO - [2022-05-23 18:05:28,549] {dag.py:2919} INFO - Setting next_dagrun for example_sla_dag to 2022-05-23T18:02:00+00:00, run_after=2022-05-23T18:04:00+00:00
[2022-05-23 18:05:28,626] {processor.py:161} INFO - Processing /home/airflow/.local/lib/python3.7/site-packages/airflow/example_dags/example_sla_dag.py took 0.681 seconds
[2022-05-23 18:05:59,461] {processor.py:153} INFO - Started process (PID=311) to work on /home/airflow/.local/lib/python3.7/site-packages/airflow/example_dags/example_sla_dag.py
[2022-05-23 18:05:59,575] {processor.py:641} INFO - Processing file /home/airflow/.local/lib/python3.7/site-packages/airflow/example_dags/example_sla_dag.py for tasks to queue
[2022-05-23 18:05:59,576] {logging_mixin.py:115} INFO - [2022-05-23 18:05:59,576] {dagbag.py:507} INFO - Filling up the DagBag from /home/airflow/.local/lib/python3.7/site-packages/airflow/example_dags/example_sla_dag.py
[2022-05-23 18:05:59,603] {processor.py:651} INFO - DAG(s) dict_keys(['example_sla_dag']) retrieved from /home/airflow/.local/lib/python3.7/site-packages/airflow/example_dags/example_sla_dag.py
[2022-05-23 18:05:59,766] {logging_mixin.py:115} INFO - [2022-05-23 18:05:59,766] {dag.py:2371} INFO - Sync 1 DAGs
[2022-05-23 18:05:59,802] {logging_mixin.py:115} INFO - [2022-05-23 18:05:59,802] {dag.py:2919} INFO - Setting next_dagrun for example_sla_dag to 2022-05-23T18:02:00+00:00, run_after=2022-05-23T18:04:00+00:00
[2022-05-23 18:06:00,176] {processor.py:161} INFO - Processing /home/airflow/.local/lib/python3.7/site-packages/airflow/example_dags/example_sla_dag.py took 0.717 seconds
[2022-05-23 18:06:30,509] {processor.py:153} INFO - Started process (PID=375) to work on /home/airflow/.local/lib/python3.7/site-packages/airflow/example_dags/example_sla_dag.py
[2022-05-23 18:06:30,510] {processor.py:641} INFO - Processing file /home/airflow/.local/lib/python3.7/site-packages/airflow/example_dags/example_sla_dag.py for tasks to queue
[2022-05-23 18:06:30,510] {logging_mixin.py:115} INFO - [2022-05-23 18:06:30,510] {dagbag.py:507} INFO - Filling up the DagBag from /home/airflow/.local/lib/python3.7/site-packages/airflow/example_dags/example_sla_dag.py
[2022-05-23 18:06:30,554] {processor.py:651} INFO - DAG(s) dict_keys(['example_sla_dag']) retrieved from /home/airflow/.local/lib/python3.7/site-packages/airflow/example_dags/example_sla_dag.py
[2022-05-23 18:06:30,782] {logging_mixin.py:115} INFO - [2022-05-23 18:06:30,782] {dag.py:2371} INFO - Sync 1 DAGs
[2022-05-23 18:06:30,844] {logging_mixin.py:115} INFO - [2022-05-23 18:06:30,844] {dag.py:2919} INFO - Setting next_dagrun for example_sla_dag to 2022-05-23T18:04:00+00:00, run_after=2022-05-23T18:06:00+00:00
[2022-05-23 18:06:30,886] {processor.py:161} INFO - Processing /home/airflow/.local/lib/python3.7/site-packages/airflow/example_dags/example_sla_dag.py took 0.383 seconds
[2022-05-23 18:07:01,113] {processor.py:153} INFO - Started process (PID=429) to work on /home/airflow/.local/lib/python3.7/site-packages/airflow/example_dags/example_sla_dag.py
[2022-05-23 18:07:01,601] {processor.py:641} INFO - Processing file /home/airflow/.local/lib/python3.7/site-packages/airflow/example_dags/example_sla_dag.py for tasks to queue
[2022-05-23 18:07:01,602] {logging_mixin.py:115} INFO - [2022-05-23 18:07:01,602] {dagbag.py:507} INFO - Filling up the DagBag from /home/airflow/.local/lib/python3.7/site-packages/airflow/example_dags/example_sla_dag.py
[2022-05-23 18:07:01,639] {processor.py:651} INFO - DAG(s) dict_keys(['example_sla_dag']) retrieved from /home/airflow/.local/lib/python3.7/site-packages/airflow/example_dags/example_sla_dag.py
[2022-05-23 18:07:01,903] {logging_mixin.py:115} INFO - [2022-05-23 18:07:01,902] {dag.py:2371} INFO - Sync 1 DAGs
[2022-05-23 18:07:01,947] {logging_mixin.py:115} INFO - [2022-05-23 18:07:01,947] {dag.py:2919} INFO - Setting next_dagrun for example_sla_dag to 2022-05-23T18:04:00+00:00, run_after=2022-05-23T18:06:00+00:00
[2022-05-23 18:07:02,004] {processor.py:161} INFO - Processing /home/airflow/.local/lib/python3.7/site-packages/airflow/example_dags/example_sla_dag.py took 0.896 seconds
[2022-05-23 18:07:32,848] {processor.py:153} INFO - Started process (PID=482) to work on /home/airflow/.local/lib/python3.7/site-packages/airflow/example_dags/example_sla_dag.py
[2022-05-23 18:07:32,849] {processor.py:641} INFO - Processing file /home/airflow/.local/lib/python3.7/site-packages/airflow/example_dags/example_sla_dag.py for tasks to queue
[2022-05-23 18:07:32,850] {logging_mixin.py:115} INFO - [2022-05-23 18:07:32,850] {dagbag.py:507} INFO - Filling up the DagBag from /home/airflow/.local/lib/python3.7/site-packages/airflow/example_dags/example_sla_dag.py
[2022-05-23 18:07:32,879] {processor.py:651} INFO - DAG(s) dict_keys(['example_sla_dag']) retrieved from /home/airflow/.local/lib/python3.7/site-packages/airflow/example_dags/example_sla_dag.py
[2022-05-23 18:07:33,023] {logging_mixin.py:115} INFO - [2022-05-23 18:07:33,023] {dag.py:2371} INFO - Sync 1 DAGs
[2022-05-23 18:07:33,055] {logging_mixin.py:115} INFO - [2022-05-23 18:07:33,055] {dag.py:2919} INFO - Setting next_dagrun for example_sla_dag to 2022-05-23T18:04:00+00:00, run_after=2022-05-23T18:06:00+00:00
[2022-05-23 18:07:33,083] {processor.py:161} INFO - Processing /home/airflow/.local/lib/python3.7/site-packages/airflow/example_dags/example_sla_dag.py took 0.239 seconds
[2022-05-23 18:08:05,603] {processor.py:153} INFO - Started process (PID=545) to work on /home/airflow/.local/lib/python3.7/site-packages/airflow/example_dags/example_sla_dag.py
[2022-05-23 18:08:05,718] {processor.py:641} INFO - Processing file /home/airflow/.local/lib/python3.7/site-packages/airflow/example_dags/example_sla_dag.py for tasks to queue
[2022-05-23 18:08:05,719] {logging_mixin.py:115} INFO - [2022-05-23 18:08:05,719] {dagbag.py:507} INFO - Filling up the DagBag from /home/airflow/.local/lib/python3.7/site-packages/airflow/example_dags/example_sla_dag.py
[2022-05-23 18:08:05,747] {processor.py:651} INFO - DAG(s) dict_keys(['example_sla_dag']) retrieved from /home/airflow/.local/lib/python3.7/site-packages/airflow/example_dags/example_sla_dag.py
[2022-05-23 18:08:05,882] {logging_mixin.py:115} INFO - [2022-05-23 18:08:05,882] {dag.py:2371} INFO - Sync 1 DAGs
[2022-05-23 18:08:05,915] {logging_mixin.py:115} INFO - [2022-05-23 18:08:05,915] {dag.py:2919} INFO - Setting next_dagrun for example_sla_dag to 2022-05-23T18:06:00+00:00, run_after=2022-05-23T18:08:00+00:00
[2022-05-23 18:08:06,058] {processor.py:161} INFO - Processing /home/airflow/.local/lib/python3.7/site-packages/airflow/example_dags/example_sla_dag.py took 0.459 seconds
[2022-05-23 18:08:36,313] {processor.py:153} INFO - Started process (PID=599) to work on /home/airflow/.local/lib/python3.7/site-packages/airflow/example_dags/example_sla_dag.py
[2022-05-23 18:08:36,339] {processor.py:641} INFO - Processing file /home/airflow/.local/lib/python3.7/site-packages/airflow/example_dags/example_sla_dag.py for tasks to queue
[2022-05-23 18:08:36,340] {logging_mixin.py:115} INFO - [2022-05-23 18:08:36,340] {dagbag.py:507} INFO - Filling up the DagBag from /home/airflow/.local/lib/python3.7/site-packages/airflow/example_dags/example_sla_dag.py
[2022-05-23 18:08:36,362] {processor.py:651} INFO - DAG(s) dict_keys(['example_sla_dag']) retrieved from /home/airflow/.local/lib/python3.7/site-packages/airflow/example_dags/example_sla_dag.py
[2022-05-23 18:08:36,497] {logging_mixin.py:115} INFO - [2022-05-23 18:08:36,497] {dag.py:2371} INFO - Sync 1 DAGs
[2022-05-23 18:08:36,528] {logging_mixin.py:115} INFO - [2022-05-23 18:08:36,528] {dag.py:2919} INFO - Setting next_dagrun for example_sla_dag to 2022-05-23T18:06:00+00:00, run_after=2022-05-23T18:08:00+00:00
[2022-05-23 18:08:37,860] {processor.py:161} INFO - Processing /home/airflow/.local/lib/python3.7/site-packages/airflow/example_dags/example_sla_dag.py took 1.550 seconds
[2022-05-23 18:09:08,847] {processor.py:153} INFO - Started process (PID=652) to work on /home/airflow/.local/lib/python3.7/site-packages/airflow/example_dags/example_sla_dag.py
[2022-05-23 18:09:09,416] {processor.py:641} INFO - Processing file /home/airflow/.local/lib/python3.7/site-packages/airflow/example_dags/example_sla_dag.py for tasks to queue
[2022-05-23 18:09:09,448] {logging_mixin.py:115} INFO - [2022-05-23 18:09:09,448] {dagbag.py:507} INFO - Filling up the DagBag from /home/airflow/.local/lib/python3.7/site-packages/airflow/example_dags/example_sla_dag.py
[2022-05-23 18:09:09,475] {processor.py:651} INFO - DAG(s) dict_keys(['example_sla_dag']) retrieved from /home/airflow/.local/lib/python3.7/site-packages/airflow/example_dags/example_sla_dag.py
[2022-05-23 18:09:09,502] {logging_mixin.py:115} INFO - [2022-05-23 18:09:09,501] {dag.py:2371} INFO - Sync 1 DAGs
[2022-05-23 18:09:09,595] {logging_mixin.py:115} INFO - [2022-05-23 18:09:09,595] {dag.py:2919} INFO - Setting next_dagrun for example_sla_dag to 2022-05-23T18:06:00+00:00, run_after=2022-05-23T18:08:00+00:00
[2022-05-23 18:09:09,647] {processor.py:161} INFO - Processing /home/airflow/.local/lib/python3.7/site-packages/airflow/example_dags/example_sla_dag.py took 0.803 seconds
[2022-05-23 18:09:40,175] {processor.py:153} INFO - Started process (PID=715) to work on /home/airflow/.local/lib/python3.7/site-packages/airflow/example_dags/example_sla_dag.py
[2022-05-23 18:09:40,357] {processor.py:641} INFO - Processing file /home/airflow/.local/lib/python3.7/site-packages/airflow/example_dags/example_sla_dag.py for tasks to queue
[2022-05-23 18:09:40,358] {logging_mixin.py:115} INFO - [2022-05-23 18:09:40,358] {dagbag.py:507} INFO - Filling up the DagBag from /home/airflow/.local/lib/python3.7/site-packages/airflow/example_dags/example_sla_dag.py
[2022-05-23 18:09:40,383] {processor.py:651} INFO - DAG(s) dict_keys(['example_sla_dag']) retrieved from /home/airflow/.local/lib/python3.7/site-packages/airflow/example_dags/example_sla_dag.py
[2022-05-23 18:09:40,412] {logging_mixin.py:115} INFO - [2022-05-23 18:09:40,412] {dag.py:2371} INFO - Sync 1 DAGs
[2022-05-23 18:09:40,445] {logging_mixin.py:115} INFO - [2022-05-23 18:09:40,445] {dag.py:2919} INFO - Setting next_dagrun for example_sla_dag to 2022-05-23T18:06:00+00:00, run_after=2022-05-23T18:08:00+00:00
[2022-05-23 18:09:40,678] {processor.py:161} INFO - Processing /home/airflow/.local/lib/python3.7/site-packages/airflow/example_dags/example_sla_dag.py took 0.506 seconds
[2022-05-23 18:10:11,486] {processor.py:153} INFO - Started process (PID=769) to work on /home/airflow/.local/lib/python3.7/site-packages/airflow/example_dags/example_sla_dag.py
[2022-05-23 18:10:11,717] {processor.py:641} INFO - Processing file /home/airflow/.local/lib/python3.7/site-packages/airflow/example_dags/example_sla_dag.py for tasks to queue
[2022-05-23 18:10:11,718] {logging_mixin.py:115} INFO - [2022-05-23 18:10:11,718] {dagbag.py:507} INFO - Filling up the DagBag from /home/airflow/.local/lib/python3.7/site-packages/airflow/example_dags/example_sla_dag.py
[2022-05-23 18:10:11,749] {processor.py:651} INFO - DAG(s) dict_keys(['example_sla_dag']) retrieved from /home/airflow/.local/lib/python3.7/site-packages/airflow/example_dags/example_sla_dag.py
[2022-05-23 18:10:11,781] {logging_mixin.py:115} INFO - [2022-05-23 18:10:11,781] {dag.py:2371} INFO - Sync 1 DAGs
[2022-05-23 18:10:11,828] {logging_mixin.py:115} INFO - [2022-05-23 18:10:11,828] {dag.py:2919} INFO - Setting next_dagrun for example_sla_dag to 2022-05-23T18:08:00+00:00, run_after=2022-05-23T18:10:00+00:00
[2022-05-23 18:10:12,190] {processor.py:161} INFO - Processing /home/airflow/.local/lib/python3.7/site-packages/airflow/example_dags/example_sla_dag.py took 0.707 seconds
[2022-05-23 18:10:42,900] {processor.py:153} INFO - Started process (PID=832) to work on /home/airflow/.local/lib/python3.7/site-packages/airflow/example_dags/example_sla_dag.py
[2022-05-23 18:10:42,922] {processor.py:641} INFO - Processing file /home/airflow/.local/lib/python3.7/site-packages/airflow/example_dags/example_sla_dag.py for tasks to queue
[2022-05-23 18:10:42,923] {logging_mixin.py:115} INFO - [2022-05-23 18:10:42,922] {dagbag.py:507} INFO - Filling up the DagBag from /home/airflow/.local/lib/python3.7/site-packages/airflow/example_dags/example_sla_dag.py
[2022-05-23 18:10:42,958] {processor.py:651} INFO - DAG(s) dict_keys(['example_sla_dag']) retrieved from /home/airflow/.local/lib/python3.7/site-packages/airflow/example_dags/example_sla_dag.py
[2022-05-23 18:10:42,984] {logging_mixin.py:115} INFO - [2022-05-23 18:10:42,984] {dag.py:2371} INFO - Sync 1 DAGs
[2022-05-23 18:10:43,016] {logging_mixin.py:115} INFO - [2022-05-23 18:10:43,016] {dag.py:2919} INFO - Setting next_dagrun for example_sla_dag to 2022-05-23T18:08:00+00:00, run_after=2022-05-23T18:10:00+00:00
[2022-05-23 18:10:43,224] {processor.py:161} INFO - Processing /home/airflow/.local/lib/python3.7/site-packages/airflow/example_dags/example_sla_dag.py took 0.327 seconds
[2022-05-23 18:11:13,312] {processor.py:153} INFO - Started process (PID=886) to work on /home/airflow/.local/lib/python3.7/site-packages/airflow/example_dags/example_sla_dag.py
[2022-05-23 18:11:13,835] {processor.py:641} INFO - Processing file /home/airflow/.local/lib/python3.7/site-packages/airflow/example_dags/example_sla_dag.py for tasks to queue
[2022-05-23 18:11:13,836] {logging_mixin.py:115} INFO - [2022-05-23 18:11:13,836] {dagbag.py:507} INFO - Filling up the DagBag from /home/airflow/.local/lib/python3.7/site-packages/airflow/example_dags/example_sla_dag.py
[2022-05-23 18:11:13,865] {processor.py:651} INFO - DAG(s) dict_keys(['example_sla_dag']) retrieved from /home/airflow/.local/lib/python3.7/site-packages/airflow/example_dags/example_sla_dag.py
[2022-05-23 18:11:13,896] {logging_mixin.py:115} INFO - [2022-05-23 18:11:13,896] {dag.py:2371} INFO - Sync 1 DAGs
[2022-05-23 18:11:13,927] {logging_mixin.py:115} INFO - [2022-05-23 18:11:13,927] {dag.py:2919} INFO - Setting next_dagrun for example_sla_dag to 2022-05-23T18:08:00+00:00, run_after=2022-05-23T18:10:00+00:00
[2022-05-23 18:11:14,120] {processor.py:161} INFO - Processing /home/airflow/.local/lib/python3.7/site-packages/airflow/example_dags/example_sla_dag.py took 0.811 seconds
[2022-05-23 18:11:44,216] {processor.py:153} INFO - Started process (PID=947) to work on /home/airflow/.local/lib/python3.7/site-packages/airflow/example_dags/example_sla_dag.py
[2022-05-23 18:11:44,218] {processor.py:641} INFO - Processing file /home/airflow/.local/lib/python3.7/site-packages/airflow/example_dags/example_sla_dag.py for tasks to queue
[2022-05-23 18:11:44,220] {logging_mixin.py:115} INFO - [2022-05-23 18:11:44,219] {dagbag.py:507} INFO - Filling up the DagBag from /home/airflow/.local/lib/python3.7/site-packages/airflow/example_dags/example_sla_dag.py
[2022-05-23 18:11:44,252] {processor.py:651} INFO - DAG(s) dict_keys(['example_sla_dag']) retrieved from /home/airflow/.local/lib/python3.7/site-packages/airflow/example_dags/example_sla_dag.py
[2022-05-23 18:11:44,282] {logging_mixin.py:115} INFO - [2022-05-23 18:11:44,282] {dag.py:2371} INFO - Sync 1 DAGs
[2022-05-23 18:11:44,317] {logging_mixin.py:115} INFO - [2022-05-23 18:11:44,317] {dag.py:2919} INFO - Setting next_dagrun for example_sla_dag to 2022-05-23T18:08:00+00:00, run_after=2022-05-23T18:10:00+00:00
[2022-05-23 18:11:44,356] {processor.py:161} INFO - Processing /home/airflow/.local/lib/python3.7/site-packages/airflow/example_dags/example_sla_dag.py took 0.148 seconds
[2022-05-23 18:12:14,709] {processor.py:153} INFO - Started process (PID=1001) to work on /home/airflow/.local/lib/python3.7/site-packages/airflow/example_dags/example_sla_dag.py
[2022-05-23 18:12:16,105] {processor.py:641} INFO - Processing file /home/airflow/.local/lib/python3.7/site-packages/airflow/example_dags/example_sla_dag.py for tasks to queue
[2022-05-23 18:12:16,108] {logging_mixin.py:115} INFO - [2022-05-23 18:12:16,107] {dagbag.py:507} INFO - Filling up the DagBag from /home/airflow/.local/lib/python3.7/site-packages/airflow/example_dags/example_sla_dag.py
[2022-05-23 18:12:16,155] {processor.py:651} INFO - DAG(s) dict_keys(['example_sla_dag']) retrieved from /home/airflow/.local/lib/python3.7/site-packages/airflow/example_dags/example_sla_dag.py
[2022-05-23 18:12:16,184] {logging_mixin.py:115} INFO - [2022-05-23 18:12:16,184] {dag.py:2371} INFO - Sync 1 DAGs
[2022-05-23 18:12:16,218] {logging_mixin.py:115} INFO - [2022-05-23 18:12:16,218] {dag.py:2919} INFO - Setting next_dagrun for example_sla_dag to 2022-05-23T18:10:00+00:00, run_after=2022-05-23T18:12:00+00:00
[2022-05-23 18:12:17,180] {processor.py:161} INFO - Processing /home/airflow/.local/lib/python3.7/site-packages/airflow/example_dags/example_sla_dag.py took 2.477 seconds
[2022-05-23 18:12:47,578] {processor.py:153} INFO - Started process (PID=1063) to work on /home/airflow/.local/lib/python3.7/site-packages/airflow/example_dags/example_sla_dag.py
[2022-05-23 18:12:48,026] {processor.py:641} INFO - Processing file /home/airflow/.local/lib/python3.7/site-packages/airflow/example_dags/example_sla_dag.py for tasks to queue
[2022-05-23 18:12:48,557] {logging_mixin.py:115} INFO - [2022-05-23 18:12:48,557] {dagbag.py:507} INFO - Filling up the DagBag from /home/airflow/.local/lib/python3.7/site-packages/airflow/example_dags/example_sla_dag.py
[2022-05-23 18:12:48,596] {processor.py:651} INFO - DAG(s) dict_keys(['example_sla_dag']) retrieved from /home/airflow/.local/lib/python3.7/site-packages/airflow/example_dags/example_sla_dag.py
[2022-05-23 18:12:48,623] {logging_mixin.py:115} INFO - [2022-05-23 18:12:48,623] {dag.py:2371} INFO - Sync 1 DAGs
[2022-05-23 18:12:48,656] {logging_mixin.py:115} INFO - [2022-05-23 18:12:48,656] {dag.py:2919} INFO - Setting next_dagrun for example_sla_dag to 2022-05-23T18:10:00+00:00, run_after=2022-05-23T18:12:00+00:00
[2022-05-23 18:12:48,755] {processor.py:161} INFO - Processing /home/airflow/.local/lib/python3.7/site-packages/airflow/example_dags/example_sla_dag.py took 1.185 seconds
[2022-05-23 18:13:18,961] {processor.py:153} INFO - Started process (PID=1117) to work on /home/airflow/.local/lib/python3.7/site-packages/airflow/example_dags/example_sla_dag.py
[2022-05-23 18:13:18,962] {processor.py:641} INFO - Processing file /home/airflow/.local/lib/python3.7/site-packages/airflow/example_dags/example_sla_dag.py for tasks to queue
[2022-05-23 18:13:18,962] {logging_mixin.py:115} INFO - [2022-05-23 18:13:18,962] {dagbag.py:507} INFO - Filling up the DagBag from /home/airflow/.local/lib/python3.7/site-packages/airflow/example_dags/example_sla_dag.py
[2022-05-23 18:13:18,984] {processor.py:651} INFO - DAG(s) dict_keys(['example_sla_dag']) retrieved from /home/airflow/.local/lib/python3.7/site-packages/airflow/example_dags/example_sla_dag.py
[2022-05-23 18:13:19,007] {logging_mixin.py:115} INFO - [2022-05-23 18:13:19,007] {dag.py:2371} INFO - Sync 1 DAGs
[2022-05-23 18:13:19,040] {logging_mixin.py:115} INFO - [2022-05-23 18:13:19,040] {dag.py:2919} INFO - Setting next_dagrun for example_sla_dag to 2022-05-23T18:10:00+00:00, run_after=2022-05-23T18:12:00+00:00
[2022-05-23 18:13:19,093] {processor.py:161} INFO - Processing /home/airflow/.local/lib/python3.7/site-packages/airflow/example_dags/example_sla_dag.py took 0.135 seconds
[2022-05-23 18:13:49,336] {processor.py:153} INFO - Started process (PID=1171) to work on /home/airflow/.local/lib/python3.7/site-packages/airflow/example_dags/example_sla_dag.py
[2022-05-23 18:13:49,342] {processor.py:641} INFO - Processing file /home/airflow/.local/lib/python3.7/site-packages/airflow/example_dags/example_sla_dag.py for tasks to queue
[2022-05-23 18:13:49,343] {logging_mixin.py:115} INFO - [2022-05-23 18:13:49,343] {dagbag.py:507} INFO - Filling up the DagBag from /home/airflow/.local/lib/python3.7/site-packages/airflow/example_dags/example_sla_dag.py
[2022-05-23 18:13:49,506] {processor.py:651} INFO - DAG(s) dict_keys(['example_sla_dag']) retrieved from /home/airflow/.local/lib/python3.7/site-packages/airflow/example_dags/example_sla_dag.py
[2022-05-23 18:13:49,541] {logging_mixin.py:115} INFO - [2022-05-23 18:13:49,541] {dag.py:2371} INFO - Sync 1 DAGs
[2022-05-23 18:13:49,581] {logging_mixin.py:115} INFO - [2022-05-23 18:13:49,581] {dag.py:2919} INFO - Setting next_dagrun for example_sla_dag to 2022-05-23T18:10:00+00:00, run_after=2022-05-23T18:12:00+00:00
[2022-05-23 18:13:49,630] {processor.py:161} INFO - Processing /home/airflow/.local/lib/python3.7/site-packages/airflow/example_dags/example_sla_dag.py took 0.297 seconds
[2022-05-23 18:14:21,521] {processor.py:153} INFO - Started process (PID=1234) to work on /home/airflow/.local/lib/python3.7/site-packages/airflow/example_dags/example_sla_dag.py
[2022-05-23 18:14:21,521] {processor.py:641} INFO - Processing file /home/airflow/.local/lib/python3.7/site-packages/airflow/example_dags/example_sla_dag.py for tasks to queue
[2022-05-23 18:14:21,522] {logging_mixin.py:115} INFO - [2022-05-23 18:14:21,521] {dagbag.py:507} INFO - Filling up the DagBag from /home/airflow/.local/lib/python3.7/site-packages/airflow/example_dags/example_sla_dag.py
[2022-05-23 18:14:21,681] {processor.py:651} INFO - DAG(s) dict_keys(['example_sla_dag']) retrieved from /home/airflow/.local/lib/python3.7/site-packages/airflow/example_dags/example_sla_dag.py
[2022-05-23 18:14:21,712] {logging_mixin.py:115} INFO - [2022-05-23 18:14:21,712] {dag.py:2371} INFO - Sync 1 DAGs
[2022-05-23 18:14:21,756] {logging_mixin.py:115} INFO - [2022-05-23 18:14:21,756] {dag.py:2919} INFO - Setting next_dagrun for example_sla_dag to 2022-05-23T18:12:00+00:00, run_after=2022-05-23T18:14:00+00:00
[2022-05-23 18:14:21,784] {processor.py:161} INFO - Processing /home/airflow/.local/lib/python3.7/site-packages/airflow/example_dags/example_sla_dag.py took 0.267 seconds
[2022-05-23 18:14:52,170] {processor.py:153} INFO - Started process (PID=1288) to work on /home/airflow/.local/lib/python3.7/site-packages/airflow/example_dags/example_sla_dag.py
[2022-05-23 18:14:52,170] {processor.py:641} INFO - Processing file /home/airflow/.local/lib/python3.7/site-packages/airflow/example_dags/example_sla_dag.py for tasks to queue
[2022-05-23 18:14:52,171] {logging_mixin.py:115} INFO - [2022-05-23 18:14:52,171] {dagbag.py:507} INFO - Filling up the DagBag from /home/airflow/.local/lib/python3.7/site-packages/airflow/example_dags/example_sla_dag.py
[2022-05-23 18:14:52,327] {processor.py:651} INFO - DAG(s) dict_keys(['example_sla_dag']) retrieved from /home/airflow/.local/lib/python3.7/site-packages/airflow/example_dags/example_sla_dag.py
[2022-05-23 18:14:52,351] {logging_mixin.py:115} INFO - [2022-05-23 18:14:52,350] {dag.py:2371} INFO - Sync 1 DAGs
[2022-05-23 18:14:52,380] {logging_mixin.py:115} INFO - [2022-05-23 18:14:52,380] {dag.py:2919} INFO - Setting next_dagrun for example_sla_dag to 2022-05-23T18:12:00+00:00, run_after=2022-05-23T18:14:00+00:00
[2022-05-23 18:14:52,410] {processor.py:161} INFO - Processing /home/airflow/.local/lib/python3.7/site-packages/airflow/example_dags/example_sla_dag.py took 0.243 seconds
[2022-05-23 18:15:24,346] {processor.py:153} INFO - Started process (PID=1350) to work on /home/airflow/.local/lib/python3.7/site-packages/airflow/example_dags/example_sla_dag.py
[2022-05-23 18:15:24,347] {processor.py:641} INFO - Processing file /home/airflow/.local/lib/python3.7/site-packages/airflow/example_dags/example_sla_dag.py for tasks to queue
[2022-05-23 18:15:24,347] {logging_mixin.py:115} INFO - [2022-05-23 18:15:24,347] {dagbag.py:507} INFO - Filling up the DagBag from /home/airflow/.local/lib/python3.7/site-packages/airflow/example_dags/example_sla_dag.py
[2022-05-23 18:15:24,498] {processor.py:651} INFO - DAG(s) dict_keys(['example_sla_dag']) retrieved from /home/airflow/.local/lib/python3.7/site-packages/airflow/example_dags/example_sla_dag.py
[2022-05-23 18:15:24,527] {logging_mixin.py:115} INFO - [2022-05-23 18:15:24,527] {dag.py:2371} INFO - Sync 1 DAGs
[2022-05-23 18:15:24,562] {logging_mixin.py:115} INFO - [2022-05-23 18:15:24,562] {dag.py:2919} INFO - Setting next_dagrun for example_sla_dag to 2022-05-23T18:12:00+00:00, run_after=2022-05-23T18:14:00+00:00
[2022-05-23 18:15:24,595] {processor.py:161} INFO - Processing /home/airflow/.local/lib/python3.7/site-packages/airflow/example_dags/example_sla_dag.py took 0.252 seconds
[2022-05-23 18:15:56,374] {processor.py:153} INFO - Started process (PID=1406) to work on /home/airflow/.local/lib/python3.7/site-packages/airflow/example_dags/example_sla_dag.py
[2022-05-23 18:15:56,375] {processor.py:641} INFO - Processing file /home/airflow/.local/lib/python3.7/site-packages/airflow/example_dags/example_sla_dag.py for tasks to queue
[2022-05-23 18:15:56,375] {logging_mixin.py:115} INFO - [2022-05-23 18:15:56,375] {dagbag.py:507} INFO - Filling up the DagBag from /home/airflow/.local/lib/python3.7/site-packages/airflow/example_dags/example_sla_dag.py
[2022-05-23 18:15:56,543] {processor.py:651} INFO - DAG(s) dict_keys(['example_sla_dag']) retrieved from /home/airflow/.local/lib/python3.7/site-packages/airflow/example_dags/example_sla_dag.py
[2022-05-23 18:15:56,574] {logging_mixin.py:115} INFO - [2022-05-23 18:15:56,574] {dag.py:2371} INFO - Sync 1 DAGs
[2022-05-23 18:15:56,606] {logging_mixin.py:115} INFO - [2022-05-23 18:15:56,606] {dag.py:2919} INFO - Setting next_dagrun for example_sla_dag to 2022-05-23T18:12:00+00:00, run_after=2022-05-23T18:14:00+00:00
[2022-05-23 18:15:56,640] {processor.py:161} INFO - Processing /home/airflow/.local/lib/python3.7/site-packages/airflow/example_dags/example_sla_dag.py took 0.270 seconds
[2022-05-23 18:16:30,118] {processor.py:153} INFO - Started process (PID=1470) to work on /home/airflow/.local/lib/python3.7/site-packages/airflow/example_dags/example_sla_dag.py
[2022-05-23 18:16:30,133] {processor.py:641} INFO - Processing file /home/airflow/.local/lib/python3.7/site-packages/airflow/example_dags/example_sla_dag.py for tasks to queue
[2022-05-23 18:16:30,133] {logging_mixin.py:115} INFO - [2022-05-23 18:16:30,133] {dagbag.py:507} INFO - Filling up the DagBag from /home/airflow/.local/lib/python3.7/site-packages/airflow/example_dags/example_sla_dag.py
[2022-05-23 18:16:30,293] {processor.py:651} INFO - DAG(s) dict_keys(['example_sla_dag']) retrieved from /home/airflow/.local/lib/python3.7/site-packages/airflow/example_dags/example_sla_dag.py
[2022-05-23 18:16:30,320] {logging_mixin.py:115} INFO - [2022-05-23 18:16:30,320] {dag.py:2371} INFO - Sync 1 DAGs
[2022-05-23 18:16:30,355] {logging_mixin.py:115} INFO - [2022-05-23 18:16:30,355] {dag.py:2919} INFO - Setting next_dagrun for example_sla_dag to 2022-05-23T18:14:00+00:00, run_after=2022-05-23T18:16:00+00:00
[2022-05-23 18:16:30,506] {processor.py:161} INFO - Processing /home/airflow/.local/lib/python3.7/site-packages/airflow/example_dags/example_sla_dag.py took 0.391 seconds
[2022-05-23 18:17:01,524] {processor.py:153} INFO - Started process (PID=1524) to work on /home/airflow/.local/lib/python3.7/site-packages/airflow/example_dags/example_sla_dag.py
[2022-05-23 18:17:01,528] {processor.py:641} INFO - Processing file /home/airflow/.local/lib/python3.7/site-packages/airflow/example_dags/example_sla_dag.py for tasks to queue
[2022-05-23 18:17:01,602] {logging_mixin.py:115} INFO - [2022-05-23 18:17:01,602] {dagbag.py:507} INFO - Filling up the DagBag from /home/airflow/.local/lib/python3.7/site-packages/airflow/example_dags/example_sla_dag.py
[2022-05-23 18:17:01,753] {processor.py:651} INFO - DAG(s) dict_keys(['example_sla_dag']) retrieved from /home/airflow/.local/lib/python3.7/site-packages/airflow/example_dags/example_sla_dag.py
[2022-05-23 18:17:01,779] {logging_mixin.py:115} INFO - [2022-05-23 18:17:01,779] {dag.py:2371} INFO - Sync 1 DAGs
[2022-05-23 18:17:01,814] {logging_mixin.py:115} INFO - [2022-05-23 18:17:01,814] {dag.py:2919} INFO - Setting next_dagrun for example_sla_dag to 2022-05-23T18:14:00+00:00, run_after=2022-05-23T18:16:00+00:00
[2022-05-23 18:17:01,853] {processor.py:161} INFO - Processing /home/airflow/.local/lib/python3.7/site-packages/airflow/example_dags/example_sla_dag.py took 0.333 seconds
[2022-05-23 18:17:33,743] {processor.py:153} INFO - Started process (PID=1577) to work on /home/airflow/.local/lib/python3.7/site-packages/airflow/example_dags/example_sla_dag.py
[2022-05-23 18:17:34,107] {processor.py:641} INFO - Processing file /home/airflow/.local/lib/python3.7/site-packages/airflow/example_dags/example_sla_dag.py for tasks to queue
[2022-05-23 18:17:34,108] {logging_mixin.py:115} INFO - [2022-05-23 18:17:34,108] {dagbag.py:507} INFO - Filling up the DagBag from /home/airflow/.local/lib/python3.7/site-packages/airflow/example_dags/example_sla_dag.py
[2022-05-23 18:17:34,253] {processor.py:651} INFO - DAG(s) dict_keys(['example_sla_dag']) retrieved from /home/airflow/.local/lib/python3.7/site-packages/airflow/example_dags/example_sla_dag.py
[2022-05-23 18:17:34,277] {logging_mixin.py:115} INFO - [2022-05-23 18:17:34,277] {dag.py:2371} INFO - Sync 1 DAGs
[2022-05-23 18:17:34,310] {logging_mixin.py:115} INFO - [2022-05-23 18:17:34,310] {dag.py:2919} INFO - Setting next_dagrun for example_sla_dag to 2022-05-23T18:14:00+00:00, run_after=2022-05-23T18:16:00+00:00
[2022-05-23 18:17:35,130] {processor.py:161} INFO - Processing /home/airflow/.local/lib/python3.7/site-packages/airflow/example_dags/example_sla_dag.py took 1.391 seconds
[2022-05-23 18:18:05,263] {processor.py:153} INFO - Started process (PID=1640) to work on /home/airflow/.local/lib/python3.7/site-packages/airflow/example_dags/example_sla_dag.py
[2022-05-23 18:18:05,264] {processor.py:641} INFO - Processing file /home/airflow/.local/lib/python3.7/site-packages/airflow/example_dags/example_sla_dag.py for tasks to queue
[2022-05-23 18:18:05,264] {logging_mixin.py:115} INFO - [2022-05-23 18:18:05,264] {dagbag.py:507} INFO - Filling up the DagBag from /home/airflow/.local/lib/python3.7/site-packages/airflow/example_dags/example_sla_dag.py
[2022-05-23 18:18:05,411] {processor.py:651} INFO - DAG(s) dict_keys(['example_sla_dag']) retrieved from /home/airflow/.local/lib/python3.7/site-packages/airflow/example_dags/example_sla_dag.py
[2022-05-23 18:18:05,438] {logging_mixin.py:115} INFO - [2022-05-23 18:18:05,438] {dag.py:2371} INFO - Sync 1 DAGs
[2022-05-23 18:18:05,473] {logging_mixin.py:115} INFO - [2022-05-23 18:18:05,473] {dag.py:2919} INFO - Setting next_dagrun for example_sla_dag to 2022-05-23T18:16:00+00:00, run_after=2022-05-23T18:18:00+00:00
[2022-05-23 18:18:05,501] {processor.py:161} INFO - Processing /home/airflow/.local/lib/python3.7/site-packages/airflow/example_dags/example_sla_dag.py took 0.242 seconds
[2022-05-23 18:21:03,924] {processor.py:153} INFO - Started process (PID=83) to work on /home/airflow/.local/lib/python3.7/site-packages/airflow/example_dags/example_sla_dag.py
[2022-05-23 18:21:03,925] {processor.py:641} INFO - Processing file /home/airflow/.local/lib/python3.7/site-packages/airflow/example_dags/example_sla_dag.py for tasks to queue
[2022-05-23 18:21:03,926] {logging_mixin.py:115} INFO - [2022-05-23 18:21:03,926] {dagbag.py:507} INFO - Filling up the DagBag from /home/airflow/.local/lib/python3.7/site-packages/airflow/example_dags/example_sla_dag.py
[2022-05-23 18:21:03,974] {processor.py:651} INFO - DAG(s) dict_keys(['example_sla_dag']) retrieved from /home/airflow/.local/lib/python3.7/site-packages/airflow/example_dags/example_sla_dag.py
[2022-05-23 18:21:04,202] {logging_mixin.py:115} INFO - [2022-05-23 18:21:04,202] {dag.py:2371} INFO - Sync 1 DAGs
[2022-05-23 18:21:04,258] {logging_mixin.py:115} INFO - [2022-05-23 18:21:04,257] {dag.py:2919} INFO - Setting next_dagrun for example_sla_dag to 2022-05-23T18:18:00+00:00, run_after=2022-05-23T18:20:00+00:00
[2022-05-23 18:21:04,313] {processor.py:161} INFO - Processing /home/airflow/.local/lib/python3.7/site-packages/airflow/example_dags/example_sla_dag.py took 0.393 seconds
[2022-05-23 18:21:35,388] {processor.py:153} INFO - Started process (PID=137) to work on /home/airflow/.local/lib/python3.7/site-packages/airflow/example_dags/example_sla_dag.py
[2022-05-23 18:21:35,388] {processor.py:641} INFO - Processing file /home/airflow/.local/lib/python3.7/site-packages/airflow/example_dags/example_sla_dag.py for tasks to queue
[2022-05-23 18:21:35,389] {logging_mixin.py:115} INFO - [2022-05-23 18:21:35,389] {dagbag.py:507} INFO - Filling up the DagBag from /home/airflow/.local/lib/python3.7/site-packages/airflow/example_dags/example_sla_dag.py
[2022-05-23 18:21:35,414] {processor.py:651} INFO - DAG(s) dict_keys(['example_sla_dag']) retrieved from /home/airflow/.local/lib/python3.7/site-packages/airflow/example_dags/example_sla_dag.py
[2022-05-23 18:21:35,573] {logging_mixin.py:115} INFO - [2022-05-23 18:21:35,573] {dag.py:2371} INFO - Sync 1 DAGs
[2022-05-23 18:21:35,610] {logging_mixin.py:115} INFO - [2022-05-23 18:21:35,610] {dag.py:2919} INFO - Setting next_dagrun for example_sla_dag to 2022-05-23T18:18:00+00:00, run_after=2022-05-23T18:20:00+00:00
[2022-05-23 18:21:35,686] {processor.py:161} INFO - Processing /home/airflow/.local/lib/python3.7/site-packages/airflow/example_dags/example_sla_dag.py took 0.302 seconds
[2022-05-23 18:22:06,184] {processor.py:153} INFO - Started process (PID=195) to work on /home/airflow/.local/lib/python3.7/site-packages/airflow/example_dags/example_sla_dag.py
[2022-05-23 18:22:06,184] {processor.py:641} INFO - Processing file /home/airflow/.local/lib/python3.7/site-packages/airflow/example_dags/example_sla_dag.py for tasks to queue
[2022-05-23 18:22:06,185] {logging_mixin.py:115} INFO - [2022-05-23 18:22:06,185] {dagbag.py:507} INFO - Filling up the DagBag from /home/airflow/.local/lib/python3.7/site-packages/airflow/example_dags/example_sla_dag.py
[2022-05-23 18:22:06,209] {processor.py:651} INFO - DAG(s) dict_keys(['example_sla_dag']) retrieved from /home/airflow/.local/lib/python3.7/site-packages/airflow/example_dags/example_sla_dag.py
[2022-05-23 18:22:06,348] {logging_mixin.py:115} INFO - [2022-05-23 18:22:06,348] {dag.py:2371} INFO - Sync 1 DAGs
[2022-05-23 18:22:06,380] {logging_mixin.py:115} INFO - [2022-05-23 18:22:06,380] {dag.py:2919} INFO - Setting next_dagrun for example_sla_dag to 2022-05-23T18:20:00+00:00, run_after=2022-05-23T18:22:00+00:00
[2022-05-23 18:22:06,421] {processor.py:161} INFO - Processing /home/airflow/.local/lib/python3.7/site-packages/airflow/example_dags/example_sla_dag.py took 0.240 seconds
[2022-05-23 18:22:37,773] {processor.py:153} INFO - Started process (PID=256) to work on /home/airflow/.local/lib/python3.7/site-packages/airflow/example_dags/example_sla_dag.py
[2022-05-23 18:22:37,774] {processor.py:641} INFO - Processing file /home/airflow/.local/lib/python3.7/site-packages/airflow/example_dags/example_sla_dag.py for tasks to queue
[2022-05-23 18:22:37,775] {logging_mixin.py:115} INFO - [2022-05-23 18:22:37,775] {dagbag.py:507} INFO - Filling up the DagBag from /home/airflow/.local/lib/python3.7/site-packages/airflow/example_dags/example_sla_dag.py
[2022-05-23 18:22:37,813] {processor.py:651} INFO - DAG(s) dict_keys(['example_sla_dag']) retrieved from /home/airflow/.local/lib/python3.7/site-packages/airflow/example_dags/example_sla_dag.py
[2022-05-23 18:22:37,991] {logging_mixin.py:115} INFO - [2022-05-23 18:22:37,991] {dag.py:2371} INFO - Sync 1 DAGs
[2022-05-23 18:22:38,037] {logging_mixin.py:115} INFO - [2022-05-23 18:22:38,037] {dag.py:2919} INFO - Setting next_dagrun for example_sla_dag to 2022-05-23T18:20:00+00:00, run_after=2022-05-23T18:22:00+00:00
[2022-05-23 18:22:38,067] {processor.py:161} INFO - Processing /home/airflow/.local/lib/python3.7/site-packages/airflow/example_dags/example_sla_dag.py took 0.306 seconds
