[2022-05-23 17:10:25,534] {processor.py:153} INFO - Started process (PID=104) to work on /home/airflow/.local/lib/python3.7/site-packages/airflow/example_dags/example_branch_python_dop_operator_3.py
[2022-05-23 17:10:25,534] {processor.py:641} INFO - Processing file /home/airflow/.local/lib/python3.7/site-packages/airflow/example_dags/example_branch_python_dop_operator_3.py for tasks to queue
[2022-05-23 17:10:25,535] {logging_mixin.py:115} INFO - [2022-05-23 17:10:25,535] {dagbag.py:507} INFO - Filling up the DagBag from /home/airflow/.local/lib/python3.7/site-packages/airflow/example_dags/example_branch_python_dop_operator_3.py
[2022-05-23 17:10:25,547] {processor.py:651} INFO - DAG(s) dict_keys(['example_branch_dop_operator_v3']) retrieved from /home/airflow/.local/lib/python3.7/site-packages/airflow/example_dags/example_branch_python_dop_operator_3.py
[2022-05-23 17:10:26,248] {logging_mixin.py:115} INFO - [2022-05-23 17:10:26,248] {manager.py:508} INFO - Created Permission View: can read on DAG:example_branch_dop_operator_v3
[2022-05-23 17:10:26,421] {logging_mixin.py:115} INFO - [2022-05-23 17:10:26,420] {manager.py:508} INFO - Created Permission View: can edit on DAG:example_branch_dop_operator_v3
[2022-05-23 17:10:26,566] {logging_mixin.py:115} INFO - [2022-05-23 17:10:26,565] {manager.py:508} INFO - Created Permission View: can delete on DAG:example_branch_dop_operator_v3
[2022-05-23 17:10:26,566] {logging_mixin.py:115} INFO - [2022-05-23 17:10:26,566] {dag.py:2371} INFO - Sync 1 DAGs
[2022-05-23 17:10:26,576] {logging_mixin.py:115} INFO - [2022-05-23 17:10:26,576] {dag.py:2390} INFO - Creating ORM DAG for example_branch_dop_operator_v3
[2022-05-23 17:10:26,598] {logging_mixin.py:115} INFO - [2022-05-23 17:10:26,598] {dag.py:2919} INFO - Setting next_dagrun for example_branch_dop_operator_v3 to 2022-05-23T17:09:00+00:00, run_after=2022-05-23T17:10:00+00:00
[2022-05-23 17:10:26,753] {processor.py:161} INFO - Processing /home/airflow/.local/lib/python3.7/site-packages/airflow/example_dags/example_branch_python_dop_operator_3.py took 1.222 seconds
[2022-05-23 17:10:56,850] {processor.py:153} INFO - Started process (PID=163) to work on /home/airflow/.local/lib/python3.7/site-packages/airflow/example_dags/example_branch_python_dop_operator_3.py
[2022-05-23 17:10:56,851] {processor.py:641} INFO - Processing file /home/airflow/.local/lib/python3.7/site-packages/airflow/example_dags/example_branch_python_dop_operator_3.py for tasks to queue
[2022-05-23 17:10:56,851] {logging_mixin.py:115} INFO - [2022-05-23 17:10:56,851] {dagbag.py:507} INFO - Filling up the DagBag from /home/airflow/.local/lib/python3.7/site-packages/airflow/example_dags/example_branch_python_dop_operator_3.py
[2022-05-23 17:10:56,861] {processor.py:651} INFO - DAG(s) dict_keys(['example_branch_dop_operator_v3']) retrieved from /home/airflow/.local/lib/python3.7/site-packages/airflow/example_dags/example_branch_python_dop_operator_3.py
[2022-05-23 17:10:56,887] {logging_mixin.py:115} INFO - [2022-05-23 17:10:56,887] {dag.py:2371} INFO - Sync 1 DAGs
[2022-05-23 17:10:56,922] {logging_mixin.py:115} INFO - [2022-05-23 17:10:56,922] {dag.py:2919} INFO - Setting next_dagrun for example_branch_dop_operator_v3 to 2022-05-23T17:09:00+00:00, run_after=2022-05-23T17:10:00+00:00
[2022-05-23 17:10:57,083] {processor.py:161} INFO - Processing /home/airflow/.local/lib/python3.7/site-packages/airflow/example_dags/example_branch_python_dop_operator_3.py took 0.235 seconds
[2022-05-23 17:11:27,312] {processor.py:153} INFO - Started process (PID=216) to work on /home/airflow/.local/lib/python3.7/site-packages/airflow/example_dags/example_branch_python_dop_operator_3.py
[2022-05-23 17:11:27,312] {processor.py:641} INFO - Processing file /home/airflow/.local/lib/python3.7/site-packages/airflow/example_dags/example_branch_python_dop_operator_3.py for tasks to queue
[2022-05-23 17:11:27,313] {logging_mixin.py:115} INFO - [2022-05-23 17:11:27,313] {dagbag.py:507} INFO - Filling up the DagBag from /home/airflow/.local/lib/python3.7/site-packages/airflow/example_dags/example_branch_python_dop_operator_3.py
[2022-05-23 17:11:27,326] {processor.py:651} INFO - DAG(s) dict_keys(['example_branch_dop_operator_v3']) retrieved from /home/airflow/.local/lib/python3.7/site-packages/airflow/example_dags/example_branch_python_dop_operator_3.py
[2022-05-23 17:11:27,361] {logging_mixin.py:115} INFO - [2022-05-23 17:11:27,361] {dag.py:2371} INFO - Sync 1 DAGs
[2022-05-23 17:11:27,405] {logging_mixin.py:115} INFO - [2022-05-23 17:11:27,405] {dag.py:2919} INFO - Setting next_dagrun for example_branch_dop_operator_v3 to 2022-05-23T17:10:00+00:00, run_after=2022-05-23T17:11:00+00:00
[2022-05-23 17:11:27,548] {processor.py:161} INFO - Processing /home/airflow/.local/lib/python3.7/site-packages/airflow/example_dags/example_branch_python_dop_operator_3.py took 0.239 seconds
[2022-05-23 17:28:31,011] {processor.py:153} INFO - Started process (PID=86) to work on /home/airflow/.local/lib/python3.7/site-packages/airflow/example_dags/example_branch_python_dop_operator_3.py
[2022-05-23 17:28:31,024] {processor.py:641} INFO - Processing file /home/airflow/.local/lib/python3.7/site-packages/airflow/example_dags/example_branch_python_dop_operator_3.py for tasks to queue
[2022-05-23 17:28:31,025] {logging_mixin.py:115} INFO - [2022-05-23 17:28:31,025] {dagbag.py:507} INFO - Filling up the DagBag from /home/airflow/.local/lib/python3.7/site-packages/airflow/example_dags/example_branch_python_dop_operator_3.py
[2022-05-23 17:28:31,039] {processor.py:651} INFO - DAG(s) dict_keys(['example_branch_dop_operator_v3']) retrieved from /home/airflow/.local/lib/python3.7/site-packages/airflow/example_dags/example_branch_python_dop_operator_3.py
[2022-05-23 17:28:31,069] {logging_mixin.py:115} INFO - [2022-05-23 17:28:31,069] {dag.py:2371} INFO - Sync 1 DAGs
[2022-05-23 17:28:31,109] {logging_mixin.py:115} INFO - [2022-05-23 17:28:31,108] {dag.py:2919} INFO - Setting next_dagrun for example_branch_dop_operator_v3 to 2022-05-23T17:27:00+00:00, run_after=2022-05-23T17:28:00+00:00
[2022-05-23 17:28:31,284] {processor.py:161} INFO - Processing /home/airflow/.local/lib/python3.7/site-packages/airflow/example_dags/example_branch_python_dop_operator_3.py took 0.277 seconds
[2022-05-23 17:29:03,930] {processor.py:153} INFO - Started process (PID=148) to work on /home/airflow/.local/lib/python3.7/site-packages/airflow/example_dags/example_branch_python_dop_operator_3.py
[2022-05-23 17:29:03,930] {processor.py:641} INFO - Processing file /home/airflow/.local/lib/python3.7/site-packages/airflow/example_dags/example_branch_python_dop_operator_3.py for tasks to queue
[2022-05-23 17:29:03,931] {logging_mixin.py:115} INFO - [2022-05-23 17:29:03,931] {dagbag.py:507} INFO - Filling up the DagBag from /home/airflow/.local/lib/python3.7/site-packages/airflow/example_dags/example_branch_python_dop_operator_3.py
[2022-05-23 17:29:03,944] {processor.py:651} INFO - DAG(s) dict_keys(['example_branch_dop_operator_v3']) retrieved from /home/airflow/.local/lib/python3.7/site-packages/airflow/example_dags/example_branch_python_dop_operator_3.py
[2022-05-23 17:29:03,972] {logging_mixin.py:115} INFO - [2022-05-23 17:29:03,972] {dag.py:2371} INFO - Sync 1 DAGs
[2022-05-23 17:29:04,009] {logging_mixin.py:115} INFO - [2022-05-23 17:29:04,009] {dag.py:2919} INFO - Setting next_dagrun for example_branch_dop_operator_v3 to 2022-05-23T17:28:00+00:00, run_after=2022-05-23T17:29:00+00:00
[2022-05-23 17:29:04,461] {processor.py:161} INFO - Processing /home/airflow/.local/lib/python3.7/site-packages/airflow/example_dags/example_branch_python_dop_operator_3.py took 0.539 seconds
[2022-05-23 17:29:35,352] {processor.py:153} INFO - Started process (PID=203) to work on /home/airflow/.local/lib/python3.7/site-packages/airflow/example_dags/example_branch_python_dop_operator_3.py
[2022-05-23 17:29:35,353] {processor.py:641} INFO - Processing file /home/airflow/.local/lib/python3.7/site-packages/airflow/example_dags/example_branch_python_dop_operator_3.py for tasks to queue
[2022-05-23 17:29:35,354] {logging_mixin.py:115} INFO - [2022-05-23 17:29:35,354] {dagbag.py:507} INFO - Filling up the DagBag from /home/airflow/.local/lib/python3.7/site-packages/airflow/example_dags/example_branch_python_dop_operator_3.py
[2022-05-23 17:29:35,368] {processor.py:651} INFO - DAG(s) dict_keys(['example_branch_dop_operator_v3']) retrieved from /home/airflow/.local/lib/python3.7/site-packages/airflow/example_dags/example_branch_python_dop_operator_3.py
[2022-05-23 17:29:35,399] {logging_mixin.py:115} INFO - [2022-05-23 17:29:35,399] {dag.py:2371} INFO - Sync 1 DAGs
[2022-05-23 17:29:35,442] {logging_mixin.py:115} INFO - [2022-05-23 17:29:35,442] {dag.py:2919} INFO - Setting next_dagrun for example_branch_dop_operator_v3 to 2022-05-23T17:28:00+00:00, run_after=2022-05-23T17:29:00+00:00
[2022-05-23 17:29:35,647] {processor.py:161} INFO - Processing /home/airflow/.local/lib/python3.7/site-packages/airflow/example_dags/example_branch_python_dop_operator_3.py took 0.299 seconds
[2022-05-23 17:30:07,974] {processor.py:153} INFO - Started process (PID=267) to work on /home/airflow/.local/lib/python3.7/site-packages/airflow/example_dags/example_branch_python_dop_operator_3.py
[2022-05-23 17:30:07,975] {processor.py:641} INFO - Processing file /home/airflow/.local/lib/python3.7/site-packages/airflow/example_dags/example_branch_python_dop_operator_3.py for tasks to queue
[2022-05-23 17:30:07,976] {logging_mixin.py:115} INFO - [2022-05-23 17:30:07,975] {dagbag.py:507} INFO - Filling up the DagBag from /home/airflow/.local/lib/python3.7/site-packages/airflow/example_dags/example_branch_python_dop_operator_3.py
[2022-05-23 17:30:07,987] {processor.py:651} INFO - DAG(s) dict_keys(['example_branch_dop_operator_v3']) retrieved from /home/airflow/.local/lib/python3.7/site-packages/airflow/example_dags/example_branch_python_dop_operator_3.py
[2022-05-23 17:30:08,016] {logging_mixin.py:115} INFO - [2022-05-23 17:30:08,016] {dag.py:2371} INFO - Sync 1 DAGs
[2022-05-23 17:30:08,056] {logging_mixin.py:115} INFO - [2022-05-23 17:30:08,056] {dag.py:2919} INFO - Setting next_dagrun for example_branch_dop_operator_v3 to 2022-05-23T17:29:00+00:00, run_after=2022-05-23T17:30:00+00:00
[2022-05-23 17:30:08,200] {processor.py:161} INFO - Processing /home/airflow/.local/lib/python3.7/site-packages/airflow/example_dags/example_branch_python_dop_operator_3.py took 0.229 seconds
[2022-05-23 17:30:38,471] {processor.py:153} INFO - Started process (PID=320) to work on /home/airflow/.local/lib/python3.7/site-packages/airflow/example_dags/example_branch_python_dop_operator_3.py
[2022-05-23 17:30:38,471] {processor.py:641} INFO - Processing file /home/airflow/.local/lib/python3.7/site-packages/airflow/example_dags/example_branch_python_dop_operator_3.py for tasks to queue
[2022-05-23 17:30:38,472] {logging_mixin.py:115} INFO - [2022-05-23 17:30:38,472] {dagbag.py:507} INFO - Filling up the DagBag from /home/airflow/.local/lib/python3.7/site-packages/airflow/example_dags/example_branch_python_dop_operator_3.py
[2022-05-23 17:30:38,484] {processor.py:651} INFO - DAG(s) dict_keys(['example_branch_dop_operator_v3']) retrieved from /home/airflow/.local/lib/python3.7/site-packages/airflow/example_dags/example_branch_python_dop_operator_3.py
[2022-05-23 17:30:38,515] {logging_mixin.py:115} INFO - [2022-05-23 17:30:38,515] {dag.py:2371} INFO - Sync 1 DAGs
[2022-05-23 17:30:38,551] {logging_mixin.py:115} INFO - [2022-05-23 17:30:38,551] {dag.py:2919} INFO - Setting next_dagrun for example_branch_dop_operator_v3 to 2022-05-23T17:29:00+00:00, run_after=2022-05-23T17:30:00+00:00
[2022-05-23 17:30:39,741] {processor.py:161} INFO - Processing /home/airflow/.local/lib/python3.7/site-packages/airflow/example_dags/example_branch_python_dop_operator_3.py took 1.274 seconds
[2022-05-23 17:31:10,200] {processor.py:153} INFO - Started process (PID=384) to work on /home/airflow/.local/lib/python3.7/site-packages/airflow/example_dags/example_branch_python_dop_operator_3.py
[2022-05-23 17:31:10,549] {processor.py:641} INFO - Processing file /home/airflow/.local/lib/python3.7/site-packages/airflow/example_dags/example_branch_python_dop_operator_3.py for tasks to queue
[2022-05-23 17:31:10,572] {logging_mixin.py:115} INFO - [2022-05-23 17:31:10,572] {dagbag.py:507} INFO - Filling up the DagBag from /home/airflow/.local/lib/python3.7/site-packages/airflow/example_dags/example_branch_python_dop_operator_3.py
[2022-05-23 17:31:10,586] {processor.py:651} INFO - DAG(s) dict_keys(['example_branch_dop_operator_v3']) retrieved from /home/airflow/.local/lib/python3.7/site-packages/airflow/example_dags/example_branch_python_dop_operator_3.py
[2022-05-23 17:31:10,623] {logging_mixin.py:115} INFO - [2022-05-23 17:31:10,623] {dag.py:2371} INFO - Sync 1 DAGs
[2022-05-23 17:31:10,679] {logging_mixin.py:115} INFO - [2022-05-23 17:31:10,678] {dag.py:2919} INFO - Setting next_dagrun for example_branch_dop_operator_v3 to 2022-05-23T17:30:00+00:00, run_after=2022-05-23T17:31:00+00:00
[2022-05-23 17:31:10,843] {processor.py:161} INFO - Processing /home/airflow/.local/lib/python3.7/site-packages/airflow/example_dags/example_branch_python_dop_operator_3.py took 0.646 seconds
[2022-05-23 17:31:41,696] {processor.py:153} INFO - Started process (PID=437) to work on /home/airflow/.local/lib/python3.7/site-packages/airflow/example_dags/example_branch_python_dop_operator_3.py
[2022-05-23 17:31:41,697] {processor.py:641} INFO - Processing file /home/airflow/.local/lib/python3.7/site-packages/airflow/example_dags/example_branch_python_dop_operator_3.py for tasks to queue
[2022-05-23 17:31:41,699] {logging_mixin.py:115} INFO - [2022-05-23 17:31:41,699] {dagbag.py:507} INFO - Filling up the DagBag from /home/airflow/.local/lib/python3.7/site-packages/airflow/example_dags/example_branch_python_dop_operator_3.py
[2022-05-23 17:31:41,718] {processor.py:651} INFO - DAG(s) dict_keys(['example_branch_dop_operator_v3']) retrieved from /home/airflow/.local/lib/python3.7/site-packages/airflow/example_dags/example_branch_python_dop_operator_3.py
[2022-05-23 17:31:41,749] {logging_mixin.py:115} INFO - [2022-05-23 17:31:41,749] {dag.py:2371} INFO - Sync 1 DAGs
[2022-05-23 17:31:41,788] {logging_mixin.py:115} INFO - [2022-05-23 17:31:41,788] {dag.py:2919} INFO - Setting next_dagrun for example_branch_dop_operator_v3 to 2022-05-23T17:30:00+00:00, run_after=2022-05-23T17:31:00+00:00
[2022-05-23 17:31:41,966] {processor.py:161} INFO - Processing /home/airflow/.local/lib/python3.7/site-packages/airflow/example_dags/example_branch_python_dop_operator_3.py took 0.279 seconds
[2022-05-23 17:32:12,523] {processor.py:153} INFO - Started process (PID=491) to work on /home/airflow/.local/lib/python3.7/site-packages/airflow/example_dags/example_branch_python_dop_operator_3.py
[2022-05-23 17:32:12,523] {processor.py:641} INFO - Processing file /home/airflow/.local/lib/python3.7/site-packages/airflow/example_dags/example_branch_python_dop_operator_3.py for tasks to queue
[2022-05-23 17:32:12,524] {logging_mixin.py:115} INFO - [2022-05-23 17:32:12,524] {dagbag.py:507} INFO - Filling up the DagBag from /home/airflow/.local/lib/python3.7/site-packages/airflow/example_dags/example_branch_python_dop_operator_3.py
[2022-05-23 17:32:12,533] {processor.py:651} INFO - DAG(s) dict_keys(['example_branch_dop_operator_v3']) retrieved from /home/airflow/.local/lib/python3.7/site-packages/airflow/example_dags/example_branch_python_dop_operator_3.py
[2022-05-23 17:32:12,562] {logging_mixin.py:115} INFO - [2022-05-23 17:32:12,562] {dag.py:2371} INFO - Sync 1 DAGs
[2022-05-23 17:32:12,599] {logging_mixin.py:115} INFO - [2022-05-23 17:32:12,598] {dag.py:2919} INFO - Setting next_dagrun for example_branch_dop_operator_v3 to 2022-05-23T17:31:00+00:00, run_after=2022-05-23T17:32:00+00:00
[2022-05-23 17:32:13,544] {processor.py:161} INFO - Processing /home/airflow/.local/lib/python3.7/site-packages/airflow/example_dags/example_branch_python_dop_operator_3.py took 1.024 seconds
[2022-05-23 17:32:43,598] {processor.py:153} INFO - Started process (PID=554) to work on /home/airflow/.local/lib/python3.7/site-packages/airflow/example_dags/example_branch_python_dop_operator_3.py
[2022-05-23 17:32:43,599] {processor.py:641} INFO - Processing file /home/airflow/.local/lib/python3.7/site-packages/airflow/example_dags/example_branch_python_dop_operator_3.py for tasks to queue
[2022-05-23 17:32:43,599] {logging_mixin.py:115} INFO - [2022-05-23 17:32:43,599] {dagbag.py:507} INFO - Filling up the DagBag from /home/airflow/.local/lib/python3.7/site-packages/airflow/example_dags/example_branch_python_dop_operator_3.py
[2022-05-23 17:32:43,611] {processor.py:651} INFO - DAG(s) dict_keys(['example_branch_dop_operator_v3']) retrieved from /home/airflow/.local/lib/python3.7/site-packages/airflow/example_dags/example_branch_python_dop_operator_3.py
[2022-05-23 17:32:43,640] {logging_mixin.py:115} INFO - [2022-05-23 17:32:43,640] {dag.py:2371} INFO - Sync 1 DAGs
[2022-05-23 17:32:43,678] {logging_mixin.py:115} INFO - [2022-05-23 17:32:43,677] {dag.py:2919} INFO - Setting next_dagrun for example_branch_dop_operator_v3 to 2022-05-23T17:31:00+00:00, run_after=2022-05-23T17:32:00+00:00
[2022-05-23 17:32:43,850] {processor.py:161} INFO - Processing /home/airflow/.local/lib/python3.7/site-packages/airflow/example_dags/example_branch_python_dop_operator_3.py took 0.256 seconds
[2022-05-23 17:33:13,973] {processor.py:153} INFO - Started process (PID=608) to work on /home/airflow/.local/lib/python3.7/site-packages/airflow/example_dags/example_branch_python_dop_operator_3.py
[2022-05-23 17:33:14,091] {processor.py:641} INFO - Processing file /home/airflow/.local/lib/python3.7/site-packages/airflow/example_dags/example_branch_python_dop_operator_3.py for tasks to queue
[2022-05-23 17:33:14,092] {logging_mixin.py:115} INFO - [2022-05-23 17:33:14,092] {dagbag.py:507} INFO - Filling up the DagBag from /home/airflow/.local/lib/python3.7/site-packages/airflow/example_dags/example_branch_python_dop_operator_3.py
[2022-05-23 17:33:14,103] {processor.py:651} INFO - DAG(s) dict_keys(['example_branch_dop_operator_v3']) retrieved from /home/airflow/.local/lib/python3.7/site-packages/airflow/example_dags/example_branch_python_dop_operator_3.py
[2022-05-23 17:33:14,132] {logging_mixin.py:115} INFO - [2022-05-23 17:33:14,131] {dag.py:2371} INFO - Sync 1 DAGs
[2022-05-23 17:33:14,184] {logging_mixin.py:115} INFO - [2022-05-23 17:33:14,184] {dag.py:2919} INFO - Setting next_dagrun for example_branch_dop_operator_v3 to 2022-05-23T17:32:00+00:00, run_after=2022-05-23T17:33:00+00:00
[2022-05-23 17:33:14,702] {processor.py:161} INFO - Processing /home/airflow/.local/lib/python3.7/site-packages/airflow/example_dags/example_branch_python_dop_operator_3.py took 0.732 seconds
[2022-05-23 17:33:44,935] {processor.py:153} INFO - Started process (PID=673) to work on /home/airflow/.local/lib/python3.7/site-packages/airflow/example_dags/example_branch_python_dop_operator_3.py
[2022-05-23 17:33:44,936] {processor.py:641} INFO - Processing file /home/airflow/.local/lib/python3.7/site-packages/airflow/example_dags/example_branch_python_dop_operator_3.py for tasks to queue
[2022-05-23 17:33:44,936] {logging_mixin.py:115} INFO - [2022-05-23 17:33:44,936] {dagbag.py:507} INFO - Filling up the DagBag from /home/airflow/.local/lib/python3.7/site-packages/airflow/example_dags/example_branch_python_dop_operator_3.py
[2022-05-23 17:33:44,951] {processor.py:651} INFO - DAG(s) dict_keys(['example_branch_dop_operator_v3']) retrieved from /home/airflow/.local/lib/python3.7/site-packages/airflow/example_dags/example_branch_python_dop_operator_3.py
[2022-05-23 17:33:44,984] {logging_mixin.py:115} INFO - [2022-05-23 17:33:44,984] {dag.py:2371} INFO - Sync 1 DAGs
[2022-05-23 17:33:45,179] {logging_mixin.py:115} INFO - [2022-05-23 17:33:45,179] {dag.py:2919} INFO - Setting next_dagrun for example_branch_dop_operator_v3 to 2022-05-23T17:32:00+00:00, run_after=2022-05-23T17:33:00+00:00
[2022-05-23 17:33:45,220] {processor.py:161} INFO - Processing /home/airflow/.local/lib/python3.7/site-packages/airflow/example_dags/example_branch_python_dop_operator_3.py took 0.290 seconds
[2022-05-23 17:34:18,489] {processor.py:153} INFO - Started process (PID=729) to work on /home/airflow/.local/lib/python3.7/site-packages/airflow/example_dags/example_branch_python_dop_operator_3.py
[2022-05-23 17:34:18,496] {processor.py:641} INFO - Processing file /home/airflow/.local/lib/python3.7/site-packages/airflow/example_dags/example_branch_python_dop_operator_3.py for tasks to queue
[2022-05-23 17:34:18,496] {logging_mixin.py:115} INFO - [2022-05-23 17:34:18,496] {dagbag.py:507} INFO - Filling up the DagBag from /home/airflow/.local/lib/python3.7/site-packages/airflow/example_dags/example_branch_python_dop_operator_3.py
[2022-05-23 17:34:18,509] {processor.py:651} INFO - DAG(s) dict_keys(['example_branch_dop_operator_v3']) retrieved from /home/airflow/.local/lib/python3.7/site-packages/airflow/example_dags/example_branch_python_dop_operator_3.py
[2022-05-23 17:34:18,537] {logging_mixin.py:115} INFO - [2022-05-23 17:34:18,537] {dag.py:2371} INFO - Sync 1 DAGs
[2022-05-23 17:34:18,690] {logging_mixin.py:115} INFO - [2022-05-23 17:34:18,690] {dag.py:2919} INFO - Setting next_dagrun for example_branch_dop_operator_v3 to 2022-05-23T17:33:00+00:00, run_after=2022-05-23T17:34:00+00:00
[2022-05-23 17:34:18,721] {processor.py:161} INFO - Processing /home/airflow/.local/lib/python3.7/site-packages/airflow/example_dags/example_branch_python_dop_operator_3.py took 0.236 seconds
[2022-05-23 17:34:49,720] {processor.py:153} INFO - Started process (PID=794) to work on /home/airflow/.local/lib/python3.7/site-packages/airflow/example_dags/example_branch_python_dop_operator_3.py
[2022-05-23 17:34:49,729] {processor.py:641} INFO - Processing file /home/airflow/.local/lib/python3.7/site-packages/airflow/example_dags/example_branch_python_dop_operator_3.py for tasks to queue
[2022-05-23 17:34:49,730] {logging_mixin.py:115} INFO - [2022-05-23 17:34:49,730] {dagbag.py:507} INFO - Filling up the DagBag from /home/airflow/.local/lib/python3.7/site-packages/airflow/example_dags/example_branch_python_dop_operator_3.py
[2022-05-23 17:34:49,742] {processor.py:651} INFO - DAG(s) dict_keys(['example_branch_dop_operator_v3']) retrieved from /home/airflow/.local/lib/python3.7/site-packages/airflow/example_dags/example_branch_python_dop_operator_3.py
[2022-05-23 17:34:49,773] {logging_mixin.py:115} INFO - [2022-05-23 17:34:49,772] {dag.py:2371} INFO - Sync 1 DAGs
[2022-05-23 17:34:49,938] {logging_mixin.py:115} INFO - [2022-05-23 17:34:49,938] {dag.py:2919} INFO - Setting next_dagrun for example_branch_dop_operator_v3 to 2022-05-23T17:33:00+00:00, run_after=2022-05-23T17:34:00+00:00
[2022-05-23 17:34:50,506] {processor.py:161} INFO - Processing /home/airflow/.local/lib/python3.7/site-packages/airflow/example_dags/example_branch_python_dop_operator_3.py took 0.790 seconds
[2022-05-23 17:35:20,636] {processor.py:153} INFO - Started process (PID=849) to work on /home/airflow/.local/lib/python3.7/site-packages/airflow/example_dags/example_branch_python_dop_operator_3.py
[2022-05-23 17:35:20,636] {processor.py:641} INFO - Processing file /home/airflow/.local/lib/python3.7/site-packages/airflow/example_dags/example_branch_python_dop_operator_3.py for tasks to queue
[2022-05-23 17:35:20,637] {logging_mixin.py:115} INFO - [2022-05-23 17:35:20,637] {dagbag.py:507} INFO - Filling up the DagBag from /home/airflow/.local/lib/python3.7/site-packages/airflow/example_dags/example_branch_python_dop_operator_3.py
[2022-05-23 17:35:20,649] {processor.py:651} INFO - DAG(s) dict_keys(['example_branch_dop_operator_v3']) retrieved from /home/airflow/.local/lib/python3.7/site-packages/airflow/example_dags/example_branch_python_dop_operator_3.py
[2022-05-23 17:35:20,683] {logging_mixin.py:115} INFO - [2022-05-23 17:35:20,683] {dag.py:2371} INFO - Sync 1 DAGs
[2022-05-23 17:35:20,838] {logging_mixin.py:115} INFO - [2022-05-23 17:35:20,838] {dag.py:2919} INFO - Setting next_dagrun for example_branch_dop_operator_v3 to 2022-05-23T17:34:00+00:00, run_after=2022-05-23T17:35:00+00:00
[2022-05-23 17:35:20,870] {processor.py:161} INFO - Processing /home/airflow/.local/lib/python3.7/site-packages/airflow/example_dags/example_branch_python_dop_operator_3.py took 0.238 seconds
[2022-05-23 17:35:51,552] {processor.py:153} INFO - Started process (PID=912) to work on /home/airflow/.local/lib/python3.7/site-packages/airflow/example_dags/example_branch_python_dop_operator_3.py
[2022-05-23 17:35:51,568] {processor.py:641} INFO - Processing file /home/airflow/.local/lib/python3.7/site-packages/airflow/example_dags/example_branch_python_dop_operator_3.py for tasks to queue
[2022-05-23 17:35:51,568] {logging_mixin.py:115} INFO - [2022-05-23 17:35:51,568] {dagbag.py:507} INFO - Filling up the DagBag from /home/airflow/.local/lib/python3.7/site-packages/airflow/example_dags/example_branch_python_dop_operator_3.py
[2022-05-23 17:35:51,580] {processor.py:651} INFO - DAG(s) dict_keys(['example_branch_dop_operator_v3']) retrieved from /home/airflow/.local/lib/python3.7/site-packages/airflow/example_dags/example_branch_python_dop_operator_3.py
[2022-05-23 17:35:51,610] {logging_mixin.py:115} INFO - [2022-05-23 17:35:51,610] {dag.py:2371} INFO - Sync 1 DAGs
[2022-05-23 17:35:51,776] {logging_mixin.py:115} INFO - [2022-05-23 17:35:51,776] {dag.py:2919} INFO - Setting next_dagrun for example_branch_dop_operator_v3 to 2022-05-23T17:34:00+00:00, run_after=2022-05-23T17:35:00+00:00
[2022-05-23 17:35:51,806] {processor.py:161} INFO - Processing /home/airflow/.local/lib/python3.7/site-packages/airflow/example_dags/example_branch_python_dop_operator_3.py took 0.257 seconds
[2022-05-23 17:36:22,965] {processor.py:153} INFO - Started process (PID=968) to work on /home/airflow/.local/lib/python3.7/site-packages/airflow/example_dags/example_branch_python_dop_operator_3.py
[2022-05-23 17:36:22,966] {processor.py:641} INFO - Processing file /home/airflow/.local/lib/python3.7/site-packages/airflow/example_dags/example_branch_python_dop_operator_3.py for tasks to queue
[2022-05-23 17:36:22,966] {logging_mixin.py:115} INFO - [2022-05-23 17:36:22,966] {dagbag.py:507} INFO - Filling up the DagBag from /home/airflow/.local/lib/python3.7/site-packages/airflow/example_dags/example_branch_python_dop_operator_3.py
[2022-05-23 17:36:22,978] {processor.py:651} INFO - DAG(s) dict_keys(['example_branch_dop_operator_v3']) retrieved from /home/airflow/.local/lib/python3.7/site-packages/airflow/example_dags/example_branch_python_dop_operator_3.py
[2022-05-23 17:36:23,011] {logging_mixin.py:115} INFO - [2022-05-23 17:36:23,011] {dag.py:2371} INFO - Sync 1 DAGs
[2022-05-23 17:36:23,204] {logging_mixin.py:115} INFO - [2022-05-23 17:36:23,204] {dag.py:2919} INFO - Setting next_dagrun for example_branch_dop_operator_v3 to 2022-05-23T17:35:00+00:00, run_after=2022-05-23T17:36:00+00:00
[2022-05-23 17:36:23,237] {processor.py:161} INFO - Processing /home/airflow/.local/lib/python3.7/site-packages/airflow/example_dags/example_branch_python_dop_operator_3.py took 0.276 seconds
[2022-05-23 17:36:53,740] {processor.py:153} INFO - Started process (PID=1031) to work on /home/airflow/.local/lib/python3.7/site-packages/airflow/example_dags/example_branch_python_dop_operator_3.py
[2022-05-23 17:36:53,740] {processor.py:641} INFO - Processing file /home/airflow/.local/lib/python3.7/site-packages/airflow/example_dags/example_branch_python_dop_operator_3.py for tasks to queue
[2022-05-23 17:36:53,741] {logging_mixin.py:115} INFO - [2022-05-23 17:36:53,741] {dagbag.py:507} INFO - Filling up the DagBag from /home/airflow/.local/lib/python3.7/site-packages/airflow/example_dags/example_branch_python_dop_operator_3.py
[2022-05-23 17:36:53,752] {processor.py:651} INFO - DAG(s) dict_keys(['example_branch_dop_operator_v3']) retrieved from /home/airflow/.local/lib/python3.7/site-packages/airflow/example_dags/example_branch_python_dop_operator_3.py
[2022-05-23 17:36:53,780] {logging_mixin.py:115} INFO - [2022-05-23 17:36:53,779] {dag.py:2371} INFO - Sync 1 DAGs
[2022-05-23 17:36:53,930] {logging_mixin.py:115} INFO - [2022-05-23 17:36:53,930] {dag.py:2919} INFO - Setting next_dagrun for example_branch_dop_operator_v3 to 2022-05-23T17:35:00+00:00, run_after=2022-05-23T17:36:00+00:00
[2022-05-23 17:36:53,973] {processor.py:161} INFO - Processing /home/airflow/.local/lib/python3.7/site-packages/airflow/example_dags/example_branch_python_dop_operator_3.py took 0.237 seconds
[2022-05-23 17:49:34,893] {processor.py:153} INFO - Started process (PID=87) to work on /home/airflow/.local/lib/python3.7/site-packages/airflow/example_dags/example_branch_python_dop_operator_3.py
[2022-05-23 17:49:34,894] {processor.py:641} INFO - Processing file /home/airflow/.local/lib/python3.7/site-packages/airflow/example_dags/example_branch_python_dop_operator_3.py for tasks to queue
[2022-05-23 17:49:34,895] {logging_mixin.py:115} INFO - [2022-05-23 17:49:34,895] {dagbag.py:507} INFO - Filling up the DagBag from /home/airflow/.local/lib/python3.7/site-packages/airflow/example_dags/example_branch_python_dop_operator_3.py
[2022-05-23 17:49:34,917] {processor.py:651} INFO - DAG(s) dict_keys(['example_branch_dop_operator_v3']) retrieved from /home/airflow/.local/lib/python3.7/site-packages/airflow/example_dags/example_branch_python_dop_operator_3.py
[2022-05-23 17:49:34,972] {logging_mixin.py:115} INFO - [2022-05-23 17:49:34,971] {dag.py:2371} INFO - Sync 1 DAGs
[2022-05-23 17:49:35,201] {logging_mixin.py:115} INFO - [2022-05-23 17:49:35,201] {dag.py:2919} INFO - Setting next_dagrun for example_branch_dop_operator_v3 to 2022-05-23T17:48:00+00:00, run_after=2022-05-23T17:49:00+00:00
[2022-05-23 17:49:35,239] {processor.py:161} INFO - Processing /home/airflow/.local/lib/python3.7/site-packages/airflow/example_dags/example_branch_python_dop_operator_3.py took 0.351 seconds
[2022-05-23 17:50:05,758] {processor.py:153} INFO - Started process (PID=141) to work on /home/airflow/.local/lib/python3.7/site-packages/airflow/example_dags/example_branch_python_dop_operator_3.py
[2022-05-23 17:50:05,770] {processor.py:641} INFO - Processing file /home/airflow/.local/lib/python3.7/site-packages/airflow/example_dags/example_branch_python_dop_operator_3.py for tasks to queue
[2022-05-23 17:50:05,770] {logging_mixin.py:115} INFO - [2022-05-23 17:50:05,770] {dagbag.py:507} INFO - Filling up the DagBag from /home/airflow/.local/lib/python3.7/site-packages/airflow/example_dags/example_branch_python_dop_operator_3.py
[2022-05-23 17:50:05,782] {processor.py:651} INFO - DAG(s) dict_keys(['example_branch_dop_operator_v3']) retrieved from /home/airflow/.local/lib/python3.7/site-packages/airflow/example_dags/example_branch_python_dop_operator_3.py
[2022-05-23 17:50:05,815] {logging_mixin.py:115} INFO - [2022-05-23 17:50:05,815] {dag.py:2371} INFO - Sync 1 DAGs
[2022-05-23 17:50:05,971] {logging_mixin.py:115} INFO - [2022-05-23 17:50:05,971] {dag.py:2919} INFO - Setting next_dagrun for example_branch_dop_operator_v3 to 2022-05-23T17:49:00+00:00, run_after=2022-05-23T17:50:00+00:00
[2022-05-23 17:50:06,004] {processor.py:161} INFO - Processing /home/airflow/.local/lib/python3.7/site-packages/airflow/example_dags/example_branch_python_dop_operator_3.py took 0.250 seconds
[2022-05-23 17:50:38,413] {processor.py:153} INFO - Started process (PID=204) to work on /home/airflow/.local/lib/python3.7/site-packages/airflow/example_dags/example_branch_python_dop_operator_3.py
[2022-05-23 17:50:38,413] {processor.py:641} INFO - Processing file /home/airflow/.local/lib/python3.7/site-packages/airflow/example_dags/example_branch_python_dop_operator_3.py for tasks to queue
[2022-05-23 17:50:38,414] {logging_mixin.py:115} INFO - [2022-05-23 17:50:38,414] {dagbag.py:507} INFO - Filling up the DagBag from /home/airflow/.local/lib/python3.7/site-packages/airflow/example_dags/example_branch_python_dop_operator_3.py
[2022-05-23 17:50:38,432] {processor.py:651} INFO - DAG(s) dict_keys(['example_branch_dop_operator_v3']) retrieved from /home/airflow/.local/lib/python3.7/site-packages/airflow/example_dags/example_branch_python_dop_operator_3.py
[2022-05-23 17:50:38,469] {logging_mixin.py:115} INFO - [2022-05-23 17:50:38,469] {dag.py:2371} INFO - Sync 1 DAGs
[2022-05-23 17:50:38,630] {logging_mixin.py:115} INFO - [2022-05-23 17:50:38,630] {dag.py:2919} INFO - Setting next_dagrun for example_branch_dop_operator_v3 to 2022-05-23T17:49:00+00:00, run_after=2022-05-23T17:50:00+00:00
[2022-05-23 17:50:38,672] {processor.py:161} INFO - Processing /home/airflow/.local/lib/python3.7/site-packages/airflow/example_dags/example_branch_python_dop_operator_3.py took 0.265 seconds
[2022-05-23 17:51:09,206] {processor.py:153} INFO - Started process (PID=258) to work on /home/airflow/.local/lib/python3.7/site-packages/airflow/example_dags/example_branch_python_dop_operator_3.py
[2022-05-23 17:51:09,221] {processor.py:641} INFO - Processing file /home/airflow/.local/lib/python3.7/site-packages/airflow/example_dags/example_branch_python_dop_operator_3.py for tasks to queue
[2022-05-23 17:51:09,222] {logging_mixin.py:115} INFO - [2022-05-23 17:51:09,222] {dagbag.py:507} INFO - Filling up the DagBag from /home/airflow/.local/lib/python3.7/site-packages/airflow/example_dags/example_branch_python_dop_operator_3.py
[2022-05-23 17:51:09,233] {processor.py:651} INFO - DAG(s) dict_keys(['example_branch_dop_operator_v3']) retrieved from /home/airflow/.local/lib/python3.7/site-packages/airflow/example_dags/example_branch_python_dop_operator_3.py
[2022-05-23 17:51:09,265] {logging_mixin.py:115} INFO - [2022-05-23 17:51:09,264] {dag.py:2371} INFO - Sync 1 DAGs
[2022-05-23 17:51:09,424] {logging_mixin.py:115} INFO - [2022-05-23 17:51:09,424] {dag.py:2919} INFO - Setting next_dagrun for example_branch_dop_operator_v3 to 2022-05-23T17:50:00+00:00, run_after=2022-05-23T17:51:00+00:00
[2022-05-23 17:51:10,095] {processor.py:161} INFO - Processing /home/airflow/.local/lib/python3.7/site-packages/airflow/example_dags/example_branch_python_dop_operator_3.py took 0.893 seconds
[2022-05-23 17:51:40,732] {processor.py:153} INFO - Started process (PID=321) to work on /home/airflow/.local/lib/python3.7/site-packages/airflow/example_dags/example_branch_python_dop_operator_3.py
[2022-05-23 17:51:40,749] {processor.py:641} INFO - Processing file /home/airflow/.local/lib/python3.7/site-packages/airflow/example_dags/example_branch_python_dop_operator_3.py for tasks to queue
[2022-05-23 17:51:40,749] {logging_mixin.py:115} INFO - [2022-05-23 17:51:40,749] {dagbag.py:507} INFO - Filling up the DagBag from /home/airflow/.local/lib/python3.7/site-packages/airflow/example_dags/example_branch_python_dop_operator_3.py
[2022-05-23 17:51:40,761] {processor.py:651} INFO - DAG(s) dict_keys(['example_branch_dop_operator_v3']) retrieved from /home/airflow/.local/lib/python3.7/site-packages/airflow/example_dags/example_branch_python_dop_operator_3.py
[2022-05-23 17:51:40,793] {logging_mixin.py:115} INFO - [2022-05-23 17:51:40,792] {dag.py:2371} INFO - Sync 1 DAGs
[2022-05-23 17:51:40,956] {logging_mixin.py:115} INFO - [2022-05-23 17:51:40,956] {dag.py:2919} INFO - Setting next_dagrun for example_branch_dop_operator_v3 to 2022-05-23T17:50:00+00:00, run_after=2022-05-23T17:51:00+00:00
[2022-05-23 17:51:40,986] {processor.py:161} INFO - Processing /home/airflow/.local/lib/python3.7/site-packages/airflow/example_dags/example_branch_python_dop_operator_3.py took 0.258 seconds
[2022-05-23 17:52:11,532] {processor.py:153} INFO - Started process (PID=374) to work on /home/airflow/.local/lib/python3.7/site-packages/airflow/example_dags/example_branch_python_dop_operator_3.py
[2022-05-23 17:52:11,663] {processor.py:641} INFO - Processing file /home/airflow/.local/lib/python3.7/site-packages/airflow/example_dags/example_branch_python_dop_operator_3.py for tasks to queue
[2022-05-23 17:52:11,664] {logging_mixin.py:115} INFO - [2022-05-23 17:52:11,664] {dagbag.py:507} INFO - Filling up the DagBag from /home/airflow/.local/lib/python3.7/site-packages/airflow/example_dags/example_branch_python_dop_operator_3.py
[2022-05-23 17:52:11,695] {processor.py:651} INFO - DAG(s) dict_keys(['example_branch_dop_operator_v3']) retrieved from /home/airflow/.local/lib/python3.7/site-packages/airflow/example_dags/example_branch_python_dop_operator_3.py
[2022-05-23 17:52:11,731] {logging_mixin.py:115} INFO - [2022-05-23 17:52:11,731] {dag.py:2371} INFO - Sync 1 DAGs
[2022-05-23 17:52:11,893] {logging_mixin.py:115} INFO - [2022-05-23 17:52:11,893] {dag.py:2919} INFO - Setting next_dagrun for example_branch_dop_operator_v3 to 2022-05-23T17:51:00+00:00, run_after=2022-05-23T17:52:00+00:00
[2022-05-23 17:52:12,090] {processor.py:161} INFO - Processing /home/airflow/.local/lib/python3.7/site-packages/airflow/example_dags/example_branch_python_dop_operator_3.py took 0.562 seconds
[2022-05-23 17:52:42,675] {processor.py:153} INFO - Started process (PID=428) to work on /home/airflow/.local/lib/python3.7/site-packages/airflow/example_dags/example_branch_python_dop_operator_3.py
[2022-05-23 17:52:42,681] {processor.py:641} INFO - Processing file /home/airflow/.local/lib/python3.7/site-packages/airflow/example_dags/example_branch_python_dop_operator_3.py for tasks to queue
[2022-05-23 17:52:42,681] {logging_mixin.py:115} INFO - [2022-05-23 17:52:42,681] {dagbag.py:507} INFO - Filling up the DagBag from /home/airflow/.local/lib/python3.7/site-packages/airflow/example_dags/example_branch_python_dop_operator_3.py
[2022-05-23 17:52:42,693] {processor.py:651} INFO - DAG(s) dict_keys(['example_branch_dop_operator_v3']) retrieved from /home/airflow/.local/lib/python3.7/site-packages/airflow/example_dags/example_branch_python_dop_operator_3.py
[2022-05-23 17:52:42,726] {logging_mixin.py:115} INFO - [2022-05-23 17:52:42,726] {dag.py:2371} INFO - Sync 1 DAGs
[2022-05-23 17:52:42,894] {logging_mixin.py:115} INFO - [2022-05-23 17:52:42,894] {dag.py:2919} INFO - Setting next_dagrun for example_branch_dop_operator_v3 to 2022-05-23T17:51:00+00:00, run_after=2022-05-23T17:52:00+00:00
[2022-05-23 17:52:42,970] {processor.py:161} INFO - Processing /home/airflow/.local/lib/python3.7/site-packages/airflow/example_dags/example_branch_python_dop_operator_3.py took 0.298 seconds
[2022-05-23 17:53:13,362] {processor.py:153} INFO - Started process (PID=490) to work on /home/airflow/.local/lib/python3.7/site-packages/airflow/example_dags/example_branch_python_dop_operator_3.py
[2022-05-23 17:53:13,362] {processor.py:641} INFO - Processing file /home/airflow/.local/lib/python3.7/site-packages/airflow/example_dags/example_branch_python_dop_operator_3.py for tasks to queue
[2022-05-23 17:53:13,363] {logging_mixin.py:115} INFO - [2022-05-23 17:53:13,363] {dagbag.py:507} INFO - Filling up the DagBag from /home/airflow/.local/lib/python3.7/site-packages/airflow/example_dags/example_branch_python_dop_operator_3.py
[2022-05-23 17:53:13,374] {processor.py:651} INFO - DAG(s) dict_keys(['example_branch_dop_operator_v3']) retrieved from /home/airflow/.local/lib/python3.7/site-packages/airflow/example_dags/example_branch_python_dop_operator_3.py
[2022-05-23 17:53:13,408] {logging_mixin.py:115} INFO - [2022-05-23 17:53:13,407] {dag.py:2371} INFO - Sync 1 DAGs
[2022-05-23 17:53:13,573] {logging_mixin.py:115} INFO - [2022-05-23 17:53:13,573] {dag.py:2919} INFO - Setting next_dagrun for example_branch_dop_operator_v3 to 2022-05-23T17:52:00+00:00, run_after=2022-05-23T17:53:00+00:00
[2022-05-23 17:53:13,613] {processor.py:161} INFO - Processing /home/airflow/.local/lib/python3.7/site-packages/airflow/example_dags/example_branch_python_dop_operator_3.py took 0.255 seconds
[2022-05-23 17:53:43,969] {processor.py:153} INFO - Started process (PID=543) to work on /home/airflow/.local/lib/python3.7/site-packages/airflow/example_dags/example_branch_python_dop_operator_3.py
[2022-05-23 17:53:43,980] {processor.py:641} INFO - Processing file /home/airflow/.local/lib/python3.7/site-packages/airflow/example_dags/example_branch_python_dop_operator_3.py for tasks to queue
[2022-05-23 17:53:43,981] {logging_mixin.py:115} INFO - [2022-05-23 17:53:43,981] {dagbag.py:507} INFO - Filling up the DagBag from /home/airflow/.local/lib/python3.7/site-packages/airflow/example_dags/example_branch_python_dop_operator_3.py
[2022-05-23 17:53:43,991] {processor.py:651} INFO - DAG(s) dict_keys(['example_branch_dop_operator_v3']) retrieved from /home/airflow/.local/lib/python3.7/site-packages/airflow/example_dags/example_branch_python_dop_operator_3.py
[2022-05-23 17:53:44,022] {logging_mixin.py:115} INFO - [2022-05-23 17:53:44,022] {dag.py:2371} INFO - Sync 1 DAGs
[2022-05-23 17:53:44,227] {logging_mixin.py:115} INFO - [2022-05-23 17:53:44,226] {dag.py:2919} INFO - Setting next_dagrun for example_branch_dop_operator_v3 to 2022-05-23T17:52:00+00:00, run_after=2022-05-23T17:53:00+00:00
[2022-05-23 17:53:44,270] {processor.py:161} INFO - Processing /home/airflow/.local/lib/python3.7/site-packages/airflow/example_dags/example_branch_python_dop_operator_3.py took 0.304 seconds
[2022-05-23 18:03:52,317] {processor.py:153} INFO - Started process (PID=87) to work on /home/airflow/.local/lib/python3.7/site-packages/airflow/example_dags/example_branch_python_dop_operator_3.py
[2022-05-23 18:03:52,319] {processor.py:641} INFO - Processing file /home/airflow/.local/lib/python3.7/site-packages/airflow/example_dags/example_branch_python_dop_operator_3.py for tasks to queue
[2022-05-23 18:03:52,320] {logging_mixin.py:115} INFO - [2022-05-23 18:03:52,320] {dagbag.py:507} INFO - Filling up the DagBag from /home/airflow/.local/lib/python3.7/site-packages/airflow/example_dags/example_branch_python_dop_operator_3.py
[2022-05-23 18:03:52,403] {processor.py:651} INFO - DAG(s) dict_keys(['example_branch_dop_operator_v3']) retrieved from /home/airflow/.local/lib/python3.7/site-packages/airflow/example_dags/example_branch_python_dop_operator_3.py
[2022-05-23 18:03:52,479] {logging_mixin.py:115} INFO - [2022-05-23 18:03:52,479] {dag.py:2371} INFO - Sync 1 DAGs
[2022-05-23 18:03:52,740] {logging_mixin.py:115} INFO - [2022-05-23 18:03:52,740] {dag.py:2919} INFO - Setting next_dagrun for example_branch_dop_operator_v3 to 2022-05-23T18:02:00+00:00, run_after=2022-05-23T18:03:00+00:00
[2022-05-23 18:03:53,693] {processor.py:161} INFO - Processing /home/airflow/.local/lib/python3.7/site-packages/airflow/example_dags/example_branch_python_dop_operator_3.py took 1.380 seconds
[2022-05-23 18:04:26,460] {processor.py:153} INFO - Started process (PID=152) to work on /home/airflow/.local/lib/python3.7/site-packages/airflow/example_dags/example_branch_python_dop_operator_3.py
[2022-05-23 18:04:26,570] {processor.py:641} INFO - Processing file /home/airflow/.local/lib/python3.7/site-packages/airflow/example_dags/example_branch_python_dop_operator_3.py for tasks to queue
[2022-05-23 18:04:26,571] {logging_mixin.py:115} INFO - [2022-05-23 18:04:26,571] {dagbag.py:507} INFO - Filling up the DagBag from /home/airflow/.local/lib/python3.7/site-packages/airflow/example_dags/example_branch_python_dop_operator_3.py
[2022-05-23 18:04:26,582] {processor.py:651} INFO - DAG(s) dict_keys(['example_branch_dop_operator_v3']) retrieved from /home/airflow/.local/lib/python3.7/site-packages/airflow/example_dags/example_branch_python_dop_operator_3.py
[2022-05-23 18:04:26,615] {logging_mixin.py:115} INFO - [2022-05-23 18:04:26,615] {dag.py:2371} INFO - Sync 1 DAGs
[2022-05-23 18:04:26,768] {logging_mixin.py:115} INFO - [2022-05-23 18:04:26,767] {dag.py:2919} INFO - Setting next_dagrun for example_branch_dop_operator_v3 to 2022-05-23T18:03:00+00:00, run_after=2022-05-23T18:04:00+00:00
[2022-05-23 18:04:26,983] {processor.py:161} INFO - Processing /home/airflow/.local/lib/python3.7/site-packages/airflow/example_dags/example_branch_python_dop_operator_3.py took 0.526 seconds
[2022-05-23 18:04:57,308] {processor.py:153} INFO - Started process (PID=205) to work on /home/airflow/.local/lib/python3.7/site-packages/airflow/example_dags/example_branch_python_dop_operator_3.py
[2022-05-23 18:04:57,320] {processor.py:641} INFO - Processing file /home/airflow/.local/lib/python3.7/site-packages/airflow/example_dags/example_branch_python_dop_operator_3.py for tasks to queue
[2022-05-23 18:04:57,321] {logging_mixin.py:115} INFO - [2022-05-23 18:04:57,321] {dagbag.py:507} INFO - Filling up the DagBag from /home/airflow/.local/lib/python3.7/site-packages/airflow/example_dags/example_branch_python_dop_operator_3.py
[2022-05-23 18:04:57,334] {processor.py:651} INFO - DAG(s) dict_keys(['example_branch_dop_operator_v3']) retrieved from /home/airflow/.local/lib/python3.7/site-packages/airflow/example_dags/example_branch_python_dop_operator_3.py
[2022-05-23 18:04:57,369] {logging_mixin.py:115} INFO - [2022-05-23 18:04:57,369] {dag.py:2371} INFO - Sync 1 DAGs
[2022-05-23 18:04:57,541] {logging_mixin.py:115} INFO - [2022-05-23 18:04:57,541] {dag.py:2919} INFO - Setting next_dagrun for example_branch_dop_operator_v3 to 2022-05-23T18:03:00+00:00, run_after=2022-05-23T18:04:00+00:00
[2022-05-23 18:04:57,573] {processor.py:161} INFO - Processing /home/airflow/.local/lib/python3.7/site-packages/airflow/example_dags/example_branch_python_dop_operator_3.py took 0.269 seconds
[2022-05-23 18:05:28,953] {processor.py:153} INFO - Started process (PID=259) to work on /home/airflow/.local/lib/python3.7/site-packages/airflow/example_dags/example_branch_python_dop_operator_3.py
[2022-05-23 18:05:28,954] {processor.py:641} INFO - Processing file /home/airflow/.local/lib/python3.7/site-packages/airflow/example_dags/example_branch_python_dop_operator_3.py for tasks to queue
[2022-05-23 18:05:28,954] {logging_mixin.py:115} INFO - [2022-05-23 18:05:28,954] {dagbag.py:507} INFO - Filling up the DagBag from /home/airflow/.local/lib/python3.7/site-packages/airflow/example_dags/example_branch_python_dop_operator_3.py
[2022-05-23 18:05:28,967] {processor.py:651} INFO - DAG(s) dict_keys(['example_branch_dop_operator_v3']) retrieved from /home/airflow/.local/lib/python3.7/site-packages/airflow/example_dags/example_branch_python_dop_operator_3.py
[2022-05-23 18:05:29,007] {logging_mixin.py:115} INFO - [2022-05-23 18:05:29,007] {dag.py:2371} INFO - Sync 1 DAGs
[2022-05-23 18:05:29,187] {logging_mixin.py:115} INFO - [2022-05-23 18:05:29,187] {dag.py:2919} INFO - Setting next_dagrun for example_branch_dop_operator_v3 to 2022-05-23T18:04:00+00:00, run_after=2022-05-23T18:05:00+00:00
[2022-05-23 18:05:29,231] {processor.py:161} INFO - Processing /home/airflow/.local/lib/python3.7/site-packages/airflow/example_dags/example_branch_python_dop_operator_3.py took 0.282 seconds
[2022-05-23 18:06:00,392] {processor.py:153} INFO - Started process (PID=314) to work on /home/airflow/.local/lib/python3.7/site-packages/airflow/example_dags/example_branch_python_dop_operator_3.py
[2022-05-23 18:06:00,398] {processor.py:641} INFO - Processing file /home/airflow/.local/lib/python3.7/site-packages/airflow/example_dags/example_branch_python_dop_operator_3.py for tasks to queue
[2022-05-23 18:06:00,416] {logging_mixin.py:115} INFO - [2022-05-23 18:06:00,415] {dagbag.py:507} INFO - Filling up the DagBag from /home/airflow/.local/lib/python3.7/site-packages/airflow/example_dags/example_branch_python_dop_operator_3.py
[2022-05-23 18:06:00,431] {processor.py:651} INFO - DAG(s) dict_keys(['example_branch_dop_operator_v3']) retrieved from /home/airflow/.local/lib/python3.7/site-packages/airflow/example_dags/example_branch_python_dop_operator_3.py
[2022-05-23 18:06:00,471] {logging_mixin.py:115} INFO - [2022-05-23 18:06:00,471] {dag.py:2371} INFO - Sync 1 DAGs
[2022-05-23 18:06:00,663] {logging_mixin.py:115} INFO - [2022-05-23 18:06:00,663] {dag.py:2919} INFO - Setting next_dagrun for example_branch_dop_operator_v3 to 2022-05-23T18:05:00+00:00, run_after=2022-05-23T18:06:00+00:00
[2022-05-23 18:06:00,799] {processor.py:161} INFO - Processing /home/airflow/.local/lib/python3.7/site-packages/airflow/example_dags/example_branch_python_dop_operator_3.py took 0.410 seconds
[2022-05-23 18:06:31,307] {processor.py:153} INFO - Started process (PID=378) to work on /home/airflow/.local/lib/python3.7/site-packages/airflow/example_dags/example_branch_python_dop_operator_3.py
[2022-05-23 18:06:31,308] {processor.py:641} INFO - Processing file /home/airflow/.local/lib/python3.7/site-packages/airflow/example_dags/example_branch_python_dop_operator_3.py for tasks to queue
[2022-05-23 18:06:31,309] {logging_mixin.py:115} INFO - [2022-05-23 18:06:31,309] {dagbag.py:507} INFO - Filling up the DagBag from /home/airflow/.local/lib/python3.7/site-packages/airflow/example_dags/example_branch_python_dop_operator_3.py
[2022-05-23 18:06:31,327] {processor.py:651} INFO - DAG(s) dict_keys(['example_branch_dop_operator_v3']) retrieved from /home/airflow/.local/lib/python3.7/site-packages/airflow/example_dags/example_branch_python_dop_operator_3.py
[2022-05-23 18:06:31,371] {logging_mixin.py:115} INFO - [2022-05-23 18:06:31,371] {dag.py:2371} INFO - Sync 1 DAGs
[2022-05-23 18:06:31,579] {logging_mixin.py:115} INFO - [2022-05-23 18:06:31,579] {dag.py:2919} INFO - Setting next_dagrun for example_branch_dop_operator_v3 to 2022-05-23T18:05:00+00:00, run_after=2022-05-23T18:06:00+00:00
[2022-05-23 18:06:32,586] {processor.py:161} INFO - Processing /home/airflow/.local/lib/python3.7/site-packages/airflow/example_dags/example_branch_python_dop_operator_3.py took 1.285 seconds
[2022-05-23 18:07:02,674] {processor.py:153} INFO - Started process (PID=432) to work on /home/airflow/.local/lib/python3.7/site-packages/airflow/example_dags/example_branch_python_dop_operator_3.py
[2022-05-23 18:07:02,675] {processor.py:641} INFO - Processing file /home/airflow/.local/lib/python3.7/site-packages/airflow/example_dags/example_branch_python_dop_operator_3.py for tasks to queue
[2022-05-23 18:07:02,675] {logging_mixin.py:115} INFO - [2022-05-23 18:07:02,675] {dagbag.py:507} INFO - Filling up the DagBag from /home/airflow/.local/lib/python3.7/site-packages/airflow/example_dags/example_branch_python_dop_operator_3.py
[2022-05-23 18:07:02,690] {processor.py:651} INFO - DAG(s) dict_keys(['example_branch_dop_operator_v3']) retrieved from /home/airflow/.local/lib/python3.7/site-packages/airflow/example_dags/example_branch_python_dop_operator_3.py
[2022-05-23 18:07:02,735] {logging_mixin.py:115} INFO - [2022-05-23 18:07:02,735] {dag.py:2371} INFO - Sync 1 DAGs
[2022-05-23 18:07:02,951] {logging_mixin.py:115} INFO - [2022-05-23 18:07:02,951] {dag.py:2919} INFO - Setting next_dagrun for example_branch_dop_operator_v3 to 2022-05-23T18:06:00+00:00, run_after=2022-05-23T18:07:00+00:00
[2022-05-23 18:07:02,991] {processor.py:161} INFO - Processing /home/airflow/.local/lib/python3.7/site-packages/airflow/example_dags/example_branch_python_dop_operator_3.py took 0.321 seconds
[2022-05-23 18:07:33,376] {processor.py:153} INFO - Started process (PID=485) to work on /home/airflow/.local/lib/python3.7/site-packages/airflow/example_dags/example_branch_python_dop_operator_3.py
[2022-05-23 18:07:33,377] {processor.py:641} INFO - Processing file /home/airflow/.local/lib/python3.7/site-packages/airflow/example_dags/example_branch_python_dop_operator_3.py for tasks to queue
[2022-05-23 18:07:33,377] {logging_mixin.py:115} INFO - [2022-05-23 18:07:33,377] {dagbag.py:507} INFO - Filling up the DagBag from /home/airflow/.local/lib/python3.7/site-packages/airflow/example_dags/example_branch_python_dop_operator_3.py
[2022-05-23 18:07:33,389] {processor.py:651} INFO - DAG(s) dict_keys(['example_branch_dop_operator_v3']) retrieved from /home/airflow/.local/lib/python3.7/site-packages/airflow/example_dags/example_branch_python_dop_operator_3.py
[2022-05-23 18:07:33,425] {logging_mixin.py:115} INFO - [2022-05-23 18:07:33,425] {dag.py:2371} INFO - Sync 1 DAGs
[2022-05-23 18:07:33,583] {logging_mixin.py:115} INFO - [2022-05-23 18:07:33,583] {dag.py:2919} INFO - Setting next_dagrun for example_branch_dop_operator_v3 to 2022-05-23T18:06:00+00:00, run_after=2022-05-23T18:07:00+00:00
[2022-05-23 18:07:33,618] {processor.py:161} INFO - Processing /home/airflow/.local/lib/python3.7/site-packages/airflow/example_dags/example_branch_python_dop_operator_3.py took 0.246 seconds
[2022-05-23 18:08:06,351] {processor.py:153} INFO - Started process (PID=548) to work on /home/airflow/.local/lib/python3.7/site-packages/airflow/example_dags/example_branch_python_dop_operator_3.py
[2022-05-23 18:08:06,359] {processor.py:641} INFO - Processing file /home/airflow/.local/lib/python3.7/site-packages/airflow/example_dags/example_branch_python_dop_operator_3.py for tasks to queue
[2022-05-23 18:08:06,360] {logging_mixin.py:115} INFO - [2022-05-23 18:08:06,360] {dagbag.py:507} INFO - Filling up the DagBag from /home/airflow/.local/lib/python3.7/site-packages/airflow/example_dags/example_branch_python_dop_operator_3.py
[2022-05-23 18:08:06,384] {processor.py:651} INFO - DAG(s) dict_keys(['example_branch_dop_operator_v3']) retrieved from /home/airflow/.local/lib/python3.7/site-packages/airflow/example_dags/example_branch_python_dop_operator_3.py
[2022-05-23 18:08:06,418] {logging_mixin.py:115} INFO - [2022-05-23 18:08:06,418] {dag.py:2371} INFO - Sync 1 DAGs
[2022-05-23 18:08:06,580] {logging_mixin.py:115} INFO - [2022-05-23 18:08:06,579] {dag.py:2919} INFO - Setting next_dagrun for example_branch_dop_operator_v3 to 2022-05-23T18:07:00+00:00, run_after=2022-05-23T18:08:00+00:00
[2022-05-23 18:08:06,611] {processor.py:161} INFO - Processing /home/airflow/.local/lib/python3.7/site-packages/airflow/example_dags/example_branch_python_dop_operator_3.py took 0.264 seconds
[2022-05-23 18:08:38,935] {processor.py:153} INFO - Started process (PID=602) to work on /home/airflow/.local/lib/python3.7/site-packages/airflow/example_dags/example_branch_python_dop_operator_3.py
[2022-05-23 18:08:39,049] {processor.py:641} INFO - Processing file /home/airflow/.local/lib/python3.7/site-packages/airflow/example_dags/example_branch_python_dop_operator_3.py for tasks to queue
[2022-05-23 18:08:39,069] {logging_mixin.py:115} INFO - [2022-05-23 18:08:39,068] {dagbag.py:507} INFO - Filling up the DagBag from /home/airflow/.local/lib/python3.7/site-packages/airflow/example_dags/example_branch_python_dop_operator_3.py
[2022-05-23 18:08:39,103] {processor.py:651} INFO - DAG(s) dict_keys(['example_branch_dop_operator_v3']) retrieved from /home/airflow/.local/lib/python3.7/site-packages/airflow/example_dags/example_branch_python_dop_operator_3.py
[2022-05-23 18:08:39,135] {logging_mixin.py:115} INFO - [2022-05-23 18:08:39,135] {dag.py:2371} INFO - Sync 1 DAGs
[2022-05-23 18:08:39,176] {logging_mixin.py:115} INFO - [2022-05-23 18:08:39,176] {dag.py:2919} INFO - Setting next_dagrun for example_branch_dop_operator_v3 to 2022-05-23T18:07:00+00:00, run_after=2022-05-23T18:08:00+00:00
[2022-05-23 18:08:39,209] {processor.py:161} INFO - Processing /home/airflow/.local/lib/python3.7/site-packages/airflow/example_dags/example_branch_python_dop_operator_3.py took 0.280 seconds
[2022-05-23 18:09:09,841] {processor.py:153} INFO - Started process (PID=662) to work on /home/airflow/.local/lib/python3.7/site-packages/airflow/example_dags/example_branch_python_dop_operator_3.py
[2022-05-23 18:09:10,058] {processor.py:641} INFO - Processing file /home/airflow/.local/lib/python3.7/site-packages/airflow/example_dags/example_branch_python_dop_operator_3.py for tasks to queue
[2022-05-23 18:09:10,059] {logging_mixin.py:115} INFO - [2022-05-23 18:09:10,059] {dagbag.py:507} INFO - Filling up the DagBag from /home/airflow/.local/lib/python3.7/site-packages/airflow/example_dags/example_branch_python_dop_operator_3.py
[2022-05-23 18:09:10,071] {processor.py:651} INFO - DAG(s) dict_keys(['example_branch_dop_operator_v3']) retrieved from /home/airflow/.local/lib/python3.7/site-packages/airflow/example_dags/example_branch_python_dop_operator_3.py
[2022-05-23 18:09:10,094] {logging_mixin.py:115} INFO - [2022-05-23 18:09:10,094] {dag.py:2371} INFO - Sync 1 DAGs
[2022-05-23 18:09:10,125] {logging_mixin.py:115} INFO - [2022-05-23 18:09:10,125] {dag.py:2919} INFO - Setting next_dagrun for example_branch_dop_operator_v3 to 2022-05-23T18:08:00+00:00, run_after=2022-05-23T18:09:00+00:00
[2022-05-23 18:09:10,751] {processor.py:161} INFO - Processing /home/airflow/.local/lib/python3.7/site-packages/airflow/example_dags/example_branch_python_dop_operator_3.py took 0.913 seconds
[2022-05-23 18:09:40,972] {processor.py:153} INFO - Started process (PID=718) to work on /home/airflow/.local/lib/python3.7/site-packages/airflow/example_dags/example_branch_python_dop_operator_3.py
[2022-05-23 18:09:40,978] {processor.py:641} INFO - Processing file /home/airflow/.local/lib/python3.7/site-packages/airflow/example_dags/example_branch_python_dop_operator_3.py for tasks to queue
[2022-05-23 18:09:40,979] {logging_mixin.py:115} INFO - [2022-05-23 18:09:40,979] {dagbag.py:507} INFO - Filling up the DagBag from /home/airflow/.local/lib/python3.7/site-packages/airflow/example_dags/example_branch_python_dop_operator_3.py
[2022-05-23 18:09:40,994] {processor.py:651} INFO - DAG(s) dict_keys(['example_branch_dop_operator_v3']) retrieved from /home/airflow/.local/lib/python3.7/site-packages/airflow/example_dags/example_branch_python_dop_operator_3.py
[2022-05-23 18:09:41,021] {logging_mixin.py:115} INFO - [2022-05-23 18:09:41,021] {dag.py:2371} INFO - Sync 1 DAGs
[2022-05-23 18:09:41,059] {logging_mixin.py:115} INFO - [2022-05-23 18:09:41,059] {dag.py:2919} INFO - Setting next_dagrun for example_branch_dop_operator_v3 to 2022-05-23T18:08:00+00:00, run_after=2022-05-23T18:09:00+00:00
[2022-05-23 18:09:41,140] {processor.py:161} INFO - Processing /home/airflow/.local/lib/python3.7/site-packages/airflow/example_dags/example_branch_python_dop_operator_3.py took 0.172 seconds
[2022-05-23 18:10:12,232] {processor.py:153} INFO - Started process (PID=781) to work on /home/airflow/.local/lib/python3.7/site-packages/airflow/example_dags/example_branch_python_dop_operator_3.py
[2022-05-23 18:10:12,280] {processor.py:641} INFO - Processing file /home/airflow/.local/lib/python3.7/site-packages/airflow/example_dags/example_branch_python_dop_operator_3.py for tasks to queue
[2022-05-23 18:10:12,281] {logging_mixin.py:115} INFO - [2022-05-23 18:10:12,281] {dagbag.py:507} INFO - Filling up the DagBag from /home/airflow/.local/lib/python3.7/site-packages/airflow/example_dags/example_branch_python_dop_operator_3.py
[2022-05-23 18:10:12,299] {processor.py:651} INFO - DAG(s) dict_keys(['example_branch_dop_operator_v3']) retrieved from /home/airflow/.local/lib/python3.7/site-packages/airflow/example_dags/example_branch_python_dop_operator_3.py
[2022-05-23 18:10:12,330] {logging_mixin.py:115} INFO - [2022-05-23 18:10:12,330] {dag.py:2371} INFO - Sync 1 DAGs
[2022-05-23 18:10:12,362] {logging_mixin.py:115} INFO - [2022-05-23 18:10:12,362] {dag.py:2919} INFO - Setting next_dagrun for example_branch_dop_operator_v3 to 2022-05-23T18:09:00+00:00, run_after=2022-05-23T18:10:00+00:00
[2022-05-23 18:10:12,412] {processor.py:161} INFO - Processing /home/airflow/.local/lib/python3.7/site-packages/airflow/example_dags/example_branch_python_dop_operator_3.py took 0.183 seconds
[2022-05-23 18:10:43,473] {processor.py:153} INFO - Started process (PID=835) to work on /home/airflow/.local/lib/python3.7/site-packages/airflow/example_dags/example_branch_python_dop_operator_3.py
[2022-05-23 18:10:43,473] {processor.py:641} INFO - Processing file /home/airflow/.local/lib/python3.7/site-packages/airflow/example_dags/example_branch_python_dop_operator_3.py for tasks to queue
[2022-05-23 18:10:43,474] {logging_mixin.py:115} INFO - [2022-05-23 18:10:43,474] {dagbag.py:507} INFO - Filling up the DagBag from /home/airflow/.local/lib/python3.7/site-packages/airflow/example_dags/example_branch_python_dop_operator_3.py
[2022-05-23 18:10:43,489] {processor.py:651} INFO - DAG(s) dict_keys(['example_branch_dop_operator_v3']) retrieved from /home/airflow/.local/lib/python3.7/site-packages/airflow/example_dags/example_branch_python_dop_operator_3.py
[2022-05-23 18:10:43,518] {logging_mixin.py:115} INFO - [2022-05-23 18:10:43,518] {dag.py:2371} INFO - Sync 1 DAGs
[2022-05-23 18:10:43,553] {logging_mixin.py:115} INFO - [2022-05-23 18:10:43,553] {dag.py:2919} INFO - Setting next_dagrun for example_branch_dop_operator_v3 to 2022-05-23T18:09:00+00:00, run_after=2022-05-23T18:10:00+00:00
[2022-05-23 18:10:43,577] {processor.py:161} INFO - Processing /home/airflow/.local/lib/python3.7/site-packages/airflow/example_dags/example_branch_python_dop_operator_3.py took 0.108 seconds
[2022-05-23 18:11:15,159] {processor.py:153} INFO - Started process (PID=889) to work on /home/airflow/.local/lib/python3.7/site-packages/airflow/example_dags/example_branch_python_dop_operator_3.py
[2022-05-23 18:11:15,169] {processor.py:641} INFO - Processing file /home/airflow/.local/lib/python3.7/site-packages/airflow/example_dags/example_branch_python_dop_operator_3.py for tasks to queue
[2022-05-23 18:11:15,169] {logging_mixin.py:115} INFO - [2022-05-23 18:11:15,169] {dagbag.py:507} INFO - Filling up the DagBag from /home/airflow/.local/lib/python3.7/site-packages/airflow/example_dags/example_branch_python_dop_operator_3.py
[2022-05-23 18:11:15,186] {processor.py:651} INFO - DAG(s) dict_keys(['example_branch_dop_operator_v3']) retrieved from /home/airflow/.local/lib/python3.7/site-packages/airflow/example_dags/example_branch_python_dop_operator_3.py
[2022-05-23 18:11:15,216] {logging_mixin.py:115} INFO - [2022-05-23 18:11:15,216] {dag.py:2371} INFO - Sync 1 DAGs
[2022-05-23 18:11:15,254] {logging_mixin.py:115} INFO - [2022-05-23 18:11:15,253] {dag.py:2919} INFO - Setting next_dagrun for example_branch_dop_operator_v3 to 2022-05-23T18:10:00+00:00, run_after=2022-05-23T18:11:00+00:00
[2022-05-23 18:11:15,285] {processor.py:161} INFO - Processing /home/airflow/.local/lib/python3.7/site-packages/airflow/example_dags/example_branch_python_dop_operator_3.py took 0.135 seconds
[2022-05-23 18:11:45,721] {processor.py:153} INFO - Started process (PID=950) to work on /home/airflow/.local/lib/python3.7/site-packages/airflow/example_dags/example_branch_python_dop_operator_3.py
[2022-05-23 18:11:45,722] {processor.py:641} INFO - Processing file /home/airflow/.local/lib/python3.7/site-packages/airflow/example_dags/example_branch_python_dop_operator_3.py for tasks to queue
[2022-05-23 18:11:45,723] {logging_mixin.py:115} INFO - [2022-05-23 18:11:45,723] {dagbag.py:507} INFO - Filling up the DagBag from /home/airflow/.local/lib/python3.7/site-packages/airflow/example_dags/example_branch_python_dop_operator_3.py
[2022-05-23 18:11:45,738] {processor.py:651} INFO - DAG(s) dict_keys(['example_branch_dop_operator_v3']) retrieved from /home/airflow/.local/lib/python3.7/site-packages/airflow/example_dags/example_branch_python_dop_operator_3.py
[2022-05-23 18:11:45,766] {logging_mixin.py:115} INFO - [2022-05-23 18:11:45,766] {dag.py:2371} INFO - Sync 1 DAGs
[2022-05-23 18:11:45,801] {logging_mixin.py:115} INFO - [2022-05-23 18:11:45,801] {dag.py:2919} INFO - Setting next_dagrun for example_branch_dop_operator_v3 to 2022-05-23T18:10:00+00:00, run_after=2022-05-23T18:11:00+00:00
[2022-05-23 18:11:45,827] {processor.py:161} INFO - Processing /home/airflow/.local/lib/python3.7/site-packages/airflow/example_dags/example_branch_python_dop_operator_3.py took 0.109 seconds
[2022-05-23 18:12:17,364] {processor.py:153} INFO - Started process (PID=1004) to work on /home/airflow/.local/lib/python3.7/site-packages/airflow/example_dags/example_branch_python_dop_operator_3.py
[2022-05-23 18:12:17,365] {processor.py:641} INFO - Processing file /home/airflow/.local/lib/python3.7/site-packages/airflow/example_dags/example_branch_python_dop_operator_3.py for tasks to queue
[2022-05-23 18:12:17,365] {logging_mixin.py:115} INFO - [2022-05-23 18:12:17,365] {dagbag.py:507} INFO - Filling up the DagBag from /home/airflow/.local/lib/python3.7/site-packages/airflow/example_dags/example_branch_python_dop_operator_3.py
[2022-05-23 18:12:17,381] {processor.py:651} INFO - DAG(s) dict_keys(['example_branch_dop_operator_v3']) retrieved from /home/airflow/.local/lib/python3.7/site-packages/airflow/example_dags/example_branch_python_dop_operator_3.py
[2022-05-23 18:12:17,420] {logging_mixin.py:115} INFO - [2022-05-23 18:12:17,420] {dag.py:2371} INFO - Sync 1 DAGs
[2022-05-23 18:12:17,464] {logging_mixin.py:115} INFO - [2022-05-23 18:12:17,464] {dag.py:2919} INFO - Setting next_dagrun for example_branch_dop_operator_v3 to 2022-05-23T18:11:00+00:00, run_after=2022-05-23T18:12:00+00:00
[2022-05-23 18:12:17,506] {processor.py:161} INFO - Processing /home/airflow/.local/lib/python3.7/site-packages/airflow/example_dags/example_branch_python_dop_operator_3.py took 0.147 seconds
[2022-05-23 18:12:48,775] {processor.py:153} INFO - Started process (PID=1066) to work on /home/airflow/.local/lib/python3.7/site-packages/airflow/example_dags/example_branch_python_dop_operator_3.py
[2022-05-23 18:12:48,782] {processor.py:641} INFO - Processing file /home/airflow/.local/lib/python3.7/site-packages/airflow/example_dags/example_branch_python_dop_operator_3.py for tasks to queue
[2022-05-23 18:12:48,783] {logging_mixin.py:115} INFO - [2022-05-23 18:12:48,783] {dagbag.py:507} INFO - Filling up the DagBag from /home/airflow/.local/lib/python3.7/site-packages/airflow/example_dags/example_branch_python_dop_operator_3.py
[2022-05-23 18:12:48,804] {processor.py:651} INFO - DAG(s) dict_keys(['example_branch_dop_operator_v3']) retrieved from /home/airflow/.local/lib/python3.7/site-packages/airflow/example_dags/example_branch_python_dop_operator_3.py
[2022-05-23 18:12:48,839] {logging_mixin.py:115} INFO - [2022-05-23 18:12:48,838] {dag.py:2371} INFO - Sync 1 DAGs
[2022-05-23 18:12:48,888] {logging_mixin.py:115} INFO - [2022-05-23 18:12:48,888] {dag.py:2919} INFO - Setting next_dagrun for example_branch_dop_operator_v3 to 2022-05-23T18:11:00+00:00, run_after=2022-05-23T18:12:00+00:00
[2022-05-23 18:12:48,922] {processor.py:161} INFO - Processing /home/airflow/.local/lib/python3.7/site-packages/airflow/example_dags/example_branch_python_dop_operator_3.py took 0.150 seconds
[2022-05-23 18:13:19,112] {processor.py:153} INFO - Started process (PID=1120) to work on /home/airflow/.local/lib/python3.7/site-packages/airflow/example_dags/example_branch_python_dop_operator_3.py
[2022-05-23 18:13:19,113] {processor.py:641} INFO - Processing file /home/airflow/.local/lib/python3.7/site-packages/airflow/example_dags/example_branch_python_dop_operator_3.py for tasks to queue
[2022-05-23 18:13:19,113] {logging_mixin.py:115} INFO - [2022-05-23 18:13:19,113] {dagbag.py:507} INFO - Filling up the DagBag from /home/airflow/.local/lib/python3.7/site-packages/airflow/example_dags/example_branch_python_dop_operator_3.py
[2022-05-23 18:13:19,128] {processor.py:651} INFO - DAG(s) dict_keys(['example_branch_dop_operator_v3']) retrieved from /home/airflow/.local/lib/python3.7/site-packages/airflow/example_dags/example_branch_python_dop_operator_3.py
[2022-05-23 18:13:19,157] {logging_mixin.py:115} INFO - [2022-05-23 18:13:19,157] {dag.py:2371} INFO - Sync 1 DAGs
[2022-05-23 18:13:19,190] {logging_mixin.py:115} INFO - [2022-05-23 18:13:19,190] {dag.py:2919} INFO - Setting next_dagrun for example_branch_dop_operator_v3 to 2022-05-23T18:12:00+00:00, run_after=2022-05-23T18:13:00+00:00
[2022-05-23 18:13:19,253] {processor.py:161} INFO - Processing /home/airflow/.local/lib/python3.7/site-packages/airflow/example_dags/example_branch_python_dop_operator_3.py took 0.144 seconds
[2022-05-23 18:13:49,729] {processor.py:153} INFO - Started process (PID=1174) to work on /home/airflow/.local/lib/python3.7/site-packages/airflow/example_dags/example_branch_python_dop_operator_3.py
[2022-05-23 18:13:49,730] {processor.py:641} INFO - Processing file /home/airflow/.local/lib/python3.7/site-packages/airflow/example_dags/example_branch_python_dop_operator_3.py for tasks to queue
[2022-05-23 18:13:49,731] {logging_mixin.py:115} INFO - [2022-05-23 18:13:49,731] {dagbag.py:507} INFO - Filling up the DagBag from /home/airflow/.local/lib/python3.7/site-packages/airflow/example_dags/example_branch_python_dop_operator_3.py
[2022-05-23 18:13:49,870] {processor.py:651} INFO - DAG(s) dict_keys(['example_branch_dop_operator_v3']) retrieved from /home/airflow/.local/lib/python3.7/site-packages/airflow/example_dags/example_branch_python_dop_operator_3.py
[2022-05-23 18:13:49,895] {logging_mixin.py:115} INFO - [2022-05-23 18:13:49,894] {dag.py:2371} INFO - Sync 1 DAGs
[2022-05-23 18:13:49,933] {logging_mixin.py:115} INFO - [2022-05-23 18:13:49,933] {dag.py:2919} INFO - Setting next_dagrun for example_branch_dop_operator_v3 to 2022-05-23T18:12:00+00:00, run_after=2022-05-23T18:13:00+00:00
[2022-05-23 18:13:49,969] {processor.py:161} INFO - Processing /home/airflow/.local/lib/python3.7/site-packages/airflow/example_dags/example_branch_python_dop_operator_3.py took 0.246 seconds
[2022-05-23 18:14:22,108] {processor.py:153} INFO - Started process (PID=1237) to work on /home/airflow/.local/lib/python3.7/site-packages/airflow/example_dags/example_branch_python_dop_operator_3.py
[2022-05-23 18:14:22,109] {processor.py:641} INFO - Processing file /home/airflow/.local/lib/python3.7/site-packages/airflow/example_dags/example_branch_python_dop_operator_3.py for tasks to queue
[2022-05-23 18:14:22,109] {logging_mixin.py:115} INFO - [2022-05-23 18:14:22,109] {dagbag.py:507} INFO - Filling up the DagBag from /home/airflow/.local/lib/python3.7/site-packages/airflow/example_dags/example_branch_python_dop_operator_3.py
[2022-05-23 18:14:22,266] {processor.py:651} INFO - DAG(s) dict_keys(['example_branch_dop_operator_v3']) retrieved from /home/airflow/.local/lib/python3.7/site-packages/airflow/example_dags/example_branch_python_dop_operator_3.py
[2022-05-23 18:14:22,291] {logging_mixin.py:115} INFO - [2022-05-23 18:14:22,291] {dag.py:2371} INFO - Sync 1 DAGs
[2022-05-23 18:14:22,329] {logging_mixin.py:115} INFO - [2022-05-23 18:14:22,328] {dag.py:2919} INFO - Setting next_dagrun for example_branch_dop_operator_v3 to 2022-05-23T18:13:00+00:00, run_after=2022-05-23T18:14:00+00:00
[2022-05-23 18:14:22,376] {processor.py:161} INFO - Processing /home/airflow/.local/lib/python3.7/site-packages/airflow/example_dags/example_branch_python_dop_operator_3.py took 0.272 seconds
[2022-05-23 18:14:52,741] {processor.py:153} INFO - Started process (PID=1291) to work on /home/airflow/.local/lib/python3.7/site-packages/airflow/example_dags/example_branch_python_dop_operator_3.py
[2022-05-23 18:14:52,760] {processor.py:641} INFO - Processing file /home/airflow/.local/lib/python3.7/site-packages/airflow/example_dags/example_branch_python_dop_operator_3.py for tasks to queue
[2022-05-23 18:14:52,761] {logging_mixin.py:115} INFO - [2022-05-23 18:14:52,761] {dagbag.py:507} INFO - Filling up the DagBag from /home/airflow/.local/lib/python3.7/site-packages/airflow/example_dags/example_branch_python_dop_operator_3.py
[2022-05-23 18:14:52,903] {processor.py:651} INFO - DAG(s) dict_keys(['example_branch_dop_operator_v3']) retrieved from /home/airflow/.local/lib/python3.7/site-packages/airflow/example_dags/example_branch_python_dop_operator_3.py
[2022-05-23 18:14:52,976] {logging_mixin.py:115} INFO - [2022-05-23 18:14:52,976] {dag.py:2371} INFO - Sync 1 DAGs
[2022-05-23 18:14:53,032] {logging_mixin.py:115} INFO - [2022-05-23 18:14:53,032] {dag.py:2919} INFO - Setting next_dagrun for example_branch_dop_operator_v3 to 2022-05-23T18:13:00+00:00, run_after=2022-05-23T18:14:00+00:00
[2022-05-23 18:14:53,084] {processor.py:161} INFO - Processing /home/airflow/.local/lib/python3.7/site-packages/airflow/example_dags/example_branch_python_dop_operator_3.py took 0.345 seconds
[2022-05-23 18:15:24,969] {processor.py:153} INFO - Started process (PID=1355) to work on /home/airflow/.local/lib/python3.7/site-packages/airflow/example_dags/example_branch_python_dop_operator_3.py
[2022-05-23 18:15:25,098] {processor.py:641} INFO - Processing file /home/airflow/.local/lib/python3.7/site-packages/airflow/example_dags/example_branch_python_dop_operator_3.py for tasks to queue
[2022-05-23 18:15:25,099] {logging_mixin.py:115} INFO - [2022-05-23 18:15:25,099] {dagbag.py:507} INFO - Filling up the DagBag from /home/airflow/.local/lib/python3.7/site-packages/airflow/example_dags/example_branch_python_dop_operator_3.py
[2022-05-23 18:15:25,219] {processor.py:651} INFO - DAG(s) dict_keys(['example_branch_dop_operator_v3']) retrieved from /home/airflow/.local/lib/python3.7/site-packages/airflow/example_dags/example_branch_python_dop_operator_3.py
[2022-05-23 18:15:25,242] {logging_mixin.py:115} INFO - [2022-05-23 18:15:25,241] {dag.py:2371} INFO - Sync 1 DAGs
[2022-05-23 18:15:25,280] {logging_mixin.py:115} INFO - [2022-05-23 18:15:25,280] {dag.py:2919} INFO - Setting next_dagrun for example_branch_dop_operator_v3 to 2022-05-23T18:14:00+00:00, run_after=2022-05-23T18:15:00+00:00
[2022-05-23 18:15:25,580] {processor.py:161} INFO - Processing /home/airflow/.local/lib/python3.7/site-packages/airflow/example_dags/example_branch_python_dop_operator_3.py took 0.614 seconds
[2022-05-23 18:15:58,281] {processor.py:153} INFO - Started process (PID=1409) to work on /home/airflow/.local/lib/python3.7/site-packages/airflow/example_dags/example_branch_python_dop_operator_3.py
[2022-05-23 18:15:58,302] {processor.py:641} INFO - Processing file /home/airflow/.local/lib/python3.7/site-packages/airflow/example_dags/example_branch_python_dop_operator_3.py for tasks to queue
[2022-05-23 18:15:58,303] {logging_mixin.py:115} INFO - [2022-05-23 18:15:58,303] {dagbag.py:507} INFO - Filling up the DagBag from /home/airflow/.local/lib/python3.7/site-packages/airflow/example_dags/example_branch_python_dop_operator_3.py
[2022-05-23 18:15:58,477] {processor.py:651} INFO - DAG(s) dict_keys(['example_branch_dop_operator_v3']) retrieved from /home/airflow/.local/lib/python3.7/site-packages/airflow/example_dags/example_branch_python_dop_operator_3.py
[2022-05-23 18:15:58,507] {logging_mixin.py:115} INFO - [2022-05-23 18:15:58,507] {dag.py:2371} INFO - Sync 1 DAGs
[2022-05-23 18:15:58,574] {logging_mixin.py:115} INFO - [2022-05-23 18:15:58,572] {dag.py:2919} INFO - Setting next_dagrun for example_branch_dop_operator_v3 to 2022-05-23T18:14:00+00:00, run_after=2022-05-23T18:15:00+00:00
[2022-05-23 18:15:58,608] {processor.py:161} INFO - Processing /home/airflow/.local/lib/python3.7/site-packages/airflow/example_dags/example_branch_python_dop_operator_3.py took 0.330 seconds
[2022-05-23 18:16:30,668] {processor.py:153} INFO - Started process (PID=1473) to work on /home/airflow/.local/lib/python3.7/site-packages/airflow/example_dags/example_branch_python_dop_operator_3.py
[2022-05-23 18:16:30,669] {processor.py:641} INFO - Processing file /home/airflow/.local/lib/python3.7/site-packages/airflow/example_dags/example_branch_python_dop_operator_3.py for tasks to queue
[2022-05-23 18:16:30,669] {logging_mixin.py:115} INFO - [2022-05-23 18:16:30,669] {dagbag.py:507} INFO - Filling up the DagBag from /home/airflow/.local/lib/python3.7/site-packages/airflow/example_dags/example_branch_python_dop_operator_3.py
[2022-05-23 18:16:30,825] {processor.py:651} INFO - DAG(s) dict_keys(['example_branch_dop_operator_v3']) retrieved from /home/airflow/.local/lib/python3.7/site-packages/airflow/example_dags/example_branch_python_dop_operator_3.py
[2022-05-23 18:16:30,856] {logging_mixin.py:115} INFO - [2022-05-23 18:16:30,856] {dag.py:2371} INFO - Sync 1 DAGs
[2022-05-23 18:16:30,901] {logging_mixin.py:115} INFO - [2022-05-23 18:16:30,901] {dag.py:2919} INFO - Setting next_dagrun for example_branch_dop_operator_v3 to 2022-05-23T18:15:00+00:00, run_after=2022-05-23T18:16:00+00:00
[2022-05-23 18:16:31,059] {processor.py:161} INFO - Processing /home/airflow/.local/lib/python3.7/site-packages/airflow/example_dags/example_branch_python_dop_operator_3.py took 0.395 seconds
[2022-05-23 18:17:02,156] {processor.py:153} INFO - Started process (PID=1527) to work on /home/airflow/.local/lib/python3.7/site-packages/airflow/example_dags/example_branch_python_dop_operator_3.py
[2022-05-23 18:17:02,157] {processor.py:641} INFO - Processing file /home/airflow/.local/lib/python3.7/site-packages/airflow/example_dags/example_branch_python_dop_operator_3.py for tasks to queue
[2022-05-23 18:17:02,158] {logging_mixin.py:115} INFO - [2022-05-23 18:17:02,158] {dagbag.py:507} INFO - Filling up the DagBag from /home/airflow/.local/lib/python3.7/site-packages/airflow/example_dags/example_branch_python_dop_operator_3.py
[2022-05-23 18:17:02,335] {processor.py:651} INFO - DAG(s) dict_keys(['example_branch_dop_operator_v3']) retrieved from /home/airflow/.local/lib/python3.7/site-packages/airflow/example_dags/example_branch_python_dop_operator_3.py
[2022-05-23 18:17:02,367] {logging_mixin.py:115} INFO - [2022-05-23 18:17:02,366] {dag.py:2371} INFO - Sync 1 DAGs
[2022-05-23 18:17:02,412] {logging_mixin.py:115} INFO - [2022-05-23 18:17:02,412] {dag.py:2919} INFO - Setting next_dagrun for example_branch_dop_operator_v3 to 2022-05-23T18:16:00+00:00, run_after=2022-05-23T18:17:00+00:00
[2022-05-23 18:17:02,444] {processor.py:161} INFO - Processing /home/airflow/.local/lib/python3.7/site-packages/airflow/example_dags/example_branch_python_dop_operator_3.py took 0.292 seconds
[2022-05-23 18:17:35,792] {processor.py:153} INFO - Started process (PID=1588) to work on /home/airflow/.local/lib/python3.7/site-packages/airflow/example_dags/example_branch_python_dop_operator_3.py
[2022-05-23 18:17:35,935] {processor.py:641} INFO - Processing file /home/airflow/.local/lib/python3.7/site-packages/airflow/example_dags/example_branch_python_dop_operator_3.py for tasks to queue
[2022-05-23 18:17:35,936] {logging_mixin.py:115} INFO - [2022-05-23 18:17:35,936] {dagbag.py:507} INFO - Filling up the DagBag from /home/airflow/.local/lib/python3.7/site-packages/airflow/example_dags/example_branch_python_dop_operator_3.py
[2022-05-23 18:17:36,075] {processor.py:651} INFO - DAG(s) dict_keys(['example_branch_dop_operator_v3']) retrieved from /home/airflow/.local/lib/python3.7/site-packages/airflow/example_dags/example_branch_python_dop_operator_3.py
[2022-05-23 18:17:36,101] {logging_mixin.py:115} INFO - [2022-05-23 18:17:36,101] {dag.py:2371} INFO - Sync 1 DAGs
[2022-05-23 18:17:36,153] {logging_mixin.py:115} INFO - [2022-05-23 18:17:36,152] {dag.py:2919} INFO - Setting next_dagrun for example_branch_dop_operator_v3 to 2022-05-23T18:16:00+00:00, run_after=2022-05-23T18:17:00+00:00
[2022-05-23 18:17:36,223] {processor.py:161} INFO - Processing /home/airflow/.local/lib/python3.7/site-packages/airflow/example_dags/example_branch_python_dop_operator_3.py took 0.435 seconds
[2022-05-23 18:18:07,590] {processor.py:153} INFO - Started process (PID=1644) to work on /home/airflow/.local/lib/python3.7/site-packages/airflow/example_dags/example_branch_python_dop_operator_3.py
[2022-05-23 18:18:07,608] {processor.py:641} INFO - Processing file /home/airflow/.local/lib/python3.7/site-packages/airflow/example_dags/example_branch_python_dop_operator_3.py for tasks to queue
[2022-05-23 18:18:07,609] {logging_mixin.py:115} INFO - [2022-05-23 18:18:07,608] {dagbag.py:507} INFO - Filling up the DagBag from /home/airflow/.local/lib/python3.7/site-packages/airflow/example_dags/example_branch_python_dop_operator_3.py
[2022-05-23 18:18:07,761] {processor.py:651} INFO - DAG(s) dict_keys(['example_branch_dop_operator_v3']) retrieved from /home/airflow/.local/lib/python3.7/site-packages/airflow/example_dags/example_branch_python_dop_operator_3.py
[2022-05-23 18:18:07,792] {logging_mixin.py:115} INFO - [2022-05-23 18:18:07,792] {dag.py:2371} INFO - Sync 1 DAGs
[2022-05-23 18:18:07,832] {logging_mixin.py:115} INFO - [2022-05-23 18:18:07,832] {dag.py:2919} INFO - Setting next_dagrun for example_branch_dop_operator_v3 to 2022-05-23T18:17:00+00:00, run_after=2022-05-23T18:18:00+00:00
[2022-05-23 18:18:07,870] {processor.py:161} INFO - Processing /home/airflow/.local/lib/python3.7/site-packages/airflow/example_dags/example_branch_python_dop_operator_3.py took 0.283 seconds
[2022-05-23 18:21:04,603] {processor.py:153} INFO - Started process (PID=86) to work on /home/airflow/.local/lib/python3.7/site-packages/airflow/example_dags/example_branch_python_dop_operator_3.py
[2022-05-23 18:21:04,604] {processor.py:641} INFO - Processing file /home/airflow/.local/lib/python3.7/site-packages/airflow/example_dags/example_branch_python_dop_operator_3.py for tasks to queue
[2022-05-23 18:21:04,605] {logging_mixin.py:115} INFO - [2022-05-23 18:21:04,605] {dagbag.py:507} INFO - Filling up the DagBag from /home/airflow/.local/lib/python3.7/site-packages/airflow/example_dags/example_branch_python_dop_operator_3.py
[2022-05-23 18:21:04,628] {processor.py:651} INFO - DAG(s) dict_keys(['example_branch_dop_operator_v3']) retrieved from /home/airflow/.local/lib/python3.7/site-packages/airflow/example_dags/example_branch_python_dop_operator_3.py
[2022-05-23 18:21:04,691] {logging_mixin.py:115} INFO - [2022-05-23 18:21:04,691] {dag.py:2371} INFO - Sync 1 DAGs
[2022-05-23 18:21:04,950] {logging_mixin.py:115} INFO - [2022-05-23 18:21:04,950] {dag.py:2919} INFO - Setting next_dagrun for example_branch_dop_operator_v3 to 2022-05-23T18:20:00+00:00, run_after=2022-05-23T18:21:00+00:00
[2022-05-23 18:21:04,996] {processor.py:161} INFO - Processing /home/airflow/.local/lib/python3.7/site-packages/airflow/example_dags/example_branch_python_dop_operator_3.py took 0.399 seconds
[2022-05-23 18:21:36,374] {processor.py:153} INFO - Started process (PID=147) to work on /home/airflow/.local/lib/python3.7/site-packages/airflow/example_dags/example_branch_python_dop_operator_3.py
[2022-05-23 18:21:37,189] {processor.py:641} INFO - Processing file /home/airflow/.local/lib/python3.7/site-packages/airflow/example_dags/example_branch_python_dop_operator_3.py for tasks to queue
[2022-05-23 18:21:37,190] {logging_mixin.py:115} INFO - [2022-05-23 18:21:37,190] {dagbag.py:507} INFO - Filling up the DagBag from /home/airflow/.local/lib/python3.7/site-packages/airflow/example_dags/example_branch_python_dop_operator_3.py
[2022-05-23 18:21:37,203] {processor.py:651} INFO - DAG(s) dict_keys(['example_branch_dop_operator_v3']) retrieved from /home/airflow/.local/lib/python3.7/site-packages/airflow/example_dags/example_branch_python_dop_operator_3.py
[2022-05-23 18:21:37,241] {logging_mixin.py:115} INFO - [2022-05-23 18:21:37,241] {dag.py:2371} INFO - Sync 1 DAGs
[2022-05-23 18:21:37,408] {logging_mixin.py:115} INFO - [2022-05-23 18:21:37,408] {dag.py:2919} INFO - Setting next_dagrun for example_branch_dop_operator_v3 to 2022-05-23T18:20:00+00:00, run_after=2022-05-23T18:21:00+00:00
[2022-05-23 18:21:38,165] {processor.py:161} INFO - Processing /home/airflow/.local/lib/python3.7/site-packages/airflow/example_dags/example_branch_python_dop_operator_3.py took 1.796 seconds
[2022-05-23 18:22:08,464] {processor.py:153} INFO - Started process (PID=207) to work on /home/airflow/.local/lib/python3.7/site-packages/airflow/example_dags/example_branch_python_dop_operator_3.py
[2022-05-23 18:22:08,464] {processor.py:641} INFO - Processing file /home/airflow/.local/lib/python3.7/site-packages/airflow/example_dags/example_branch_python_dop_operator_3.py for tasks to queue
[2022-05-23 18:22:08,465] {logging_mixin.py:115} INFO - [2022-05-23 18:22:08,465] {dagbag.py:507} INFO - Filling up the DagBag from /home/airflow/.local/lib/python3.7/site-packages/airflow/example_dags/example_branch_python_dop_operator_3.py
[2022-05-23 18:22:08,475] {processor.py:651} INFO - DAG(s) dict_keys(['example_branch_dop_operator_v3']) retrieved from /home/airflow/.local/lib/python3.7/site-packages/airflow/example_dags/example_branch_python_dop_operator_3.py
[2022-05-23 18:22:08,510] {logging_mixin.py:115} INFO - [2022-05-23 18:22:08,510] {dag.py:2371} INFO - Sync 1 DAGs
[2022-05-23 18:22:08,720] {logging_mixin.py:115} INFO - [2022-05-23 18:22:08,719] {dag.py:2919} INFO - Setting next_dagrun for example_branch_dop_operator_v3 to 2022-05-23T18:21:00+00:00, run_after=2022-05-23T18:22:00+00:00
[2022-05-23 18:22:10,056] {processor.py:161} INFO - Processing /home/airflow/.local/lib/python3.7/site-packages/airflow/example_dags/example_branch_python_dop_operator_3.py took 1.595 seconds
[2022-05-23 18:22:40,197] {processor.py:153} INFO - Started process (PID=261) to work on /home/airflow/.local/lib/python3.7/site-packages/airflow/example_dags/example_branch_python_dop_operator_3.py
[2022-05-23 18:22:40,198] {processor.py:641} INFO - Processing file /home/airflow/.local/lib/python3.7/site-packages/airflow/example_dags/example_branch_python_dop_operator_3.py for tasks to queue
[2022-05-23 18:22:40,199] {logging_mixin.py:115} INFO - [2022-05-23 18:22:40,199] {dagbag.py:507} INFO - Filling up the DagBag from /home/airflow/.local/lib/python3.7/site-packages/airflow/example_dags/example_branch_python_dop_operator_3.py
[2022-05-23 18:22:40,219] {processor.py:651} INFO - DAG(s) dict_keys(['example_branch_dop_operator_v3']) retrieved from /home/airflow/.local/lib/python3.7/site-packages/airflow/example_dags/example_branch_python_dop_operator_3.py
[2022-05-23 18:22:40,258] {logging_mixin.py:115} INFO - [2022-05-23 18:22:40,258] {dag.py:2371} INFO - Sync 1 DAGs
[2022-05-23 18:22:40,419] {logging_mixin.py:115} INFO - [2022-05-23 18:22:40,419] {dag.py:2919} INFO - Setting next_dagrun for example_branch_dop_operator_v3 to 2022-05-23T18:21:00+00:00, run_after=2022-05-23T18:22:00+00:00
[2022-05-23 18:22:40,464] {processor.py:161} INFO - Processing /home/airflow/.local/lib/python3.7/site-packages/airflow/example_dags/example_branch_python_dop_operator_3.py took 0.275 seconds
