[2022-05-23 17:10:20,308] {processor.py:153} INFO - Started process (PID=98) to work on /home/airflow/.local/lib/python3.7/site-packages/airflow/example_dags/example_branch_operator_decorator.py
[2022-05-23 17:10:20,309] {processor.py:641} INFO - Processing file /home/airflow/.local/lib/python3.7/site-packages/airflow/example_dags/example_branch_operator_decorator.py for tasks to queue
[2022-05-23 17:10:20,309] {logging_mixin.py:115} INFO - [2022-05-23 17:10:20,309] {dagbag.py:507} INFO - Filling up the DagBag from /home/airflow/.local/lib/python3.7/site-packages/airflow/example_dags/example_branch_operator_decorator.py
[2022-05-23 17:10:20,328] {processor.py:651} INFO - DAG(s) dict_keys(['example_branch_python_operator_decorator']) retrieved from /home/airflow/.local/lib/python3.7/site-packages/airflow/example_dags/example_branch_operator_decorator.py
[2022-05-23 17:10:21,075] {logging_mixin.py:115} INFO - [2022-05-23 17:10:21,075] {manager.py:508} INFO - Created Permission View: can read on DAG:example_branch_python_operator_decorator
[2022-05-23 17:10:21,164] {logging_mixin.py:115} INFO - [2022-05-23 17:10:21,164] {manager.py:508} INFO - Created Permission View: can edit on DAG:example_branch_python_operator_decorator
[2022-05-23 17:10:21,266] {logging_mixin.py:115} INFO - [2022-05-23 17:10:21,265] {manager.py:508} INFO - Created Permission View: can delete on DAG:example_branch_python_operator_decorator
[2022-05-23 17:10:21,266] {logging_mixin.py:115} INFO - [2022-05-23 17:10:21,266] {dag.py:2371} INFO - Sync 1 DAGs
[2022-05-23 17:10:21,276] {logging_mixin.py:115} INFO - [2022-05-23 17:10:21,276] {dag.py:2390} INFO - Creating ORM DAG for example_branch_python_operator_decorator
[2022-05-23 17:10:21,294] {logging_mixin.py:115} INFO - [2022-05-23 17:10:21,294] {dag.py:2919} INFO - Setting next_dagrun for example_branch_python_operator_decorator to 2022-05-22T00:00:00+00:00, run_after=2022-05-23T00:00:00+00:00
[2022-05-23 17:10:21,446] {processor.py:161} INFO - Processing /home/airflow/.local/lib/python3.7/site-packages/airflow/example_dags/example_branch_operator_decorator.py took 1.140 seconds
[2022-05-23 17:10:51,492] {processor.py:153} INFO - Started process (PID=150) to work on /home/airflow/.local/lib/python3.7/site-packages/airflow/example_dags/example_branch_operator_decorator.py
[2022-05-23 17:10:51,573] {processor.py:641} INFO - Processing file /home/airflow/.local/lib/python3.7/site-packages/airflow/example_dags/example_branch_operator_decorator.py for tasks to queue
[2022-05-23 17:10:51,575] {logging_mixin.py:115} INFO - [2022-05-23 17:10:51,575] {dagbag.py:507} INFO - Filling up the DagBag from /home/airflow/.local/lib/python3.7/site-packages/airflow/example_dags/example_branch_operator_decorator.py
[2022-05-23 17:10:51,618] {processor.py:651} INFO - DAG(s) dict_keys(['example_branch_python_operator_decorator']) retrieved from /home/airflow/.local/lib/python3.7/site-packages/airflow/example_dags/example_branch_operator_decorator.py
[2022-05-23 17:10:51,648] {logging_mixin.py:115} INFO - [2022-05-23 17:10:51,648] {dag.py:2371} INFO - Sync 1 DAGs
[2022-05-23 17:10:51,785] {logging_mixin.py:115} INFO - [2022-05-23 17:10:51,785] {dag.py:2919} INFO - Setting next_dagrun for example_branch_python_operator_decorator to 2022-05-22T00:00:00+00:00, run_after=2022-05-23T00:00:00+00:00
[2022-05-23 17:10:52,758] {processor.py:161} INFO - Processing /home/airflow/.local/lib/python3.7/site-packages/airflow/example_dags/example_branch_operator_decorator.py took 1.274 seconds
[2022-05-23 17:11:22,830] {processor.py:153} INFO - Started process (PID=201) to work on /home/airflow/.local/lib/python3.7/site-packages/airflow/example_dags/example_branch_operator_decorator.py
[2022-05-23 17:11:22,849] {processor.py:641} INFO - Processing file /home/airflow/.local/lib/python3.7/site-packages/airflow/example_dags/example_branch_operator_decorator.py for tasks to queue
[2022-05-23 17:11:22,850] {logging_mixin.py:115} INFO - [2022-05-23 17:11:22,850] {dagbag.py:507} INFO - Filling up the DagBag from /home/airflow/.local/lib/python3.7/site-packages/airflow/example_dags/example_branch_operator_decorator.py
[2022-05-23 17:11:22,891] {processor.py:651} INFO - DAG(s) dict_keys(['example_branch_python_operator_decorator']) retrieved from /home/airflow/.local/lib/python3.7/site-packages/airflow/example_dags/example_branch_operator_decorator.py
[2022-05-23 17:11:22,928] {logging_mixin.py:115} INFO - [2022-05-23 17:11:22,928] {dag.py:2371} INFO - Sync 1 DAGs
[2022-05-23 17:11:23,076] {logging_mixin.py:115} INFO - [2022-05-23 17:11:23,076] {dag.py:2919} INFO - Setting next_dagrun for example_branch_python_operator_decorator to 2022-05-22T00:00:00+00:00, run_after=2022-05-23T00:00:00+00:00
[2022-05-23 17:11:23,205] {processor.py:161} INFO - Processing /home/airflow/.local/lib/python3.7/site-packages/airflow/example_dags/example_branch_operator_decorator.py took 0.381 seconds
[2022-05-23 17:11:53,568] {processor.py:153} INFO - Started process (PID=261) to work on /home/airflow/.local/lib/python3.7/site-packages/airflow/example_dags/example_branch_operator_decorator.py
[2022-05-23 17:11:53,920] {processor.py:641} INFO - Processing file /home/airflow/.local/lib/python3.7/site-packages/airflow/example_dags/example_branch_operator_decorator.py for tasks to queue
[2022-05-23 17:11:53,921] {logging_mixin.py:115} INFO - [2022-05-23 17:11:53,921] {dagbag.py:507} INFO - Filling up the DagBag from /home/airflow/.local/lib/python3.7/site-packages/airflow/example_dags/example_branch_operator_decorator.py
[2022-05-23 17:11:53,945] {processor.py:651} INFO - DAG(s) dict_keys(['example_branch_python_operator_decorator']) retrieved from /home/airflow/.local/lib/python3.7/site-packages/airflow/example_dags/example_branch_operator_decorator.py
[2022-05-23 17:11:53,975] {logging_mixin.py:115} INFO - [2022-05-23 17:11:53,975] {dag.py:2371} INFO - Sync 1 DAGs
[2022-05-23 17:11:54,124] {logging_mixin.py:115} INFO - [2022-05-23 17:11:54,124] {dag.py:2919} INFO - Setting next_dagrun for example_branch_python_operator_decorator to 2022-05-22T00:00:00+00:00, run_after=2022-05-23T00:00:00+00:00
[2022-05-23 17:11:55,962] {logging_mixin.py:115} INFO - [2022-05-23 17:11:55,962] {process_utils.py:240} INFO - Waiting up to 5 seconds for processes to exit...
[2022-05-23 17:28:29,052] {processor.py:153} INFO - Started process (PID=80) to work on /home/airflow/.local/lib/python3.7/site-packages/airflow/example_dags/example_branch_operator_decorator.py
[2022-05-23 17:28:29,062] {processor.py:641} INFO - Processing file /home/airflow/.local/lib/python3.7/site-packages/airflow/example_dags/example_branch_operator_decorator.py for tasks to queue
[2022-05-23 17:28:29,062] {logging_mixin.py:115} INFO - [2022-05-23 17:28:29,062] {dagbag.py:507} INFO - Filling up the DagBag from /home/airflow/.local/lib/python3.7/site-packages/airflow/example_dags/example_branch_operator_decorator.py
[2022-05-23 17:28:29,086] {processor.py:651} INFO - DAG(s) dict_keys(['example_branch_python_operator_decorator']) retrieved from /home/airflow/.local/lib/python3.7/site-packages/airflow/example_dags/example_branch_operator_decorator.py
[2022-05-23 17:28:29,116] {logging_mixin.py:115} INFO - [2022-05-23 17:28:29,116] {dag.py:2371} INFO - Sync 1 DAGs
[2022-05-23 17:28:29,267] {logging_mixin.py:115} INFO - [2022-05-23 17:28:29,267] {dag.py:2919} INFO - Setting next_dagrun for example_branch_python_operator_decorator to 2022-05-22T00:00:00+00:00, run_after=2022-05-23T00:00:00+00:00
[2022-05-23 17:28:29,325] {processor.py:161} INFO - Processing /home/airflow/.local/lib/python3.7/site-packages/airflow/example_dags/example_branch_operator_decorator.py took 0.276 seconds
[2022-05-23 17:29:01,895] {processor.py:153} INFO - Started process (PID=142) to work on /home/airflow/.local/lib/python3.7/site-packages/airflow/example_dags/example_branch_operator_decorator.py
[2022-05-23 17:29:01,895] {processor.py:641} INFO - Processing file /home/airflow/.local/lib/python3.7/site-packages/airflow/example_dags/example_branch_operator_decorator.py for tasks to queue
[2022-05-23 17:29:01,896] {logging_mixin.py:115} INFO - [2022-05-23 17:29:01,896] {dagbag.py:507} INFO - Filling up the DagBag from /home/airflow/.local/lib/python3.7/site-packages/airflow/example_dags/example_branch_operator_decorator.py
[2022-05-23 17:29:01,921] {processor.py:651} INFO - DAG(s) dict_keys(['example_branch_python_operator_decorator']) retrieved from /home/airflow/.local/lib/python3.7/site-packages/airflow/example_dags/example_branch_operator_decorator.py
[2022-05-23 17:29:01,957] {logging_mixin.py:115} INFO - [2022-05-23 17:29:01,956] {dag.py:2371} INFO - Sync 1 DAGs
[2022-05-23 17:29:02,127] {logging_mixin.py:115} INFO - [2022-05-23 17:29:02,127] {dag.py:2919} INFO - Setting next_dagrun for example_branch_python_operator_decorator to 2022-05-22T00:00:00+00:00, run_after=2022-05-23T00:00:00+00:00
[2022-05-23 17:29:02,297] {processor.py:161} INFO - Processing /home/airflow/.local/lib/python3.7/site-packages/airflow/example_dags/example_branch_operator_decorator.py took 0.406 seconds
[2022-05-23 17:29:33,118] {processor.py:153} INFO - Started process (PID=197) to work on /home/airflow/.local/lib/python3.7/site-packages/airflow/example_dags/example_branch_operator_decorator.py
[2022-05-23 17:29:33,522] {processor.py:641} INFO - Processing file /home/airflow/.local/lib/python3.7/site-packages/airflow/example_dags/example_branch_operator_decorator.py for tasks to queue
[2022-05-23 17:29:33,522] {logging_mixin.py:115} INFO - [2022-05-23 17:29:33,522] {dagbag.py:507} INFO - Filling up the DagBag from /home/airflow/.local/lib/python3.7/site-packages/airflow/example_dags/example_branch_operator_decorator.py
[2022-05-23 17:29:33,541] {processor.py:651} INFO - DAG(s) dict_keys(['example_branch_python_operator_decorator']) retrieved from /home/airflow/.local/lib/python3.7/site-packages/airflow/example_dags/example_branch_operator_decorator.py
[2022-05-23 17:29:33,567] {logging_mixin.py:115} INFO - [2022-05-23 17:29:33,566] {dag.py:2371} INFO - Sync 1 DAGs
[2022-05-23 17:29:33,702] {logging_mixin.py:115} INFO - [2022-05-23 17:29:33,702] {dag.py:2919} INFO - Setting next_dagrun for example_branch_python_operator_decorator to 2022-05-22T00:00:00+00:00, run_after=2022-05-23T00:00:00+00:00
[2022-05-23 17:29:34,101] {processor.py:161} INFO - Processing /home/airflow/.local/lib/python3.7/site-packages/airflow/example_dags/example_branch_operator_decorator.py took 0.985 seconds
[2022-05-23 17:30:04,434] {processor.py:153} INFO - Started process (PID=259) to work on /home/airflow/.local/lib/python3.7/site-packages/airflow/example_dags/example_branch_operator_decorator.py
[2022-05-23 17:30:04,455] {processor.py:641} INFO - Processing file /home/airflow/.local/lib/python3.7/site-packages/airflow/example_dags/example_branch_operator_decorator.py for tasks to queue
[2022-05-23 17:30:04,456] {logging_mixin.py:115} INFO - [2022-05-23 17:30:04,455] {dagbag.py:507} INFO - Filling up the DagBag from /home/airflow/.local/lib/python3.7/site-packages/airflow/example_dags/example_branch_operator_decorator.py
[2022-05-23 17:30:04,489] {processor.py:651} INFO - DAG(s) dict_keys(['example_branch_python_operator_decorator']) retrieved from /home/airflow/.local/lib/python3.7/site-packages/airflow/example_dags/example_branch_operator_decorator.py
[2022-05-23 17:30:04,530] {logging_mixin.py:115} INFO - [2022-05-23 17:30:04,530] {dag.py:2371} INFO - Sync 1 DAGs
[2022-05-23 17:30:04,713] {logging_mixin.py:115} INFO - [2022-05-23 17:30:04,712] {dag.py:2919} INFO - Setting next_dagrun for example_branch_python_operator_decorator to 2022-05-22T00:00:00+00:00, run_after=2022-05-23T00:00:00+00:00
[2022-05-23 17:30:04,753] {processor.py:161} INFO - Processing /home/airflow/.local/lib/python3.7/site-packages/airflow/example_dags/example_branch_operator_decorator.py took 0.324 seconds
[2022-05-23 17:30:34,830] {processor.py:153} INFO - Started process (PID=314) to work on /home/airflow/.local/lib/python3.7/site-packages/airflow/example_dags/example_branch_operator_decorator.py
[2022-05-23 17:30:34,830] {processor.py:641} INFO - Processing file /home/airflow/.local/lib/python3.7/site-packages/airflow/example_dags/example_branch_operator_decorator.py for tasks to queue
[2022-05-23 17:30:34,831] {logging_mixin.py:115} INFO - [2022-05-23 17:30:34,831] {dagbag.py:507} INFO - Filling up the DagBag from /home/airflow/.local/lib/python3.7/site-packages/airflow/example_dags/example_branch_operator_decorator.py
[2022-05-23 17:30:34,854] {processor.py:651} INFO - DAG(s) dict_keys(['example_branch_python_operator_decorator']) retrieved from /home/airflow/.local/lib/python3.7/site-packages/airflow/example_dags/example_branch_operator_decorator.py
[2022-05-23 17:30:34,884] {logging_mixin.py:115} INFO - [2022-05-23 17:30:34,884] {dag.py:2371} INFO - Sync 1 DAGs
[2022-05-23 17:30:35,048] {logging_mixin.py:115} INFO - [2022-05-23 17:30:35,048] {dag.py:2919} INFO - Setting next_dagrun for example_branch_python_operator_decorator to 2022-05-22T00:00:00+00:00, run_after=2022-05-23T00:00:00+00:00
[2022-05-23 17:30:35,081] {processor.py:161} INFO - Processing /home/airflow/.local/lib/python3.7/site-packages/airflow/example_dags/example_branch_operator_decorator.py took 0.255 seconds
[2022-05-23 17:31:06,098] {processor.py:153} INFO - Started process (PID=369) to work on /home/airflow/.local/lib/python3.7/site-packages/airflow/example_dags/example_branch_operator_decorator.py
[2022-05-23 17:31:06,233] {processor.py:641} INFO - Processing file /home/airflow/.local/lib/python3.7/site-packages/airflow/example_dags/example_branch_operator_decorator.py for tasks to queue
[2022-05-23 17:31:06,235] {logging_mixin.py:115} INFO - [2022-05-23 17:31:06,235] {dagbag.py:507} INFO - Filling up the DagBag from /home/airflow/.local/lib/python3.7/site-packages/airflow/example_dags/example_branch_operator_decorator.py
[2022-05-23 17:31:06,283] {processor.py:651} INFO - DAG(s) dict_keys(['example_branch_python_operator_decorator']) retrieved from /home/airflow/.local/lib/python3.7/site-packages/airflow/example_dags/example_branch_operator_decorator.py
[2022-05-23 17:31:06,315] {logging_mixin.py:115} INFO - [2022-05-23 17:31:06,315] {dag.py:2371} INFO - Sync 1 DAGs
[2022-05-23 17:31:06,463] {logging_mixin.py:115} INFO - [2022-05-23 17:31:06,463] {dag.py:2919} INFO - Setting next_dagrun for example_branch_python_operator_decorator to 2022-05-22T00:00:00+00:00, run_after=2022-05-23T00:00:00+00:00
[2022-05-23 17:31:06,526] {processor.py:161} INFO - Processing /home/airflow/.local/lib/python3.7/site-packages/airflow/example_dags/example_branch_operator_decorator.py took 0.432 seconds
[2022-05-23 17:31:37,943] {processor.py:153} INFO - Started process (PID=431) to work on /home/airflow/.local/lib/python3.7/site-packages/airflow/example_dags/example_branch_operator_decorator.py
[2022-05-23 17:31:37,944] {processor.py:641} INFO - Processing file /home/airflow/.local/lib/python3.7/site-packages/airflow/example_dags/example_branch_operator_decorator.py for tasks to queue
[2022-05-23 17:31:37,945] {logging_mixin.py:115} INFO - [2022-05-23 17:31:37,945] {dagbag.py:507} INFO - Filling up the DagBag from /home/airflow/.local/lib/python3.7/site-packages/airflow/example_dags/example_branch_operator_decorator.py
[2022-05-23 17:31:37,969] {processor.py:651} INFO - DAG(s) dict_keys(['example_branch_python_operator_decorator']) retrieved from /home/airflow/.local/lib/python3.7/site-packages/airflow/example_dags/example_branch_operator_decorator.py
[2022-05-23 17:31:38,005] {logging_mixin.py:115} INFO - [2022-05-23 17:31:38,005] {dag.py:2371} INFO - Sync 1 DAGs
[2022-05-23 17:31:38,156] {logging_mixin.py:115} INFO - [2022-05-23 17:31:38,156] {dag.py:2919} INFO - Setting next_dagrun for example_branch_python_operator_decorator to 2022-05-22T00:00:00+00:00, run_after=2022-05-23T00:00:00+00:00
[2022-05-23 17:31:38,201] {processor.py:161} INFO - Processing /home/airflow/.local/lib/python3.7/site-packages/airflow/example_dags/example_branch_operator_decorator.py took 0.261 seconds
[2022-05-23 17:32:08,711] {processor.py:153} INFO - Started process (PID=485) to work on /home/airflow/.local/lib/python3.7/site-packages/airflow/example_dags/example_branch_operator_decorator.py
[2022-05-23 17:32:08,712] {processor.py:641} INFO - Processing file /home/airflow/.local/lib/python3.7/site-packages/airflow/example_dags/example_branch_operator_decorator.py for tasks to queue
[2022-05-23 17:32:08,713] {logging_mixin.py:115} INFO - [2022-05-23 17:32:08,713] {dagbag.py:507} INFO - Filling up the DagBag from /home/airflow/.local/lib/python3.7/site-packages/airflow/example_dags/example_branch_operator_decorator.py
[2022-05-23 17:32:08,740] {processor.py:651} INFO - DAG(s) dict_keys(['example_branch_python_operator_decorator']) retrieved from /home/airflow/.local/lib/python3.7/site-packages/airflow/example_dags/example_branch_operator_decorator.py
[2022-05-23 17:32:08,769] {logging_mixin.py:115} INFO - [2022-05-23 17:32:08,769] {dag.py:2371} INFO - Sync 1 DAGs
[2022-05-23 17:32:08,915] {logging_mixin.py:115} INFO - [2022-05-23 17:32:08,915] {dag.py:2919} INFO - Setting next_dagrun for example_branch_python_operator_decorator to 2022-05-22T00:00:00+00:00, run_after=2022-05-23T00:00:00+00:00
[2022-05-23 17:32:09,486] {processor.py:161} INFO - Processing /home/airflow/.local/lib/python3.7/site-packages/airflow/example_dags/example_branch_operator_decorator.py took 0.778 seconds
[2022-05-23 17:32:39,767] {processor.py:153} INFO - Started process (PID=548) to work on /home/airflow/.local/lib/python3.7/site-packages/airflow/example_dags/example_branch_operator_decorator.py
[2022-05-23 17:32:39,769] {processor.py:641} INFO - Processing file /home/airflow/.local/lib/python3.7/site-packages/airflow/example_dags/example_branch_operator_decorator.py for tasks to queue
[2022-05-23 17:32:39,769] {logging_mixin.py:115} INFO - [2022-05-23 17:32:39,769] {dagbag.py:507} INFO - Filling up the DagBag from /home/airflow/.local/lib/python3.7/site-packages/airflow/example_dags/example_branch_operator_decorator.py
[2022-05-23 17:32:39,793] {processor.py:651} INFO - DAG(s) dict_keys(['example_branch_python_operator_decorator']) retrieved from /home/airflow/.local/lib/python3.7/site-packages/airflow/example_dags/example_branch_operator_decorator.py
[2022-05-23 17:32:39,821] {logging_mixin.py:115} INFO - [2022-05-23 17:32:39,821] {dag.py:2371} INFO - Sync 1 DAGs
[2022-05-23 17:32:39,958] {logging_mixin.py:115} INFO - [2022-05-23 17:32:39,958] {dag.py:2919} INFO - Setting next_dagrun for example_branch_python_operator_decorator to 2022-05-22T00:00:00+00:00, run_after=2022-05-23T00:00:00+00:00
[2022-05-23 17:32:39,990] {processor.py:161} INFO - Processing /home/airflow/.local/lib/python3.7/site-packages/airflow/example_dags/example_branch_operator_decorator.py took 0.228 seconds
[2022-05-23 17:33:11,305] {processor.py:153} INFO - Started process (PID=602) to work on /home/airflow/.local/lib/python3.7/site-packages/airflow/example_dags/example_branch_operator_decorator.py
[2022-05-23 17:33:11,307] {processor.py:641} INFO - Processing file /home/airflow/.local/lib/python3.7/site-packages/airflow/example_dags/example_branch_operator_decorator.py for tasks to queue
[2022-05-23 17:33:11,308] {logging_mixin.py:115} INFO - [2022-05-23 17:33:11,308] {dagbag.py:507} INFO - Filling up the DagBag from /home/airflow/.local/lib/python3.7/site-packages/airflow/example_dags/example_branch_operator_decorator.py
[2022-05-23 17:33:11,336] {processor.py:651} INFO - DAG(s) dict_keys(['example_branch_python_operator_decorator']) retrieved from /home/airflow/.local/lib/python3.7/site-packages/airflow/example_dags/example_branch_operator_decorator.py
[2022-05-23 17:33:11,367] {logging_mixin.py:115} INFO - [2022-05-23 17:33:11,367] {dag.py:2371} INFO - Sync 1 DAGs
[2022-05-23 17:33:11,513] {logging_mixin.py:115} INFO - [2022-05-23 17:33:11,513] {dag.py:2919} INFO - Setting next_dagrun for example_branch_python_operator_decorator to 2022-05-22T00:00:00+00:00, run_after=2022-05-23T00:00:00+00:00
[2022-05-23 17:33:11,550] {processor.py:161} INFO - Processing /home/airflow/.local/lib/python3.7/site-packages/airflow/example_dags/example_branch_operator_decorator.py took 0.253 seconds
[2022-05-23 17:33:42,760] {processor.py:153} INFO - Started process (PID=667) to work on /home/airflow/.local/lib/python3.7/site-packages/airflow/example_dags/example_branch_operator_decorator.py
[2022-05-23 17:33:42,761] {processor.py:641} INFO - Processing file /home/airflow/.local/lib/python3.7/site-packages/airflow/example_dags/example_branch_operator_decorator.py for tasks to queue
[2022-05-23 17:33:42,762] {logging_mixin.py:115} INFO - [2022-05-23 17:33:42,761] {dagbag.py:507} INFO - Filling up the DagBag from /home/airflow/.local/lib/python3.7/site-packages/airflow/example_dags/example_branch_operator_decorator.py
[2022-05-23 17:33:42,800] {processor.py:651} INFO - DAG(s) dict_keys(['example_branch_python_operator_decorator']) retrieved from /home/airflow/.local/lib/python3.7/site-packages/airflow/example_dags/example_branch_operator_decorator.py
[2022-05-23 17:33:42,851] {logging_mixin.py:115} INFO - [2022-05-23 17:33:42,851] {dag.py:2371} INFO - Sync 1 DAGs
[2022-05-23 17:33:43,031] {logging_mixin.py:115} INFO - [2022-05-23 17:33:43,031] {dag.py:2919} INFO - Setting next_dagrun for example_branch_python_operator_decorator to 2022-05-22T00:00:00+00:00, run_after=2022-05-23T00:00:00+00:00
[2022-05-23 17:33:43,275] {processor.py:161} INFO - Processing /home/airflow/.local/lib/python3.7/site-packages/airflow/example_dags/example_branch_operator_decorator.py took 0.521 seconds
[2022-05-23 17:34:14,280] {processor.py:153} INFO - Started process (PID=721) to work on /home/airflow/.local/lib/python3.7/site-packages/airflow/example_dags/example_branch_operator_decorator.py
[2022-05-23 17:34:14,698] {processor.py:641} INFO - Processing file /home/airflow/.local/lib/python3.7/site-packages/airflow/example_dags/example_branch_operator_decorator.py for tasks to queue
[2022-05-23 17:34:14,699] {logging_mixin.py:115} INFO - [2022-05-23 17:34:14,699] {dagbag.py:507} INFO - Filling up the DagBag from /home/airflow/.local/lib/python3.7/site-packages/airflow/example_dags/example_branch_operator_decorator.py
[2022-05-23 17:34:14,732] {processor.py:651} INFO - DAG(s) dict_keys(['example_branch_python_operator_decorator']) retrieved from /home/airflow/.local/lib/python3.7/site-packages/airflow/example_dags/example_branch_operator_decorator.py
[2022-05-23 17:34:14,766] {logging_mixin.py:115} INFO - [2022-05-23 17:34:14,766] {dag.py:2371} INFO - Sync 1 DAGs
[2022-05-23 17:34:14,903] {logging_mixin.py:115} INFO - [2022-05-23 17:34:14,903] {dag.py:2919} INFO - Setting next_dagrun for example_branch_python_operator_decorator to 2022-05-22T00:00:00+00:00, run_after=2022-05-23T00:00:00+00:00
[2022-05-23 17:34:15,985] {processor.py:161} INFO - Processing /home/airflow/.local/lib/python3.7/site-packages/airflow/example_dags/example_branch_operator_decorator.py took 1.708 seconds
[2022-05-23 17:34:46,038] {processor.py:153} INFO - Started process (PID=788) to work on /home/airflow/.local/lib/python3.7/site-packages/airflow/example_dags/example_branch_operator_decorator.py
[2022-05-23 17:34:46,063] {processor.py:641} INFO - Processing file /home/airflow/.local/lib/python3.7/site-packages/airflow/example_dags/example_branch_operator_decorator.py for tasks to queue
[2022-05-23 17:34:46,064] {logging_mixin.py:115} INFO - [2022-05-23 17:34:46,063] {dagbag.py:507} INFO - Filling up the DagBag from /home/airflow/.local/lib/python3.7/site-packages/airflow/example_dags/example_branch_operator_decorator.py
[2022-05-23 17:34:46,092] {processor.py:651} INFO - DAG(s) dict_keys(['example_branch_python_operator_decorator']) retrieved from /home/airflow/.local/lib/python3.7/site-packages/airflow/example_dags/example_branch_operator_decorator.py
[2022-05-23 17:34:46,141] {logging_mixin.py:115} INFO - [2022-05-23 17:34:46,140] {dag.py:2371} INFO - Sync 1 DAGs
[2022-05-23 17:34:46,342] {logging_mixin.py:115} INFO - [2022-05-23 17:34:46,341] {dag.py:2919} INFO - Setting next_dagrun for example_branch_python_operator_decorator to 2022-05-22T00:00:00+00:00, run_after=2022-05-23T00:00:00+00:00
[2022-05-23 17:34:46,847] {processor.py:161} INFO - Processing /home/airflow/.local/lib/python3.7/site-packages/airflow/example_dags/example_branch_operator_decorator.py took 0.813 seconds
[2022-05-23 17:35:17,011] {processor.py:153} INFO - Started process (PID=843) to work on /home/airflow/.local/lib/python3.7/site-packages/airflow/example_dags/example_branch_operator_decorator.py
[2022-05-23 17:35:17,012] {processor.py:641} INFO - Processing file /home/airflow/.local/lib/python3.7/site-packages/airflow/example_dags/example_branch_operator_decorator.py for tasks to queue
[2022-05-23 17:35:17,012] {logging_mixin.py:115} INFO - [2022-05-23 17:35:17,012] {dagbag.py:507} INFO - Filling up the DagBag from /home/airflow/.local/lib/python3.7/site-packages/airflow/example_dags/example_branch_operator_decorator.py
[2022-05-23 17:35:17,035] {processor.py:651} INFO - DAG(s) dict_keys(['example_branch_python_operator_decorator']) retrieved from /home/airflow/.local/lib/python3.7/site-packages/airflow/example_dags/example_branch_operator_decorator.py
[2022-05-23 17:35:17,070] {logging_mixin.py:115} INFO - [2022-05-23 17:35:17,070] {dag.py:2371} INFO - Sync 1 DAGs
[2022-05-23 17:35:17,217] {logging_mixin.py:115} INFO - [2022-05-23 17:35:17,217] {dag.py:2919} INFO - Setting next_dagrun for example_branch_python_operator_decorator to 2022-05-22T00:00:00+00:00, run_after=2022-05-23T00:00:00+00:00
[2022-05-23 17:35:17,262] {processor.py:161} INFO - Processing /home/airflow/.local/lib/python3.7/site-packages/airflow/example_dags/example_branch_operator_decorator.py took 0.255 seconds
[2022-05-23 17:35:47,554] {processor.py:153} INFO - Started process (PID=904) to work on /home/airflow/.local/lib/python3.7/site-packages/airflow/example_dags/example_branch_operator_decorator.py
[2022-05-23 17:35:47,555] {processor.py:641} INFO - Processing file /home/airflow/.local/lib/python3.7/site-packages/airflow/example_dags/example_branch_operator_decorator.py for tasks to queue
[2022-05-23 17:35:47,555] {logging_mixin.py:115} INFO - [2022-05-23 17:35:47,555] {dagbag.py:507} INFO - Filling up the DagBag from /home/airflow/.local/lib/python3.7/site-packages/airflow/example_dags/example_branch_operator_decorator.py
[2022-05-23 17:35:47,575] {processor.py:651} INFO - DAG(s) dict_keys(['example_branch_python_operator_decorator']) retrieved from /home/airflow/.local/lib/python3.7/site-packages/airflow/example_dags/example_branch_operator_decorator.py
[2022-05-23 17:35:47,603] {logging_mixin.py:115} INFO - [2022-05-23 17:35:47,603] {dag.py:2371} INFO - Sync 1 DAGs
[2022-05-23 17:35:47,735] {logging_mixin.py:115} INFO - [2022-05-23 17:35:47,735] {dag.py:2919} INFO - Setting next_dagrun for example_branch_python_operator_decorator to 2022-05-22T00:00:00+00:00, run_after=2022-05-23T00:00:00+00:00
[2022-05-23 17:35:47,762] {processor.py:161} INFO - Processing /home/airflow/.local/lib/python3.7/site-packages/airflow/example_dags/example_branch_operator_decorator.py took 0.211 seconds
[2022-05-23 17:36:18,506] {processor.py:153} INFO - Started process (PID=960) to work on /home/airflow/.local/lib/python3.7/site-packages/airflow/example_dags/example_branch_operator_decorator.py
[2022-05-23 17:36:18,506] {processor.py:641} INFO - Processing file /home/airflow/.local/lib/python3.7/site-packages/airflow/example_dags/example_branch_operator_decorator.py for tasks to queue
[2022-05-23 17:36:18,507] {logging_mixin.py:115} INFO - [2022-05-23 17:36:18,507] {dagbag.py:507} INFO - Filling up the DagBag from /home/airflow/.local/lib/python3.7/site-packages/airflow/example_dags/example_branch_operator_decorator.py
[2022-05-23 17:36:18,530] {processor.py:651} INFO - DAG(s) dict_keys(['example_branch_python_operator_decorator']) retrieved from /home/airflow/.local/lib/python3.7/site-packages/airflow/example_dags/example_branch_operator_decorator.py
[2022-05-23 17:36:18,563] {logging_mixin.py:115} INFO - [2022-05-23 17:36:18,563] {dag.py:2371} INFO - Sync 1 DAGs
[2022-05-23 17:36:18,718] {logging_mixin.py:115} INFO - [2022-05-23 17:36:18,718] {dag.py:2919} INFO - Setting next_dagrun for example_branch_python_operator_decorator to 2022-05-22T00:00:00+00:00, run_after=2022-05-23T00:00:00+00:00
[2022-05-23 17:36:18,753] {processor.py:161} INFO - Processing /home/airflow/.local/lib/python3.7/site-packages/airflow/example_dags/example_branch_operator_decorator.py took 0.251 seconds
[2022-05-23 17:36:51,428] {processor.py:153} INFO - Started process (PID=1023) to work on /home/airflow/.local/lib/python3.7/site-packages/airflow/example_dags/example_branch_operator_decorator.py
[2022-05-23 17:36:51,434] {processor.py:641} INFO - Processing file /home/airflow/.local/lib/python3.7/site-packages/airflow/example_dags/example_branch_operator_decorator.py for tasks to queue
[2022-05-23 17:36:51,434] {logging_mixin.py:115} INFO - [2022-05-23 17:36:51,434] {dagbag.py:507} INFO - Filling up the DagBag from /home/airflow/.local/lib/python3.7/site-packages/airflow/example_dags/example_branch_operator_decorator.py
[2022-05-23 17:36:51,457] {processor.py:651} INFO - DAG(s) dict_keys(['example_branch_python_operator_decorator']) retrieved from /home/airflow/.local/lib/python3.7/site-packages/airflow/example_dags/example_branch_operator_decorator.py
[2022-05-23 17:36:51,490] {logging_mixin.py:115} INFO - [2022-05-23 17:36:51,489] {dag.py:2371} INFO - Sync 1 DAGs
[2022-05-23 17:36:51,643] {logging_mixin.py:115} INFO - [2022-05-23 17:36:51,643] {dag.py:2919} INFO - Setting next_dagrun for example_branch_python_operator_decorator to 2022-05-22T00:00:00+00:00, run_after=2022-05-23T00:00:00+00:00
[2022-05-23 17:36:51,674] {processor.py:161} INFO - Processing /home/airflow/.local/lib/python3.7/site-packages/airflow/example_dags/example_branch_operator_decorator.py took 0.250 seconds
[2022-05-23 17:49:32,917] {processor.py:153} INFO - Started process (PID=81) to work on /home/airflow/.local/lib/python3.7/site-packages/airflow/example_dags/example_branch_operator_decorator.py
[2022-05-23 17:49:33,272] {processor.py:641} INFO - Processing file /home/airflow/.local/lib/python3.7/site-packages/airflow/example_dags/example_branch_operator_decorator.py for tasks to queue
[2022-05-23 17:49:33,273] {logging_mixin.py:115} INFO - [2022-05-23 17:49:33,273] {dagbag.py:507} INFO - Filling up the DagBag from /home/airflow/.local/lib/python3.7/site-packages/airflow/example_dags/example_branch_operator_decorator.py
[2022-05-23 17:49:33,379] {processor.py:651} INFO - DAG(s) dict_keys(['example_branch_python_operator_decorator']) retrieved from /home/airflow/.local/lib/python3.7/site-packages/airflow/example_dags/example_branch_operator_decorator.py
[2022-05-23 17:49:33,633] {logging_mixin.py:115} INFO - [2022-05-23 17:49:33,633] {dag.py:2371} INFO - Sync 1 DAGs
[2022-05-23 17:49:33,695] {logging_mixin.py:115} INFO - [2022-05-23 17:49:33,694] {dag.py:2919} INFO - Setting next_dagrun for example_branch_python_operator_decorator to 2022-05-22T00:00:00+00:00, run_after=2022-05-23T00:00:00+00:00
[2022-05-23 17:49:33,807] {processor.py:161} INFO - Processing /home/airflow/.local/lib/python3.7/site-packages/airflow/example_dags/example_branch_operator_decorator.py took 0.895 seconds
[2022-05-23 17:50:03,933] {processor.py:153} INFO - Started process (PID=135) to work on /home/airflow/.local/lib/python3.7/site-packages/airflow/example_dags/example_branch_operator_decorator.py
[2022-05-23 17:50:03,933] {processor.py:641} INFO - Processing file /home/airflow/.local/lib/python3.7/site-packages/airflow/example_dags/example_branch_operator_decorator.py for tasks to queue
[2022-05-23 17:50:03,934] {logging_mixin.py:115} INFO - [2022-05-23 17:50:03,934] {dagbag.py:507} INFO - Filling up the DagBag from /home/airflow/.local/lib/python3.7/site-packages/airflow/example_dags/example_branch_operator_decorator.py
[2022-05-23 17:50:03,962] {processor.py:651} INFO - DAG(s) dict_keys(['example_branch_python_operator_decorator']) retrieved from /home/airflow/.local/lib/python3.7/site-packages/airflow/example_dags/example_branch_operator_decorator.py
[2022-05-23 17:50:04,114] {logging_mixin.py:115} INFO - [2022-05-23 17:50:04,114] {dag.py:2371} INFO - Sync 1 DAGs
[2022-05-23 17:50:04,143] {logging_mixin.py:115} INFO - [2022-05-23 17:50:04,143] {dag.py:2919} INFO - Setting next_dagrun for example_branch_python_operator_decorator to 2022-05-22T00:00:00+00:00, run_after=2022-05-23T00:00:00+00:00
[2022-05-23 17:50:04,175] {processor.py:161} INFO - Processing /home/airflow/.local/lib/python3.7/site-packages/airflow/example_dags/example_branch_operator_decorator.py took 0.247 seconds
[2022-05-23 17:50:36,126] {processor.py:153} INFO - Started process (PID=198) to work on /home/airflow/.local/lib/python3.7/site-packages/airflow/example_dags/example_branch_operator_decorator.py
[2022-05-23 17:50:36,127] {processor.py:641} INFO - Processing file /home/airflow/.local/lib/python3.7/site-packages/airflow/example_dags/example_branch_operator_decorator.py for tasks to queue
[2022-05-23 17:50:36,128] {logging_mixin.py:115} INFO - [2022-05-23 17:50:36,127] {dagbag.py:507} INFO - Filling up the DagBag from /home/airflow/.local/lib/python3.7/site-packages/airflow/example_dags/example_branch_operator_decorator.py
[2022-05-23 17:50:36,164] {processor.py:651} INFO - DAG(s) dict_keys(['example_branch_python_operator_decorator']) retrieved from /home/airflow/.local/lib/python3.7/site-packages/airflow/example_dags/example_branch_operator_decorator.py
[2022-05-23 17:50:36,333] {logging_mixin.py:115} INFO - [2022-05-23 17:50:36,333] {dag.py:2371} INFO - Sync 1 DAGs
[2022-05-23 17:50:36,366] {logging_mixin.py:115} INFO - [2022-05-23 17:50:36,366] {dag.py:2919} INFO - Setting next_dagrun for example_branch_python_operator_decorator to 2022-05-22T00:00:00+00:00, run_after=2022-05-23T00:00:00+00:00
[2022-05-23 17:50:36,588] {processor.py:161} INFO - Processing /home/airflow/.local/lib/python3.7/site-packages/airflow/example_dags/example_branch_operator_decorator.py took 0.466 seconds
[2022-05-23 17:51:07,024] {processor.py:153} INFO - Started process (PID=252) to work on /home/airflow/.local/lib/python3.7/site-packages/airflow/example_dags/example_branch_operator_decorator.py
[2022-05-23 17:51:07,025] {processor.py:641} INFO - Processing file /home/airflow/.local/lib/python3.7/site-packages/airflow/example_dags/example_branch_operator_decorator.py for tasks to queue
[2022-05-23 17:51:07,025] {logging_mixin.py:115} INFO - [2022-05-23 17:51:07,025] {dagbag.py:507} INFO - Filling up the DagBag from /home/airflow/.local/lib/python3.7/site-packages/airflow/example_dags/example_branch_operator_decorator.py
[2022-05-23 17:51:07,052] {processor.py:651} INFO - DAG(s) dict_keys(['example_branch_python_operator_decorator']) retrieved from /home/airflow/.local/lib/python3.7/site-packages/airflow/example_dags/example_branch_operator_decorator.py
[2022-05-23 17:51:07,207] {logging_mixin.py:115} INFO - [2022-05-23 17:51:07,207] {dag.py:2371} INFO - Sync 1 DAGs
[2022-05-23 17:51:07,236] {logging_mixin.py:115} INFO - [2022-05-23 17:51:07,236] {dag.py:2919} INFO - Setting next_dagrun for example_branch_python_operator_decorator to 2022-05-22T00:00:00+00:00, run_after=2022-05-23T00:00:00+00:00
[2022-05-23 17:51:07,281] {processor.py:161} INFO - Processing /home/airflow/.local/lib/python3.7/site-packages/airflow/example_dags/example_branch_operator_decorator.py took 0.261 seconds
[2022-05-23 17:51:37,764] {processor.py:153} INFO - Started process (PID=313) to work on /home/airflow/.local/lib/python3.7/site-packages/airflow/example_dags/example_branch_operator_decorator.py
[2022-05-23 17:51:37,779] {processor.py:641} INFO - Processing file /home/airflow/.local/lib/python3.7/site-packages/airflow/example_dags/example_branch_operator_decorator.py for tasks to queue
[2022-05-23 17:51:37,780] {logging_mixin.py:115} INFO - [2022-05-23 17:51:37,780] {dagbag.py:507} INFO - Filling up the DagBag from /home/airflow/.local/lib/python3.7/site-packages/airflow/example_dags/example_branch_operator_decorator.py
[2022-05-23 17:51:37,816] {processor.py:651} INFO - DAG(s) dict_keys(['example_branch_python_operator_decorator']) retrieved from /home/airflow/.local/lib/python3.7/site-packages/airflow/example_dags/example_branch_operator_decorator.py
[2022-05-23 17:51:38,003] {logging_mixin.py:115} INFO - [2022-05-23 17:51:38,003] {dag.py:2371} INFO - Sync 1 DAGs
[2022-05-23 17:51:38,031] {logging_mixin.py:115} INFO - [2022-05-23 17:51:38,031] {dag.py:2919} INFO - Setting next_dagrun for example_branch_python_operator_decorator to 2022-05-22T00:00:00+00:00, run_after=2022-05-23T00:00:00+00:00
[2022-05-23 17:51:38,077] {processor.py:161} INFO - Processing /home/airflow/.local/lib/python3.7/site-packages/airflow/example_dags/example_branch_operator_decorator.py took 0.318 seconds
[2022-05-23 17:52:08,186] {processor.py:153} INFO - Started process (PID=368) to work on /home/airflow/.local/lib/python3.7/site-packages/airflow/example_dags/example_branch_operator_decorator.py
[2022-05-23 17:52:08,187] {processor.py:641} INFO - Processing file /home/airflow/.local/lib/python3.7/site-packages/airflow/example_dags/example_branch_operator_decorator.py for tasks to queue
[2022-05-23 17:52:08,187] {logging_mixin.py:115} INFO - [2022-05-23 17:52:08,187] {dagbag.py:507} INFO - Filling up the DagBag from /home/airflow/.local/lib/python3.7/site-packages/airflow/example_dags/example_branch_operator_decorator.py
[2022-05-23 17:52:08,213] {processor.py:651} INFO - DAG(s) dict_keys(['example_branch_python_operator_decorator']) retrieved from /home/airflow/.local/lib/python3.7/site-packages/airflow/example_dags/example_branch_operator_decorator.py
[2022-05-23 17:52:08,352] {logging_mixin.py:115} INFO - [2022-05-23 17:52:08,352] {dag.py:2371} INFO - Sync 1 DAGs
[2022-05-23 17:52:08,387] {logging_mixin.py:115} INFO - [2022-05-23 17:52:08,386] {dag.py:2919} INFO - Setting next_dagrun for example_branch_python_operator_decorator to 2022-05-22T00:00:00+00:00, run_after=2022-05-23T00:00:00+00:00
[2022-05-23 17:52:08,425] {processor.py:161} INFO - Processing /home/airflow/.local/lib/python3.7/site-packages/airflow/example_dags/example_branch_operator_decorator.py took 0.242 seconds
[2022-05-23 17:52:38,539] {processor.py:153} INFO - Started process (PID=422) to work on /home/airflow/.local/lib/python3.7/site-packages/airflow/example_dags/example_branch_operator_decorator.py
[2022-05-23 17:52:38,540] {processor.py:641} INFO - Processing file /home/airflow/.local/lib/python3.7/site-packages/airflow/example_dags/example_branch_operator_decorator.py for tasks to queue
[2022-05-23 17:52:38,541] {logging_mixin.py:115} INFO - [2022-05-23 17:52:38,541] {dagbag.py:507} INFO - Filling up the DagBag from /home/airflow/.local/lib/python3.7/site-packages/airflow/example_dags/example_branch_operator_decorator.py
[2022-05-23 17:52:38,569] {processor.py:651} INFO - DAG(s) dict_keys(['example_branch_python_operator_decorator']) retrieved from /home/airflow/.local/lib/python3.7/site-packages/airflow/example_dags/example_branch_operator_decorator.py
[2022-05-23 17:52:38,716] {logging_mixin.py:115} INFO - [2022-05-23 17:52:38,716] {dag.py:2371} INFO - Sync 1 DAGs
[2022-05-23 17:52:38,745] {logging_mixin.py:115} INFO - [2022-05-23 17:52:38,745] {dag.py:2919} INFO - Setting next_dagrun for example_branch_python_operator_decorator to 2022-05-22T00:00:00+00:00, run_after=2022-05-23T00:00:00+00:00
[2022-05-23 17:52:38,789] {processor.py:161} INFO - Processing /home/airflow/.local/lib/python3.7/site-packages/airflow/example_dags/example_branch_operator_decorator.py took 0.253 seconds
[2022-05-23 17:53:12,380] {processor.py:153} INFO - Started process (PID=484) to work on /home/airflow/.local/lib/python3.7/site-packages/airflow/example_dags/example_branch_operator_decorator.py
[2022-05-23 17:53:12,507] {processor.py:641} INFO - Processing file /home/airflow/.local/lib/python3.7/site-packages/airflow/example_dags/example_branch_operator_decorator.py for tasks to queue
[2022-05-23 17:53:12,509] {logging_mixin.py:115} INFO - [2022-05-23 17:53:12,509] {dagbag.py:507} INFO - Filling up the DagBag from /home/airflow/.local/lib/python3.7/site-packages/airflow/example_dags/example_branch_operator_decorator.py
[2022-05-23 17:53:12,558] {processor.py:651} INFO - DAG(s) dict_keys(['example_branch_python_operator_decorator']) retrieved from /home/airflow/.local/lib/python3.7/site-packages/airflow/example_dags/example_branch_operator_decorator.py
[2022-05-23 17:53:12,713] {logging_mixin.py:115} INFO - [2022-05-23 17:53:12,713] {dag.py:2371} INFO - Sync 1 DAGs
[2022-05-23 17:53:12,742] {logging_mixin.py:115} INFO - [2022-05-23 17:53:12,742] {dag.py:2919} INFO - Setting next_dagrun for example_branch_python_operator_decorator to 2022-05-22T00:00:00+00:00, run_after=2022-05-23T00:00:00+00:00
[2022-05-23 17:53:12,797] {processor.py:161} INFO - Processing /home/airflow/.local/lib/python3.7/site-packages/airflow/example_dags/example_branch_operator_decorator.py took 0.421 seconds
[2022-05-23 17:53:43,129] {processor.py:153} INFO - Started process (PID=537) to work on /home/airflow/.local/lib/python3.7/site-packages/airflow/example_dags/example_branch_operator_decorator.py
[2022-05-23 17:53:43,129] {processor.py:641} INFO - Processing file /home/airflow/.local/lib/python3.7/site-packages/airflow/example_dags/example_branch_operator_decorator.py for tasks to queue
[2022-05-23 17:53:43,130] {logging_mixin.py:115} INFO - [2022-05-23 17:53:43,130] {dagbag.py:507} INFO - Filling up the DagBag from /home/airflow/.local/lib/python3.7/site-packages/airflow/example_dags/example_branch_operator_decorator.py
[2022-05-23 17:53:43,159] {processor.py:651} INFO - DAG(s) dict_keys(['example_branch_python_operator_decorator']) retrieved from /home/airflow/.local/lib/python3.7/site-packages/airflow/example_dags/example_branch_operator_decorator.py
[2022-05-23 17:53:43,311] {logging_mixin.py:115} INFO - [2022-05-23 17:53:43,311] {dag.py:2371} INFO - Sync 1 DAGs
[2022-05-23 17:53:43,341] {logging_mixin.py:115} INFO - [2022-05-23 17:53:43,341] {dag.py:2919} INFO - Setting next_dagrun for example_branch_python_operator_decorator to 2022-05-22T00:00:00+00:00, run_after=2022-05-23T00:00:00+00:00
[2022-05-23 17:53:43,372] {processor.py:161} INFO - Processing /home/airflow/.local/lib/python3.7/site-packages/airflow/example_dags/example_branch_operator_decorator.py took 0.248 seconds
[2022-05-23 17:54:14,284] {processor.py:153} INFO - Started process (PID=598) to work on /home/airflow/.local/lib/python3.7/site-packages/airflow/example_dags/example_branch_operator_decorator.py
[2022-05-23 17:54:14,284] {processor.py:641} INFO - Processing file /home/airflow/.local/lib/python3.7/site-packages/airflow/example_dags/example_branch_operator_decorator.py for tasks to queue
[2022-05-23 17:54:14,285] {logging_mixin.py:115} INFO - [2022-05-23 17:54:14,285] {dagbag.py:507} INFO - Filling up the DagBag from /home/airflow/.local/lib/python3.7/site-packages/airflow/example_dags/example_branch_operator_decorator.py
[2022-05-23 17:54:14,330] {processor.py:651} INFO - DAG(s) dict_keys(['example_branch_python_operator_decorator']) retrieved from /home/airflow/.local/lib/python3.7/site-packages/airflow/example_dags/example_branch_operator_decorator.py
[2022-05-23 17:54:14,573] {logging_mixin.py:115} INFO - [2022-05-23 17:54:14,572] {dag.py:2371} INFO - Sync 1 DAGs
[2022-05-23 17:54:14,616] {logging_mixin.py:115} INFO - [2022-05-23 17:54:14,615] {dag.py:2919} INFO - Setting next_dagrun for example_branch_python_operator_decorator to 2022-05-22T00:00:00+00:00, run_after=2022-05-23T00:00:00+00:00
[2022-05-23 17:54:14,668] {processor.py:161} INFO - Processing /home/airflow/.local/lib/python3.7/site-packages/airflow/example_dags/example_branch_operator_decorator.py took 0.391 seconds
[2022-05-23 18:03:49,820] {processor.py:153} INFO - Started process (PID=81) to work on /home/airflow/.local/lib/python3.7/site-packages/airflow/example_dags/example_branch_operator_decorator.py
[2022-05-23 18:03:49,957] {processor.py:641} INFO - Processing file /home/airflow/.local/lib/python3.7/site-packages/airflow/example_dags/example_branch_operator_decorator.py for tasks to queue
[2022-05-23 18:03:49,958] {logging_mixin.py:115} INFO - [2022-05-23 18:03:49,958] {dagbag.py:507} INFO - Filling up the DagBag from /home/airflow/.local/lib/python3.7/site-packages/airflow/example_dags/example_branch_operator_decorator.py
[2022-05-23 18:03:50,134] {processor.py:651} INFO - DAG(s) dict_keys(['example_branch_python_operator_decorator']) retrieved from /home/airflow/.local/lib/python3.7/site-packages/airflow/example_dags/example_branch_operator_decorator.py
[2022-05-23 18:03:50,278] {logging_mixin.py:115} INFO - [2022-05-23 18:03:50,278] {dag.py:2371} INFO - Sync 1 DAGs
[2022-05-23 18:03:50,444] {logging_mixin.py:115} INFO - [2022-05-23 18:03:50,443] {dag.py:2919} INFO - Setting next_dagrun for example_branch_python_operator_decorator to 2022-05-22T00:00:00+00:00, run_after=2022-05-23T00:00:00+00:00
[2022-05-23 18:03:50,694] {processor.py:161} INFO - Processing /home/airflow/.local/lib/python3.7/site-packages/airflow/example_dags/example_branch_operator_decorator.py took 0.878 seconds
[2022-05-23 18:04:21,173] {processor.py:153} INFO - Started process (PID=144) to work on /home/airflow/.local/lib/python3.7/site-packages/airflow/example_dags/example_branch_operator_decorator.py
[2022-05-23 18:04:21,348] {processor.py:641} INFO - Processing file /home/airflow/.local/lib/python3.7/site-packages/airflow/example_dags/example_branch_operator_decorator.py for tasks to queue
[2022-05-23 18:04:21,349] {logging_mixin.py:115} INFO - [2022-05-23 18:04:21,348] {dagbag.py:507} INFO - Filling up the DagBag from /home/airflow/.local/lib/python3.7/site-packages/airflow/example_dags/example_branch_operator_decorator.py
[2022-05-23 18:04:21,381] {processor.py:651} INFO - DAG(s) dict_keys(['example_branch_python_operator_decorator']) retrieved from /home/airflow/.local/lib/python3.7/site-packages/airflow/example_dags/example_branch_operator_decorator.py
[2022-05-23 18:04:21,566] {logging_mixin.py:115} INFO - [2022-05-23 18:04:21,566] {dag.py:2371} INFO - Sync 1 DAGs
[2022-05-23 18:04:21,605] {logging_mixin.py:115} INFO - [2022-05-23 18:04:21,605] {dag.py:2919} INFO - Setting next_dagrun for example_branch_python_operator_decorator to 2022-05-22T00:00:00+00:00, run_after=2022-05-23T00:00:00+00:00
[2022-05-23 18:04:21,938] {processor.py:161} INFO - Processing /home/airflow/.local/lib/python3.7/site-packages/airflow/example_dags/example_branch_operator_decorator.py took 0.770 seconds
[2022-05-23 18:04:52,360] {processor.py:153} INFO - Started process (PID=199) to work on /home/airflow/.local/lib/python3.7/site-packages/airflow/example_dags/example_branch_operator_decorator.py
[2022-05-23 18:04:52,360] {processor.py:641} INFO - Processing file /home/airflow/.local/lib/python3.7/site-packages/airflow/example_dags/example_branch_operator_decorator.py for tasks to queue
[2022-05-23 18:04:52,361] {logging_mixin.py:115} INFO - [2022-05-23 18:04:52,361] {dagbag.py:507} INFO - Filling up the DagBag from /home/airflow/.local/lib/python3.7/site-packages/airflow/example_dags/example_branch_operator_decorator.py
[2022-05-23 18:04:52,398] {processor.py:651} INFO - DAG(s) dict_keys(['example_branch_python_operator_decorator']) retrieved from /home/airflow/.local/lib/python3.7/site-packages/airflow/example_dags/example_branch_operator_decorator.py
[2022-05-23 18:04:52,610] {logging_mixin.py:115} INFO - [2022-05-23 18:04:52,610] {dag.py:2371} INFO - Sync 1 DAGs
[2022-05-23 18:04:52,645] {logging_mixin.py:115} INFO - [2022-05-23 18:04:52,645] {dag.py:2919} INFO - Setting next_dagrun for example_branch_python_operator_decorator to 2022-05-22T00:00:00+00:00, run_after=2022-05-23T00:00:00+00:00
[2022-05-23 18:04:54,084] {processor.py:161} INFO - Processing /home/airflow/.local/lib/python3.7/site-packages/airflow/example_dags/example_branch_operator_decorator.py took 1.728 seconds
[2022-05-23 18:05:24,900] {processor.py:153} INFO - Started process (PID=253) to work on /home/airflow/.local/lib/python3.7/site-packages/airflow/example_dags/example_branch_operator_decorator.py
[2022-05-23 18:05:24,936] {processor.py:641} INFO - Processing file /home/airflow/.local/lib/python3.7/site-packages/airflow/example_dags/example_branch_operator_decorator.py for tasks to queue
[2022-05-23 18:05:24,937] {logging_mixin.py:115} INFO - [2022-05-23 18:05:24,937] {dagbag.py:507} INFO - Filling up the DagBag from /home/airflow/.local/lib/python3.7/site-packages/airflow/example_dags/example_branch_operator_decorator.py
[2022-05-23 18:05:24,967] {processor.py:651} INFO - DAG(s) dict_keys(['example_branch_python_operator_decorator']) retrieved from /home/airflow/.local/lib/python3.7/site-packages/airflow/example_dags/example_branch_operator_decorator.py
[2022-05-23 18:05:25,139] {logging_mixin.py:115} INFO - [2022-05-23 18:05:25,138] {dag.py:2371} INFO - Sync 1 DAGs
[2022-05-23 18:05:25,172] {logging_mixin.py:115} INFO - [2022-05-23 18:05:25,171] {dag.py:2919} INFO - Setting next_dagrun for example_branch_python_operator_decorator to 2022-05-22T00:00:00+00:00, run_after=2022-05-23T00:00:00+00:00
[2022-05-23 18:05:25,199] {processor.py:161} INFO - Processing /home/airflow/.local/lib/python3.7/site-packages/airflow/example_dags/example_branch_operator_decorator.py took 0.303 seconds
[2022-05-23 18:05:55,517] {processor.py:153} INFO - Started process (PID=308) to work on /home/airflow/.local/lib/python3.7/site-packages/airflow/example_dags/example_branch_operator_decorator.py
[2022-05-23 18:05:55,518] {processor.py:641} INFO - Processing file /home/airflow/.local/lib/python3.7/site-packages/airflow/example_dags/example_branch_operator_decorator.py for tasks to queue
[2022-05-23 18:05:55,518] {logging_mixin.py:115} INFO - [2022-05-23 18:05:55,518] {dagbag.py:507} INFO - Filling up the DagBag from /home/airflow/.local/lib/python3.7/site-packages/airflow/example_dags/example_branch_operator_decorator.py
[2022-05-23 18:05:55,545] {processor.py:651} INFO - DAG(s) dict_keys(['example_branch_python_operator_decorator']) retrieved from /home/airflow/.local/lib/python3.7/site-packages/airflow/example_dags/example_branch_operator_decorator.py
[2022-05-23 18:05:55,700] {logging_mixin.py:115} INFO - [2022-05-23 18:05:55,700] {dag.py:2371} INFO - Sync 1 DAGs
[2022-05-23 18:05:55,730] {logging_mixin.py:115} INFO - [2022-05-23 18:05:55,730] {dag.py:2919} INFO - Setting next_dagrun for example_branch_python_operator_decorator to 2022-05-22T00:00:00+00:00, run_after=2022-05-23T00:00:00+00:00
[2022-05-23 18:05:55,761] {processor.py:161} INFO - Processing /home/airflow/.local/lib/python3.7/site-packages/airflow/example_dags/example_branch_operator_decorator.py took 0.248 seconds
[2022-05-23 18:06:26,378] {processor.py:153} INFO - Started process (PID=362) to work on /home/airflow/.local/lib/python3.7/site-packages/airflow/example_dags/example_branch_operator_decorator.py
[2022-05-23 18:06:27,209] {processor.py:641} INFO - Processing file /home/airflow/.local/lib/python3.7/site-packages/airflow/example_dags/example_branch_operator_decorator.py for tasks to queue
[2022-05-23 18:06:27,209] {logging_mixin.py:115} INFO - [2022-05-23 18:06:27,209] {dagbag.py:507} INFO - Filling up the DagBag from /home/airflow/.local/lib/python3.7/site-packages/airflow/example_dags/example_branch_operator_decorator.py
[2022-05-23 18:06:27,234] {processor.py:651} INFO - DAG(s) dict_keys(['example_branch_python_operator_decorator']) retrieved from /home/airflow/.local/lib/python3.7/site-packages/airflow/example_dags/example_branch_operator_decorator.py
[2022-05-23 18:06:27,394] {logging_mixin.py:115} INFO - [2022-05-23 18:06:27,394] {dag.py:2371} INFO - Sync 1 DAGs
[2022-05-23 18:06:27,424] {logging_mixin.py:115} INFO - [2022-05-23 18:06:27,424] {dag.py:2919} INFO - Setting next_dagrun for example_branch_python_operator_decorator to 2022-05-22T00:00:00+00:00, run_after=2022-05-23T00:00:00+00:00
[2022-05-23 18:06:27,454] {processor.py:161} INFO - Processing /home/airflow/.local/lib/python3.7/site-packages/airflow/example_dags/example_branch_operator_decorator.py took 1.078 seconds
[2022-05-23 18:06:58,156] {processor.py:153} INFO - Started process (PID=426) to work on /home/airflow/.local/lib/python3.7/site-packages/airflow/example_dags/example_branch_operator_decorator.py
[2022-05-23 18:06:58,156] {processor.py:641} INFO - Processing file /home/airflow/.local/lib/python3.7/site-packages/airflow/example_dags/example_branch_operator_decorator.py for tasks to queue
[2022-05-23 18:06:58,157] {logging_mixin.py:115} INFO - [2022-05-23 18:06:58,157] {dagbag.py:507} INFO - Filling up the DagBag from /home/airflow/.local/lib/python3.7/site-packages/airflow/example_dags/example_branch_operator_decorator.py
[2022-05-23 18:06:58,202] {processor.py:651} INFO - DAG(s) dict_keys(['example_branch_python_operator_decorator']) retrieved from /home/airflow/.local/lib/python3.7/site-packages/airflow/example_dags/example_branch_operator_decorator.py
[2022-05-23 18:06:58,388] {logging_mixin.py:115} INFO - [2022-05-23 18:06:58,388] {dag.py:2371} INFO - Sync 1 DAGs
[2022-05-23 18:06:58,427] {logging_mixin.py:115} INFO - [2022-05-23 18:06:58,427] {dag.py:2919} INFO - Setting next_dagrun for example_branch_python_operator_decorator to 2022-05-22T00:00:00+00:00, run_after=2022-05-23T00:00:00+00:00
[2022-05-23 18:06:58,467] {processor.py:161} INFO - Processing /home/airflow/.local/lib/python3.7/site-packages/airflow/example_dags/example_branch_operator_decorator.py took 0.317 seconds
[2022-05-23 18:07:28,960] {processor.py:153} INFO - Started process (PID=479) to work on /home/airflow/.local/lib/python3.7/site-packages/airflow/example_dags/example_branch_operator_decorator.py
[2022-05-23 18:07:28,970] {processor.py:641} INFO - Processing file /home/airflow/.local/lib/python3.7/site-packages/airflow/example_dags/example_branch_operator_decorator.py for tasks to queue
[2022-05-23 18:07:28,970] {logging_mixin.py:115} INFO - [2022-05-23 18:07:28,970] {dagbag.py:507} INFO - Filling up the DagBag from /home/airflow/.local/lib/python3.7/site-packages/airflow/example_dags/example_branch_operator_decorator.py
[2022-05-23 18:07:28,998] {processor.py:651} INFO - DAG(s) dict_keys(['example_branch_python_operator_decorator']) retrieved from /home/airflow/.local/lib/python3.7/site-packages/airflow/example_dags/example_branch_operator_decorator.py
[2022-05-23 18:07:29,140] {logging_mixin.py:115} INFO - [2022-05-23 18:07:29,140] {dag.py:2371} INFO - Sync 1 DAGs
[2022-05-23 18:07:29,169] {logging_mixin.py:115} INFO - [2022-05-23 18:07:29,169] {dag.py:2919} INFO - Setting next_dagrun for example_branch_python_operator_decorator to 2022-05-22T00:00:00+00:00, run_after=2022-05-23T00:00:00+00:00
[2022-05-23 18:07:29,200] {processor.py:161} INFO - Processing /home/airflow/.local/lib/python3.7/site-packages/airflow/example_dags/example_branch_operator_decorator.py took 0.244 seconds
[2022-05-23 18:07:59,386] {processor.py:153} INFO - Started process (PID=533) to work on /home/airflow/.local/lib/python3.7/site-packages/airflow/example_dags/example_branch_operator_decorator.py
[2022-05-23 18:07:59,389] {processor.py:641} INFO - Processing file /home/airflow/.local/lib/python3.7/site-packages/airflow/example_dags/example_branch_operator_decorator.py for tasks to queue
[2022-05-23 18:07:59,391] {logging_mixin.py:115} INFO - [2022-05-23 18:07:59,390] {dagbag.py:507} INFO - Filling up the DagBag from /home/airflow/.local/lib/python3.7/site-packages/airflow/example_dags/example_branch_operator_decorator.py
[2022-05-23 18:07:59,430] {processor.py:651} INFO - DAG(s) dict_keys(['example_branch_python_operator_decorator']) retrieved from /home/airflow/.local/lib/python3.7/site-packages/airflow/example_dags/example_branch_operator_decorator.py
[2022-05-23 18:07:59,569] {logging_mixin.py:115} INFO - [2022-05-23 18:07:59,569] {dag.py:2371} INFO - Sync 1 DAGs
[2022-05-23 18:07:59,598] {logging_mixin.py:115} INFO - [2022-05-23 18:07:59,598] {dag.py:2919} INFO - Setting next_dagrun for example_branch_python_operator_decorator to 2022-05-22T00:00:00+00:00, run_after=2022-05-23T00:00:00+00:00
[2022-05-23 18:07:59,630] {processor.py:161} INFO - Processing /home/airflow/.local/lib/python3.7/site-packages/airflow/example_dags/example_branch_operator_decorator.py took 0.248 seconds
[2022-05-23 18:08:30,654] {processor.py:153} INFO - Started process (PID=596) to work on /home/airflow/.local/lib/python3.7/site-packages/airflow/example_dags/example_branch_operator_decorator.py
[2022-05-23 18:08:30,655] {processor.py:641} INFO - Processing file /home/airflow/.local/lib/python3.7/site-packages/airflow/example_dags/example_branch_operator_decorator.py for tasks to queue
[2022-05-23 18:08:30,656] {logging_mixin.py:115} INFO - [2022-05-23 18:08:30,656] {dagbag.py:507} INFO - Filling up the DagBag from /home/airflow/.local/lib/python3.7/site-packages/airflow/example_dags/example_branch_operator_decorator.py
[2022-05-23 18:08:30,693] {processor.py:651} INFO - DAG(s) dict_keys(['example_branch_python_operator_decorator']) retrieved from /home/airflow/.local/lib/python3.7/site-packages/airflow/example_dags/example_branch_operator_decorator.py
[2022-05-23 18:08:30,842] {logging_mixin.py:115} INFO - [2022-05-23 18:08:30,842] {dag.py:2371} INFO - Sync 1 DAGs
[2022-05-23 18:08:30,869] {logging_mixin.py:115} INFO - [2022-05-23 18:08:30,869] {dag.py:2919} INFO - Setting next_dagrun for example_branch_python_operator_decorator to 2022-05-22T00:00:00+00:00, run_after=2022-05-23T00:00:00+00:00
[2022-05-23 18:08:30,903] {processor.py:161} INFO - Processing /home/airflow/.local/lib/python3.7/site-packages/airflow/example_dags/example_branch_operator_decorator.py took 0.253 seconds
[2022-05-23 18:09:02,585] {processor.py:153} INFO - Started process (PID=649) to work on /home/airflow/.local/lib/python3.7/site-packages/airflow/example_dags/example_branch_operator_decorator.py
[2022-05-23 18:09:02,586] {processor.py:641} INFO - Processing file /home/airflow/.local/lib/python3.7/site-packages/airflow/example_dags/example_branch_operator_decorator.py for tasks to queue
[2022-05-23 18:09:02,587] {logging_mixin.py:115} INFO - [2022-05-23 18:09:02,586] {dagbag.py:507} INFO - Filling up the DagBag from /home/airflow/.local/lib/python3.7/site-packages/airflow/example_dags/example_branch_operator_decorator.py
[2022-05-23 18:09:02,613] {processor.py:651} INFO - DAG(s) dict_keys(['example_branch_python_operator_decorator']) retrieved from /home/airflow/.local/lib/python3.7/site-packages/airflow/example_dags/example_branch_operator_decorator.py
[2022-05-23 18:09:02,641] {logging_mixin.py:115} INFO - [2022-05-23 18:09:02,640] {dag.py:2371} INFO - Sync 1 DAGs
[2022-05-23 18:09:02,668] {logging_mixin.py:115} INFO - [2022-05-23 18:09:02,668] {dag.py:2919} INFO - Setting next_dagrun for example_branch_python_operator_decorator to 2022-05-22T00:00:00+00:00, run_after=2022-05-23T00:00:00+00:00
[2022-05-23 18:09:02,701] {processor.py:161} INFO - Processing /home/airflow/.local/lib/python3.7/site-packages/airflow/example_dags/example_branch_operator_decorator.py took 0.118 seconds
[2022-05-23 18:09:33,716] {processor.py:153} INFO - Started process (PID=703) to work on /home/airflow/.local/lib/python3.7/site-packages/airflow/example_dags/example_branch_operator_decorator.py
[2022-05-23 18:09:33,726] {processor.py:641} INFO - Processing file /home/airflow/.local/lib/python3.7/site-packages/airflow/example_dags/example_branch_operator_decorator.py for tasks to queue
[2022-05-23 18:09:33,726] {logging_mixin.py:115} INFO - [2022-05-23 18:09:33,726] {dagbag.py:507} INFO - Filling up the DagBag from /home/airflow/.local/lib/python3.7/site-packages/airflow/example_dags/example_branch_operator_decorator.py
[2022-05-23 18:09:33,755] {processor.py:651} INFO - DAG(s) dict_keys(['example_branch_python_operator_decorator']) retrieved from /home/airflow/.local/lib/python3.7/site-packages/airflow/example_dags/example_branch_operator_decorator.py
[2022-05-23 18:09:33,790] {logging_mixin.py:115} INFO - [2022-05-23 18:09:33,790] {dag.py:2371} INFO - Sync 1 DAGs
[2022-05-23 18:09:33,823] {logging_mixin.py:115} INFO - [2022-05-23 18:09:33,822] {dag.py:2919} INFO - Setting next_dagrun for example_branch_python_operator_decorator to 2022-05-22T00:00:00+00:00, run_after=2022-05-23T00:00:00+00:00
[2022-05-23 18:09:33,947] {processor.py:161} INFO - Processing /home/airflow/.local/lib/python3.7/site-packages/airflow/example_dags/example_branch_operator_decorator.py took 0.235 seconds
[2022-05-23 18:10:05,003] {processor.py:153} INFO - Started process (PID=766) to work on /home/airflow/.local/lib/python3.7/site-packages/airflow/example_dags/example_branch_operator_decorator.py
[2022-05-23 18:10:05,030] {processor.py:641} INFO - Processing file /home/airflow/.local/lib/python3.7/site-packages/airflow/example_dags/example_branch_operator_decorator.py for tasks to queue
[2022-05-23 18:10:05,033] {logging_mixin.py:115} INFO - [2022-05-23 18:10:05,033] {dagbag.py:507} INFO - Filling up the DagBag from /home/airflow/.local/lib/python3.7/site-packages/airflow/example_dags/example_branch_operator_decorator.py
[2022-05-23 18:10:05,064] {processor.py:651} INFO - DAG(s) dict_keys(['example_branch_python_operator_decorator']) retrieved from /home/airflow/.local/lib/python3.7/site-packages/airflow/example_dags/example_branch_operator_decorator.py
[2022-05-23 18:10:05,102] {logging_mixin.py:115} INFO - [2022-05-23 18:10:05,102] {dag.py:2371} INFO - Sync 1 DAGs
[2022-05-23 18:10:05,144] {logging_mixin.py:115} INFO - [2022-05-23 18:10:05,144] {dag.py:2919} INFO - Setting next_dagrun for example_branch_python_operator_decorator to 2022-05-22T00:00:00+00:00, run_after=2022-05-23T00:00:00+00:00
[2022-05-23 18:10:05,208] {processor.py:161} INFO - Processing /home/airflow/.local/lib/python3.7/site-packages/airflow/example_dags/example_branch_operator_decorator.py took 0.208 seconds
[2022-05-23 18:10:37,395] {processor.py:153} INFO - Started process (PID=820) to work on /home/airflow/.local/lib/python3.7/site-packages/airflow/example_dags/example_branch_operator_decorator.py
[2022-05-23 18:10:37,396] {processor.py:641} INFO - Processing file /home/airflow/.local/lib/python3.7/site-packages/airflow/example_dags/example_branch_operator_decorator.py for tasks to queue
[2022-05-23 18:10:37,396] {logging_mixin.py:115} INFO - [2022-05-23 18:10:37,396] {dagbag.py:507} INFO - Filling up the DagBag from /home/airflow/.local/lib/python3.7/site-packages/airflow/example_dags/example_branch_operator_decorator.py
[2022-05-23 18:10:37,421] {processor.py:651} INFO - DAG(s) dict_keys(['example_branch_python_operator_decorator']) retrieved from /home/airflow/.local/lib/python3.7/site-packages/airflow/example_dags/example_branch_operator_decorator.py
[2022-05-23 18:10:37,452] {logging_mixin.py:115} INFO - [2022-05-23 18:10:37,451] {dag.py:2371} INFO - Sync 1 DAGs
[2022-05-23 18:10:37,482] {logging_mixin.py:115} INFO - [2022-05-23 18:10:37,482] {dag.py:2919} INFO - Setting next_dagrun for example_branch_python_operator_decorator to 2022-05-22T00:00:00+00:00, run_after=2022-05-23T00:00:00+00:00
[2022-05-23 18:10:37,737] {processor.py:161} INFO - Processing /home/airflow/.local/lib/python3.7/site-packages/airflow/example_dags/example_branch_operator_decorator.py took 0.345 seconds
[2022-05-23 18:11:08,977] {processor.py:153} INFO - Started process (PID=883) to work on /home/airflow/.local/lib/python3.7/site-packages/airflow/example_dags/example_branch_operator_decorator.py
[2022-05-23 18:11:08,977] {processor.py:641} INFO - Processing file /home/airflow/.local/lib/python3.7/site-packages/airflow/example_dags/example_branch_operator_decorator.py for tasks to queue
[2022-05-23 18:11:08,978] {logging_mixin.py:115} INFO - [2022-05-23 18:11:08,978] {dagbag.py:507} INFO - Filling up the DagBag from /home/airflow/.local/lib/python3.7/site-packages/airflow/example_dags/example_branch_operator_decorator.py
[2022-05-23 18:11:09,005] {processor.py:651} INFO - DAG(s) dict_keys(['example_branch_python_operator_decorator']) retrieved from /home/airflow/.local/lib/python3.7/site-packages/airflow/example_dags/example_branch_operator_decorator.py
[2022-05-23 18:11:09,037] {logging_mixin.py:115} INFO - [2022-05-23 18:11:09,037] {dag.py:2371} INFO - Sync 1 DAGs
[2022-05-23 18:11:09,066] {logging_mixin.py:115} INFO - [2022-05-23 18:11:09,066] {dag.py:2919} INFO - Setting next_dagrun for example_branch_python_operator_decorator to 2022-05-22T00:00:00+00:00, run_after=2022-05-23T00:00:00+00:00
[2022-05-23 18:11:09,099] {processor.py:161} INFO - Processing /home/airflow/.local/lib/python3.7/site-packages/airflow/example_dags/example_branch_operator_decorator.py took 0.126 seconds
[2022-05-23 18:11:39,973] {processor.py:153} INFO - Started process (PID=935) to work on /home/airflow/.local/lib/python3.7/site-packages/airflow/example_dags/example_branch_operator_decorator.py
[2022-05-23 18:11:39,983] {processor.py:641} INFO - Processing file /home/airflow/.local/lib/python3.7/site-packages/airflow/example_dags/example_branch_operator_decorator.py for tasks to queue
[2022-05-23 18:11:39,983] {logging_mixin.py:115} INFO - [2022-05-23 18:11:39,983] {dagbag.py:507} INFO - Filling up the DagBag from /home/airflow/.local/lib/python3.7/site-packages/airflow/example_dags/example_branch_operator_decorator.py
[2022-05-23 18:11:40,015] {processor.py:651} INFO - DAG(s) dict_keys(['example_branch_python_operator_decorator']) retrieved from /home/airflow/.local/lib/python3.7/site-packages/airflow/example_dags/example_branch_operator_decorator.py
[2022-05-23 18:11:40,057] {logging_mixin.py:115} INFO - [2022-05-23 18:11:40,057] {dag.py:2371} INFO - Sync 1 DAGs
[2022-05-23 18:11:40,097] {logging_mixin.py:115} INFO - [2022-05-23 18:11:40,097] {dag.py:2919} INFO - Setting next_dagrun for example_branch_python_operator_decorator to 2022-05-22T00:00:00+00:00, run_after=2022-05-23T00:00:00+00:00
[2022-05-23 18:11:40,149] {processor.py:161} INFO - Processing /home/airflow/.local/lib/python3.7/site-packages/airflow/example_dags/example_branch_operator_decorator.py took 0.180 seconds
[2022-05-23 18:12:13,085] {processor.py:153} INFO - Started process (PID=998) to work on /home/airflow/.local/lib/python3.7/site-packages/airflow/example_dags/example_branch_operator_decorator.py
[2022-05-23 18:12:13,221] {processor.py:641} INFO - Processing file /home/airflow/.local/lib/python3.7/site-packages/airflow/example_dags/example_branch_operator_decorator.py for tasks to queue
[2022-05-23 18:12:13,222] {logging_mixin.py:115} INFO - [2022-05-23 18:12:13,222] {dagbag.py:507} INFO - Filling up the DagBag from /home/airflow/.local/lib/python3.7/site-packages/airflow/example_dags/example_branch_operator_decorator.py
[2022-05-23 18:12:13,258] {processor.py:651} INFO - DAG(s) dict_keys(['example_branch_python_operator_decorator']) retrieved from /home/airflow/.local/lib/python3.7/site-packages/airflow/example_dags/example_branch_operator_decorator.py
[2022-05-23 18:12:13,286] {logging_mixin.py:115} INFO - [2022-05-23 18:12:13,286] {dag.py:2371} INFO - Sync 1 DAGs
[2022-05-23 18:12:13,314] {logging_mixin.py:115} INFO - [2022-05-23 18:12:13,314] {dag.py:2919} INFO - Setting next_dagrun for example_branch_python_operator_decorator to 2022-05-22T00:00:00+00:00, run_after=2022-05-23T00:00:00+00:00
[2022-05-23 18:12:13,566] {processor.py:161} INFO - Processing /home/airflow/.local/lib/python3.7/site-packages/airflow/example_dags/example_branch_operator_decorator.py took 0.484 seconds
[2022-05-23 18:12:44,379] {processor.py:153} INFO - Started process (PID=1052) to work on /home/airflow/.local/lib/python3.7/site-packages/airflow/example_dags/example_branch_operator_decorator.py
[2022-05-23 18:12:45,150] {processor.py:641} INFO - Processing file /home/airflow/.local/lib/python3.7/site-packages/airflow/example_dags/example_branch_operator_decorator.py for tasks to queue
[2022-05-23 18:12:45,235] {logging_mixin.py:115} INFO - [2022-05-23 18:12:45,235] {dagbag.py:507} INFO - Filling up the DagBag from /home/airflow/.local/lib/python3.7/site-packages/airflow/example_dags/example_branch_operator_decorator.py
[2022-05-23 18:12:45,263] {processor.py:651} INFO - DAG(s) dict_keys(['example_branch_python_operator_decorator']) retrieved from /home/airflow/.local/lib/python3.7/site-packages/airflow/example_dags/example_branch_operator_decorator.py
[2022-05-23 18:12:45,289] {logging_mixin.py:115} INFO - [2022-05-23 18:12:45,288] {dag.py:2371} INFO - Sync 1 DAGs
[2022-05-23 18:12:45,314] {logging_mixin.py:115} INFO - [2022-05-23 18:12:45,314] {dag.py:2919} INFO - Setting next_dagrun for example_branch_python_operator_decorator to 2022-05-22T00:00:00+00:00, run_after=2022-05-23T00:00:00+00:00
[2022-05-23 18:12:45,353] {processor.py:161} INFO - Processing /home/airflow/.local/lib/python3.7/site-packages/airflow/example_dags/example_branch_operator_decorator.py took 0.983 seconds
[2022-05-23 18:13:17,446] {processor.py:153} INFO - Started process (PID=1114) to work on /home/airflow/.local/lib/python3.7/site-packages/airflow/example_dags/example_branch_operator_decorator.py
[2022-05-23 18:13:17,483] {processor.py:641} INFO - Processing file /home/airflow/.local/lib/python3.7/site-packages/airflow/example_dags/example_branch_operator_decorator.py for tasks to queue
[2022-05-23 18:13:17,485] {logging_mixin.py:115} INFO - [2022-05-23 18:13:17,485] {dagbag.py:507} INFO - Filling up the DagBag from /home/airflow/.local/lib/python3.7/site-packages/airflow/example_dags/example_branch_operator_decorator.py
[2022-05-23 18:13:17,534] {processor.py:651} INFO - DAG(s) dict_keys(['example_branch_python_operator_decorator']) retrieved from /home/airflow/.local/lib/python3.7/site-packages/airflow/example_dags/example_branch_operator_decorator.py
[2022-05-23 18:13:17,564] {logging_mixin.py:115} INFO - [2022-05-23 18:13:17,564] {dag.py:2371} INFO - Sync 1 DAGs
[2022-05-23 18:13:17,595] {logging_mixin.py:115} INFO - [2022-05-23 18:13:17,595] {dag.py:2919} INFO - Setting next_dagrun for example_branch_python_operator_decorator to 2022-05-22T00:00:00+00:00, run_after=2022-05-23T00:00:00+00:00
[2022-05-23 18:13:17,939] {processor.py:161} INFO - Processing /home/airflow/.local/lib/python3.7/site-packages/airflow/example_dags/example_branch_operator_decorator.py took 0.497 seconds
[2022-05-23 18:13:48,460] {processor.py:153} INFO - Started process (PID=1168) to work on /home/airflow/.local/lib/python3.7/site-packages/airflow/example_dags/example_branch_operator_decorator.py
[2022-05-23 18:13:48,732] {processor.py:641} INFO - Processing file /home/airflow/.local/lib/python3.7/site-packages/airflow/example_dags/example_branch_operator_decorator.py for tasks to queue
[2022-05-23 18:13:48,734] {logging_mixin.py:115} INFO - [2022-05-23 18:13:48,733] {dagbag.py:507} INFO - Filling up the DagBag from /home/airflow/.local/lib/python3.7/site-packages/airflow/example_dags/example_branch_operator_decorator.py
[2022-05-23 18:13:48,919] {processor.py:651} INFO - DAG(s) dict_keys(['example_branch_python_operator_decorator']) retrieved from /home/airflow/.local/lib/python3.7/site-packages/airflow/example_dags/example_branch_operator_decorator.py
[2022-05-23 18:13:48,950] {logging_mixin.py:115} INFO - [2022-05-23 18:13:48,950] {dag.py:2371} INFO - Sync 1 DAGs
[2022-05-23 18:13:48,983] {logging_mixin.py:115} INFO - [2022-05-23 18:13:48,983] {dag.py:2919} INFO - Setting next_dagrun for example_branch_python_operator_decorator to 2022-05-22T00:00:00+00:00, run_after=2022-05-23T00:00:00+00:00
[2022-05-23 18:13:49,026] {processor.py:161} INFO - Processing /home/airflow/.local/lib/python3.7/site-packages/airflow/example_dags/example_branch_operator_decorator.py took 0.569 seconds
[2022-05-23 18:14:21,232] {processor.py:153} INFO - Started process (PID=1231) to work on /home/airflow/.local/lib/python3.7/site-packages/airflow/example_dags/example_branch_operator_decorator.py
[2022-05-23 18:14:21,233] {processor.py:641} INFO - Processing file /home/airflow/.local/lib/python3.7/site-packages/airflow/example_dags/example_branch_operator_decorator.py for tasks to queue
[2022-05-23 18:14:21,233] {logging_mixin.py:115} INFO - [2022-05-23 18:14:21,233] {dagbag.py:507} INFO - Filling up the DagBag from /home/airflow/.local/lib/python3.7/site-packages/airflow/example_dags/example_branch_operator_decorator.py
[2022-05-23 18:14:21,380] {processor.py:651} INFO - DAG(s) dict_keys(['example_branch_python_operator_decorator']) retrieved from /home/airflow/.local/lib/python3.7/site-packages/airflow/example_dags/example_branch_operator_decorator.py
[2022-05-23 18:14:21,410] {logging_mixin.py:115} INFO - [2022-05-23 18:14:21,410] {dag.py:2371} INFO - Sync 1 DAGs
[2022-05-23 18:14:21,440] {logging_mixin.py:115} INFO - [2022-05-23 18:14:21,440] {dag.py:2919} INFO - Setting next_dagrun for example_branch_python_operator_decorator to 2022-05-22T00:00:00+00:00, run_after=2022-05-23T00:00:00+00:00
[2022-05-23 18:14:21,478] {processor.py:161} INFO - Processing /home/airflow/.local/lib/python3.7/site-packages/airflow/example_dags/example_branch_operator_decorator.py took 0.249 seconds
[2022-05-23 18:14:51,881] {processor.py:153} INFO - Started process (PID=1285) to work on /home/airflow/.local/lib/python3.7/site-packages/airflow/example_dags/example_branch_operator_decorator.py
[2022-05-23 18:14:51,882] {processor.py:641} INFO - Processing file /home/airflow/.local/lib/python3.7/site-packages/airflow/example_dags/example_branch_operator_decorator.py for tasks to queue
[2022-05-23 18:14:51,883] {logging_mixin.py:115} INFO - [2022-05-23 18:14:51,882] {dagbag.py:507} INFO - Filling up the DagBag from /home/airflow/.local/lib/python3.7/site-packages/airflow/example_dags/example_branch_operator_decorator.py
[2022-05-23 18:14:52,032] {processor.py:651} INFO - DAG(s) dict_keys(['example_branch_python_operator_decorator']) retrieved from /home/airflow/.local/lib/python3.7/site-packages/airflow/example_dags/example_branch_operator_decorator.py
[2022-05-23 18:14:52,059] {logging_mixin.py:115} INFO - [2022-05-23 18:14:52,059] {dag.py:2371} INFO - Sync 1 DAGs
[2022-05-23 18:14:52,091] {logging_mixin.py:115} INFO - [2022-05-23 18:14:52,091] {dag.py:2919} INFO - Setting next_dagrun for example_branch_python_operator_decorator to 2022-05-22T00:00:00+00:00, run_after=2022-05-23T00:00:00+00:00
[2022-05-23 18:14:52,123] {processor.py:161} INFO - Processing /home/airflow/.local/lib/python3.7/site-packages/airflow/example_dags/example_branch_operator_decorator.py took 0.245 seconds
[2022-05-23 18:15:23,940] {processor.py:153} INFO - Started process (PID=1346) to work on /home/airflow/.local/lib/python3.7/site-packages/airflow/example_dags/example_branch_operator_decorator.py
[2022-05-23 18:15:23,940] {processor.py:641} INFO - Processing file /home/airflow/.local/lib/python3.7/site-packages/airflow/example_dags/example_branch_operator_decorator.py for tasks to queue
[2022-05-23 18:15:23,941] {logging_mixin.py:115} INFO - [2022-05-23 18:15:23,941] {dagbag.py:507} INFO - Filling up the DagBag from /home/airflow/.local/lib/python3.7/site-packages/airflow/example_dags/example_branch_operator_decorator.py
[2022-05-23 18:15:24,088] {processor.py:651} INFO - DAG(s) dict_keys(['example_branch_python_operator_decorator']) retrieved from /home/airflow/.local/lib/python3.7/site-packages/airflow/example_dags/example_branch_operator_decorator.py
[2022-05-23 18:15:24,116] {logging_mixin.py:115} INFO - [2022-05-23 18:15:24,115] {dag.py:2371} INFO - Sync 1 DAGs
[2022-05-23 18:15:24,146] {logging_mixin.py:115} INFO - [2022-05-23 18:15:24,146] {dag.py:2919} INFO - Setting next_dagrun for example_branch_python_operator_decorator to 2022-05-22T00:00:00+00:00, run_after=2022-05-23T00:00:00+00:00
[2022-05-23 18:15:24,204] {processor.py:161} INFO - Processing /home/airflow/.local/lib/python3.7/site-packages/airflow/example_dags/example_branch_operator_decorator.py took 0.268 seconds
[2022-05-23 18:15:55,366] {processor.py:153} INFO - Started process (PID=1403) to work on /home/airflow/.local/lib/python3.7/site-packages/airflow/example_dags/example_branch_operator_decorator.py
[2022-05-23 18:15:55,471] {processor.py:641} INFO - Processing file /home/airflow/.local/lib/python3.7/site-packages/airflow/example_dags/example_branch_operator_decorator.py for tasks to queue
[2022-05-23 18:15:55,473] {logging_mixin.py:115} INFO - [2022-05-23 18:15:55,472] {dagbag.py:507} INFO - Filling up the DagBag from /home/airflow/.local/lib/python3.7/site-packages/airflow/example_dags/example_branch_operator_decorator.py
[2022-05-23 18:15:55,692] {processor.py:651} INFO - DAG(s) dict_keys(['example_branch_python_operator_decorator']) retrieved from /home/airflow/.local/lib/python3.7/site-packages/airflow/example_dags/example_branch_operator_decorator.py
[2022-05-23 18:15:55,722] {logging_mixin.py:115} INFO - [2022-05-23 18:15:55,722] {dag.py:2371} INFO - Sync 1 DAGs
[2022-05-23 18:15:55,756] {logging_mixin.py:115} INFO - [2022-05-23 18:15:55,755] {dag.py:2919} INFO - Setting next_dagrun for example_branch_python_operator_decorator to 2022-05-22T00:00:00+00:00, run_after=2022-05-23T00:00:00+00:00
[2022-05-23 18:15:56,090] {processor.py:161} INFO - Processing /home/airflow/.local/lib/python3.7/site-packages/airflow/example_dags/example_branch_operator_decorator.py took 0.729 seconds
[2022-05-23 18:16:28,972] {processor.py:153} INFO - Started process (PID=1458) to work on /home/airflow/.local/lib/python3.7/site-packages/airflow/example_dags/example_branch_operator_decorator.py
[2022-05-23 18:16:28,973] {processor.py:641} INFO - Processing file /home/airflow/.local/lib/python3.7/site-packages/airflow/example_dags/example_branch_operator_decorator.py for tasks to queue
[2022-05-23 18:16:28,974] {logging_mixin.py:115} INFO - [2022-05-23 18:16:28,973] {dagbag.py:507} INFO - Filling up the DagBag from /home/airflow/.local/lib/python3.7/site-packages/airflow/example_dags/example_branch_operator_decorator.py
[2022-05-23 18:16:29,142] {processor.py:651} INFO - DAG(s) dict_keys(['example_branch_python_operator_decorator']) retrieved from /home/airflow/.local/lib/python3.7/site-packages/airflow/example_dags/example_branch_operator_decorator.py
[2022-05-23 18:16:29,178] {logging_mixin.py:115} INFO - [2022-05-23 18:16:29,178] {dag.py:2371} INFO - Sync 1 DAGs
[2022-05-23 18:16:29,209] {logging_mixin.py:115} INFO - [2022-05-23 18:16:29,209] {dag.py:2919} INFO - Setting next_dagrun for example_branch_python_operator_decorator to 2022-05-22T00:00:00+00:00, run_after=2022-05-23T00:00:00+00:00
[2022-05-23 18:16:29,476] {processor.py:161} INFO - Processing /home/airflow/.local/lib/python3.7/site-packages/airflow/example_dags/example_branch_operator_decorator.py took 0.509 seconds
[2022-05-23 18:17:00,745] {processor.py:153} INFO - Started process (PID=1521) to work on /home/airflow/.local/lib/python3.7/site-packages/airflow/example_dags/example_branch_operator_decorator.py
[2022-05-23 18:17:00,746] {processor.py:641} INFO - Processing file /home/airflow/.local/lib/python3.7/site-packages/airflow/example_dags/example_branch_operator_decorator.py for tasks to queue
[2022-05-23 18:17:00,747] {logging_mixin.py:115} INFO - [2022-05-23 18:17:00,746] {dagbag.py:507} INFO - Filling up the DagBag from /home/airflow/.local/lib/python3.7/site-packages/airflow/example_dags/example_branch_operator_decorator.py
[2022-05-23 18:17:00,915] {processor.py:651} INFO - DAG(s) dict_keys(['example_branch_python_operator_decorator']) retrieved from /home/airflow/.local/lib/python3.7/site-packages/airflow/example_dags/example_branch_operator_decorator.py
[2022-05-23 18:17:00,948] {logging_mixin.py:115} INFO - [2022-05-23 18:17:00,948] {dag.py:2371} INFO - Sync 1 DAGs
[2022-05-23 18:17:00,974] {logging_mixin.py:115} INFO - [2022-05-23 18:17:00,974] {dag.py:2919} INFO - Setting next_dagrun for example_branch_python_operator_decorator to 2022-05-22T00:00:00+00:00, run_after=2022-05-23T00:00:00+00:00
[2022-05-23 18:17:01,093] {processor.py:161} INFO - Processing /home/airflow/.local/lib/python3.7/site-packages/airflow/example_dags/example_branch_operator_decorator.py took 0.353 seconds
[2022-05-23 18:17:32,273] {processor.py:153} INFO - Started process (PID=1574) to work on /home/airflow/.local/lib/python3.7/site-packages/airflow/example_dags/example_branch_operator_decorator.py
[2022-05-23 18:17:32,273] {processor.py:641} INFO - Processing file /home/airflow/.local/lib/python3.7/site-packages/airflow/example_dags/example_branch_operator_decorator.py for tasks to queue
[2022-05-23 18:17:32,274] {logging_mixin.py:115} INFO - [2022-05-23 18:17:32,274] {dagbag.py:507} INFO - Filling up the DagBag from /home/airflow/.local/lib/python3.7/site-packages/airflow/example_dags/example_branch_operator_decorator.py
[2022-05-23 18:17:32,446] {processor.py:651} INFO - DAG(s) dict_keys(['example_branch_python_operator_decorator']) retrieved from /home/airflow/.local/lib/python3.7/site-packages/airflow/example_dags/example_branch_operator_decorator.py
[2022-05-23 18:17:32,507] {logging_mixin.py:115} INFO - [2022-05-23 18:17:32,507] {dag.py:2371} INFO - Sync 1 DAGs
[2022-05-23 18:17:32,547] {logging_mixin.py:115} INFO - [2022-05-23 18:17:32,547] {dag.py:2919} INFO - Setting next_dagrun for example_branch_python_operator_decorator to 2022-05-22T00:00:00+00:00, run_after=2022-05-23T00:00:00+00:00
[2022-05-23 18:17:32,578] {processor.py:161} INFO - Processing /home/airflow/.local/lib/python3.7/site-packages/airflow/example_dags/example_branch_operator_decorator.py took 0.309 seconds
[2022-05-23 18:18:03,921] {processor.py:153} INFO - Started process (PID=1637) to work on /home/airflow/.local/lib/python3.7/site-packages/airflow/example_dags/example_branch_operator_decorator.py
[2022-05-23 18:18:03,921] {processor.py:641} INFO - Processing file /home/airflow/.local/lib/python3.7/site-packages/airflow/example_dags/example_branch_operator_decorator.py for tasks to queue
[2022-05-23 18:18:03,922] {logging_mixin.py:115} INFO - [2022-05-23 18:18:03,922] {dagbag.py:507} INFO - Filling up the DagBag from /home/airflow/.local/lib/python3.7/site-packages/airflow/example_dags/example_branch_operator_decorator.py
[2022-05-23 18:18:04,103] {processor.py:651} INFO - DAG(s) dict_keys(['example_branch_python_operator_decorator']) retrieved from /home/airflow/.local/lib/python3.7/site-packages/airflow/example_dags/example_branch_operator_decorator.py
[2022-05-23 18:18:04,133] {logging_mixin.py:115} INFO - [2022-05-23 18:18:04,132] {dag.py:2371} INFO - Sync 1 DAGs
[2022-05-23 18:18:04,175] {logging_mixin.py:115} INFO - [2022-05-23 18:18:04,175] {dag.py:2919} INFO - Setting next_dagrun for example_branch_python_operator_decorator to 2022-05-22T00:00:00+00:00, run_after=2022-05-23T00:00:00+00:00
[2022-05-23 18:18:04,208] {processor.py:161} INFO - Processing /home/airflow/.local/lib/python3.7/site-packages/airflow/example_dags/example_branch_operator_decorator.py took 0.291 seconds
[2022-05-23 18:21:03,178] {processor.py:153} INFO - Started process (PID=80) to work on /home/airflow/.local/lib/python3.7/site-packages/airflow/example_dags/example_branch_operator_decorator.py
[2022-05-23 18:21:03,179] {processor.py:641} INFO - Processing file /home/airflow/.local/lib/python3.7/site-packages/airflow/example_dags/example_branch_operator_decorator.py for tasks to queue
[2022-05-23 18:21:03,180] {logging_mixin.py:115} INFO - [2022-05-23 18:21:03,180] {dagbag.py:507} INFO - Filling up the DagBag from /home/airflow/.local/lib/python3.7/site-packages/airflow/example_dags/example_branch_operator_decorator.py
[2022-05-23 18:21:03,230] {processor.py:651} INFO - DAG(s) dict_keys(['example_branch_python_operator_decorator']) retrieved from /home/airflow/.local/lib/python3.7/site-packages/airflow/example_dags/example_branch_operator_decorator.py
[2022-05-23 18:21:03,474] {logging_mixin.py:115} INFO - [2022-05-23 18:21:03,474] {dag.py:2371} INFO - Sync 1 DAGs
[2022-05-23 18:21:03,538] {logging_mixin.py:115} INFO - [2022-05-23 18:21:03,538] {dag.py:2919} INFO - Setting next_dagrun for example_branch_python_operator_decorator to 2022-05-22T00:00:00+00:00, run_after=2022-05-23T00:00:00+00:00
[2022-05-23 18:21:03,577] {processor.py:161} INFO - Processing /home/airflow/.local/lib/python3.7/site-packages/airflow/example_dags/example_branch_operator_decorator.py took 0.404 seconds
[2022-05-23 18:21:34,558] {processor.py:153} INFO - Started process (PID=134) to work on /home/airflow/.local/lib/python3.7/site-packages/airflow/example_dags/example_branch_operator_decorator.py
[2022-05-23 18:21:34,559] {processor.py:641} INFO - Processing file /home/airflow/.local/lib/python3.7/site-packages/airflow/example_dags/example_branch_operator_decorator.py for tasks to queue
[2022-05-23 18:21:34,559] {logging_mixin.py:115} INFO - [2022-05-23 18:21:34,559] {dagbag.py:507} INFO - Filling up the DagBag from /home/airflow/.local/lib/python3.7/site-packages/airflow/example_dags/example_branch_operator_decorator.py
[2022-05-23 18:21:34,588] {processor.py:651} INFO - DAG(s) dict_keys(['example_branch_python_operator_decorator']) retrieved from /home/airflow/.local/lib/python3.7/site-packages/airflow/example_dags/example_branch_operator_decorator.py
[2022-05-23 18:21:34,732] {logging_mixin.py:115} INFO - [2022-05-23 18:21:34,732] {dag.py:2371} INFO - Sync 1 DAGs
[2022-05-23 18:21:34,761] {logging_mixin.py:115} INFO - [2022-05-23 18:21:34,760] {dag.py:2919} INFO - Setting next_dagrun for example_branch_python_operator_decorator to 2022-05-22T00:00:00+00:00, run_after=2022-05-23T00:00:00+00:00
[2022-05-23 18:21:35,108] {processor.py:161} INFO - Processing /home/airflow/.local/lib/python3.7/site-packages/airflow/example_dags/example_branch_operator_decorator.py took 0.553 seconds
[2022-05-23 18:22:05,682] {processor.py:153} INFO - Started process (PID=192) to work on /home/airflow/.local/lib/python3.7/site-packages/airflow/example_dags/example_branch_operator_decorator.py
[2022-05-23 18:22:05,682] {processor.py:641} INFO - Processing file /home/airflow/.local/lib/python3.7/site-packages/airflow/example_dags/example_branch_operator_decorator.py for tasks to queue
[2022-05-23 18:22:05,683] {logging_mixin.py:115} INFO - [2022-05-23 18:22:05,683] {dagbag.py:507} INFO - Filling up the DagBag from /home/airflow/.local/lib/python3.7/site-packages/airflow/example_dags/example_branch_operator_decorator.py
[2022-05-23 18:22:05,709] {processor.py:651} INFO - DAG(s) dict_keys(['example_branch_python_operator_decorator']) retrieved from /home/airflow/.local/lib/python3.7/site-packages/airflow/example_dags/example_branch_operator_decorator.py
[2022-05-23 18:22:05,865] {logging_mixin.py:115} INFO - [2022-05-23 18:22:05,865] {dag.py:2371} INFO - Sync 1 DAGs
[2022-05-23 18:22:05,894] {logging_mixin.py:115} INFO - [2022-05-23 18:22:05,894] {dag.py:2919} INFO - Setting next_dagrun for example_branch_python_operator_decorator to 2022-05-22T00:00:00+00:00, run_after=2022-05-23T00:00:00+00:00
[2022-05-23 18:22:05,926] {processor.py:161} INFO - Processing /home/airflow/.local/lib/python3.7/site-packages/airflow/example_dags/example_branch_operator_decorator.py took 0.248 seconds
[2022-05-23 18:22:37,286] {processor.py:153} INFO - Started process (PID=246) to work on /home/airflow/.local/lib/python3.7/site-packages/airflow/example_dags/example_branch_operator_decorator.py
[2022-05-23 18:22:37,287] {processor.py:641} INFO - Processing file /home/airflow/.local/lib/python3.7/site-packages/airflow/example_dags/example_branch_operator_decorator.py for tasks to queue
[2022-05-23 18:22:37,287] {logging_mixin.py:115} INFO - [2022-05-23 18:22:37,287] {dagbag.py:507} INFO - Filling up the DagBag from /home/airflow/.local/lib/python3.7/site-packages/airflow/example_dags/example_branch_operator_decorator.py
[2022-05-23 18:22:37,314] {processor.py:651} INFO - DAG(s) dict_keys(['example_branch_python_operator_decorator']) retrieved from /home/airflow/.local/lib/python3.7/site-packages/airflow/example_dags/example_branch_operator_decorator.py
[2022-05-23 18:22:37,465] {logging_mixin.py:115} INFO - [2022-05-23 18:22:37,464] {dag.py:2371} INFO - Sync 1 DAGs
[2022-05-23 18:22:37,493] {logging_mixin.py:115} INFO - [2022-05-23 18:22:37,493] {dag.py:2919} INFO - Setting next_dagrun for example_branch_python_operator_decorator to 2022-05-22T00:00:00+00:00, run_after=2022-05-23T00:00:00+00:00
[2022-05-23 18:22:37,527] {processor.py:161} INFO - Processing /home/airflow/.local/lib/python3.7/site-packages/airflow/example_dags/example_branch_operator_decorator.py took 0.244 seconds
