[2022-05-23 17:10:11,200] {processor.py:153} INFO - Started process (PID=81) to work on /home/airflow/.local/lib/python3.7/site-packages/airflow/example_dags/example_xcomargs.py
[2022-05-23 17:10:11,201] {processor.py:641} INFO - Processing file /home/airflow/.local/lib/python3.7/site-packages/airflow/example_dags/example_xcomargs.py for tasks to queue
[2022-05-23 17:10:11,202] {logging_mixin.py:115} INFO - [2022-05-23 17:10:11,202] {dagbag.py:507} INFO - Filling up the DagBag from /home/airflow/.local/lib/python3.7/site-packages/airflow/example_dags/example_xcomargs.py
[2022-05-23 17:10:11,230] {processor.py:651} INFO - DAG(s) dict_keys(['example_xcom_args', 'example_xcom_args_with_operators']) retrieved from /home/airflow/.local/lib/python3.7/site-packages/airflow/example_dags/example_xcomargs.py
[2022-05-23 17:10:12,873] {logging_mixin.py:115} INFO - [2022-05-23 17:10:12,872] {manager.py:508} INFO - Created Permission View: can read on DAG:example_xcom_args
[2022-05-23 17:10:13,357] {logging_mixin.py:115} INFO - [2022-05-23 17:10:13,356] {manager.py:508} INFO - Created Permission View: can edit on DAG:example_xcom_args
[2022-05-23 17:10:13,966] {logging_mixin.py:115} INFO - [2022-05-23 17:10:13,966] {manager.py:508} INFO - Created Permission View: can delete on DAG:example_xcom_args
[2022-05-23 17:10:14,908] {logging_mixin.py:115} INFO - [2022-05-23 17:10:14,908] {manager.py:508} INFO - Created Permission View: can read on DAG:example_xcom_args_with_operators
[2022-05-23 17:10:15,121] {logging_mixin.py:115} INFO - [2022-05-23 17:10:15,121] {manager.py:508} INFO - Created Permission View: can edit on DAG:example_xcom_args_with_operators
[2022-05-23 17:10:15,252] {logging_mixin.py:115} INFO - [2022-05-23 17:10:15,252] {manager.py:508} INFO - Created Permission View: can delete on DAG:example_xcom_args_with_operators
[2022-05-23 17:10:15,264] {logging_mixin.py:115} INFO - [2022-05-23 17:10:15,264] {dag.py:2371} INFO - Sync 2 DAGs
[2022-05-23 17:10:15,291] {logging_mixin.py:115} INFO - [2022-05-23 17:10:15,290] {dag.py:2390} INFO - Creating ORM DAG for example_xcom_args
[2022-05-23 17:10:15,291] {logging_mixin.py:115} INFO - [2022-05-23 17:10:15,291] {dag.py:2390} INFO - Creating ORM DAG for example_xcom_args_with_operators
[2022-05-23 17:10:15,311] {logging_mixin.py:115} INFO - [2022-05-23 17:10:15,311] {dag.py:2919} INFO - Setting next_dagrun for example_xcom_args to None, run_after=None
[2022-05-23 17:10:15,312] {logging_mixin.py:115} INFO - [2022-05-23 17:10:15,312] {dag.py:2919} INFO - Setting next_dagrun for example_xcom_args_with_operators to None, run_after=None
[2022-05-23 17:10:15,520] {processor.py:161} INFO - Processing /home/airflow/.local/lib/python3.7/site-packages/airflow/example_dags/example_xcomargs.py took 4.327 seconds
[2022-05-23 17:10:45,773] {processor.py:153} INFO - Started process (PID=142) to work on /home/airflow/.local/lib/python3.7/site-packages/airflow/example_dags/example_xcomargs.py
[2022-05-23 17:10:45,776] {processor.py:641} INFO - Processing file /home/airflow/.local/lib/python3.7/site-packages/airflow/example_dags/example_xcomargs.py for tasks to queue
[2022-05-23 17:10:45,776] {logging_mixin.py:115} INFO - [2022-05-23 17:10:45,776] {dagbag.py:507} INFO - Filling up the DagBag from /home/airflow/.local/lib/python3.7/site-packages/airflow/example_dags/example_xcomargs.py
[2022-05-23 17:10:45,796] {processor.py:651} INFO - DAG(s) dict_keys(['example_xcom_args', 'example_xcom_args_with_operators']) retrieved from /home/airflow/.local/lib/python3.7/site-packages/airflow/example_dags/example_xcomargs.py
[2022-05-23 17:10:45,989] {logging_mixin.py:115} INFO - [2022-05-23 17:10:45,989] {dag.py:2371} INFO - Sync 2 DAGs
[2022-05-23 17:10:46,024] {logging_mixin.py:115} INFO - [2022-05-23 17:10:46,024] {dag.py:2919} INFO - Setting next_dagrun for example_xcom_args to None, run_after=None
[2022-05-23 17:10:46,024] {logging_mixin.py:115} INFO - [2022-05-23 17:10:46,024] {dag.py:2919} INFO - Setting next_dagrun for example_xcom_args_with_operators to None, run_after=None
[2022-05-23 17:10:46,074] {processor.py:161} INFO - Processing /home/airflow/.local/lib/python3.7/site-packages/airflow/example_dags/example_xcomargs.py took 0.304 seconds
[2022-05-23 17:11:16,217] {processor.py:153} INFO - Started process (PID=193) to work on /home/airflow/.local/lib/python3.7/site-packages/airflow/example_dags/example_xcomargs.py
[2022-05-23 17:11:16,223] {processor.py:641} INFO - Processing file /home/airflow/.local/lib/python3.7/site-packages/airflow/example_dags/example_xcomargs.py for tasks to queue
[2022-05-23 17:11:16,223] {logging_mixin.py:115} INFO - [2022-05-23 17:11:16,223] {dagbag.py:507} INFO - Filling up the DagBag from /home/airflow/.local/lib/python3.7/site-packages/airflow/example_dags/example_xcomargs.py
[2022-05-23 17:11:16,246] {processor.py:651} INFO - DAG(s) dict_keys(['example_xcom_args', 'example_xcom_args_with_operators']) retrieved from /home/airflow/.local/lib/python3.7/site-packages/airflow/example_dags/example_xcomargs.py
[2022-05-23 17:11:16,439] {logging_mixin.py:115} INFO - [2022-05-23 17:11:16,439] {dag.py:2371} INFO - Sync 2 DAGs
[2022-05-23 17:11:16,463] {logging_mixin.py:115} INFO - [2022-05-23 17:11:16,463] {dag.py:2919} INFO - Setting next_dagrun for example_xcom_args to None, run_after=None
[2022-05-23 17:11:16,463] {logging_mixin.py:115} INFO - [2022-05-23 17:11:16,463] {dag.py:2919} INFO - Setting next_dagrun for example_xcom_args_with_operators to None, run_after=None
[2022-05-23 17:11:16,523] {processor.py:161} INFO - Processing /home/airflow/.local/lib/python3.7/site-packages/airflow/example_dags/example_xcomargs.py took 0.311 seconds
[2022-05-23 17:11:46,605] {processor.py:153} INFO - Started process (PID=245) to work on /home/airflow/.local/lib/python3.7/site-packages/airflow/example_dags/example_xcomargs.py
[2022-05-23 17:11:46,605] {processor.py:641} INFO - Processing file /home/airflow/.local/lib/python3.7/site-packages/airflow/example_dags/example_xcomargs.py for tasks to queue
[2022-05-23 17:11:46,606] {logging_mixin.py:115} INFO - [2022-05-23 17:11:46,606] {dagbag.py:507} INFO - Filling up the DagBag from /home/airflow/.local/lib/python3.7/site-packages/airflow/example_dags/example_xcomargs.py
[2022-05-23 17:11:46,630] {processor.py:651} INFO - DAG(s) dict_keys(['example_xcom_args', 'example_xcom_args_with_operators']) retrieved from /home/airflow/.local/lib/python3.7/site-packages/airflow/example_dags/example_xcomargs.py
[2022-05-23 17:11:46,845] {logging_mixin.py:115} INFO - [2022-05-23 17:11:46,845] {dag.py:2371} INFO - Sync 2 DAGs
[2022-05-23 17:11:46,874] {logging_mixin.py:115} INFO - [2022-05-23 17:11:46,874] {dag.py:2919} INFO - Setting next_dagrun for example_xcom_args to None, run_after=None
[2022-05-23 17:11:46,875] {logging_mixin.py:115} INFO - [2022-05-23 17:11:46,875] {dag.py:2919} INFO - Setting next_dagrun for example_xcom_args_with_operators to None, run_after=None
[2022-05-23 17:11:46,967] {processor.py:161} INFO - Processing /home/airflow/.local/lib/python3.7/site-packages/airflow/example_dags/example_xcomargs.py took 0.366 seconds
[2022-05-23 17:28:26,037] {processor.py:153} INFO - Started process (PID=72) to work on /home/airflow/.local/lib/python3.7/site-packages/airflow/example_dags/example_xcomargs.py
[2022-05-23 17:28:26,065] {processor.py:641} INFO - Processing file /home/airflow/.local/lib/python3.7/site-packages/airflow/example_dags/example_xcomargs.py for tasks to queue
[2022-05-23 17:28:26,066] {logging_mixin.py:115} INFO - [2022-05-23 17:28:26,066] {dagbag.py:507} INFO - Filling up the DagBag from /home/airflow/.local/lib/python3.7/site-packages/airflow/example_dags/example_xcomargs.py
[2022-05-23 17:28:26,099] {processor.py:651} INFO - DAG(s) dict_keys(['example_xcom_args', 'example_xcom_args_with_operators']) retrieved from /home/airflow/.local/lib/python3.7/site-packages/airflow/example_dags/example_xcomargs.py
[2022-05-23 17:28:26,406] {logging_mixin.py:115} INFO - [2022-05-23 17:28:26,405] {dag.py:2371} INFO - Sync 2 DAGs
[2022-05-23 17:28:26,768] {logging_mixin.py:115} INFO - [2022-05-23 17:28:26,767] {dag.py:2919} INFO - Setting next_dagrun for example_xcom_args to None, run_after=None
[2022-05-23 17:28:26,768] {logging_mixin.py:115} INFO - [2022-05-23 17:28:26,768] {dag.py:2919} INFO - Setting next_dagrun for example_xcom_args_with_operators to None, run_after=None
[2022-05-23 17:28:27,358] {processor.py:161} INFO - Processing /home/airflow/.local/lib/python3.7/site-packages/airflow/example_dags/example_xcomargs.py took 1.327 seconds
[2022-05-23 17:28:57,697] {processor.py:153} INFO - Started process (PID=126) to work on /home/airflow/.local/lib/python3.7/site-packages/airflow/example_dags/example_xcomargs.py
[2022-05-23 17:28:57,698] {processor.py:641} INFO - Processing file /home/airflow/.local/lib/python3.7/site-packages/airflow/example_dags/example_xcomargs.py for tasks to queue
[2022-05-23 17:28:57,699] {logging_mixin.py:115} INFO - [2022-05-23 17:28:57,699] {dagbag.py:507} INFO - Filling up the DagBag from /home/airflow/.local/lib/python3.7/site-packages/airflow/example_dags/example_xcomargs.py
[2022-05-23 17:28:57,724] {processor.py:651} INFO - DAG(s) dict_keys(['example_xcom_args', 'example_xcom_args_with_operators']) retrieved from /home/airflow/.local/lib/python3.7/site-packages/airflow/example_dags/example_xcomargs.py
[2022-05-23 17:28:57,951] {logging_mixin.py:115} INFO - [2022-05-23 17:28:57,951] {dag.py:2371} INFO - Sync 2 DAGs
[2022-05-23 17:28:57,978] {logging_mixin.py:115} INFO - [2022-05-23 17:28:57,977] {dag.py:2919} INFO - Setting next_dagrun for example_xcom_args to None, run_after=None
[2022-05-23 17:28:57,978] {logging_mixin.py:115} INFO - [2022-05-23 17:28:57,978] {dag.py:2919} INFO - Setting next_dagrun for example_xcom_args_with_operators to None, run_after=None
[2022-05-23 17:28:58,142] {processor.py:161} INFO - Processing /home/airflow/.local/lib/python3.7/site-packages/airflow/example_dags/example_xcomargs.py took 0.448 seconds
[2022-05-23 17:29:28,395] {processor.py:153} INFO - Started process (PID=189) to work on /home/airflow/.local/lib/python3.7/site-packages/airflow/example_dags/example_xcomargs.py
[2022-05-23 17:29:28,409] {processor.py:641} INFO - Processing file /home/airflow/.local/lib/python3.7/site-packages/airflow/example_dags/example_xcomargs.py for tasks to queue
[2022-05-23 17:29:28,411] {logging_mixin.py:115} INFO - [2022-05-23 17:29:28,410] {dagbag.py:507} INFO - Filling up the DagBag from /home/airflow/.local/lib/python3.7/site-packages/airflow/example_dags/example_xcomargs.py
[2022-05-23 17:29:28,433] {processor.py:651} INFO - DAG(s) dict_keys(['example_xcom_args', 'example_xcom_args_with_operators']) retrieved from /home/airflow/.local/lib/python3.7/site-packages/airflow/example_dags/example_xcomargs.py
[2022-05-23 17:29:28,658] {logging_mixin.py:115} INFO - [2022-05-23 17:29:28,658] {dag.py:2371} INFO - Sync 2 DAGs
[2022-05-23 17:29:28,684] {logging_mixin.py:115} INFO - [2022-05-23 17:29:28,684] {dag.py:2919} INFO - Setting next_dagrun for example_xcom_args to None, run_after=None
[2022-05-23 17:29:28,685] {logging_mixin.py:115} INFO - [2022-05-23 17:29:28,684] {dag.py:2919} INFO - Setting next_dagrun for example_xcom_args_with_operators to None, run_after=None
[2022-05-23 17:29:28,730] {processor.py:161} INFO - Processing /home/airflow/.local/lib/python3.7/site-packages/airflow/example_dags/example_xcomargs.py took 0.339 seconds
[2022-05-23 17:29:59,990] {processor.py:153} INFO - Started process (PID=244) to work on /home/airflow/.local/lib/python3.7/site-packages/airflow/example_dags/example_xcomargs.py
[2022-05-23 17:30:00,114] {processor.py:641} INFO - Processing file /home/airflow/.local/lib/python3.7/site-packages/airflow/example_dags/example_xcomargs.py for tasks to queue
[2022-05-23 17:30:00,115] {logging_mixin.py:115} INFO - [2022-05-23 17:30:00,115] {dagbag.py:507} INFO - Filling up the DagBag from /home/airflow/.local/lib/python3.7/site-packages/airflow/example_dags/example_xcomargs.py
[2022-05-23 17:30:00,160] {processor.py:651} INFO - DAG(s) dict_keys(['example_xcom_args', 'example_xcom_args_with_operators']) retrieved from /home/airflow/.local/lib/python3.7/site-packages/airflow/example_dags/example_xcomargs.py
[2022-05-23 17:30:00,361] {logging_mixin.py:115} INFO - [2022-05-23 17:30:00,360] {dag.py:2371} INFO - Sync 2 DAGs
[2022-05-23 17:30:00,386] {logging_mixin.py:115} INFO - [2022-05-23 17:30:00,386] {dag.py:2919} INFO - Setting next_dagrun for example_xcom_args to None, run_after=None
[2022-05-23 17:30:00,387] {logging_mixin.py:115} INFO - [2022-05-23 17:30:00,387] {dag.py:2919} INFO - Setting next_dagrun for example_xcom_args_with_operators to None, run_after=None
[2022-05-23 17:30:00,557] {processor.py:161} INFO - Processing /home/airflow/.local/lib/python3.7/site-packages/airflow/example_dags/example_xcomargs.py took 0.574 seconds
[2022-05-23 17:30:31,720] {processor.py:153} INFO - Started process (PID=306) to work on /home/airflow/.local/lib/python3.7/site-packages/airflow/example_dags/example_xcomargs.py
[2022-05-23 17:30:31,821] {processor.py:641} INFO - Processing file /home/airflow/.local/lib/python3.7/site-packages/airflow/example_dags/example_xcomargs.py for tasks to queue
[2022-05-23 17:30:31,821] {logging_mixin.py:115} INFO - [2022-05-23 17:30:31,821] {dagbag.py:507} INFO - Filling up the DagBag from /home/airflow/.local/lib/python3.7/site-packages/airflow/example_dags/example_xcomargs.py
[2022-05-23 17:30:31,845] {processor.py:651} INFO - DAG(s) dict_keys(['example_xcom_args', 'example_xcom_args_with_operators']) retrieved from /home/airflow/.local/lib/python3.7/site-packages/airflow/example_dags/example_xcomargs.py
[2022-05-23 17:30:31,891] {logging_mixin.py:115} INFO - [2022-05-23 17:30:31,891] {dag.py:2371} INFO - Sync 2 DAGs
[2022-05-23 17:30:32,071] {logging_mixin.py:115} INFO - [2022-05-23 17:30:32,071] {dag.py:2919} INFO - Setting next_dagrun for example_xcom_args to None, run_after=None
[2022-05-23 17:30:32,071] {logging_mixin.py:115} INFO - [2022-05-23 17:30:32,071] {dag.py:2919} INFO - Setting next_dagrun for example_xcom_args_with_operators to None, run_after=None
[2022-05-23 17:30:32,542] {processor.py:161} INFO - Processing /home/airflow/.local/lib/python3.7/site-packages/airflow/example_dags/example_xcomargs.py took 0.826 seconds
[2022-05-23 17:31:03,663] {processor.py:153} INFO - Started process (PID=361) to work on /home/airflow/.local/lib/python3.7/site-packages/airflow/example_dags/example_xcomargs.py
[2022-05-23 17:31:03,779] {processor.py:641} INFO - Processing file /home/airflow/.local/lib/python3.7/site-packages/airflow/example_dags/example_xcomargs.py for tasks to queue
[2022-05-23 17:31:03,780] {logging_mixin.py:115} INFO - [2022-05-23 17:31:03,779] {dagbag.py:507} INFO - Filling up the DagBag from /home/airflow/.local/lib/python3.7/site-packages/airflow/example_dags/example_xcomargs.py
[2022-05-23 17:31:03,804] {processor.py:651} INFO - DAG(s) dict_keys(['example_xcom_args', 'example_xcom_args_with_operators']) retrieved from /home/airflow/.local/lib/python3.7/site-packages/airflow/example_dags/example_xcomargs.py
[2022-05-23 17:31:04,017] {logging_mixin.py:115} INFO - [2022-05-23 17:31:04,017] {dag.py:2371} INFO - Sync 2 DAGs
[2022-05-23 17:31:04,040] {logging_mixin.py:115} INFO - [2022-05-23 17:31:04,040] {dag.py:2919} INFO - Setting next_dagrun for example_xcom_args to None, run_after=None
[2022-05-23 17:31:04,041] {logging_mixin.py:115} INFO - [2022-05-23 17:31:04,041] {dag.py:2919} INFO - Setting next_dagrun for example_xcom_args_with_operators to None, run_after=None
[2022-05-23 17:31:04,413] {processor.py:161} INFO - Processing /home/airflow/.local/lib/python3.7/site-packages/airflow/example_dags/example_xcomargs.py took 0.754 seconds
[2022-05-23 17:31:34,713] {processor.py:153} INFO - Started process (PID=421) to work on /home/airflow/.local/lib/python3.7/site-packages/airflow/example_dags/example_xcomargs.py
[2022-05-23 17:31:34,863] {processor.py:641} INFO - Processing file /home/airflow/.local/lib/python3.7/site-packages/airflow/example_dags/example_xcomargs.py for tasks to queue
[2022-05-23 17:31:34,864] {logging_mixin.py:115} INFO - [2022-05-23 17:31:34,864] {dagbag.py:507} INFO - Filling up the DagBag from /home/airflow/.local/lib/python3.7/site-packages/airflow/example_dags/example_xcomargs.py
[2022-05-23 17:31:34,901] {processor.py:651} INFO - DAG(s) dict_keys(['example_xcom_args', 'example_xcom_args_with_operators']) retrieved from /home/airflow/.local/lib/python3.7/site-packages/airflow/example_dags/example_xcomargs.py
[2022-05-23 17:31:35,237] {logging_mixin.py:115} INFO - [2022-05-23 17:31:35,237] {dag.py:2371} INFO - Sync 2 DAGs
[2022-05-23 17:31:35,275] {logging_mixin.py:115} INFO - [2022-05-23 17:31:35,275] {dag.py:2919} INFO - Setting next_dagrun for example_xcom_args to None, run_after=None
[2022-05-23 17:31:35,276] {logging_mixin.py:115} INFO - [2022-05-23 17:31:35,275] {dag.py:2919} INFO - Setting next_dagrun for example_xcom_args_with_operators to None, run_after=None
[2022-05-23 17:31:35,476] {processor.py:161} INFO - Processing /home/airflow/.local/lib/python3.7/site-packages/airflow/example_dags/example_xcomargs.py took 0.769 seconds
[2022-05-23 17:32:06,131] {processor.py:153} INFO - Started process (PID=477) to work on /home/airflow/.local/lib/python3.7/site-packages/airflow/example_dags/example_xcomargs.py
[2022-05-23 17:32:06,257] {processor.py:641} INFO - Processing file /home/airflow/.local/lib/python3.7/site-packages/airflow/example_dags/example_xcomargs.py for tasks to queue
[2022-05-23 17:32:06,257] {logging_mixin.py:115} INFO - [2022-05-23 17:32:06,257] {dagbag.py:507} INFO - Filling up the DagBag from /home/airflow/.local/lib/python3.7/site-packages/airflow/example_dags/example_xcomargs.py
[2022-05-23 17:32:06,280] {processor.py:651} INFO - DAG(s) dict_keys(['example_xcom_args', 'example_xcom_args_with_operators']) retrieved from /home/airflow/.local/lib/python3.7/site-packages/airflow/example_dags/example_xcomargs.py
[2022-05-23 17:32:06,481] {logging_mixin.py:115} INFO - [2022-05-23 17:32:06,481] {dag.py:2371} INFO - Sync 2 DAGs
[2022-05-23 17:32:06,505] {logging_mixin.py:115} INFO - [2022-05-23 17:32:06,504] {dag.py:2919} INFO - Setting next_dagrun for example_xcom_args to None, run_after=None
[2022-05-23 17:32:06,505] {logging_mixin.py:115} INFO - [2022-05-23 17:32:06,505] {dag.py:2919} INFO - Setting next_dagrun for example_xcom_args_with_operators to None, run_after=None
[2022-05-23 17:32:06,729] {processor.py:161} INFO - Processing /home/airflow/.local/lib/python3.7/site-packages/airflow/example_dags/example_xcomargs.py took 0.602 seconds
[2022-05-23 17:32:36,776] {processor.py:153} INFO - Started process (PID=531) to work on /home/airflow/.local/lib/python3.7/site-packages/airflow/example_dags/example_xcomargs.py
[2022-05-23 17:32:36,797] {processor.py:641} INFO - Processing file /home/airflow/.local/lib/python3.7/site-packages/airflow/example_dags/example_xcomargs.py for tasks to queue
[2022-05-23 17:32:36,798] {logging_mixin.py:115} INFO - [2022-05-23 17:32:36,798] {dagbag.py:507} INFO - Filling up the DagBag from /home/airflow/.local/lib/python3.7/site-packages/airflow/example_dags/example_xcomargs.py
[2022-05-23 17:32:36,820] {processor.py:651} INFO - DAG(s) dict_keys(['example_xcom_args', 'example_xcom_args_with_operators']) retrieved from /home/airflow/.local/lib/python3.7/site-packages/airflow/example_dags/example_xcomargs.py
[2022-05-23 17:32:37,036] {logging_mixin.py:115} INFO - [2022-05-23 17:32:37,036] {dag.py:2371} INFO - Sync 2 DAGs
[2022-05-23 17:32:37,061] {logging_mixin.py:115} INFO - [2022-05-23 17:32:37,061] {dag.py:2919} INFO - Setting next_dagrun for example_xcom_args to None, run_after=None
[2022-05-23 17:32:37,061] {logging_mixin.py:115} INFO - [2022-05-23 17:32:37,061] {dag.py:2919} INFO - Setting next_dagrun for example_xcom_args_with_operators to None, run_after=None
[2022-05-23 17:32:37,101] {processor.py:161} INFO - Processing /home/airflow/.local/lib/python3.7/site-packages/airflow/example_dags/example_xcomargs.py took 0.329 seconds
[2022-05-23 17:33:08,600] {processor.py:153} INFO - Started process (PID=594) to work on /home/airflow/.local/lib/python3.7/site-packages/airflow/example_dags/example_xcomargs.py
[2022-05-23 17:33:08,696] {processor.py:641} INFO - Processing file /home/airflow/.local/lib/python3.7/site-packages/airflow/example_dags/example_xcomargs.py for tasks to queue
[2022-05-23 17:33:08,698] {logging_mixin.py:115} INFO - [2022-05-23 17:33:08,698] {dagbag.py:507} INFO - Filling up the DagBag from /home/airflow/.local/lib/python3.7/site-packages/airflow/example_dags/example_xcomargs.py
[2022-05-23 17:33:08,742] {processor.py:651} INFO - DAG(s) dict_keys(['example_xcom_args', 'example_xcom_args_with_operators']) retrieved from /home/airflow/.local/lib/python3.7/site-packages/airflow/example_dags/example_xcomargs.py
[2022-05-23 17:33:08,944] {logging_mixin.py:115} INFO - [2022-05-23 17:33:08,943] {dag.py:2371} INFO - Sync 2 DAGs
[2022-05-23 17:33:08,969] {logging_mixin.py:115} INFO - [2022-05-23 17:33:08,969] {dag.py:2919} INFO - Setting next_dagrun for example_xcom_args to None, run_after=None
[2022-05-23 17:33:08,969] {logging_mixin.py:115} INFO - [2022-05-23 17:33:08,969] {dag.py:2919} INFO - Setting next_dagrun for example_xcom_args_with_operators to None, run_after=None
[2022-05-23 17:33:09,148] {processor.py:161} INFO - Processing /home/airflow/.local/lib/python3.7/site-packages/airflow/example_dags/example_xcomargs.py took 0.552 seconds
[2022-05-23 17:33:40,334] {processor.py:153} INFO - Started process (PID=657) to work on /home/airflow/.local/lib/python3.7/site-packages/airflow/example_dags/example_xcomargs.py
[2022-05-23 17:33:40,423] {processor.py:641} INFO - Processing file /home/airflow/.local/lib/python3.7/site-packages/airflow/example_dags/example_xcomargs.py for tasks to queue
[2022-05-23 17:33:40,424] {logging_mixin.py:115} INFO - [2022-05-23 17:33:40,424] {dagbag.py:507} INFO - Filling up the DagBag from /home/airflow/.local/lib/python3.7/site-packages/airflow/example_dags/example_xcomargs.py
[2022-05-23 17:33:40,460] {processor.py:651} INFO - DAG(s) dict_keys(['example_xcom_args', 'example_xcom_args_with_operators']) retrieved from /home/airflow/.local/lib/python3.7/site-packages/airflow/example_dags/example_xcomargs.py
[2022-05-23 17:33:40,780] {logging_mixin.py:115} INFO - [2022-05-23 17:33:40,779] {dag.py:2371} INFO - Sync 2 DAGs
[2022-05-23 17:33:40,816] {logging_mixin.py:115} INFO - [2022-05-23 17:33:40,815] {dag.py:2919} INFO - Setting next_dagrun for example_xcom_args to None, run_after=None
[2022-05-23 17:33:40,816] {logging_mixin.py:115} INFO - [2022-05-23 17:33:40,816] {dag.py:2919} INFO - Setting next_dagrun for example_xcom_args_with_operators to None, run_after=None
[2022-05-23 17:33:40,994] {processor.py:161} INFO - Processing /home/airflow/.local/lib/python3.7/site-packages/airflow/example_dags/example_xcomargs.py took 0.665 seconds
[2022-05-23 17:34:11,048] {processor.py:153} INFO - Started process (PID=713) to work on /home/airflow/.local/lib/python3.7/site-packages/airflow/example_dags/example_xcomargs.py
[2022-05-23 17:34:11,049] {processor.py:641} INFO - Processing file /home/airflow/.local/lib/python3.7/site-packages/airflow/example_dags/example_xcomargs.py for tasks to queue
[2022-05-23 17:34:11,049] {logging_mixin.py:115} INFO - [2022-05-23 17:34:11,049] {dagbag.py:507} INFO - Filling up the DagBag from /home/airflow/.local/lib/python3.7/site-packages/airflow/example_dags/example_xcomargs.py
[2022-05-23 17:34:11,071] {processor.py:651} INFO - DAG(s) dict_keys(['example_xcom_args', 'example_xcom_args_with_operators']) retrieved from /home/airflow/.local/lib/python3.7/site-packages/airflow/example_dags/example_xcomargs.py
[2022-05-23 17:34:11,106] {logging_mixin.py:115} INFO - [2022-05-23 17:34:11,106] {dag.py:2371} INFO - Sync 2 DAGs
[2022-05-23 17:34:11,248] {logging_mixin.py:115} INFO - [2022-05-23 17:34:11,247] {dag.py:2919} INFO - Setting next_dagrun for example_xcom_args to None, run_after=None
[2022-05-23 17:34:11,248] {logging_mixin.py:115} INFO - [2022-05-23 17:34:11,248] {dag.py:2919} INFO - Setting next_dagrun for example_xcom_args_with_operators to None, run_after=None
[2022-05-23 17:34:12,236] {processor.py:161} INFO - Processing /home/airflow/.local/lib/python3.7/site-packages/airflow/example_dags/example_xcomargs.py took 1.191 seconds
[2022-05-23 17:34:42,339] {processor.py:153} INFO - Started process (PID=770) to work on /home/airflow/.local/lib/python3.7/site-packages/airflow/example_dags/example_xcomargs.py
[2022-05-23 17:34:42,340] {processor.py:641} INFO - Processing file /home/airflow/.local/lib/python3.7/site-packages/airflow/example_dags/example_xcomargs.py for tasks to queue
[2022-05-23 17:34:42,341] {logging_mixin.py:115} INFO - [2022-05-23 17:34:42,341] {dagbag.py:507} INFO - Filling up the DagBag from /home/airflow/.local/lib/python3.7/site-packages/airflow/example_dags/example_xcomargs.py
[2022-05-23 17:34:42,361] {processor.py:651} INFO - DAG(s) dict_keys(['example_xcom_args', 'example_xcom_args_with_operators']) retrieved from /home/airflow/.local/lib/python3.7/site-packages/airflow/example_dags/example_xcomargs.py
[2022-05-23 17:34:42,574] {logging_mixin.py:115} INFO - [2022-05-23 17:34:42,574] {dag.py:2371} INFO - Sync 2 DAGs
[2022-05-23 17:34:42,598] {logging_mixin.py:115} INFO - [2022-05-23 17:34:42,597] {dag.py:2919} INFO - Setting next_dagrun for example_xcom_args to None, run_after=None
[2022-05-23 17:34:42,598] {logging_mixin.py:115} INFO - [2022-05-23 17:34:42,598] {dag.py:2919} INFO - Setting next_dagrun for example_xcom_args_with_operators to None, run_after=None
[2022-05-23 17:34:42,658] {processor.py:161} INFO - Processing /home/airflow/.local/lib/python3.7/site-packages/airflow/example_dags/example_xcomargs.py took 0.323 seconds
[2022-05-23 17:35:12,951] {processor.py:153} INFO - Started process (PID=835) to work on /home/airflow/.local/lib/python3.7/site-packages/airflow/example_dags/example_xcomargs.py
[2022-05-23 17:35:12,951] {processor.py:641} INFO - Processing file /home/airflow/.local/lib/python3.7/site-packages/airflow/example_dags/example_xcomargs.py for tasks to queue
[2022-05-23 17:35:12,952] {logging_mixin.py:115} INFO - [2022-05-23 17:35:12,952] {dagbag.py:507} INFO - Filling up the DagBag from /home/airflow/.local/lib/python3.7/site-packages/airflow/example_dags/example_xcomargs.py
[2022-05-23 17:35:12,972] {processor.py:651} INFO - DAG(s) dict_keys(['example_xcom_args', 'example_xcom_args_with_operators']) retrieved from /home/airflow/.local/lib/python3.7/site-packages/airflow/example_dags/example_xcomargs.py
[2022-05-23 17:35:13,175] {logging_mixin.py:115} INFO - [2022-05-23 17:35:13,175] {dag.py:2371} INFO - Sync 2 DAGs
[2022-05-23 17:35:13,199] {logging_mixin.py:115} INFO - [2022-05-23 17:35:13,199] {dag.py:2919} INFO - Setting next_dagrun for example_xcom_args to None, run_after=None
[2022-05-23 17:35:13,199] {logging_mixin.py:115} INFO - [2022-05-23 17:35:13,199] {dag.py:2919} INFO - Setting next_dagrun for example_xcom_args_with_operators to None, run_after=None
[2022-05-23 17:35:13,449] {processor.py:161} INFO - Processing /home/airflow/.local/lib/python3.7/site-packages/airflow/example_dags/example_xcomargs.py took 0.501 seconds
[2022-05-23 17:35:43,760] {processor.py:153} INFO - Started process (PID=889) to work on /home/airflow/.local/lib/python3.7/site-packages/airflow/example_dags/example_xcomargs.py
[2022-05-23 17:35:43,763] {processor.py:641} INFO - Processing file /home/airflow/.local/lib/python3.7/site-packages/airflow/example_dags/example_xcomargs.py for tasks to queue
[2022-05-23 17:35:43,763] {logging_mixin.py:115} INFO - [2022-05-23 17:35:43,763] {dagbag.py:507} INFO - Filling up the DagBag from /home/airflow/.local/lib/python3.7/site-packages/airflow/example_dags/example_xcomargs.py
[2022-05-23 17:35:43,787] {processor.py:651} INFO - DAG(s) dict_keys(['example_xcom_args', 'example_xcom_args_with_operators']) retrieved from /home/airflow/.local/lib/python3.7/site-packages/airflow/example_dags/example_xcomargs.py
[2022-05-23 17:35:43,820] {logging_mixin.py:115} INFO - [2022-05-23 17:35:43,819] {dag.py:2371} INFO - Sync 2 DAGs
[2022-05-23 17:35:43,952] {logging_mixin.py:115} INFO - [2022-05-23 17:35:43,951] {dag.py:2919} INFO - Setting next_dagrun for example_xcom_args to None, run_after=None
[2022-05-23 17:35:43,952] {logging_mixin.py:115} INFO - [2022-05-23 17:35:43,952] {dag.py:2919} INFO - Setting next_dagrun for example_xcom_args_with_operators to None, run_after=None
[2022-05-23 17:35:43,980] {processor.py:161} INFO - Processing /home/airflow/.local/lib/python3.7/site-packages/airflow/example_dags/example_xcomargs.py took 0.225 seconds
[2022-05-23 17:36:14,580] {processor.py:153} INFO - Started process (PID=952) to work on /home/airflow/.local/lib/python3.7/site-packages/airflow/example_dags/example_xcomargs.py
[2022-05-23 17:36:14,581] {processor.py:641} INFO - Processing file /home/airflow/.local/lib/python3.7/site-packages/airflow/example_dags/example_xcomargs.py for tasks to queue
[2022-05-23 17:36:14,581] {logging_mixin.py:115} INFO - [2022-05-23 17:36:14,581] {dagbag.py:507} INFO - Filling up the DagBag from /home/airflow/.local/lib/python3.7/site-packages/airflow/example_dags/example_xcomargs.py
[2022-05-23 17:36:14,607] {processor.py:651} INFO - DAG(s) dict_keys(['example_xcom_args', 'example_xcom_args_with_operators']) retrieved from /home/airflow/.local/lib/python3.7/site-packages/airflow/example_dags/example_xcomargs.py
[2022-05-23 17:36:14,645] {logging_mixin.py:115} INFO - [2022-05-23 17:36:14,645] {dag.py:2371} INFO - Sync 2 DAGs
[2022-05-23 17:36:14,804] {logging_mixin.py:115} INFO - [2022-05-23 17:36:14,804] {dag.py:2919} INFO - Setting next_dagrun for example_xcom_args to None, run_after=None
[2022-05-23 17:36:14,804] {logging_mixin.py:115} INFO - [2022-05-23 17:36:14,804] {dag.py:2919} INFO - Setting next_dagrun for example_xcom_args_with_operators to None, run_after=None
[2022-05-23 17:36:14,845] {processor.py:161} INFO - Processing /home/airflow/.local/lib/python3.7/site-packages/airflow/example_dags/example_xcomargs.py took 0.269 seconds
[2022-05-23 17:36:47,555] {processor.py:153} INFO - Started process (PID=1005) to work on /home/airflow/.local/lib/python3.7/site-packages/airflow/example_dags/example_xcomargs.py
[2022-05-23 17:36:47,692] {processor.py:641} INFO - Processing file /home/airflow/.local/lib/python3.7/site-packages/airflow/example_dags/example_xcomargs.py for tasks to queue
[2022-05-23 17:36:47,693] {logging_mixin.py:115} INFO - [2022-05-23 17:36:47,693] {dagbag.py:507} INFO - Filling up the DagBag from /home/airflow/.local/lib/python3.7/site-packages/airflow/example_dags/example_xcomargs.py
[2022-05-23 17:36:47,728] {processor.py:651} INFO - DAG(s) dict_keys(['example_xcom_args', 'example_xcom_args_with_operators']) retrieved from /home/airflow/.local/lib/python3.7/site-packages/airflow/example_dags/example_xcomargs.py
[2022-05-23 17:36:47,978] {logging_mixin.py:115} INFO - [2022-05-23 17:36:47,978] {dag.py:2371} INFO - Sync 2 DAGs
[2022-05-23 17:36:47,998] {logging_mixin.py:115} INFO - [2022-05-23 17:36:47,998] {dag.py:2919} INFO - Setting next_dagrun for example_xcom_args to None, run_after=None
[2022-05-23 17:36:47,998] {logging_mixin.py:115} INFO - [2022-05-23 17:36:47,998] {dag.py:2919} INFO - Setting next_dagrun for example_xcom_args_with_operators to None, run_after=None
[2022-05-23 17:36:48,620] {processor.py:161} INFO - Processing /home/airflow/.local/lib/python3.7/site-packages/airflow/example_dags/example_xcomargs.py took 1.070 seconds
[2022-05-23 17:49:29,325] {processor.py:153} INFO - Started process (PID=73) to work on /home/airflow/.local/lib/python3.7/site-packages/airflow/example_dags/example_xcomargs.py
[2022-05-23 17:49:29,357] {processor.py:641} INFO - Processing file /home/airflow/.local/lib/python3.7/site-packages/airflow/example_dags/example_xcomargs.py for tasks to queue
[2022-05-23 17:49:29,358] {logging_mixin.py:115} INFO - [2022-05-23 17:49:29,358] {dagbag.py:507} INFO - Filling up the DagBag from /home/airflow/.local/lib/python3.7/site-packages/airflow/example_dags/example_xcomargs.py
[2022-05-23 17:49:29,432] {processor.py:651} INFO - DAG(s) dict_keys(['example_xcom_args', 'example_xcom_args_with_operators']) retrieved from /home/airflow/.local/lib/python3.7/site-packages/airflow/example_dags/example_xcomargs.py
[2022-05-23 17:49:29,925] {logging_mixin.py:115} INFO - [2022-05-23 17:49:29,925] {dag.py:2371} INFO - Sync 2 DAGs
[2022-05-23 17:49:29,971] {logging_mixin.py:115} INFO - [2022-05-23 17:49:29,971] {dag.py:2919} INFO - Setting next_dagrun for example_xcom_args to None, run_after=None
[2022-05-23 17:49:29,972] {logging_mixin.py:115} INFO - [2022-05-23 17:49:29,972] {dag.py:2919} INFO - Setting next_dagrun for example_xcom_args_with_operators to None, run_after=None
[2022-05-23 17:49:30,411] {processor.py:161} INFO - Processing /home/airflow/.local/lib/python3.7/site-packages/airflow/example_dags/example_xcomargs.py took 1.092 seconds
[2022-05-23 17:50:01,665] {processor.py:153} INFO - Started process (PID=127) to work on /home/airflow/.local/lib/python3.7/site-packages/airflow/example_dags/example_xcomargs.py
[2022-05-23 17:50:01,703] {processor.py:641} INFO - Processing file /home/airflow/.local/lib/python3.7/site-packages/airflow/example_dags/example_xcomargs.py for tasks to queue
[2022-05-23 17:50:01,704] {logging_mixin.py:115} INFO - [2022-05-23 17:50:01,703] {dagbag.py:507} INFO - Filling up the DagBag from /home/airflow/.local/lib/python3.7/site-packages/airflow/example_dags/example_xcomargs.py
[2022-05-23 17:50:01,740] {processor.py:651} INFO - DAG(s) dict_keys(['example_xcom_args', 'example_xcom_args_with_operators']) retrieved from /home/airflow/.local/lib/python3.7/site-packages/airflow/example_dags/example_xcomargs.py
[2022-05-23 17:50:01,968] {logging_mixin.py:115} INFO - [2022-05-23 17:50:01,968] {dag.py:2371} INFO - Sync 2 DAGs
[2022-05-23 17:50:01,996] {logging_mixin.py:115} INFO - [2022-05-23 17:50:01,996] {dag.py:2919} INFO - Setting next_dagrun for example_xcom_args to None, run_after=None
[2022-05-23 17:50:01,997] {logging_mixin.py:115} INFO - [2022-05-23 17:50:01,997] {dag.py:2919} INFO - Setting next_dagrun for example_xcom_args_with_operators to None, run_after=None
[2022-05-23 17:50:02,031] {processor.py:161} INFO - Processing /home/airflow/.local/lib/python3.7/site-packages/airflow/example_dags/example_xcomargs.py took 0.372 seconds
[2022-05-23 17:50:33,206] {processor.py:153} INFO - Started process (PID=190) to work on /home/airflow/.local/lib/python3.7/site-packages/airflow/example_dags/example_xcomargs.py
[2022-05-23 17:50:33,308] {processor.py:641} INFO - Processing file /home/airflow/.local/lib/python3.7/site-packages/airflow/example_dags/example_xcomargs.py for tasks to queue
[2022-05-23 17:50:33,308] {logging_mixin.py:115} INFO - [2022-05-23 17:50:33,308] {dagbag.py:507} INFO - Filling up the DagBag from /home/airflow/.local/lib/python3.7/site-packages/airflow/example_dags/example_xcomargs.py
[2022-05-23 17:50:33,332] {processor.py:651} INFO - DAG(s) dict_keys(['example_xcom_args', 'example_xcom_args_with_operators']) retrieved from /home/airflow/.local/lib/python3.7/site-packages/airflow/example_dags/example_xcomargs.py
[2022-05-23 17:50:33,551] {logging_mixin.py:115} INFO - [2022-05-23 17:50:33,551] {dag.py:2371} INFO - Sync 2 DAGs
[2022-05-23 17:50:33,575] {logging_mixin.py:115} INFO - [2022-05-23 17:50:33,575] {dag.py:2919} INFO - Setting next_dagrun for example_xcom_args to None, run_after=None
[2022-05-23 17:50:33,576] {logging_mixin.py:115} INFO - [2022-05-23 17:50:33,576] {dag.py:2919} INFO - Setting next_dagrun for example_xcom_args_with_operators to None, run_after=None
[2022-05-23 17:50:33,895] {processor.py:161} INFO - Processing /home/airflow/.local/lib/python3.7/site-packages/airflow/example_dags/example_xcomargs.py took 0.693 seconds
[2022-05-23 17:51:04,538] {processor.py:153} INFO - Started process (PID=244) to work on /home/airflow/.local/lib/python3.7/site-packages/airflow/example_dags/example_xcomargs.py
[2022-05-23 17:51:04,635] {processor.py:641} INFO - Processing file /home/airflow/.local/lib/python3.7/site-packages/airflow/example_dags/example_xcomargs.py for tasks to queue
[2022-05-23 17:51:04,636] {logging_mixin.py:115} INFO - [2022-05-23 17:51:04,636] {dagbag.py:507} INFO - Filling up the DagBag from /home/airflow/.local/lib/python3.7/site-packages/airflow/example_dags/example_xcomargs.py
[2022-05-23 17:51:04,683] {processor.py:651} INFO - DAG(s) dict_keys(['example_xcom_args', 'example_xcom_args_with_operators']) retrieved from /home/airflow/.local/lib/python3.7/site-packages/airflow/example_dags/example_xcomargs.py
[2022-05-23 17:51:04,884] {logging_mixin.py:115} INFO - [2022-05-23 17:51:04,884] {dag.py:2371} INFO - Sync 2 DAGs
[2022-05-23 17:51:04,907] {logging_mixin.py:115} INFO - [2022-05-23 17:51:04,907] {dag.py:2919} INFO - Setting next_dagrun for example_xcom_args to None, run_after=None
[2022-05-23 17:51:04,908] {logging_mixin.py:115} INFO - [2022-05-23 17:51:04,908] {dag.py:2919} INFO - Setting next_dagrun for example_xcom_args_with_operators to None, run_after=None
[2022-05-23 17:51:05,063] {processor.py:161} INFO - Processing /home/airflow/.local/lib/python3.7/site-packages/airflow/example_dags/example_xcomargs.py took 0.528 seconds
[2022-05-23 17:51:35,167] {processor.py:153} INFO - Started process (PID=298) to work on /home/airflow/.local/lib/python3.7/site-packages/airflow/example_dags/example_xcomargs.py
[2022-05-23 17:51:35,278] {processor.py:641} INFO - Processing file /home/airflow/.local/lib/python3.7/site-packages/airflow/example_dags/example_xcomargs.py for tasks to queue
[2022-05-23 17:51:35,279] {logging_mixin.py:115} INFO - [2022-05-23 17:51:35,279] {dagbag.py:507} INFO - Filling up the DagBag from /home/airflow/.local/lib/python3.7/site-packages/airflow/example_dags/example_xcomargs.py
[2022-05-23 17:51:35,303] {processor.py:651} INFO - DAG(s) dict_keys(['example_xcom_args', 'example_xcom_args_with_operators']) retrieved from /home/airflow/.local/lib/python3.7/site-packages/airflow/example_dags/example_xcomargs.py
[2022-05-23 17:51:35,502] {logging_mixin.py:115} INFO - [2022-05-23 17:51:35,502] {dag.py:2371} INFO - Sync 2 DAGs
[2022-05-23 17:51:35,524] {logging_mixin.py:115} INFO - [2022-05-23 17:51:35,524] {dag.py:2919} INFO - Setting next_dagrun for example_xcom_args to None, run_after=None
[2022-05-23 17:51:35,524] {logging_mixin.py:115} INFO - [2022-05-23 17:51:35,524] {dag.py:2919} INFO - Setting next_dagrun for example_xcom_args_with_operators to None, run_after=None
[2022-05-23 17:51:35,563] {processor.py:161} INFO - Processing /home/airflow/.local/lib/python3.7/site-packages/airflow/example_dags/example_xcomargs.py took 0.400 seconds
[2022-05-23 17:52:06,637] {processor.py:153} INFO - Started process (PID=360) to work on /home/airflow/.local/lib/python3.7/site-packages/airflow/example_dags/example_xcomargs.py
[2022-05-23 17:52:06,754] {processor.py:641} INFO - Processing file /home/airflow/.local/lib/python3.7/site-packages/airflow/example_dags/example_xcomargs.py for tasks to queue
[2022-05-23 17:52:06,755] {logging_mixin.py:115} INFO - [2022-05-23 17:52:06,754] {dagbag.py:507} INFO - Filling up the DagBag from /home/airflow/.local/lib/python3.7/site-packages/airflow/example_dags/example_xcomargs.py
[2022-05-23 17:52:06,783] {processor.py:651} INFO - DAG(s) dict_keys(['example_xcom_args', 'example_xcom_args_with_operators']) retrieved from /home/airflow/.local/lib/python3.7/site-packages/airflow/example_dags/example_xcomargs.py
[2022-05-23 17:52:06,983] {logging_mixin.py:115} INFO - [2022-05-23 17:52:06,983] {dag.py:2371} INFO - Sync 2 DAGs
[2022-05-23 17:52:07,008] {logging_mixin.py:115} INFO - [2022-05-23 17:52:07,008] {dag.py:2919} INFO - Setting next_dagrun for example_xcom_args to None, run_after=None
[2022-05-23 17:52:07,008] {logging_mixin.py:115} INFO - [2022-05-23 17:52:07,008] {dag.py:2919} INFO - Setting next_dagrun for example_xcom_args_with_operators to None, run_after=None
[2022-05-23 17:52:07,205] {processor.py:161} INFO - Processing /home/airflow/.local/lib/python3.7/site-packages/airflow/example_dags/example_xcomargs.py took 0.573 seconds
[2022-05-23 17:52:37,324] {processor.py:153} INFO - Started process (PID=414) to work on /home/airflow/.local/lib/python3.7/site-packages/airflow/example_dags/example_xcomargs.py
[2022-05-23 17:52:37,324] {processor.py:641} INFO - Processing file /home/airflow/.local/lib/python3.7/site-packages/airflow/example_dags/example_xcomargs.py for tasks to queue
[2022-05-23 17:52:37,325] {logging_mixin.py:115} INFO - [2022-05-23 17:52:37,325] {dagbag.py:507} INFO - Filling up the DagBag from /home/airflow/.local/lib/python3.7/site-packages/airflow/example_dags/example_xcomargs.py
[2022-05-23 17:52:37,352] {processor.py:651} INFO - DAG(s) dict_keys(['example_xcom_args', 'example_xcom_args_with_operators']) retrieved from /home/airflow/.local/lib/python3.7/site-packages/airflow/example_dags/example_xcomargs.py
[2022-05-23 17:52:37,552] {logging_mixin.py:115} INFO - [2022-05-23 17:52:37,552] {dag.py:2371} INFO - Sync 2 DAGs
[2022-05-23 17:52:37,574] {logging_mixin.py:115} INFO - [2022-05-23 17:52:37,574] {dag.py:2919} INFO - Setting next_dagrun for example_xcom_args to None, run_after=None
[2022-05-23 17:52:37,574] {logging_mixin.py:115} INFO - [2022-05-23 17:52:37,574] {dag.py:2919} INFO - Setting next_dagrun for example_xcom_args_with_operators to None, run_after=None
[2022-05-23 17:52:37,617] {processor.py:161} INFO - Processing /home/airflow/.local/lib/python3.7/site-packages/airflow/example_dags/example_xcomargs.py took 0.297 seconds
[2022-05-23 17:53:09,649] {processor.py:153} INFO - Started process (PID=476) to work on /home/airflow/.local/lib/python3.7/site-packages/airflow/example_dags/example_xcomargs.py
[2022-05-23 17:53:09,787] {processor.py:641} INFO - Processing file /home/airflow/.local/lib/python3.7/site-packages/airflow/example_dags/example_xcomargs.py for tasks to queue
[2022-05-23 17:53:09,788] {logging_mixin.py:115} INFO - [2022-05-23 17:53:09,788] {dagbag.py:507} INFO - Filling up the DagBag from /home/airflow/.local/lib/python3.7/site-packages/airflow/example_dags/example_xcomargs.py
[2022-05-23 17:53:09,810] {processor.py:651} INFO - DAG(s) dict_keys(['example_xcom_args', 'example_xcom_args_with_operators']) retrieved from /home/airflow/.local/lib/python3.7/site-packages/airflow/example_dags/example_xcomargs.py
[2022-05-23 17:53:09,992] {logging_mixin.py:115} INFO - [2022-05-23 17:53:09,992] {dag.py:2371} INFO - Sync 2 DAGs
[2022-05-23 17:53:10,016] {logging_mixin.py:115} INFO - [2022-05-23 17:53:10,016] {dag.py:2919} INFO - Setting next_dagrun for example_xcom_args to None, run_after=None
[2022-05-23 17:53:10,016] {logging_mixin.py:115} INFO - [2022-05-23 17:53:10,016] {dag.py:2919} INFO - Setting next_dagrun for example_xcom_args_with_operators to None, run_after=None
[2022-05-23 17:53:10,216] {processor.py:161} INFO - Processing /home/airflow/.local/lib/python3.7/site-packages/airflow/example_dags/example_xcomargs.py took 0.571 seconds
[2022-05-23 17:53:40,329] {processor.py:153} INFO - Started process (PID=529) to work on /home/airflow/.local/lib/python3.7/site-packages/airflow/example_dags/example_xcomargs.py
[2022-05-23 17:53:40,330] {processor.py:641} INFO - Processing file /home/airflow/.local/lib/python3.7/site-packages/airflow/example_dags/example_xcomargs.py for tasks to queue
[2022-05-23 17:53:40,330] {logging_mixin.py:115} INFO - [2022-05-23 17:53:40,330] {dagbag.py:507} INFO - Filling up the DagBag from /home/airflow/.local/lib/python3.7/site-packages/airflow/example_dags/example_xcomargs.py
[2022-05-23 17:53:40,362] {processor.py:651} INFO - DAG(s) dict_keys(['example_xcom_args', 'example_xcom_args_with_operators']) retrieved from /home/airflow/.local/lib/python3.7/site-packages/airflow/example_dags/example_xcomargs.py
[2022-05-23 17:53:40,576] {logging_mixin.py:115} INFO - [2022-05-23 17:53:40,576] {dag.py:2371} INFO - Sync 2 DAGs
[2022-05-23 17:53:40,597] {logging_mixin.py:115} INFO - [2022-05-23 17:53:40,596] {dag.py:2919} INFO - Setting next_dagrun for example_xcom_args to None, run_after=None
[2022-05-23 17:53:40,597] {logging_mixin.py:115} INFO - [2022-05-23 17:53:40,597] {dag.py:2919} INFO - Setting next_dagrun for example_xcom_args_with_operators to None, run_after=None
[2022-05-23 17:53:40,625] {processor.py:161} INFO - Processing /home/airflow/.local/lib/python3.7/site-packages/airflow/example_dags/example_xcomargs.py took 0.300 seconds
[2022-05-23 17:54:11,867] {processor.py:153} INFO - Started process (PID=583) to work on /home/airflow/.local/lib/python3.7/site-packages/airflow/example_dags/example_xcomargs.py
[2022-05-23 17:54:11,995] {processor.py:641} INFO - Processing file /home/airflow/.local/lib/python3.7/site-packages/airflow/example_dags/example_xcomargs.py for tasks to queue
[2022-05-23 17:54:11,995] {logging_mixin.py:115} INFO - [2022-05-23 17:54:11,995] {dagbag.py:507} INFO - Filling up the DagBag from /home/airflow/.local/lib/python3.7/site-packages/airflow/example_dags/example_xcomargs.py
[2022-05-23 17:54:12,018] {processor.py:651} INFO - DAG(s) dict_keys(['example_xcom_args', 'example_xcom_args_with_operators']) retrieved from /home/airflow/.local/lib/python3.7/site-packages/airflow/example_dags/example_xcomargs.py
[2022-05-23 17:54:12,216] {logging_mixin.py:115} INFO - [2022-05-23 17:54:12,216] {dag.py:2371} INFO - Sync 2 DAGs
[2022-05-23 17:54:12,241] {logging_mixin.py:115} INFO - [2022-05-23 17:54:12,241] {dag.py:2919} INFO - Setting next_dagrun for example_xcom_args to None, run_after=None
[2022-05-23 17:54:12,241] {logging_mixin.py:115} INFO - [2022-05-23 17:54:12,241] {dag.py:2919} INFO - Setting next_dagrun for example_xcom_args_with_operators to None, run_after=None
[2022-05-23 17:54:12,536] {processor.py:161} INFO - Processing /home/airflow/.local/lib/python3.7/site-packages/airflow/example_dags/example_xcomargs.py took 0.672 seconds
[2022-05-23 18:03:44,426] {processor.py:153} INFO - Started process (PID=73) to work on /home/airflow/.local/lib/python3.7/site-packages/airflow/example_dags/example_xcomargs.py
[2022-05-23 18:03:44,553] {processor.py:641} INFO - Processing file /home/airflow/.local/lib/python3.7/site-packages/airflow/example_dags/example_xcomargs.py for tasks to queue
[2022-05-23 18:03:44,554] {logging_mixin.py:115} INFO - [2022-05-23 18:03:44,554] {dagbag.py:507} INFO - Filling up the DagBag from /home/airflow/.local/lib/python3.7/site-packages/airflow/example_dags/example_xcomargs.py
[2022-05-23 18:03:44,764] {processor.py:651} INFO - DAG(s) dict_keys(['example_xcom_args', 'example_xcom_args_with_operators']) retrieved from /home/airflow/.local/lib/python3.7/site-packages/airflow/example_dags/example_xcomargs.py
[2022-05-23 18:03:45,084] {logging_mixin.py:115} INFO - [2022-05-23 18:03:45,083] {dag.py:2371} INFO - Sync 2 DAGs
[2022-05-23 18:03:45,104] {logging_mixin.py:115} INFO - [2022-05-23 18:03:45,104] {dag.py:2919} INFO - Setting next_dagrun for example_xcom_args to None, run_after=None
[2022-05-23 18:03:45,104] {logging_mixin.py:115} INFO - [2022-05-23 18:03:45,104] {dag.py:2919} INFO - Setting next_dagrun for example_xcom_args_with_operators to None, run_after=None
[2022-05-23 18:03:45,339] {processor.py:161} INFO - Processing /home/airflow/.local/lib/python3.7/site-packages/airflow/example_dags/example_xcomargs.py took 0.918 seconds
[2022-05-23 18:04:15,420] {processor.py:153} INFO - Started process (PID=128) to work on /home/airflow/.local/lib/python3.7/site-packages/airflow/example_dags/example_xcomargs.py
[2022-05-23 18:04:15,420] {processor.py:641} INFO - Processing file /home/airflow/.local/lib/python3.7/site-packages/airflow/example_dags/example_xcomargs.py for tasks to queue
[2022-05-23 18:04:15,421] {logging_mixin.py:115} INFO - [2022-05-23 18:04:15,421] {dagbag.py:507} INFO - Filling up the DagBag from /home/airflow/.local/lib/python3.7/site-packages/airflow/example_dags/example_xcomargs.py
[2022-05-23 18:04:15,449] {processor.py:651} INFO - DAG(s) dict_keys(['example_xcom_args', 'example_xcom_args_with_operators']) retrieved from /home/airflow/.local/lib/python3.7/site-packages/airflow/example_dags/example_xcomargs.py
[2022-05-23 18:04:15,670] {logging_mixin.py:115} INFO - [2022-05-23 18:04:15,670] {dag.py:2371} INFO - Sync 2 DAGs
[2022-05-23 18:04:15,691] {logging_mixin.py:115} INFO - [2022-05-23 18:04:15,691] {dag.py:2919} INFO - Setting next_dagrun for example_xcom_args to None, run_after=None
[2022-05-23 18:04:15,692] {logging_mixin.py:115} INFO - [2022-05-23 18:04:15,692] {dag.py:2919} INFO - Setting next_dagrun for example_xcom_args_with_operators to None, run_after=None
[2022-05-23 18:04:15,748] {processor.py:161} INFO - Processing /home/airflow/.local/lib/python3.7/site-packages/airflow/example_dags/example_xcomargs.py took 0.332 seconds
[2022-05-23 18:04:47,135] {processor.py:153} INFO - Started process (PID=183) to work on /home/airflow/.local/lib/python3.7/site-packages/airflow/example_dags/example_xcomargs.py
[2022-05-23 18:04:47,135] {processor.py:641} INFO - Processing file /home/airflow/.local/lib/python3.7/site-packages/airflow/example_dags/example_xcomargs.py for tasks to queue
[2022-05-23 18:04:47,136] {logging_mixin.py:115} INFO - [2022-05-23 18:04:47,136] {dagbag.py:507} INFO - Filling up the DagBag from /home/airflow/.local/lib/python3.7/site-packages/airflow/example_dags/example_xcomargs.py
[2022-05-23 18:04:47,165] {processor.py:651} INFO - DAG(s) dict_keys(['example_xcom_args', 'example_xcom_args_with_operators']) retrieved from /home/airflow/.local/lib/python3.7/site-packages/airflow/example_dags/example_xcomargs.py
[2022-05-23 18:04:47,383] {logging_mixin.py:115} INFO - [2022-05-23 18:04:47,383] {dag.py:2371} INFO - Sync 2 DAGs
[2022-05-23 18:04:47,404] {logging_mixin.py:115} INFO - [2022-05-23 18:04:47,404] {dag.py:2919} INFO - Setting next_dagrun for example_xcom_args to None, run_after=None
[2022-05-23 18:04:47,405] {logging_mixin.py:115} INFO - [2022-05-23 18:04:47,404] {dag.py:2919} INFO - Setting next_dagrun for example_xcom_args_with_operators to None, run_after=None
[2022-05-23 18:04:47,450] {processor.py:161} INFO - Processing /home/airflow/.local/lib/python3.7/site-packages/airflow/example_dags/example_xcomargs.py took 0.319 seconds
[2022-05-23 18:05:17,518] {processor.py:153} INFO - Started process (PID=236) to work on /home/airflow/.local/lib/python3.7/site-packages/airflow/example_dags/example_xcomargs.py
[2022-05-23 18:05:17,525] {processor.py:641} INFO - Processing file /home/airflow/.local/lib/python3.7/site-packages/airflow/example_dags/example_xcomargs.py for tasks to queue
[2022-05-23 18:05:17,526] {logging_mixin.py:115} INFO - [2022-05-23 18:05:17,526] {dagbag.py:507} INFO - Filling up the DagBag from /home/airflow/.local/lib/python3.7/site-packages/airflow/example_dags/example_xcomargs.py
[2022-05-23 18:05:17,567] {processor.py:651} INFO - DAG(s) dict_keys(['example_xcom_args', 'example_xcom_args_with_operators']) retrieved from /home/airflow/.local/lib/python3.7/site-packages/airflow/example_dags/example_xcomargs.py
[2022-05-23 18:05:17,747] {logging_mixin.py:115} INFO - [2022-05-23 18:05:17,747] {dag.py:2371} INFO - Sync 2 DAGs
[2022-05-23 18:05:17,780] {logging_mixin.py:115} INFO - [2022-05-23 18:05:17,780] {dag.py:2919} INFO - Setting next_dagrun for example_xcom_args to None, run_after=None
[2022-05-23 18:05:17,781] {logging_mixin.py:115} INFO - [2022-05-23 18:05:17,781] {dag.py:2919} INFO - Setting next_dagrun for example_xcom_args_with_operators to None, run_after=None
[2022-05-23 18:05:17,836] {processor.py:161} INFO - Processing /home/airflow/.local/lib/python3.7/site-packages/airflow/example_dags/example_xcomargs.py took 0.324 seconds
[2022-05-23 18:05:49,208] {processor.py:153} INFO - Started process (PID=300) to work on /home/airflow/.local/lib/python3.7/site-packages/airflow/example_dags/example_xcomargs.py
[2022-05-23 18:05:49,209] {processor.py:641} INFO - Processing file /home/airflow/.local/lib/python3.7/site-packages/airflow/example_dags/example_xcomargs.py for tasks to queue
[2022-05-23 18:05:49,210] {logging_mixin.py:115} INFO - [2022-05-23 18:05:49,210] {dagbag.py:507} INFO - Filling up the DagBag from /home/airflow/.local/lib/python3.7/site-packages/airflow/example_dags/example_xcomargs.py
[2022-05-23 18:05:49,256] {processor.py:651} INFO - DAG(s) dict_keys(['example_xcom_args', 'example_xcom_args_with_operators']) retrieved from /home/airflow/.local/lib/python3.7/site-packages/airflow/example_dags/example_xcomargs.py
[2022-05-23 18:05:49,472] {logging_mixin.py:115} INFO - [2022-05-23 18:05:49,472] {dag.py:2371} INFO - Sync 2 DAGs
[2022-05-23 18:05:49,567] {logging_mixin.py:115} INFO - [2022-05-23 18:05:49,567] {dag.py:2919} INFO - Setting next_dagrun for example_xcom_args to None, run_after=None
[2022-05-23 18:05:49,568] {logging_mixin.py:115} INFO - [2022-05-23 18:05:49,568] {dag.py:2919} INFO - Setting next_dagrun for example_xcom_args_with_operators to None, run_after=None
[2022-05-23 18:05:49,641] {processor.py:161} INFO - Processing /home/airflow/.local/lib/python3.7/site-packages/airflow/example_dags/example_xcomargs.py took 0.439 seconds
[2022-05-23 18:06:22,263] {processor.py:153} INFO - Started process (PID=354) to work on /home/airflow/.local/lib/python3.7/site-packages/airflow/example_dags/example_xcomargs.py
[2022-05-23 18:06:22,397] {processor.py:641} INFO - Processing file /home/airflow/.local/lib/python3.7/site-packages/airflow/example_dags/example_xcomargs.py for tasks to queue
[2022-05-23 18:06:22,398] {logging_mixin.py:115} INFO - [2022-05-23 18:06:22,397] {dagbag.py:507} INFO - Filling up the DagBag from /home/airflow/.local/lib/python3.7/site-packages/airflow/example_dags/example_xcomargs.py
[2022-05-23 18:06:22,464] {processor.py:651} INFO - DAG(s) dict_keys(['example_xcom_args', 'example_xcom_args_with_operators']) retrieved from /home/airflow/.local/lib/python3.7/site-packages/airflow/example_dags/example_xcomargs.py
[2022-05-23 18:06:22,694] {logging_mixin.py:115} INFO - [2022-05-23 18:06:22,694] {dag.py:2371} INFO - Sync 2 DAGs
[2022-05-23 18:06:22,723] {logging_mixin.py:115} INFO - [2022-05-23 18:06:22,723] {dag.py:2919} INFO - Setting next_dagrun for example_xcom_args to None, run_after=None
[2022-05-23 18:06:22,723] {logging_mixin.py:115} INFO - [2022-05-23 18:06:22,723] {dag.py:2919} INFO - Setting next_dagrun for example_xcom_args_with_operators to None, run_after=None
[2022-05-23 18:06:22,766] {processor.py:161} INFO - Processing /home/airflow/.local/lib/python3.7/site-packages/airflow/example_dags/example_xcomargs.py took 0.507 seconds
[2022-05-23 18:06:53,490] {processor.py:153} INFO - Started process (PID=409) to work on /home/airflow/.local/lib/python3.7/site-packages/airflow/example_dags/example_xcomargs.py
[2022-05-23 18:06:53,624] {processor.py:641} INFO - Processing file /home/airflow/.local/lib/python3.7/site-packages/airflow/example_dags/example_xcomargs.py for tasks to queue
[2022-05-23 18:06:53,625] {logging_mixin.py:115} INFO - [2022-05-23 18:06:53,625] {dagbag.py:507} INFO - Filling up the DagBag from /home/airflow/.local/lib/python3.7/site-packages/airflow/example_dags/example_xcomargs.py
[2022-05-23 18:06:53,667] {processor.py:651} INFO - DAG(s) dict_keys(['example_xcom_args', 'example_xcom_args_with_operators']) retrieved from /home/airflow/.local/lib/python3.7/site-packages/airflow/example_dags/example_xcomargs.py
[2022-05-23 18:06:53,881] {logging_mixin.py:115} INFO - [2022-05-23 18:06:53,881] {dag.py:2371} INFO - Sync 2 DAGs
[2022-05-23 18:06:53,990] {logging_mixin.py:115} INFO - [2022-05-23 18:06:53,990] {dag.py:2919} INFO - Setting next_dagrun for example_xcom_args to None, run_after=None
[2022-05-23 18:06:53,990] {logging_mixin.py:115} INFO - [2022-05-23 18:06:53,990] {dag.py:2919} INFO - Setting next_dagrun for example_xcom_args_with_operators to None, run_after=None
[2022-05-23 18:06:54,032] {processor.py:161} INFO - Processing /home/airflow/.local/lib/python3.7/site-packages/airflow/example_dags/example_xcomargs.py took 0.545 seconds
[2022-05-23 18:07:26,033] {processor.py:153} INFO - Started process (PID=471) to work on /home/airflow/.local/lib/python3.7/site-packages/airflow/example_dags/example_xcomargs.py
[2022-05-23 18:07:26,034] {processor.py:641} INFO - Processing file /home/airflow/.local/lib/python3.7/site-packages/airflow/example_dags/example_xcomargs.py for tasks to queue
[2022-05-23 18:07:26,034] {logging_mixin.py:115} INFO - [2022-05-23 18:07:26,034] {dagbag.py:507} INFO - Filling up the DagBag from /home/airflow/.local/lib/python3.7/site-packages/airflow/example_dags/example_xcomargs.py
[2022-05-23 18:07:26,057] {processor.py:651} INFO - DAG(s) dict_keys(['example_xcom_args', 'example_xcom_args_with_operators']) retrieved from /home/airflow/.local/lib/python3.7/site-packages/airflow/example_dags/example_xcomargs.py
[2022-05-23 18:07:26,272] {logging_mixin.py:115} INFO - [2022-05-23 18:07:26,272] {dag.py:2371} INFO - Sync 2 DAGs
[2022-05-23 18:07:26,302] {logging_mixin.py:115} INFO - [2022-05-23 18:07:26,302] {dag.py:2919} INFO - Setting next_dagrun for example_xcom_args to None, run_after=None
[2022-05-23 18:07:26,302] {logging_mixin.py:115} INFO - [2022-05-23 18:07:26,302] {dag.py:2919} INFO - Setting next_dagrun for example_xcom_args_with_operators to None, run_after=None
[2022-05-23 18:07:26,566] {processor.py:161} INFO - Processing /home/airflow/.local/lib/python3.7/site-packages/airflow/example_dags/example_xcomargs.py took 0.536 seconds
[2022-05-23 18:07:58,324] {processor.py:153} INFO - Started process (PID=525) to work on /home/airflow/.local/lib/python3.7/site-packages/airflow/example_dags/example_xcomargs.py
[2022-05-23 18:07:58,325] {processor.py:641} INFO - Processing file /home/airflow/.local/lib/python3.7/site-packages/airflow/example_dags/example_xcomargs.py for tasks to queue
[2022-05-23 18:07:58,326] {logging_mixin.py:115} INFO - [2022-05-23 18:07:58,326] {dagbag.py:507} INFO - Filling up the DagBag from /home/airflow/.local/lib/python3.7/site-packages/airflow/example_dags/example_xcomargs.py
[2022-05-23 18:07:58,354] {processor.py:651} INFO - DAG(s) dict_keys(['example_xcom_args', 'example_xcom_args_with_operators']) retrieved from /home/airflow/.local/lib/python3.7/site-packages/airflow/example_dags/example_xcomargs.py
[2022-05-23 18:07:58,505] {logging_mixin.py:115} INFO - [2022-05-23 18:07:58,505] {dag.py:2371} INFO - Sync 2 DAGs
[2022-05-23 18:07:58,534] {logging_mixin.py:115} INFO - [2022-05-23 18:07:58,534] {dag.py:2919} INFO - Setting next_dagrun for example_xcom_args to None, run_after=None
[2022-05-23 18:07:58,534] {logging_mixin.py:115} INFO - [2022-05-23 18:07:58,534] {dag.py:2919} INFO - Setting next_dagrun for example_xcom_args_with_operators to None, run_after=None
[2022-05-23 18:07:58,569] {processor.py:161} INFO - Processing /home/airflow/.local/lib/python3.7/site-packages/airflow/example_dags/example_xcomargs.py took 0.248 seconds
[2022-05-23 18:08:29,371] {processor.py:153} INFO - Started process (PID=579) to work on /home/airflow/.local/lib/python3.7/site-packages/airflow/example_dags/example_xcomargs.py
[2022-05-23 18:08:29,486] {processor.py:641} INFO - Processing file /home/airflow/.local/lib/python3.7/site-packages/airflow/example_dags/example_xcomargs.py for tasks to queue
[2022-05-23 18:08:29,487] {logging_mixin.py:115} INFO - [2022-05-23 18:08:29,487] {dagbag.py:507} INFO - Filling up the DagBag from /home/airflow/.local/lib/python3.7/site-packages/airflow/example_dags/example_xcomargs.py
[2022-05-23 18:08:29,521] {processor.py:651} INFO - DAG(s) dict_keys(['example_xcom_args', 'example_xcom_args_with_operators']) retrieved from /home/airflow/.local/lib/python3.7/site-packages/airflow/example_dags/example_xcomargs.py
[2022-05-23 18:08:29,674] {logging_mixin.py:115} INFO - [2022-05-23 18:08:29,674] {dag.py:2371} INFO - Sync 2 DAGs
[2022-05-23 18:08:29,702] {logging_mixin.py:115} INFO - [2022-05-23 18:08:29,702] {dag.py:2919} INFO - Setting next_dagrun for example_xcom_args to None, run_after=None
[2022-05-23 18:08:29,703] {logging_mixin.py:115} INFO - [2022-05-23 18:08:29,703] {dag.py:2919} INFO - Setting next_dagrun for example_xcom_args_with_operators to None, run_after=None
[2022-05-23 18:08:29,734] {processor.py:161} INFO - Processing /home/airflow/.local/lib/python3.7/site-packages/airflow/example_dags/example_xcomargs.py took 0.366 seconds
[2022-05-23 18:09:01,108] {processor.py:153} INFO - Started process (PID=641) to work on /home/airflow/.local/lib/python3.7/site-packages/airflow/example_dags/example_xcomargs.py
[2022-05-23 18:09:01,228] {processor.py:641} INFO - Processing file /home/airflow/.local/lib/python3.7/site-packages/airflow/example_dags/example_xcomargs.py for tasks to queue
[2022-05-23 18:09:01,229] {logging_mixin.py:115} INFO - [2022-05-23 18:09:01,229] {dagbag.py:507} INFO - Filling up the DagBag from /home/airflow/.local/lib/python3.7/site-packages/airflow/example_dags/example_xcomargs.py
[2022-05-23 18:09:01,279] {processor.py:651} INFO - DAG(s) dict_keys(['example_xcom_args', 'example_xcom_args_with_operators']) retrieved from /home/airflow/.local/lib/python3.7/site-packages/airflow/example_dags/example_xcomargs.py
[2022-05-23 18:09:01,356] {logging_mixin.py:115} INFO - [2022-05-23 18:09:01,356] {dag.py:2371} INFO - Sync 2 DAGs
[2022-05-23 18:09:01,378] {logging_mixin.py:115} INFO - [2022-05-23 18:09:01,378] {dag.py:2919} INFO - Setting next_dagrun for example_xcom_args to None, run_after=None
[2022-05-23 18:09:01,378] {logging_mixin.py:115} INFO - [2022-05-23 18:09:01,378] {dag.py:2919} INFO - Setting next_dagrun for example_xcom_args_with_operators to None, run_after=None
[2022-05-23 18:09:01,964] {processor.py:161} INFO - Processing /home/airflow/.local/lib/python3.7/site-packages/airflow/example_dags/example_xcomargs.py took 0.859 seconds
[2022-05-23 18:09:32,732] {processor.py:153} INFO - Started process (PID=695) to work on /home/airflow/.local/lib/python3.7/site-packages/airflow/example_dags/example_xcomargs.py
[2022-05-23 18:09:32,732] {processor.py:641} INFO - Processing file /home/airflow/.local/lib/python3.7/site-packages/airflow/example_dags/example_xcomargs.py for tasks to queue
[2022-05-23 18:09:32,733] {logging_mixin.py:115} INFO - [2022-05-23 18:09:32,733] {dagbag.py:507} INFO - Filling up the DagBag from /home/airflow/.local/lib/python3.7/site-packages/airflow/example_dags/example_xcomargs.py
[2022-05-23 18:09:32,763] {processor.py:651} INFO - DAG(s) dict_keys(['example_xcom_args', 'example_xcom_args_with_operators']) retrieved from /home/airflow/.local/lib/python3.7/site-packages/airflow/example_dags/example_xcomargs.py
[2022-05-23 18:09:32,875] {logging_mixin.py:115} INFO - [2022-05-23 18:09:32,875] {dag.py:2371} INFO - Sync 2 DAGs
[2022-05-23 18:09:32,904] {logging_mixin.py:115} INFO - [2022-05-23 18:09:32,904] {dag.py:2919} INFO - Setting next_dagrun for example_xcom_args to None, run_after=None
[2022-05-23 18:09:32,905] {logging_mixin.py:115} INFO - [2022-05-23 18:09:32,905] {dag.py:2919} INFO - Setting next_dagrun for example_xcom_args_with_operators to None, run_after=None
[2022-05-23 18:09:32,988] {processor.py:161} INFO - Processing /home/airflow/.local/lib/python3.7/site-packages/airflow/example_dags/example_xcomargs.py took 0.259 seconds
[2022-05-23 18:10:03,107] {processor.py:153} INFO - Started process (PID=758) to work on /home/airflow/.local/lib/python3.7/site-packages/airflow/example_dags/example_xcomargs.py
[2022-05-23 18:10:03,171] {processor.py:641} INFO - Processing file /home/airflow/.local/lib/python3.7/site-packages/airflow/example_dags/example_xcomargs.py for tasks to queue
[2022-05-23 18:10:03,274] {logging_mixin.py:115} INFO - [2022-05-23 18:10:03,274] {dagbag.py:507} INFO - Filling up the DagBag from /home/airflow/.local/lib/python3.7/site-packages/airflow/example_dags/example_xcomargs.py
[2022-05-23 18:10:03,315] {processor.py:651} INFO - DAG(s) dict_keys(['example_xcom_args', 'example_xcom_args_with_operators']) retrieved from /home/airflow/.local/lib/python3.7/site-packages/airflow/example_dags/example_xcomargs.py
[2022-05-23 18:10:03,400] {logging_mixin.py:115} INFO - [2022-05-23 18:10:03,399] {dag.py:2371} INFO - Sync 2 DAGs
[2022-05-23 18:10:03,424] {logging_mixin.py:115} INFO - [2022-05-23 18:10:03,424] {dag.py:2919} INFO - Setting next_dagrun for example_xcom_args to None, run_after=None
[2022-05-23 18:10:03,425] {logging_mixin.py:115} INFO - [2022-05-23 18:10:03,425] {dag.py:2919} INFO - Setting next_dagrun for example_xcom_args_with_operators to None, run_after=None
[2022-05-23 18:10:03,573] {processor.py:161} INFO - Processing /home/airflow/.local/lib/python3.7/site-packages/airflow/example_dags/example_xcomargs.py took 0.469 seconds
[2022-05-23 18:10:34,586] {processor.py:153} INFO - Started process (PID=812) to work on /home/airflow/.local/lib/python3.7/site-packages/airflow/example_dags/example_xcomargs.py
[2022-05-23 18:10:35,149] {processor.py:641} INFO - Processing file /home/airflow/.local/lib/python3.7/site-packages/airflow/example_dags/example_xcomargs.py for tasks to queue
[2022-05-23 18:10:35,151] {logging_mixin.py:115} INFO - [2022-05-23 18:10:35,151] {dagbag.py:507} INFO - Filling up the DagBag from /home/airflow/.local/lib/python3.7/site-packages/airflow/example_dags/example_xcomargs.py
[2022-05-23 18:10:35,199] {processor.py:651} INFO - DAG(s) dict_keys(['example_xcom_args', 'example_xcom_args_with_operators']) retrieved from /home/airflow/.local/lib/python3.7/site-packages/airflow/example_dags/example_xcomargs.py
[2022-05-23 18:10:35,280] {logging_mixin.py:115} INFO - [2022-05-23 18:10:35,280] {dag.py:2371} INFO - Sync 2 DAGs
[2022-05-23 18:10:35,303] {logging_mixin.py:115} INFO - [2022-05-23 18:10:35,303] {dag.py:2919} INFO - Setting next_dagrun for example_xcom_args to None, run_after=None
[2022-05-23 18:10:35,303] {logging_mixin.py:115} INFO - [2022-05-23 18:10:35,303] {dag.py:2919} INFO - Setting next_dagrun for example_xcom_args_with_operators to None, run_after=None
[2022-05-23 18:10:35,858] {processor.py:161} INFO - Processing /home/airflow/.local/lib/python3.7/site-packages/airflow/example_dags/example_xcomargs.py took 1.275 seconds
[2022-05-23 18:11:06,379] {processor.py:153} INFO - Started process (PID=875) to work on /home/airflow/.local/lib/python3.7/site-packages/airflow/example_dags/example_xcomargs.py
[2022-05-23 18:11:06,380] {processor.py:641} INFO - Processing file /home/airflow/.local/lib/python3.7/site-packages/airflow/example_dags/example_xcomargs.py for tasks to queue
[2022-05-23 18:11:06,381] {logging_mixin.py:115} INFO - [2022-05-23 18:11:06,381] {dagbag.py:507} INFO - Filling up the DagBag from /home/airflow/.local/lib/python3.7/site-packages/airflow/example_dags/example_xcomargs.py
[2022-05-23 18:11:06,412] {processor.py:651} INFO - DAG(s) dict_keys(['example_xcom_args', 'example_xcom_args_with_operators']) retrieved from /home/airflow/.local/lib/python3.7/site-packages/airflow/example_dags/example_xcomargs.py
[2022-05-23 18:11:06,493] {logging_mixin.py:115} INFO - [2022-05-23 18:11:06,493] {dag.py:2371} INFO - Sync 2 DAGs
[2022-05-23 18:11:06,520] {logging_mixin.py:115} INFO - [2022-05-23 18:11:06,520] {dag.py:2919} INFO - Setting next_dagrun for example_xcom_args to None, run_after=None
[2022-05-23 18:11:06,521] {logging_mixin.py:115} INFO - [2022-05-23 18:11:06,521] {dag.py:2919} INFO - Setting next_dagrun for example_xcom_args_with_operators to None, run_after=None
[2022-05-23 18:11:06,573] {processor.py:161} INFO - Processing /home/airflow/.local/lib/python3.7/site-packages/airflow/example_dags/example_xcomargs.py took 0.200 seconds
[2022-05-23 18:11:36,764] {processor.py:153} INFO - Started process (PID=927) to work on /home/airflow/.local/lib/python3.7/site-packages/airflow/example_dags/example_xcomargs.py
[2022-05-23 18:11:36,814] {processor.py:641} INFO - Processing file /home/airflow/.local/lib/python3.7/site-packages/airflow/example_dags/example_xcomargs.py for tasks to queue
[2022-05-23 18:11:36,815] {logging_mixin.py:115} INFO - [2022-05-23 18:11:36,814] {dagbag.py:507} INFO - Filling up the DagBag from /home/airflow/.local/lib/python3.7/site-packages/airflow/example_dags/example_xcomargs.py
[2022-05-23 18:11:36,850] {processor.py:651} INFO - DAG(s) dict_keys(['example_xcom_args', 'example_xcom_args_with_operators']) retrieved from /home/airflow/.local/lib/python3.7/site-packages/airflow/example_dags/example_xcomargs.py
[2022-05-23 18:11:36,942] {logging_mixin.py:115} INFO - [2022-05-23 18:11:36,942] {dag.py:2371} INFO - Sync 2 DAGs
[2022-05-23 18:11:36,964] {logging_mixin.py:115} INFO - [2022-05-23 18:11:36,964] {dag.py:2919} INFO - Setting next_dagrun for example_xcom_args to None, run_after=None
[2022-05-23 18:11:36,965] {logging_mixin.py:115} INFO - [2022-05-23 18:11:36,965] {dag.py:2919} INFO - Setting next_dagrun for example_xcom_args_with_operators to None, run_after=None
[2022-05-23 18:11:37,029] {processor.py:161} INFO - Processing /home/airflow/.local/lib/python3.7/site-packages/airflow/example_dags/example_xcomargs.py took 0.268 seconds
[2022-05-23 18:12:08,253] {processor.py:153} INFO - Started process (PID=990) to work on /home/airflow/.local/lib/python3.7/site-packages/airflow/example_dags/example_xcomargs.py
[2022-05-23 18:12:08,269] {processor.py:641} INFO - Processing file /home/airflow/.local/lib/python3.7/site-packages/airflow/example_dags/example_xcomargs.py for tasks to queue
[2022-05-23 18:12:08,270] {logging_mixin.py:115} INFO - [2022-05-23 18:12:08,270] {dagbag.py:507} INFO - Filling up the DagBag from /home/airflow/.local/lib/python3.7/site-packages/airflow/example_dags/example_xcomargs.py
[2022-05-23 18:12:08,301] {processor.py:651} INFO - DAG(s) dict_keys(['example_xcom_args', 'example_xcom_args_with_operators']) retrieved from /home/airflow/.local/lib/python3.7/site-packages/airflow/example_dags/example_xcomargs.py
[2022-05-23 18:12:08,403] {logging_mixin.py:115} INFO - [2022-05-23 18:12:08,402] {dag.py:2371} INFO - Sync 2 DAGs
[2022-05-23 18:12:08,430] {logging_mixin.py:115} INFO - [2022-05-23 18:12:08,429] {dag.py:2919} INFO - Setting next_dagrun for example_xcom_args to None, run_after=None
[2022-05-23 18:12:08,430] {logging_mixin.py:115} INFO - [2022-05-23 18:12:08,430] {dag.py:2919} INFO - Setting next_dagrun for example_xcom_args_with_operators to None, run_after=None
[2022-05-23 18:12:08,503] {processor.py:161} INFO - Processing /home/airflow/.local/lib/python3.7/site-packages/airflow/example_dags/example_xcomargs.py took 0.254 seconds
[2022-05-23 18:12:40,737] {processor.py:153} INFO - Started process (PID=1044) to work on /home/airflow/.local/lib/python3.7/site-packages/airflow/example_dags/example_xcomargs.py
[2022-05-23 18:12:40,877] {processor.py:641} INFO - Processing file /home/airflow/.local/lib/python3.7/site-packages/airflow/example_dags/example_xcomargs.py for tasks to queue
[2022-05-23 18:12:40,877] {logging_mixin.py:115} INFO - [2022-05-23 18:12:40,877] {dagbag.py:507} INFO - Filling up the DagBag from /home/airflow/.local/lib/python3.7/site-packages/airflow/example_dags/example_xcomargs.py
[2022-05-23 18:12:40,900] {processor.py:651} INFO - DAG(s) dict_keys(['example_xcom_args', 'example_xcom_args_with_operators']) retrieved from /home/airflow/.local/lib/python3.7/site-packages/airflow/example_dags/example_xcomargs.py
[2022-05-23 18:12:40,978] {logging_mixin.py:115} INFO - [2022-05-23 18:12:40,977] {dag.py:2371} INFO - Sync 2 DAGs
[2022-05-23 18:12:41,000] {logging_mixin.py:115} INFO - [2022-05-23 18:12:41,000] {dag.py:2919} INFO - Setting next_dagrun for example_xcom_args to None, run_after=None
[2022-05-23 18:12:41,000] {logging_mixin.py:115} INFO - [2022-05-23 18:12:41,000] {dag.py:2919} INFO - Setting next_dagrun for example_xcom_args_with_operators to None, run_after=None
[2022-05-23 18:12:41,452] {processor.py:161} INFO - Processing /home/airflow/.local/lib/python3.7/site-packages/airflow/example_dags/example_xcomargs.py took 0.718 seconds
[2022-05-23 18:13:12,027] {processor.py:153} INFO - Started process (PID=1097) to work on /home/airflow/.local/lib/python3.7/site-packages/airflow/example_dags/example_xcomargs.py
[2022-05-23 18:13:12,027] {processor.py:641} INFO - Processing file /home/airflow/.local/lib/python3.7/site-packages/airflow/example_dags/example_xcomargs.py for tasks to queue
[2022-05-23 18:13:12,028] {logging_mixin.py:115} INFO - [2022-05-23 18:13:12,028] {dagbag.py:507} INFO - Filling up the DagBag from /home/airflow/.local/lib/python3.7/site-packages/airflow/example_dags/example_xcomargs.py
[2022-05-23 18:13:12,059] {processor.py:651} INFO - DAG(s) dict_keys(['example_xcom_args', 'example_xcom_args_with_operators']) retrieved from /home/airflow/.local/lib/python3.7/site-packages/airflow/example_dags/example_xcomargs.py
[2022-05-23 18:13:12,157] {logging_mixin.py:115} INFO - [2022-05-23 18:13:12,157] {dag.py:2371} INFO - Sync 2 DAGs
[2022-05-23 18:13:12,183] {logging_mixin.py:115} INFO - [2022-05-23 18:13:12,183] {dag.py:2919} INFO - Setting next_dagrun for example_xcom_args to None, run_after=None
[2022-05-23 18:13:12,184] {logging_mixin.py:115} INFO - [2022-05-23 18:13:12,184] {dag.py:2919} INFO - Setting next_dagrun for example_xcom_args_with_operators to None, run_after=None
[2022-05-23 18:13:12,217] {processor.py:161} INFO - Processing /home/airflow/.local/lib/python3.7/site-packages/airflow/example_dags/example_xcomargs.py took 0.194 seconds
[2022-05-23 18:13:43,100] {processor.py:153} INFO - Started process (PID=1160) to work on /home/airflow/.local/lib/python3.7/site-packages/airflow/example_dags/example_xcomargs.py
[2022-05-23 18:13:43,101] {processor.py:641} INFO - Processing file /home/airflow/.local/lib/python3.7/site-packages/airflow/example_dags/example_xcomargs.py for tasks to queue
[2022-05-23 18:13:43,102] {logging_mixin.py:115} INFO - [2022-05-23 18:13:43,101] {dagbag.py:507} INFO - Filling up the DagBag from /home/airflow/.local/lib/python3.7/site-packages/airflow/example_dags/example_xcomargs.py
[2022-05-23 18:13:43,253] {processor.py:651} INFO - DAG(s) dict_keys(['example_xcom_args', 'example_xcom_args_with_operators']) retrieved from /home/airflow/.local/lib/python3.7/site-packages/airflow/example_dags/example_xcomargs.py
[2022-05-23 18:13:43,376] {logging_mixin.py:115} INFO - [2022-05-23 18:13:43,376] {dag.py:2371} INFO - Sync 2 DAGs
[2022-05-23 18:13:43,405] {logging_mixin.py:115} INFO - [2022-05-23 18:13:43,405] {dag.py:2919} INFO - Setting next_dagrun for example_xcom_args to None, run_after=None
[2022-05-23 18:13:43,406] {logging_mixin.py:115} INFO - [2022-05-23 18:13:43,406] {dag.py:2919} INFO - Setting next_dagrun for example_xcom_args_with_operators to None, run_after=None
[2022-05-23 18:13:43,434] {processor.py:161} INFO - Processing /home/airflow/.local/lib/python3.7/site-packages/airflow/example_dags/example_xcomargs.py took 0.338 seconds
[2022-05-23 18:14:16,668] {processor.py:153} INFO - Started process (PID=1214) to work on /home/airflow/.local/lib/python3.7/site-packages/airflow/example_dags/example_xcomargs.py
[2022-05-23 18:14:16,668] {processor.py:641} INFO - Processing file /home/airflow/.local/lib/python3.7/site-packages/airflow/example_dags/example_xcomargs.py for tasks to queue
[2022-05-23 18:14:16,669] {logging_mixin.py:115} INFO - [2022-05-23 18:14:16,669] {dagbag.py:507} INFO - Filling up the DagBag from /home/airflow/.local/lib/python3.7/site-packages/airflow/example_dags/example_xcomargs.py
[2022-05-23 18:14:16,821] {processor.py:651} INFO - DAG(s) dict_keys(['example_xcom_args', 'example_xcom_args_with_operators']) retrieved from /home/airflow/.local/lib/python3.7/site-packages/airflow/example_dags/example_xcomargs.py
[2022-05-23 18:14:16,910] {logging_mixin.py:115} INFO - [2022-05-23 18:14:16,910] {dag.py:2371} INFO - Sync 2 DAGs
[2022-05-23 18:14:16,938] {logging_mixin.py:115} INFO - [2022-05-23 18:14:16,938] {dag.py:2919} INFO - Setting next_dagrun for example_xcom_args to None, run_after=None
[2022-05-23 18:14:16,938] {logging_mixin.py:115} INFO - [2022-05-23 18:14:16,938] {dag.py:2919} INFO - Setting next_dagrun for example_xcom_args_with_operators to None, run_after=None
[2022-05-23 18:14:18,218] {processor.py:161} INFO - Processing /home/airflow/.local/lib/python3.7/site-packages/airflow/example_dags/example_xcomargs.py took 1.554 seconds
[2022-05-23 18:14:48,907] {processor.py:153} INFO - Started process (PID=1277) to work on /home/airflow/.local/lib/python3.7/site-packages/airflow/example_dags/example_xcomargs.py
[2022-05-23 18:14:48,908] {processor.py:641} INFO - Processing file /home/airflow/.local/lib/python3.7/site-packages/airflow/example_dags/example_xcomargs.py for tasks to queue
[2022-05-23 18:14:48,909] {logging_mixin.py:115} INFO - [2022-05-23 18:14:48,909] {dagbag.py:507} INFO - Filling up the DagBag from /home/airflow/.local/lib/python3.7/site-packages/airflow/example_dags/example_xcomargs.py
[2022-05-23 18:14:49,070] {processor.py:651} INFO - DAG(s) dict_keys(['example_xcom_args', 'example_xcom_args_with_operators']) retrieved from /home/airflow/.local/lib/python3.7/site-packages/airflow/example_dags/example_xcomargs.py
[2022-05-23 18:14:49,150] {logging_mixin.py:115} INFO - [2022-05-23 18:14:49,150] {dag.py:2371} INFO - Sync 2 DAGs
[2022-05-23 18:14:49,173] {logging_mixin.py:115} INFO - [2022-05-23 18:14:49,173] {dag.py:2919} INFO - Setting next_dagrun for example_xcom_args to None, run_after=None
[2022-05-23 18:14:49,174] {logging_mixin.py:115} INFO - [2022-05-23 18:14:49,174] {dag.py:2919} INFO - Setting next_dagrun for example_xcom_args_with_operators to None, run_after=None
[2022-05-23 18:14:49,214] {processor.py:161} INFO - Processing /home/airflow/.local/lib/python3.7/site-packages/airflow/example_dags/example_xcomargs.py took 0.310 seconds
[2022-05-23 18:15:21,651] {processor.py:153} INFO - Started process (PID=1331) to work on /home/airflow/.local/lib/python3.7/site-packages/airflow/example_dags/example_xcomargs.py
[2022-05-23 18:15:21,688] {processor.py:641} INFO - Processing file /home/airflow/.local/lib/python3.7/site-packages/airflow/example_dags/example_xcomargs.py for tasks to queue
[2022-05-23 18:15:21,689] {logging_mixin.py:115} INFO - [2022-05-23 18:15:21,689] {dagbag.py:507} INFO - Filling up the DagBag from /home/airflow/.local/lib/python3.7/site-packages/airflow/example_dags/example_xcomargs.py
[2022-05-23 18:15:21,855] {processor.py:651} INFO - DAG(s) dict_keys(['example_xcom_args', 'example_xcom_args_with_operators']) retrieved from /home/airflow/.local/lib/python3.7/site-packages/airflow/example_dags/example_xcomargs.py
[2022-05-23 18:15:21,953] {logging_mixin.py:115} INFO - [2022-05-23 18:15:21,953] {dag.py:2371} INFO - Sync 2 DAGs
[2022-05-23 18:15:21,989] {logging_mixin.py:115} INFO - [2022-05-23 18:15:21,989] {dag.py:2919} INFO - Setting next_dagrun for example_xcom_args to None, run_after=None
[2022-05-23 18:15:21,989] {logging_mixin.py:115} INFO - [2022-05-23 18:15:21,989] {dag.py:2919} INFO - Setting next_dagrun for example_xcom_args_with_operators to None, run_after=None
[2022-05-23 18:15:23,145] {processor.py:161} INFO - Processing /home/airflow/.local/lib/python3.7/site-packages/airflow/example_dags/example_xcomargs.py took 1.497 seconds
[2022-05-23 18:15:53,281] {processor.py:153} INFO - Started process (PID=1396) to work on /home/airflow/.local/lib/python3.7/site-packages/airflow/example_dags/example_xcomargs.py
[2022-05-23 18:15:53,281] {processor.py:641} INFO - Processing file /home/airflow/.local/lib/python3.7/site-packages/airflow/example_dags/example_xcomargs.py for tasks to queue
[2022-05-23 18:15:53,282] {logging_mixin.py:115} INFO - [2022-05-23 18:15:53,282] {dagbag.py:507} INFO - Filling up the DagBag from /home/airflow/.local/lib/python3.7/site-packages/airflow/example_dags/example_xcomargs.py
[2022-05-23 18:15:53,442] {processor.py:651} INFO - DAG(s) dict_keys(['example_xcom_args', 'example_xcom_args_with_operators']) retrieved from /home/airflow/.local/lib/python3.7/site-packages/airflow/example_dags/example_xcomargs.py
[2022-05-23 18:15:53,474] {logging_mixin.py:115} INFO - [2022-05-23 18:15:53,474] {dag.py:2371} INFO - Sync 2 DAGs
[2022-05-23 18:15:53,500] {logging_mixin.py:115} INFO - [2022-05-23 18:15:53,500] {dag.py:2919} INFO - Setting next_dagrun for example_xcom_args to None, run_after=None
[2022-05-23 18:15:53,501] {logging_mixin.py:115} INFO - [2022-05-23 18:15:53,500] {dag.py:2919} INFO - Setting next_dagrun for example_xcom_args_with_operators to None, run_after=None
[2022-05-23 18:15:53,792] {processor.py:161} INFO - Processing /home/airflow/.local/lib/python3.7/site-packages/airflow/example_dags/example_xcomargs.py took 0.515 seconds
[2022-05-23 18:16:24,372] {processor.py:153} INFO - Started process (PID=1450) to work on /home/airflow/.local/lib/python3.7/site-packages/airflow/example_dags/example_xcomargs.py
[2022-05-23 18:16:25,652] {processor.py:641} INFO - Processing file /home/airflow/.local/lib/python3.7/site-packages/airflow/example_dags/example_xcomargs.py for tasks to queue
[2022-05-23 18:16:25,653] {logging_mixin.py:115} INFO - [2022-05-23 18:16:25,653] {dagbag.py:507} INFO - Filling up the DagBag from /home/airflow/.local/lib/python3.7/site-packages/airflow/example_dags/example_xcomargs.py
[2022-05-23 18:16:25,820] {processor.py:651} INFO - DAG(s) dict_keys(['example_xcom_args', 'example_xcom_args_with_operators']) retrieved from /home/airflow/.local/lib/python3.7/site-packages/airflow/example_dags/example_xcomargs.py
[2022-05-23 18:16:25,909] {logging_mixin.py:115} INFO - [2022-05-23 18:16:25,909] {dag.py:2371} INFO - Sync 2 DAGs
[2022-05-23 18:16:25,936] {logging_mixin.py:115} INFO - [2022-05-23 18:16:25,935] {dag.py:2919} INFO - Setting next_dagrun for example_xcom_args to None, run_after=None
[2022-05-23 18:16:25,936] {logging_mixin.py:115} INFO - [2022-05-23 18:16:25,936] {dag.py:2919} INFO - Setting next_dagrun for example_xcom_args_with_operators to None, run_after=None
[2022-05-23 18:16:26,996] {processor.py:161} INFO - Processing /home/airflow/.local/lib/python3.7/site-packages/airflow/example_dags/example_xcomargs.py took 2.629 seconds
[2022-05-23 18:16:57,169] {processor.py:153} INFO - Started process (PID=1513) to work on /home/airflow/.local/lib/python3.7/site-packages/airflow/example_dags/example_xcomargs.py
[2022-05-23 18:16:57,290] {processor.py:641} INFO - Processing file /home/airflow/.local/lib/python3.7/site-packages/airflow/example_dags/example_xcomargs.py for tasks to queue
[2022-05-23 18:16:57,291] {logging_mixin.py:115} INFO - [2022-05-23 18:16:57,290] {dagbag.py:507} INFO - Filling up the DagBag from /home/airflow/.local/lib/python3.7/site-packages/airflow/example_dags/example_xcomargs.py
[2022-05-23 18:16:57,476] {processor.py:651} INFO - DAG(s) dict_keys(['example_xcom_args', 'example_xcom_args_with_operators']) retrieved from /home/airflow/.local/lib/python3.7/site-packages/airflow/example_dags/example_xcomargs.py
[2022-05-23 18:16:57,517] {logging_mixin.py:115} INFO - [2022-05-23 18:16:57,516] {dag.py:2371} INFO - Sync 2 DAGs
[2022-05-23 18:16:57,544] {logging_mixin.py:115} INFO - [2022-05-23 18:16:57,543] {dag.py:2919} INFO - Setting next_dagrun for example_xcom_args to None, run_after=None
[2022-05-23 18:16:57,544] {logging_mixin.py:115} INFO - [2022-05-23 18:16:57,544] {dag.py:2919} INFO - Setting next_dagrun for example_xcom_args_with_operators to None, run_after=None
[2022-05-23 18:16:57,896] {processor.py:161} INFO - Processing /home/airflow/.local/lib/python3.7/site-packages/airflow/example_dags/example_xcomargs.py took 0.730 seconds
[2022-05-23 18:17:28,332] {processor.py:153} INFO - Started process (PID=1566) to work on /home/airflow/.local/lib/python3.7/site-packages/airflow/example_dags/example_xcomargs.py
[2022-05-23 18:17:28,396] {processor.py:641} INFO - Processing file /home/airflow/.local/lib/python3.7/site-packages/airflow/example_dags/example_xcomargs.py for tasks to queue
[2022-05-23 18:17:28,396] {logging_mixin.py:115} INFO - [2022-05-23 18:17:28,396] {dagbag.py:507} INFO - Filling up the DagBag from /home/airflow/.local/lib/python3.7/site-packages/airflow/example_dags/example_xcomargs.py
[2022-05-23 18:17:28,581] {processor.py:651} INFO - DAG(s) dict_keys(['example_xcom_args', 'example_xcom_args_with_operators']) retrieved from /home/airflow/.local/lib/python3.7/site-packages/airflow/example_dags/example_xcomargs.py
[2022-05-23 18:17:28,674] {logging_mixin.py:115} INFO - [2022-05-23 18:17:28,674] {dag.py:2371} INFO - Sync 2 DAGs
[2022-05-23 18:17:28,702] {logging_mixin.py:115} INFO - [2022-05-23 18:17:28,702] {dag.py:2919} INFO - Setting next_dagrun for example_xcom_args to None, run_after=None
[2022-05-23 18:17:28,702] {logging_mixin.py:115} INFO - [2022-05-23 18:17:28,702] {dag.py:2919} INFO - Setting next_dagrun for example_xcom_args_with_operators to None, run_after=None
[2022-05-23 18:17:29,139] {processor.py:161} INFO - Processing /home/airflow/.local/lib/python3.7/site-packages/airflow/example_dags/example_xcomargs.py took 0.813 seconds
[2022-05-23 18:17:59,462] {processor.py:153} INFO - Started process (PID=1621) to work on /home/airflow/.local/lib/python3.7/site-packages/airflow/example_dags/example_xcomargs.py
[2022-05-23 18:17:59,463] {processor.py:641} INFO - Processing file /home/airflow/.local/lib/python3.7/site-packages/airflow/example_dags/example_xcomargs.py for tasks to queue
[2022-05-23 18:17:59,464] {logging_mixin.py:115} INFO - [2022-05-23 18:17:59,464] {dagbag.py:507} INFO - Filling up the DagBag from /home/airflow/.local/lib/python3.7/site-packages/airflow/example_dags/example_xcomargs.py
[2022-05-23 18:17:59,622] {processor.py:651} INFO - DAG(s) dict_keys(['example_xcom_args', 'example_xcom_args_with_operators']) retrieved from /home/airflow/.local/lib/python3.7/site-packages/airflow/example_dags/example_xcomargs.py
[2022-05-23 18:17:59,657] {logging_mixin.py:115} INFO - [2022-05-23 18:17:59,657] {dag.py:2371} INFO - Sync 2 DAGs
[2022-05-23 18:17:59,684] {logging_mixin.py:115} INFO - [2022-05-23 18:17:59,684] {dag.py:2919} INFO - Setting next_dagrun for example_xcom_args to None, run_after=None
[2022-05-23 18:17:59,684] {logging_mixin.py:115} INFO - [2022-05-23 18:17:59,684] {dag.py:2919} INFO - Setting next_dagrun for example_xcom_args_with_operators to None, run_after=None
[2022-05-23 18:17:59,724] {processor.py:161} INFO - Processing /home/airflow/.local/lib/python3.7/site-packages/airflow/example_dags/example_xcomargs.py took 0.267 seconds
[2022-05-23 18:20:59,654] {processor.py:153} INFO - Started process (PID=72) to work on /home/airflow/.local/lib/python3.7/site-packages/airflow/example_dags/example_xcomargs.py
[2022-05-23 18:20:59,655] {processor.py:641} INFO - Processing file /home/airflow/.local/lib/python3.7/site-packages/airflow/example_dags/example_xcomargs.py for tasks to queue
[2022-05-23 18:20:59,656] {logging_mixin.py:115} INFO - [2022-05-23 18:20:59,656] {dagbag.py:507} INFO - Filling up the DagBag from /home/airflow/.local/lib/python3.7/site-packages/airflow/example_dags/example_xcomargs.py
[2022-05-23 18:20:59,708] {processor.py:651} INFO - DAG(s) dict_keys(['example_xcom_args', 'example_xcom_args_with_operators']) retrieved from /home/airflow/.local/lib/python3.7/site-packages/airflow/example_dags/example_xcomargs.py
[2022-05-23 18:21:00,137] {logging_mixin.py:115} INFO - [2022-05-23 18:21:00,136] {dag.py:2371} INFO - Sync 2 DAGs
[2022-05-23 18:21:00,193] {logging_mixin.py:115} INFO - [2022-05-23 18:21:00,193] {dag.py:2919} INFO - Setting next_dagrun for example_xcom_args to None, run_after=None
[2022-05-23 18:21:00,194] {logging_mixin.py:115} INFO - [2022-05-23 18:21:00,194] {dag.py:2919} INFO - Setting next_dagrun for example_xcom_args_with_operators to None, run_after=None
[2022-05-23 18:21:01,309] {processor.py:161} INFO - Processing /home/airflow/.local/lib/python3.7/site-packages/airflow/example_dags/example_xcomargs.py took 1.663 seconds
[2022-05-23 18:21:31,652] {processor.py:153} INFO - Started process (PID=126) to work on /home/airflow/.local/lib/python3.7/site-packages/airflow/example_dags/example_xcomargs.py
[2022-05-23 18:21:31,652] {processor.py:641} INFO - Processing file /home/airflow/.local/lib/python3.7/site-packages/airflow/example_dags/example_xcomargs.py for tasks to queue
[2022-05-23 18:21:31,653] {logging_mixin.py:115} INFO - [2022-05-23 18:21:31,653] {dagbag.py:507} INFO - Filling up the DagBag from /home/airflow/.local/lib/python3.7/site-packages/airflow/example_dags/example_xcomargs.py
[2022-05-23 18:21:31,689] {processor.py:651} INFO - DAG(s) dict_keys(['example_xcom_args', 'example_xcom_args_with_operators']) retrieved from /home/airflow/.local/lib/python3.7/site-packages/airflow/example_dags/example_xcomargs.py
[2022-05-23 18:21:31,950] {logging_mixin.py:115} INFO - [2022-05-23 18:21:31,949] {dag.py:2371} INFO - Sync 2 DAGs
[2022-05-23 18:21:31,975] {logging_mixin.py:115} INFO - [2022-05-23 18:21:31,975] {dag.py:2919} INFO - Setting next_dagrun for example_xcom_args to None, run_after=None
[2022-05-23 18:21:31,976] {logging_mixin.py:115} INFO - [2022-05-23 18:21:31,976] {dag.py:2919} INFO - Setting next_dagrun for example_xcom_args_with_operators to None, run_after=None
[2022-05-23 18:21:32,460] {processor.py:161} INFO - Processing /home/airflow/.local/lib/python3.7/site-packages/airflow/example_dags/example_xcomargs.py took 0.812 seconds
[2022-05-23 18:22:02,716] {processor.py:153} INFO - Started process (PID=183) to work on /home/airflow/.local/lib/python3.7/site-packages/airflow/example_dags/example_xcomargs.py
[2022-05-23 18:22:02,721] {processor.py:641} INFO - Processing file /home/airflow/.local/lib/python3.7/site-packages/airflow/example_dags/example_xcomargs.py for tasks to queue
[2022-05-23 18:22:02,722] {logging_mixin.py:115} INFO - [2022-05-23 18:22:02,722] {dagbag.py:507} INFO - Filling up the DagBag from /home/airflow/.local/lib/python3.7/site-packages/airflow/example_dags/example_xcomargs.py
[2022-05-23 18:22:02,766] {processor.py:651} INFO - DAG(s) dict_keys(['example_xcom_args', 'example_xcom_args_with_operators']) retrieved from /home/airflow/.local/lib/python3.7/site-packages/airflow/example_dags/example_xcomargs.py
[2022-05-23 18:22:02,970] {logging_mixin.py:115} INFO - [2022-05-23 18:22:02,970] {dag.py:2371} INFO - Sync 2 DAGs
[2022-05-23 18:22:02,991] {logging_mixin.py:115} INFO - [2022-05-23 18:22:02,991] {dag.py:2919} INFO - Setting next_dagrun for example_xcom_args to None, run_after=None
[2022-05-23 18:22:02,992] {logging_mixin.py:115} INFO - [2022-05-23 18:22:02,992] {dag.py:2919} INFO - Setting next_dagrun for example_xcom_args_with_operators to None, run_after=None
[2022-05-23 18:22:04,433] {processor.py:161} INFO - Processing /home/airflow/.local/lib/python3.7/site-packages/airflow/example_dags/example_xcomargs.py took 1.723 seconds
[2022-05-23 18:22:35,280] {processor.py:153} INFO - Started process (PID=238) to work on /home/airflow/.local/lib/python3.7/site-packages/airflow/example_dags/example_xcomargs.py
[2022-05-23 18:22:35,280] {processor.py:641} INFO - Processing file /home/airflow/.local/lib/python3.7/site-packages/airflow/example_dags/example_xcomargs.py for tasks to queue
[2022-05-23 18:22:35,282] {logging_mixin.py:115} INFO - [2022-05-23 18:22:35,281] {dagbag.py:507} INFO - Filling up the DagBag from /home/airflow/.local/lib/python3.7/site-packages/airflow/example_dags/example_xcomargs.py
[2022-05-23 18:22:35,313] {processor.py:651} INFO - DAG(s) dict_keys(['example_xcom_args', 'example_xcom_args_with_operators']) retrieved from /home/airflow/.local/lib/python3.7/site-packages/airflow/example_dags/example_xcomargs.py
[2022-05-23 18:22:35,533] {logging_mixin.py:115} INFO - [2022-05-23 18:22:35,533] {dag.py:2371} INFO - Sync 2 DAGs
[2022-05-23 18:22:35,557] {logging_mixin.py:115} INFO - [2022-05-23 18:22:35,557] {dag.py:2919} INFO - Setting next_dagrun for example_xcom_args to None, run_after=None
[2022-05-23 18:22:35,557] {logging_mixin.py:115} INFO - [2022-05-23 18:22:35,557] {dag.py:2919} INFO - Setting next_dagrun for example_xcom_args_with_operators to None, run_after=None
[2022-05-23 18:22:35,601] {processor.py:161} INFO - Processing /home/airflow/.local/lib/python3.7/site-packages/airflow/example_dags/example_xcomargs.py took 0.331 seconds
