[2022-05-23 17:10:26,771] {processor.py:153} INFO - Started process (PID=106) to work on /home/airflow/.local/lib/python3.7/site-packages/airflow/example_dags/example_dag_decorator.py
[2022-05-23 17:10:26,772] {processor.py:641} INFO - Processing file /home/airflow/.local/lib/python3.7/site-packages/airflow/example_dags/example_dag_decorator.py for tasks to queue
[2022-05-23 17:10:26,772] {logging_mixin.py:115} INFO - [2022-05-23 17:10:26,772] {dagbag.py:507} INFO - Filling up the DagBag from /home/airflow/.local/lib/python3.7/site-packages/airflow/example_dags/example_dag_decorator.py
[2022-05-23 17:10:26,833] {processor.py:651} INFO - DAG(s) dict_keys(['example_dag_decorator']) retrieved from /home/airflow/.local/lib/python3.7/site-packages/airflow/example_dags/example_dag_decorator.py
[2022-05-23 17:10:28,017] {logging_mixin.py:115} INFO - [2022-05-23 17:10:28,016] {manager.py:508} INFO - Created Permission View: can read on DAG:example_dag_decorator
[2022-05-23 17:10:28,144] {logging_mixin.py:115} INFO - [2022-05-23 17:10:28,144] {manager.py:508} INFO - Created Permission View: can edit on DAG:example_dag_decorator
[2022-05-23 17:10:28,420] {logging_mixin.py:115} INFO - [2022-05-23 17:10:28,420] {manager.py:508} INFO - Created Permission View: can delete on DAG:example_dag_decorator
[2022-05-23 17:10:28,421] {logging_mixin.py:115} INFO - [2022-05-23 17:10:28,421] {dag.py:2371} INFO - Sync 1 DAGs
[2022-05-23 17:10:28,431] {logging_mixin.py:115} INFO - [2022-05-23 17:10:28,431] {dag.py:2390} INFO - Creating ORM DAG for example_dag_decorator
[2022-05-23 17:10:28,445] {logging_mixin.py:115} INFO - [2022-05-23 17:10:28,445] {dag.py:2919} INFO - Setting next_dagrun for example_dag_decorator to None, run_after=None
[2022-05-23 17:10:28,605] {processor.py:161} INFO - Processing /home/airflow/.local/lib/python3.7/site-packages/airflow/example_dags/example_dag_decorator.py took 1.837 seconds
[2022-05-23 17:10:59,967] {processor.py:153} INFO - Started process (PID=170) to work on /home/airflow/.local/lib/python3.7/site-packages/airflow/example_dags/example_dag_decorator.py
[2022-05-23 17:11:00,125] {processor.py:641} INFO - Processing file /home/airflow/.local/lib/python3.7/site-packages/airflow/example_dags/example_dag_decorator.py for tasks to queue
[2022-05-23 17:11:00,351] {logging_mixin.py:115} INFO - [2022-05-23 17:11:00,351] {dagbag.py:507} INFO - Filling up the DagBag from /home/airflow/.local/lib/python3.7/site-packages/airflow/example_dags/example_dag_decorator.py
[2022-05-23 17:11:00,382] {processor.py:651} INFO - DAG(s) dict_keys(['example_dag_decorator']) retrieved from /home/airflow/.local/lib/python3.7/site-packages/airflow/example_dags/example_dag_decorator.py
[2022-05-23 17:11:00,576] {logging_mixin.py:115} INFO - [2022-05-23 17:11:00,576] {dag.py:2371} INFO - Sync 1 DAGs
[2022-05-23 17:11:00,597] {logging_mixin.py:115} INFO - [2022-05-23 17:11:00,597] {dag.py:2919} INFO - Setting next_dagrun for example_dag_decorator to None, run_after=None
[2022-05-23 17:11:00,967] {processor.py:161} INFO - Processing /home/airflow/.local/lib/python3.7/site-packages/airflow/example_dags/example_dag_decorator.py took 1.004 seconds
[2022-05-23 17:11:31,653] {processor.py:153} INFO - Started process (PID=222) to work on /home/airflow/.local/lib/python3.7/site-packages/airflow/example_dags/example_dag_decorator.py
[2022-05-23 17:11:31,702] {processor.py:641} INFO - Processing file /home/airflow/.local/lib/python3.7/site-packages/airflow/example_dags/example_dag_decorator.py for tasks to queue
[2022-05-23 17:11:31,703] {logging_mixin.py:115} INFO - [2022-05-23 17:11:31,703] {dagbag.py:507} INFO - Filling up the DagBag from /home/airflow/.local/lib/python3.7/site-packages/airflow/example_dags/example_dag_decorator.py
[2022-05-23 17:11:31,750] {processor.py:651} INFO - DAG(s) dict_keys(['example_dag_decorator']) retrieved from /home/airflow/.local/lib/python3.7/site-packages/airflow/example_dags/example_dag_decorator.py
[2022-05-23 17:11:31,945] {logging_mixin.py:115} INFO - [2022-05-23 17:11:31,944] {dag.py:2371} INFO - Sync 1 DAGs
[2022-05-23 17:11:31,967] {logging_mixin.py:115} INFO - [2022-05-23 17:11:31,966] {dag.py:2919} INFO - Setting next_dagrun for example_dag_decorator to None, run_after=None
[2022-05-23 17:11:32,033] {processor.py:161} INFO - Processing /home/airflow/.local/lib/python3.7/site-packages/airflow/example_dags/example_dag_decorator.py took 0.387 seconds
[2022-05-23 17:28:31,304] {processor.py:153} INFO - Started process (PID=88) to work on /home/airflow/.local/lib/python3.7/site-packages/airflow/example_dags/example_dag_decorator.py
[2022-05-23 17:28:31,308] {processor.py:641} INFO - Processing file /home/airflow/.local/lib/python3.7/site-packages/airflow/example_dags/example_dag_decorator.py for tasks to queue
[2022-05-23 17:28:31,309] {logging_mixin.py:115} INFO - [2022-05-23 17:28:31,309] {dagbag.py:507} INFO - Filling up the DagBag from /home/airflow/.local/lib/python3.7/site-packages/airflow/example_dags/example_dag_decorator.py
[2022-05-23 17:28:31,377] {processor.py:651} INFO - DAG(s) dict_keys(['example_dag_decorator']) retrieved from /home/airflow/.local/lib/python3.7/site-packages/airflow/example_dags/example_dag_decorator.py
[2022-05-23 17:28:31,579] {logging_mixin.py:115} INFO - [2022-05-23 17:28:31,579] {dag.py:2371} INFO - Sync 1 DAGs
[2022-05-23 17:28:31,602] {logging_mixin.py:115} INFO - [2022-05-23 17:28:31,602] {dag.py:2919} INFO - Setting next_dagrun for example_dag_decorator to None, run_after=None
[2022-05-23 17:28:31,682] {processor.py:161} INFO - Processing /home/airflow/.local/lib/python3.7/site-packages/airflow/example_dags/example_dag_decorator.py took 0.381 seconds
[2022-05-23 17:29:04,481] {processor.py:153} INFO - Started process (PID=150) to work on /home/airflow/.local/lib/python3.7/site-packages/airflow/example_dags/example_dag_decorator.py
[2022-05-23 17:29:04,490] {processor.py:641} INFO - Processing file /home/airflow/.local/lib/python3.7/site-packages/airflow/example_dags/example_dag_decorator.py for tasks to queue
[2022-05-23 17:29:04,491] {logging_mixin.py:115} INFO - [2022-05-23 17:29:04,491] {dagbag.py:507} INFO - Filling up the DagBag from /home/airflow/.local/lib/python3.7/site-packages/airflow/example_dags/example_dag_decorator.py
[2022-05-23 17:29:04,517] {processor.py:651} INFO - DAG(s) dict_keys(['example_dag_decorator']) retrieved from /home/airflow/.local/lib/python3.7/site-packages/airflow/example_dags/example_dag_decorator.py
[2022-05-23 17:29:04,741] {logging_mixin.py:115} INFO - [2022-05-23 17:29:04,741] {dag.py:2371} INFO - Sync 1 DAGs
[2022-05-23 17:29:04,766] {logging_mixin.py:115} INFO - [2022-05-23 17:29:04,766] {dag.py:2919} INFO - Setting next_dagrun for example_dag_decorator to None, run_after=None
[2022-05-23 17:29:04,799] {processor.py:161} INFO - Processing /home/airflow/.local/lib/python3.7/site-packages/airflow/example_dags/example_dag_decorator.py took 0.320 seconds
[2022-05-23 17:29:35,693] {processor.py:153} INFO - Started process (PID=205) to work on /home/airflow/.local/lib/python3.7/site-packages/airflow/example_dags/example_dag_decorator.py
[2022-05-23 17:29:35,694] {processor.py:641} INFO - Processing file /home/airflow/.local/lib/python3.7/site-packages/airflow/example_dags/example_dag_decorator.py for tasks to queue
[2022-05-23 17:29:35,696] {logging_mixin.py:115} INFO - [2022-05-23 17:29:35,696] {dagbag.py:507} INFO - Filling up the DagBag from /home/airflow/.local/lib/python3.7/site-packages/airflow/example_dags/example_dag_decorator.py
[2022-05-23 17:29:35,746] {processor.py:651} INFO - DAG(s) dict_keys(['example_dag_decorator']) retrieved from /home/airflow/.local/lib/python3.7/site-packages/airflow/example_dags/example_dag_decorator.py
[2022-05-23 17:29:35,950] {logging_mixin.py:115} INFO - [2022-05-23 17:29:35,950] {dag.py:2371} INFO - Sync 1 DAGs
[2022-05-23 17:29:35,978] {logging_mixin.py:115} INFO - [2022-05-23 17:29:35,978] {dag.py:2919} INFO - Setting next_dagrun for example_dag_decorator to None, run_after=None
[2022-05-23 17:29:36,051] {processor.py:161} INFO - Processing /home/airflow/.local/lib/python3.7/site-packages/airflow/example_dags/example_dag_decorator.py took 0.366 seconds
[2022-05-23 17:30:08,221] {processor.py:153} INFO - Started process (PID=269) to work on /home/airflow/.local/lib/python3.7/site-packages/airflow/example_dags/example_dag_decorator.py
[2022-05-23 17:30:08,222] {processor.py:641} INFO - Processing file /home/airflow/.local/lib/python3.7/site-packages/airflow/example_dags/example_dag_decorator.py for tasks to queue
[2022-05-23 17:30:08,222] {logging_mixin.py:115} INFO - [2022-05-23 17:30:08,222] {dagbag.py:507} INFO - Filling up the DagBag from /home/airflow/.local/lib/python3.7/site-packages/airflow/example_dags/example_dag_decorator.py
[2022-05-23 17:30:08,251] {processor.py:651} INFO - DAG(s) dict_keys(['example_dag_decorator']) retrieved from /home/airflow/.local/lib/python3.7/site-packages/airflow/example_dags/example_dag_decorator.py
[2022-05-23 17:30:08,453] {logging_mixin.py:115} INFO - [2022-05-23 17:30:08,453] {dag.py:2371} INFO - Sync 1 DAGs
[2022-05-23 17:30:08,485] {logging_mixin.py:115} INFO - [2022-05-23 17:30:08,485] {dag.py:2919} INFO - Setting next_dagrun for example_dag_decorator to None, run_after=None
[2022-05-23 17:30:08,528] {processor.py:161} INFO - Processing /home/airflow/.local/lib/python3.7/site-packages/airflow/example_dags/example_dag_decorator.py took 0.310 seconds
[2022-05-23 17:30:39,827] {processor.py:153} INFO - Started process (PID=324) to work on /home/airflow/.local/lib/python3.7/site-packages/airflow/example_dags/example_dag_decorator.py
[2022-05-23 17:30:39,828] {processor.py:641} INFO - Processing file /home/airflow/.local/lib/python3.7/site-packages/airflow/example_dags/example_dag_decorator.py for tasks to queue
[2022-05-23 17:30:39,828] {logging_mixin.py:115} INFO - [2022-05-23 17:30:39,828] {dagbag.py:507} INFO - Filling up the DagBag from /home/airflow/.local/lib/python3.7/site-packages/airflow/example_dags/example_dag_decorator.py
[2022-05-23 17:30:39,856] {processor.py:651} INFO - DAG(s) dict_keys(['example_dag_decorator']) retrieved from /home/airflow/.local/lib/python3.7/site-packages/airflow/example_dags/example_dag_decorator.py
[2022-05-23 17:30:40,062] {logging_mixin.py:115} INFO - [2022-05-23 17:30:40,062] {dag.py:2371} INFO - Sync 1 DAGs
[2022-05-23 17:30:40,088] {logging_mixin.py:115} INFO - [2022-05-23 17:30:40,088] {dag.py:2919} INFO - Setting next_dagrun for example_dag_decorator to None, run_after=None
[2022-05-23 17:30:40,127] {processor.py:161} INFO - Processing /home/airflow/.local/lib/python3.7/site-packages/airflow/example_dags/example_dag_decorator.py took 0.303 seconds
[2022-05-23 17:31:10,850] {processor.py:153} INFO - Started process (PID=386) to work on /home/airflow/.local/lib/python3.7/site-packages/airflow/example_dags/example_dag_decorator.py
[2022-05-23 17:31:10,850] {processor.py:641} INFO - Processing file /home/airflow/.local/lib/python3.7/site-packages/airflow/example_dags/example_dag_decorator.py for tasks to queue
[2022-05-23 17:31:10,851] {logging_mixin.py:115} INFO - [2022-05-23 17:31:10,851] {dagbag.py:507} INFO - Filling up the DagBag from /home/airflow/.local/lib/python3.7/site-packages/airflow/example_dags/example_dag_decorator.py
[2022-05-23 17:31:10,889] {processor.py:651} INFO - DAG(s) dict_keys(['example_dag_decorator']) retrieved from /home/airflow/.local/lib/python3.7/site-packages/airflow/example_dags/example_dag_decorator.py
[2022-05-23 17:31:11,099] {logging_mixin.py:115} INFO - [2022-05-23 17:31:11,099] {dag.py:2371} INFO - Sync 1 DAGs
[2022-05-23 17:31:11,121] {logging_mixin.py:115} INFO - [2022-05-23 17:31:11,121] {dag.py:2919} INFO - Setting next_dagrun for example_dag_decorator to None, run_after=None
[2022-05-23 17:31:11,156] {processor.py:161} INFO - Processing /home/airflow/.local/lib/python3.7/site-packages/airflow/example_dags/example_dag_decorator.py took 0.310 seconds
[2022-05-23 17:31:41,981] {processor.py:153} INFO - Started process (PID=439) to work on /home/airflow/.local/lib/python3.7/site-packages/airflow/example_dags/example_dag_decorator.py
[2022-05-23 17:31:41,981] {processor.py:641} INFO - Processing file /home/airflow/.local/lib/python3.7/site-packages/airflow/example_dags/example_dag_decorator.py for tasks to queue
[2022-05-23 17:31:41,982] {logging_mixin.py:115} INFO - [2022-05-23 17:31:41,982] {dagbag.py:507} INFO - Filling up the DagBag from /home/airflow/.local/lib/python3.7/site-packages/airflow/example_dags/example_dag_decorator.py
[2022-05-23 17:31:42,011] {processor.py:651} INFO - DAG(s) dict_keys(['example_dag_decorator']) retrieved from /home/airflow/.local/lib/python3.7/site-packages/airflow/example_dags/example_dag_decorator.py
[2022-05-23 17:31:42,210] {logging_mixin.py:115} INFO - [2022-05-23 17:31:42,210] {dag.py:2371} INFO - Sync 1 DAGs
[2022-05-23 17:31:42,232] {logging_mixin.py:115} INFO - [2022-05-23 17:31:42,232] {dag.py:2919} INFO - Setting next_dagrun for example_dag_decorator to None, run_after=None
[2022-05-23 17:31:42,270] {processor.py:161} INFO - Processing /home/airflow/.local/lib/python3.7/site-packages/airflow/example_dags/example_dag_decorator.py took 0.293 seconds
[2022-05-23 17:32:13,564] {processor.py:153} INFO - Started process (PID=493) to work on /home/airflow/.local/lib/python3.7/site-packages/airflow/example_dags/example_dag_decorator.py
[2022-05-23 17:32:13,585] {processor.py:641} INFO - Processing file /home/airflow/.local/lib/python3.7/site-packages/airflow/example_dags/example_dag_decorator.py for tasks to queue
[2022-05-23 17:32:13,586] {logging_mixin.py:115} INFO - [2022-05-23 17:32:13,586] {dagbag.py:507} INFO - Filling up the DagBag from /home/airflow/.local/lib/python3.7/site-packages/airflow/example_dags/example_dag_decorator.py
[2022-05-23 17:32:13,632] {processor.py:651} INFO - DAG(s) dict_keys(['example_dag_decorator']) retrieved from /home/airflow/.local/lib/python3.7/site-packages/airflow/example_dags/example_dag_decorator.py
[2022-05-23 17:32:13,819] {logging_mixin.py:115} INFO - [2022-05-23 17:32:13,819] {dag.py:2371} INFO - Sync 1 DAGs
[2022-05-23 17:32:13,839] {logging_mixin.py:115} INFO - [2022-05-23 17:32:13,839] {dag.py:2919} INFO - Setting next_dagrun for example_dag_decorator to None, run_after=None
[2022-05-23 17:32:13,869] {processor.py:161} INFO - Processing /home/airflow/.local/lib/python3.7/site-packages/airflow/example_dags/example_dag_decorator.py took 0.309 seconds
[2022-05-23 17:32:43,892] {processor.py:153} INFO - Started process (PID=558) to work on /home/airflow/.local/lib/python3.7/site-packages/airflow/example_dags/example_dag_decorator.py
[2022-05-23 17:32:43,892] {processor.py:641} INFO - Processing file /home/airflow/.local/lib/python3.7/site-packages/airflow/example_dags/example_dag_decorator.py for tasks to queue
[2022-05-23 17:32:43,893] {logging_mixin.py:115} INFO - [2022-05-23 17:32:43,893] {dagbag.py:507} INFO - Filling up the DagBag from /home/airflow/.local/lib/python3.7/site-packages/airflow/example_dags/example_dag_decorator.py
[2022-05-23 17:32:43,922] {processor.py:651} INFO - DAG(s) dict_keys(['example_dag_decorator']) retrieved from /home/airflow/.local/lib/python3.7/site-packages/airflow/example_dags/example_dag_decorator.py
[2022-05-23 17:32:44,120] {logging_mixin.py:115} INFO - [2022-05-23 17:32:44,120] {dag.py:2371} INFO - Sync 1 DAGs
[2022-05-23 17:32:44,143] {logging_mixin.py:115} INFO - [2022-05-23 17:32:44,143] {dag.py:2919} INFO - Setting next_dagrun for example_dag_decorator to None, run_after=None
[2022-05-23 17:32:44,175] {processor.py:161} INFO - Processing /home/airflow/.local/lib/python3.7/site-packages/airflow/example_dags/example_dag_decorator.py took 0.287 seconds
[2022-05-23 17:33:14,928] {processor.py:153} INFO - Started process (PID=621) to work on /home/airflow/.local/lib/python3.7/site-packages/airflow/example_dags/example_dag_decorator.py
[2022-05-23 17:33:14,929] {processor.py:641} INFO - Processing file /home/airflow/.local/lib/python3.7/site-packages/airflow/example_dags/example_dag_decorator.py for tasks to queue
[2022-05-23 17:33:14,929] {logging_mixin.py:115} INFO - [2022-05-23 17:33:14,929] {dagbag.py:507} INFO - Filling up the DagBag from /home/airflow/.local/lib/python3.7/site-packages/airflow/example_dags/example_dag_decorator.py
[2022-05-23 17:33:14,955] {processor.py:651} INFO - DAG(s) dict_keys(['example_dag_decorator']) retrieved from /home/airflow/.local/lib/python3.7/site-packages/airflow/example_dags/example_dag_decorator.py
[2022-05-23 17:33:15,202] {logging_mixin.py:115} INFO - [2022-05-23 17:33:15,201] {dag.py:2371} INFO - Sync 1 DAGs
[2022-05-23 17:33:15,234] {logging_mixin.py:115} INFO - [2022-05-23 17:33:15,234] {dag.py:2919} INFO - Setting next_dagrun for example_dag_decorator to None, run_after=None
[2022-05-23 17:33:15,289] {processor.py:161} INFO - Processing /home/airflow/.local/lib/python3.7/site-packages/airflow/example_dags/example_dag_decorator.py took 0.363 seconds
[2022-05-23 17:33:46,280] {processor.py:153} INFO - Started process (PID=677) to work on /home/airflow/.local/lib/python3.7/site-packages/airflow/example_dags/example_dag_decorator.py
[2022-05-23 17:33:46,786] {processor.py:641} INFO - Processing file /home/airflow/.local/lib/python3.7/site-packages/airflow/example_dags/example_dag_decorator.py for tasks to queue
[2022-05-23 17:33:46,789] {logging_mixin.py:115} INFO - [2022-05-23 17:33:46,789] {dagbag.py:507} INFO - Filling up the DagBag from /home/airflow/.local/lib/python3.7/site-packages/airflow/example_dags/example_dag_decorator.py
[2022-05-23 17:33:46,835] {processor.py:651} INFO - DAG(s) dict_keys(['example_dag_decorator']) retrieved from /home/airflow/.local/lib/python3.7/site-packages/airflow/example_dags/example_dag_decorator.py
[2022-05-23 17:33:46,974] {logging_mixin.py:115} INFO - [2022-05-23 17:33:46,973] {dag.py:2371} INFO - Sync 1 DAGs
[2022-05-23 17:33:46,998] {logging_mixin.py:115} INFO - [2022-05-23 17:33:46,998] {dag.py:2919} INFO - Setting next_dagrun for example_dag_decorator to None, run_after=None
[2022-05-23 17:33:47,025] {processor.py:161} INFO - Processing /home/airflow/.local/lib/python3.7/site-packages/airflow/example_dags/example_dag_decorator.py took 0.752 seconds
[2022-05-23 17:34:18,828] {processor.py:153} INFO - Started process (PID=733) to work on /home/airflow/.local/lib/python3.7/site-packages/airflow/example_dags/example_dag_decorator.py
[2022-05-23 17:34:18,829] {processor.py:641} INFO - Processing file /home/airflow/.local/lib/python3.7/site-packages/airflow/example_dags/example_dag_decorator.py for tasks to queue
[2022-05-23 17:34:18,829] {logging_mixin.py:115} INFO - [2022-05-23 17:34:18,829] {dagbag.py:507} INFO - Filling up the DagBag from /home/airflow/.local/lib/python3.7/site-packages/airflow/example_dags/example_dag_decorator.py
[2022-05-23 17:34:18,856] {processor.py:651} INFO - DAG(s) dict_keys(['example_dag_decorator']) retrieved from /home/airflow/.local/lib/python3.7/site-packages/airflow/example_dags/example_dag_decorator.py
[2022-05-23 17:34:19,058] {logging_mixin.py:115} INFO - [2022-05-23 17:34:19,058] {dag.py:2371} INFO - Sync 1 DAGs
[2022-05-23 17:34:19,084] {logging_mixin.py:115} INFO - [2022-05-23 17:34:19,084] {dag.py:2919} INFO - Setting next_dagrun for example_dag_decorator to None, run_after=None
[2022-05-23 17:34:19,141] {processor.py:161} INFO - Processing /home/airflow/.local/lib/python3.7/site-packages/airflow/example_dags/example_dag_decorator.py took 0.316 seconds
[2022-05-23 17:34:50,546] {processor.py:153} INFO - Started process (PID=796) to work on /home/airflow/.local/lib/python3.7/site-packages/airflow/example_dags/example_dag_decorator.py
[2022-05-23 17:34:50,573] {processor.py:641} INFO - Processing file /home/airflow/.local/lib/python3.7/site-packages/airflow/example_dags/example_dag_decorator.py for tasks to queue
[2022-05-23 17:34:50,574] {logging_mixin.py:115} INFO - [2022-05-23 17:34:50,574] {dagbag.py:507} INFO - Filling up the DagBag from /home/airflow/.local/lib/python3.7/site-packages/airflow/example_dags/example_dag_decorator.py
[2022-05-23 17:34:50,605] {processor.py:651} INFO - DAG(s) dict_keys(['example_dag_decorator']) retrieved from /home/airflow/.local/lib/python3.7/site-packages/airflow/example_dags/example_dag_decorator.py
[2022-05-23 17:34:50,809] {logging_mixin.py:115} INFO - [2022-05-23 17:34:50,809] {dag.py:2371} INFO - Sync 1 DAGs
[2022-05-23 17:34:50,834] {logging_mixin.py:115} INFO - [2022-05-23 17:34:50,834] {dag.py:2919} INFO - Setting next_dagrun for example_dag_decorator to None, run_after=None
[2022-05-23 17:34:50,868] {processor.py:161} INFO - Processing /home/airflow/.local/lib/python3.7/site-packages/airflow/example_dags/example_dag_decorator.py took 0.328 seconds
[2022-05-23 17:35:20,892] {processor.py:153} INFO - Started process (PID=851) to work on /home/airflow/.local/lib/python3.7/site-packages/airflow/example_dags/example_dag_decorator.py
[2022-05-23 17:35:20,893] {processor.py:641} INFO - Processing file /home/airflow/.local/lib/python3.7/site-packages/airflow/example_dags/example_dag_decorator.py for tasks to queue
[2022-05-23 17:35:20,893] {logging_mixin.py:115} INFO - [2022-05-23 17:35:20,893] {dagbag.py:507} INFO - Filling up the DagBag from /home/airflow/.local/lib/python3.7/site-packages/airflow/example_dags/example_dag_decorator.py
[2022-05-23 17:35:20,923] {processor.py:651} INFO - DAG(s) dict_keys(['example_dag_decorator']) retrieved from /home/airflow/.local/lib/python3.7/site-packages/airflow/example_dags/example_dag_decorator.py
[2022-05-23 17:35:21,076] {logging_mixin.py:115} INFO - [2022-05-23 17:35:21,076] {dag.py:2371} INFO - Sync 1 DAGs
[2022-05-23 17:35:21,102] {logging_mixin.py:115} INFO - [2022-05-23 17:35:21,102] {dag.py:2919} INFO - Setting next_dagrun for example_dag_decorator to None, run_after=None
[2022-05-23 17:35:21,423] {processor.py:161} INFO - Processing /home/airflow/.local/lib/python3.7/site-packages/airflow/example_dags/example_dag_decorator.py took 0.534 seconds
[2022-05-23 17:35:51,897] {processor.py:153} INFO - Started process (PID=917) to work on /home/airflow/.local/lib/python3.7/site-packages/airflow/example_dags/example_dag_decorator.py
[2022-05-23 17:35:51,898] {processor.py:641} INFO - Processing file /home/airflow/.local/lib/python3.7/site-packages/airflow/example_dags/example_dag_decorator.py for tasks to queue
[2022-05-23 17:35:51,898] {logging_mixin.py:115} INFO - [2022-05-23 17:35:51,898] {dagbag.py:507} INFO - Filling up the DagBag from /home/airflow/.local/lib/python3.7/site-packages/airflow/example_dags/example_dag_decorator.py
[2022-05-23 17:35:51,927] {processor.py:651} INFO - DAG(s) dict_keys(['example_dag_decorator']) retrieved from /home/airflow/.local/lib/python3.7/site-packages/airflow/example_dags/example_dag_decorator.py
[2022-05-23 17:35:52,133] {logging_mixin.py:115} INFO - [2022-05-23 17:35:52,133] {dag.py:2371} INFO - Sync 1 DAGs
[2022-05-23 17:35:52,156] {logging_mixin.py:115} INFO - [2022-05-23 17:35:52,155] {dag.py:2919} INFO - Setting next_dagrun for example_dag_decorator to None, run_after=None
[2022-05-23 17:35:52,412] {processor.py:161} INFO - Processing /home/airflow/.local/lib/python3.7/site-packages/airflow/example_dags/example_dag_decorator.py took 0.519 seconds
[2022-05-23 17:36:23,258] {processor.py:153} INFO - Started process (PID=970) to work on /home/airflow/.local/lib/python3.7/site-packages/airflow/example_dags/example_dag_decorator.py
[2022-05-23 17:36:23,258] {processor.py:641} INFO - Processing file /home/airflow/.local/lib/python3.7/site-packages/airflow/example_dags/example_dag_decorator.py for tasks to queue
[2022-05-23 17:36:23,259] {logging_mixin.py:115} INFO - [2022-05-23 17:36:23,259] {dagbag.py:507} INFO - Filling up the DagBag from /home/airflow/.local/lib/python3.7/site-packages/airflow/example_dags/example_dag_decorator.py
[2022-05-23 17:36:23,288] {processor.py:651} INFO - DAG(s) dict_keys(['example_dag_decorator']) retrieved from /home/airflow/.local/lib/python3.7/site-packages/airflow/example_dags/example_dag_decorator.py
[2022-05-23 17:36:23,513] {logging_mixin.py:115} INFO - [2022-05-23 17:36:23,513] {dag.py:2371} INFO - Sync 1 DAGs
[2022-05-23 17:36:23,536] {logging_mixin.py:115} INFO - [2022-05-23 17:36:23,536] {dag.py:2919} INFO - Setting next_dagrun for example_dag_decorator to None, run_after=None
[2022-05-23 17:36:23,571] {processor.py:161} INFO - Processing /home/airflow/.local/lib/python3.7/site-packages/airflow/example_dags/example_dag_decorator.py took 0.317 seconds
[2022-05-23 17:36:53,993] {processor.py:153} INFO - Started process (PID=1033) to work on /home/airflow/.local/lib/python3.7/site-packages/airflow/example_dags/example_dag_decorator.py
[2022-05-23 17:36:53,994] {processor.py:641} INFO - Processing file /home/airflow/.local/lib/python3.7/site-packages/airflow/example_dags/example_dag_decorator.py for tasks to queue
[2022-05-23 17:36:53,995] {logging_mixin.py:115} INFO - [2022-05-23 17:36:53,994] {dagbag.py:507} INFO - Filling up the DagBag from /home/airflow/.local/lib/python3.7/site-packages/airflow/example_dags/example_dag_decorator.py
[2022-05-23 17:36:54,023] {processor.py:651} INFO - DAG(s) dict_keys(['example_dag_decorator']) retrieved from /home/airflow/.local/lib/python3.7/site-packages/airflow/example_dags/example_dag_decorator.py
[2022-05-23 17:36:54,224] {logging_mixin.py:115} INFO - [2022-05-23 17:36:54,224] {dag.py:2371} INFO - Sync 1 DAGs
[2022-05-23 17:36:54,248] {logging_mixin.py:115} INFO - [2022-05-23 17:36:54,248] {dag.py:2919} INFO - Setting next_dagrun for example_dag_decorator to None, run_after=None
[2022-05-23 17:36:54,282] {processor.py:161} INFO - Processing /home/airflow/.local/lib/python3.7/site-packages/airflow/example_dags/example_dag_decorator.py took 0.292 seconds
[2022-05-23 17:49:35,273] {processor.py:153} INFO - Started process (PID=89) to work on /home/airflow/.local/lib/python3.7/site-packages/airflow/example_dags/example_dag_decorator.py
[2022-05-23 17:49:35,273] {processor.py:641} INFO - Processing file /home/airflow/.local/lib/python3.7/site-packages/airflow/example_dags/example_dag_decorator.py for tasks to queue
[2022-05-23 17:49:35,274] {logging_mixin.py:115} INFO - [2022-05-23 17:49:35,274] {dagbag.py:507} INFO - Filling up the DagBag from /home/airflow/.local/lib/python3.7/site-packages/airflow/example_dags/example_dag_decorator.py
[2022-05-23 17:49:35,531] {processor.py:651} INFO - DAG(s) dict_keys(['example_dag_decorator']) retrieved from /home/airflow/.local/lib/python3.7/site-packages/airflow/example_dags/example_dag_decorator.py
[2022-05-23 17:49:35,672] {logging_mixin.py:115} INFO - [2022-05-23 17:49:35,672] {dag.py:2371} INFO - Sync 1 DAGs
[2022-05-23 17:49:35,713] {logging_mixin.py:115} INFO - [2022-05-23 17:49:35,713] {dag.py:2919} INFO - Setting next_dagrun for example_dag_decorator to None, run_after=None
[2022-05-23 17:49:35,759] {processor.py:161} INFO - Processing /home/airflow/.local/lib/python3.7/site-packages/airflow/example_dags/example_dag_decorator.py took 0.491 seconds
[2022-05-23 17:50:06,042] {processor.py:153} INFO - Started process (PID=144) to work on /home/airflow/.local/lib/python3.7/site-packages/airflow/example_dags/example_dag_decorator.py
[2022-05-23 17:50:06,042] {processor.py:641} INFO - Processing file /home/airflow/.local/lib/python3.7/site-packages/airflow/example_dags/example_dag_decorator.py for tasks to queue
[2022-05-23 17:50:06,043] {logging_mixin.py:115} INFO - [2022-05-23 17:50:06,043] {dagbag.py:507} INFO - Filling up the DagBag from /home/airflow/.local/lib/python3.7/site-packages/airflow/example_dags/example_dag_decorator.py
[2022-05-23 17:50:06,197] {processor.py:651} INFO - DAG(s) dict_keys(['example_dag_decorator']) retrieved from /home/airflow/.local/lib/python3.7/site-packages/airflow/example_dags/example_dag_decorator.py
[2022-05-23 17:50:06,274] {logging_mixin.py:115} INFO - [2022-05-23 17:50:06,274] {dag.py:2371} INFO - Sync 1 DAGs
[2022-05-23 17:50:06,294] {logging_mixin.py:115} INFO - [2022-05-23 17:50:06,294] {dag.py:2919} INFO - Setting next_dagrun for example_dag_decorator to None, run_after=None
[2022-05-23 17:50:06,332] {processor.py:161} INFO - Processing /home/airflow/.local/lib/python3.7/site-packages/airflow/example_dags/example_dag_decorator.py took 0.294 seconds
[2022-05-23 17:50:38,675] {processor.py:153} INFO - Started process (PID=206) to work on /home/airflow/.local/lib/python3.7/site-packages/airflow/example_dags/example_dag_decorator.py
[2022-05-23 17:50:38,676] {processor.py:641} INFO - Processing file /home/airflow/.local/lib/python3.7/site-packages/airflow/example_dags/example_dag_decorator.py for tasks to queue
[2022-05-23 17:50:38,676] {logging_mixin.py:115} INFO - [2022-05-23 17:50:38,676] {dagbag.py:507} INFO - Filling up the DagBag from /home/airflow/.local/lib/python3.7/site-packages/airflow/example_dags/example_dag_decorator.py
[2022-05-23 17:50:38,824] {processor.py:651} INFO - DAG(s) dict_keys(['example_dag_decorator']) retrieved from /home/airflow/.local/lib/python3.7/site-packages/airflow/example_dags/example_dag_decorator.py
[2022-05-23 17:50:38,900] {logging_mixin.py:115} INFO - [2022-05-23 17:50:38,900] {dag.py:2371} INFO - Sync 1 DAGs
[2022-05-23 17:50:38,920] {logging_mixin.py:115} INFO - [2022-05-23 17:50:38,920] {dag.py:2919} INFO - Setting next_dagrun for example_dag_decorator to None, run_after=None
[2022-05-23 17:50:38,953] {processor.py:161} INFO - Processing /home/airflow/.local/lib/python3.7/site-packages/airflow/example_dags/example_dag_decorator.py took 0.281 seconds
[2022-05-23 17:51:10,162] {processor.py:153} INFO - Started process (PID=260) to work on /home/airflow/.local/lib/python3.7/site-packages/airflow/example_dags/example_dag_decorator.py
[2022-05-23 17:51:10,193] {processor.py:641} INFO - Processing file /home/airflow/.local/lib/python3.7/site-packages/airflow/example_dags/example_dag_decorator.py for tasks to queue
[2022-05-23 17:51:10,194] {logging_mixin.py:115} INFO - [2022-05-23 17:51:10,194] {dagbag.py:507} INFO - Filling up the DagBag from /home/airflow/.local/lib/python3.7/site-packages/airflow/example_dags/example_dag_decorator.py
[2022-05-23 17:51:10,360] {processor.py:651} INFO - DAG(s) dict_keys(['example_dag_decorator']) retrieved from /home/airflow/.local/lib/python3.7/site-packages/airflow/example_dags/example_dag_decorator.py
[2022-05-23 17:51:10,385] {logging_mixin.py:115} INFO - [2022-05-23 17:51:10,385] {dag.py:2371} INFO - Sync 1 DAGs
[2022-05-23 17:51:10,412] {logging_mixin.py:115} INFO - [2022-05-23 17:51:10,412] {dag.py:2919} INFO - Setting next_dagrun for example_dag_decorator to None, run_after=None
[2022-05-23 17:51:10,440] {processor.py:161} INFO - Processing /home/airflow/.local/lib/python3.7/site-packages/airflow/example_dags/example_dag_decorator.py took 0.282 seconds
[2022-05-23 17:51:41,013] {processor.py:153} INFO - Started process (PID=323) to work on /home/airflow/.local/lib/python3.7/site-packages/airflow/example_dags/example_dag_decorator.py
[2022-05-23 17:51:41,014] {processor.py:641} INFO - Processing file /home/airflow/.local/lib/python3.7/site-packages/airflow/example_dags/example_dag_decorator.py for tasks to queue
[2022-05-23 17:51:41,015] {logging_mixin.py:115} INFO - [2022-05-23 17:51:41,015] {dagbag.py:507} INFO - Filling up the DagBag from /home/airflow/.local/lib/python3.7/site-packages/airflow/example_dags/example_dag_decorator.py
[2022-05-23 17:51:41,182] {processor.py:651} INFO - DAG(s) dict_keys(['example_dag_decorator']) retrieved from /home/airflow/.local/lib/python3.7/site-packages/airflow/example_dags/example_dag_decorator.py
[2022-05-23 17:51:41,210] {logging_mixin.py:115} INFO - [2022-05-23 17:51:41,210] {dag.py:2371} INFO - Sync 1 DAGs
[2022-05-23 17:51:41,237] {logging_mixin.py:115} INFO - [2022-05-23 17:51:41,237] {dag.py:2919} INFO - Setting next_dagrun for example_dag_decorator to None, run_after=None
[2022-05-23 17:51:41,282] {processor.py:161} INFO - Processing /home/airflow/.local/lib/python3.7/site-packages/airflow/example_dags/example_dag_decorator.py took 0.273 seconds
[2022-05-23 17:52:12,721] {processor.py:153} INFO - Started process (PID=376) to work on /home/airflow/.local/lib/python3.7/site-packages/airflow/example_dags/example_dag_decorator.py
[2022-05-23 17:52:12,847] {processor.py:641} INFO - Processing file /home/airflow/.local/lib/python3.7/site-packages/airflow/example_dags/example_dag_decorator.py for tasks to queue
[2022-05-23 17:52:12,848] {logging_mixin.py:115} INFO - [2022-05-23 17:52:12,848] {dagbag.py:507} INFO - Filling up the DagBag from /home/airflow/.local/lib/python3.7/site-packages/airflow/example_dags/example_dag_decorator.py
[2022-05-23 17:52:12,986] {processor.py:651} INFO - DAG(s) dict_keys(['example_dag_decorator']) retrieved from /home/airflow/.local/lib/python3.7/site-packages/airflow/example_dags/example_dag_decorator.py
[2022-05-23 17:52:13,058] {logging_mixin.py:115} INFO - [2022-05-23 17:52:13,058] {dag.py:2371} INFO - Sync 1 DAGs
[2022-05-23 17:52:13,079] {logging_mixin.py:115} INFO - [2022-05-23 17:52:13,078] {dag.py:2919} INFO - Setting next_dagrun for example_dag_decorator to None, run_after=None
[2022-05-23 17:52:13,331] {processor.py:161} INFO - Processing /home/airflow/.local/lib/python3.7/site-packages/airflow/example_dags/example_dag_decorator.py took 0.614 seconds
[2022-05-23 17:52:44,061] {processor.py:153} INFO - Started process (PID=441) to work on /home/airflow/.local/lib/python3.7/site-packages/airflow/example_dags/example_dag_decorator.py
[2022-05-23 17:52:44,062] {processor.py:641} INFO - Processing file /home/airflow/.local/lib/python3.7/site-packages/airflow/example_dags/example_dag_decorator.py for tasks to queue
[2022-05-23 17:52:44,062] {logging_mixin.py:115} INFO - [2022-05-23 17:52:44,062] {dagbag.py:507} INFO - Filling up the DagBag from /home/airflow/.local/lib/python3.7/site-packages/airflow/example_dags/example_dag_decorator.py
[2022-05-23 17:52:44,200] {processor.py:651} INFO - DAG(s) dict_keys(['example_dag_decorator']) retrieved from /home/airflow/.local/lib/python3.7/site-packages/airflow/example_dags/example_dag_decorator.py
[2022-05-23 17:52:44,224] {logging_mixin.py:115} INFO - [2022-05-23 17:52:44,224] {dag.py:2371} INFO - Sync 1 DAGs
[2022-05-23 17:52:44,247] {logging_mixin.py:115} INFO - [2022-05-23 17:52:44,247] {dag.py:2919} INFO - Setting next_dagrun for example_dag_decorator to None, run_after=None
[2022-05-23 17:52:44,274] {processor.py:161} INFO - Processing /home/airflow/.local/lib/python3.7/site-packages/airflow/example_dags/example_dag_decorator.py took 0.215 seconds
[2022-05-23 17:53:14,727] {processor.py:153} INFO - Started process (PID=494) to work on /home/airflow/.local/lib/python3.7/site-packages/airflow/example_dags/example_dag_decorator.py
[2022-05-23 17:53:15,784] {processor.py:641} INFO - Processing file /home/airflow/.local/lib/python3.7/site-packages/airflow/example_dags/example_dag_decorator.py for tasks to queue
[2022-05-23 17:53:15,808] {logging_mixin.py:115} INFO - [2022-05-23 17:53:15,808] {dagbag.py:507} INFO - Filling up the DagBag from /home/airflow/.local/lib/python3.7/site-packages/airflow/example_dags/example_dag_decorator.py
[2022-05-23 17:53:15,962] {processor.py:651} INFO - DAG(s) dict_keys(['example_dag_decorator']) retrieved from /home/airflow/.local/lib/python3.7/site-packages/airflow/example_dags/example_dag_decorator.py
[2022-05-23 17:53:15,990] {logging_mixin.py:115} INFO - [2022-05-23 17:53:15,990] {dag.py:2371} INFO - Sync 1 DAGs
[2022-05-23 17:53:16,015] {logging_mixin.py:115} INFO - [2022-05-23 17:53:16,015] {dag.py:2919} INFO - Setting next_dagrun for example_dag_decorator to None, run_after=None
[2022-05-23 17:53:16,150] {processor.py:161} INFO - Processing /home/airflow/.local/lib/python3.7/site-packages/airflow/example_dags/example_dag_decorator.py took 1.433 seconds
[2022-05-23 17:53:46,405] {processor.py:153} INFO - Started process (PID=556) to work on /home/airflow/.local/lib/python3.7/site-packages/airflow/example_dags/example_dag_decorator.py
[2022-05-23 17:53:46,915] {processor.py:641} INFO - Processing file /home/airflow/.local/lib/python3.7/site-packages/airflow/example_dags/example_dag_decorator.py for tasks to queue
[2022-05-23 17:53:46,915] {logging_mixin.py:115} INFO - [2022-05-23 17:53:46,915] {dagbag.py:507} INFO - Filling up the DagBag from /home/airflow/.local/lib/python3.7/site-packages/airflow/example_dags/example_dag_decorator.py
[2022-05-23 17:53:47,047] {processor.py:651} INFO - DAG(s) dict_keys(['example_dag_decorator']) retrieved from /home/airflow/.local/lib/python3.7/site-packages/airflow/example_dags/example_dag_decorator.py
[2022-05-23 17:53:47,132] {logging_mixin.py:115} INFO - [2022-05-23 17:53:47,131] {dag.py:2371} INFO - Sync 1 DAGs
[2022-05-23 17:53:47,158] {logging_mixin.py:115} INFO - [2022-05-23 17:53:47,157] {dag.py:2919} INFO - Setting next_dagrun for example_dag_decorator to None, run_after=None
[2022-05-23 17:53:47,199] {processor.py:161} INFO - Processing /home/airflow/.local/lib/python3.7/site-packages/airflow/example_dags/example_dag_decorator.py took 0.797 seconds
[2022-05-23 18:03:53,744] {processor.py:153} INFO - Started process (PID=97) to work on /home/airflow/.local/lib/python3.7/site-packages/airflow/example_dags/example_dag_decorator.py
[2022-05-23 18:03:53,749] {processor.py:641} INFO - Processing file /home/airflow/.local/lib/python3.7/site-packages/airflow/example_dags/example_dag_decorator.py for tasks to queue
[2022-05-23 18:03:53,750] {logging_mixin.py:115} INFO - [2022-05-23 18:03:53,750] {dagbag.py:507} INFO - Filling up the DagBag from /home/airflow/.local/lib/python3.7/site-packages/airflow/example_dags/example_dag_decorator.py
[2022-05-23 18:03:54,061] {processor.py:651} INFO - DAG(s) dict_keys(['example_dag_decorator']) retrieved from /home/airflow/.local/lib/python3.7/site-packages/airflow/example_dags/example_dag_decorator.py
[2022-05-23 18:03:54,225] {logging_mixin.py:115} INFO - [2022-05-23 18:03:54,225] {dag.py:2371} INFO - Sync 1 DAGs
[2022-05-23 18:03:54,295] {logging_mixin.py:115} INFO - [2022-05-23 18:03:54,295] {dag.py:2919} INFO - Setting next_dagrun for example_dag_decorator to None, run_after=None
[2022-05-23 18:03:54,348] {processor.py:161} INFO - Processing /home/airflow/.local/lib/python3.7/site-packages/airflow/example_dags/example_dag_decorator.py took 0.610 seconds
[2022-05-23 18:04:27,022] {processor.py:153} INFO - Started process (PID=154) to work on /home/airflow/.local/lib/python3.7/site-packages/airflow/example_dags/example_dag_decorator.py
[2022-05-23 18:04:27,024] {processor.py:641} INFO - Processing file /home/airflow/.local/lib/python3.7/site-packages/airflow/example_dags/example_dag_decorator.py for tasks to queue
[2022-05-23 18:04:27,024] {logging_mixin.py:115} INFO - [2022-05-23 18:04:27,024] {dagbag.py:507} INFO - Filling up the DagBag from /home/airflow/.local/lib/python3.7/site-packages/airflow/example_dags/example_dag_decorator.py
[2022-05-23 18:04:27,177] {processor.py:651} INFO - DAG(s) dict_keys(['example_dag_decorator']) retrieved from /home/airflow/.local/lib/python3.7/site-packages/airflow/example_dags/example_dag_decorator.py
[2022-05-23 18:04:27,249] {logging_mixin.py:115} INFO - [2022-05-23 18:04:27,249] {dag.py:2371} INFO - Sync 1 DAGs
[2022-05-23 18:04:27,269] {logging_mixin.py:115} INFO - [2022-05-23 18:04:27,269] {dag.py:2919} INFO - Setting next_dagrun for example_dag_decorator to None, run_after=None
[2022-05-23 18:04:27,300] {processor.py:161} INFO - Processing /home/airflow/.local/lib/python3.7/site-packages/airflow/example_dags/example_dag_decorator.py took 0.282 seconds
[2022-05-23 18:04:57,687] {processor.py:153} INFO - Started process (PID=209) to work on /home/airflow/.local/lib/python3.7/site-packages/airflow/example_dags/example_dag_decorator.py
[2022-05-23 18:04:57,688] {processor.py:641} INFO - Processing file /home/airflow/.local/lib/python3.7/site-packages/airflow/example_dags/example_dag_decorator.py for tasks to queue
[2022-05-23 18:04:57,689] {logging_mixin.py:115} INFO - [2022-05-23 18:04:57,689] {dagbag.py:507} INFO - Filling up the DagBag from /home/airflow/.local/lib/python3.7/site-packages/airflow/example_dags/example_dag_decorator.py
[2022-05-23 18:04:57,840] {processor.py:651} INFO - DAG(s) dict_keys(['example_dag_decorator']) retrieved from /home/airflow/.local/lib/python3.7/site-packages/airflow/example_dags/example_dag_decorator.py
[2022-05-23 18:04:57,867] {logging_mixin.py:115} INFO - [2022-05-23 18:04:57,867] {dag.py:2371} INFO - Sync 1 DAGs
[2022-05-23 18:04:57,894] {logging_mixin.py:115} INFO - [2022-05-23 18:04:57,894] {dag.py:2919} INFO - Setting next_dagrun for example_dag_decorator to None, run_after=None
[2022-05-23 18:04:57,925] {processor.py:161} INFO - Processing /home/airflow/.local/lib/python3.7/site-packages/airflow/example_dags/example_dag_decorator.py took 0.243 seconds
[2022-05-23 18:05:29,235] {processor.py:153} INFO - Started process (PID=261) to work on /home/airflow/.local/lib/python3.7/site-packages/airflow/example_dags/example_dag_decorator.py
[2022-05-23 18:05:29,236] {processor.py:641} INFO - Processing file /home/airflow/.local/lib/python3.7/site-packages/airflow/example_dags/example_dag_decorator.py for tasks to queue
[2022-05-23 18:05:29,237] {logging_mixin.py:115} INFO - [2022-05-23 18:05:29,236] {dagbag.py:507} INFO - Filling up the DagBag from /home/airflow/.local/lib/python3.7/site-packages/airflow/example_dags/example_dag_decorator.py
[2022-05-23 18:05:29,416] {processor.py:651} INFO - DAG(s) dict_keys(['example_dag_decorator']) retrieved from /home/airflow/.local/lib/python3.7/site-packages/airflow/example_dags/example_dag_decorator.py
[2022-05-23 18:05:29,449] {logging_mixin.py:115} INFO - [2022-05-23 18:05:29,449] {dag.py:2371} INFO - Sync 1 DAGs
[2022-05-23 18:05:29,485] {logging_mixin.py:115} INFO - [2022-05-23 18:05:29,484] {dag.py:2919} INFO - Setting next_dagrun for example_dag_decorator to None, run_after=None
[2022-05-23 18:05:29,517] {processor.py:161} INFO - Processing /home/airflow/.local/lib/python3.7/site-packages/airflow/example_dags/example_dag_decorator.py took 0.287 seconds
[2022-05-23 18:06:00,825] {processor.py:153} INFO - Started process (PID=316) to work on /home/airflow/.local/lib/python3.7/site-packages/airflow/example_dags/example_dag_decorator.py
[2022-05-23 18:06:00,826] {processor.py:641} INFO - Processing file /home/airflow/.local/lib/python3.7/site-packages/airflow/example_dags/example_dag_decorator.py for tasks to queue
[2022-05-23 18:06:00,827] {logging_mixin.py:115} INFO - [2022-05-23 18:06:00,827] {dagbag.py:507} INFO - Filling up the DagBag from /home/airflow/.local/lib/python3.7/site-packages/airflow/example_dags/example_dag_decorator.py
[2022-05-23 18:06:01,007] {processor.py:651} INFO - DAG(s) dict_keys(['example_dag_decorator']) retrieved from /home/airflow/.local/lib/python3.7/site-packages/airflow/example_dags/example_dag_decorator.py
[2022-05-23 18:06:01,043] {logging_mixin.py:115} INFO - [2022-05-23 18:06:01,043] {dag.py:2371} INFO - Sync 1 DAGs
[2022-05-23 18:06:01,085] {logging_mixin.py:115} INFO - [2022-05-23 18:06:01,085] {dag.py:2919} INFO - Setting next_dagrun for example_dag_decorator to None, run_after=None
[2022-05-23 18:06:01,194] {processor.py:161} INFO - Processing /home/airflow/.local/lib/python3.7/site-packages/airflow/example_dags/example_dag_decorator.py took 0.372 seconds
[2022-05-23 18:06:32,610] {processor.py:153} INFO - Started process (PID=380) to work on /home/airflow/.local/lib/python3.7/site-packages/airflow/example_dags/example_dag_decorator.py
[2022-05-23 18:06:32,847] {processor.py:641} INFO - Processing file /home/airflow/.local/lib/python3.7/site-packages/airflow/example_dags/example_dag_decorator.py for tasks to queue
[2022-05-23 18:06:32,848] {logging_mixin.py:115} INFO - [2022-05-23 18:06:32,847] {dagbag.py:507} INFO - Filling up the DagBag from /home/airflow/.local/lib/python3.7/site-packages/airflow/example_dags/example_dag_decorator.py
[2022-05-23 18:06:33,005] {processor.py:651} INFO - DAG(s) dict_keys(['example_dag_decorator']) retrieved from /home/airflow/.local/lib/python3.7/site-packages/airflow/example_dags/example_dag_decorator.py
[2022-05-23 18:06:33,033] {logging_mixin.py:115} INFO - [2022-05-23 18:06:33,033] {dag.py:2371} INFO - Sync 1 DAGs
[2022-05-23 18:06:33,066] {logging_mixin.py:115} INFO - [2022-05-23 18:06:33,066] {dag.py:2919} INFO - Setting next_dagrun for example_dag_decorator to None, run_after=None
[2022-05-23 18:06:33,383] {processor.py:161} INFO - Processing /home/airflow/.local/lib/python3.7/site-packages/airflow/example_dags/example_dag_decorator.py took 0.777 seconds
[2022-05-23 18:07:03,683] {processor.py:153} INFO - Started process (PID=434) to work on /home/airflow/.local/lib/python3.7/site-packages/airflow/example_dags/example_dag_decorator.py
[2022-05-23 18:07:04,261] {processor.py:641} INFO - Processing file /home/airflow/.local/lib/python3.7/site-packages/airflow/example_dags/example_dag_decorator.py for tasks to queue
[2022-05-23 18:07:04,262] {logging_mixin.py:115} INFO - [2022-05-23 18:07:04,262] {dagbag.py:507} INFO - Filling up the DagBag from /home/airflow/.local/lib/python3.7/site-packages/airflow/example_dags/example_dag_decorator.py
[2022-05-23 18:07:04,438] {processor.py:651} INFO - DAG(s) dict_keys(['example_dag_decorator']) retrieved from /home/airflow/.local/lib/python3.7/site-packages/airflow/example_dags/example_dag_decorator.py
[2022-05-23 18:07:04,473] {logging_mixin.py:115} INFO - [2022-05-23 18:07:04,473] {dag.py:2371} INFO - Sync 1 DAGs
[2022-05-23 18:07:04,503] {logging_mixin.py:115} INFO - [2022-05-23 18:07:04,502] {dag.py:2919} INFO - Setting next_dagrun for example_dag_decorator to None, run_after=None
[2022-05-23 18:07:04,544] {processor.py:161} INFO - Processing /home/airflow/.local/lib/python3.7/site-packages/airflow/example_dags/example_dag_decorator.py took 0.864 seconds
[2022-05-23 18:07:34,658] {processor.py:153} INFO - Started process (PID=487) to work on /home/airflow/.local/lib/python3.7/site-packages/airflow/example_dags/example_dag_decorator.py
[2022-05-23 18:07:34,659] {processor.py:641} INFO - Processing file /home/airflow/.local/lib/python3.7/site-packages/airflow/example_dags/example_dag_decorator.py for tasks to queue
[2022-05-23 18:07:34,660] {logging_mixin.py:115} INFO - [2022-05-23 18:07:34,660] {dagbag.py:507} INFO - Filling up the DagBag from /home/airflow/.local/lib/python3.7/site-packages/airflow/example_dags/example_dag_decorator.py
[2022-05-23 18:07:34,830] {processor.py:651} INFO - DAG(s) dict_keys(['example_dag_decorator']) retrieved from /home/airflow/.local/lib/python3.7/site-packages/airflow/example_dags/example_dag_decorator.py
[2022-05-23 18:07:34,863] {logging_mixin.py:115} INFO - [2022-05-23 18:07:34,863] {dag.py:2371} INFO - Sync 1 DAGs
[2022-05-23 18:07:34,898] {logging_mixin.py:115} INFO - [2022-05-23 18:07:34,898] {dag.py:2919} INFO - Setting next_dagrun for example_dag_decorator to None, run_after=None
[2022-05-23 18:07:34,933] {processor.py:161} INFO - Processing /home/airflow/.local/lib/python3.7/site-packages/airflow/example_dags/example_dag_decorator.py took 0.280 seconds
[2022-05-23 18:08:06,631] {processor.py:153} INFO - Started process (PID=550) to work on /home/airflow/.local/lib/python3.7/site-packages/airflow/example_dags/example_dag_decorator.py
[2022-05-23 18:08:06,632] {processor.py:641} INFO - Processing file /home/airflow/.local/lib/python3.7/site-packages/airflow/example_dags/example_dag_decorator.py for tasks to queue
[2022-05-23 18:08:06,632] {logging_mixin.py:115} INFO - [2022-05-23 18:08:06,632] {dagbag.py:507} INFO - Filling up the DagBag from /home/airflow/.local/lib/python3.7/site-packages/airflow/example_dags/example_dag_decorator.py
[2022-05-23 18:08:06,780] {processor.py:651} INFO - DAG(s) dict_keys(['example_dag_decorator']) retrieved from /home/airflow/.local/lib/python3.7/site-packages/airflow/example_dags/example_dag_decorator.py
[2022-05-23 18:08:06,809] {logging_mixin.py:115} INFO - [2022-05-23 18:08:06,809] {dag.py:2371} INFO - Sync 1 DAGs
[2022-05-23 18:08:06,838] {logging_mixin.py:115} INFO - [2022-05-23 18:08:06,838] {dag.py:2919} INFO - Setting next_dagrun for example_dag_decorator to None, run_after=None
[2022-05-23 18:08:06,881] {processor.py:161} INFO - Processing /home/airflow/.local/lib/python3.7/site-packages/airflow/example_dags/example_dag_decorator.py took 0.254 seconds
[2022-05-23 18:08:39,227] {processor.py:153} INFO - Started process (PID=604) to work on /home/airflow/.local/lib/python3.7/site-packages/airflow/example_dags/example_dag_decorator.py
[2022-05-23 18:08:39,227] {processor.py:641} INFO - Processing file /home/airflow/.local/lib/python3.7/site-packages/airflow/example_dags/example_dag_decorator.py for tasks to queue
[2022-05-23 18:08:39,228] {logging_mixin.py:115} INFO - [2022-05-23 18:08:39,228] {dagbag.py:507} INFO - Filling up the DagBag from /home/airflow/.local/lib/python3.7/site-packages/airflow/example_dags/example_dag_decorator.py
[2022-05-23 18:08:39,262] {processor.py:651} INFO - DAG(s) dict_keys(['example_dag_decorator']) retrieved from /home/airflow/.local/lib/python3.7/site-packages/airflow/example_dags/example_dag_decorator.py
[2022-05-23 18:08:39,344] {logging_mixin.py:115} INFO - [2022-05-23 18:08:39,344] {dag.py:2371} INFO - Sync 1 DAGs
[2022-05-23 18:08:39,368] {logging_mixin.py:115} INFO - [2022-05-23 18:08:39,368] {dag.py:2919} INFO - Setting next_dagrun for example_dag_decorator to None, run_after=None
[2022-05-23 18:08:41,005] {processor.py:161} INFO - Processing /home/airflow/.local/lib/python3.7/site-packages/airflow/example_dags/example_dag_decorator.py took 1.782 seconds
[2022-05-23 18:09:11,837] {processor.py:153} INFO - Started process (PID=668) to work on /home/airflow/.local/lib/python3.7/site-packages/airflow/example_dags/example_dag_decorator.py
[2022-05-23 18:09:12,443] {processor.py:641} INFO - Processing file /home/airflow/.local/lib/python3.7/site-packages/airflow/example_dags/example_dag_decorator.py for tasks to queue
[2022-05-23 18:09:12,465] {logging_mixin.py:115} INFO - [2022-05-23 18:09:12,465] {dagbag.py:507} INFO - Filling up the DagBag from /home/airflow/.local/lib/python3.7/site-packages/airflow/example_dags/example_dag_decorator.py
[2022-05-23 18:09:12,503] {processor.py:651} INFO - DAG(s) dict_keys(['example_dag_decorator']) retrieved from /home/airflow/.local/lib/python3.7/site-packages/airflow/example_dags/example_dag_decorator.py
[2022-05-23 18:09:12,577] {logging_mixin.py:115} INFO - [2022-05-23 18:09:12,577] {dag.py:2371} INFO - Sync 1 DAGs
[2022-05-23 18:09:12,601] {logging_mixin.py:115} INFO - [2022-05-23 18:09:12,601] {dag.py:2919} INFO - Setting next_dagrun for example_dag_decorator to None, run_after=None
[2022-05-23 18:09:12,795] {processor.py:161} INFO - Processing /home/airflow/.local/lib/python3.7/site-packages/airflow/example_dags/example_dag_decorator.py took 0.961 seconds
[2022-05-23 18:09:43,232] {processor.py:153} INFO - Started process (PID=722) to work on /home/airflow/.local/lib/python3.7/site-packages/airflow/example_dags/example_dag_decorator.py
[2022-05-23 18:09:43,236] {processor.py:641} INFO - Processing file /home/airflow/.local/lib/python3.7/site-packages/airflow/example_dags/example_dag_decorator.py for tasks to queue
[2022-05-23 18:09:43,237] {logging_mixin.py:115} INFO - [2022-05-23 18:09:43,237] {dagbag.py:507} INFO - Filling up the DagBag from /home/airflow/.local/lib/python3.7/site-packages/airflow/example_dags/example_dag_decorator.py
[2022-05-23 18:09:43,273] {processor.py:651} INFO - DAG(s) dict_keys(['example_dag_decorator']) retrieved from /home/airflow/.local/lib/python3.7/site-packages/airflow/example_dags/example_dag_decorator.py
[2022-05-23 18:09:43,359] {logging_mixin.py:115} INFO - [2022-05-23 18:09:43,358] {dag.py:2371} INFO - Sync 1 DAGs
[2022-05-23 18:09:43,390] {logging_mixin.py:115} INFO - [2022-05-23 18:09:43,390] {dag.py:2919} INFO - Setting next_dagrun for example_dag_decorator to None, run_after=None
[2022-05-23 18:09:43,568] {processor.py:161} INFO - Processing /home/airflow/.local/lib/python3.7/site-packages/airflow/example_dags/example_dag_decorator.py took 0.346 seconds
[2022-05-23 18:10:13,640] {processor.py:153} INFO - Started process (PID=785) to work on /home/airflow/.local/lib/python3.7/site-packages/airflow/example_dags/example_dag_decorator.py
[2022-05-23 18:10:14,077] {processor.py:641} INFO - Processing file /home/airflow/.local/lib/python3.7/site-packages/airflow/example_dags/example_dag_decorator.py for tasks to queue
[2022-05-23 18:10:15,133] {logging_mixin.py:115} INFO - [2022-05-23 18:10:15,132] {dagbag.py:507} INFO - Filling up the DagBag from /home/airflow/.local/lib/python3.7/site-packages/airflow/example_dags/example_dag_decorator.py
[2022-05-23 18:10:15,166] {processor.py:651} INFO - DAG(s) dict_keys(['example_dag_decorator']) retrieved from /home/airflow/.local/lib/python3.7/site-packages/airflow/example_dags/example_dag_decorator.py
[2022-05-23 18:10:15,243] {logging_mixin.py:115} INFO - [2022-05-23 18:10:15,243] {dag.py:2371} INFO - Sync 1 DAGs
[2022-05-23 18:10:15,269] {logging_mixin.py:115} INFO - [2022-05-23 18:10:15,268] {dag.py:2919} INFO - Setting next_dagrun for example_dag_decorator to None, run_after=None
[2022-05-23 18:10:15,736] {processor.py:161} INFO - Processing /home/airflow/.local/lib/python3.7/site-packages/airflow/example_dags/example_dag_decorator.py took 2.103 seconds
[2022-05-23 18:10:46,651] {processor.py:153} INFO - Started process (PID=839) to work on /home/airflow/.local/lib/python3.7/site-packages/airflow/example_dags/example_dag_decorator.py
[2022-05-23 18:10:46,765] {processor.py:641} INFO - Processing file /home/airflow/.local/lib/python3.7/site-packages/airflow/example_dags/example_dag_decorator.py for tasks to queue
[2022-05-23 18:10:46,766] {logging_mixin.py:115} INFO - [2022-05-23 18:10:46,766] {dagbag.py:507} INFO - Filling up the DagBag from /home/airflow/.local/lib/python3.7/site-packages/airflow/example_dags/example_dag_decorator.py
[2022-05-23 18:10:46,791] {processor.py:651} INFO - DAG(s) dict_keys(['example_dag_decorator']) retrieved from /home/airflow/.local/lib/python3.7/site-packages/airflow/example_dags/example_dag_decorator.py
[2022-05-23 18:10:46,861] {logging_mixin.py:115} INFO - [2022-05-23 18:10:46,861] {dag.py:2371} INFO - Sync 1 DAGs
[2022-05-23 18:10:46,886] {logging_mixin.py:115} INFO - [2022-05-23 18:10:46,886] {dag.py:2919} INFO - Setting next_dagrun for example_dag_decorator to None, run_after=None
[2022-05-23 18:10:47,172] {processor.py:161} INFO - Processing /home/airflow/.local/lib/python3.7/site-packages/airflow/example_dags/example_dag_decorator.py took 0.524 seconds
[2022-05-23 18:11:17,366] {processor.py:153} INFO - Started process (PID=901) to work on /home/airflow/.local/lib/python3.7/site-packages/airflow/example_dags/example_dag_decorator.py
[2022-05-23 18:11:17,369] {processor.py:641} INFO - Processing file /home/airflow/.local/lib/python3.7/site-packages/airflow/example_dags/example_dag_decorator.py for tasks to queue
[2022-05-23 18:11:17,370] {logging_mixin.py:115} INFO - [2022-05-23 18:11:17,370] {dagbag.py:507} INFO - Filling up the DagBag from /home/airflow/.local/lib/python3.7/site-packages/airflow/example_dags/example_dag_decorator.py
[2022-05-23 18:11:17,400] {processor.py:651} INFO - DAG(s) dict_keys(['example_dag_decorator']) retrieved from /home/airflow/.local/lib/python3.7/site-packages/airflow/example_dags/example_dag_decorator.py
[2022-05-23 18:11:17,489] {logging_mixin.py:115} INFO - [2022-05-23 18:11:17,489] {dag.py:2371} INFO - Sync 1 DAGs
[2022-05-23 18:11:17,512] {logging_mixin.py:115} INFO - [2022-05-23 18:11:17,512] {dag.py:2919} INFO - Setting next_dagrun for example_dag_decorator to None, run_after=None
[2022-05-23 18:11:17,776] {processor.py:161} INFO - Processing /home/airflow/.local/lib/python3.7/site-packages/airflow/example_dags/example_dag_decorator.py took 0.414 seconds
[2022-05-23 18:11:47,887] {processor.py:153} INFO - Started process (PID=954) to work on /home/airflow/.local/lib/python3.7/site-packages/airflow/example_dags/example_dag_decorator.py
[2022-05-23 18:11:48,442] {processor.py:641} INFO - Processing file /home/airflow/.local/lib/python3.7/site-packages/airflow/example_dags/example_dag_decorator.py for tasks to queue
[2022-05-23 18:11:48,443] {logging_mixin.py:115} INFO - [2022-05-23 18:11:48,442] {dagbag.py:507} INFO - Filling up the DagBag from /home/airflow/.local/lib/python3.7/site-packages/airflow/example_dags/example_dag_decorator.py
[2022-05-23 18:11:48,475] {processor.py:651} INFO - DAG(s) dict_keys(['example_dag_decorator']) retrieved from /home/airflow/.local/lib/python3.7/site-packages/airflow/example_dags/example_dag_decorator.py
[2022-05-23 18:11:48,556] {logging_mixin.py:115} INFO - [2022-05-23 18:11:48,556] {dag.py:2371} INFO - Sync 1 DAGs
[2022-05-23 18:11:48,580] {logging_mixin.py:115} INFO - [2022-05-23 18:11:48,580] {dag.py:2919} INFO - Setting next_dagrun for example_dag_decorator to None, run_after=None
[2022-05-23 18:11:48,722] {processor.py:161} INFO - Processing /home/airflow/.local/lib/python3.7/site-packages/airflow/example_dags/example_dag_decorator.py took 0.838 seconds
[2022-05-23 18:12:19,556] {processor.py:153} INFO - Started process (PID=1017) to work on /home/airflow/.local/lib/python3.7/site-packages/airflow/example_dags/example_dag_decorator.py
[2022-05-23 18:12:19,640] {processor.py:641} INFO - Processing file /home/airflow/.local/lib/python3.7/site-packages/airflow/example_dags/example_dag_decorator.py for tasks to queue
[2022-05-23 18:12:19,659] {logging_mixin.py:115} INFO - [2022-05-23 18:12:19,659] {dagbag.py:507} INFO - Filling up the DagBag from /home/airflow/.local/lib/python3.7/site-packages/airflow/example_dags/example_dag_decorator.py
[2022-05-23 18:12:19,693] {processor.py:651} INFO - DAG(s) dict_keys(['example_dag_decorator']) retrieved from /home/airflow/.local/lib/python3.7/site-packages/airflow/example_dags/example_dag_decorator.py
[2022-05-23 18:12:19,778] {logging_mixin.py:115} INFO - [2022-05-23 18:12:19,778] {dag.py:2371} INFO - Sync 1 DAGs
[2022-05-23 18:12:19,802] {logging_mixin.py:115} INFO - [2022-05-23 18:12:19,802] {dag.py:2919} INFO - Setting next_dagrun for example_dag_decorator to None, run_after=None
[2022-05-23 18:12:19,977] {processor.py:161} INFO - Processing /home/airflow/.local/lib/python3.7/site-packages/airflow/example_dags/example_dag_decorator.py took 0.424 seconds
[2022-05-23 18:12:50,040] {processor.py:153} INFO - Started process (PID=1070) to work on /home/airflow/.local/lib/python3.7/site-packages/airflow/example_dags/example_dag_decorator.py
[2022-05-23 18:12:50,042] {processor.py:641} INFO - Processing file /home/airflow/.local/lib/python3.7/site-packages/airflow/example_dags/example_dag_decorator.py for tasks to queue
[2022-05-23 18:12:50,043] {logging_mixin.py:115} INFO - [2022-05-23 18:12:50,042] {dagbag.py:507} INFO - Filling up the DagBag from /home/airflow/.local/lib/python3.7/site-packages/airflow/example_dags/example_dag_decorator.py
[2022-05-23 18:12:50,079] {processor.py:651} INFO - DAG(s) dict_keys(['example_dag_decorator']) retrieved from /home/airflow/.local/lib/python3.7/site-packages/airflow/example_dags/example_dag_decorator.py
[2022-05-23 18:12:50,161] {logging_mixin.py:115} INFO - [2022-05-23 18:12:50,160] {dag.py:2371} INFO - Sync 1 DAGs
[2022-05-23 18:12:50,185] {logging_mixin.py:115} INFO - [2022-05-23 18:12:50,184] {dag.py:2919} INFO - Setting next_dagrun for example_dag_decorator to None, run_after=None
[2022-05-23 18:12:51,858] {processor.py:161} INFO - Processing /home/airflow/.local/lib/python3.7/site-packages/airflow/example_dags/example_dag_decorator.py took 1.828 seconds
[2022-05-23 18:13:22,367] {processor.py:153} INFO - Started process (PID=1124) to work on /home/airflow/.local/lib/python3.7/site-packages/airflow/example_dags/example_dag_decorator.py
[2022-05-23 18:13:23,024] {processor.py:641} INFO - Processing file /home/airflow/.local/lib/python3.7/site-packages/airflow/example_dags/example_dag_decorator.py for tasks to queue
[2022-05-23 18:13:23,026] {logging_mixin.py:115} INFO - [2022-05-23 18:13:23,026] {dagbag.py:507} INFO - Filling up the DagBag from /home/airflow/.local/lib/python3.7/site-packages/airflow/example_dags/example_dag_decorator.py
[2022-05-23 18:13:23,078] {processor.py:651} INFO - DAG(s) dict_keys(['example_dag_decorator']) retrieved from /home/airflow/.local/lib/python3.7/site-packages/airflow/example_dags/example_dag_decorator.py
[2022-05-23 18:13:23,157] {logging_mixin.py:115} INFO - [2022-05-23 18:13:23,157] {dag.py:2371} INFO - Sync 1 DAGs
[2022-05-23 18:13:23,182] {logging_mixin.py:115} INFO - [2022-05-23 18:13:23,182] {dag.py:2919} INFO - Setting next_dagrun for example_dag_decorator to None, run_after=None
[2022-05-23 18:13:24,093] {processor.py:161} INFO - Processing /home/airflow/.local/lib/python3.7/site-packages/airflow/example_dags/example_dag_decorator.py took 1.731 seconds
[2022-05-23 18:13:54,244] {processor.py:153} INFO - Started process (PID=1187) to work on /home/airflow/.local/lib/python3.7/site-packages/airflow/example_dags/example_dag_decorator.py
[2022-05-23 18:13:54,368] {processor.py:641} INFO - Processing file /home/airflow/.local/lib/python3.7/site-packages/airflow/example_dags/example_dag_decorator.py for tasks to queue
[2022-05-23 18:13:54,368] {logging_mixin.py:115} INFO - [2022-05-23 18:13:54,368] {dagbag.py:507} INFO - Filling up the DagBag from /home/airflow/.local/lib/python3.7/site-packages/airflow/example_dags/example_dag_decorator.py
[2022-05-23 18:13:54,518] {processor.py:651} INFO - DAG(s) dict_keys(['example_dag_decorator']) retrieved from /home/airflow/.local/lib/python3.7/site-packages/airflow/example_dags/example_dag_decorator.py
[2022-05-23 18:13:54,587] {logging_mixin.py:115} INFO - [2022-05-23 18:13:54,587] {dag.py:2371} INFO - Sync 1 DAGs
[2022-05-23 18:13:54,609] {logging_mixin.py:115} INFO - [2022-05-23 18:13:54,609] {dag.py:2919} INFO - Setting next_dagrun for example_dag_decorator to None, run_after=None
[2022-05-23 18:13:54,638] {processor.py:161} INFO - Processing /home/airflow/.local/lib/python3.7/site-packages/airflow/example_dags/example_dag_decorator.py took 0.398 seconds
[2022-05-23 18:14:25,455] {processor.py:153} INFO - Started process (PID=1241) to work on /home/airflow/.local/lib/python3.7/site-packages/airflow/example_dags/example_dag_decorator.py
[2022-05-23 18:14:25,456] {processor.py:641} INFO - Processing file /home/airflow/.local/lib/python3.7/site-packages/airflow/example_dags/example_dag_decorator.py for tasks to queue
[2022-05-23 18:14:25,456] {logging_mixin.py:115} INFO - [2022-05-23 18:14:25,456] {dagbag.py:507} INFO - Filling up the DagBag from /home/airflow/.local/lib/python3.7/site-packages/airflow/example_dags/example_dag_decorator.py
[2022-05-23 18:14:25,615] {processor.py:651} INFO - DAG(s) dict_keys(['example_dag_decorator']) retrieved from /home/airflow/.local/lib/python3.7/site-packages/airflow/example_dags/example_dag_decorator.py
[2022-05-23 18:14:25,687] {logging_mixin.py:115} INFO - [2022-05-23 18:14:25,687] {dag.py:2371} INFO - Sync 1 DAGs
[2022-05-23 18:14:25,709] {logging_mixin.py:115} INFO - [2022-05-23 18:14:25,709] {dag.py:2919} INFO - Setting next_dagrun for example_dag_decorator to None, run_after=None
[2022-05-23 18:14:25,742] {processor.py:161} INFO - Processing /home/airflow/.local/lib/python3.7/site-packages/airflow/example_dags/example_dag_decorator.py took 0.291 seconds
[2022-05-23 18:14:56,139] {processor.py:153} INFO - Started process (PID=1304) to work on /home/airflow/.local/lib/python3.7/site-packages/airflow/example_dags/example_dag_decorator.py
[2022-05-23 18:14:56,140] {processor.py:641} INFO - Processing file /home/airflow/.local/lib/python3.7/site-packages/airflow/example_dags/example_dag_decorator.py for tasks to queue
[2022-05-23 18:14:56,140] {logging_mixin.py:115} INFO - [2022-05-23 18:14:56,140] {dagbag.py:507} INFO - Filling up the DagBag from /home/airflow/.local/lib/python3.7/site-packages/airflow/example_dags/example_dag_decorator.py
[2022-05-23 18:14:56,273] {processor.py:651} INFO - DAG(s) dict_keys(['example_dag_decorator']) retrieved from /home/airflow/.local/lib/python3.7/site-packages/airflow/example_dags/example_dag_decorator.py
[2022-05-23 18:14:56,342] {logging_mixin.py:115} INFO - [2022-05-23 18:14:56,342] {dag.py:2371} INFO - Sync 1 DAGs
[2022-05-23 18:14:56,364] {logging_mixin.py:115} INFO - [2022-05-23 18:14:56,364] {dag.py:2919} INFO - Setting next_dagrun for example_dag_decorator to None, run_after=None
[2022-05-23 18:14:56,403] {processor.py:161} INFO - Processing /home/airflow/.local/lib/python3.7/site-packages/airflow/example_dags/example_dag_decorator.py took 0.267 seconds
[2022-05-23 18:15:26,734] {processor.py:153} INFO - Started process (PID=1359) to work on /home/airflow/.local/lib/python3.7/site-packages/airflow/example_dags/example_dag_decorator.py
[2022-05-23 18:15:26,735] {processor.py:641} INFO - Processing file /home/airflow/.local/lib/python3.7/site-packages/airflow/example_dags/example_dag_decorator.py for tasks to queue
[2022-05-23 18:15:26,736] {logging_mixin.py:115} INFO - [2022-05-23 18:15:26,736] {dagbag.py:507} INFO - Filling up the DagBag from /home/airflow/.local/lib/python3.7/site-packages/airflow/example_dags/example_dag_decorator.py
[2022-05-23 18:15:26,894] {processor.py:651} INFO - DAG(s) dict_keys(['example_dag_decorator']) retrieved from /home/airflow/.local/lib/python3.7/site-packages/airflow/example_dags/example_dag_decorator.py
[2022-05-23 18:15:26,965] {logging_mixin.py:115} INFO - [2022-05-23 18:15:26,965] {dag.py:2371} INFO - Sync 1 DAGs
[2022-05-23 18:15:26,989] {logging_mixin.py:115} INFO - [2022-05-23 18:15:26,989] {dag.py:2919} INFO - Setting next_dagrun for example_dag_decorator to None, run_after=None
[2022-05-23 18:15:27,028] {processor.py:161} INFO - Processing /home/airflow/.local/lib/python3.7/site-packages/airflow/example_dags/example_dag_decorator.py took 0.302 seconds
[2022-05-23 18:15:58,705] {processor.py:153} INFO - Started process (PID=1413) to work on /home/airflow/.local/lib/python3.7/site-packages/airflow/example_dags/example_dag_decorator.py
[2022-05-23 18:15:58,711] {processor.py:641} INFO - Processing file /home/airflow/.local/lib/python3.7/site-packages/airflow/example_dags/example_dag_decorator.py for tasks to queue
[2022-05-23 18:15:58,712] {logging_mixin.py:115} INFO - [2022-05-23 18:15:58,712] {dagbag.py:507} INFO - Filling up the DagBag from /home/airflow/.local/lib/python3.7/site-packages/airflow/example_dags/example_dag_decorator.py
[2022-05-23 18:15:58,883] {processor.py:651} INFO - DAG(s) dict_keys(['example_dag_decorator']) retrieved from /home/airflow/.local/lib/python3.7/site-packages/airflow/example_dags/example_dag_decorator.py
[2022-05-23 18:15:58,974] {logging_mixin.py:115} INFO - [2022-05-23 18:15:58,973] {dag.py:2371} INFO - Sync 1 DAGs
[2022-05-23 18:15:59,009] {logging_mixin.py:115} INFO - [2022-05-23 18:15:59,009] {dag.py:2919} INFO - Setting next_dagrun for example_dag_decorator to None, run_after=None
[2022-05-23 18:15:59,062] {processor.py:161} INFO - Processing /home/airflow/.local/lib/python3.7/site-packages/airflow/example_dags/example_dag_decorator.py took 0.361 seconds
[2022-05-23 18:16:31,085] {processor.py:153} INFO - Started process (PID=1475) to work on /home/airflow/.local/lib/python3.7/site-packages/airflow/example_dags/example_dag_decorator.py
[2022-05-23 18:16:31,085] {processor.py:641} INFO - Processing file /home/airflow/.local/lib/python3.7/site-packages/airflow/example_dags/example_dag_decorator.py for tasks to queue
[2022-05-23 18:16:31,086] {logging_mixin.py:115} INFO - [2022-05-23 18:16:31,086] {dagbag.py:507} INFO - Filling up the DagBag from /home/airflow/.local/lib/python3.7/site-packages/airflow/example_dags/example_dag_decorator.py
[2022-05-23 18:16:31,261] {processor.py:651} INFO - DAG(s) dict_keys(['example_dag_decorator']) retrieved from /home/airflow/.local/lib/python3.7/site-packages/airflow/example_dags/example_dag_decorator.py
[2022-05-23 18:16:31,287] {logging_mixin.py:115} INFO - [2022-05-23 18:16:31,287] {dag.py:2371} INFO - Sync 1 DAGs
[2022-05-23 18:16:31,312] {logging_mixin.py:115} INFO - [2022-05-23 18:16:31,312] {dag.py:2919} INFO - Setting next_dagrun for example_dag_decorator to None, run_after=None
[2022-05-23 18:16:31,348] {processor.py:161} INFO - Processing /home/airflow/.local/lib/python3.7/site-packages/airflow/example_dags/example_dag_decorator.py took 0.267 seconds
[2022-05-23 18:17:02,468] {processor.py:153} INFO - Started process (PID=1529) to work on /home/airflow/.local/lib/python3.7/site-packages/airflow/example_dags/example_dag_decorator.py
[2022-05-23 18:17:02,469] {processor.py:641} INFO - Processing file /home/airflow/.local/lib/python3.7/site-packages/airflow/example_dags/example_dag_decorator.py for tasks to queue
[2022-05-23 18:17:02,469] {logging_mixin.py:115} INFO - [2022-05-23 18:17:02,469] {dagbag.py:507} INFO - Filling up the DagBag from /home/airflow/.local/lib/python3.7/site-packages/airflow/example_dags/example_dag_decorator.py
[2022-05-23 18:17:02,638] {processor.py:651} INFO - DAG(s) dict_keys(['example_dag_decorator']) retrieved from /home/airflow/.local/lib/python3.7/site-packages/airflow/example_dags/example_dag_decorator.py
[2022-05-23 18:17:02,700] {logging_mixin.py:115} INFO - [2022-05-23 18:17:02,700] {dag.py:2371} INFO - Sync 1 DAGs
[2022-05-23 18:17:02,732] {logging_mixin.py:115} INFO - [2022-05-23 18:17:02,732] {dag.py:2919} INFO - Setting next_dagrun for example_dag_decorator to None, run_after=None
[2022-05-23 18:17:02,793] {processor.py:161} INFO - Processing /home/airflow/.local/lib/python3.7/site-packages/airflow/example_dags/example_dag_decorator.py took 0.328 seconds
[2022-05-23 18:17:36,247] {processor.py:153} INFO - Started process (PID=1592) to work on /home/airflow/.local/lib/python3.7/site-packages/airflow/example_dags/example_dag_decorator.py
[2022-05-23 18:17:36,486] {processor.py:641} INFO - Processing file /home/airflow/.local/lib/python3.7/site-packages/airflow/example_dags/example_dag_decorator.py for tasks to queue
[2022-05-23 18:17:36,718] {logging_mixin.py:115} INFO - [2022-05-23 18:17:36,718] {dagbag.py:507} INFO - Filling up the DagBag from /home/airflow/.local/lib/python3.7/site-packages/airflow/example_dags/example_dag_decorator.py
[2022-05-23 18:17:36,894] {processor.py:651} INFO - DAG(s) dict_keys(['example_dag_decorator']) retrieved from /home/airflow/.local/lib/python3.7/site-packages/airflow/example_dags/example_dag_decorator.py
[2022-05-23 18:17:36,921] {logging_mixin.py:115} INFO - [2022-05-23 18:17:36,921] {dag.py:2371} INFO - Sync 1 DAGs
[2022-05-23 18:17:36,944] {logging_mixin.py:115} INFO - [2022-05-23 18:17:36,944] {dag.py:2919} INFO - Setting next_dagrun for example_dag_decorator to None, run_after=None
[2022-05-23 18:17:37,206] {processor.py:161} INFO - Processing /home/airflow/.local/lib/python3.7/site-packages/airflow/example_dags/example_dag_decorator.py took 0.964 seconds
[2022-05-23 18:18:08,198] {processor.py:153} INFO - Started process (PID=1649) to work on /home/airflow/.local/lib/python3.7/site-packages/airflow/example_dags/example_dag_decorator.py
[2022-05-23 18:18:08,203] {processor.py:641} INFO - Processing file /home/airflow/.local/lib/python3.7/site-packages/airflow/example_dags/example_dag_decorator.py for tasks to queue
[2022-05-23 18:18:08,204] {logging_mixin.py:115} INFO - [2022-05-23 18:18:08,204] {dagbag.py:507} INFO - Filling up the DagBag from /home/airflow/.local/lib/python3.7/site-packages/airflow/example_dags/example_dag_decorator.py
[2022-05-23 18:18:08,365] {processor.py:651} INFO - DAG(s) dict_keys(['example_dag_decorator']) retrieved from /home/airflow/.local/lib/python3.7/site-packages/airflow/example_dags/example_dag_decorator.py
[2022-05-23 18:18:08,474] {logging_mixin.py:115} INFO - [2022-05-23 18:18:08,473] {dag.py:2371} INFO - Sync 1 DAGs
[2022-05-23 18:18:08,521] {logging_mixin.py:115} INFO - [2022-05-23 18:18:08,520] {dag.py:2919} INFO - Setting next_dagrun for example_dag_decorator to None, run_after=None
[2022-05-23 18:18:08,568] {processor.py:161} INFO - Processing /home/airflow/.local/lib/python3.7/site-packages/airflow/example_dags/example_dag_decorator.py took 0.374 seconds
[2022-05-23 18:21:05,029] {processor.py:153} INFO - Started process (PID=88) to work on /home/airflow/.local/lib/python3.7/site-packages/airflow/example_dags/example_dag_decorator.py
[2022-05-23 18:21:05,030] {processor.py:641} INFO - Processing file /home/airflow/.local/lib/python3.7/site-packages/airflow/example_dags/example_dag_decorator.py for tasks to queue
[2022-05-23 18:21:05,031] {logging_mixin.py:115} INFO - [2022-05-23 18:21:05,031] {dagbag.py:507} INFO - Filling up the DagBag from /home/airflow/.local/lib/python3.7/site-packages/airflow/example_dags/example_dag_decorator.py
[2022-05-23 18:21:05,294] {processor.py:651} INFO - DAG(s) dict_keys(['example_dag_decorator']) retrieved from /home/airflow/.local/lib/python3.7/site-packages/airflow/example_dags/example_dag_decorator.py
[2022-05-23 18:21:05,477] {logging_mixin.py:115} INFO - [2022-05-23 18:21:05,477] {dag.py:2371} INFO - Sync 1 DAGs
[2022-05-23 18:21:05,524] {logging_mixin.py:115} INFO - [2022-05-23 18:21:05,524] {dag.py:2919} INFO - Setting next_dagrun for example_dag_decorator to None, run_after=None
[2022-05-23 18:21:05,579] {processor.py:161} INFO - Processing /home/airflow/.local/lib/python3.7/site-packages/airflow/example_dags/example_dag_decorator.py took 0.557 seconds
[2022-05-23 18:21:38,224] {processor.py:153} INFO - Started process (PID=151) to work on /home/airflow/.local/lib/python3.7/site-packages/airflow/example_dags/example_dag_decorator.py
[2022-05-23 18:21:38,287] {processor.py:641} INFO - Processing file /home/airflow/.local/lib/python3.7/site-packages/airflow/example_dags/example_dag_decorator.py for tasks to queue
[2022-05-23 18:21:38,289] {logging_mixin.py:115} INFO - [2022-05-23 18:21:38,288] {dagbag.py:507} INFO - Filling up the DagBag from /home/airflow/.local/lib/python3.7/site-packages/airflow/example_dags/example_dag_decorator.py
[2022-05-23 18:21:38,443] {processor.py:651} INFO - DAG(s) dict_keys(['example_dag_decorator']) retrieved from /home/airflow/.local/lib/python3.7/site-packages/airflow/example_dags/example_dag_decorator.py
[2022-05-23 18:21:38,553] {logging_mixin.py:115} INFO - [2022-05-23 18:21:38,553] {dag.py:2371} INFO - Sync 1 DAGs
[2022-05-23 18:21:38,574] {logging_mixin.py:115} INFO - [2022-05-23 18:21:38,574] {dag.py:2919} INFO - Setting next_dagrun for example_dag_decorator to None, run_after=None
[2022-05-23 18:21:38,774] {processor.py:161} INFO - Processing /home/airflow/.local/lib/python3.7/site-packages/airflow/example_dags/example_dag_decorator.py took 0.562 seconds
[2022-05-23 18:22:10,157] {processor.py:153} INFO - Started process (PID=210) to work on /home/airflow/.local/lib/python3.7/site-packages/airflow/example_dags/example_dag_decorator.py
[2022-05-23 18:22:10,275] {processor.py:641} INFO - Processing file /home/airflow/.local/lib/python3.7/site-packages/airflow/example_dags/example_dag_decorator.py for tasks to queue
[2022-05-23 18:22:10,276] {logging_mixin.py:115} INFO - [2022-05-23 18:22:10,276] {dagbag.py:507} INFO - Filling up the DagBag from /home/airflow/.local/lib/python3.7/site-packages/airflow/example_dags/example_dag_decorator.py
[2022-05-23 18:22:10,435] {processor.py:651} INFO - DAG(s) dict_keys(['example_dag_decorator']) retrieved from /home/airflow/.local/lib/python3.7/site-packages/airflow/example_dags/example_dag_decorator.py
[2022-05-23 18:22:10,460] {logging_mixin.py:115} INFO - [2022-05-23 18:22:10,460] {dag.py:2371} INFO - Sync 1 DAGs
[2022-05-23 18:22:10,484] {logging_mixin.py:115} INFO - [2022-05-23 18:22:10,484] {dag.py:2919} INFO - Setting next_dagrun for example_dag_decorator to None, run_after=None
[2022-05-23 18:22:10,846] {processor.py:161} INFO - Processing /home/airflow/.local/lib/python3.7/site-packages/airflow/example_dags/example_dag_decorator.py took 0.692 seconds
[2022-05-23 18:22:41,539] {processor.py:153} INFO - Started process (PID=264) to work on /home/airflow/.local/lib/python3.7/site-packages/airflow/example_dags/example_dag_decorator.py
[2022-05-23 18:22:41,539] {processor.py:641} INFO - Processing file /home/airflow/.local/lib/python3.7/site-packages/airflow/example_dags/example_dag_decorator.py for tasks to queue
[2022-05-23 18:22:41,540] {logging_mixin.py:115} INFO - [2022-05-23 18:22:41,540] {dagbag.py:507} INFO - Filling up the DagBag from /home/airflow/.local/lib/python3.7/site-packages/airflow/example_dags/example_dag_decorator.py
[2022-05-23 18:22:41,688] {processor.py:651} INFO - DAG(s) dict_keys(['example_dag_decorator']) retrieved from /home/airflow/.local/lib/python3.7/site-packages/airflow/example_dags/example_dag_decorator.py
[2022-05-23 18:22:41,762] {logging_mixin.py:115} INFO - [2022-05-23 18:22:41,762] {dag.py:2371} INFO - Sync 1 DAGs
[2022-05-23 18:22:41,783] {logging_mixin.py:115} INFO - [2022-05-23 18:22:41,783] {dag.py:2919} INFO - Setting next_dagrun for example_dag_decorator to None, run_after=None
[2022-05-23 18:22:41,816] {processor.py:161} INFO - Processing /home/airflow/.local/lib/python3.7/site-packages/airflow/example_dags/example_dag_decorator.py took 0.281 seconds
