[2022-05-23 17:10:20,622] {processor.py:153} INFO - Started process (PID=99) to work on /home/airflow/.local/lib/python3.7/site-packages/airflow/example_dags/example_skip_dag.py
[2022-05-23 17:10:20,623] {processor.py:641} INFO - Processing file /home/airflow/.local/lib/python3.7/site-packages/airflow/example_dags/example_skip_dag.py for tasks to queue
[2022-05-23 17:10:20,623] {logging_mixin.py:115} INFO - [2022-05-23 17:10:20,623] {dagbag.py:507} INFO - Filling up the DagBag from /home/airflow/.local/lib/python3.7/site-packages/airflow/example_dags/example_skip_dag.py
[2022-05-23 17:10:20,630] {processor.py:651} INFO - DAG(s) dict_keys(['example_skip_dag']) retrieved from /home/airflow/.local/lib/python3.7/site-packages/airflow/example_dags/example_skip_dag.py
[2022-05-23 17:10:21,098] {logging_mixin.py:115} INFO - [2022-05-23 17:10:21,098] {manager.py:508} INFO - Created Permission View: can read on DAG:example_skip_dag
[2022-05-23 17:10:21,237] {logging_mixin.py:115} INFO - [2022-05-23 17:10:21,237] {manager.py:508} INFO - Created Permission View: can edit on DAG:example_skip_dag
[2022-05-23 17:10:21,344] {logging_mixin.py:115} INFO - [2022-05-23 17:10:21,344] {manager.py:508} INFO - Created Permission View: can delete on DAG:example_skip_dag
[2022-05-23 17:10:21,344] {logging_mixin.py:115} INFO - [2022-05-23 17:10:21,344] {dag.py:2371} INFO - Sync 1 DAGs
[2022-05-23 17:10:21,353] {logging_mixin.py:115} INFO - [2022-05-23 17:10:21,353] {dag.py:2390} INFO - Creating ORM DAG for example_skip_dag
[2022-05-23 17:10:21,367] {logging_mixin.py:115} INFO - [2022-05-23 17:10:21,366] {dag.py:2919} INFO - Setting next_dagrun for example_skip_dag to 2022-05-22T17:10:21.366617+00:00, run_after=2022-05-23T17:10:21.366617+00:00
[2022-05-23 17:10:21,557] {processor.py:161} INFO - Processing /home/airflow/.local/lib/python3.7/site-packages/airflow/example_dags/example_skip_dag.py took 0.938 seconds
[2022-05-23 17:10:52,653] {processor.py:153} INFO - Started process (PID=151) to work on /home/airflow/.local/lib/python3.7/site-packages/airflow/example_dags/example_skip_dag.py
[2022-05-23 17:10:52,752] {processor.py:641} INFO - Processing file /home/airflow/.local/lib/python3.7/site-packages/airflow/example_dags/example_skip_dag.py for tasks to queue
[2022-05-23 17:10:52,753] {logging_mixin.py:115} INFO - [2022-05-23 17:10:52,753] {dagbag.py:507} INFO - Filling up the DagBag from /home/airflow/.local/lib/python3.7/site-packages/airflow/example_dags/example_skip_dag.py
[2022-05-23 17:10:52,764] {processor.py:651} INFO - DAG(s) dict_keys(['example_skip_dag']) retrieved from /home/airflow/.local/lib/python3.7/site-packages/airflow/example_dags/example_skip_dag.py
[2022-05-23 17:10:52,800] {logging_mixin.py:115} INFO - [2022-05-23 17:10:52,800] {dag.py:2371} INFO - Sync 1 DAGs
[2022-05-23 17:10:52,834] {logging_mixin.py:115} INFO - [2022-05-23 17:10:52,834] {dag.py:2919} INFO - Setting next_dagrun for example_skip_dag to 2022-05-22T17:10:52.833886+00:00, run_after=2022-05-23T17:10:52.833886+00:00
[2022-05-23 17:10:53,210] {processor.py:161} INFO - Processing /home/airflow/.local/lib/python3.7/site-packages/airflow/example_dags/example_skip_dag.py took 0.560 seconds
[2022-05-23 17:11:23,231] {processor.py:153} INFO - Started process (PID=202) to work on /home/airflow/.local/lib/python3.7/site-packages/airflow/example_dags/example_skip_dag.py
[2022-05-23 17:11:23,260] {processor.py:641} INFO - Processing file /home/airflow/.local/lib/python3.7/site-packages/airflow/example_dags/example_skip_dag.py for tasks to queue
[2022-05-23 17:11:23,261] {logging_mixin.py:115} INFO - [2022-05-23 17:11:23,260] {dagbag.py:507} INFO - Filling up the DagBag from /home/airflow/.local/lib/python3.7/site-packages/airflow/example_dags/example_skip_dag.py
[2022-05-23 17:11:23,267] {processor.py:651} INFO - DAG(s) dict_keys(['example_skip_dag']) retrieved from /home/airflow/.local/lib/python3.7/site-packages/airflow/example_dags/example_skip_dag.py
[2022-05-23 17:11:23,298] {logging_mixin.py:115} INFO - [2022-05-23 17:11:23,298] {dag.py:2371} INFO - Sync 1 DAGs
[2022-05-23 17:11:23,327] {logging_mixin.py:115} INFO - [2022-05-23 17:11:23,327] {dag.py:2919} INFO - Setting next_dagrun for example_skip_dag to 2022-05-22T17:11:23.327128+00:00, run_after=2022-05-23T17:11:23.327128+00:00
[2022-05-23 17:11:23,389] {processor.py:161} INFO - Processing /home/airflow/.local/lib/python3.7/site-packages/airflow/example_dags/example_skip_dag.py took 0.162 seconds
[2022-05-23 17:11:54,867] {processor.py:153} INFO - Started process (PID=262) to work on /home/airflow/.local/lib/python3.7/site-packages/airflow/example_dags/example_skip_dag.py
[2022-05-23 17:11:54,981] {processor.py:641} INFO - Processing file /home/airflow/.local/lib/python3.7/site-packages/airflow/example_dags/example_skip_dag.py for tasks to queue
[2022-05-23 17:11:55,976] {logging_mixin.py:115} INFO - [2022-05-23 17:11:55,976] {process_utils.py:240} INFO - Waiting up to 5 seconds for processes to exit...
[2022-05-23 17:28:29,152] {processor.py:153} INFO - Started process (PID=81) to work on /home/airflow/.local/lib/python3.7/site-packages/airflow/example_dags/example_skip_dag.py
[2022-05-23 17:28:29,164] {processor.py:641} INFO - Processing file /home/airflow/.local/lib/python3.7/site-packages/airflow/example_dags/example_skip_dag.py for tasks to queue
[2022-05-23 17:28:29,165] {logging_mixin.py:115} INFO - [2022-05-23 17:28:29,165] {dagbag.py:507} INFO - Filling up the DagBag from /home/airflow/.local/lib/python3.7/site-packages/airflow/example_dags/example_skip_dag.py
[2022-05-23 17:28:29,171] {processor.py:651} INFO - DAG(s) dict_keys(['example_skip_dag']) retrieved from /home/airflow/.local/lib/python3.7/site-packages/airflow/example_dags/example_skip_dag.py
[2022-05-23 17:28:29,200] {logging_mixin.py:115} INFO - [2022-05-23 17:28:29,200] {dag.py:2371} INFO - Sync 1 DAGs
[2022-05-23 17:28:29,231] {logging_mixin.py:115} INFO - [2022-05-23 17:28:29,231] {dag.py:2919} INFO - Setting next_dagrun for example_skip_dag to 2022-05-22T17:28:29.231010+00:00, run_after=2022-05-23T17:28:29.231010+00:00
[2022-05-23 17:28:29,405] {processor.py:161} INFO - Processing /home/airflow/.local/lib/python3.7/site-packages/airflow/example_dags/example_skip_dag.py took 0.256 seconds
[2022-05-23 17:29:02,145] {processor.py:153} INFO - Started process (PID=143) to work on /home/airflow/.local/lib/python3.7/site-packages/airflow/example_dags/example_skip_dag.py
[2022-05-23 17:29:02,145] {processor.py:641} INFO - Processing file /home/airflow/.local/lib/python3.7/site-packages/airflow/example_dags/example_skip_dag.py for tasks to queue
[2022-05-23 17:29:02,146] {logging_mixin.py:115} INFO - [2022-05-23 17:29:02,146] {dagbag.py:507} INFO - Filling up the DagBag from /home/airflow/.local/lib/python3.7/site-packages/airflow/example_dags/example_skip_dag.py
[2022-05-23 17:29:02,152] {processor.py:651} INFO - DAG(s) dict_keys(['example_skip_dag']) retrieved from /home/airflow/.local/lib/python3.7/site-packages/airflow/example_dags/example_skip_dag.py
[2022-05-23 17:29:02,183] {logging_mixin.py:115} INFO - [2022-05-23 17:29:02,183] {dag.py:2371} INFO - Sync 1 DAGs
[2022-05-23 17:29:02,264] {logging_mixin.py:115} INFO - [2022-05-23 17:29:02,264] {dag.py:2919} INFO - Setting next_dagrun for example_skip_dag to 2022-05-22T17:29:02.264402+00:00, run_after=2022-05-23T17:29:02.264402+00:00
[2022-05-23 17:29:02,327] {processor.py:161} INFO - Processing /home/airflow/.local/lib/python3.7/site-packages/airflow/example_dags/example_skip_dag.py took 0.186 seconds
[2022-05-23 17:29:34,136] {processor.py:153} INFO - Started process (PID=198) to work on /home/airflow/.local/lib/python3.7/site-packages/airflow/example_dags/example_skip_dag.py
[2022-05-23 17:29:34,292] {processor.py:641} INFO - Processing file /home/airflow/.local/lib/python3.7/site-packages/airflow/example_dags/example_skip_dag.py for tasks to queue
[2022-05-23 17:29:34,295] {logging_mixin.py:115} INFO - [2022-05-23 17:29:34,294] {dagbag.py:507} INFO - Filling up the DagBag from /home/airflow/.local/lib/python3.7/site-packages/airflow/example_dags/example_skip_dag.py
[2022-05-23 17:29:34,302] {processor.py:651} INFO - DAG(s) dict_keys(['example_skip_dag']) retrieved from /home/airflow/.local/lib/python3.7/site-packages/airflow/example_dags/example_skip_dag.py
[2022-05-23 17:29:34,333] {logging_mixin.py:115} INFO - [2022-05-23 17:29:34,333] {dag.py:2371} INFO - Sync 1 DAGs
[2022-05-23 17:29:34,362] {logging_mixin.py:115} INFO - [2022-05-23 17:29:34,362] {dag.py:2919} INFO - Setting next_dagrun for example_skip_dag to 2022-05-22T17:29:34.362255+00:00, run_after=2022-05-23T17:29:34.362255+00:00
[2022-05-23 17:29:34,860] {processor.py:161} INFO - Processing /home/airflow/.local/lib/python3.7/site-packages/airflow/example_dags/example_skip_dag.py took 0.728 seconds
[2022-05-23 17:30:05,678] {processor.py:153} INFO - Started process (PID=262) to work on /home/airflow/.local/lib/python3.7/site-packages/airflow/example_dags/example_skip_dag.py
[2022-05-23 17:30:05,808] {processor.py:641} INFO - Processing file /home/airflow/.local/lib/python3.7/site-packages/airflow/example_dags/example_skip_dag.py for tasks to queue
[2022-05-23 17:30:05,809] {logging_mixin.py:115} INFO - [2022-05-23 17:30:05,809] {dagbag.py:507} INFO - Filling up the DagBag from /home/airflow/.local/lib/python3.7/site-packages/airflow/example_dags/example_skip_dag.py
[2022-05-23 17:30:05,818] {processor.py:651} INFO - DAG(s) dict_keys(['example_skip_dag']) retrieved from /home/airflow/.local/lib/python3.7/site-packages/airflow/example_dags/example_skip_dag.py
[2022-05-23 17:30:05,863] {logging_mixin.py:115} INFO - [2022-05-23 17:30:05,863] {dag.py:2371} INFO - Sync 1 DAGs
[2022-05-23 17:30:05,902] {logging_mixin.py:115} INFO - [2022-05-23 17:30:05,902] {dag.py:2919} INFO - Setting next_dagrun for example_skip_dag to 2022-05-22T17:30:05.902199+00:00, run_after=2022-05-23T17:30:05.902199+00:00
[2022-05-23 17:30:06,395] {processor.py:161} INFO - Processing /home/airflow/.local/lib/python3.7/site-packages/airflow/example_dags/example_skip_dag.py took 0.721 seconds
[2022-05-23 17:30:37,078] {processor.py:153} INFO - Started process (PID=315) to work on /home/airflow/.local/lib/python3.7/site-packages/airflow/example_dags/example_skip_dag.py
[2022-05-23 17:30:37,078] {processor.py:641} INFO - Processing file /home/airflow/.local/lib/python3.7/site-packages/airflow/example_dags/example_skip_dag.py for tasks to queue
[2022-05-23 17:30:37,079] {logging_mixin.py:115} INFO - [2022-05-23 17:30:37,079] {dagbag.py:507} INFO - Filling up the DagBag from /home/airflow/.local/lib/python3.7/site-packages/airflow/example_dags/example_skip_dag.py
[2022-05-23 17:30:37,087] {processor.py:651} INFO - DAG(s) dict_keys(['example_skip_dag']) retrieved from /home/airflow/.local/lib/python3.7/site-packages/airflow/example_dags/example_skip_dag.py
[2022-05-23 17:30:37,118] {logging_mixin.py:115} INFO - [2022-05-23 17:30:37,118] {dag.py:2371} INFO - Sync 1 DAGs
[2022-05-23 17:30:37,148] {logging_mixin.py:115} INFO - [2022-05-23 17:30:37,148] {dag.py:2919} INFO - Setting next_dagrun for example_skip_dag to 2022-05-22T17:30:37.147672+00:00, run_after=2022-05-23T17:30:37.147672+00:00
[2022-05-23 17:30:37,191] {processor.py:161} INFO - Processing /home/airflow/.local/lib/python3.7/site-packages/airflow/example_dags/example_skip_dag.py took 0.118 seconds
[2022-05-23 17:31:07,294] {processor.py:153} INFO - Started process (PID=370) to work on /home/airflow/.local/lib/python3.7/site-packages/airflow/example_dags/example_skip_dag.py
[2022-05-23 17:31:07,883] {processor.py:641} INFO - Processing file /home/airflow/.local/lib/python3.7/site-packages/airflow/example_dags/example_skip_dag.py for tasks to queue
[2022-05-23 17:31:07,884] {logging_mixin.py:115} INFO - [2022-05-23 17:31:07,884] {dagbag.py:507} INFO - Filling up the DagBag from /home/airflow/.local/lib/python3.7/site-packages/airflow/example_dags/example_skip_dag.py
[2022-05-23 17:31:07,902] {processor.py:651} INFO - DAG(s) dict_keys(['example_skip_dag']) retrieved from /home/airflow/.local/lib/python3.7/site-packages/airflow/example_dags/example_skip_dag.py
[2022-05-23 17:31:07,941] {logging_mixin.py:115} INFO - [2022-05-23 17:31:07,941] {dag.py:2371} INFO - Sync 1 DAGs
[2022-05-23 17:31:07,970] {logging_mixin.py:115} INFO - [2022-05-23 17:31:07,969] {dag.py:2919} INFO - Setting next_dagrun for example_skip_dag to 2022-05-22T17:31:07.969627+00:00, run_after=2022-05-23T17:31:07.969627+00:00
[2022-05-23 17:31:08,016] {processor.py:161} INFO - Processing /home/airflow/.local/lib/python3.7/site-packages/airflow/example_dags/example_skip_dag.py took 0.725 seconds
[2022-05-23 17:31:38,049] {processor.py:153} INFO - Started process (PID=432) to work on /home/airflow/.local/lib/python3.7/site-packages/airflow/example_dags/example_skip_dag.py
[2022-05-23 17:31:38,050] {processor.py:641} INFO - Processing file /home/airflow/.local/lib/python3.7/site-packages/airflow/example_dags/example_skip_dag.py for tasks to queue
[2022-05-23 17:31:38,050] {logging_mixin.py:115} INFO - [2022-05-23 17:31:38,050] {dagbag.py:507} INFO - Filling up the DagBag from /home/airflow/.local/lib/python3.7/site-packages/airflow/example_dags/example_skip_dag.py
[2022-05-23 17:31:38,057] {processor.py:651} INFO - DAG(s) dict_keys(['example_skip_dag']) retrieved from /home/airflow/.local/lib/python3.7/site-packages/airflow/example_dags/example_skip_dag.py
[2022-05-23 17:31:38,092] {logging_mixin.py:115} INFO - [2022-05-23 17:31:38,092] {dag.py:2371} INFO - Sync 1 DAGs
[2022-05-23 17:31:38,124] {logging_mixin.py:115} INFO - [2022-05-23 17:31:38,124] {dag.py:2919} INFO - Setting next_dagrun for example_skip_dag to 2022-05-22T17:31:38.123753+00:00, run_after=2022-05-23T17:31:38.123753+00:00
[2022-05-23 17:31:38,156] {processor.py:161} INFO - Processing /home/airflow/.local/lib/python3.7/site-packages/airflow/example_dags/example_skip_dag.py took 0.111 seconds
[2022-05-23 17:32:09,171] {processor.py:153} INFO - Started process (PID=486) to work on /home/airflow/.local/lib/python3.7/site-packages/airflow/example_dags/example_skip_dag.py
[2022-05-23 17:32:09,172] {processor.py:641} INFO - Processing file /home/airflow/.local/lib/python3.7/site-packages/airflow/example_dags/example_skip_dag.py for tasks to queue
[2022-05-23 17:32:09,172] {logging_mixin.py:115} INFO - [2022-05-23 17:32:09,172] {dagbag.py:507} INFO - Filling up the DagBag from /home/airflow/.local/lib/python3.7/site-packages/airflow/example_dags/example_skip_dag.py
[2022-05-23 17:32:09,177] {processor.py:651} INFO - DAG(s) dict_keys(['example_skip_dag']) retrieved from /home/airflow/.local/lib/python3.7/site-packages/airflow/example_dags/example_skip_dag.py
[2022-05-23 17:32:09,204] {logging_mixin.py:115} INFO - [2022-05-23 17:32:09,204] {dag.py:2371} INFO - Sync 1 DAGs
[2022-05-23 17:32:09,229] {logging_mixin.py:115} INFO - [2022-05-23 17:32:09,228] {dag.py:2919} INFO - Setting next_dagrun for example_skip_dag to 2022-05-22T17:32:09.228716+00:00, run_after=2022-05-23T17:32:09.228716+00:00
[2022-05-23 17:32:09,805] {processor.py:161} INFO - Processing /home/airflow/.local/lib/python3.7/site-packages/airflow/example_dags/example_skip_dag.py took 0.637 seconds
[2022-05-23 17:32:40,009] {processor.py:153} INFO - Started process (PID=549) to work on /home/airflow/.local/lib/python3.7/site-packages/airflow/example_dags/example_skip_dag.py
[2022-05-23 17:32:40,009] {processor.py:641} INFO - Processing file /home/airflow/.local/lib/python3.7/site-packages/airflow/example_dags/example_skip_dag.py for tasks to queue
[2022-05-23 17:32:40,010] {logging_mixin.py:115} INFO - [2022-05-23 17:32:40,010] {dagbag.py:507} INFO - Filling up the DagBag from /home/airflow/.local/lib/python3.7/site-packages/airflow/example_dags/example_skip_dag.py
[2022-05-23 17:32:40,016] {processor.py:651} INFO - DAG(s) dict_keys(['example_skip_dag']) retrieved from /home/airflow/.local/lib/python3.7/site-packages/airflow/example_dags/example_skip_dag.py
[2022-05-23 17:32:40,045] {logging_mixin.py:115} INFO - [2022-05-23 17:32:40,045] {dag.py:2371} INFO - Sync 1 DAGs
[2022-05-23 17:32:40,072] {logging_mixin.py:115} INFO - [2022-05-23 17:32:40,071] {dag.py:2919} INFO - Setting next_dagrun for example_skip_dag to 2022-05-22T17:32:40.071687+00:00, run_after=2022-05-23T17:32:40.071687+00:00
[2022-05-23 17:32:40,101] {processor.py:161} INFO - Processing /home/airflow/.local/lib/python3.7/site-packages/airflow/example_dags/example_skip_dag.py took 0.096 seconds
[2022-05-23 17:33:11,316] {processor.py:153} INFO - Started process (PID=603) to work on /home/airflow/.local/lib/python3.7/site-packages/airflow/example_dags/example_skip_dag.py
[2022-05-23 17:33:11,317] {processor.py:641} INFO - Processing file /home/airflow/.local/lib/python3.7/site-packages/airflow/example_dags/example_skip_dag.py for tasks to queue
[2022-05-23 17:33:11,318] {logging_mixin.py:115} INFO - [2022-05-23 17:33:11,318] {dagbag.py:507} INFO - Filling up the DagBag from /home/airflow/.local/lib/python3.7/site-packages/airflow/example_dags/example_skip_dag.py
[2022-05-23 17:33:11,325] {processor.py:651} INFO - DAG(s) dict_keys(['example_skip_dag']) retrieved from /home/airflow/.local/lib/python3.7/site-packages/airflow/example_dags/example_skip_dag.py
[2022-05-23 17:33:11,357] {logging_mixin.py:115} INFO - [2022-05-23 17:33:11,356] {dag.py:2371} INFO - Sync 1 DAGs
[2022-05-23 17:33:11,386] {logging_mixin.py:115} INFO - [2022-05-23 17:33:11,386] {dag.py:2919} INFO - Setting next_dagrun for example_skip_dag to 2022-05-22T17:33:11.385833+00:00, run_after=2022-05-23T17:33:11.385833+00:00
[2022-05-23 17:33:11,424] {processor.py:161} INFO - Processing /home/airflow/.local/lib/python3.7/site-packages/airflow/example_dags/example_skip_dag.py took 0.114 seconds
[2022-05-23 17:33:42,985] {processor.py:153} INFO - Started process (PID=668) to work on /home/airflow/.local/lib/python3.7/site-packages/airflow/example_dags/example_skip_dag.py
[2022-05-23 17:33:43,001] {processor.py:641} INFO - Processing file /home/airflow/.local/lib/python3.7/site-packages/airflow/example_dags/example_skip_dag.py for tasks to queue
[2022-05-23 17:33:43,002] {logging_mixin.py:115} INFO - [2022-05-23 17:33:43,002] {dagbag.py:507} INFO - Filling up the DagBag from /home/airflow/.local/lib/python3.7/site-packages/airflow/example_dags/example_skip_dag.py
[2022-05-23 17:33:43,010] {processor.py:651} INFO - DAG(s) dict_keys(['example_skip_dag']) retrieved from /home/airflow/.local/lib/python3.7/site-packages/airflow/example_dags/example_skip_dag.py
[2022-05-23 17:33:43,046] {logging_mixin.py:115} INFO - [2022-05-23 17:33:43,046] {dag.py:2371} INFO - Sync 1 DAGs
[2022-05-23 17:33:43,213] {logging_mixin.py:115} INFO - [2022-05-23 17:33:43,213] {dag.py:2919} INFO - Setting next_dagrun for example_skip_dag to 2022-05-22T17:33:43.213059+00:00, run_after=2022-05-23T17:33:43.213059+00:00
[2022-05-23 17:33:43,497] {processor.py:161} INFO - Processing /home/airflow/.local/lib/python3.7/site-packages/airflow/example_dags/example_skip_dag.py took 0.517 seconds
[2022-05-23 17:34:15,814] {processor.py:153} INFO - Started process (PID=722) to work on /home/airflow/.local/lib/python3.7/site-packages/airflow/example_dags/example_skip_dag.py
[2022-05-23 17:34:15,963] {processor.py:641} INFO - Processing file /home/airflow/.local/lib/python3.7/site-packages/airflow/example_dags/example_skip_dag.py for tasks to queue
[2022-05-23 17:34:15,966] {logging_mixin.py:115} INFO - [2022-05-23 17:34:15,965] {dagbag.py:507} INFO - Filling up the DagBag from /home/airflow/.local/lib/python3.7/site-packages/airflow/example_dags/example_skip_dag.py
[2022-05-23 17:34:15,991] {processor.py:651} INFO - DAG(s) dict_keys(['example_skip_dag']) retrieved from /home/airflow/.local/lib/python3.7/site-packages/airflow/example_dags/example_skip_dag.py
[2022-05-23 17:34:16,034] {logging_mixin.py:115} INFO - [2022-05-23 17:34:16,034] {dag.py:2371} INFO - Sync 1 DAGs
[2022-05-23 17:34:16,181] {logging_mixin.py:115} INFO - [2022-05-23 17:34:16,181] {dag.py:2919} INFO - Setting next_dagrun for example_skip_dag to 2022-05-22T17:34:16.181582+00:00, run_after=2022-05-23T17:34:16.181582+00:00
[2022-05-23 17:34:16,427] {processor.py:161} INFO - Processing /home/airflow/.local/lib/python3.7/site-packages/airflow/example_dags/example_skip_dag.py took 0.618 seconds
[2022-05-23 17:34:46,887] {processor.py:153} INFO - Started process (PID=789) to work on /home/airflow/.local/lib/python3.7/site-packages/airflow/example_dags/example_skip_dag.py
[2022-05-23 17:34:47,408] {processor.py:641} INFO - Processing file /home/airflow/.local/lib/python3.7/site-packages/airflow/example_dags/example_skip_dag.py for tasks to queue
[2022-05-23 17:34:47,409] {logging_mixin.py:115} INFO - [2022-05-23 17:34:47,409] {dagbag.py:507} INFO - Filling up the DagBag from /home/airflow/.local/lib/python3.7/site-packages/airflow/example_dags/example_skip_dag.py
[2022-05-23 17:34:47,414] {processor.py:651} INFO - DAG(s) dict_keys(['example_skip_dag']) retrieved from /home/airflow/.local/lib/python3.7/site-packages/airflow/example_dags/example_skip_dag.py
[2022-05-23 17:34:47,446] {logging_mixin.py:115} INFO - [2022-05-23 17:34:47,446] {dag.py:2371} INFO - Sync 1 DAGs
[2022-05-23 17:34:47,581] {logging_mixin.py:115} INFO - [2022-05-23 17:34:47,580] {dag.py:2919} INFO - Setting next_dagrun for example_skip_dag to 2022-05-22T17:34:47.580682+00:00, run_after=2022-05-23T17:34:47.580682+00:00
[2022-05-23 17:34:48,170] {processor.py:161} INFO - Processing /home/airflow/.local/lib/python3.7/site-packages/airflow/example_dags/example_skip_dag.py took 1.290 seconds
[2022-05-23 17:35:18,304] {processor.py:153} INFO - Started process (PID=844) to work on /home/airflow/.local/lib/python3.7/site-packages/airflow/example_dags/example_skip_dag.py
[2022-05-23 17:35:19,094] {processor.py:641} INFO - Processing file /home/airflow/.local/lib/python3.7/site-packages/airflow/example_dags/example_skip_dag.py for tasks to queue
[2022-05-23 17:35:19,113] {logging_mixin.py:115} INFO - [2022-05-23 17:35:19,113] {dagbag.py:507} INFO - Filling up the DagBag from /home/airflow/.local/lib/python3.7/site-packages/airflow/example_dags/example_skip_dag.py
[2022-05-23 17:35:19,122] {processor.py:651} INFO - DAG(s) dict_keys(['example_skip_dag']) retrieved from /home/airflow/.local/lib/python3.7/site-packages/airflow/example_dags/example_skip_dag.py
[2022-05-23 17:35:19,156] {logging_mixin.py:115} INFO - [2022-05-23 17:35:19,155] {dag.py:2371} INFO - Sync 1 DAGs
[2022-05-23 17:35:19,312] {logging_mixin.py:115} INFO - [2022-05-23 17:35:19,312] {dag.py:2919} INFO - Setting next_dagrun for example_skip_dag to 2022-05-22T17:35:19.311804+00:00, run_after=2022-05-23T17:35:19.311804+00:00
[2022-05-23 17:35:19,341] {processor.py:161} INFO - Processing /home/airflow/.local/lib/python3.7/site-packages/airflow/example_dags/example_skip_dag.py took 1.046 seconds
[2022-05-23 17:35:49,562] {processor.py:153} INFO - Started process (PID=907) to work on /home/airflow/.local/lib/python3.7/site-packages/airflow/example_dags/example_skip_dag.py
[2022-05-23 17:35:50,007] {processor.py:641} INFO - Processing file /home/airflow/.local/lib/python3.7/site-packages/airflow/example_dags/example_skip_dag.py for tasks to queue
[2022-05-23 17:35:50,008] {logging_mixin.py:115} INFO - [2022-05-23 17:35:50,008] {dagbag.py:507} INFO - Filling up the DagBag from /home/airflow/.local/lib/python3.7/site-packages/airflow/example_dags/example_skip_dag.py
[2022-05-23 17:35:50,015] {processor.py:651} INFO - DAG(s) dict_keys(['example_skip_dag']) retrieved from /home/airflow/.local/lib/python3.7/site-packages/airflow/example_dags/example_skip_dag.py
[2022-05-23 17:35:50,044] {logging_mixin.py:115} INFO - [2022-05-23 17:35:50,044] {dag.py:2371} INFO - Sync 1 DAGs
[2022-05-23 17:35:50,194] {logging_mixin.py:115} INFO - [2022-05-23 17:35:50,194] {dag.py:2919} INFO - Setting next_dagrun for example_skip_dag to 2022-05-22T17:35:50.194206+00:00, run_after=2022-05-23T17:35:50.194206+00:00
[2022-05-23 17:35:50,246] {processor.py:161} INFO - Processing /home/airflow/.local/lib/python3.7/site-packages/airflow/example_dags/example_skip_dag.py took 0.687 seconds
[2022-05-23 17:36:20,552] {processor.py:153} INFO - Started process (PID=961) to work on /home/airflow/.local/lib/python3.7/site-packages/airflow/example_dags/example_skip_dag.py
[2022-05-23 17:36:20,554] {processor.py:641} INFO - Processing file /home/airflow/.local/lib/python3.7/site-packages/airflow/example_dags/example_skip_dag.py for tasks to queue
[2022-05-23 17:36:20,555] {logging_mixin.py:115} INFO - [2022-05-23 17:36:20,555] {dagbag.py:507} INFO - Filling up the DagBag from /home/airflow/.local/lib/python3.7/site-packages/airflow/example_dags/example_skip_dag.py
[2022-05-23 17:36:20,576] {processor.py:651} INFO - DAG(s) dict_keys(['example_skip_dag']) retrieved from /home/airflow/.local/lib/python3.7/site-packages/airflow/example_dags/example_skip_dag.py
[2022-05-23 17:36:20,653] {logging_mixin.py:115} INFO - [2022-05-23 17:36:20,653] {dag.py:2371} INFO - Sync 1 DAGs
[2022-05-23 17:36:20,822] {logging_mixin.py:115} INFO - [2022-05-23 17:36:20,821] {dag.py:2919} INFO - Setting next_dagrun for example_skip_dag to 2022-05-22T17:36:20.821676+00:00, run_after=2022-05-23T17:36:20.821676+00:00
[2022-05-23 17:36:21,405] {processor.py:161} INFO - Processing /home/airflow/.local/lib/python3.7/site-packages/airflow/example_dags/example_skip_dag.py took 0.863 seconds
[2022-05-23 17:36:51,695] {processor.py:153} INFO - Started process (PID=1024) to work on /home/airflow/.local/lib/python3.7/site-packages/airflow/example_dags/example_skip_dag.py
[2022-05-23 17:36:51,695] {processor.py:641} INFO - Processing file /home/airflow/.local/lib/python3.7/site-packages/airflow/example_dags/example_skip_dag.py for tasks to queue
[2022-05-23 17:36:51,696] {logging_mixin.py:115} INFO - [2022-05-23 17:36:51,696] {dagbag.py:507} INFO - Filling up the DagBag from /home/airflow/.local/lib/python3.7/site-packages/airflow/example_dags/example_skip_dag.py
[2022-05-23 17:36:51,702] {processor.py:651} INFO - DAG(s) dict_keys(['example_skip_dag']) retrieved from /home/airflow/.local/lib/python3.7/site-packages/airflow/example_dags/example_skip_dag.py
[2022-05-23 17:36:51,740] {logging_mixin.py:115} INFO - [2022-05-23 17:36:51,740] {dag.py:2371} INFO - Sync 1 DAGs
[2022-05-23 17:36:51,921] {logging_mixin.py:115} INFO - [2022-05-23 17:36:51,920] {dag.py:2919} INFO - Setting next_dagrun for example_skip_dag to 2022-05-22T17:36:51.920604+00:00, run_after=2022-05-23T17:36:51.920604+00:00
[2022-05-23 17:36:51,958] {processor.py:161} INFO - Processing /home/airflow/.local/lib/python3.7/site-packages/airflow/example_dags/example_skip_dag.py took 0.267 seconds
[2022-05-23 17:49:33,326] {processor.py:153} INFO - Started process (PID=82) to work on /home/airflow/.local/lib/python3.7/site-packages/airflow/example_dags/example_skip_dag.py
[2022-05-23 17:49:33,332] {processor.py:641} INFO - Processing file /home/airflow/.local/lib/python3.7/site-packages/airflow/example_dags/example_skip_dag.py for tasks to queue
[2022-05-23 17:49:33,333] {logging_mixin.py:115} INFO - [2022-05-23 17:49:33,333] {dagbag.py:507} INFO - Filling up the DagBag from /home/airflow/.local/lib/python3.7/site-packages/airflow/example_dags/example_skip_dag.py
[2022-05-23 17:49:33,351] {processor.py:651} INFO - DAG(s) dict_keys(['example_skip_dag']) retrieved from /home/airflow/.local/lib/python3.7/site-packages/airflow/example_dags/example_skip_dag.py
[2022-05-23 17:49:33,435] {logging_mixin.py:115} INFO - [2022-05-23 17:49:33,435] {dag.py:2371} INFO - Sync 1 DAGs
[2022-05-23 17:49:33,690] {logging_mixin.py:115} INFO - [2022-05-23 17:49:33,690] {dag.py:2919} INFO - Setting next_dagrun for example_skip_dag to 2022-05-22T17:49:33.689637+00:00, run_after=2022-05-23T17:49:33.689637+00:00
[2022-05-23 17:49:33,773] {processor.py:161} INFO - Processing /home/airflow/.local/lib/python3.7/site-packages/airflow/example_dags/example_skip_dag.py took 0.454 seconds
[2022-05-23 17:50:03,960] {processor.py:153} INFO - Started process (PID=136) to work on /home/airflow/.local/lib/python3.7/site-packages/airflow/example_dags/example_skip_dag.py
[2022-05-23 17:50:03,961] {processor.py:641} INFO - Processing file /home/airflow/.local/lib/python3.7/site-packages/airflow/example_dags/example_skip_dag.py for tasks to queue
[2022-05-23 17:50:03,961] {logging_mixin.py:115} INFO - [2022-05-23 17:50:03,961] {dagbag.py:507} INFO - Filling up the DagBag from /home/airflow/.local/lib/python3.7/site-packages/airflow/example_dags/example_skip_dag.py
[2022-05-23 17:50:03,968] {processor.py:651} INFO - DAG(s) dict_keys(['example_skip_dag']) retrieved from /home/airflow/.local/lib/python3.7/site-packages/airflow/example_dags/example_skip_dag.py
[2022-05-23 17:50:04,006] {logging_mixin.py:115} INFO - [2022-05-23 17:50:04,006] {dag.py:2371} INFO - Sync 1 DAGs
[2022-05-23 17:50:04,154] {logging_mixin.py:115} INFO - [2022-05-23 17:50:04,154] {dag.py:2919} INFO - Setting next_dagrun for example_skip_dag to 2022-05-22T17:50:04.153979+00:00, run_after=2022-05-23T17:50:04.153979+00:00
[2022-05-23 17:50:04,192] {processor.py:161} INFO - Processing /home/airflow/.local/lib/python3.7/site-packages/airflow/example_dags/example_skip_dag.py took 0.235 seconds
[2022-05-23 17:50:36,511] {processor.py:153} INFO - Started process (PID=199) to work on /home/airflow/.local/lib/python3.7/site-packages/airflow/example_dags/example_skip_dag.py
[2022-05-23 17:50:36,512] {processor.py:641} INFO - Processing file /home/airflow/.local/lib/python3.7/site-packages/airflow/example_dags/example_skip_dag.py for tasks to queue
[2022-05-23 17:50:36,514] {logging_mixin.py:115} INFO - [2022-05-23 17:50:36,514] {dagbag.py:507} INFO - Filling up the DagBag from /home/airflow/.local/lib/python3.7/site-packages/airflow/example_dags/example_skip_dag.py
[2022-05-23 17:50:36,532] {processor.py:651} INFO - DAG(s) dict_keys(['example_skip_dag']) retrieved from /home/airflow/.local/lib/python3.7/site-packages/airflow/example_dags/example_skip_dag.py
[2022-05-23 17:50:36,633] {logging_mixin.py:115} INFO - [2022-05-23 17:50:36,632] {dag.py:2371} INFO - Sync 1 DAGs
[2022-05-23 17:50:36,825] {logging_mixin.py:115} INFO - [2022-05-23 17:50:36,825] {dag.py:2919} INFO - Setting next_dagrun for example_skip_dag to 2022-05-22T17:50:36.824811+00:00, run_after=2022-05-23T17:50:36.824811+00:00
[2022-05-23 17:50:36,985] {processor.py:161} INFO - Processing /home/airflow/.local/lib/python3.7/site-packages/airflow/example_dags/example_skip_dag.py took 0.484 seconds
[2022-05-23 17:51:07,042] {processor.py:153} INFO - Started process (PID=253) to work on /home/airflow/.local/lib/python3.7/site-packages/airflow/example_dags/example_skip_dag.py
[2022-05-23 17:51:07,043] {processor.py:641} INFO - Processing file /home/airflow/.local/lib/python3.7/site-packages/airflow/example_dags/example_skip_dag.py for tasks to queue
[2022-05-23 17:51:07,043] {logging_mixin.py:115} INFO - [2022-05-23 17:51:07,043] {dagbag.py:507} INFO - Filling up the DagBag from /home/airflow/.local/lib/python3.7/site-packages/airflow/example_dags/example_skip_dag.py
[2022-05-23 17:51:07,049] {processor.py:651} INFO - DAG(s) dict_keys(['example_skip_dag']) retrieved from /home/airflow/.local/lib/python3.7/site-packages/airflow/example_dags/example_skip_dag.py
[2022-05-23 17:51:07,085] {logging_mixin.py:115} INFO - [2022-05-23 17:51:07,085] {dag.py:2371} INFO - Sync 1 DAGs
[2022-05-23 17:51:07,234] {logging_mixin.py:115} INFO - [2022-05-23 17:51:07,234] {dag.py:2919} INFO - Setting next_dagrun for example_skip_dag to 2022-05-22T17:51:07.233908+00:00, run_after=2022-05-23T17:51:07.233908+00:00
[2022-05-23 17:51:07,264] {processor.py:161} INFO - Processing /home/airflow/.local/lib/python3.7/site-packages/airflow/example_dags/example_skip_dag.py took 0.225 seconds
[2022-05-23 17:51:37,932] {processor.py:153} INFO - Started process (PID=314) to work on /home/airflow/.local/lib/python3.7/site-packages/airflow/example_dags/example_skip_dag.py
[2022-05-23 17:51:37,933] {processor.py:641} INFO - Processing file /home/airflow/.local/lib/python3.7/site-packages/airflow/example_dags/example_skip_dag.py for tasks to queue
[2022-05-23 17:51:37,934] {logging_mixin.py:115} INFO - [2022-05-23 17:51:37,934] {dagbag.py:507} INFO - Filling up the DagBag from /home/airflow/.local/lib/python3.7/site-packages/airflow/example_dags/example_skip_dag.py
[2022-05-23 17:51:37,941] {processor.py:651} INFO - DAG(s) dict_keys(['example_skip_dag']) retrieved from /home/airflow/.local/lib/python3.7/site-packages/airflow/example_dags/example_skip_dag.py
[2022-05-23 17:51:37,977] {logging_mixin.py:115} INFO - [2022-05-23 17:51:37,977] {dag.py:2371} INFO - Sync 1 DAGs
[2022-05-23 17:51:38,142] {logging_mixin.py:115} INFO - [2022-05-23 17:51:38,142] {dag.py:2919} INFO - Setting next_dagrun for example_skip_dag to 2022-05-22T17:51:38.142606+00:00, run_after=2022-05-23T17:51:38.142606+00:00
[2022-05-23 17:51:38,171] {processor.py:161} INFO - Processing /home/airflow/.local/lib/python3.7/site-packages/airflow/example_dags/example_skip_dag.py took 0.242 seconds
[2022-05-23 17:52:08,447] {processor.py:153} INFO - Started process (PID=369) to work on /home/airflow/.local/lib/python3.7/site-packages/airflow/example_dags/example_skip_dag.py
[2022-05-23 17:52:08,448] {processor.py:641} INFO - Processing file /home/airflow/.local/lib/python3.7/site-packages/airflow/example_dags/example_skip_dag.py for tasks to queue
[2022-05-23 17:52:08,448] {logging_mixin.py:115} INFO - [2022-05-23 17:52:08,448] {dagbag.py:507} INFO - Filling up the DagBag from /home/airflow/.local/lib/python3.7/site-packages/airflow/example_dags/example_skip_dag.py
[2022-05-23 17:52:08,455] {processor.py:651} INFO - DAG(s) dict_keys(['example_skip_dag']) retrieved from /home/airflow/.local/lib/python3.7/site-packages/airflow/example_dags/example_skip_dag.py
[2022-05-23 17:52:08,496] {logging_mixin.py:115} INFO - [2022-05-23 17:52:08,495] {dag.py:2371} INFO - Sync 1 DAGs
[2022-05-23 17:52:08,655] {logging_mixin.py:115} INFO - [2022-05-23 17:52:08,655] {dag.py:2919} INFO - Setting next_dagrun for example_skip_dag to 2022-05-22T17:52:08.655414+00:00, run_after=2022-05-23T17:52:08.655414+00:00
[2022-05-23 17:52:08,692] {processor.py:161} INFO - Processing /home/airflow/.local/lib/python3.7/site-packages/airflow/example_dags/example_skip_dag.py took 0.249 seconds
[2022-05-23 17:52:38,820] {processor.py:153} INFO - Started process (PID=423) to work on /home/airflow/.local/lib/python3.7/site-packages/airflow/example_dags/example_skip_dag.py
[2022-05-23 17:52:38,821] {processor.py:641} INFO - Processing file /home/airflow/.local/lib/python3.7/site-packages/airflow/example_dags/example_skip_dag.py for tasks to queue
[2022-05-23 17:52:38,822] {logging_mixin.py:115} INFO - [2022-05-23 17:52:38,821] {dagbag.py:507} INFO - Filling up the DagBag from /home/airflow/.local/lib/python3.7/site-packages/airflow/example_dags/example_skip_dag.py
[2022-05-23 17:52:38,829] {processor.py:651} INFO - DAG(s) dict_keys(['example_skip_dag']) retrieved from /home/airflow/.local/lib/python3.7/site-packages/airflow/example_dags/example_skip_dag.py
[2022-05-23 17:52:38,866] {logging_mixin.py:115} INFO - [2022-05-23 17:52:38,866] {dag.py:2371} INFO - Sync 1 DAGs
[2022-05-23 17:52:39,032] {logging_mixin.py:115} INFO - [2022-05-23 17:52:39,032] {dag.py:2919} INFO - Setting next_dagrun for example_skip_dag to 2022-05-22T17:52:39.032535+00:00, run_after=2022-05-23T17:52:39.032535+00:00
[2022-05-23 17:52:39,986] {processor.py:161} INFO - Processing /home/airflow/.local/lib/python3.7/site-packages/airflow/example_dags/example_skip_dag.py took 1.170 seconds
[2022-05-23 17:53:12,818] {processor.py:153} INFO - Started process (PID=485) to work on /home/airflow/.local/lib/python3.7/site-packages/airflow/example_dags/example_skip_dag.py
[2022-05-23 17:53:12,819] {processor.py:641} INFO - Processing file /home/airflow/.local/lib/python3.7/site-packages/airflow/example_dags/example_skip_dag.py for tasks to queue
[2022-05-23 17:53:12,820] {logging_mixin.py:115} INFO - [2022-05-23 17:53:12,820] {dagbag.py:507} INFO - Filling up the DagBag from /home/airflow/.local/lib/python3.7/site-packages/airflow/example_dags/example_skip_dag.py
[2022-05-23 17:53:12,826] {processor.py:651} INFO - DAG(s) dict_keys(['example_skip_dag']) retrieved from /home/airflow/.local/lib/python3.7/site-packages/airflow/example_dags/example_skip_dag.py
[2022-05-23 17:53:12,862] {logging_mixin.py:115} INFO - [2022-05-23 17:53:12,862] {dag.py:2371} INFO - Sync 1 DAGs
[2022-05-23 17:53:13,010] {logging_mixin.py:115} INFO - [2022-05-23 17:53:13,010] {dag.py:2919} INFO - Setting next_dagrun for example_skip_dag to 2022-05-22T17:53:13.009743+00:00, run_after=2022-05-23T17:53:13.009743+00:00
[2022-05-23 17:53:13,049] {processor.py:161} INFO - Processing /home/airflow/.local/lib/python3.7/site-packages/airflow/example_dags/example_skip_dag.py took 0.235 seconds
[2022-05-23 17:53:43,318] {processor.py:153} INFO - Started process (PID=538) to work on /home/airflow/.local/lib/python3.7/site-packages/airflow/example_dags/example_skip_dag.py
[2022-05-23 17:53:43,319] {processor.py:641} INFO - Processing file /home/airflow/.local/lib/python3.7/site-packages/airflow/example_dags/example_skip_dag.py for tasks to queue
[2022-05-23 17:53:43,319] {logging_mixin.py:115} INFO - [2022-05-23 17:53:43,319] {dagbag.py:507} INFO - Filling up the DagBag from /home/airflow/.local/lib/python3.7/site-packages/airflow/example_dags/example_skip_dag.py
[2022-05-23 17:53:43,326] {processor.py:651} INFO - DAG(s) dict_keys(['example_skip_dag']) retrieved from /home/airflow/.local/lib/python3.7/site-packages/airflow/example_dags/example_skip_dag.py
[2022-05-23 17:53:43,364] {logging_mixin.py:115} INFO - [2022-05-23 17:53:43,364] {dag.py:2371} INFO - Sync 1 DAGs
[2022-05-23 17:53:43,539] {logging_mixin.py:115} INFO - [2022-05-23 17:53:43,539] {dag.py:2919} INFO - Setting next_dagrun for example_skip_dag to 2022-05-22T17:53:43.539201+00:00, run_after=2022-05-23T17:53:43.539201+00:00
[2022-05-23 17:53:43,606] {processor.py:161} INFO - Processing /home/airflow/.local/lib/python3.7/site-packages/airflow/example_dags/example_skip_dag.py took 0.291 seconds
[2022-05-23 17:54:14,624] {processor.py:153} INFO - Started process (PID=601) to work on /home/airflow/.local/lib/python3.7/site-packages/airflow/example_dags/example_skip_dag.py
[2022-05-23 17:54:14,648] {processor.py:641} INFO - Processing file /home/airflow/.local/lib/python3.7/site-packages/airflow/example_dags/example_skip_dag.py for tasks to queue
[2022-05-23 17:54:14,663] {logging_mixin.py:115} INFO - [2022-05-23 17:54:14,663] {dagbag.py:507} INFO - Filling up the DagBag from /home/airflow/.local/lib/python3.7/site-packages/airflow/example_dags/example_skip_dag.py
[2022-05-23 17:54:14,671] {processor.py:651} INFO - DAG(s) dict_keys(['example_skip_dag']) retrieved from /home/airflow/.local/lib/python3.7/site-packages/airflow/example_dags/example_skip_dag.py
[2022-05-23 17:54:14,711] {logging_mixin.py:115} INFO - [2022-05-23 17:54:14,711] {dag.py:2371} INFO - Sync 1 DAGs
[2022-05-23 17:54:17,486] {logging_mixin.py:115} INFO - [2022-05-23 17:54:17,486] {process_utils.py:240} INFO - Waiting up to 5 seconds for processes to exit...
[2022-05-23 18:03:50,578] {processor.py:153} INFO - Started process (PID=82) to work on /home/airflow/.local/lib/python3.7/site-packages/airflow/example_dags/example_skip_dag.py
[2022-05-23 18:03:50,687] {processor.py:641} INFO - Processing file /home/airflow/.local/lib/python3.7/site-packages/airflow/example_dags/example_skip_dag.py for tasks to queue
[2022-05-23 18:03:50,688] {logging_mixin.py:115} INFO - [2022-05-23 18:03:50,688] {dagbag.py:507} INFO - Filling up the DagBag from /home/airflow/.local/lib/python3.7/site-packages/airflow/example_dags/example_skip_dag.py
[2022-05-23 18:03:50,698] {processor.py:651} INFO - DAG(s) dict_keys(['example_skip_dag']) retrieved from /home/airflow/.local/lib/python3.7/site-packages/airflow/example_dags/example_skip_dag.py
[2022-05-23 18:03:50,736] {logging_mixin.py:115} INFO - [2022-05-23 18:03:50,736] {dag.py:2371} INFO - Sync 1 DAGs
[2022-05-23 18:03:50,906] {logging_mixin.py:115} INFO - [2022-05-23 18:03:50,906] {dag.py:2919} INFO - Setting next_dagrun for example_skip_dag to 2022-05-22T18:03:50.905749+00:00, run_after=2022-05-23T18:03:50.905749+00:00
[2022-05-23 18:03:51,544] {processor.py:161} INFO - Processing /home/airflow/.local/lib/python3.7/site-packages/airflow/example_dags/example_skip_dag.py took 0.970 seconds
[2022-05-23 18:04:22,282] {processor.py:153} INFO - Started process (PID=147) to work on /home/airflow/.local/lib/python3.7/site-packages/airflow/example_dags/example_skip_dag.py
[2022-05-23 18:04:22,369] {processor.py:641} INFO - Processing file /home/airflow/.local/lib/python3.7/site-packages/airflow/example_dags/example_skip_dag.py for tasks to queue
[2022-05-23 18:04:22,371] {logging_mixin.py:115} INFO - [2022-05-23 18:04:22,370] {dagbag.py:507} INFO - Filling up the DagBag from /home/airflow/.local/lib/python3.7/site-packages/airflow/example_dags/example_skip_dag.py
[2022-05-23 18:04:22,387] {processor.py:651} INFO - DAG(s) dict_keys(['example_skip_dag']) retrieved from /home/airflow/.local/lib/python3.7/site-packages/airflow/example_dags/example_skip_dag.py
[2022-05-23 18:04:22,465] {logging_mixin.py:115} INFO - [2022-05-23 18:04:22,465] {dag.py:2371} INFO - Sync 1 DAGs
[2022-05-23 18:04:22,605] {logging_mixin.py:115} INFO - [2022-05-23 18:04:22,605] {dag.py:2919} INFO - Setting next_dagrun for example_skip_dag to 2022-05-22T18:04:22.605464+00:00, run_after=2022-05-23T18:04:22.605464+00:00
[2022-05-23 18:04:22,823] {processor.py:161} INFO - Processing /home/airflow/.local/lib/python3.7/site-packages/airflow/example_dags/example_skip_dag.py took 0.553 seconds
[2022-05-23 18:04:54,253] {processor.py:153} INFO - Started process (PID=200) to work on /home/airflow/.local/lib/python3.7/site-packages/airflow/example_dags/example_skip_dag.py
[2022-05-23 18:04:54,393] {processor.py:641} INFO - Processing file /home/airflow/.local/lib/python3.7/site-packages/airflow/example_dags/example_skip_dag.py for tasks to queue
[2022-05-23 18:04:54,395] {logging_mixin.py:115} INFO - [2022-05-23 18:04:54,394] {dagbag.py:507} INFO - Filling up the DagBag from /home/airflow/.local/lib/python3.7/site-packages/airflow/example_dags/example_skip_dag.py
[2022-05-23 18:04:54,411] {processor.py:651} INFO - DAG(s) dict_keys(['example_skip_dag']) retrieved from /home/airflow/.local/lib/python3.7/site-packages/airflow/example_dags/example_skip_dag.py
[2022-05-23 18:04:54,479] {logging_mixin.py:115} INFO - [2022-05-23 18:04:54,479] {dag.py:2371} INFO - Sync 1 DAGs
[2022-05-23 18:04:54,617] {logging_mixin.py:115} INFO - [2022-05-23 18:04:54,617] {dag.py:2919} INFO - Setting next_dagrun for example_skip_dag to 2022-05-22T18:04:54.617335+00:00, run_after=2022-05-23T18:04:54.617335+00:00
[2022-05-23 18:04:55,308] {processor.py:161} INFO - Processing /home/airflow/.local/lib/python3.7/site-packages/airflow/example_dags/example_skip_dag.py took 1.059 seconds
[2022-05-23 18:05:26,206] {processor.py:153} INFO - Started process (PID=254) to work on /home/airflow/.local/lib/python3.7/site-packages/airflow/example_dags/example_skip_dag.py
[2022-05-23 18:05:27,325] {processor.py:641} INFO - Processing file /home/airflow/.local/lib/python3.7/site-packages/airflow/example_dags/example_skip_dag.py for tasks to queue
[2022-05-23 18:05:27,327] {logging_mixin.py:115} INFO - [2022-05-23 18:05:27,327] {dagbag.py:507} INFO - Filling up the DagBag from /home/airflow/.local/lib/python3.7/site-packages/airflow/example_dags/example_skip_dag.py
[2022-05-23 18:05:27,333] {processor.py:651} INFO - DAG(s) dict_keys(['example_skip_dag']) retrieved from /home/airflow/.local/lib/python3.7/site-packages/airflow/example_dags/example_skip_dag.py
[2022-05-23 18:05:27,366] {logging_mixin.py:115} INFO - [2022-05-23 18:05:27,366] {dag.py:2371} INFO - Sync 1 DAGs
[2022-05-23 18:05:27,519] {logging_mixin.py:115} INFO - [2022-05-23 18:05:27,519] {dag.py:2919} INFO - Setting next_dagrun for example_skip_dag to 2022-05-22T18:05:27.519084+00:00, run_after=2022-05-23T18:05:27.519084+00:00
[2022-05-23 18:05:27,930] {processor.py:161} INFO - Processing /home/airflow/.local/lib/python3.7/site-packages/airflow/example_dags/example_skip_dag.py took 1.727 seconds
[2022-05-23 18:05:58,782] {processor.py:153} INFO - Started process (PID=309) to work on /home/airflow/.local/lib/python3.7/site-packages/airflow/example_dags/example_skip_dag.py
[2022-05-23 18:05:58,991] {processor.py:641} INFO - Processing file /home/airflow/.local/lib/python3.7/site-packages/airflow/example_dags/example_skip_dag.py for tasks to queue
[2022-05-23 18:05:58,992] {logging_mixin.py:115} INFO - [2022-05-23 18:05:58,992] {dagbag.py:507} INFO - Filling up the DagBag from /home/airflow/.local/lib/python3.7/site-packages/airflow/example_dags/example_skip_dag.py
[2022-05-23 18:05:59,000] {processor.py:651} INFO - DAG(s) dict_keys(['example_skip_dag']) retrieved from /home/airflow/.local/lib/python3.7/site-packages/airflow/example_dags/example_skip_dag.py
[2022-05-23 18:05:59,035] {logging_mixin.py:115} INFO - [2022-05-23 18:05:59,035] {dag.py:2371} INFO - Sync 1 DAGs
[2022-05-23 18:05:59,190] {logging_mixin.py:115} INFO - [2022-05-23 18:05:59,190] {dag.py:2919} INFO - Setting next_dagrun for example_skip_dag to 2022-05-22T18:05:59.190527+00:00, run_after=2022-05-23T18:05:59.190527+00:00
[2022-05-23 18:05:59,442] {processor.py:161} INFO - Processing /home/airflow/.local/lib/python3.7/site-packages/airflow/example_dags/example_skip_dag.py took 0.665 seconds
[2022-05-23 18:06:29,481] {processor.py:153} INFO - Started process (PID=373) to work on /home/airflow/.local/lib/python3.7/site-packages/airflow/example_dags/example_skip_dag.py
[2022-05-23 18:06:29,481] {processor.py:641} INFO - Processing file /home/airflow/.local/lib/python3.7/site-packages/airflow/example_dags/example_skip_dag.py for tasks to queue
[2022-05-23 18:06:29,482] {logging_mixin.py:115} INFO - [2022-05-23 18:06:29,482] {dagbag.py:507} INFO - Filling up the DagBag from /home/airflow/.local/lib/python3.7/site-packages/airflow/example_dags/example_skip_dag.py
[2022-05-23 18:06:29,490] {processor.py:651} INFO - DAG(s) dict_keys(['example_skip_dag']) retrieved from /home/airflow/.local/lib/python3.7/site-packages/airflow/example_dags/example_skip_dag.py
[2022-05-23 18:06:29,535] {logging_mixin.py:115} INFO - [2022-05-23 18:06:29,535] {dag.py:2371} INFO - Sync 1 DAGs
[2022-05-23 18:06:29,709] {logging_mixin.py:115} INFO - [2022-05-23 18:06:29,709] {dag.py:2919} INFO - Setting next_dagrun for example_skip_dag to 2022-05-22T18:06:29.709031+00:00, run_after=2022-05-23T18:06:29.709031+00:00
[2022-05-23 18:06:29,745] {processor.py:161} INFO - Processing /home/airflow/.local/lib/python3.7/site-packages/airflow/example_dags/example_skip_dag.py took 0.268 seconds
[2022-05-23 18:07:00,501] {processor.py:153} INFO - Started process (PID=427) to work on /home/airflow/.local/lib/python3.7/site-packages/airflow/example_dags/example_skip_dag.py
[2022-05-23 18:07:00,530] {processor.py:641} INFO - Processing file /home/airflow/.local/lib/python3.7/site-packages/airflow/example_dags/example_skip_dag.py for tasks to queue
[2022-05-23 18:07:00,531] {logging_mixin.py:115} INFO - [2022-05-23 18:07:00,531] {dagbag.py:507} INFO - Filling up the DagBag from /home/airflow/.local/lib/python3.7/site-packages/airflow/example_dags/example_skip_dag.py
[2022-05-23 18:07:00,540] {processor.py:651} INFO - DAG(s) dict_keys(['example_skip_dag']) retrieved from /home/airflow/.local/lib/python3.7/site-packages/airflow/example_dags/example_skip_dag.py
[2022-05-23 18:07:00,589] {logging_mixin.py:115} INFO - [2022-05-23 18:07:00,589] {dag.py:2371} INFO - Sync 1 DAGs
[2022-05-23 18:07:00,754] {logging_mixin.py:115} INFO - [2022-05-23 18:07:00,754] {dag.py:2919} INFO - Setting next_dagrun for example_skip_dag to 2022-05-22T18:07:00.754469+00:00, run_after=2022-05-23T18:07:00.754469+00:00
[2022-05-23 18:07:01,078] {processor.py:161} INFO - Processing /home/airflow/.local/lib/python3.7/site-packages/airflow/example_dags/example_skip_dag.py took 0.581 seconds
[2022-05-23 18:07:31,224] {processor.py:153} INFO - Started process (PID=480) to work on /home/airflow/.local/lib/python3.7/site-packages/airflow/example_dags/example_skip_dag.py
[2022-05-23 18:07:31,224] {processor.py:641} INFO - Processing file /home/airflow/.local/lib/python3.7/site-packages/airflow/example_dags/example_skip_dag.py for tasks to queue
[2022-05-23 18:07:31,225] {logging_mixin.py:115} INFO - [2022-05-23 18:07:31,225] {dagbag.py:507} INFO - Filling up the DagBag from /home/airflow/.local/lib/python3.7/site-packages/airflow/example_dags/example_skip_dag.py
[2022-05-23 18:07:31,230] {processor.py:651} INFO - DAG(s) dict_keys(['example_skip_dag']) retrieved from /home/airflow/.local/lib/python3.7/site-packages/airflow/example_dags/example_skip_dag.py
[2022-05-23 18:07:31,264] {logging_mixin.py:115} INFO - [2022-05-23 18:07:31,264] {dag.py:2371} INFO - Sync 1 DAGs
[2022-05-23 18:07:31,433] {logging_mixin.py:115} INFO - [2022-05-23 18:07:31,433] {dag.py:2919} INFO - Setting next_dagrun for example_skip_dag to 2022-05-22T18:07:31.433230+00:00, run_after=2022-05-23T18:07:31.433230+00:00
[2022-05-23 18:07:32,816] {processor.py:161} INFO - Processing /home/airflow/.local/lib/python3.7/site-packages/airflow/example_dags/example_skip_dag.py took 1.595 seconds
[2022-05-23 18:08:03,451] {processor.py:153} INFO - Started process (PID=534) to work on /home/airflow/.local/lib/python3.7/site-packages/airflow/example_dags/example_skip_dag.py
[2022-05-23 18:08:04,072] {processor.py:641} INFO - Processing file /home/airflow/.local/lib/python3.7/site-packages/airflow/example_dags/example_skip_dag.py for tasks to queue
[2022-05-23 18:08:04,097] {logging_mixin.py:115} INFO - [2022-05-23 18:08:04,096] {dagbag.py:507} INFO - Filling up the DagBag from /home/airflow/.local/lib/python3.7/site-packages/airflow/example_dags/example_skip_dag.py
[2022-05-23 18:08:04,117] {processor.py:651} INFO - DAG(s) dict_keys(['example_skip_dag']) retrieved from /home/airflow/.local/lib/python3.7/site-packages/airflow/example_dags/example_skip_dag.py
[2022-05-23 18:08:04,159] {logging_mixin.py:115} INFO - [2022-05-23 18:08:04,159] {dag.py:2371} INFO - Sync 1 DAGs
[2022-05-23 18:08:04,310] {logging_mixin.py:115} INFO - [2022-05-23 18:08:04,310] {dag.py:2919} INFO - Setting next_dagrun for example_skip_dag to 2022-05-22T18:08:04.310355+00:00, run_after=2022-05-23T18:08:04.310355+00:00
[2022-05-23 18:08:05,586] {processor.py:161} INFO - Processing /home/airflow/.local/lib/python3.7/site-packages/airflow/example_dags/example_skip_dag.py took 2.143 seconds
[2022-05-23 18:08:35,754] {processor.py:153} INFO - Started process (PID=597) to work on /home/airflow/.local/lib/python3.7/site-packages/airflow/example_dags/example_skip_dag.py
[2022-05-23 18:08:35,967] {processor.py:641} INFO - Processing file /home/airflow/.local/lib/python3.7/site-packages/airflow/example_dags/example_skip_dag.py for tasks to queue
[2022-05-23 18:08:36,011] {logging_mixin.py:115} INFO - [2022-05-23 18:08:36,010] {dagbag.py:507} INFO - Filling up the DagBag from /home/airflow/.local/lib/python3.7/site-packages/airflow/example_dags/example_skip_dag.py
[2022-05-23 18:08:36,028] {processor.py:651} INFO - DAG(s) dict_keys(['example_skip_dag']) retrieved from /home/airflow/.local/lib/python3.7/site-packages/airflow/example_dags/example_skip_dag.py
[2022-05-23 18:08:36,066] {logging_mixin.py:115} INFO - [2022-05-23 18:08:36,066] {dag.py:2371} INFO - Sync 1 DAGs
[2022-05-23 18:08:36,238] {logging_mixin.py:115} INFO - [2022-05-23 18:08:36,238] {dag.py:2919} INFO - Setting next_dagrun for example_skip_dag to 2022-05-22T18:08:36.237889+00:00, run_after=2022-05-23T18:08:36.237889+00:00
[2022-05-23 18:08:36,315] {processor.py:161} INFO - Processing /home/airflow/.local/lib/python3.7/site-packages/airflow/example_dags/example_skip_dag.py took 0.565 seconds
[2022-05-23 18:09:06,724] {processor.py:153} INFO - Started process (PID=650) to work on /home/airflow/.local/lib/python3.7/site-packages/airflow/example_dags/example_skip_dag.py
[2022-05-23 18:09:06,725] {processor.py:641} INFO - Processing file /home/airflow/.local/lib/python3.7/site-packages/airflow/example_dags/example_skip_dag.py for tasks to queue
[2022-05-23 18:09:06,725] {logging_mixin.py:115} INFO - [2022-05-23 18:09:06,725] {dagbag.py:507} INFO - Filling up the DagBag from /home/airflow/.local/lib/python3.7/site-packages/airflow/example_dags/example_skip_dag.py
[2022-05-23 18:09:06,732] {processor.py:651} INFO - DAG(s) dict_keys(['example_skip_dag']) retrieved from /home/airflow/.local/lib/python3.7/site-packages/airflow/example_dags/example_skip_dag.py
[2022-05-23 18:09:06,768] {logging_mixin.py:115} INFO - [2022-05-23 18:09:06,768] {dag.py:2371} INFO - Sync 1 DAGs
[2022-05-23 18:09:06,797] {logging_mixin.py:115} INFO - [2022-05-23 18:09:06,797] {dag.py:2919} INFO - Setting next_dagrun for example_skip_dag to 2022-05-22T18:09:06.797357+00:00, run_after=2022-05-23T18:09:06.797357+00:00
[2022-05-23 18:09:06,827] {processor.py:161} INFO - Processing /home/airflow/.local/lib/python3.7/site-packages/airflow/example_dags/example_skip_dag.py took 0.107 seconds
[2022-05-23 18:09:36,988] {processor.py:153} INFO - Started process (PID=713) to work on /home/airflow/.local/lib/python3.7/site-packages/airflow/example_dags/example_skip_dag.py
[2022-05-23 18:09:36,989] {processor.py:641} INFO - Processing file /home/airflow/.local/lib/python3.7/site-packages/airflow/example_dags/example_skip_dag.py for tasks to queue
[2022-05-23 18:09:36,990] {logging_mixin.py:115} INFO - [2022-05-23 18:09:36,990] {dagbag.py:507} INFO - Filling up the DagBag from /home/airflow/.local/lib/python3.7/site-packages/airflow/example_dags/example_skip_dag.py
[2022-05-23 18:09:37,002] {processor.py:651} INFO - DAG(s) dict_keys(['example_skip_dag']) retrieved from /home/airflow/.local/lib/python3.7/site-packages/airflow/example_dags/example_skip_dag.py
[2022-05-23 18:09:37,046] {logging_mixin.py:115} INFO - [2022-05-23 18:09:37,046] {dag.py:2371} INFO - Sync 1 DAGs
[2022-05-23 18:09:37,077] {logging_mixin.py:115} INFO - [2022-05-23 18:09:37,077] {dag.py:2919} INFO - Setting next_dagrun for example_skip_dag to 2022-05-22T18:09:37.077186+00:00, run_after=2022-05-23T18:09:37.077186+00:00
[2022-05-23 18:09:37,139] {processor.py:161} INFO - Processing /home/airflow/.local/lib/python3.7/site-packages/airflow/example_dags/example_skip_dag.py took 0.158 seconds
[2022-05-23 18:10:07,276] {processor.py:153} INFO - Started process (PID=767) to work on /home/airflow/.local/lib/python3.7/site-packages/airflow/example_dags/example_skip_dag.py
[2022-05-23 18:10:07,308] {processor.py:641} INFO - Processing file /home/airflow/.local/lib/python3.7/site-packages/airflow/example_dags/example_skip_dag.py for tasks to queue
[2022-05-23 18:10:07,310] {logging_mixin.py:115} INFO - [2022-05-23 18:10:07,309] {dagbag.py:507} INFO - Filling up the DagBag from /home/airflow/.local/lib/python3.7/site-packages/airflow/example_dags/example_skip_dag.py
[2022-05-23 18:10:07,325] {processor.py:651} INFO - DAG(s) dict_keys(['example_skip_dag']) retrieved from /home/airflow/.local/lib/python3.7/site-packages/airflow/example_dags/example_skip_dag.py
[2022-05-23 18:10:07,366] {logging_mixin.py:115} INFO - [2022-05-23 18:10:07,366] {dag.py:2371} INFO - Sync 1 DAGs
[2022-05-23 18:10:07,394] {logging_mixin.py:115} INFO - [2022-05-23 18:10:07,393] {dag.py:2919} INFO - Setting next_dagrun for example_skip_dag to 2022-05-22T18:10:07.393647+00:00, run_after=2022-05-23T18:10:07.393647+00:00
[2022-05-23 18:10:07,453] {processor.py:161} INFO - Processing /home/airflow/.local/lib/python3.7/site-packages/airflow/example_dags/example_skip_dag.py took 0.187 seconds
[2022-05-23 18:10:37,622] {processor.py:153} INFO - Started process (PID=821) to work on /home/airflow/.local/lib/python3.7/site-packages/airflow/example_dags/example_skip_dag.py
[2022-05-23 18:10:37,725] {processor.py:641} INFO - Processing file /home/airflow/.local/lib/python3.7/site-packages/airflow/example_dags/example_skip_dag.py for tasks to queue
[2022-05-23 18:10:37,727] {logging_mixin.py:115} INFO - [2022-05-23 18:10:37,727] {dagbag.py:507} INFO - Filling up the DagBag from /home/airflow/.local/lib/python3.7/site-packages/airflow/example_dags/example_skip_dag.py
[2022-05-23 18:10:37,742] {processor.py:651} INFO - DAG(s) dict_keys(['example_skip_dag']) retrieved from /home/airflow/.local/lib/python3.7/site-packages/airflow/example_dags/example_skip_dag.py
[2022-05-23 18:10:37,786] {logging_mixin.py:115} INFO - [2022-05-23 18:10:37,786] {dag.py:2371} INFO - Sync 1 DAGs
[2022-05-23 18:10:37,813] {logging_mixin.py:115} INFO - [2022-05-23 18:10:37,813] {dag.py:2919} INFO - Setting next_dagrun for example_skip_dag to 2022-05-22T18:10:37.812840+00:00, run_after=2022-05-23T18:10:37.812840+00:00
[2022-05-23 18:10:37,846] {processor.py:161} INFO - Processing /home/airflow/.local/lib/python3.7/site-packages/airflow/example_dags/example_skip_dag.py took 0.227 seconds
[2022-05-23 18:11:09,032] {processor.py:153} INFO - Started process (PID=884) to work on /home/airflow/.local/lib/python3.7/site-packages/airflow/example_dags/example_skip_dag.py
[2022-05-23 18:11:09,032] {processor.py:641} INFO - Processing file /home/airflow/.local/lib/python3.7/site-packages/airflow/example_dags/example_skip_dag.py for tasks to queue
[2022-05-23 18:11:09,033] {logging_mixin.py:115} INFO - [2022-05-23 18:11:09,033] {dagbag.py:507} INFO - Filling up the DagBag from /home/airflow/.local/lib/python3.7/site-packages/airflow/example_dags/example_skip_dag.py
[2022-05-23 18:11:09,039] {processor.py:651} INFO - DAG(s) dict_keys(['example_skip_dag']) retrieved from /home/airflow/.local/lib/python3.7/site-packages/airflow/example_dags/example_skip_dag.py
[2022-05-23 18:11:09,072] {logging_mixin.py:115} INFO - [2022-05-23 18:11:09,072] {dag.py:2371} INFO - Sync 1 DAGs
[2022-05-23 18:11:09,101] {logging_mixin.py:115} INFO - [2022-05-23 18:11:09,101] {dag.py:2919} INFO - Setting next_dagrun for example_skip_dag to 2022-05-22T18:11:09.101368+00:00, run_after=2022-05-23T18:11:09.101368+00:00
[2022-05-23 18:11:09,127] {processor.py:161} INFO - Processing /home/airflow/.local/lib/python3.7/site-packages/airflow/example_dags/example_skip_dag.py took 0.099 seconds
[2022-05-23 18:11:40,010] {processor.py:153} INFO - Started process (PID=936) to work on /home/airflow/.local/lib/python3.7/site-packages/airflow/example_dags/example_skip_dag.py
[2022-05-23 18:11:40,017] {processor.py:641} INFO - Processing file /home/airflow/.local/lib/python3.7/site-packages/airflow/example_dags/example_skip_dag.py for tasks to queue
[2022-05-23 18:11:40,018] {logging_mixin.py:115} INFO - [2022-05-23 18:11:40,018] {dagbag.py:507} INFO - Filling up the DagBag from /home/airflow/.local/lib/python3.7/site-packages/airflow/example_dags/example_skip_dag.py
[2022-05-23 18:11:40,025] {processor.py:651} INFO - DAG(s) dict_keys(['example_skip_dag']) retrieved from /home/airflow/.local/lib/python3.7/site-packages/airflow/example_dags/example_skip_dag.py
[2022-05-23 18:11:40,065] {logging_mixin.py:115} INFO - [2022-05-23 18:11:40,064] {dag.py:2371} INFO - Sync 1 DAGs
[2022-05-23 18:11:40,108] {logging_mixin.py:115} INFO - [2022-05-23 18:11:40,107] {dag.py:2919} INFO - Setting next_dagrun for example_skip_dag to 2022-05-22T18:11:40.107483+00:00, run_after=2022-05-23T18:11:40.107483+00:00
[2022-05-23 18:11:40,171] {processor.py:161} INFO - Processing /home/airflow/.local/lib/python3.7/site-packages/airflow/example_dags/example_skip_dag.py took 0.166 seconds
[2022-05-23 18:12:13,564] {processor.py:153} INFO - Started process (PID=999) to work on /home/airflow/.local/lib/python3.7/site-packages/airflow/example_dags/example_skip_dag.py
[2022-05-23 18:12:13,574] {processor.py:641} INFO - Processing file /home/airflow/.local/lib/python3.7/site-packages/airflow/example_dags/example_skip_dag.py for tasks to queue
[2022-05-23 18:12:13,575] {logging_mixin.py:115} INFO - [2022-05-23 18:12:13,575] {dagbag.py:507} INFO - Filling up the DagBag from /home/airflow/.local/lib/python3.7/site-packages/airflow/example_dags/example_skip_dag.py
[2022-05-23 18:12:13,584] {processor.py:651} INFO - DAG(s) dict_keys(['example_skip_dag']) retrieved from /home/airflow/.local/lib/python3.7/site-packages/airflow/example_dags/example_skip_dag.py
[2022-05-23 18:12:13,621] {logging_mixin.py:115} INFO - [2022-05-23 18:12:13,621] {dag.py:2371} INFO - Sync 1 DAGs
[2022-05-23 18:12:13,648] {logging_mixin.py:115} INFO - [2022-05-23 18:12:13,648] {dag.py:2919} INFO - Setting next_dagrun for example_skip_dag to 2022-05-22T18:12:13.647789+00:00, run_after=2022-05-23T18:12:13.647789+00:00
[2022-05-23 18:12:13,682] {processor.py:161} INFO - Processing /home/airflow/.local/lib/python3.7/site-packages/airflow/example_dags/example_skip_dag.py took 0.121 seconds
[2022-05-23 18:12:45,369] {processor.py:153} INFO - Started process (PID=1061) to work on /home/airflow/.local/lib/python3.7/site-packages/airflow/example_dags/example_skip_dag.py
[2022-05-23 18:12:45,370] {processor.py:641} INFO - Processing file /home/airflow/.local/lib/python3.7/site-packages/airflow/example_dags/example_skip_dag.py for tasks to queue
[2022-05-23 18:12:45,371] {logging_mixin.py:115} INFO - [2022-05-23 18:12:45,370] {dagbag.py:507} INFO - Filling up the DagBag from /home/airflow/.local/lib/python3.7/site-packages/airflow/example_dags/example_skip_dag.py
[2022-05-23 18:12:45,376] {processor.py:651} INFO - DAG(s) dict_keys(['example_skip_dag']) retrieved from /home/airflow/.local/lib/python3.7/site-packages/airflow/example_dags/example_skip_dag.py
[2022-05-23 18:12:45,414] {logging_mixin.py:115} INFO - [2022-05-23 18:12:45,414] {dag.py:2371} INFO - Sync 1 DAGs
[2022-05-23 18:12:45,451] {logging_mixin.py:115} INFO - [2022-05-23 18:12:45,451] {dag.py:2919} INFO - Setting next_dagrun for example_skip_dag to 2022-05-22T18:12:45.451216+00:00, run_after=2022-05-23T18:12:45.451216+00:00
[2022-05-23 18:12:45,528] {processor.py:161} INFO - Processing /home/airflow/.local/lib/python3.7/site-packages/airflow/example_dags/example_skip_dag.py took 0.163 seconds
[2022-05-23 18:13:17,528] {processor.py:153} INFO - Started process (PID=1115) to work on /home/airflow/.local/lib/python3.7/site-packages/airflow/example_dags/example_skip_dag.py
[2022-05-23 18:13:17,631] {processor.py:641} INFO - Processing file /home/airflow/.local/lib/python3.7/site-packages/airflow/example_dags/example_skip_dag.py for tasks to queue
[2022-05-23 18:13:17,632] {logging_mixin.py:115} INFO - [2022-05-23 18:13:17,632] {dagbag.py:507} INFO - Filling up the DagBag from /home/airflow/.local/lib/python3.7/site-packages/airflow/example_dags/example_skip_dag.py
[2022-05-23 18:13:17,648] {processor.py:651} INFO - DAG(s) dict_keys(['example_skip_dag']) retrieved from /home/airflow/.local/lib/python3.7/site-packages/airflow/example_dags/example_skip_dag.py
[2022-05-23 18:13:17,687] {logging_mixin.py:115} INFO - [2022-05-23 18:13:17,686] {dag.py:2371} INFO - Sync 1 DAGs
[2022-05-23 18:13:17,718] {logging_mixin.py:115} INFO - [2022-05-23 18:13:17,718] {dag.py:2919} INFO - Setting next_dagrun for example_skip_dag to 2022-05-22T18:13:17.718080+00:00, run_after=2022-05-23T18:13:17.718080+00:00
[2022-05-23 18:13:17,939] {processor.py:161} INFO - Processing /home/airflow/.local/lib/python3.7/site-packages/airflow/example_dags/example_skip_dag.py took 0.416 seconds
[2022-05-23 18:13:49,032] {processor.py:153} INFO - Started process (PID=1169) to work on /home/airflow/.local/lib/python3.7/site-packages/airflow/example_dags/example_skip_dag.py
[2022-05-23 18:13:49,050] {processor.py:641} INFO - Processing file /home/airflow/.local/lib/python3.7/site-packages/airflow/example_dags/example_skip_dag.py for tasks to queue
[2022-05-23 18:13:49,051] {logging_mixin.py:115} INFO - [2022-05-23 18:13:49,050] {dagbag.py:507} INFO - Filling up the DagBag from /home/airflow/.local/lib/python3.7/site-packages/airflow/example_dags/example_skip_dag.py
[2022-05-23 18:13:49,060] {processor.py:651} INFO - DAG(s) dict_keys(['example_skip_dag']) retrieved from /home/airflow/.local/lib/python3.7/site-packages/airflow/example_dags/example_skip_dag.py
[2022-05-23 18:13:49,236] {logging_mixin.py:115} INFO - [2022-05-23 18:13:49,235] {dag.py:2371} INFO - Sync 1 DAGs
[2022-05-23 18:13:49,266] {logging_mixin.py:115} INFO - [2022-05-23 18:13:49,266] {dag.py:2919} INFO - Setting next_dagrun for example_skip_dag to 2022-05-22T18:13:49.266446+00:00, run_after=2022-05-23T18:13:49.266446+00:00
[2022-05-23 18:13:49,317] {processor.py:161} INFO - Processing /home/airflow/.local/lib/python3.7/site-packages/airflow/example_dags/example_skip_dag.py took 0.290 seconds
[2022-05-23 18:14:21,267] {processor.py:153} INFO - Started process (PID=1232) to work on /home/airflow/.local/lib/python3.7/site-packages/airflow/example_dags/example_skip_dag.py
[2022-05-23 18:14:21,267] {processor.py:641} INFO - Processing file /home/airflow/.local/lib/python3.7/site-packages/airflow/example_dags/example_skip_dag.py for tasks to queue
[2022-05-23 18:14:21,268] {logging_mixin.py:115} INFO - [2022-05-23 18:14:21,268] {dagbag.py:507} INFO - Filling up the DagBag from /home/airflow/.local/lib/python3.7/site-packages/airflow/example_dags/example_skip_dag.py
[2022-05-23 18:14:21,274] {processor.py:651} INFO - DAG(s) dict_keys(['example_skip_dag']) retrieved from /home/airflow/.local/lib/python3.7/site-packages/airflow/example_dags/example_skip_dag.py
[2022-05-23 18:14:21,429] {logging_mixin.py:115} INFO - [2022-05-23 18:14:21,429] {dag.py:2371} INFO - Sync 1 DAGs
[2022-05-23 18:14:21,455] {logging_mixin.py:115} INFO - [2022-05-23 18:14:21,455] {dag.py:2919} INFO - Setting next_dagrun for example_skip_dag to 2022-05-22T18:14:21.454924+00:00, run_after=2022-05-23T18:14:21.454924+00:00
[2022-05-23 18:14:21,496] {processor.py:161} INFO - Processing /home/airflow/.local/lib/python3.7/site-packages/airflow/example_dags/example_skip_dag.py took 0.233 seconds
[2022-05-23 18:14:51,938] {processor.py:153} INFO - Started process (PID=1286) to work on /home/airflow/.local/lib/python3.7/site-packages/airflow/example_dags/example_skip_dag.py
[2022-05-23 18:14:51,939] {processor.py:641} INFO - Processing file /home/airflow/.local/lib/python3.7/site-packages/airflow/example_dags/example_skip_dag.py for tasks to queue
[2022-05-23 18:14:51,940] {logging_mixin.py:115} INFO - [2022-05-23 18:14:51,939] {dagbag.py:507} INFO - Filling up the DagBag from /home/airflow/.local/lib/python3.7/site-packages/airflow/example_dags/example_skip_dag.py
[2022-05-23 18:14:51,946] {processor.py:651} INFO - DAG(s) dict_keys(['example_skip_dag']) retrieved from /home/airflow/.local/lib/python3.7/site-packages/airflow/example_dags/example_skip_dag.py
[2022-05-23 18:14:52,100] {logging_mixin.py:115} INFO - [2022-05-23 18:14:52,100] {dag.py:2371} INFO - Sync 1 DAGs
[2022-05-23 18:14:52,126] {logging_mixin.py:115} INFO - [2022-05-23 18:14:52,126] {dag.py:2919} INFO - Setting next_dagrun for example_skip_dag to 2022-05-22T18:14:52.126205+00:00, run_after=2022-05-23T18:14:52.126205+00:00
[2022-05-23 18:14:52,150] {processor.py:161} INFO - Processing /home/airflow/.local/lib/python3.7/site-packages/airflow/example_dags/example_skip_dag.py took 0.215 seconds
[2022-05-23 18:15:24,046] {processor.py:153} INFO - Started process (PID=1348) to work on /home/airflow/.local/lib/python3.7/site-packages/airflow/example_dags/example_skip_dag.py
[2022-05-23 18:15:24,047] {processor.py:641} INFO - Processing file /home/airflow/.local/lib/python3.7/site-packages/airflow/example_dags/example_skip_dag.py for tasks to queue
[2022-05-23 18:15:24,047] {logging_mixin.py:115} INFO - [2022-05-23 18:15:24,047] {dagbag.py:507} INFO - Filling up the DagBag from /home/airflow/.local/lib/python3.7/site-packages/airflow/example_dags/example_skip_dag.py
[2022-05-23 18:15:24,054] {processor.py:651} INFO - DAG(s) dict_keys(['example_skip_dag']) retrieved from /home/airflow/.local/lib/python3.7/site-packages/airflow/example_dags/example_skip_dag.py
[2022-05-23 18:15:24,216] {logging_mixin.py:115} INFO - [2022-05-23 18:15:24,216] {dag.py:2371} INFO - Sync 1 DAGs
[2022-05-23 18:15:24,259] {logging_mixin.py:115} INFO - [2022-05-23 18:15:24,259] {dag.py:2919} INFO - Setting next_dagrun for example_skip_dag to 2022-05-22T18:15:24.259085+00:00, run_after=2022-05-23T18:15:24.259085+00:00
[2022-05-23 18:15:24,324] {processor.py:161} INFO - Processing /home/airflow/.local/lib/python3.7/site-packages/airflow/example_dags/example_skip_dag.py took 0.281 seconds
[2022-05-23 18:15:56,116] {processor.py:153} INFO - Started process (PID=1404) to work on /home/airflow/.local/lib/python3.7/site-packages/airflow/example_dags/example_skip_dag.py
[2022-05-23 18:15:56,132] {processor.py:641} INFO - Processing file /home/airflow/.local/lib/python3.7/site-packages/airflow/example_dags/example_skip_dag.py for tasks to queue
[2022-05-23 18:15:56,133] {logging_mixin.py:115} INFO - [2022-05-23 18:15:56,133] {dagbag.py:507} INFO - Filling up the DagBag from /home/airflow/.local/lib/python3.7/site-packages/airflow/example_dags/example_skip_dag.py
[2022-05-23 18:15:56,140] {processor.py:651} INFO - DAG(s) dict_keys(['example_skip_dag']) retrieved from /home/airflow/.local/lib/python3.7/site-packages/airflow/example_dags/example_skip_dag.py
[2022-05-23 18:15:56,294] {logging_mixin.py:115} INFO - [2022-05-23 18:15:56,294] {dag.py:2371} INFO - Sync 1 DAGs
[2022-05-23 18:15:56,322] {logging_mixin.py:115} INFO - [2022-05-23 18:15:56,322] {dag.py:2919} INFO - Setting next_dagrun for example_skip_dag to 2022-05-22T18:15:56.322485+00:00, run_after=2022-05-23T18:15:56.322485+00:00
[2022-05-23 18:15:56,348] {processor.py:161} INFO - Processing /home/airflow/.local/lib/python3.7/site-packages/airflow/example_dags/example_skip_dag.py took 0.235 seconds
[2022-05-23 18:16:29,115] {processor.py:153} INFO - Started process (PID=1459) to work on /home/airflow/.local/lib/python3.7/site-packages/airflow/example_dags/example_skip_dag.py
[2022-05-23 18:16:29,115] {processor.py:641} INFO - Processing file /home/airflow/.local/lib/python3.7/site-packages/airflow/example_dags/example_skip_dag.py for tasks to queue
[2022-05-23 18:16:29,116] {logging_mixin.py:115} INFO - [2022-05-23 18:16:29,116] {dagbag.py:507} INFO - Filling up the DagBag from /home/airflow/.local/lib/python3.7/site-packages/airflow/example_dags/example_skip_dag.py
[2022-05-23 18:16:29,123] {processor.py:651} INFO - DAG(s) dict_keys(['example_skip_dag']) retrieved from /home/airflow/.local/lib/python3.7/site-packages/airflow/example_dags/example_skip_dag.py
[2022-05-23 18:16:29,295] {logging_mixin.py:115} INFO - [2022-05-23 18:16:29,295] {dag.py:2371} INFO - Sync 1 DAGs
[2022-05-23 18:16:29,323] {logging_mixin.py:115} INFO - [2022-05-23 18:16:29,322] {dag.py:2919} INFO - Setting next_dagrun for example_skip_dag to 2022-05-22T18:16:29.322750+00:00, run_after=2022-05-23T18:16:29.322750+00:00
[2022-05-23 18:16:29,614] {processor.py:161} INFO - Processing /home/airflow/.local/lib/python3.7/site-packages/airflow/example_dags/example_skip_dag.py took 0.504 seconds
[2022-05-23 18:17:01,083] {processor.py:153} INFO - Started process (PID=1522) to work on /home/airflow/.local/lib/python3.7/site-packages/airflow/example_dags/example_skip_dag.py
[2022-05-23 18:17:01,087] {processor.py:641} INFO - Processing file /home/airflow/.local/lib/python3.7/site-packages/airflow/example_dags/example_skip_dag.py for tasks to queue
[2022-05-23 18:17:01,088] {logging_mixin.py:115} INFO - [2022-05-23 18:17:01,088] {dagbag.py:507} INFO - Filling up the DagBag from /home/airflow/.local/lib/python3.7/site-packages/airflow/example_dags/example_skip_dag.py
[2022-05-23 18:17:01,095] {processor.py:651} INFO - DAG(s) dict_keys(['example_skip_dag']) retrieved from /home/airflow/.local/lib/python3.7/site-packages/airflow/example_dags/example_skip_dag.py
[2022-05-23 18:17:01,275] {logging_mixin.py:115} INFO - [2022-05-23 18:17:01,274] {dag.py:2371} INFO - Sync 1 DAGs
[2022-05-23 18:17:01,305] {logging_mixin.py:115} INFO - [2022-05-23 18:17:01,305] {dag.py:2919} INFO - Setting next_dagrun for example_skip_dag to 2022-05-22T18:17:01.305165+00:00, run_after=2022-05-23T18:17:01.305165+00:00
[2022-05-23 18:17:01,504] {processor.py:161} INFO - Processing /home/airflow/.local/lib/python3.7/site-packages/airflow/example_dags/example_skip_dag.py took 0.424 seconds
[2022-05-23 18:17:32,529] {processor.py:153} INFO - Started process (PID=1575) to work on /home/airflow/.local/lib/python3.7/site-packages/airflow/example_dags/example_skip_dag.py
[2022-05-23 18:17:32,530] {processor.py:641} INFO - Processing file /home/airflow/.local/lib/python3.7/site-packages/airflow/example_dags/example_skip_dag.py for tasks to queue
[2022-05-23 18:17:32,530] {logging_mixin.py:115} INFO - [2022-05-23 18:17:32,530] {dagbag.py:507} INFO - Filling up the DagBag from /home/airflow/.local/lib/python3.7/site-packages/airflow/example_dags/example_skip_dag.py
[2022-05-23 18:17:32,536] {processor.py:651} INFO - DAG(s) dict_keys(['example_skip_dag']) retrieved from /home/airflow/.local/lib/python3.7/site-packages/airflow/example_dags/example_skip_dag.py
[2022-05-23 18:17:32,757] {logging_mixin.py:115} INFO - [2022-05-23 18:17:32,757] {dag.py:2371} INFO - Sync 1 DAGs
[2022-05-23 18:17:32,796] {logging_mixin.py:115} INFO - [2022-05-23 18:17:32,796] {dag.py:2919} INFO - Setting next_dagrun for example_skip_dag to 2022-05-22T18:17:32.795797+00:00, run_after=2022-05-23T18:17:32.795797+00:00
[2022-05-23 18:17:33,722] {processor.py:161} INFO - Processing /home/airflow/.local/lib/python3.7/site-packages/airflow/example_dags/example_skip_dag.py took 1.196 seconds
[2022-05-23 18:18:03,950] {processor.py:153} INFO - Started process (PID=1638) to work on /home/airflow/.local/lib/python3.7/site-packages/airflow/example_dags/example_skip_dag.py
[2022-05-23 18:18:03,951] {processor.py:641} INFO - Processing file /home/airflow/.local/lib/python3.7/site-packages/airflow/example_dags/example_skip_dag.py for tasks to queue
[2022-05-23 18:18:03,952] {logging_mixin.py:115} INFO - [2022-05-23 18:18:03,952] {dagbag.py:507} INFO - Filling up the DagBag from /home/airflow/.local/lib/python3.7/site-packages/airflow/example_dags/example_skip_dag.py
[2022-05-23 18:18:03,958] {processor.py:651} INFO - DAG(s) dict_keys(['example_skip_dag']) retrieved from /home/airflow/.local/lib/python3.7/site-packages/airflow/example_dags/example_skip_dag.py
[2022-05-23 18:18:04,172] {logging_mixin.py:115} INFO - [2022-05-23 18:18:04,172] {dag.py:2371} INFO - Sync 1 DAGs
[2022-05-23 18:18:04,209] {logging_mixin.py:115} INFO - [2022-05-23 18:18:04,209] {dag.py:2919} INFO - Setting next_dagrun for example_skip_dag to 2022-05-22T18:18:04.208937+00:00, run_after=2022-05-23T18:18:04.208937+00:00
[2022-05-23 18:18:04,236] {processor.py:161} INFO - Processing /home/airflow/.local/lib/python3.7/site-packages/airflow/example_dags/example_skip_dag.py took 0.289 seconds
[2022-05-23 18:21:03,456] {processor.py:153} INFO - Started process (PID=81) to work on /home/airflow/.local/lib/python3.7/site-packages/airflow/example_dags/example_skip_dag.py
[2022-05-23 18:21:03,457] {processor.py:641} INFO - Processing file /home/airflow/.local/lib/python3.7/site-packages/airflow/example_dags/example_skip_dag.py for tasks to queue
[2022-05-23 18:21:03,458] {logging_mixin.py:115} INFO - [2022-05-23 18:21:03,458] {dagbag.py:507} INFO - Filling up the DagBag from /home/airflow/.local/lib/python3.7/site-packages/airflow/example_dags/example_skip_dag.py
[2022-05-23 18:21:03,472] {processor.py:651} INFO - DAG(s) dict_keys(['example_skip_dag']) retrieved from /home/airflow/.local/lib/python3.7/site-packages/airflow/example_dags/example_skip_dag.py
[2022-05-23 18:21:03,571] {logging_mixin.py:115} INFO - [2022-05-23 18:21:03,570] {dag.py:2371} INFO - Sync 1 DAGs
[2022-05-23 18:21:03,834] {logging_mixin.py:115} INFO - [2022-05-23 18:21:03,834] {dag.py:2919} INFO - Setting next_dagrun for example_skip_dag to 2022-05-22T18:21:03.834464+00:00, run_after=2022-05-23T18:21:03.834464+00:00
[2022-05-23 18:21:03,894] {processor.py:161} INFO - Processing /home/airflow/.local/lib/python3.7/site-packages/airflow/example_dags/example_skip_dag.py took 0.449 seconds
[2022-05-23 18:21:35,142] {processor.py:153} INFO - Started process (PID=135) to work on /home/airflow/.local/lib/python3.7/site-packages/airflow/example_dags/example_skip_dag.py
[2022-05-23 18:21:35,143] {processor.py:641} INFO - Processing file /home/airflow/.local/lib/python3.7/site-packages/airflow/example_dags/example_skip_dag.py for tasks to queue
[2022-05-23 18:21:35,143] {logging_mixin.py:115} INFO - [2022-05-23 18:21:35,143] {dagbag.py:507} INFO - Filling up the DagBag from /home/airflow/.local/lib/python3.7/site-packages/airflow/example_dags/example_skip_dag.py
[2022-05-23 18:21:35,150] {processor.py:651} INFO - DAG(s) dict_keys(['example_skip_dag']) retrieved from /home/airflow/.local/lib/python3.7/site-packages/airflow/example_dags/example_skip_dag.py
[2022-05-23 18:21:35,188] {logging_mixin.py:115} INFO - [2022-05-23 18:21:35,188] {dag.py:2371} INFO - Sync 1 DAGs
[2022-05-23 18:21:35,329] {logging_mixin.py:115} INFO - [2022-05-23 18:21:35,328] {dag.py:2919} INFO - Setting next_dagrun for example_skip_dag to 2022-05-22T18:21:35.328756+00:00, run_after=2022-05-23T18:21:35.328756+00:00
[2022-05-23 18:21:35,362] {processor.py:161} INFO - Processing /home/airflow/.local/lib/python3.7/site-packages/airflow/example_dags/example_skip_dag.py took 0.224 seconds
[2022-05-23 18:22:05,931] {processor.py:153} INFO - Started process (PID=193) to work on /home/airflow/.local/lib/python3.7/site-packages/airflow/example_dags/example_skip_dag.py
[2022-05-23 18:22:05,931] {processor.py:641} INFO - Processing file /home/airflow/.local/lib/python3.7/site-packages/airflow/example_dags/example_skip_dag.py for tasks to queue
[2022-05-23 18:22:05,932] {logging_mixin.py:115} INFO - [2022-05-23 18:22:05,932] {dagbag.py:507} INFO - Filling up the DagBag from /home/airflow/.local/lib/python3.7/site-packages/airflow/example_dags/example_skip_dag.py
[2022-05-23 18:22:05,938] {processor.py:651} INFO - DAG(s) dict_keys(['example_skip_dag']) retrieved from /home/airflow/.local/lib/python3.7/site-packages/airflow/example_dags/example_skip_dag.py
[2022-05-23 18:22:05,974] {logging_mixin.py:115} INFO - [2022-05-23 18:22:05,974] {dag.py:2371} INFO - Sync 1 DAGs
[2022-05-23 18:22:06,122] {logging_mixin.py:115} INFO - [2022-05-23 18:22:06,122] {dag.py:2919} INFO - Setting next_dagrun for example_skip_dag to 2022-05-22T18:22:06.122137+00:00, run_after=2022-05-23T18:22:06.122137+00:00
[2022-05-23 18:22:06,163] {processor.py:161} INFO - Processing /home/airflow/.local/lib/python3.7/site-packages/airflow/example_dags/example_skip_dag.py took 0.236 seconds
[2022-05-23 18:22:37,465] {processor.py:153} INFO - Started process (PID=247) to work on /home/airflow/.local/lib/python3.7/site-packages/airflow/example_dags/example_skip_dag.py
[2022-05-23 18:22:37,465] {processor.py:641} INFO - Processing file /home/airflow/.local/lib/python3.7/site-packages/airflow/example_dags/example_skip_dag.py for tasks to queue
[2022-05-23 18:22:37,466] {logging_mixin.py:115} INFO - [2022-05-23 18:22:37,466] {dagbag.py:507} INFO - Filling up the DagBag from /home/airflow/.local/lib/python3.7/site-packages/airflow/example_dags/example_skip_dag.py
[2022-05-23 18:22:37,472] {processor.py:651} INFO - DAG(s) dict_keys(['example_skip_dag']) retrieved from /home/airflow/.local/lib/python3.7/site-packages/airflow/example_dags/example_skip_dag.py
[2022-05-23 18:22:37,507] {logging_mixin.py:115} INFO - [2022-05-23 18:22:37,507] {dag.py:2371} INFO - Sync 1 DAGs
[2022-05-23 18:22:37,682] {logging_mixin.py:115} INFO - [2022-05-23 18:22:37,682] {dag.py:2919} INFO - Setting next_dagrun for example_skip_dag to 2022-05-22T18:22:37.682000+00:00, run_after=2022-05-23T18:22:37.682000+00:00
[2022-05-23 18:22:37,713] {processor.py:161} INFO - Processing /home/airflow/.local/lib/python3.7/site-packages/airflow/example_dags/example_skip_dag.py took 0.252 seconds
